----------------------------------------
Begin Torque Prologue on nid25255
at Sun Nov 19 22:13:19 CST 2017
Job Id:			7846658.bw
Username:		barletta
Group:			PRAC_gk4
Job name:		eol_pdt_cph_
Requested resources:	neednodes=10:ppn=1:xk,nodes=10:ppn=1:xk,walltime=19:00:00
Queue:			normal
Account:		gk4
End Torque Prologue:  0.096 elapsed
----------------------------------------





 Running multipmemd version of pmemd Amber16
    Total processors =    10
    Number of groups =    10

Note: The following floating-point exceptions are signalling: IEEE_DIVIDE_BY_ZERO IEEE_UNDERFLOW_FLAG IEEE_DENORMAL
Note: The following floating-point exceptions are signalling: IEEE_DIVIDE_BY_ZERO IEEE_UNDERFLOW_FLAG IEEE_DENORMAL
Note: The following floating-point exceptions are signalling: IEEE_DIVIDE_BY_ZERO IEEE_UNDERFLOW_FLAG IEEE_DENORMAL
Note: The following floating-point exceptions are signalling: IEEE_DIVIDE_BY_ZERO IEEE_UNDERFLOW_FLAG IEEE_DENORMAL
Note: The following floating-point exceptions are signalling: IEEE_DIVIDE_BY_ZERO IEEE_UNDERFLOW_FLAG IEEE_DENORMAL
Note: The following floating-point exceptions are signalling: IEEE_DIVIDE_BY_ZERO IEEE_UNDERFLOW_FLAG IEEE_DENORMAL
Note: The following floating-point exceptions are signalling: IEEE_DIVIDE_BY_ZERO IEEE_UNDERFLOW_FLAG IEEE_DENORMAL
Note: The following floating-point exceptions are signalling: IEEE_DIVIDE_BY_ZERO IEEE_UNDERFLOW_FLAG IEEE_DENORMAL
Note: The following floating-point exceptions are signalling: IEEE_DIVIDE_BY_ZERO IEEE_UNDERFLOW_FLAG IEEE_DENORMAL
Note: The following floating-point exceptions are signalling: IEEE_DIVIDE_BY_ZERO IEEE_UNDERFLOW_FLAG IEEE_DENORMAL
Application 63421545 network quiesced: 5 nodes quiesced, 00:04:57 node-seconds
Application 63421545 resources: utime ~583402s, stime ~51937s, Rss ~339300, inblocks ~241485860, outblocks ~259232477
