----------------------------------------
Begin Torque Prologue on nid27641
at Sun Nov 26 15:09:04 CST 2017
Job Id:			7870262.bw
Username:		barletta
Group:			PRAC_gk4
Job name:		ctv_pdt_cph_
Requested resources:	neednodes=10:ppn=1:xk,nodes=10:ppn=1:xk,walltime=19:00:00
Queue:			normal
Account:		gk4
End Torque Prologue:  0.094 elapsed
----------------------------------------





 Running multipmemd version of pmemd Amber16
    Total processors =    10
    Number of groups =    10


Program received signal SIGSEGV: Segmentation fault - invalid memory reference.

Backtrace for this error:

Program received signal SIGSEGV: Segmentation fault - invalid memory reference.

Backtrace for this error:
#0  0x2AAAB781FB27
#1  0x2AAAB782013E
#2  0x2AAAB822690F
#0  0x2AAAB781FB27
#1  0x2AAAB782013E
#3  0x5A99E1 in _gpuContext::~_gpuContext()
#4  0x582D25 in gpu_shutdown_
#2  0x2AAAB822690F
#5  0x4FB157 in MAIN__ at pmemd.F90:?
#3  0x5A99E1 in _gpuContext::~_gpuContext()
#4  0x582D25 in gpu_shutdown_
#5  0x4FB157 in MAIN__ at pmemd.F90:?

Program received signal SIGSEGV: Segmentation fault - invalid memory reference.

Backtrace for this error:

Program received signal SIGSEGV: Segmentation fault - invalid memory reference.

Backtrace for this error:
#0  0x2AAAB781FB27
#1  0x2AAAB782013E
#2  0x2AAAB822690F
#3  0x5A99E1 in _gpuContext::~_gpuContext()
#4  0x582D25 in gpu_shutdown_
#5  0x4FB157 in MAIN__ at pmemd.F90:?

Program received signal SIGSEGV: Segmentation fault - invalid memory reference.

Backtrace for this error:
#0  0x2AAAB781FB27
#1  0x2AAAB782013E
#2  0x2AAAB822690F
#3  0x5A99E1 in _gpuContext::~_gpuContext()
#4  0x582D25 in gpu_shutdown_
#5  0x4FB157 in MAIN__ at pmemd.F90:?
#0  0x2AAAB781FB27
#1  0x2AAAB782013E
#2  0x2AAAB822690F
#3  0x5A99E1 in _gpuContext::~_gpuContext()
#4  0x582D25 in gpu_shutdown_
#5  0x4FB157 in MAIN__ at pmemd.F90:?
_pmiu_daemon(SIGCHLD): [NID 18352] [c17-0c1s7n2] [Mon Nov 27 06:42:51 2017] PE RANK 8 exit signal Segmentation fault
_pmiu_daemon(SIGCHLD): [NID 20656] [c13-0c1s7n2] [Mon Nov 27 06:42:52 2017] PE RANK 4 exit signal Segmentation fault
_pmiu_daemon(SIGCHLD): [NID 20814] [c11-0c1s7n2] [Mon Nov 27 06:42:52 2017] PE RANK 2 exit signal Segmentation fault
_pmiu_daemon(SIGCHLD): [NID 18510] [c15-0c1s7n2] [Mon Nov 27 06:42:52 2017] PE RANK 6 exit signal Segmentation fault
[NID 18352] 2017-11-27 06:42:52 Apid 63507426: initiated application termination
Application 63507426 network throttled: 10 nodes throttled, 00:20:52 node-seconds
Application 63507426 balanced injection 100, after throttle 63
Application 63507426 exit codes: 139
Application 63507426 exit signals: Killed
Application 63507426 resources: utime ~206427s, stime ~17467s, Rss ~337004, inblocks ~96492259, outblocks ~103431173
