
          -------------------------------------------------------
          Amber 16 PMEMD                              2016
          -------------------------------------------------------

| PMEMD implementation of SANDER, Release 16

| Run on 11/17/2017 at 08:17:05

|   Executable path: /apps/amber16/bin/pmemd.cuda
| Working directory: /home/pbarletta
|          Hostname: mordor

  [-O]verwriting output

File Assignments:
|   MDIN: /scratch/pbarletta/cph_obp/run/ctv/mhe/e/11equ.in                     
|  MDOUT: /scratch/pbarletta/cph_obp/run/ctv/mhe/e/11equ.out                    
| INPCRD: /scratch/pbarletta/cph_obp/run/ctv/mhe/e/10ectv.rst7                  
|   PARM: /scratch/pbarletta/cph_obp/top_files/ctv.prmtop                       
| RESTRT: /scratch/pbarletta/cph_obp/run/ctv/mhe/e/11ectv.rst7                  
|   REFC: /scratch/pbarletta/cph_obp/run/ctv/mhe/e/10ectv.rst7                  
|  MDVEL: mdvel                                                                 
|   MDEN: mden                                                                  
|  MDCRD: /scratch/pbarletta/cph_obp/run/ctv/mhe/e/11ectv.nc                    
| MDINFO: mdinfo                                                                
|  MDFRC: mdfrc                                                                 


 Here is the input file:

Equilibration with solute restrictions                                         
&cntrl                                                                         
imin = 0,                           ! No Minimization                          
nmropt = 0,                         ! No NMR restraints read                   
                                                                               
! Nature and format of the input                                               
ntx = 5,                            ! Coordinates but no velocities will be rea
irest = 1,                          ! Do not run a new simulation              
                                                                               
! Nature and format of the output                                              
ntxo = 1,                           ! rstrt file in ASCII format               
ntpr = 500,                         ! inf in output every ntpr steps           
ntwr = 500,                         ! rstrt file every ntwr steps              
ntwx = 500,                         ! mdcrd file every ntwx steps              
ntwv = 0,                           ! mdvel without velocities                 
ntwe = 0,                           ! Energies and temperatures not written in 
idecomp = 0,                        ! No energy decomposition                  
iwrap = 1,                          ! Coordinates of the restart and mdcrd file
                                                                               
! Frozen or restrained atoms                                                   
ibelly = 0,                         ! No frozen atoms                          
ntr=1,                              ! Harmonic potential restraints            
restraint_wt = 6.0,                ! The weight for the positional restraints  
restraintmask = ':1-120@N,CA,C,O',  ! restrained residues                      
                                                                               
! Molecular dynamics                                                           
nstlim = 50000,                     ! Number of MD-steps                       
dt = 0.002,                         ! Time step                                
                                                                               
! Temperature regulation                                                       
ntt = 3,                            ! Langevin thermostat                      
gamma_ln = 5,                       ! Gamma constant for Langevin              
temp0 = 300.0,                      ! Reference T at which the system is to be 
tempi = 300.0,                      ! Initial T                                
ig = -1,                            ! Seed for the RNG                         
                                                                               
! P and V regulation                                                           
ntp = 0,                            ! No pressure control                      
ntb = 1,                            ! Periodic box for constant V              
                                                                               
! SHAKE variables                                                              
ntc = 2,                            ! Bonds involving H are constrained        
ntf = 2,                            ! Bond interaction involving H are ommited.
                                                                               
cut = 10.0,                         ! Nonbonded cutoff                         
                                                                               
/                                                                              
&end                                                                           


Note: ig = -1. Setting random seed to   814083 based on wallclock time in 
      microseconds.
| irandom = 1, using AMBER's internal random number generator (default).
 
|--------------------- INFORMATION ----------------------
| GPU (CUDA) Version of PMEMD in use: NVIDIA GPU IN USE.
|                    Version 16.0.0
| 
|                      02/25/2016
| 
| Implementation by:
|                    Ross C. Walker     (SDSC)
|                    Scott Le Grand     (nVIDIA)
| 
| Precision model in use:
|      [SPFP] - Single Precision Forces, 64-bit Fixed Point
|               Accumulation. (Default)
| 
|--------------------------------------------------------
 
|----------------- CITATION INFORMATION -----------------
|
|    When publishing work that utilized the CUDA version
|    of AMBER, please cite the following in addition to
|    the regular AMBER citations:
|
|  - Romelia Salomon-Ferrer; Andreas W. Goetz; Duncan
|    Poole; Scott Le Grand; Ross C. Walker "Routine
|    microsecond molecular dynamics simulations with
|    AMBER - Part II: Particle Mesh Ewald", J. Chem.
|    Theory Comput., 2013, 9 (9), pp3878-3888,
|    DOI: 10.1021/ct400314y.
|
|  - Andreas W. Goetz; Mark J. Williamson; Dong Xu;
|    Duncan Poole; Scott Le Grand; Ross C. Walker
|    "Routine microsecond molecular dynamics simulations
|    with AMBER - Part I: Generalized Born", J. Chem.
|    Theory Comput., 2012, 8 (5), pp1542-1555.
|
|  - Scott Le Grand; Andreas W. Goetz; Ross C. Walker
|    "SPFP: Speed without compromise - a mixed precision
|    model for GPU accelerated molecular dynamics
|    simulations.", Comp. Phys. Comm., 2013, 184
|    pp374-380, DOI: 10.1016/j.cpc.2012.09.022
|
|--------------------------------------------------------
 
|------------------- GPU DEVICE INFO --------------------
|
|            CUDA_VISIBLE_DEVICES: 1
|   CUDA Capable Devices Detected:      1
|           CUDA Device ID in use:      0
|                CUDA Device Name: GeForce GTX 1080 Ti
|     CUDA Device Global Mem Size:  11172 MB
| CUDA Device Num Multiprocessors:     28
|           CUDA Device Core Freq:   1.58 GHz
|
|--------------------------------------------------------
 
 
| Conditional Compilation Defines Used:
| PUBFFT
| BINTRAJ
| CUDA
| EMIL

| Largest sphere to fit in unit cell has radius =    24.861

| New format PARM file being parsed.
| Version =    1.000 Date = 11/14/17 Time = 21:26:59

| Note: 1-4 EEL scale factors are being read from the topology file.

| Note: 1-4 VDW scale factors are being read from the topology file.
| Duplicated    0 dihedrals

| Duplicated    0 dihedrals

--------------------------------------------------------------------------------
   1.  RESOURCE   USE: 
--------------------------------------------------------------------------------

 getting new box info from bottom of inpcrd
 NATOM  =   14918 NTYPES =      18 NBONH =   13963 MBONA  =     961
 NTHETH =    2368 MTHETA =    1289 NPHIH =    4522 MPHIA  =    3259
 NHPARM =       0 NPARM  =       0 NNB   =   28275 NRES   =    4423
 NBONA  =     961 NTHETA =    1289 NPHIA =    3259 NUMBND =      48
 NUMANG =     101 NPTRA  =      41 NATYP =      33 NPHB   =       1
 IFBOX  =       2 NMXRS  =      26 IFCAP =       0 NEXTRA =       0
 NCOPY  =       0

| Coordinate Index Table dimensions:     9    9    9
| Direct force subcell size =     6.7664    6.7664    6.7664

     BOX TYPE: TRUNCATED OCTAHEDRON

--------------------------------------------------------------------------------
   2.  CONTROL  DATA  FOR  THE  RUN
--------------------------------------------------------------------------------

default_name                                                                    

General flags:
     imin    =       0, nmropt  =       0

Nature and format of input:
     ntx     =       5, irest   =       1, ntrx    =       1

Nature and format of output:
     ntxo    =       1, ntpr    =     500, ntrx    =       1, ntwr    =     500
     iwrap   =       1, ntwx    =     500, ntwv    =       0, ntwe    =       0
     ioutfm  =       1, ntwprt  =       0, idecomp =       0, rbornstat=      0

Potential function:
     ntf     =       2, ntb     =       1, igb     =       0, nsnb    =      25
     ipol    =       0, gbsa    =       0, iesp    =       0
     dielc   =   1.00000, cut     =  10.00000, intdiel =   1.00000

Frozen or restrained atoms:
     ibelly  =       0, ntr     =       1
     restraint_wt =   6.00000

Molecular dynamics:
     nstlim  =     50000, nscm    =         0, nrespa  =         1
     t       =   0.00000, dt      =   0.00200, vlimit  =  -1.00000

Langevin dynamics temperature regulation:
     ig      =  814083
     temp0   = 300.00000, tempi   = 300.00000, gamma_ln=   5.00000

SHAKE:
     ntc     =       2, jfastw  =       0
     tol     =   0.00001

| Intermolecular bonds treatment:
|     no_intermolecular_bonds =       1

| Energy averages sample interval:
|     ene_avg_sampling =     500

Ewald parameters:
     verbose =       0, ew_type =       0, nbflag  =       1, use_pme =       1
     vdwmeth =       1, eedmeth =       1, netfrc  =       1
     Box X =   60.897   Box Y =   60.897   Box Z =   60.897
     Alpha =  109.471   Beta  =  109.471   Gamma =  109.471
     NFFT1 =   64       NFFT2 =   64       NFFT3 =   64
     Cutoff=   10.000   Tol   =0.100E-04
     Ewald Coefficient =  0.27511
     Interpolation order =    4

    LOADING THE CONSTRAINED ATOMS AS GROUPS


   5.  REFERENCE ATOM COORDINATES

  default_name                                                                    
     Mask :1-120@N,CA,C,O; matches   476 atoms

--------------------------------------------------------------------------------
   3.  ATOMIC COORDINATES AND VELOCITIES
--------------------------------------------------------------------------------

default_name                                                                    
 begin time read from input coords =  1140.000 ps

 
 Number of triangulated 3-point waters found:     4302

     Sum of charges from parm topology file =   0.00000094
     Forcing neutrality...

| Dynamic Memory, Types Used:
| Reals              578204
| Integers           551472

| Nonbonded Pairs Initial Allocation:     4512322

| GPU memory information (estimate):
| KB of GPU memory in use:    141360
| KB of CPU memory in use:     29328

--------------------------------------------------------------------------------
   4.  RESULTS
--------------------------------------------------------------------------------

 ---------------------------------------------------
 APPROXIMATING switch and d/dx switch using CUBIC SPLINE INTERPOLATION
 using   5000.0 points per unit in tabled values
 TESTING RELATIVE ERROR over r ranging from 0.0 to cutoff
| CHECK switch(x): max rel err =   0.2738E-14   at   2.422500
| CHECK d/dx switch(x): max rel err =   0.8314E-11   at   2.736960
 ---------------------------------------------------
|---------------------------------------------------
| APPROXIMATING direct energy using CUBIC SPLINE INTERPOLATION
|  with   50.0 points per unit in tabled values
| Relative Error Limit not exceeded for r .gt.   2.33
| APPROXIMATING direct force using CUBIC SPLINE INTERPOLATION
|  with   50.0 points per unit in tabled values
| Relative Error Limit not exceeded for r .gt.   2.80
|---------------------------------------------------
wrapping first mol.:       20.29907       28.70721       49.72235
wrapping first mol.:       20.29907       28.70721       49.72235

 NSTEP =      500   TIME(PS) =    1141.000  TEMP(K) =   302.98  PRESS =     0.0
 Etot   =    -34266.0828  EKtot   =      9269.4121  EPtot      =    -43535.4949
 BOND   =       336.7123  ANGLE   =      1048.9453  DIHED      =      1391.6172
 1-4 NB =       458.1362  1-4 EEL =      6306.9061  VDWAALS    =      4742.7817
 EELEC  =    -57910.1870  EHBOND  =         0.0000  RESTRAINT  =        89.5933
 EAMBER (non-restraint)  =    -43625.0882
 ------------------------------------------------------------------------------

wrapping first mol.:       20.29907       28.70721       49.72235
wrapping first mol.:       20.29907       28.70721       49.72235

 NSTEP =     1000   TIME(PS) =    1142.000  TEMP(K) =   302.32  PRESS =     0.0
 Etot   =    -34233.8792  EKtot   =      9249.0176  EPtot      =    -43482.8968
 BOND   =       334.6327  ANGLE   =      1089.7519  DIHED      =      1383.5951
 1-4 NB =       457.7807  1-4 EEL =      6271.5566  VDWAALS    =      4856.7343
 EELEC  =    -57974.4485  EHBOND  =         0.0000  RESTRAINT  =        97.5006
 EAMBER (non-restraint)  =    -43580.3974
 ------------------------------------------------------------------------------

wrapping first mol.:       20.29907       28.70721       49.72235
wrapping first mol.:       20.29907       28.70721       49.72235

 NSTEP =     1500   TIME(PS) =    1143.000  TEMP(K) =   300.13  PRESS =     0.0
 Etot   =    -34397.3436  EKtot   =      9182.2051  EPtot      =    -43579.5487
 BOND   =       331.6771  ANGLE   =      1098.2108  DIHED      =      1379.1116
 1-4 NB =       463.9304  1-4 EEL =      6328.5989  VDWAALS    =      4741.7295
 EELEC  =    -58014.6824  EHBOND  =         0.0000  RESTRAINT  =        91.8754
 EAMBER (non-restraint)  =    -43671.4241
 ------------------------------------------------------------------------------

wrapping first mol.:       20.29907       28.70721       49.72235
wrapping first mol.:       20.29907       28.70721       49.72235

 NSTEP =     2000   TIME(PS) =    1144.000  TEMP(K) =   300.31  PRESS =     0.0
 Etot   =    -34435.3354  EKtot   =      9187.4854  EPtot      =    -43622.8208
 BOND   =       338.7778  ANGLE   =      1072.4576  DIHED      =      1377.8956
 1-4 NB =       447.1381  1-4 EEL =      6330.3039  VDWAALS    =      4653.4090
 EELEC  =    -57936.0771  EHBOND  =         0.0000  RESTRAINT  =        93.2742
 EAMBER (non-restraint)  =    -43716.0949
 ------------------------------------------------------------------------------

wrapping first mol.:       20.29907       28.70721       49.72235
wrapping first mol.:       20.29907       28.70721       49.72235

 NSTEP =     2500   TIME(PS) =    1145.000  TEMP(K) =   301.44  PRESS =     0.0
 Etot   =    -34479.4029  EKtot   =      9222.3311  EPtot      =    -43701.7340
 BOND   =       341.6371  ANGLE   =      1065.5814  DIHED      =      1353.1203
 1-4 NB =       458.4548  1-4 EEL =      6263.8880  VDWAALS    =      4890.2986
 EELEC  =    -58182.6147  EHBOND  =         0.0000  RESTRAINT  =       107.9004
 EAMBER (non-restraint)  =    -43809.6344
 ------------------------------------------------------------------------------

wrapping first mol.:       20.29907       28.70721       49.72235
wrapping first mol.:       20.29907       28.70721       49.72235

 NSTEP =     3000   TIME(PS) =    1146.000  TEMP(K) =   297.37  PRESS =     0.0
 Etot   =    -34508.2342  EKtot   =      9097.6885  EPtot      =    -43605.9227
 BOND   =       354.7898  ANGLE   =      1049.0533  DIHED      =      1370.1945
 1-4 NB =       448.7662  1-4 EEL =      6291.2553  VDWAALS    =      4922.5090
 EELEC  =    -58144.7710  EHBOND  =         0.0000  RESTRAINT  =       102.2803
 EAMBER (non-restraint)  =    -43708.2030
 ------------------------------------------------------------------------------

wrapping first mol.:       20.29907       28.70721       49.72235
wrapping first mol.:       20.29907       28.70721       49.72235

 NSTEP =     3500   TIME(PS) =    1147.000  TEMP(K) =   299.46  PRESS =     0.0
 Etot   =    -34146.4561  EKtot   =      9161.5342  EPtot      =    -43307.9903
 BOND   =       343.7089  ANGLE   =      1088.4392  DIHED      =      1359.8187
 1-4 NB =       455.7464  1-4 EEL =      6270.9095  VDWAALS    =      4664.8857
 EELEC  =    -57591.9802  EHBOND  =         0.0000  RESTRAINT  =       100.4815
 EAMBER (non-restraint)  =    -43408.4718
 ------------------------------------------------------------------------------

wrapping first mol.:       20.29907       28.70721       49.72235
wrapping first mol.:       20.29907       28.70721       49.72235

 NSTEP =     4000   TIME(PS) =    1148.000  TEMP(K) =   300.73  PRESS =     0.0
 Etot   =    -34580.2693  EKtot   =      9200.4150  EPtot      =    -43780.6844
 BOND   =       350.3860  ANGLE   =      1082.6119  DIHED      =      1366.7141
 1-4 NB =       446.3407  1-4 EEL =      6296.6879  VDWAALS    =      4896.9040
 EELEC  =    -58313.1702  EHBOND  =         0.0000  RESTRAINT  =        92.8412
 EAMBER (non-restraint)  =    -43873.5256
 ------------------------------------------------------------------------------

wrapping first mol.:       20.29907       28.70721       49.72235
wrapping first mol.:       20.29907       28.70721       49.72235

 NSTEP =     4500   TIME(PS) =    1149.000  TEMP(K) =   299.63  PRESS =     0.0
 Etot   =    -34438.6192  EKtot   =      9166.8262  EPtot      =    -43605.4454
 BOND   =       366.2400  ANGLE   =      1086.6559  DIHED      =      1384.2388
 1-4 NB =       455.7857  1-4 EEL =      6291.0562  VDWAALS    =      4706.3018
 EELEC  =    -57989.2219  EHBOND  =         0.0000  RESTRAINT  =        93.4981
 EAMBER (non-restraint)  =    -43698.9435
 ------------------------------------------------------------------------------

wrapping first mol.:       20.29907       28.70721       49.72235
wrapping first mol.:       20.29907       28.70721       49.72235

 NSTEP =     5000   TIME(PS) =    1150.000  TEMP(K) =   304.40  PRESS =     0.0
 Etot   =    -34162.3413  EKtot   =      9312.8711  EPtot      =    -43475.2124
 BOND   =       372.0468  ANGLE   =      1034.9243  DIHED      =      1362.7899
 1-4 NB =       450.0236  1-4 EEL =      6307.3995  VDWAALS    =      4712.6425
 EELEC  =    -57807.7957  EHBOND  =         0.0000  RESTRAINT  =        92.7566
 EAMBER (non-restraint)  =    -43567.9690
 ------------------------------------------------------------------------------

wrapping first mol.:       20.29907       28.70721       49.72235
wrapping first mol.:       20.29907       28.70721       49.72235

 NSTEP =     5500   TIME(PS) =    1151.000  TEMP(K) =   300.49  PRESS =     0.0
 Etot   =    -34381.2852  EKtot   =      9192.9814  EPtot      =    -43574.2666
 BOND   =       352.4570  ANGLE   =      1064.8825  DIHED      =      1370.3315
 1-4 NB =       454.0398  1-4 EEL =      6289.1347  VDWAALS    =      4844.3047
 EELEC  =    -58050.4053  EHBOND  =         0.0000  RESTRAINT  =       100.9885
 EAMBER (non-restraint)  =    -43675.2551
 ------------------------------------------------------------------------------

wrapping first mol.:       20.29907       28.70721       49.72235
wrapping first mol.:       20.29907       28.70721       49.72235

 NSTEP =     6000   TIME(PS) =    1152.000  TEMP(K) =   301.61  PRESS =     0.0
 Etot   =    -34314.2748  EKtot   =      9227.4580  EPtot      =    -43541.7328
 BOND   =       333.5695  ANGLE   =      1052.2422  DIHED      =      1376.1357
 1-4 NB =       444.6981  1-4 EEL =      6325.7162  VDWAALS    =      4715.2673
 EELEC  =    -57883.8962  EHBOND  =         0.0000  RESTRAINT  =        94.5344
 EAMBER (non-restraint)  =    -43636.2671
 ------------------------------------------------------------------------------

wrapping first mol.:       20.29907       28.70721       49.72235
wrapping first mol.:       20.29907       28.70721       49.72235

 NSTEP =     6500   TIME(PS) =    1153.000  TEMP(K) =   299.79  PRESS =     0.0
 Etot   =    -34571.2647  EKtot   =      9171.7217  EPtot      =    -43742.9864
 BOND   =       354.2222  ANGLE   =      1109.3513  DIHED      =      1368.0805
 1-4 NB =       453.3707  1-4 EEL =      6331.4342  VDWAALS    =      4730.2940
 EELEC  =    -58183.6907  EHBOND  =         0.0000  RESTRAINT  =        93.9514
 EAMBER (non-restraint)  =    -43836.9378
 ------------------------------------------------------------------------------

wrapping first mol.:       20.29907       28.70721       49.72235
wrapping first mol.:       20.29907       28.70721       49.72235

 NSTEP =     7000   TIME(PS) =    1154.000  TEMP(K) =   300.40  PRESS =     0.0
 Etot   =    -34411.1361  EKtot   =      9190.3809  EPtot      =    -43601.5170
 BOND   =       371.0895  ANGLE   =      1071.0611  DIHED      =      1380.9145
 1-4 NB =       459.8927  1-4 EEL =      6266.5737  VDWAALS    =      4806.9466
 EELEC  =    -58052.6298  EHBOND  =         0.0000  RESTRAINT  =        94.6348
 EAMBER (non-restraint)  =    -43696.1518
 ------------------------------------------------------------------------------

wrapping first mol.:       20.29907       28.70721       49.72235
wrapping first mol.:       20.29907       28.70721       49.72235

 NSTEP =     7500   TIME(PS) =    1155.000  TEMP(K) =   298.50  PRESS =     0.0
 Etot   =    -34482.4443  EKtot   =      9132.2051  EPtot      =    -43614.6494
 BOND   =       327.7607  ANGLE   =      1040.5611  DIHED      =      1364.2307
 1-4 NB =       454.1945  1-4 EEL =      6340.5141  VDWAALS    =      4602.0502
 EELEC  =    -57833.1648  EHBOND  =         0.0000  RESTRAINT  =        89.2040
 EAMBER (non-restraint)  =    -43703.8534
 ------------------------------------------------------------------------------

wrapping first mol.:       20.29907       28.70721       49.72235
wrapping first mol.:       20.29907       28.70721       49.72235

 NSTEP =     8000   TIME(PS) =    1156.000  TEMP(K) =   300.36  PRESS =     0.0
 Etot   =    -34509.4391  EKtot   =      9189.0459  EPtot      =    -43698.4850
 BOND   =       330.1802  ANGLE   =      1067.0290  DIHED      =      1382.5082
 1-4 NB =       439.1890  1-4 EEL =      6303.1422  VDWAALS    =      4910.4320
 EELEC  =    -58223.6193  EHBOND  =         0.0000  RESTRAINT  =        92.6537
 EAMBER (non-restraint)  =    -43791.1387
 ------------------------------------------------------------------------------

wrapping first mol.:       20.29907       28.70721       49.72235
wrapping first mol.:       20.29907       28.70721       49.72235

 NSTEP =     8500   TIME(PS) =    1157.000  TEMP(K) =   302.74  PRESS =     0.0
 Etot   =    -34426.8671  EKtot   =      9261.9297  EPtot      =    -43688.7968
 BOND   =       366.9519  ANGLE   =      1052.8696  DIHED      =      1370.3718
 1-4 NB =       424.5242  1-4 EEL =      6296.0846  VDWAALS    =      4910.7649
 EELEC  =    -58206.1444  EHBOND  =         0.0000  RESTRAINT  =        95.7807
 EAMBER (non-restraint)  =    -43784.5775
 ------------------------------------------------------------------------------

wrapping first mol.:       20.29907       28.70721       49.72235
wrapping first mol.:       20.29907       28.70721       49.72235

 NSTEP =     9000   TIME(PS) =    1158.000  TEMP(K) =   298.10  PRESS =     0.0
 Etot   =    -34403.2748  EKtot   =      9119.9922  EPtot      =    -43523.2670
 BOND   =       330.1380  ANGLE   =      1053.4329  DIHED      =      1381.0872
 1-4 NB =       451.7004  1-4 EEL =      6336.0695  VDWAALS    =      4630.6981
 EELEC  =    -57792.5354  EHBOND  =         0.0000  RESTRAINT  =        86.1423
 EAMBER (non-restraint)  =    -43609.4093
 ------------------------------------------------------------------------------

wrapping first mol.:       20.29907       28.70721       49.72235
wrapping first mol.:       20.29907       28.70721       49.72235

 NSTEP =     9500   TIME(PS) =    1159.000  TEMP(K) =   305.02  PRESS =     0.0
 Etot   =    -34304.7984  EKtot   =      9331.8252  EPtot      =    -43636.6236
 BOND   =       331.6318  ANGLE   =      1063.4997  DIHED      =      1389.6228
 1-4 NB =       458.1192  1-4 EEL =      6296.6122  VDWAALS    =      4703.7936
 EELEC  =    -57981.9696  EHBOND  =         0.0000  RESTRAINT  =       102.0668
 EAMBER (non-restraint)  =    -43738.6904
 ------------------------------------------------------------------------------

wrapping first mol.:       20.29907       28.70721       49.72235
wrapping first mol.:       20.29907       28.70721       49.72235

 NSTEP =    10000   TIME(PS) =    1160.000  TEMP(K) =   301.04  PRESS =     0.0
 Etot   =    -34331.4028  EKtot   =      9209.8428  EPtot      =    -43541.2455
 BOND   =       341.2291  ANGLE   =      1100.1416  DIHED      =      1380.1254
 1-4 NB =       462.6332  1-4 EEL =      6297.5992  VDWAALS    =      4785.6629
 EELEC  =    -57999.8859  EHBOND  =         0.0000  RESTRAINT  =        91.2489
 EAMBER (non-restraint)  =    -43632.4945
 ------------------------------------------------------------------------------

wrapping first mol.:       20.29907       28.70721       49.72235
wrapping first mol.:       20.29907       28.70721       49.72235

 NSTEP =    10500   TIME(PS) =    1161.000  TEMP(K) =   299.46  PRESS =     0.0
 Etot   =    -34394.2749  EKtot   =      9161.5547  EPtot      =    -43555.8296
 BOND   =       366.5570  ANGLE   =      1094.4025  DIHED      =      1369.5086
 1-4 NB =       446.9423  1-4 EEL =      6297.6457  VDWAALS    =      4775.4274
 EELEC  =    -57998.2445  EHBOND  =         0.0000  RESTRAINT  =        91.9312
 EAMBER (non-restraint)  =    -43647.7609
 ------------------------------------------------------------------------------

wrapping first mol.:       20.29907       28.70721       49.72235
wrapping first mol.:       20.29907       28.70721       49.72235

 NSTEP =    11000   TIME(PS) =    1162.000  TEMP(K) =   300.90  PRESS =     0.0
 Etot   =    -34234.9902  EKtot   =      9205.6562  EPtot      =    -43440.6464
 BOND   =       353.1780  ANGLE   =      1075.3922  DIHED      =      1353.1952
 1-4 NB =       449.3326  1-4 EEL =      6341.5396  VDWAALS    =      4838.9602
 EELEC  =    -57953.5842  EHBOND  =         0.0000  RESTRAINT  =       101.3400
 EAMBER (non-restraint)  =    -43541.9864
 ------------------------------------------------------------------------------

wrapping first mol.:       20.29907       28.70721       49.72235
wrapping first mol.:       20.29907       28.70721       49.72235

 NSTEP =    11500   TIME(PS) =    1163.000  TEMP(K) =   299.63  PRESS =     0.0
 Etot   =    -34498.4132  EKtot   =      9166.9092  EPtot      =    -43665.3224
 BOND   =       357.0867  ANGLE   =      1037.9528  DIHED      =      1375.8091
 1-4 NB =       452.2353  1-4 EEL =      6330.3212  VDWAALS    =      4839.5110
 EELEC  =    -58150.7966  EHBOND  =         0.0000  RESTRAINT  =        92.5581
 EAMBER (non-restraint)  =    -43757.8806
 ------------------------------------------------------------------------------

wrapping first mol.:       20.29907       28.70721       49.72235
wrapping first mol.:       20.29907       28.70721       49.72235

 NSTEP =    12000   TIME(PS) =    1164.000  TEMP(K) =   299.73  PRESS =     0.0
 Etot   =    -34335.1719  EKtot   =      9169.9580  EPtot      =    -43505.1299
 BOND   =       334.9061  ANGLE   =      1010.7331  DIHED      =      1381.3851
 1-4 NB =       443.5471  1-4 EEL =      6296.1026  VDWAALS    =      4601.7504
 EELEC  =    -57664.6393  EHBOND  =         0.0000  RESTRAINT  =        91.0851
 EAMBER (non-restraint)  =    -43596.2150
 ------------------------------------------------------------------------------

wrapping first mol.:       20.29907       28.70721       49.72235
wrapping first mol.:       20.29907       28.70721       49.72235

 NSTEP =    12500   TIME(PS) =    1165.000  TEMP(K) =   303.28  PRESS =     0.0
 Etot   =    -34252.3487  EKtot   =      9278.4199  EPtot      =    -43530.7686
 BOND   =       354.0943  ANGLE   =      1073.7186  DIHED      =      1391.8913
 1-4 NB =       451.2169  1-4 EEL =      6298.8075  VDWAALS    =      4572.9563
 EELEC  =    -57763.0466  EHBOND  =         0.0000  RESTRAINT  =        89.5932
 EAMBER (non-restraint)  =    -43620.3618
 ------------------------------------------------------------------------------

wrapping first mol.:       20.29907       28.70721       49.72235
wrapping first mol.:       20.29907       28.70721       49.72235

 NSTEP =    13000   TIME(PS) =    1166.000  TEMP(K) =   303.57  PRESS =     0.0
 Etot   =    -34280.7014  EKtot   =      9287.4170  EPtot      =    -43568.1184
 BOND   =       358.0309  ANGLE   =      1085.5421  DIHED      =      1399.0687
 1-4 NB =       459.5328  1-4 EEL =      6311.1834  VDWAALS    =      4780.8365
 EELEC  =    -58058.5022  EHBOND  =         0.0000  RESTRAINT  =        96.1893
 EAMBER (non-restraint)  =    -43664.3077
 ------------------------------------------------------------------------------

wrapping first mol.:       20.29907       28.70721       49.72235
wrapping first mol.:       20.29907       28.70721       49.72235

 NSTEP =    13500   TIME(PS) =    1167.000  TEMP(K) =   304.65  PRESS =     0.0
 Etot   =    -34269.2449  EKtot   =      9320.3672  EPtot      =    -43589.6121
 BOND   =       357.4354  ANGLE   =      1070.0721  DIHED      =      1391.1974
 1-4 NB =       469.8999  1-4 EEL =      6318.1024  VDWAALS    =      4788.3228
 EELEC  =    -58081.1802  EHBOND  =         0.0000  RESTRAINT  =        96.5382
 EAMBER (non-restraint)  =    -43686.1503
 ------------------------------------------------------------------------------

wrapping first mol.:       20.29907       28.70721       49.72235
wrapping first mol.:       20.29907       28.70721       49.72235

 NSTEP =    14000   TIME(PS) =    1168.000  TEMP(K) =   298.87  PRESS =     0.0
 Etot   =    -34232.2828  EKtot   =      9143.7080  EPtot      =    -43375.9908
 BOND   =       333.1386  ANGLE   =      1092.1074  DIHED      =      1380.0576
 1-4 NB =       461.9048  1-4 EEL =      6301.0136  VDWAALS    =      4759.0572
 EELEC  =    -57805.1304  EHBOND  =         0.0000  RESTRAINT  =       101.8603
 EAMBER (non-restraint)  =    -43477.8511
 ------------------------------------------------------------------------------

wrapping first mol.:       20.29907       28.70721       49.72235
wrapping first mol.:       20.29907       28.70721       49.72235

 NSTEP =    14500   TIME(PS) =    1169.000  TEMP(K) =   300.96  PRESS =     0.0
 Etot   =    -34373.5800  EKtot   =      9207.5479  EPtot      =    -43581.1278
 BOND   =       349.0794  ANGLE   =      1071.6676  DIHED      =      1398.4456
 1-4 NB =       455.5502  1-4 EEL =      6305.8564  VDWAALS    =      4813.9578
 EELEC  =    -58070.7806  EHBOND  =         0.0000  RESTRAINT  =        95.0958
 EAMBER (non-restraint)  =    -43676.2236
 ------------------------------------------------------------------------------

wrapping first mol.:       20.29907       28.70721       49.72235
wrapping first mol.:       20.29907       28.70721       49.72235

 NSTEP =    15000   TIME(PS) =    1170.000  TEMP(K) =   300.71  PRESS =     0.0
 Etot   =    -34246.6414  EKtot   =      9199.8984  EPtot      =    -43446.5398
 BOND   =       351.0168  ANGLE   =      1072.4515  DIHED      =      1390.7301
 1-4 NB =       451.5613  1-4 EEL =      6322.7594  VDWAALS    =      4541.8868
 EELEC  =    -57672.8915  EHBOND  =         0.0000  RESTRAINT  =        95.9457
 EAMBER (non-restraint)  =    -43542.4855
 ------------------------------------------------------------------------------

wrapping first mol.:       20.29907       28.70721       49.72235
wrapping first mol.:       20.29907       28.70721       49.72235

 NSTEP =    15500   TIME(PS) =    1171.000  TEMP(K) =   299.86  PRESS =     0.0
 Etot   =    -34289.8251  EKtot   =      9173.8975  EPtot      =    -43463.7226
 BOND   =       357.8358  ANGLE   =      1060.0196  DIHED      =      1367.9813
 1-4 NB =       452.9744  1-4 EEL =      6297.3209  VDWAALS    =      4529.5586
 EELEC  =    -57620.6469  EHBOND  =         0.0000  RESTRAINT  =        91.2338
 EAMBER (non-restraint)  =    -43554.9564
 ------------------------------------------------------------------------------

wrapping first mol.:       20.29907       28.70721       49.72235
wrapping first mol.:       20.29907       28.70721       49.72235

 NSTEP =    16000   TIME(PS) =    1172.000  TEMP(K) =   300.62  PRESS =     0.0
 Etot   =    -34385.8894  EKtot   =      9196.9697  EPtot      =    -43582.8591
 BOND   =       364.6924  ANGLE   =      1056.2483  DIHED      =      1355.7606
 1-4 NB =       445.0868  1-4 EEL =      6287.9595  VDWAALS    =      4740.3705
 EELEC  =    -57926.1891  EHBOND  =         0.0000  RESTRAINT  =        93.2119
 EAMBER (non-restraint)  =    -43676.0710
 ------------------------------------------------------------------------------

wrapping first mol.:       20.29907       28.70721       49.72235
wrapping first mol.:       20.29907       28.70721       49.72235

 NSTEP =    16500   TIME(PS) =    1173.000  TEMP(K) =   300.61  PRESS =     0.0
 Etot   =    -34363.3773  EKtot   =      9196.9111  EPtot      =    -43560.2885
 BOND   =       347.9374  ANGLE   =      1040.9868  DIHED      =      1367.9163
 1-4 NB =       444.4812  1-4 EEL =      6278.1398  VDWAALS    =      4749.9720
 EELEC  =    -57882.0468  EHBOND  =         0.0000  RESTRAINT  =        92.3248
 EAMBER (non-restraint)  =    -43652.6133
 ------------------------------------------------------------------------------

wrapping first mol.:       20.29907       28.70721       49.72235
wrapping first mol.:       20.29907       28.70721       49.72235

 NSTEP =    17000   TIME(PS) =    1174.000  TEMP(K) =   302.65  PRESS =     0.0
 Etot   =    -34087.6683  EKtot   =      9259.2285  EPtot      =    -43346.8968
 BOND   =       333.2929  ANGLE   =      1071.3613  DIHED      =      1389.3782
 1-4 NB =       450.9856  1-4 EEL =      6281.5603  VDWAALS    =      4524.9693
 EELEC  =    -57492.7292  EHBOND  =         0.0000  RESTRAINT  =        94.2848
 EAMBER (non-restraint)  =    -43441.1816
 ------------------------------------------------------------------------------

wrapping first mol.:       20.29907       28.70721       49.72235
wrapping first mol.:       20.29907       28.70721       49.72235

 NSTEP =    17500   TIME(PS) =    1175.000  TEMP(K) =   302.18  PRESS =     0.0
 Etot   =    -34449.8910  EKtot   =      9244.7871  EPtot      =    -43694.6781
 BOND   =       361.7449  ANGLE   =      1086.6372  DIHED      =      1368.8831
 1-4 NB =       433.2003  1-4 EEL =      6234.4046  VDWAALS    =      4757.5651
 EELEC  =    -58041.9766  EHBOND  =         0.0000  RESTRAINT  =       104.8632
 EAMBER (non-restraint)  =    -43799.5413
 ------------------------------------------------------------------------------

wrapping first mol.:       20.29907       28.70721       49.72235
wrapping first mol.:       20.29907       28.70721       49.72235

 NSTEP =    18000   TIME(PS) =    1176.000  TEMP(K) =   298.70  PRESS =     0.0
 Etot   =    -34432.1065  EKtot   =      9138.3135  EPtot      =    -43570.4200
 BOND   =       340.5385  ANGLE   =      1069.9066  DIHED      =      1386.5316
 1-4 NB =       446.7237  1-4 EEL =      6286.4035  VDWAALS    =      4701.2892
 EELEC  =    -57896.5387  EHBOND  =         0.0000  RESTRAINT  =        94.7257
 EAMBER (non-restraint)  =    -43665.1457
 ------------------------------------------------------------------------------

wrapping first mol.:       20.29907       28.70721       49.72235
wrapping first mol.:       20.29907       28.70721       49.72235

 NSTEP =    18500   TIME(PS) =    1177.000  TEMP(K) =   299.21  PRESS =     0.0
 Etot   =    -34306.1333  EKtot   =      9154.1143  EPtot      =    -43460.2476
 BOND   =       344.1174  ANGLE   =      1036.0314  DIHED      =      1400.6492
 1-4 NB =       465.6727  1-4 EEL =      6303.2863  VDWAALS    =      4648.3315
 EELEC  =    -57753.4037  EHBOND  =         0.0000  RESTRAINT  =        95.0675
 EAMBER (non-restraint)  =    -43555.3150
 ------------------------------------------------------------------------------

wrapping first mol.:       20.29907       28.70721       49.72235
wrapping first mol.:       20.29907       28.70721       49.72235

 NSTEP =    19000   TIME(PS) =    1178.000  TEMP(K) =   302.64  PRESS =     0.0
 Etot   =    -34288.0358  EKtot   =      9258.8613  EPtot      =    -43546.8971
 BOND   =       314.4191  ANGLE   =      1093.4519  DIHED      =      1355.0940
 1-4 NB =       450.9193  1-4 EEL =      6286.0063  VDWAALS    =      4742.3384
 EELEC  =    -57879.6794  EHBOND  =         0.0000  RESTRAINT  =        90.5532
 EAMBER (non-restraint)  =    -43637.4503
 ------------------------------------------------------------------------------

wrapping first mol.:       20.29907       28.70721       49.72235
wrapping first mol.:       20.29907       28.70721       49.72235

 NSTEP =    19500   TIME(PS) =    1179.000  TEMP(K) =   297.29  PRESS =     0.0
 Etot   =    -34594.8701  EKtot   =      9095.1895  EPtot      =    -43690.0596
 BOND   =       333.5194  ANGLE   =      1109.9211  DIHED      =      1377.4962
 1-4 NB =       454.5795  1-4 EEL =      6273.5645  VDWAALS    =      4773.4562
 EELEC  =    -58099.0925  EHBOND  =         0.0000  RESTRAINT  =        86.4960
 EAMBER (non-restraint)  =    -43776.5556
 ------------------------------------------------------------------------------

wrapping first mol.:       20.29907       28.70721       49.72235
wrapping first mol.:       20.29907       28.70721       49.72235

 NSTEP =    20000   TIME(PS) =    1180.000  TEMP(K) =   297.77  PRESS =     0.0
 Etot   =    -34396.7109  EKtot   =      9110.0537  EPtot      =    -43506.7646
 BOND   =       350.6703  ANGLE   =      1029.2203  DIHED      =      1382.7556
 1-4 NB =       457.7273  1-4 EEL =      6286.4255  VDWAALS    =      4614.4370
 EELEC  =    -57738.3010  EHBOND  =         0.0000  RESTRAINT  =       110.3005
 EAMBER (non-restraint)  =    -43617.0651
 ------------------------------------------------------------------------------

wrapping first mol.:       20.29907       28.70721       49.72235
wrapping first mol.:       20.29907       28.70721       49.72235

 NSTEP =    20500   TIME(PS) =    1181.000  TEMP(K) =   302.21  PRESS =     0.0
 Etot   =    -34495.4345  EKtot   =      9245.8154  EPtot      =    -43741.2499
 BOND   =       338.9615  ANGLE   =      1045.9853  DIHED      =      1370.1334
 1-4 NB =       468.8182  1-4 EEL =      6300.6746  VDWAALS    =      4882.2126
 EELEC  =    -58244.8447  EHBOND  =         0.0000  RESTRAINT  =        96.8091
 EAMBER (non-restraint)  =    -43838.0590
 ------------------------------------------------------------------------------

wrapping first mol.:       20.29907       28.70721       49.72235
wrapping first mol.:       20.29907       28.70721       49.72235

 NSTEP =    21000   TIME(PS) =    1182.000  TEMP(K) =   300.46  PRESS =     0.0
 Etot   =    -34475.2158  EKtot   =      9192.3379  EPtot      =    -43667.5537
 BOND   =       348.4857  ANGLE   =       997.3716  DIHED      =      1372.0751
 1-4 NB =       450.8771  1-4 EEL =      6311.0708  VDWAALS    =      4823.8186
 EELEC  =    -58070.5106  EHBOND  =         0.0000  RESTRAINT  =        99.2581
 EAMBER (non-restraint)  =    -43766.8118
 ------------------------------------------------------------------------------

wrapping first mol.:       20.29907       28.70721       49.72235
wrapping first mol.:       20.29907       28.70721       49.72235

 NSTEP =    21500   TIME(PS) =    1183.000  TEMP(K) =   300.55  PRESS =     0.0
 Etot   =    -34431.9199  EKtot   =      9195.0166  EPtot      =    -43626.9365
 BOND   =       366.0355  ANGLE   =      1044.9912  DIHED      =      1362.8205
 1-4 NB =       443.6927  1-4 EEL =      6290.7634  VDWAALS    =      4677.8847
 EELEC  =    -57906.3894  EHBOND  =         0.0000  RESTRAINT  =        93.2648
 EAMBER (non-restraint)  =    -43720.2014
 ------------------------------------------------------------------------------

wrapping first mol.:       20.29907       28.70721       49.72235
wrapping first mol.:       20.29907       28.70721       49.72235

 NSTEP =    22000   TIME(PS) =    1184.000  TEMP(K) =   299.68  PRESS =     0.0
 Etot   =    -34410.3118  EKtot   =      9168.3018  EPtot      =    -43578.6136
 BOND   =       336.6200  ANGLE   =      1022.2185  DIHED      =      1358.1037
 1-4 NB =       449.5173  1-4 EEL =      6351.4782  VDWAALS    =      4827.9698
 EELEC  =    -58021.7964  EHBOND  =         0.0000  RESTRAINT  =        97.2753
 EAMBER (non-restraint)  =    -43675.8888
 ------------------------------------------------------------------------------

wrapping first mol.:       20.29907       28.70721       49.72235
wrapping first mol.:       20.29907       28.70721       49.72235

 NSTEP =    22500   TIME(PS) =    1185.000  TEMP(K) =   302.04  PRESS =     0.0
 Etot   =    -34339.2813  EKtot   =      9240.4609  EPtot      =    -43579.7422
 BOND   =       352.9953  ANGLE   =      1088.4482  DIHED      =      1357.4733
 1-4 NB =       454.3329  1-4 EEL =      6280.5587  VDWAALS    =      4675.7794
 EELEC  =    -57879.5873  EHBOND  =         0.0000  RESTRAINT  =        90.2573
 EAMBER (non-restraint)  =    -43669.9995
 ------------------------------------------------------------------------------

wrapping first mol.:       20.29907       28.70721       49.72235
wrapping first mol.:       20.29907       28.70721       49.72235

 NSTEP =    23000   TIME(PS) =    1186.000  TEMP(K) =   301.93  PRESS =     0.0
 Etot   =    -34383.6638  EKtot   =      9237.0879  EPtot      =    -43620.7516
 BOND   =       335.1350  ANGLE   =      1077.0823  DIHED      =      1374.0220
 1-4 NB =       448.1732  1-4 EEL =      6269.5186  VDWAALS    =      4696.5773
 EELEC  =    -57915.4971  EHBOND  =         0.0000  RESTRAINT  =        94.2370
 EAMBER (non-restraint)  =    -43714.9886
 ------------------------------------------------------------------------------

wrapping first mol.:       20.29907       28.70721       49.72235
wrapping first mol.:       20.29907       28.70721       49.72235

 NSTEP =    23500   TIME(PS) =    1187.000  TEMP(K) =   300.87  PRESS =     0.0
 Etot   =    -34432.1448  EKtot   =      9204.6914  EPtot      =    -43636.8362
 BOND   =       349.3681  ANGLE   =      1082.8521  DIHED      =      1375.6190
 1-4 NB =       446.5563  1-4 EEL =      6270.2321  VDWAALS    =      4743.4604
 EELEC  =    -58000.1915  EHBOND  =         0.0000  RESTRAINT  =        95.2672
 EAMBER (non-restraint)  =    -43732.1034
 ------------------------------------------------------------------------------

wrapping first mol.:       20.29907       28.70721       49.72235
wrapping first mol.:       20.29907       28.70721       49.72235

 NSTEP =    24000   TIME(PS) =    1188.000  TEMP(K) =   306.70  PRESS =     0.0
 Etot   =    -34383.4993  EKtot   =      9383.0205  EPtot      =    -43766.5198
 BOND   =       333.8858  ANGLE   =      1044.6203  DIHED      =      1352.7990
 1-4 NB =       451.0341  1-4 EEL =      6301.0571  VDWAALS    =      4845.7039
 EELEC  =    -58193.8618  EHBOND  =         0.0000  RESTRAINT  =        98.2419
 EAMBER (non-restraint)  =    -43864.7617
 ------------------------------------------------------------------------------

wrapping first mol.:       20.29907       28.70721       49.72235
wrapping first mol.:       20.29907       28.70721       49.72235

 NSTEP =    24500   TIME(PS) =    1189.000  TEMP(K) =   300.68  PRESS =     0.0
 Etot   =    -34325.3413  EKtot   =      9199.0205  EPtot      =    -43524.3618
 BOND   =       353.3985  ANGLE   =      1049.4798  DIHED      =      1372.6160
 1-4 NB =       461.1690  1-4 EEL =      6295.2378  VDWAALS    =      4807.5052
 EELEC  =    -57962.2850  EHBOND  =         0.0000  RESTRAINT  =        98.5170
 EAMBER (non-restraint)  =    -43622.8788
 ------------------------------------------------------------------------------

wrapping first mol.:       20.29907       28.70721       49.72235
wrapping first mol.:       20.29907       28.70721       49.72235

 NSTEP =    25000   TIME(PS) =    1190.000  TEMP(K) =   302.80  PRESS =     0.0
 Etot   =    -34269.3100  EKtot   =      9263.6904  EPtot      =    -43533.0004
 BOND   =       342.0522  ANGLE   =      1013.9743  DIHED      =      1380.1729
 1-4 NB =       464.6819  1-4 EEL =      6296.0422  VDWAALS    =      4682.1950
 EELEC  =    -57807.6438  EHBOND  =         0.0000  RESTRAINT  =        95.5249
 EAMBER (non-restraint)  =    -43628.5253
 ------------------------------------------------------------------------------

wrapping first mol.:       20.29907       28.70721       49.72235
wrapping first mol.:       20.29907       28.70721       49.72235

 NSTEP =    25500   TIME(PS) =    1191.000  TEMP(K) =   300.47  PRESS =     0.0
 Etot   =    -34381.7815  EKtot   =      9192.4883  EPtot      =    -43574.2698
 BOND   =       359.6260  ANGLE   =      1041.8452  DIHED      =      1386.9355
 1-4 NB =       454.3759  1-4 EEL =      6277.4338  VDWAALS    =      4724.2757
 EELEC  =    -57911.1308  EHBOND  =         0.0000  RESTRAINT  =        92.3690
 EAMBER (non-restraint)  =    -43666.6388
 ------------------------------------------------------------------------------

wrapping first mol.:       20.29907       28.70721       49.72235
wrapping first mol.:       20.29907       28.70721       49.72235

 NSTEP =    26000   TIME(PS) =    1192.000  TEMP(K) =   298.39  PRESS =     0.0
 Etot   =    -34442.6353  EKtot   =      9128.7627  EPtot      =    -43571.3980
 BOND   =       346.7794  ANGLE   =      1040.8592  DIHED      =      1375.5462
 1-4 NB =       460.1985  1-4 EEL =      6289.9159  VDWAALS    =      4708.7036
 EELEC  =    -57885.8678  EHBOND  =         0.0000  RESTRAINT  =        92.4668
 EAMBER (non-restraint)  =    -43663.8648
 ------------------------------------------------------------------------------

wrapping first mol.:       20.29907       28.70721       49.72235
wrapping first mol.:       20.29907       28.70721       49.72235

 NSTEP =    26500   TIME(PS) =    1193.000  TEMP(K) =   303.89  PRESS =     0.0
 Etot   =    -34169.5009  EKtot   =      9297.1953  EPtot      =    -43466.6962
 BOND   =       350.2868  ANGLE   =      1048.6060  DIHED      =      1399.2151
 1-4 NB =       454.0716  1-4 EEL =      6260.1229  VDWAALS    =      4677.5774
 EELEC  =    -57741.0459  EHBOND  =         0.0000  RESTRAINT  =        84.4700
 EAMBER (non-restraint)  =    -43551.1661
 ------------------------------------------------------------------------------

wrapping first mol.:       20.29907       28.70721       49.72235
wrapping first mol.:       20.29907       28.70721       49.72235

 NSTEP =    27000   TIME(PS) =    1194.000  TEMP(K) =   304.33  PRESS =     0.0
 Etot   =    -34250.3638  EKtot   =      9310.6846  EPtot      =    -43561.0484
 BOND   =       353.3597  ANGLE   =      1077.9495  DIHED      =      1364.7438
 1-4 NB =       448.7679  1-4 EEL =      6332.3074  VDWAALS    =      4799.9411
 EELEC  =    -58028.9719  EHBOND  =         0.0000  RESTRAINT  =        90.8540
 EAMBER (non-restraint)  =    -43651.9024
 ------------------------------------------------------------------------------

wrapping first mol.:       20.29907       28.70721       49.72235
wrapping first mol.:       20.29907       28.70721       49.72235

 NSTEP =    27500   TIME(PS) =    1195.000  TEMP(K) =   300.00  PRESS =     0.0
 Etot   =    -34280.4266  EKtot   =      9178.1357  EPtot      =    -43458.5623
 BOND   =       349.7392  ANGLE   =      1042.1223  DIHED      =      1361.4200
 1-4 NB =       451.6103  1-4 EEL =      6309.6414  VDWAALS    =      4601.5953
 EELEC  =    -57665.1879  EHBOND  =         0.0000  RESTRAINT  =        90.4972
 EAMBER (non-restraint)  =    -43549.0595
 ------------------------------------------------------------------------------

wrapping first mol.:       20.29907       28.70721       49.72235
wrapping first mol.:       20.29907       28.70721       49.72235

 NSTEP =    28000   TIME(PS) =    1196.000  TEMP(K) =   302.42  PRESS =     0.0
 Etot   =    -34161.0016  EKtot   =      9252.1035  EPtot      =    -43413.1051
 BOND   =       358.8096  ANGLE   =      1087.6921  DIHED      =      1375.6451
 1-4 NB =       451.3240  1-4 EEL =      6281.1003  VDWAALS    =      4816.4996
 EELEC  =    -57879.4720  EHBOND  =         0.0000  RESTRAINT  =        95.2962
 EAMBER (non-restraint)  =    -43508.4013
 ------------------------------------------------------------------------------

wrapping first mol.:       20.29907       28.70721       49.72235
wrapping first mol.:       20.29907       28.70721       49.72235

 NSTEP =    28500   TIME(PS) =    1197.000  TEMP(K) =   298.27  PRESS =     0.0
 Etot   =    -34343.4100  EKtot   =      9125.3066  EPtot      =    -43468.7167
 BOND   =       360.8021  ANGLE   =      1052.1099  DIHED      =      1389.1239
 1-4 NB =       453.2476  1-4 EEL =      6294.9554  VDWAALS    =      4754.0867
 EELEC  =    -57863.2591  EHBOND  =         0.0000  RESTRAINT  =        90.2168
 EAMBER (non-restraint)  =    -43558.9335
 ------------------------------------------------------------------------------

wrapping first mol.:       20.29907       28.70721       49.72235
wrapping first mol.:       20.29907       28.70721       49.72235

 NSTEP =    29000   TIME(PS) =    1198.000  TEMP(K) =   300.53  PRESS =     0.0
 Etot   =    -34410.1755  EKtot   =      9194.3018  EPtot      =    -43604.4772
 BOND   =       343.7703  ANGLE   =      1063.8775  DIHED      =      1359.9500
 1-4 NB =       447.5180  1-4 EEL =      6311.7741  VDWAALS    =      4584.7739
 EELEC  =    -57815.7072  EHBOND  =         0.0000  RESTRAINT  =        99.5661
 EAMBER (non-restraint)  =    -43704.0433
 ------------------------------------------------------------------------------

wrapping first mol.:       20.29907       28.70721       49.72235
wrapping first mol.:       20.29907       28.70721       49.72235

 NSTEP =    29500   TIME(PS) =    1199.000  TEMP(K) =   301.36  PRESS =     0.0
 Etot   =    -34297.4452  EKtot   =      9219.6387  EPtot      =    -43517.0838
 BOND   =       342.8756  ANGLE   =      1090.5840  DIHED      =      1346.5720
 1-4 NB =       441.2119  1-4 EEL =      6285.8599  VDWAALS    =      4821.7277
 EELEC  =    -57948.9483  EHBOND  =         0.0000  RESTRAINT  =       103.0334
 EAMBER (non-restraint)  =    -43620.1172
 ------------------------------------------------------------------------------

wrapping first mol.:       20.29907       28.70721       49.72235
wrapping first mol.:       20.29907       28.70721       49.72235

 NSTEP =    30000   TIME(PS) =    1200.000  TEMP(K) =   299.96  PRESS =     0.0
 Etot   =    -34410.9071  EKtot   =      9176.8037  EPtot      =    -43587.7108
 BOND   =       356.8887  ANGLE   =      1062.5962  DIHED      =      1380.5709
 1-4 NB =       447.4940  1-4 EEL =      6286.9809  VDWAALS    =      4630.6562
 EELEC  =    -57847.8162  EHBOND  =         0.0000  RESTRAINT  =        94.9185
 EAMBER (non-restraint)  =    -43682.6293
 ------------------------------------------------------------------------------

wrapping first mol.:       20.29907       28.70721       49.72235
wrapping first mol.:       20.29907       28.70721       49.72235

 NSTEP =    30500   TIME(PS) =    1201.000  TEMP(K) =   297.15  PRESS =     0.0
 Etot   =    -34466.1513  EKtot   =      9091.0654  EPtot      =    -43557.2167
 BOND   =       342.8752  ANGLE   =      1025.5818  DIHED      =      1359.0273
 1-4 NB =       465.7043  1-4 EEL =      6301.5600  VDWAALS    =      4607.8159
 EELEC  =    -57743.0183  EHBOND  =         0.0000  RESTRAINT  =        83.2371
 EAMBER (non-restraint)  =    -43640.4538
 ------------------------------------------------------------------------------

wrapping first mol.:       20.29907       28.70721       49.72235
wrapping first mol.:       20.29907       28.70721       49.72235

 NSTEP =    31000   TIME(PS) =    1202.000  TEMP(K) =   299.96  PRESS =     0.0
 Etot   =    -34404.0544  EKtot   =      9176.8135  EPtot      =    -43580.8679
 BOND   =       355.6424  ANGLE   =      1096.7635  DIHED      =      1385.7089
 1-4 NB =       444.8842  1-4 EEL =      6275.5473  VDWAALS    =      4687.1874
 EELEC  =    -57914.9988  EHBOND  =         0.0000  RESTRAINT  =        88.3972
 EAMBER (non-restraint)  =    -43669.2651
 ------------------------------------------------------------------------------

wrapping first mol.:       20.29907       28.70721       49.72235
wrapping first mol.:       20.29907       28.70721       49.72235

 NSTEP =    31500   TIME(PS) =    1203.000  TEMP(K) =   303.54  PRESS =     0.0
 Etot   =    -34359.9720  EKtot   =      9286.3164  EPtot      =    -43646.2884
 BOND   =       356.5175  ANGLE   =      1086.4881  DIHED      =      1388.8730
 1-4 NB =       460.1364  1-4 EEL =      6292.2639  VDWAALS    =      4808.4659
 EELEC  =    -58128.4521  EHBOND  =         0.0000  RESTRAINT  =        89.4189
 EAMBER (non-restraint)  =    -43735.7073
 ------------------------------------------------------------------------------

wrapping first mol.:       20.29907       28.70721       49.72235
wrapping first mol.:       20.29907       28.70721       49.72235

 NSTEP =    32000   TIME(PS) =    1204.000  TEMP(K) =   301.80  PRESS =     0.0
 Etot   =    -34401.3509  EKtot   =      9233.1787  EPtot      =    -43634.5296
 BOND   =       365.8330  ANGLE   =      1017.7746  DIHED      =      1371.0958
 1-4 NB =       452.2494  1-4 EEL =      6283.5084  VDWAALS    =      4805.1124
 EELEC  =    -58024.6496  EHBOND  =         0.0000  RESTRAINT  =        94.5465
 EAMBER (non-restraint)  =    -43729.0761
 ------------------------------------------------------------------------------

wrapping first mol.:       20.29907       28.70721       49.72235
wrapping first mol.:       20.29907       28.70721       49.72235

 NSTEP =    32500   TIME(PS) =    1205.000  TEMP(K) =   299.44  PRESS =     0.0
 Etot   =    -34386.8022  EKtot   =      9161.0723  EPtot      =    -43547.8745
 BOND   =       356.3442  ANGLE   =      1063.6185  DIHED      =      1377.5829
 1-4 NB =       462.2923  1-4 EEL =      6294.0916  VDWAALS    =      4881.0864
 EELEC  =    -58075.3547  EHBOND  =         0.0000  RESTRAINT  =        92.4643
 EAMBER (non-restraint)  =    -43640.3388
 ------------------------------------------------------------------------------

wrapping first mol.:       20.29907       28.70721       49.72235
wrapping first mol.:       20.29907       28.70721       49.72235

 NSTEP =    33000   TIME(PS) =    1206.000  TEMP(K) =   298.30  PRESS =     0.0
 Etot   =    -34320.5949  EKtot   =      9126.1914  EPtot      =    -43446.7863
 BOND   =       338.3733  ANGLE   =      1059.9291  DIHED      =      1370.1686
 1-4 NB =       450.0112  1-4 EEL =      6286.6626  VDWAALS    =      4723.8802
 EELEC  =    -57768.9482  EHBOND  =         0.0000  RESTRAINT  =        93.1368
 EAMBER (non-restraint)  =    -43539.9231
 ------------------------------------------------------------------------------

wrapping first mol.:       20.29907       28.70721       49.72235
wrapping first mol.:       20.29907       28.70721       49.72235

 NSTEP =    33500   TIME(PS) =    1207.000  TEMP(K) =   301.18  PRESS =     0.0
 Etot   =    -34240.0124  EKtot   =      9214.1445  EPtot      =    -43454.1569
 BOND   =       338.9586  ANGLE   =      1068.0540  DIHED      =      1383.6118
 1-4 NB =       445.2186  1-4 EEL =      6274.9824  VDWAALS    =      4514.9446
 EELEC  =    -57575.6403  EHBOND  =         0.0000  RESTRAINT  =        95.7134
 EAMBER (non-restraint)  =    -43549.8703
 ------------------------------------------------------------------------------

wrapping first mol.:       20.29907       28.70721       49.72235
wrapping first mol.:       20.29907       28.70721       49.72235

 NSTEP =    34000   TIME(PS) =    1208.000  TEMP(K) =   298.89  PRESS =     0.0
 Etot   =    -34227.7765  EKtot   =      9144.2520  EPtot      =    -43372.0284
 BOND   =       376.2777  ANGLE   =      1066.3498  DIHED      =      1366.9690
 1-4 NB =       443.4706  1-4 EEL =      6267.5194  VDWAALS    =      4541.9730
 EELEC  =    -57528.2225  EHBOND  =         0.0000  RESTRAINT  =        93.6346
 EAMBER (non-restraint)  =    -43465.6630
 ------------------------------------------------------------------------------

wrapping first mol.:       20.29907       28.70721       49.72235
wrapping first mol.:       20.29907       28.70721       49.72235

 NSTEP =    34500   TIME(PS) =    1209.000  TEMP(K) =   300.98  PRESS =     0.0
 Etot   =    -34497.0872  EKtot   =      9208.0039  EPtot      =    -43705.0911
 BOND   =       346.9310  ANGLE   =      1014.7009  DIHED      =      1377.1776
 1-4 NB =       454.2142  1-4 EEL =      6276.3344  VDWAALS    =      4747.4545
 EELEC  =    -58011.9670  EHBOND  =         0.0000  RESTRAINT  =        90.0634
 EAMBER (non-restraint)  =    -43795.1545
 ------------------------------------------------------------------------------

wrapping first mol.:       20.29907       28.70721       49.72235
wrapping first mol.:       20.29907       28.70721       49.72235

 NSTEP =    35000   TIME(PS) =    1210.000  TEMP(K) =   301.99  PRESS =     0.0
 Etot   =    -34368.7254  EKtot   =      9238.8926  EPtot      =    -43607.6179
 BOND   =       325.4490  ANGLE   =      1046.3346  DIHED      =      1364.3214
 1-4 NB =       450.9327  1-4 EEL =      6284.5482  VDWAALS    =      4900.8880
 EELEC  =    -58080.9992  EHBOND  =         0.0000  RESTRAINT  =       100.9072
 EAMBER (non-restraint)  =    -43708.5251
 ------------------------------------------------------------------------------

wrapping first mol.:       20.29907       28.70721       49.72235
wrapping first mol.:       20.29907       28.70721       49.72235

 NSTEP =    35500   TIME(PS) =    1211.000  TEMP(K) =   297.16  PRESS =     0.0
 Etot   =    -34462.7865  EKtot   =      9091.3711  EPtot      =    -43554.1576
 BOND   =       341.8791  ANGLE   =      1089.4385  DIHED      =      1370.2316
 1-4 NB =       452.5685  1-4 EEL =      6290.0472  VDWAALS    =      4768.4433
 EELEC  =    -57959.8771  EHBOND  =         0.0000  RESTRAINT  =        93.1113
 EAMBER (non-restraint)  =    -43647.2689
 ------------------------------------------------------------------------------

wrapping first mol.:       20.29907       28.70721       49.72235
wrapping first mol.:       20.29907       28.70721       49.72235

 NSTEP =    36000   TIME(PS) =    1212.000  TEMP(K) =   299.66  PRESS =     0.0
 Etot   =    -34310.8084  EKtot   =      9167.8809  EPtot      =    -43478.6893
 BOND   =       326.7129  ANGLE   =      1010.5313  DIHED      =      1363.6684
 1-4 NB =       454.1021  1-4 EEL =      6292.6437  VDWAALS    =      4751.7393
 EELEC  =    -57763.9244  EHBOND  =         0.0000  RESTRAINT  =        85.8375
 EAMBER (non-restraint)  =    -43564.5268
 ------------------------------------------------------------------------------

wrapping first mol.:       20.29907       28.70721       49.72235
wrapping first mol.:       20.29907       28.70721       49.72235

 NSTEP =    36500   TIME(PS) =    1213.000  TEMP(K) =   300.57  PRESS =     0.0
 Etot   =    -34188.4938  EKtot   =      9195.4717  EPtot      =    -43383.9655
 BOND   =       348.7120  ANGLE   =      1076.6467  DIHED      =      1368.1920
 1-4 NB =       461.9491  1-4 EEL =      6287.1734  VDWAALS    =      4741.5421
 EELEC  =    -57761.0329  EHBOND  =         0.0000  RESTRAINT  =        92.8522
 EAMBER (non-restraint)  =    -43476.8176
 ------------------------------------------------------------------------------

wrapping first mol.:       20.29907       28.70721       49.72235
wrapping first mol.:       20.29907       28.70721       49.72235

 NSTEP =    37000   TIME(PS) =    1214.000  TEMP(K) =   298.94  PRESS =     0.0
 Etot   =    -34204.8791  EKtot   =      9145.8066  EPtot      =    -43350.6858
 BOND   =       344.6442  ANGLE   =      1051.9421  DIHED      =      1377.5295
 1-4 NB =       469.0217  1-4 EEL =      6310.5322  VDWAALS    =      4474.4768
 EELEC  =    -57480.4913  EHBOND  =         0.0000  RESTRAINT  =       101.6590
 EAMBER (non-restraint)  =    -43452.3448
 ------------------------------------------------------------------------------

wrapping first mol.:       20.29907       28.70721       49.72235
wrapping first mol.:       20.29907       28.70721       49.72235

 NSTEP =    37500   TIME(PS) =    1215.000  TEMP(K) =   301.35  PRESS =     0.0
 Etot   =    -34514.7132  EKtot   =      9219.3623  EPtot      =    -43734.0755
 BOND   =       342.6878  ANGLE   =      1054.6412  DIHED      =      1369.3059
 1-4 NB =       446.6208  1-4 EEL =      6297.4318  VDWAALS    =      4651.6725
 EELEC  =    -57989.8253  EHBOND  =         0.0000  RESTRAINT  =        93.3897
 EAMBER (non-restraint)  =    -43827.4653
 ------------------------------------------------------------------------------

wrapping first mol.:       20.29907       28.70721       49.72235
wrapping first mol.:       20.29907       28.70721       49.72235

 NSTEP =    38000   TIME(PS) =    1216.000  TEMP(K) =   297.89  PRESS =     0.0
 Etot   =    -34473.1091  EKtot   =      9113.6523  EPtot      =    -43586.7615
 BOND   =       333.9565  ANGLE   =      1081.2258  DIHED      =      1366.5607
 1-4 NB =       457.6454  1-4 EEL =      6292.1916  VDWAALS    =      4682.8631
 EELEC  =    -57903.5740  EHBOND  =         0.0000  RESTRAINT  =       102.3692
 EAMBER (non-restraint)  =    -43689.1307
 ------------------------------------------------------------------------------

wrapping first mol.:       20.29907       28.70721       49.72235
wrapping first mol.:       20.29907       28.70721       49.72235

 NSTEP =    38500   TIME(PS) =    1217.000  TEMP(K) =   301.91  PRESS =     0.0
 Etot   =    -34185.4798  EKtot   =      9236.4385  EPtot      =    -43421.9183
 BOND   =       348.3085  ANGLE   =      1044.6430  DIHED      =      1368.1657
 1-4 NB =       457.4224  1-4 EEL =      6278.7831  VDWAALS    =      4757.8720
 EELEC  =    -57774.7548  EHBOND  =         0.0000  RESTRAINT  =        97.6416
 EAMBER (non-restraint)  =    -43519.5600
 ------------------------------------------------------------------------------

wrapping first mol.:       20.29907       28.70721       49.72235
wrapping first mol.:       20.29907       28.70721       49.72235

 NSTEP =    39000   TIME(PS) =    1218.000  TEMP(K) =   299.98  PRESS =     0.0
 Etot   =    -34392.2163  EKtot   =      9177.3965  EPtot      =    -43569.6128
 BOND   =       367.9453  ANGLE   =      1060.4720  DIHED      =      1373.2391
 1-4 NB =       449.5479  1-4 EEL =      6311.1032  VDWAALS    =      4639.4245
 EELEC  =    -57866.0982  EHBOND  =         0.0000  RESTRAINT  =        94.7532
 EAMBER (non-restraint)  =    -43664.3661
 ------------------------------------------------------------------------------

wrapping first mol.:       20.29907       28.70721       49.72235
wrapping first mol.:       20.29907       28.70721       49.72235

 NSTEP =    39500   TIME(PS) =    1219.000  TEMP(K) =   304.59  PRESS =     0.0
 Etot   =    -34378.8620  EKtot   =      9318.6719  EPtot      =    -43697.5339
 BOND   =       357.3658  ANGLE   =      1040.4527  DIHED      =      1361.2687
 1-4 NB =       446.3557  1-4 EEL =      6329.0825  VDWAALS    =      4708.3207
 EELEC  =    -58034.6369  EHBOND  =         0.0000  RESTRAINT  =        94.2568
 EAMBER (non-restraint)  =    -43791.7907
 ------------------------------------------------------------------------------

wrapping first mol.:       20.29907       28.70721       49.72235
wrapping first mol.:       20.29907       28.70721       49.72235

 NSTEP =    40000   TIME(PS) =    1220.000  TEMP(K) =   301.75  PRESS =     0.0
 Etot   =    -34416.8246  EKtot   =      9231.6250  EPtot      =    -43648.4496
 BOND   =       364.8361  ANGLE   =      1031.3728  DIHED      =      1356.4234
 1-4 NB =       455.7439  1-4 EEL =      6331.4503  VDWAALS    =      4836.7861
 EELEC  =    -58120.4925  EHBOND  =         0.0000  RESTRAINT  =        95.4304
 EAMBER (non-restraint)  =    -43743.8800
 ------------------------------------------------------------------------------

wrapping first mol.:       20.29907       28.70721       49.72235
wrapping first mol.:       20.29907       28.70721       49.72235

 NSTEP =    40500   TIME(PS) =    1221.000  TEMP(K) =   299.40  PRESS =     0.0
 Etot   =    -34498.8977  EKtot   =      9159.9072  EPtot      =    -43658.8050
 BOND   =       358.9459  ANGLE   =      1013.1479  DIHED      =      1360.2880
 1-4 NB =       451.7845  1-4 EEL =      6320.7671  VDWAALS    =      4578.9802
 EELEC  =    -57837.3442  EHBOND  =         0.0000  RESTRAINT  =        94.6256
 EAMBER (non-restraint)  =    -43753.4306
 ------------------------------------------------------------------------------

wrapping first mol.:       20.29907       28.70721       49.72235
wrapping first mol.:       20.29907       28.70721       49.72235

 NSTEP =    41000   TIME(PS) =    1222.000  TEMP(K) =   299.74  PRESS =     0.0
 Etot   =    -34533.4645  EKtot   =      9170.1797  EPtot      =    -43703.6442
 BOND   =       348.1873  ANGLE   =      1054.3512  DIHED      =      1361.1636
 1-4 NB =       472.9352  1-4 EEL =      6322.9970  VDWAALS    =      4682.5997
 EELEC  =    -58033.8414  EHBOND  =         0.0000  RESTRAINT  =        87.9632
 EAMBER (non-restraint)  =    -43791.6074
 ------------------------------------------------------------------------------

wrapping first mol.:       20.29907       28.70721       49.72235
wrapping first mol.:       20.29907       28.70721       49.72235

 NSTEP =    41500   TIME(PS) =    1223.000  TEMP(K) =   296.29  PRESS =     0.0
 Etot   =    -34697.7895  EKtot   =      9064.7812  EPtot      =    -43762.5708
 BOND   =       362.7376  ANGLE   =      1064.0857  DIHED      =      1366.5841
 1-4 NB =       444.6118  1-4 EEL =      6301.2082  VDWAALS    =      5002.5788
 EELEC  =    -58399.2662  EHBOND  =         0.0000  RESTRAINT  =        94.8890
 EAMBER (non-restraint)  =    -43857.4598
 ------------------------------------------------------------------------------

wrapping first mol.:       20.29907       28.70721       49.72235
wrapping first mol.:       20.29907       28.70721       49.72235

 NSTEP =    42000   TIME(PS) =    1224.000  TEMP(K) =   299.41  PRESS =     0.0
 Etot   =    -34492.3045  EKtot   =      9160.1904  EPtot      =    -43652.4949
 BOND   =       384.0203  ANGLE   =      1055.9768  DIHED      =      1387.5464
 1-4 NB =       453.8960  1-4 EEL =      6280.9923  VDWAALS    =      4749.7936
 EELEC  =    -58055.3887  EHBOND  =         0.0000  RESTRAINT  =        90.6682
 EAMBER (non-restraint)  =    -43743.1632
 ------------------------------------------------------------------------------

wrapping first mol.:       20.29907       28.70721       49.72235
wrapping first mol.:       20.29907       28.70721       49.72235

 NSTEP =    42500   TIME(PS) =    1225.000  TEMP(K) =   303.04  PRESS =     0.0
 Etot   =    -34406.4688  EKtot   =      9271.1611  EPtot      =    -43677.6299
 BOND   =       342.5215  ANGLE   =      1063.5438  DIHED      =      1375.5512
 1-4 NB =       446.2858  1-4 EEL =      6274.1010  VDWAALS    =      4791.2216
 EELEC  =    -58065.9140  EHBOND  =         0.0000  RESTRAINT  =        95.0591
 EAMBER (non-restraint)  =    -43772.6891
 ------------------------------------------------------------------------------

wrapping first mol.:       20.29907       28.70721       49.72235
wrapping first mol.:       20.29907       28.70721       49.72235

 NSTEP =    43000   TIME(PS) =    1226.000  TEMP(K) =   295.76  PRESS =     0.0
 Etot   =    -34720.9699  EKtot   =      9048.3027  EPtot      =    -43769.2726
 BOND   =       364.6542  ANGLE   =      1019.9036  DIHED      =      1379.7970
 1-4 NB =       452.5215  1-4 EEL =      6288.8436  VDWAALS    =      4847.2009
 EELEC  =    -58225.8942  EHBOND  =         0.0000  RESTRAINT  =       103.7008
 EAMBER (non-restraint)  =    -43872.9734
 ------------------------------------------------------------------------------

wrapping first mol.:       20.29907       28.70721       49.72235
wrapping first mol.:       20.29907       28.70721       49.72235

 NSTEP =    43500   TIME(PS) =    1227.000  TEMP(K) =   301.74  PRESS =     0.0
 Etot   =    -34516.4022  EKtot   =      9231.4160  EPtot      =    -43747.8182
 BOND   =       350.6342  ANGLE   =      1052.8373  DIHED      =      1364.8320
 1-4 NB =       469.2495  1-4 EEL =      6307.4383  VDWAALS    =      4720.3948
 EELEC  =    -58102.2532  EHBOND  =         0.0000  RESTRAINT  =        89.0490
 EAMBER (non-restraint)  =    -43836.8671
 ------------------------------------------------------------------------------

wrapping first mol.:       20.29907       28.70721       49.72235
wrapping first mol.:       20.29907       28.70721       49.72235

 NSTEP =    44000   TIME(PS) =    1228.000  TEMP(K) =   298.82  PRESS =     0.0
 Etot   =    -34592.9063  EKtot   =      9142.0283  EPtot      =    -43734.9347
 BOND   =       365.7307  ANGLE   =      1033.1664  DIHED      =      1365.6909
 1-4 NB =       451.3858  1-4 EEL =      6301.4380  VDWAALS    =      4852.4407
 EELEC  =    -58210.4105  EHBOND  =         0.0000  RESTRAINT  =       105.6232
 EAMBER (non-restraint)  =    -43840.5579
 ------------------------------------------------------------------------------

wrapping first mol.:       20.29907       28.70721       49.72235
wrapping first mol.:       20.29907       28.70721       49.72235

 NSTEP =    44500   TIME(PS) =    1229.000  TEMP(K) =   300.34  PRESS =     0.0
 Etot   =    -34475.7592  EKtot   =      9188.4385  EPtot      =    -43664.1976
 BOND   =       328.7248  ANGLE   =      1067.6109  DIHED      =      1397.3233
 1-4 NB =       469.7411  1-4 EEL =      6312.0103  VDWAALS    =      4877.6367
 EELEC  =    -58214.2157  EHBOND  =         0.0000  RESTRAINT  =        96.9709
 EAMBER (non-restraint)  =    -43761.1685
 ------------------------------------------------------------------------------

wrapping first mol.:       20.29907       28.70721       49.72235
wrapping first mol.:       20.29907       28.70721       49.72235

 NSTEP =    45000   TIME(PS) =    1230.000  TEMP(K) =   300.57  PRESS =     0.0
 Etot   =    -34310.4507  EKtot   =      9195.4590  EPtot      =    -43505.9097
 BOND   =       332.8473  ANGLE   =      1077.4919  DIHED      =      1389.8702
 1-4 NB =       452.0631  1-4 EEL =      6292.0713  VDWAALS    =      4692.8263
 EELEC  =    -57833.2632  EHBOND  =         0.0000  RESTRAINT  =        90.1835
 EAMBER (non-restraint)  =    -43596.0931
 ------------------------------------------------------------------------------

wrapping first mol.:       20.29907       28.70721       49.72235
wrapping first mol.:       20.29907       28.70721       49.72235

 NSTEP =    45500   TIME(PS) =    1231.000  TEMP(K) =   299.63  PRESS =     0.0
 Etot   =    -34409.1355  EKtot   =      9166.9756  EPtot      =    -43576.1111
 BOND   =       352.6461  ANGLE   =      1083.5139  DIHED      =      1363.3853
 1-4 NB =       457.7184  1-4 EEL =      6287.7700  VDWAALS    =      4716.4713
 EELEC  =    -57929.4151  EHBOND  =         0.0000  RESTRAINT  =        91.7991
 EAMBER (non-restraint)  =    -43667.9101
 ------------------------------------------------------------------------------

wrapping first mol.:       20.29907       28.70721       49.72235
wrapping first mol.:       20.29907       28.70721       49.72235

 NSTEP =    46000   TIME(PS) =    1232.000  TEMP(K) =   301.65  PRESS =     0.0
 Etot   =    -34485.4839  EKtot   =      9228.5283  EPtot      =    -43714.0122
 BOND   =       348.8266  ANGLE   =      1038.0382  DIHED      =      1365.5491
 1-4 NB =       460.2373  1-4 EEL =      6298.8735  VDWAALS    =      4723.3254
 EELEC  =    -58050.6524  EHBOND  =         0.0000  RESTRAINT  =       101.7901
 EAMBER (non-restraint)  =    -43815.8023
 ------------------------------------------------------------------------------

wrapping first mol.:       20.29907       28.70721       49.72235
wrapping first mol.:       20.29907       28.70721       49.72235

 NSTEP =    46500   TIME(PS) =    1233.000  TEMP(K) =   302.37  PRESS =     0.0
 Etot   =    -34282.0991  EKtot   =      9250.7393  EPtot      =    -43532.8383
 BOND   =       365.2336  ANGLE   =      1072.6232  DIHED      =      1382.6321
 1-4 NB =       450.2727  1-4 EEL =      6302.8947  VDWAALS    =      4621.0855
 EELEC  =    -57826.8324  EHBOND  =         0.0000  RESTRAINT  =        99.2523
 EAMBER (non-restraint)  =    -43632.0906
 ------------------------------------------------------------------------------

wrapping first mol.:       20.29907       28.70721       49.72235
wrapping first mol.:       20.29907       28.70721       49.72235

 NSTEP =    47000   TIME(PS) =    1234.000  TEMP(K) =   299.61  PRESS =     0.0
 Etot   =    -34275.4774  EKtot   =      9166.0723  EPtot      =    -43441.5496
 BOND   =       342.2268  ANGLE   =      1101.1289  DIHED      =      1376.5200
 1-4 NB =       456.6123  1-4 EEL =      6303.8672  VDWAALS    =      4534.2194
 EELEC  =    -57645.2175  EHBOND  =         0.0000  RESTRAINT  =        89.0933
 EAMBER (non-restraint)  =    -43530.6429
 ------------------------------------------------------------------------------

wrapping first mol.:       20.29907       28.70721       49.72235
wrapping first mol.:       20.29907       28.70721       49.72235

 NSTEP =    47500   TIME(PS) =    1235.000  TEMP(K) =   295.36  PRESS =     0.0
 Etot   =    -34413.3582  EKtot   =      9036.0996  EPtot      =    -43449.4578
 BOND   =       336.2679  ANGLE   =      1071.3407  DIHED      =      1383.4130
 1-4 NB =       455.1657  1-4 EEL =      6289.3412  VDWAALS    =      4849.1324
 EELEC  =    -57927.5169  EHBOND  =         0.0000  RESTRAINT  =        93.3982
 EAMBER (non-restraint)  =    -43542.8560
 ------------------------------------------------------------------------------

wrapping first mol.:       20.29907       28.70721       49.72235
wrapping first mol.:       20.29907       28.70721       49.72235

 NSTEP =    48000   TIME(PS) =    1236.000  TEMP(K) =   297.91  PRESS =     0.0
 Etot   =    -34657.4605  EKtot   =      9114.1875  EPtot      =    -43771.6480
 BOND   =       352.3079  ANGLE   =      1054.5012  DIHED      =      1380.8429
 1-4 NB =       456.8563  1-4 EEL =      6274.2260  VDWAALS    =      4879.3167
 EELEC  =    -58268.3962  EHBOND  =         0.0000  RESTRAINT  =        98.6972
 EAMBER (non-restraint)  =    -43870.3451
 ------------------------------------------------------------------------------

wrapping first mol.:       20.29907       28.70721       49.72235
wrapping first mol.:       20.29907       28.70721       49.72235

 NSTEP =    48500   TIME(PS) =    1237.000  TEMP(K) =   302.41  PRESS =     0.0
 Etot   =    -34492.3696  EKtot   =      9251.7637  EPtot      =    -43744.1333
 BOND   =       327.4158  ANGLE   =      1041.1554  DIHED      =      1360.4185
 1-4 NB =       452.1849  1-4 EEL =      6289.4313  VDWAALS    =      4650.1548
 EELEC  =    -57953.9281  EHBOND  =         0.0000  RESTRAINT  =        89.0341
 EAMBER (non-restraint)  =    -43833.1674
 ------------------------------------------------------------------------------

wrapping first mol.:       20.29907       28.70721       49.72235
wrapping first mol.:       20.29907       28.70721       49.72235

 NSTEP =    49000   TIME(PS) =    1238.000  TEMP(K) =   298.66  PRESS =     0.0
 Etot   =    -34630.0289  EKtot   =      9137.2109  EPtot      =    -43767.2398
 BOND   =       368.0661  ANGLE   =      1077.2272  DIHED      =      1381.4589
 1-4 NB =       447.8593  1-4 EEL =      6273.9035  VDWAALS    =      4710.7101
 EELEC  =    -58113.7982  EHBOND  =         0.0000  RESTRAINT  =        87.3332
 EAMBER (non-restraint)  =    -43854.5730
 ------------------------------------------------------------------------------

wrapping first mol.:       20.29907       28.70721       49.72235
wrapping first mol.:       20.29907       28.70721       49.72235

 NSTEP =    49500   TIME(PS) =    1239.000  TEMP(K) =   302.88  PRESS =     0.0
 Etot   =    -34352.3589  EKtot   =      9266.1553  EPtot      =    -43618.5142
 BOND   =       348.9574  ANGLE   =      1003.4806  DIHED      =      1375.9489
 1-4 NB =       454.1172  1-4 EEL =      6296.3144  VDWAALS    =      4724.4302
 EELEC  =    -57925.8883  EHBOND  =         0.0000  RESTRAINT  =       104.1255
 EAMBER (non-restraint)  =    -43722.6397
 ------------------------------------------------------------------------------

wrapping first mol.:       20.29907       28.70721       49.72235
wrapping first mol.:       20.29907       28.70721       49.72235

 NSTEP =    50000   TIME(PS) =    1240.000  TEMP(K) =   301.32  PRESS =     0.0
 Etot   =    -34338.6214  EKtot   =      9218.3984  EPtot      =    -43557.0198
 BOND   =       371.9157  ANGLE   =      1058.7569  DIHED      =      1380.2800
 1-4 NB =       445.1839  1-4 EEL =      6301.3763  VDWAALS    =      4789.6389
 EELEC  =    -58001.5535  EHBOND  =         0.0000  RESTRAINT  =        97.3820
 EAMBER (non-restraint)  =    -43654.4018
 ------------------------------------------------------------------------------


      A V E R A G E S   O V E R     100 S T E P S


 NSTEP =    50000   TIME(PS) =    1240.000  TEMP(K) =   300.62  PRESS =     0.0
 Etot   =    -34383.7259  EKtot   =      9196.9740  EPtot      =    -43580.6998
 BOND   =       348.8612  ANGLE   =      1059.9564  DIHED      =      1374.1001
 1-4 NB =       453.1798  1-4 EEL =      6296.5389  VDWAALS    =      4735.3242
 EELEC  =    -57943.4025  EHBOND  =         0.0000  RESTRAINT  =        94.7420
 EAMBER (non-restraint)  =    -43675.4419
 ------------------------------------------------------------------------------


      R M S  F L U C T U A T I O N S


 NSTEP =    50000   TIME(PS) =    1240.000  TEMP(K) =     2.06  PRESS =     0.0
 Etot   =       122.1606  EKtot   =        62.9827  EPtot      =       108.6317
 BOND   =        13.1420  ANGLE   =        24.7459  DIHED      =        11.8121
 1-4 NB =         7.7867  1-4 EEL =        19.9623  VDWAALS    =       105.1830
 EELEC  =       182.8317  EHBOND  =         0.0000  RESTRAINT  =         5.0826
 EAMBER (non-restraint)  =       103.5491
 ------------------------------------------------------------------------------

--------------------------------------------------------------------------------
   5.  TIMINGS
--------------------------------------------------------------------------------

|  NonSetup CPU Time in Major Routines:
|
|     Routine           Sec        %
|     ------------------------------
|     Nonbond          12.82   33.41
|     Bond              0.00    0.00
|     Angle             0.00    0.00
|     Dihedral          0.00    0.00
|     Shake             0.68    1.78
|     RunMD            24.80   64.65
|     Other             0.06    0.16
|     ------------------------------
|     Total            38.36

|  PME Nonbond Pairlist CPU Time:
|
|     Routine              Sec        %
|     ---------------------------------
|     Set Up Cit           0.00    0.00
|     Build List           0.00    0.00
|     ---------------------------------
|     Total                0.00    0.00

|  PME Direct Force CPU Time:
|
|     Routine              Sec        %
|     ---------------------------------
|     NonBonded Calc       0.00    0.00
|     Exclude Masked       0.00    0.00
|     Other                0.03    0.07
|     ---------------------------------
|     Total                0.03    0.07

|  PME Reciprocal Force CPU Time:
|
|     Routine              Sec        %
|     ---------------------------------
|     1D bspline           0.00    0.00
|     Grid Charges         0.00    0.00
|     Scalar Sum           0.00    0.00
|     Gradient Sum         0.00    0.00
|     FFT                  0.00    0.00
|     ---------------------------------
|     Total                0.00    0.00

|  Final Performance Info:
|     -----------------------------------------------------
|     Average timings for last   49500 steps:
|     Elapsed(s) =      37.95 Per Step(ms) =       0.77
|         ns/day =     225.37   seconds/ns =     383.36
|
|     Average timings for all steps:
|     Elapsed(s) =      38.36 Per Step(ms) =       0.77
|         ns/day =     225.23   seconds/ns =     383.60
|     -----------------------------------------------------

|  Setup CPU time:            2.73 seconds
|  NonSetup CPU time:        38.36 seconds
|  Total CPU time:           41.09 seconds     0.01 hours

|  Setup wall time:           3    seconds
|  NonSetup wall time:       38    seconds
|  Total wall time:          41    seconds     0.01 hours
