
          -------------------------------------------------------
          Amber 16 PMEMD                              2016
          -------------------------------------------------------

| PMEMD implementation of SANDER, Release 16

| Run on 11/17/2017 at 08:18:28

|   Executable path: /apps/amber16/bin/pmemd.cuda
| Working directory: /home/pbarletta
|          Hostname: mordor

  [-O]verwriting output

File Assignments:
|   MDIN: /scratch/pbarletta/cph_obp/run/ctv/mhe/e/13equ.in                     
|  MDOUT: /scratch/pbarletta/cph_obp/run/ctv/mhe/e/13equ.out                    
| INPCRD: /scratch/pbarletta/cph_obp/run/ctv/mhe/e/12ectv.rst7                  
|   PARM: /scratch/pbarletta/cph_obp/top_files/ctv.prmtop                       
| RESTRT: /scratch/pbarletta/cph_obp/run/ctv/mhe/e/13ectv.rst7                  
|   REFC: /scratch/pbarletta/cph_obp/run/ctv/mhe/e/12ectv.rst7                  
|  MDVEL: mdvel                                                                 
|   MDEN: mden                                                                  
|  MDCRD: /scratch/pbarletta/cph_obp/run/ctv/mhe/e/13ectv.nc                    
| MDINFO: mdinfo                                                                
|  MDFRC: mdfrc                                                                 


 Here is the input file:

Equilibration with solute restrictions                                         
&cntrl                                                                         
imin = 0,                           ! No Minimization                          
nmropt = 0,                         ! No NMR restraints read                   
                                                                               
! Nature and format of the input                                               
ntx = 5,                            ! Coordinates but no velocities will be rea
irest = 1,                          ! Do not run a new simulation              
                                                                               
! Nature and format of the output                                              
ntxo = 1,                           ! rstrt file in ASCII format               
ntpr = 500,                         ! inf in output every ntpr steps           
ntwr = 500,                         ! rstrt file every ntwr steps              
ntwx = 500,                         ! mdcrd file every ntwx steps              
ntwv = 0,                           ! mdvel without velocities                 
ntwe = 0,                           ! Energies and temperatures not written in 
idecomp = 0,                        ! No energy decomposition                  
iwrap = 1,                          ! Coordinates of the restart and mdcrd file
                                                                               
! Frozen or restrained atoms                                                   
ibelly = 0,                         ! No frozen atoms                          
ntr=1,                              ! Harmonic potential restraints            
restraint_wt = 4.0,                ! The weight for the positional restraints  
restraintmask = ':1-120@N,CA,C,O',  ! restrained residues                      
                                                                               
! Molecular dynamics                                                           
nstlim = 50000,                     ! Number of MD-steps                       
dt = 0.002,                         ! Time step                                
                                                                               
! Temperature regulation                                                       
ntt = 3,                            ! Langevin thermostat                      
gamma_ln = 5,                       ! Gamma constant for Langevin              
temp0 = 300.0,                      ! Reference T at which the system is to be 
tempi = 300.0,                      ! Initial T                                
ig = -1,                            ! Seed for the RNG                         
                                                                               
! P and V regulation                                                           
ntp = 0,                            ! No pressure control                      
ntb = 1,                            ! Periodic box for constant V              
                                                                               
! SHAKE variables                                                              
ntc = 2,                            ! Bonds involving H are constrained        
ntf = 2,                            ! Bond interaction involving H are ommited.
                                                                               
cut = 10.0,                         ! Nonbonded cutoff                         
                                                                               
/                                                                              
&end                                                                           


Note: ig = -1. Setting random seed to   664119 based on wallclock time in 
      microseconds.
| irandom = 1, using AMBER's internal random number generator (default).
 
|--------------------- INFORMATION ----------------------
| GPU (CUDA) Version of PMEMD in use: NVIDIA GPU IN USE.
|                    Version 16.0.0
| 
|                      02/25/2016
| 
| Implementation by:
|                    Ross C. Walker     (SDSC)
|                    Scott Le Grand     (nVIDIA)
| 
| Precision model in use:
|      [SPFP] - Single Precision Forces, 64-bit Fixed Point
|               Accumulation. (Default)
| 
|--------------------------------------------------------
 
|----------------- CITATION INFORMATION -----------------
|
|    When publishing work that utilized the CUDA version
|    of AMBER, please cite the following in addition to
|    the regular AMBER citations:
|
|  - Romelia Salomon-Ferrer; Andreas W. Goetz; Duncan
|    Poole; Scott Le Grand; Ross C. Walker "Routine
|    microsecond molecular dynamics simulations with
|    AMBER - Part II: Particle Mesh Ewald", J. Chem.
|    Theory Comput., 2013, 9 (9), pp3878-3888,
|    DOI: 10.1021/ct400314y.
|
|  - Andreas W. Goetz; Mark J. Williamson; Dong Xu;
|    Duncan Poole; Scott Le Grand; Ross C. Walker
|    "Routine microsecond molecular dynamics simulations
|    with AMBER - Part I: Generalized Born", J. Chem.
|    Theory Comput., 2012, 8 (5), pp1542-1555.
|
|  - Scott Le Grand; Andreas W. Goetz; Ross C. Walker
|    "SPFP: Speed without compromise - a mixed precision
|    model for GPU accelerated molecular dynamics
|    simulations.", Comp. Phys. Comm., 2013, 184
|    pp374-380, DOI: 10.1016/j.cpc.2012.09.022
|
|--------------------------------------------------------
 
|------------------- GPU DEVICE INFO --------------------
|
|            CUDA_VISIBLE_DEVICES: 1
|   CUDA Capable Devices Detected:      1
|           CUDA Device ID in use:      0
|                CUDA Device Name: GeForce GTX 1080 Ti
|     CUDA Device Global Mem Size:  11172 MB
| CUDA Device Num Multiprocessors:     28
|           CUDA Device Core Freq:   1.58 GHz
|
|--------------------------------------------------------
 
 
| Conditional Compilation Defines Used:
| PUBFFT
| BINTRAJ
| CUDA
| EMIL

| Largest sphere to fit in unit cell has radius =    24.861

| New format PARM file being parsed.
| Version =    1.000 Date = 11/14/17 Time = 21:26:59

| Note: 1-4 EEL scale factors are being read from the topology file.

| Note: 1-4 VDW scale factors are being read from the topology file.
| Duplicated    0 dihedrals

| Duplicated    0 dihedrals

--------------------------------------------------------------------------------
   1.  RESOURCE   USE: 
--------------------------------------------------------------------------------

 getting new box info from bottom of inpcrd
 NATOM  =   14918 NTYPES =      18 NBONH =   13963 MBONA  =     961
 NTHETH =    2368 MTHETA =    1289 NPHIH =    4522 MPHIA  =    3259
 NHPARM =       0 NPARM  =       0 NNB   =   28275 NRES   =    4423
 NBONA  =     961 NTHETA =    1289 NPHIA =    3259 NUMBND =      48
 NUMANG =     101 NPTRA  =      41 NATYP =      33 NPHB   =       1
 IFBOX  =       2 NMXRS  =      26 IFCAP =       0 NEXTRA =       0
 NCOPY  =       0

| Coordinate Index Table dimensions:     9    9    9
| Direct force subcell size =     6.7664    6.7664    6.7664

     BOX TYPE: TRUNCATED OCTAHEDRON

--------------------------------------------------------------------------------
   2.  CONTROL  DATA  FOR  THE  RUN
--------------------------------------------------------------------------------

default_name                                                                    

General flags:
     imin    =       0, nmropt  =       0

Nature and format of input:
     ntx     =       5, irest   =       1, ntrx    =       1

Nature and format of output:
     ntxo    =       1, ntpr    =     500, ntrx    =       1, ntwr    =     500
     iwrap   =       1, ntwx    =     500, ntwv    =       0, ntwe    =       0
     ioutfm  =       1, ntwprt  =       0, idecomp =       0, rbornstat=      0

Potential function:
     ntf     =       2, ntb     =       1, igb     =       0, nsnb    =      25
     ipol    =       0, gbsa    =       0, iesp    =       0
     dielc   =   1.00000, cut     =  10.00000, intdiel =   1.00000

Frozen or restrained atoms:
     ibelly  =       0, ntr     =       1
     restraint_wt =   4.00000

Molecular dynamics:
     nstlim  =     50000, nscm    =         0, nrespa  =         1
     t       =   0.00000, dt      =   0.00200, vlimit  =  -1.00000

Langevin dynamics temperature regulation:
     ig      =  664119
     temp0   = 300.00000, tempi   = 300.00000, gamma_ln=   5.00000

SHAKE:
     ntc     =       2, jfastw  =       0
     tol     =   0.00001

| Intermolecular bonds treatment:
|     no_intermolecular_bonds =       1

| Energy averages sample interval:
|     ene_avg_sampling =     500

Ewald parameters:
     verbose =       0, ew_type =       0, nbflag  =       1, use_pme =       1
     vdwmeth =       1, eedmeth =       1, netfrc  =       1
     Box X =   60.897   Box Y =   60.897   Box Z =   60.897
     Alpha =  109.471   Beta  =  109.471   Gamma =  109.471
     NFFT1 =   64       NFFT2 =   64       NFFT3 =   64
     Cutoff=   10.000   Tol   =0.100E-04
     Ewald Coefficient =  0.27511
     Interpolation order =    4

    LOADING THE CONSTRAINED ATOMS AS GROUPS


   5.  REFERENCE ATOM COORDINATES

  default_name                                                                    
     Mask :1-120@N,CA,C,O; matches   476 atoms

--------------------------------------------------------------------------------
   3.  ATOMIC COORDINATES AND VELOCITIES
--------------------------------------------------------------------------------

default_name                                                                    
 begin time read from input coords =  1340.000 ps

 
 Number of triangulated 3-point waters found:     4302

     Sum of charges from parm topology file =   0.00000094
     Forcing neutrality...

| Dynamic Memory, Types Used:
| Reals              578204
| Integers           551472

| Nonbonded Pairs Initial Allocation:     4512322

| GPU memory information (estimate):
| KB of GPU memory in use:    141360
| KB of CPU memory in use:     29328

--------------------------------------------------------------------------------
   4.  RESULTS
--------------------------------------------------------------------------------

 ---------------------------------------------------
 APPROXIMATING switch and d/dx switch using CUBIC SPLINE INTERPOLATION
 using   5000.0 points per unit in tabled values
 TESTING RELATIVE ERROR over r ranging from 0.0 to cutoff
| CHECK switch(x): max rel err =   0.2738E-14   at   2.422500
| CHECK d/dx switch(x): max rel err =   0.8314E-11   at   2.736960
 ---------------------------------------------------
|---------------------------------------------------
| APPROXIMATING direct energy using CUBIC SPLINE INTERPOLATION
|  with   50.0 points per unit in tabled values
| Relative Error Limit not exceeded for r .gt.   2.33
| APPROXIMATING direct force using CUBIC SPLINE INTERPOLATION
|  with   50.0 points per unit in tabled values
| Relative Error Limit not exceeded for r .gt.   2.80
|---------------------------------------------------
wrapping first mol.:       20.29907       28.70721       49.72235
wrapping first mol.:       20.29907       28.70721       49.72235

 NSTEP =      500   TIME(PS) =    1341.000  TEMP(K) =   295.72  PRESS =     0.0
 Etot   =    -34552.7230  EKtot   =      9047.2373  EPtot      =    -43599.9603
 BOND   =       362.3115  ANGLE   =      1070.4953  DIHED      =      1373.7598
 1-4 NB =       453.4567  1-4 EEL =      6323.2813  VDWAALS    =      4733.3143
 EELEC  =    -58003.7456  EHBOND  =         0.0000  RESTRAINT  =        87.1663
 EAMBER (non-restraint)  =    -43687.1266
 ------------------------------------------------------------------------------

wrapping first mol.:       20.29907       28.70721       49.72235
wrapping first mol.:       20.29907       28.70721       49.72235

 NSTEP =     1000   TIME(PS) =    1342.000  TEMP(K) =   301.48  PRESS =     0.0
 Etot   =    -34363.4283  EKtot   =      9223.2910  EPtot      =    -43586.7193
 BOND   =       369.1981  ANGLE   =      1049.6180  DIHED      =      1367.3002
 1-4 NB =       449.5236  1-4 EEL =      6311.6311  VDWAALS    =      4755.9379
 EELEC  =    -57968.6247  EHBOND  =         0.0000  RESTRAINT  =        78.6966
 EAMBER (non-restraint)  =    -43665.4159
 ------------------------------------------------------------------------------

wrapping first mol.:       20.29907       28.70721       49.72235
wrapping first mol.:       20.29907       28.70721       49.72235

 NSTEP =     1500   TIME(PS) =    1343.000  TEMP(K) =   300.99  PRESS =     0.0
 Etot   =    -34507.5546  EKtot   =      9208.4502  EPtot      =    -43716.0048
 BOND   =       317.4672  ANGLE   =      1103.5569  DIHED      =      1365.0859
 1-4 NB =       445.8062  1-4 EEL =      6296.7018  VDWAALS    =      4755.2560
 EELEC  =    -58076.9742  EHBOND  =         0.0000  RESTRAINT  =        77.0954
 EAMBER (non-restraint)  =    -43793.1002
 ------------------------------------------------------------------------------

wrapping first mol.:       20.29907       28.70721       49.72235
wrapping first mol.:       20.29907       28.70721       49.72235

 NSTEP =     2000   TIME(PS) =    1344.000  TEMP(K) =   299.55  PRESS =     0.0
 Etot   =    -34399.5025  EKtot   =      9164.4434  EPtot      =    -43563.9459
 BOND   =       337.1595  ANGLE   =      1089.9203  DIHED      =      1389.7018
 1-4 NB =       441.5755  1-4 EEL =      6313.2245  VDWAALS    =      4727.1427
 EELEC  =    -57937.9449  EHBOND  =         0.0000  RESTRAINT  =        75.2746
 EAMBER (non-restraint)  =    -43639.2205
 ------------------------------------------------------------------------------

wrapping first mol.:       20.29907       28.70721       49.72235
wrapping first mol.:       20.29907       28.70721       49.72235

 NSTEP =     2500   TIME(PS) =    1345.000  TEMP(K) =   299.30  PRESS =     0.0
 Etot   =    -34324.8900  EKtot   =      9156.8291  EPtot      =    -43481.7191
 BOND   =       356.6121  ANGLE   =      1040.2674  DIHED      =      1383.4688
 1-4 NB =       444.0089  1-4 EEL =      6304.7232  VDWAALS    =      4681.2147
 EELEC  =    -57774.3184  EHBOND  =         0.0000  RESTRAINT  =        82.3042
 EAMBER (non-restraint)  =    -43564.0232
 ------------------------------------------------------------------------------

wrapping first mol.:       20.29907       28.70721       49.72235
wrapping first mol.:       20.29907       28.70721       49.72235

 NSTEP =     3000   TIME(PS) =    1346.000  TEMP(K) =   298.59  PRESS =     0.0
 Etot   =    -34564.9775  EKtot   =      9134.9482  EPtot      =    -43699.9257
 BOND   =       377.4539  ANGLE   =      1077.0134  DIHED      =      1356.2599
 1-4 NB =       435.9813  1-4 EEL =      6292.8592  VDWAALS    =      4846.4780
 EELEC  =    -58175.1599  EHBOND  =         0.0000  RESTRAINT  =        89.1885
 EAMBER (non-restraint)  =    -43789.1142
 ------------------------------------------------------------------------------

wrapping first mol.:       20.29907       28.70721       49.72235
wrapping first mol.:       20.29907       28.70721       49.72235

 NSTEP =     3500   TIME(PS) =    1347.000  TEMP(K) =   295.51  PRESS =     0.0
 Etot   =    -34435.1161  EKtot   =      9040.7324  EPtot      =    -43475.8486
 BOND   =       338.9938  ANGLE   =      1080.2522  DIHED      =      1345.0620
 1-4 NB =       453.5284  1-4 EEL =      6337.9144  VDWAALS    =      4679.4643
 EELEC  =    -57795.1548  EHBOND  =         0.0000  RESTRAINT  =        84.0913
 EAMBER (non-restraint)  =    -43559.9398
 ------------------------------------------------------------------------------

wrapping first mol.:       20.29907       28.70721       49.72235
wrapping first mol.:       20.29907       28.70721       49.72235

 NSTEP =     4000   TIME(PS) =    1348.000  TEMP(K) =   299.65  PRESS =     0.0
 Etot   =    -34554.0345  EKtot   =      9167.3232  EPtot      =    -43721.3578
 BOND   =       345.4918  ANGLE   =      1040.3092  DIHED      =      1363.3109
 1-4 NB =       453.7166  1-4 EEL =      6296.7214  VDWAALS    =      4762.8704
 EELEC  =    -58063.8700  EHBOND  =         0.0000  RESTRAINT  =        80.0918
 EAMBER (non-restraint)  =    -43801.4496
 ------------------------------------------------------------------------------

wrapping first mol.:       20.29907       28.70721       49.72235
wrapping first mol.:       20.29907       28.70721       49.72235

 NSTEP =     4500   TIME(PS) =    1349.000  TEMP(K) =   297.98  PRESS =     0.0
 Etot   =    -34564.1054  EKtot   =      9116.2510  EPtot      =    -43680.3564
 BOND   =       370.1933  ANGLE   =      1057.3458  DIHED      =      1352.8508
 1-4 NB =       440.7898  1-4 EEL =      6259.8940  VDWAALS    =      4831.6277
 EELEC  =    -58075.2309  EHBOND  =         0.0000  RESTRAINT  =        82.1732
 EAMBER (non-restraint)  =    -43762.5296
 ------------------------------------------------------------------------------

wrapping first mol.:       20.29907       28.70721       49.72235
wrapping first mol.:       20.29907       28.70721       49.72235

 NSTEP =     5000   TIME(PS) =    1350.000  TEMP(K) =   302.97  PRESS =     0.0
 Etot   =    -34438.8236  EKtot   =      9268.9717  EPtot      =    -43707.7953
 BOND   =       354.3417  ANGLE   =      1042.6196  DIHED      =      1355.7278
 1-4 NB =       444.8733  1-4 EEL =      6294.7355  VDWAALS    =      4733.0050
 EELEC  =    -58007.7553  EHBOND  =         0.0000  RESTRAINT  =        74.6570
 EAMBER (non-restraint)  =    -43782.4523
 ------------------------------------------------------------------------------

wrapping first mol.:       20.29907       28.70721       49.72235
wrapping first mol.:       20.29907       28.70721       49.72235

 NSTEP =     5500   TIME(PS) =    1351.000  TEMP(K) =   299.46  PRESS =     0.0
 Etot   =    -34573.1429  EKtot   =      9161.5830  EPtot      =    -43734.7259
 BOND   =       349.5254  ANGLE   =      1024.9964  DIHED      =      1369.8497
 1-4 NB =       444.5837  1-4 EEL =      6302.6348  VDWAALS    =      4890.6618
 EELEC  =    -58202.0515  EHBOND  =         0.0000  RESTRAINT  =        85.0738
 EAMBER (non-restraint)  =    -43819.7997
 ------------------------------------------------------------------------------

wrapping first mol.:       20.29907       28.70721       49.72235
wrapping first mol.:       20.29907       28.70721       49.72235

 NSTEP =     6000   TIME(PS) =    1352.000  TEMP(K) =   298.73  PRESS =     0.0
 Etot   =    -34550.6465  EKtot   =      9139.3477  EPtot      =    -43689.9942
 BOND   =       348.1836  ANGLE   =      1060.7315  DIHED      =      1361.6930
 1-4 NB =       454.1393  1-4 EEL =      6322.4564  VDWAALS    =      4749.8096
 EELEC  =    -58063.9289  EHBOND  =         0.0000  RESTRAINT  =        76.9213
 EAMBER (non-restraint)  =    -43766.9155
 ------------------------------------------------------------------------------

wrapping first mol.:       20.29907       28.70721       49.72235
wrapping first mol.:       20.29907       28.70721       49.72235

 NSTEP =     6500   TIME(PS) =    1353.000  TEMP(K) =   296.52  PRESS =     0.0
 Etot   =    -34678.6057  EKtot   =      9071.5273  EPtot      =    -43750.1331
 BOND   =       368.6080  ANGLE   =      1038.3881  DIHED      =      1375.9950
 1-4 NB =       449.7039  1-4 EEL =      6303.4009  VDWAALS    =      4742.3241
 EELEC  =    -58107.4446  EHBOND  =         0.0000  RESTRAINT  =        78.8914
 EAMBER (non-restraint)  =    -43829.0245
 ------------------------------------------------------------------------------

wrapping first mol.:       20.29907       28.70721       49.72235
wrapping first mol.:       20.29907       28.70721       49.72235

 NSTEP =     7000   TIME(PS) =    1354.000  TEMP(K) =   298.34  PRESS =     0.0
 Etot   =    -34508.8883  EKtot   =      9127.2646  EPtot      =    -43636.1529
 BOND   =       349.2904  ANGLE   =      1105.9711  DIHED      =      1382.3182
 1-4 NB =       457.9815  1-4 EEL =      6301.7351  VDWAALS    =      4789.6322
 EELEC  =    -58100.8819  EHBOND  =         0.0000  RESTRAINT  =        77.8004
 EAMBER (non-restraint)  =    -43713.9534
 ------------------------------------------------------------------------------

wrapping first mol.:       20.29907       28.70721       49.72235
wrapping first mol.:       20.29907       28.70721       49.72235

 NSTEP =     7500   TIME(PS) =    1355.000  TEMP(K) =   300.50  PRESS =     0.0
 Etot   =    -34407.2367  EKtot   =      9193.4365  EPtot      =    -43600.6732
 BOND   =       341.9217  ANGLE   =      1087.6617  DIHED      =      1374.2616
 1-4 NB =       458.4509  1-4 EEL =      6289.4140  VDWAALS    =      4666.0979
 EELEC  =    -57890.8990  EHBOND  =         0.0000  RESTRAINT  =        72.4179
 EAMBER (non-restraint)  =    -43673.0912
 ------------------------------------------------------------------------------

wrapping first mol.:       20.29907       28.70721       49.72235
wrapping first mol.:       20.29907       28.70721       49.72235

 NSTEP =     8000   TIME(PS) =    1356.000  TEMP(K) =   301.11  PRESS =     0.0
 Etot   =    -34506.2700  EKtot   =      9212.2100  EPtot      =    -43718.4800
 BOND   =       365.8679  ANGLE   =      1051.3924  DIHED      =      1363.9101
 1-4 NB =       449.0171  1-4 EEL =      6306.4972  VDWAALS    =      4727.1193
 EELEC  =    -58062.3041  EHBOND  =         0.0000  RESTRAINT  =        80.0201
 EAMBER (non-restraint)  =    -43798.5001
 ------------------------------------------------------------------------------

wrapping first mol.:       20.29907       28.70721       49.72235
wrapping first mol.:       20.29907       28.70721       49.72235

 NSTEP =     8500   TIME(PS) =    1357.000  TEMP(K) =   297.61  PRESS =     0.0
 Etot   =    -34482.6714  EKtot   =      9104.9766  EPtot      =    -43587.6479
 BOND   =       353.9929  ANGLE   =      1055.2770  DIHED      =      1378.2120
 1-4 NB =       445.5633  1-4 EEL =      6288.1529  VDWAALS    =      4804.6035
 EELEC  =    -57989.8885  EHBOND  =         0.0000  RESTRAINT  =        76.4389
 EAMBER (non-restraint)  =    -43664.0868
 ------------------------------------------------------------------------------

wrapping first mol.:       20.29907       28.70721       49.72235
wrapping first mol.:       20.29907       28.70721       49.72235

 NSTEP =     9000   TIME(PS) =    1358.000  TEMP(K) =   300.58  PRESS =     0.0
 Etot   =    -34556.2567  EKtot   =      9195.8066  EPtot      =    -43752.0634
 BOND   =       347.5852  ANGLE   =      1081.6750  DIHED      =      1372.6834
 1-4 NB =       456.5762  1-4 EEL =      6300.3795  VDWAALS    =      4671.5244
 EELEC  =    -58059.7758  EHBOND  =         0.0000  RESTRAINT  =        77.2887
 EAMBER (non-restraint)  =    -43829.3521
 ------------------------------------------------------------------------------

wrapping first mol.:       20.29907       28.70721       49.72235
wrapping first mol.:       20.29907       28.70721       49.72235

 NSTEP =     9500   TIME(PS) =    1359.000  TEMP(K) =   295.88  PRESS =     0.0
 Etot   =    -34604.2837  EKtot   =      9051.9980  EPtot      =    -43656.2818
 BOND   =       360.3594  ANGLE   =      1053.9728  DIHED      =      1366.4551
 1-4 NB =       455.3721  1-4 EEL =      6291.5153  VDWAALS    =      4702.2351
 EELEC  =    -57985.9648  EHBOND  =         0.0000  RESTRAINT  =        99.7732
 EAMBER (non-restraint)  =    -43756.0549
 ------------------------------------------------------------------------------

wrapping first mol.:       20.29907       28.70721       49.72235
wrapping first mol.:       20.29907       28.70721       49.72235

 NSTEP =    10000   TIME(PS) =    1360.000  TEMP(K) =   296.34  PRESS =     0.0
 Etot   =    -34550.8850  EKtot   =      9066.2324  EPtot      =    -43617.1174
 BOND   =       340.1280  ANGLE   =      1060.1095  DIHED      =      1363.0685
 1-4 NB =       452.9630  1-4 EEL =      6301.0428  VDWAALS    =      4712.0636
 EELEC  =    -57925.4903  EHBOND  =         0.0000  RESTRAINT  =        78.9976
 EAMBER (non-restraint)  =    -43696.1150
 ------------------------------------------------------------------------------

wrapping first mol.:       20.29907       28.70721       49.72235
wrapping first mol.:       20.29907       28.70721       49.72235

 NSTEP =    10500   TIME(PS) =    1361.000  TEMP(K) =   294.95  PRESS =     0.0
 Etot   =    -34660.9396  EKtot   =      9023.7207  EPtot      =    -43684.6603
 BOND   =       339.4948  ANGLE   =      1085.6655  DIHED      =      1343.5128
 1-4 NB =       465.8918  1-4 EEL =      6337.5186  VDWAALS    =      4744.3856
 EELEC  =    -58081.0548  EHBOND  =         0.0000  RESTRAINT  =        79.9254
 EAMBER (non-restraint)  =    -43764.5856
 ------------------------------------------------------------------------------

wrapping first mol.:       20.29907       28.70721       49.72235
wrapping first mol.:       20.29907       28.70721       49.72235

 NSTEP =    11000   TIME(PS) =    1362.000  TEMP(K) =   302.55  PRESS =     0.0
 Etot   =    -34331.8177  EKtot   =      9256.2979  EPtot      =    -43588.1156
 BOND   =       349.4700  ANGLE   =      1031.3733  DIHED      =      1370.9629
 1-4 NB =       447.8779  1-4 EEL =      6313.0811  VDWAALS    =      4742.6705
 EELEC  =    -57919.5528  EHBOND  =         0.0000  RESTRAINT  =        76.0015
 EAMBER (non-restraint)  =    -43664.1171
 ------------------------------------------------------------------------------

wrapping first mol.:       20.29907       28.70721       49.72235
wrapping first mol.:       20.29907       28.70721       49.72235

 NSTEP =    11500   TIME(PS) =    1363.000  TEMP(K) =   295.96  PRESS =     0.0
 Etot   =    -34741.2735  EKtot   =      9054.5801  EPtot      =    -43795.8536
 BOND   =       317.5274  ANGLE   =      1053.9729  DIHED      =      1360.4566
 1-4 NB =       445.3441  1-4 EEL =      6280.8737  VDWAALS    =      4652.7884
 EELEC  =    -57980.6551  EHBOND  =         0.0000  RESTRAINT  =        73.8383
 EAMBER (non-restraint)  =    -43869.6919
 ------------------------------------------------------------------------------

wrapping first mol.:       20.29907       28.70721       49.72235
wrapping first mol.:       20.29907       28.70721       49.72235

 NSTEP =    12000   TIME(PS) =    1364.000  TEMP(K) =   296.97  PRESS =     0.0
 Etot   =    -34589.9025  EKtot   =      9085.4629  EPtot      =    -43675.3654
 BOND   =       345.7093  ANGLE   =      1030.6608  DIHED      =      1333.8707
 1-4 NB =       444.5836  1-4 EEL =      6281.6086  VDWAALS    =      4941.7396
 EELEC  =    -58135.7098  EHBOND  =         0.0000  RESTRAINT  =        82.1718
 EAMBER (non-restraint)  =    -43757.5372
 ------------------------------------------------------------------------------

wrapping first mol.:       20.29907       28.70721       49.72235
wrapping first mol.:       20.29907       28.70721       49.72235

 NSTEP =    12500   TIME(PS) =    1365.000  TEMP(K) =   299.75  PRESS =     0.0
 Etot   =    -34294.1565  EKtot   =      9170.6387  EPtot      =    -43464.7952
 BOND   =       369.3473  ANGLE   =      1074.0246  DIHED      =      1391.3310
 1-4 NB =       452.8183  1-4 EEL =      6333.8656  VDWAALS    =      4826.9617
 EELEC  =    -57986.0015  EHBOND  =         0.0000  RESTRAINT  =        72.8579
 EAMBER (non-restraint)  =    -43537.6531
 ------------------------------------------------------------------------------

wrapping first mol.:       20.29907       28.70721       49.72235
wrapping first mol.:       20.29907       28.70721       49.72235

 NSTEP =    13000   TIME(PS) =    1366.000  TEMP(K) =   299.78  PRESS =     0.0
 Etot   =    -34385.3608  EKtot   =      9171.4238  EPtot      =    -43556.7846
 BOND   =       366.9538  ANGLE   =      1051.6613  DIHED      =      1353.0315
 1-4 NB =       447.0824  1-4 EEL =      6321.2199  VDWAALS    =      4603.7947
 EELEC  =    -57777.3507  EHBOND  =         0.0000  RESTRAINT  =        76.8224
 EAMBER (non-restraint)  =    -43633.6070
 ------------------------------------------------------------------------------

wrapping first mol.:       20.29907       28.70721       49.72235
wrapping first mol.:       20.29907       28.70721       49.72235

 NSTEP =    13500   TIME(PS) =    1367.000  TEMP(K) =   301.54  PRESS =     0.0
 Etot   =    -34442.7906  EKtot   =      9225.2900  EPtot      =    -43668.0807
 BOND   =       334.9883  ANGLE   =      1082.4160  DIHED      =      1374.7677
 1-4 NB =       460.6885  1-4 EEL =      6309.6409  VDWAALS    =      4649.7705
 EELEC  =    -57980.2031  EHBOND  =         0.0000  RESTRAINT  =        99.8506
 EAMBER (non-restraint)  =    -43767.9312
 ------------------------------------------------------------------------------

wrapping first mol.:       20.29907       28.70721       49.72235
wrapping first mol.:       20.29907       28.70721       49.72235

 NSTEP =    14000   TIME(PS) =    1368.000  TEMP(K) =   301.39  PRESS =     0.0
 Etot   =    -34443.7522  EKtot   =      9220.5977  EPtot      =    -43664.3498
 BOND   =       359.6840  ANGLE   =      1079.3003  DIHED      =      1381.0178
 1-4 NB =       428.3709  1-4 EEL =      6266.5538  VDWAALS    =      4748.5538
 EELEC  =    -58012.1528  EHBOND  =         0.0000  RESTRAINT  =        84.3225
 EAMBER (non-restraint)  =    -43748.6723
 ------------------------------------------------------------------------------

wrapping first mol.:       20.29907       28.70721       49.72235
wrapping first mol.:       20.29907       28.70721       49.72235

 NSTEP =    14500   TIME(PS) =    1369.000  TEMP(K) =   302.81  PRESS =     0.0
 Etot   =    -34377.9966  EKtot   =      9264.1436  EPtot      =    -43642.1401
 BOND   =       372.7838  ANGLE   =      1024.3415  DIHED      =      1391.8976
 1-4 NB =       452.0267  1-4 EEL =      6285.2007  VDWAALS    =      4715.1608
 EELEC  =    -57962.9514  EHBOND  =         0.0000  RESTRAINT  =        79.4002
 EAMBER (non-restraint)  =    -43721.5404
 ------------------------------------------------------------------------------

wrapping first mol.:       20.29907       28.70721       49.72235
wrapping first mol.:       20.29907       28.70721       49.72235

 NSTEP =    15000   TIME(PS) =    1370.000  TEMP(K) =   296.71  PRESS =     0.0
 Etot   =    -34478.0928  EKtot   =      9077.5488  EPtot      =    -43555.6416
 BOND   =       351.0413  ANGLE   =      1084.9756  DIHED      =      1372.9131
 1-4 NB =       451.1615  1-4 EEL =      6324.7255  VDWAALS    =      4429.8797
 EELEC  =    -57648.9638  EHBOND  =         0.0000  RESTRAINT  =        78.6255
 EAMBER (non-restraint)  =    -43634.2671
 ------------------------------------------------------------------------------

wrapping first mol.:       20.29907       28.70721       49.72235
wrapping first mol.:       20.29907       28.70721       49.72235

 NSTEP =    15500   TIME(PS) =    1371.000  TEMP(K) =   295.46  PRESS =     0.0
 Etot   =    -34449.0750  EKtot   =      9039.3682  EPtot      =    -43488.4432
 BOND   =       338.3160  ANGLE   =      1053.0134  DIHED      =      1378.3332
 1-4 NB =       458.0624  1-4 EEL =      6337.8632  VDWAALS    =      4754.8379
 EELEC  =    -57893.8841  EHBOND  =         0.0000  RESTRAINT  =        85.0148
 EAMBER (non-restraint)  =    -43573.4580
 ------------------------------------------------------------------------------

wrapping first mol.:       20.29907       28.70721       49.72235
wrapping first mol.:       20.29907       28.70721       49.72235

 NSTEP =    16000   TIME(PS) =    1372.000  TEMP(K) =   302.08  PRESS =     0.0
 Etot   =    -34373.6638  EKtot   =      9241.8691  EPtot      =    -43615.5329
 BOND   =       350.5296  ANGLE   =      1049.1662  DIHED      =      1351.9426
 1-4 NB =       459.9445  1-4 EEL =      6355.1628  VDWAALS    =      4780.5000
 EELEC  =    -58048.8408  EHBOND  =         0.0000  RESTRAINT  =        86.0622
 EAMBER (non-restraint)  =    -43701.5952
 ------------------------------------------------------------------------------

wrapping first mol.:       20.29907       28.70721       49.72235
wrapping first mol.:       20.29907       28.70721       49.72235

 NSTEP =    16500   TIME(PS) =    1373.000  TEMP(K) =   298.99  PRESS =     0.0
 Etot   =    -34479.5404  EKtot   =      9147.3057  EPtot      =    -43626.8460
 BOND   =       370.8702  ANGLE   =      1062.6228  DIHED      =      1379.1058
 1-4 NB =       438.4688  1-4 EEL =      6278.6799  VDWAALS    =      4791.8776
 EELEC  =    -58028.7620  EHBOND  =         0.0000  RESTRAINT  =        80.2908
 EAMBER (non-restraint)  =    -43707.1368
 ------------------------------------------------------------------------------

wrapping first mol.:       20.29907       28.70721       49.72235
wrapping first mol.:       20.29907       28.70721       49.72235

 NSTEP =    17000   TIME(PS) =    1374.000  TEMP(K) =   300.62  PRESS =     0.0
 Etot   =    -34415.1725  EKtot   =      9197.0000  EPtot      =    -43612.1725
 BOND   =       347.7915  ANGLE   =      1073.8941  DIHED      =      1345.2858
 1-4 NB =       450.4616  1-4 EEL =      6292.6129  VDWAALS    =      4759.8363
 EELEC  =    -57953.3899  EHBOND  =         0.0000  RESTRAINT  =        71.3351
 EAMBER (non-restraint)  =    -43683.5077
 ------------------------------------------------------------------------------

wrapping first mol.:       20.29907       28.70721       49.72235
wrapping first mol.:       20.29907       28.70721       49.72235

 NSTEP =    17500   TIME(PS) =    1375.000  TEMP(K) =   300.02  PRESS =     0.0
 Etot   =    -34512.6037  EKtot   =      9178.8379  EPtot      =    -43691.4416
 BOND   =       365.4043  ANGLE   =      1037.9255  DIHED      =      1366.0747
 1-4 NB =       443.4835  1-4 EEL =      6298.5884  VDWAALS    =      4847.8107
 EELEC  =    -58130.0969  EHBOND  =         0.0000  RESTRAINT  =        79.3682
 EAMBER (non-restraint)  =    -43770.8098
 ------------------------------------------------------------------------------

wrapping first mol.:       20.29907       28.70721       49.72235
wrapping first mol.:       20.29907       28.70721       49.72235

 NSTEP =    18000   TIME(PS) =    1376.000  TEMP(K) =   300.04  PRESS =     0.0
 Etot   =    -34424.3588  EKtot   =      9179.2920  EPtot      =    -43603.6508
 BOND   =       341.1414  ANGLE   =      1030.5137  DIHED      =      1388.0651
 1-4 NB =       465.7525  1-4 EEL =      6288.4657  VDWAALS    =      4469.5855
 EELEC  =    -57663.3877  EHBOND  =         0.0000  RESTRAINT  =        76.2131
 EAMBER (non-restraint)  =    -43679.8638
 ------------------------------------------------------------------------------

wrapping first mol.:       20.29907       28.70721       49.72235
wrapping first mol.:       20.29907       28.70721       49.72235

 NSTEP =    18500   TIME(PS) =    1377.000  TEMP(K) =   299.83  PRESS =     0.0
 Etot   =    -34470.4759  EKtot   =      9172.9180  EPtot      =    -43643.3939
 BOND   =       347.3600  ANGLE   =      1072.8246  DIHED      =      1369.8756
 1-4 NB =       440.3881  1-4 EEL =      6299.9413  VDWAALS    =      4656.2863
 EELEC  =    -57911.1906  EHBOND  =         0.0000  RESTRAINT  =        81.1208
 EAMBER (non-restraint)  =    -43724.5147
 ------------------------------------------------------------------------------

wrapping first mol.:       20.29907       28.70721       49.72235
wrapping first mol.:       20.29907       28.70721       49.72235

 NSTEP =    19000   TIME(PS) =    1378.000  TEMP(K) =   298.58  PRESS =     0.0
 Etot   =    -34591.6261  EKtot   =      9134.7139  EPtot      =    -43726.3400
 BOND   =       354.2554  ANGLE   =      1072.4765  DIHED      =      1373.8369
 1-4 NB =       436.1657  1-4 EEL =      6301.2931  VDWAALS    =      4777.6262
 EELEC  =    -58124.2815  EHBOND  =         0.0000  RESTRAINT  =        82.2876
 EAMBER (non-restraint)  =    -43808.6276
 ------------------------------------------------------------------------------

wrapping first mol.:       20.29907       28.70721       49.72235
wrapping first mol.:       20.29907       28.70721       49.72235

 NSTEP =    19500   TIME(PS) =    1379.000  TEMP(K) =   302.52  PRESS =     0.0
 Etot   =    -34490.3647  EKtot   =      9255.2227  EPtot      =    -43745.5873
 BOND   =       362.4369  ANGLE   =      1055.3899  DIHED      =      1367.6847
 1-4 NB =       432.6626  1-4 EEL =      6300.1441  VDWAALS    =      4726.6985
 EELEC  =    -58065.8220  EHBOND  =         0.0000  RESTRAINT  =        75.2180
 EAMBER (non-restraint)  =    -43820.8053
 ------------------------------------------------------------------------------

wrapping first mol.:       20.29907       28.70721       49.72235
wrapping first mol.:       20.29907       28.70721       49.72235

 NSTEP =    20000   TIME(PS) =    1380.000  TEMP(K) =   300.17  PRESS =     0.0
 Etot   =    -34580.8589  EKtot   =      9183.2539  EPtot      =    -43764.1128
 BOND   =       341.3082  ANGLE   =      1055.1632  DIHED      =      1346.8121
 1-4 NB =       448.0650  1-4 EEL =      6276.2924  VDWAALS    =      4779.1555
 EELEC  =    -58096.0063  EHBOND  =         0.0000  RESTRAINT  =        85.0972
 EAMBER (non-restraint)  =    -43849.2099
 ------------------------------------------------------------------------------

wrapping first mol.:       20.29907       28.70721       49.72235
wrapping first mol.:       20.29907       28.70721       49.72235

 NSTEP =    20500   TIME(PS) =    1381.000  TEMP(K) =   299.21  PRESS =     0.0
 Etot   =    -34376.3668  EKtot   =      9153.8916  EPtot      =    -43530.2584
 BOND   =       336.2912  ANGLE   =      1074.2863  DIHED      =      1380.8968
 1-4 NB =       454.8050  1-4 EEL =      6274.8128  VDWAALS    =      4679.7982
 EELEC  =    -57813.4968  EHBOND  =         0.0000  RESTRAINT  =        82.3482
 EAMBER (non-restraint)  =    -43612.6066
 ------------------------------------------------------------------------------

wrapping first mol.:       20.29907       28.70721       49.72235
wrapping first mol.:       20.29907       28.70721       49.72235

 NSTEP =    21000   TIME(PS) =    1382.000  TEMP(K) =   301.66  PRESS =     0.0
 Etot   =    -34286.9263  EKtot   =      9228.9873  EPtot      =    -43515.9136
 BOND   =       377.6296  ANGLE   =      1053.2620  DIHED      =      1358.3008
 1-4 NB =       447.2180  1-4 EEL =      6286.6188  VDWAALS    =      4793.0674
 EELEC  =    -57912.4771  EHBOND  =         0.0000  RESTRAINT  =        80.4669
 EAMBER (non-restraint)  =    -43596.3805
 ------------------------------------------------------------------------------

wrapping first mol.:       20.29907       28.70721       49.72235
wrapping first mol.:       20.29907       28.70721       49.72235

 NSTEP =    21500   TIME(PS) =    1383.000  TEMP(K) =   302.24  PRESS =     0.0
 Etot   =    -34412.0330  EKtot   =      9246.5342  EPtot      =    -43658.5672
 BOND   =       341.5769  ANGLE   =      1053.3055  DIHED      =      1351.7718
 1-4 NB =       452.8667  1-4 EEL =      6329.0042  VDWAALS    =      4827.4925
 EELEC  =    -58084.2011  EHBOND  =         0.0000  RESTRAINT  =        69.6162
 EAMBER (non-restraint)  =    -43728.1834
 ------------------------------------------------------------------------------

wrapping first mol.:       20.29907       28.70721       49.72235
wrapping first mol.:       20.29907       28.70721       49.72235

 NSTEP =    22000   TIME(PS) =    1384.000  TEMP(K) =   296.95  PRESS =     0.0
 Etot   =    -34492.0518  EKtot   =      9084.8262  EPtot      =    -43576.8780
 BOND   =       357.4811  ANGLE   =      1071.3325  DIHED      =      1382.4121
 1-4 NB =       441.2547  1-4 EEL =      6283.5388  VDWAALS    =      4724.4557
 EELEC  =    -57925.2065  EHBOND  =         0.0000  RESTRAINT  =        87.8536
 EAMBER (non-restraint)  =    -43664.7316
 ------------------------------------------------------------------------------

wrapping first mol.:       20.29907       28.70721       49.72235
wrapping first mol.:       20.29907       28.70721       49.72235

 NSTEP =    22500   TIME(PS) =    1385.000  TEMP(K) =   299.86  PRESS =     0.0
 Etot   =    -34512.9044  EKtot   =      9173.8281  EPtot      =    -43686.7325
 BOND   =       322.9837  ANGLE   =      1055.1201  DIHED      =      1381.1737
 1-4 NB =       456.5415  1-4 EEL =      6301.5848  VDWAALS    =      4714.1679
 EELEC  =    -57997.7201  EHBOND  =         0.0000  RESTRAINT  =        79.4160
 EAMBER (non-restraint)  =    -43766.1485
 ------------------------------------------------------------------------------

wrapping first mol.:       20.29907       28.70721       49.72235
wrapping first mol.:       20.29907       28.70721       49.72235

 NSTEP =    23000   TIME(PS) =    1386.000  TEMP(K) =   300.88  PRESS =     0.0
 Etot   =    -34701.8552  EKtot   =      9205.0801  EPtot      =    -43906.9352
 BOND   =       350.2490  ANGLE   =      1081.9627  DIHED      =      1379.8436
 1-4 NB =       438.5470  1-4 EEL =      6269.1021  VDWAALS    =      4942.9725
 EELEC  =    -58453.8991  EHBOND  =         0.0000  RESTRAINT  =        84.2870
 EAMBER (non-restraint)  =    -43991.2222
 ------------------------------------------------------------------------------

wrapping first mol.:       20.29907       28.70721       49.72235
wrapping first mol.:       20.29907       28.70721       49.72235

 NSTEP =    23500   TIME(PS) =    1387.000  TEMP(K) =   300.48  PRESS =     0.0
 Etot   =    -34517.9337  EKtot   =      9192.8906  EPtot      =    -43710.8243
 BOND   =       335.3957  ANGLE   =      1087.1056  DIHED      =      1366.1009
 1-4 NB =       443.9611  1-4 EEL =      6314.9407  VDWAALS    =      4820.1481
 EELEC  =    -58153.9310  EHBOND  =         0.0000  RESTRAINT  =        75.4545
 EAMBER (non-restraint)  =    -43786.2789
 ------------------------------------------------------------------------------

wrapping first mol.:       20.29907       28.70721       49.72235
wrapping first mol.:       20.29907       28.70721       49.72235

 NSTEP =    24000   TIME(PS) =    1388.000  TEMP(K) =   298.04  PRESS =     0.0
 Etot   =    -34263.7921  EKtot   =      9118.0430  EPtot      =    -43381.8351
 BOND   =       372.6953  ANGLE   =      1076.2820  DIHED      =      1364.1559
 1-4 NB =       448.3659  1-4 EEL =      6281.5021  VDWAALS    =      4627.3694
 EELEC  =    -57641.2630  EHBOND  =         0.0000  RESTRAINT  =        89.0573
 EAMBER (non-restraint)  =    -43470.8923
 ------------------------------------------------------------------------------

wrapping first mol.:       20.29907       28.70721       49.72235
wrapping first mol.:       20.29907       28.70721       49.72235

 NSTEP =    24500   TIME(PS) =    1389.000  TEMP(K) =   299.50  PRESS =     0.0
 Etot   =    -34559.7113  EKtot   =      9162.7197  EPtot      =    -43722.4310
 BOND   =       353.4984  ANGLE   =      1051.1164  DIHED      =      1365.6735
 1-4 NB =       464.2414  1-4 EEL =      6328.9043  VDWAALS    =      4727.3463
 EELEC  =    -58094.8272  EHBOND  =         0.0000  RESTRAINT  =        81.6158
 EAMBER (non-restraint)  =    -43804.0468
 ------------------------------------------------------------------------------

wrapping first mol.:       20.29907       28.70721       49.72235
wrapping first mol.:       20.29907       28.70721       49.72235

 NSTEP =    25000   TIME(PS) =    1390.000  TEMP(K) =   303.14  PRESS =     0.0
 Etot   =    -34360.8549  EKtot   =      9274.1807  EPtot      =    -43635.0355
 BOND   =       371.8944  ANGLE   =      1117.8173  DIHED      =      1394.9315
 1-4 NB =       429.4660  1-4 EEL =      6297.2700  VDWAALS    =      4781.8173
 EELEC  =    -58105.9732  EHBOND  =         0.0000  RESTRAINT  =        77.7412
 EAMBER (non-restraint)  =    -43712.7768
 ------------------------------------------------------------------------------

wrapping first mol.:       20.29907       28.70721       49.72235
wrapping first mol.:       20.29907       28.70721       49.72235

 NSTEP =    25500   TIME(PS) =    1391.000  TEMP(K) =   298.65  PRESS =     0.0
 Etot   =    -34461.0293  EKtot   =      9136.7217  EPtot      =    -43597.7509
 BOND   =       383.4172  ANGLE   =      1102.0686  DIHED      =      1381.7959
 1-4 NB =       451.2996  1-4 EEL =      6285.3770  VDWAALS    =      4812.8449
 EELEC  =    -58095.9937  EHBOND  =         0.0000  RESTRAINT  =        81.4394
 EAMBER (non-restraint)  =    -43679.1904
 ------------------------------------------------------------------------------

wrapping first mol.:       20.29907       28.70721       49.72235
wrapping first mol.:       20.29907       28.70721       49.72235

 NSTEP =    26000   TIME(PS) =    1392.000  TEMP(K) =   298.40  PRESS =     0.0
 Etot   =    -34519.3254  EKtot   =      9129.2910  EPtot      =    -43648.6164
 BOND   =       353.4237  ANGLE   =      1034.4930  DIHED      =      1365.7249
 1-4 NB =       445.2198  1-4 EEL =      6296.3801  VDWAALS    =      4797.5046
 EELEC  =    -58019.0677  EHBOND  =         0.0000  RESTRAINT  =        77.7052
 EAMBER (non-restraint)  =    -43726.3216
 ------------------------------------------------------------------------------

wrapping first mol.:       20.29907       28.70721       49.72235
wrapping first mol.:       20.29907       28.70721       49.72235

 NSTEP =    26500   TIME(PS) =    1393.000  TEMP(K) =   303.78  PRESS =     0.0
 Etot   =    -34496.3712  EKtot   =      9293.8652  EPtot      =    -43790.2364
 BOND   =       349.6693  ANGLE   =      1063.4814  DIHED      =      1375.3318
 1-4 NB =       428.1174  1-4 EEL =      6275.0510  VDWAALS    =      4675.4383
 EELEC  =    -58033.3844  EHBOND  =         0.0000  RESTRAINT  =        76.0587
 EAMBER (non-restraint)  =    -43866.2952
 ------------------------------------------------------------------------------

wrapping first mol.:       20.29907       28.70721       49.72235
wrapping first mol.:       20.29907       28.70721       49.72235

 NSTEP =    27000   TIME(PS) =    1394.000  TEMP(K) =   296.07  PRESS =     0.0
 Etot   =    -34617.8397  EKtot   =      9057.7852  EPtot      =    -43675.6249
 BOND   =       374.5921  ANGLE   =      1040.9011  DIHED      =      1345.5580
 1-4 NB =       461.4489  1-4 EEL =      6333.0401  VDWAALS    =      4794.0418
 EELEC  =    -58103.5418  EHBOND  =         0.0000  RESTRAINT  =        78.3349
 EAMBER (non-restraint)  =    -43753.9598
 ------------------------------------------------------------------------------

wrapping first mol.:       20.29907       28.70721       49.72235
wrapping first mol.:       20.29907       28.70721       49.72235

 NSTEP =    27500   TIME(PS) =    1395.000  TEMP(K) =   296.69  PRESS =     0.0
 Etot   =    -34397.3537  EKtot   =      9076.7666  EPtot      =    -43474.1203
 BOND   =       362.9296  ANGLE   =      1067.8816  DIHED      =      1371.9930
 1-4 NB =       438.5635  1-4 EEL =      6308.8264  VDWAALS    =      4816.3621
 EELEC  =    -57924.1491  EHBOND  =         0.0000  RESTRAINT  =        83.4725
 EAMBER (non-restraint)  =    -43557.5928
 ------------------------------------------------------------------------------

wrapping first mol.:       20.29907       28.70721       49.72235
wrapping first mol.:       20.29907       28.70721       49.72235

 NSTEP =    28000   TIME(PS) =    1396.000  TEMP(K) =   304.52  PRESS =     0.0
 Etot   =    -34298.5895  EKtot   =      9316.4951  EPtot      =    -43615.0846
 BOND   =       373.3494  ANGLE   =      1077.0681  DIHED      =      1382.1182
 1-4 NB =       454.0438  1-4 EEL =      6298.7207  VDWAALS    =      4708.5648
 EELEC  =    -57984.8757  EHBOND  =         0.0000  RESTRAINT  =        75.9263
 EAMBER (non-restraint)  =    -43691.0109
 ------------------------------------------------------------------------------

wrapping first mol.:       20.29907       28.70721       49.72235
wrapping first mol.:       20.29907       28.70721       49.72235

 NSTEP =    28500   TIME(PS) =    1397.000  TEMP(K) =   300.72  PRESS =     0.0
 Etot   =    -34369.5452  EKtot   =      9200.1104  EPtot      =    -43569.6555
 BOND   =       353.4120  ANGLE   =      1093.5525  DIHED      =      1362.8375
 1-4 NB =       433.6721  1-4 EEL =      6291.1608  VDWAALS    =      4916.2590
 EELEC  =    -58097.6629  EHBOND  =         0.0000  RESTRAINT  =        77.1135
 EAMBER (non-restraint)  =    -43646.7691
 ------------------------------------------------------------------------------

wrapping first mol.:       20.29907       28.70721       49.72235
wrapping first mol.:       20.29907       28.70721       49.72235

 NSTEP =    29000   TIME(PS) =    1398.000  TEMP(K) =   301.28  PRESS =     0.0
 Etot   =    -34380.3648  EKtot   =      9217.1572  EPtot      =    -43597.5220
 BOND   =       334.6277  ANGLE   =      1070.9836  DIHED      =      1389.1555
 1-4 NB =       445.0600  1-4 EEL =      6283.3631  VDWAALS    =      4721.8465
 EELEC  =    -57917.1973  EHBOND  =         0.0000  RESTRAINT  =        74.6389
 EAMBER (non-restraint)  =    -43672.1609
 ------------------------------------------------------------------------------

wrapping first mol.:       20.29907       28.70721       49.72235
wrapping first mol.:       20.29907       28.70721       49.72235

 NSTEP =    29500   TIME(PS) =    1399.000  TEMP(K) =   301.78  PRESS =     0.0
 Etot   =    -34171.7669  EKtot   =      9232.6191  EPtot      =    -43404.3861
 BOND   =       366.7323  ANGLE   =      1059.0521  DIHED      =      1380.3346
 1-4 NB =       433.0827  1-4 EEL =      6283.8860  VDWAALS    =      4619.2407
 EELEC  =    -57637.4343  EHBOND  =         0.0000  RESTRAINT  =        90.7198
 EAMBER (non-restraint)  =    -43495.1059
 ------------------------------------------------------------------------------

wrapping first mol.:       20.29907       28.70721       49.72235
wrapping first mol.:       20.29907       28.70721       49.72235

 NSTEP =    30000   TIME(PS) =    1400.000  TEMP(K) =   301.50  PRESS =     0.0
 Etot   =    -34354.5522  EKtot   =      9223.9463  EPtot      =    -43578.4984
 BOND   =       344.2146  ANGLE   =      1052.7076  DIHED      =      1366.3402
 1-4 NB =       426.7159  1-4 EEL =      6335.2749  VDWAALS    =      4706.7691
 EELEC  =    -57892.4881  EHBOND  =         0.0000  RESTRAINT  =        81.9674
 EAMBER (non-restraint)  =    -43660.4659
 ------------------------------------------------------------------------------

wrapping first mol.:       20.29907       28.70721       49.72235
wrapping first mol.:       20.29907       28.70721       49.72235

 NSTEP =    30500   TIME(PS) =    1401.000  TEMP(K) =   300.33  PRESS =     0.0
 Etot   =    -34517.1098  EKtot   =      9188.1846  EPtot      =    -43705.2944
 BOND   =       350.9524  ANGLE   =      1080.8117  DIHED      =      1388.2848
 1-4 NB =       447.0190  1-4 EEL =      6272.4110  VDWAALS    =      4684.8015
 EELEC  =    -58004.9129  EHBOND  =         0.0000  RESTRAINT  =        75.3380
 EAMBER (non-restraint)  =    -43780.6324
 ------------------------------------------------------------------------------

wrapping first mol.:       20.29907       28.70721       49.72235
wrapping first mol.:       20.29907       28.70721       49.72235

 NSTEP =    31000   TIME(PS) =    1402.000  TEMP(K) =   294.22  PRESS =     0.0
 Etot   =    -34710.6548  EKtot   =      9001.1611  EPtot      =    -43711.8160
 BOND   =       352.4880  ANGLE   =       987.6937  DIHED      =      1371.5165
 1-4 NB =       454.2917  1-4 EEL =      6335.8547  VDWAALS    =      4786.5545
 EELEC  =    -58080.9568  EHBOND  =         0.0000  RESTRAINT  =        80.7418
 EAMBER (non-restraint)  =    -43792.5577
 ------------------------------------------------------------------------------

wrapping first mol.:       20.29907       28.70721       49.72235
wrapping first mol.:       20.29907       28.70721       49.72235

 NSTEP =    31500   TIME(PS) =    1403.000  TEMP(K) =   303.88  PRESS =     0.0
 Etot   =    -34365.6332  EKtot   =      9296.7754  EPtot      =    -43662.4086
 BOND   =       372.2937  ANGLE   =      1020.6549  DIHED      =      1355.9401
 1-4 NB =       442.2087  1-4 EEL =      6313.6940  VDWAALS    =      4747.6368
 EELEC  =    -58001.0041  EHBOND  =         0.0000  RESTRAINT  =        86.1674
 EAMBER (non-restraint)  =    -43748.5760
 ------------------------------------------------------------------------------

wrapping first mol.:       20.29907       28.70721       49.72235
wrapping first mol.:       20.29907       28.70721       49.72235

 NSTEP =    32000   TIME(PS) =    1404.000  TEMP(K) =   302.27  PRESS =     0.0
 Etot   =    -34462.0504  EKtot   =      9247.6797  EPtot      =    -43709.7300
 BOND   =       349.0953  ANGLE   =      1064.8721  DIHED      =      1378.3283
 1-4 NB =       439.1260  1-4 EEL =      6281.6798  VDWAALS    =      4748.4524
 EELEC  =    -58045.1046  EHBOND  =         0.0000  RESTRAINT  =        73.8208
 EAMBER (non-restraint)  =    -43783.5508
 ------------------------------------------------------------------------------

wrapping first mol.:       20.29907       28.70721       49.72235
wrapping first mol.:       20.29907       28.70721       49.72235

 NSTEP =    32500   TIME(PS) =    1405.000  TEMP(K) =   299.40  PRESS =     0.0
 Etot   =    -34490.4325  EKtot   =      9159.9297  EPtot      =    -43650.3622
 BOND   =       371.6150  ANGLE   =      1072.2204  DIHED      =      1371.6013
 1-4 NB =       431.1139  1-4 EEL =      6280.9749  VDWAALS    =      4625.4526
 EELEC  =    -57879.9472  EHBOND  =         0.0000  RESTRAINT  =        76.6069
 EAMBER (non-restraint)  =    -43726.9691
 ------------------------------------------------------------------------------

wrapping first mol.:       20.29907       28.70721       49.72235
wrapping first mol.:       20.29907       28.70721       49.72235

 NSTEP =    33000   TIME(PS) =    1406.000  TEMP(K) =   300.92  PRESS =     0.0
 Etot   =    -34474.9711  EKtot   =      9206.2598  EPtot      =    -43681.2309
 BOND   =       352.5382  ANGLE   =      1047.2804  DIHED      =      1387.5775
 1-4 NB =       455.3956  1-4 EEL =      6324.8761  VDWAALS    =      4745.7422
 EELEC  =    -58080.2159  EHBOND  =         0.0000  RESTRAINT  =        85.5751
 EAMBER (non-restraint)  =    -43766.8059
 ------------------------------------------------------------------------------

wrapping first mol.:       20.29907       28.70721       49.72235
wrapping first mol.:       20.29907       28.70721       49.72235

 NSTEP =    33500   TIME(PS) =    1407.000  TEMP(K) =   303.02  PRESS =     0.0
 Etot   =    -34311.2890  EKtot   =      9270.4473  EPtot      =    -43581.7363
 BOND   =       353.4327  ANGLE   =      1022.6641  DIHED      =      1368.5111
 1-4 NB =       441.2355  1-4 EEL =      6319.6673  VDWAALS    =      4816.7898
 EELEC  =    -57985.2500  EHBOND  =         0.0000  RESTRAINT  =        81.2132
 EAMBER (non-restraint)  =    -43662.9495
 ------------------------------------------------------------------------------

wrapping first mol.:       20.29907       28.70721       49.72235
wrapping first mol.:       20.29907       28.70721       49.72235

 NSTEP =    34000   TIME(PS) =    1408.000  TEMP(K) =   303.92  PRESS =     0.0
 Etot   =    -34408.1950  EKtot   =      9298.0156  EPtot      =    -43706.2107
 BOND   =       348.4399  ANGLE   =      1067.6697  DIHED      =      1367.6176
 1-4 NB =       458.8976  1-4 EEL =      6335.3589  VDWAALS    =      4657.8685
 EELEC  =    -58022.1278  EHBOND  =         0.0000  RESTRAINT  =        80.0648
 EAMBER (non-restraint)  =    -43786.2755
 ------------------------------------------------------------------------------

wrapping first mol.:       20.29907       28.70721       49.72235
wrapping first mol.:       20.29907       28.70721       49.72235

 NSTEP =    34500   TIME(PS) =    1409.000  TEMP(K) =   303.06  PRESS =     0.0
 Etot   =    -34400.9093  EKtot   =      9271.6719  EPtot      =    -43672.5812
 BOND   =       341.6902  ANGLE   =      1039.9059  DIHED      =      1367.0041
 1-4 NB =       455.5742  1-4 EEL =      6321.9072  VDWAALS    =      4742.1801
 EELEC  =    -58026.4918  EHBOND  =         0.0000  RESTRAINT  =        85.6489
 EAMBER (non-restraint)  =    -43758.2301
 ------------------------------------------------------------------------------

wrapping first mol.:       20.29907       28.70721       49.72235
wrapping first mol.:       20.29907       28.70721       49.72235

 NSTEP =    35000   TIME(PS) =    1410.000  TEMP(K) =   299.98  PRESS =     0.0
 Etot   =    -34283.3952  EKtot   =      9177.5312  EPtot      =    -43460.9265
 BOND   =       382.1477  ANGLE   =      1087.7206  DIHED      =      1372.7561
 1-4 NB =       434.1656  1-4 EEL =      6279.1696  VDWAALS    =      4722.6816
 EELEC  =    -57816.7471  EHBOND  =         0.0000  RESTRAINT  =        77.1796
 EAMBER (non-restraint)  =    -43538.1061
 ------------------------------------------------------------------------------

wrapping first mol.:       20.29907       28.70721       49.72235
wrapping first mol.:       20.29907       28.70721       49.72235

 NSTEP =    35500   TIME(PS) =    1411.000  TEMP(K) =   298.98  PRESS =     0.0
 Etot   =    -34569.4261  EKtot   =      9147.0439  EPtot      =    -43716.4701
 BOND   =       361.3809  ANGLE   =      1050.7894  DIHED      =      1383.6176
 1-4 NB =       455.7928  1-4 EEL =      6285.5863  VDWAALS    =      4711.5232
 EELEC  =    -58051.2519  EHBOND  =         0.0000  RESTRAINT  =        86.0915
 EAMBER (non-restraint)  =    -43802.5616
 ------------------------------------------------------------------------------

wrapping first mol.:       20.29907       28.70721       49.72235
wrapping first mol.:       20.29907       28.70721       49.72235

 NSTEP =    36000   TIME(PS) =    1412.000  TEMP(K) =   299.81  PRESS =     0.0
 Etot   =    -34592.5445  EKtot   =      9172.2852  EPtot      =    -43764.8297
 BOND   =       355.9025  ANGLE   =      1079.5298  DIHED      =      1368.2402
 1-4 NB =       457.6033  1-4 EEL =      6279.2210  VDWAALS    =      4945.6610
 EELEC  =    -58328.1303  EHBOND  =         0.0000  RESTRAINT  =        77.1427
 EAMBER (non-restraint)  =    -43841.9724
 ------------------------------------------------------------------------------

wrapping first mol.:       20.29907       28.70721       49.72235
wrapping first mol.:       20.29907       28.70721       49.72235

 NSTEP =    36500   TIME(PS) =    1413.000  TEMP(K) =   303.69  PRESS =     0.0
 Etot   =    -34367.0494  EKtot   =      9291.1553  EPtot      =    -43658.2047
 BOND   =       371.4548  ANGLE   =      1067.0533  DIHED      =      1362.2602
 1-4 NB =       449.7879  1-4 EEL =      6302.0869  VDWAALS    =      4681.4735
 EELEC  =    -57958.8242  EHBOND  =         0.0000  RESTRAINT  =        66.5029
 EAMBER (non-restraint)  =    -43724.7075
 ------------------------------------------------------------------------------

wrapping first mol.:       20.29907       28.70721       49.72235
wrapping first mol.:       20.29907       28.70721       49.72235

 NSTEP =    37000   TIME(PS) =    1414.000  TEMP(K) =   296.80  PRESS =     0.0
 Etot   =    -34664.5477  EKtot   =      9080.1055  EPtot      =    -43744.6532
 BOND   =       357.3997  ANGLE   =      1047.9149  DIHED      =      1366.0291
 1-4 NB =       438.4508  1-4 EEL =      6307.3305  VDWAALS    =      4663.8477
 EELEC  =    -58005.1402  EHBOND  =         0.0000  RESTRAINT  =        79.5143
 EAMBER (non-restraint)  =    -43824.1675
 ------------------------------------------------------------------------------

wrapping first mol.:       20.29907       28.70721       49.72235
wrapping first mol.:       20.29907       28.70721       49.72235

 NSTEP =    37500   TIME(PS) =    1415.000  TEMP(K) =   300.06  PRESS =     0.0
 Etot   =    -34677.3068  EKtot   =      9179.9287  EPtot      =    -43857.2355
 BOND   =       335.2130  ANGLE   =      1040.4228  DIHED      =      1372.1185
 1-4 NB =       453.5459  1-4 EEL =      6307.9692  VDWAALS    =      4802.0829
 EELEC  =    -58255.3230  EHBOND  =         0.0000  RESTRAINT  =        86.7351
 EAMBER (non-restraint)  =    -43943.9706
 ------------------------------------------------------------------------------

wrapping first mol.:       20.29907       28.70721       49.72235
wrapping first mol.:       20.29907       28.70721       49.72235

 NSTEP =    38000   TIME(PS) =    1416.000  TEMP(K) =   301.44  PRESS =     0.0
 Etot   =    -34508.0304  EKtot   =      9222.1318  EPtot      =    -43730.1623
 BOND   =       340.0926  ANGLE   =      1039.9826  DIHED      =      1346.5764
 1-4 NB =       454.2266  1-4 EEL =      6276.3167  VDWAALS    =      4725.0257
 EELEC  =    -57991.1741  EHBOND  =         0.0000  RESTRAINT  =        78.7913
 EAMBER (non-restraint)  =    -43808.9536
 ------------------------------------------------------------------------------

wrapping first mol.:       20.29907       28.70721       49.72235
wrapping first mol.:       20.29907       28.70721       49.72235

 NSTEP =    38500   TIME(PS) =    1417.000  TEMP(K) =   303.26  PRESS =     0.0
 Etot   =    -34432.0491  EKtot   =      9277.9941  EPtot      =    -43710.0432
 BOND   =       361.1762  ANGLE   =      1098.6222  DIHED      =      1350.7082
 1-4 NB =       451.1552  1-4 EEL =      6291.1698  VDWAALS    =      4906.6178
 EELEC  =    -58250.3785  EHBOND  =         0.0000  RESTRAINT  =        80.8859
 EAMBER (non-restraint)  =    -43790.9290
 ------------------------------------------------------------------------------

wrapping first mol.:       20.29907       28.70721       49.72235
wrapping first mol.:       20.29907       28.70721       49.72235

 NSTEP =    39000   TIME(PS) =    1418.000  TEMP(K) =   300.26  PRESS =     0.0
 Etot   =    -34499.7246  EKtot   =      9186.0879  EPtot      =    -43685.8125
 BOND   =       347.3356  ANGLE   =      1054.7196  DIHED      =      1359.1667
 1-4 NB =       446.3727  1-4 EEL =      6297.5900  VDWAALS    =      4574.1185
 EELEC  =    -57844.4005  EHBOND  =         0.0000  RESTRAINT  =        79.2848
 EAMBER (non-restraint)  =    -43765.0974
 ------------------------------------------------------------------------------

wrapping first mol.:       20.29907       28.70721       49.72235
wrapping first mol.:       20.29907       28.70721       49.72235

 NSTEP =    39500   TIME(PS) =    1419.000  TEMP(K) =   296.24  PRESS =     0.0
 Etot   =    -34575.4977  EKtot   =      9062.9971  EPtot      =    -43638.4947
 BOND   =       334.2214  ANGLE   =      1065.3318  DIHED      =      1376.9036
 1-4 NB =       447.7903  1-4 EEL =      6294.0547  VDWAALS    =      4717.9779
 EELEC  =    -57956.9820  EHBOND  =         0.0000  RESTRAINT  =        82.2076
 EAMBER (non-restraint)  =    -43720.7023
 ------------------------------------------------------------------------------

wrapping first mol.:       20.29907       28.70721       49.72235
wrapping first mol.:       20.29907       28.70721       49.72235

 NSTEP =    40000   TIME(PS) =    1420.000  TEMP(K) =   304.98  PRESS =     0.0
 Etot   =    -34295.3275  EKtot   =      9330.6484  EPtot      =    -43625.9759
 BOND   =       360.9945  ANGLE   =      1112.5732  DIHED      =      1379.2886
 1-4 NB =       448.7250  1-4 EEL =      6257.8527  VDWAALS    =      4767.4620
 EELEC  =    -58030.2122  EHBOND  =         0.0000  RESTRAINT  =        77.3402
 EAMBER (non-restraint)  =    -43703.3161
 ------------------------------------------------------------------------------

wrapping first mol.:       20.29907       28.70721       49.72235
wrapping first mol.:       20.29907       28.70721       49.72235

 NSTEP =    40500   TIME(PS) =    1421.000  TEMP(K) =   302.81  PRESS =     0.0
 Etot   =    -34471.9995  EKtot   =      9264.0127  EPtot      =    -43736.0122
 BOND   =       355.8106  ANGLE   =      1074.3913  DIHED      =      1353.9598
 1-4 NB =       443.8351  1-4 EEL =      6270.4535  VDWAALS    =      4688.7240
 EELEC  =    -58006.3066  EHBOND  =         0.0000  RESTRAINT  =        83.1200
 EAMBER (non-restraint)  =    -43819.1322
 ------------------------------------------------------------------------------

wrapping first mol.:       20.29907       28.70721       49.72235
wrapping first mol.:       20.29907       28.70721       49.72235

 NSTEP =    41000   TIME(PS) =    1422.000  TEMP(K) =   302.60  PRESS =     0.0
 Etot   =    -34375.2793  EKtot   =      9257.7627  EPtot      =    -43633.0420
 BOND   =       372.6604  ANGLE   =      1043.4366  DIHED      =      1401.9506
 1-4 NB =       448.3859  1-4 EEL =      6321.2863  VDWAALS    =      4686.2751
 EELEC  =    -57986.7951  EHBOND  =         0.0000  RESTRAINT  =        79.7583
 EAMBER (non-restraint)  =    -43712.8003
 ------------------------------------------------------------------------------

wrapping first mol.:       20.29907       28.70721       49.72235
wrapping first mol.:       20.29907       28.70721       49.72235

 NSTEP =    41500   TIME(PS) =    1423.000  TEMP(K) =   299.31  PRESS =     0.0
 Etot   =    -34678.7932  EKtot   =      9156.9014  EPtot      =    -43835.6945
 BOND   =       333.7860  ANGLE   =       999.9194  DIHED      =      1368.6644
 1-4 NB =       455.0305  1-4 EEL =      6311.3733  VDWAALS    =      4784.9094
 EELEC  =    -58170.7282  EHBOND  =         0.0000  RESTRAINT  =        81.3505
 EAMBER (non-restraint)  =    -43917.0451
 ------------------------------------------------------------------------------

wrapping first mol.:       20.29907       28.70721       49.72235
wrapping first mol.:       20.29907       28.70721       49.72235

 NSTEP =    42000   TIME(PS) =    1424.000  TEMP(K) =   301.55  PRESS =     0.0
 Etot   =    -34416.9902  EKtot   =      9225.5977  EPtot      =    -43642.5878
 BOND   =       342.8746  ANGLE   =      1058.9446  DIHED      =      1349.4926
 1-4 NB =       436.3695  1-4 EEL =      6307.7190  VDWAALS    =      4844.7634
 EELEC  =    -58063.3274  EHBOND  =         0.0000  RESTRAINT  =        80.5757
 EAMBER (non-restraint)  =    -43723.1636
 ------------------------------------------------------------------------------

wrapping first mol.:       20.29907       28.70721       49.72235
wrapping first mol.:       20.29907       28.70721       49.72235

 NSTEP =    42500   TIME(PS) =    1425.000  TEMP(K) =   301.87  PRESS =     0.0
 Etot   =    -34666.2032  EKtot   =      9235.3047  EPtot      =    -43901.5079
 BOND   =       318.3490  ANGLE   =      1055.2193  DIHED      =      1370.5360
 1-4 NB =       451.7546  1-4 EEL =      6319.1664  VDWAALS    =      4659.3628
 EELEC  =    -58158.8595  EHBOND  =         0.0000  RESTRAINT  =        82.9635
 EAMBER (non-restraint)  =    -43984.4714
 ------------------------------------------------------------------------------

wrapping first mol.:       20.29907       28.70721       49.72235
wrapping first mol.:       20.29907       28.70721       49.72235

 NSTEP =    43000   TIME(PS) =    1426.000  TEMP(K) =   298.30  PRESS =     0.0
 Etot   =    -34621.4326  EKtot   =      9126.0537  EPtot      =    -43747.4863
 BOND   =       364.5154  ANGLE   =      1093.4014  DIHED      =      1358.9916
 1-4 NB =       448.7330  1-4 EEL =      6290.2805  VDWAALS    =      4778.3715
 EELEC  =    -58167.6682  EHBOND  =         0.0000  RESTRAINT  =        85.8885
 EAMBER (non-restraint)  =    -43833.3748
 ------------------------------------------------------------------------------

wrapping first mol.:       20.29907       28.70721       49.72235
wrapping first mol.:       20.29907       28.70721       49.72235

 NSTEP =    43500   TIME(PS) =    1427.000  TEMP(K) =   297.29  PRESS =     0.0
 Etot   =    -34637.5824  EKtot   =      9095.3262  EPtot      =    -43732.9086
 BOND   =       357.5642  ANGLE   =      1037.3267  DIHED      =      1362.2806
 1-4 NB =       443.7794  1-4 EEL =      6285.7069  VDWAALS    =      4773.4727
 EELEC  =    -58086.7648  EHBOND  =         0.0000  RESTRAINT  =        93.7258
 EAMBER (non-restraint)  =    -43826.6343
 ------------------------------------------------------------------------------

wrapping first mol.:       20.29907       28.70721       49.72235
wrapping first mol.:       20.29907       28.70721       49.72235

 NSTEP =    44000   TIME(PS) =    1428.000  TEMP(K) =   302.41  PRESS =     0.0
 Etot   =    -34291.2385  EKtot   =      9251.7734  EPtot      =    -43543.0119
 BOND   =       342.6363  ANGLE   =      1023.3038  DIHED      =      1377.8798
 1-4 NB =       459.7642  1-4 EEL =      6271.2369  VDWAALS    =      4665.0554
 EELEC  =    -57761.9117  EHBOND  =         0.0000  RESTRAINT  =        79.0234
 EAMBER (non-restraint)  =    -43622.0353
 ------------------------------------------------------------------------------

wrapping first mol.:       20.29907       28.70721       49.72235
wrapping first mol.:       20.29907       28.70721       49.72235

 NSTEP =    44500   TIME(PS) =    1429.000  TEMP(K) =   298.71  PRESS =     0.0
 Etot   =    -34598.6412  EKtot   =      9138.6484  EPtot      =    -43737.2896
 BOND   =       366.8264  ANGLE   =      1055.0389  DIHED      =      1365.5206
 1-4 NB =       442.1990  1-4 EEL =      6271.3556  VDWAALS    =      4775.1262
 EELEC  =    -58084.1318  EHBOND  =         0.0000  RESTRAINT  =        70.7756
 EAMBER (non-restraint)  =    -43808.0652
 ------------------------------------------------------------------------------

wrapping first mol.:       20.29907       28.70721       49.72235
wrapping first mol.:       20.29907       28.70721       49.72235

 NSTEP =    45000   TIME(PS) =    1430.000  TEMP(K) =   295.10  PRESS =     0.0
 Etot   =    -34554.2401  EKtot   =      9028.3799  EPtot      =    -43582.6200
 BOND   =       347.0458  ANGLE   =      1074.2856  DIHED      =      1381.1509
 1-4 NB =       453.6419  1-4 EEL =      6303.1710  VDWAALS    =      4872.3326
 EELEC  =    -58095.3034  EHBOND  =         0.0000  RESTRAINT  =        81.0556
 EAMBER (non-restraint)  =    -43663.6755
 ------------------------------------------------------------------------------

wrapping first mol.:       20.29907       28.70721       49.72235
wrapping first mol.:       20.29907       28.70721       49.72235

 NSTEP =    45500   TIME(PS) =    1431.000  TEMP(K) =   297.14  PRESS =     0.0
 Etot   =    -34636.0168  EKtot   =      9090.5479  EPtot      =    -43726.5646
 BOND   =       381.1479  ANGLE   =      1037.7173  DIHED      =      1361.3752
 1-4 NB =       449.1398  1-4 EEL =      6287.1259  VDWAALS    =      4758.1846
 EELEC  =    -58087.7053  EHBOND  =         0.0000  RESTRAINT  =        86.4500
 EAMBER (non-restraint)  =    -43813.0146
 ------------------------------------------------------------------------------

wrapping first mol.:       20.29907       28.70721       49.72235
wrapping first mol.:       20.29907       28.70721       49.72235

 NSTEP =    46000   TIME(PS) =    1432.000  TEMP(K) =   294.70  PRESS =     0.0
 Etot   =    -34645.6102  EKtot   =      9016.1455  EPtot      =    -43661.7557
 BOND   =       377.2743  ANGLE   =      1049.1965  DIHED      =      1351.6757
 1-4 NB =       460.3597  1-4 EEL =      6297.8333  VDWAALS    =      4878.9023
 EELEC  =    -58169.4103  EHBOND  =         0.0000  RESTRAINT  =        92.4127
 EAMBER (non-restraint)  =    -43754.1684
 ------------------------------------------------------------------------------

wrapping first mol.:       20.29907       28.70721       49.72235
wrapping first mol.:       20.29907       28.70721       49.72235

 NSTEP =    46500   TIME(PS) =    1433.000  TEMP(K) =   298.25  PRESS =     0.0
 Etot   =    -34494.3164  EKtot   =      9124.6289  EPtot      =    -43618.9453
 BOND   =       393.0064  ANGLE   =      1041.0283  DIHED      =      1382.8495
 1-4 NB =       442.7768  1-4 EEL =      6289.8374  VDWAALS    =      4704.4360
 EELEC  =    -57945.8217  EHBOND  =         0.0000  RESTRAINT  =        72.9420
 EAMBER (non-restraint)  =    -43691.8873
 ------------------------------------------------------------------------------

wrapping first mol.:       20.29907       28.70721       49.72235
wrapping first mol.:       20.29907       28.70721       49.72235

 NSTEP =    47000   TIME(PS) =    1434.000  TEMP(K) =   300.21  PRESS =     0.0
 Etot   =    -34403.4960  EKtot   =      9184.5771  EPtot      =    -43588.0731
 BOND   =       365.6679  ANGLE   =      1092.8228  DIHED      =      1394.1506
 1-4 NB =       442.2956  1-4 EEL =      6254.8397  VDWAALS    =      4927.4346
 EELEC  =    -58156.5419  EHBOND  =         0.0000  RESTRAINT  =        91.2575
 EAMBER (non-restraint)  =    -43679.3306
 ------------------------------------------------------------------------------

wrapping first mol.:       20.29907       28.70721       49.72235
wrapping first mol.:       20.29907       28.70721       49.72235

 NSTEP =    47500   TIME(PS) =    1435.000  TEMP(K) =   300.00  PRESS =     0.0
 Etot   =    -34534.5372  EKtot   =      9178.1963  EPtot      =    -43712.7335
 BOND   =       351.6344  ANGLE   =      1053.4343  DIHED      =      1367.7970
 1-4 NB =       446.3838  1-4 EEL =      6301.9499  VDWAALS    =      4850.9669
 EELEC  =    -58165.1133  EHBOND  =         0.0000  RESTRAINT  =        80.2135
 EAMBER (non-restraint)  =    -43792.9470
 ------------------------------------------------------------------------------

wrapping first mol.:       20.29907       28.70721       49.72235
wrapping first mol.:       20.29907       28.70721       49.72235

 NSTEP =    48000   TIME(PS) =    1436.000  TEMP(K) =   302.00  PRESS =     0.0
 Etot   =    -34504.4138  EKtot   =      9239.3086  EPtot      =    -43743.7224
 BOND   =       357.2193  ANGLE   =      1055.2846  DIHED      =      1364.4570
 1-4 NB =       454.7252  1-4 EEL =      6309.0025  VDWAALS    =      4816.2532
 EELEC  =    -58179.0515  EHBOND  =         0.0000  RESTRAINT  =        78.3873
 EAMBER (non-restraint)  =    -43822.1097
 ------------------------------------------------------------------------------

wrapping first mol.:       20.29907       28.70721       49.72235
wrapping first mol.:       20.29907       28.70721       49.72235

 NSTEP =    48500   TIME(PS) =    1437.000  TEMP(K) =   299.59  PRESS =     0.0
 Etot   =    -34579.4734  EKtot   =      9165.4678  EPtot      =    -43744.9412
 BOND   =       329.7425  ANGLE   =      1050.6475  DIHED      =      1349.2913
 1-4 NB =       445.9446  1-4 EEL =      6317.3140  VDWAALS    =      4893.0923
 EELEC  =    -58205.9676  EHBOND  =         0.0000  RESTRAINT  =        74.9942
 EAMBER (non-restraint)  =    -43819.9354
 ------------------------------------------------------------------------------

wrapping first mol.:       20.29907       28.70721       49.72235
wrapping first mol.:       20.29907       28.70721       49.72235

 NSTEP =    49000   TIME(PS) =    1438.000  TEMP(K) =   302.46  PRESS =     0.0
 Etot   =    -34323.3703  EKtot   =      9253.5195  EPtot      =    -43576.8898
 BOND   =       351.8593  ANGLE   =      1090.4173  DIHED      =      1342.6860
 1-4 NB =       450.6106  1-4 EEL =      6306.9268  VDWAALS    =      4889.7446
 EELEC  =    -58087.8158  EHBOND  =         0.0000  RESTRAINT  =        78.6813
 EAMBER (non-restraint)  =    -43655.5711
 ------------------------------------------------------------------------------

wrapping first mol.:       20.29907       28.70721       49.72235
wrapping first mol.:       20.29907       28.70721       49.72235

 NSTEP =    49500   TIME(PS) =    1439.000  TEMP(K) =   299.70  PRESS =     0.0
 Etot   =    -34397.1019  EKtot   =      9168.8164  EPtot      =    -43565.9183
 BOND   =       354.4668  ANGLE   =      1081.7121  DIHED      =      1355.5550
 1-4 NB =       443.4874  1-4 EEL =      6249.0707  VDWAALS    =      4762.4879
 EELEC  =    -57898.3740  EHBOND  =         0.0000  RESTRAINT  =        85.6759
 EAMBER (non-restraint)  =    -43651.5941
 ------------------------------------------------------------------------------

wrapping first mol.:       20.29907       28.70721       49.72235
wrapping first mol.:       20.29907       28.70721       49.72235

 NSTEP =    50000   TIME(PS) =    1440.000  TEMP(K) =   299.39  PRESS =     0.0
 Etot   =    -34357.3120  EKtot   =      9159.5146  EPtot      =    -43516.8267
 BOND   =       371.3462  ANGLE   =      1051.6937  DIHED      =      1370.3447
 1-4 NB =       457.3670  1-4 EEL =      6285.4138  VDWAALS    =      4672.9708
 EELEC  =    -57805.4043  EHBOND  =         0.0000  RESTRAINT  =        79.4414
 EAMBER (non-restraint)  =    -43596.2681
 ------------------------------------------------------------------------------


      A V E R A G E S   O V E R     100 S T E P S


 NSTEP =    50000   TIME(PS) =    1440.000  TEMP(K) =   299.83  PRESS =     0.0
 Etot   =    -34480.0322  EKtot   =      9172.8660  EPtot      =    -43652.8983
 BOND   =       354.3246  ANGLE   =      1060.8439  DIHED      =      1368.7286
 1-4 NB =       447.9046  1-4 EEL =      6298.9644  VDWAALS    =      4750.2663
 EELEC  =    -58014.5403  EHBOND  =         0.0000  RESTRAINT  =        80.6096
 EAMBER (non-restraint)  =    -43733.5079
 ------------------------------------------------------------------------------


      R M S  F L U C T U A T I O N S


 NSTEP =    50000   TIME(PS) =    1440.000  TEMP(K) =     2.47  PRESS =     0.0
 Etot   =       116.9329  EKtot   =        75.4732  EPtot      =        96.5140
 BOND   =        15.1077  ANGLE   =        23.2629  DIHED      =        13.3749
 1-4 NB =         8.5998  1-4 EEL =        20.8074  VDWAALS    =        89.8328
 EELEC  =       139.4956  EHBOND  =         0.0000  RESTRAINT  =         5.6471
 EAMBER (non-restraint)  =        90.8669
 ------------------------------------------------------------------------------

--------------------------------------------------------------------------------
   5.  TIMINGS
--------------------------------------------------------------------------------

|  NonSetup CPU Time in Major Routines:
|
|     Routine           Sec        %
|     ------------------------------
|     Nonbond          12.74   33.19
|     Bond              0.00    0.00
|     Angle             0.00    0.00
|     Dihedral          0.00    0.00
|     Shake             0.88    2.30
|     RunMD            24.68   64.28
|     Other             0.09    0.23
|     ------------------------------
|     Total            38.40

|  PME Nonbond Pairlist CPU Time:
|
|     Routine              Sec        %
|     ---------------------------------
|     Set Up Cit           0.00    0.00
|     Build List           0.00    0.00
|     ---------------------------------
|     Total                0.00    0.00

|  PME Direct Force CPU Time:
|
|     Routine              Sec        %
|     ---------------------------------
|     NonBonded Calc       0.00    0.00
|     Exclude Masked       0.00    0.00
|     Other                0.04    0.09
|     ---------------------------------
|     Total                0.04    0.09

|  PME Reciprocal Force CPU Time:
|
|     Routine              Sec        %
|     ---------------------------------
|     1D bspline           0.00    0.00
|     Grid Charges         0.00    0.00
|     Scalar Sum           0.00    0.00
|     Gradient Sum         0.00    0.00
|     FFT                  0.00    0.00
|     ---------------------------------
|     Total                0.00    0.00

|  Final Performance Info:
|     -----------------------------------------------------
|     Average timings for last   49500 steps:
|     Elapsed(s) =      38.00 Per Step(ms) =       0.77
|         ns/day =     225.12   seconds/ns =     383.79
|
|     Average timings for all steps:
|     Elapsed(s) =      38.40 Per Step(ms) =       0.77
|         ns/day =     225.01   seconds/ns =     383.98
|     -----------------------------------------------------

|  Setup CPU time:            4.43 seconds
|  NonSetup CPU time:        38.40 seconds
|  Total CPU time:           42.83 seconds     0.01 hours

|  Setup wall time:           4    seconds
|  NonSetup wall time:       39    seconds
|  Total wall time:          43    seconds     0.01 hours
