
          -------------------------------------------------------
          Amber 16 PMEMD                              2016
          -------------------------------------------------------

| PMEMD implementation of SANDER, Release 16

| Run on 11/17/2017 at 08:19:53

|   Executable path: /apps/amber16/bin/pmemd.cuda
| Working directory: /home/pbarletta
|          Hostname: mordor

  [-O]verwriting output

File Assignments:
|   MDIN: /scratch/pbarletta/cph_obp/run/ctv/mhe/e/15equ.in                     
|  MDOUT: /scratch/pbarletta/cph_obp/run/ctv/mhe/e/15equ.out                    
| INPCRD: /scratch/pbarletta/cph_obp/run/ctv/mhe/e/14ectv.rst7                  
|   PARM: /scratch/pbarletta/cph_obp/top_files/ctv.prmtop                       
| RESTRT: /scratch/pbarletta/cph_obp/run/ctv/mhe/e/15ectv.rst7                  
|   REFC: /scratch/pbarletta/cph_obp/run/ctv/mhe/e/14ectv.rst7                  
|  MDVEL: mdvel                                                                 
|   MDEN: mden                                                                  
|  MDCRD: /scratch/pbarletta/cph_obp/run/ctv/mhe/e/15ectv.nc                    
| MDINFO: mdinfo                                                                
|  MDFRC: mdfrc                                                                 


 Here is the input file:

Equilibration with solute restrictions                                         
&cntrl                                                                         
imin = 0,                           ! No Minimization                          
nmropt = 0,                         ! No NMR restraints read                   
                                                                               
! Nature and format of the input                                               
ntx = 5,                            ! Coordinates but no velocities will be rea
irest = 1,                          ! Do not run a new simulation              
                                                                               
! Nature and format of the output                                              
ntxo = 1,                           ! rstrt file in ASCII format               
ntpr = 500,                         ! inf in output every ntpr steps           
ntwr = 500,                         ! rstrt file every ntwr steps              
ntwx = 500,                         ! mdcrd file every ntwx steps              
ntwv = 0,                           ! mdvel without velocities                 
ntwe = 0,                           ! Energies and temperatures not written in 
idecomp = 0,                        ! No energy decomposition                  
iwrap = 1,                          ! Coordinates of the restart and mdcrd file
                                                                               
! Frozen or restrained atoms                                                   
ibelly = 0,                         ! No frozen atoms                          
ntr=1,                              ! Harmonic potential restraints            
restraint_wt = 2.0,                ! The weight for the positional restraints  
restraintmask = ':1-120@N,CA,C,O',  ! restrained residues                      
                                                                               
! Molecular dynamics                                                           
nstlim = 50000,                     ! Number of MD-steps                       
dt = 0.002,                         ! Time step                                
                                                                               
! Temperature regulation                                                       
ntt = 3,                            ! Langevin thermostat                      
gamma_ln = 5,                       ! Gamma constant for Langevin              
temp0 = 300.0,                      ! Reference T at which the system is to be 
tempi = 300.0,                      ! Initial T                                
ig = -1,                            ! Seed for the RNG                         
                                                                               
! P and V regulation                                                           
ntp = 0,                            ! No pressure control                      
ntb = 1,                            ! Periodic box for constant V              
                                                                               
! SHAKE variables                                                              
ntc = 2,                            ! Bonds involving H are constrained        
ntf = 2,                            ! Bond interaction involving H are ommited.
                                                                               
cut = 10.0,                         ! Nonbonded cutoff                         
                                                                               
/                                                                              
&end                                                                           


Note: ig = -1. Setting random seed to   958446 based on wallclock time in 
      microseconds.
| irandom = 1, using AMBER's internal random number generator (default).
 
|--------------------- INFORMATION ----------------------
| GPU (CUDA) Version of PMEMD in use: NVIDIA GPU IN USE.
|                    Version 16.0.0
| 
|                      02/25/2016
| 
| Implementation by:
|                    Ross C. Walker     (SDSC)
|                    Scott Le Grand     (nVIDIA)
| 
| Precision model in use:
|      [SPFP] - Single Precision Forces, 64-bit Fixed Point
|               Accumulation. (Default)
| 
|--------------------------------------------------------
 
|----------------- CITATION INFORMATION -----------------
|
|    When publishing work that utilized the CUDA version
|    of AMBER, please cite the following in addition to
|    the regular AMBER citations:
|
|  - Romelia Salomon-Ferrer; Andreas W. Goetz; Duncan
|    Poole; Scott Le Grand; Ross C. Walker "Routine
|    microsecond molecular dynamics simulations with
|    AMBER - Part II: Particle Mesh Ewald", J. Chem.
|    Theory Comput., 2013, 9 (9), pp3878-3888,
|    DOI: 10.1021/ct400314y.
|
|  - Andreas W. Goetz; Mark J. Williamson; Dong Xu;
|    Duncan Poole; Scott Le Grand; Ross C. Walker
|    "Routine microsecond molecular dynamics simulations
|    with AMBER - Part I: Generalized Born", J. Chem.
|    Theory Comput., 2012, 8 (5), pp1542-1555.
|
|  - Scott Le Grand; Andreas W. Goetz; Ross C. Walker
|    "SPFP: Speed without compromise - a mixed precision
|    model for GPU accelerated molecular dynamics
|    simulations.", Comp. Phys. Comm., 2013, 184
|    pp374-380, DOI: 10.1016/j.cpc.2012.09.022
|
|--------------------------------------------------------
 
|------------------- GPU DEVICE INFO --------------------
|
|            CUDA_VISIBLE_DEVICES: 1
|   CUDA Capable Devices Detected:      1
|           CUDA Device ID in use:      0
|                CUDA Device Name: GeForce GTX 1080 Ti
|     CUDA Device Global Mem Size:  11172 MB
| CUDA Device Num Multiprocessors:     28
|           CUDA Device Core Freq:   1.58 GHz
|
|--------------------------------------------------------
 
 
| Conditional Compilation Defines Used:
| PUBFFT
| BINTRAJ
| CUDA
| EMIL

| Largest sphere to fit in unit cell has radius =    24.861

| New format PARM file being parsed.
| Version =    1.000 Date = 11/14/17 Time = 21:26:59

| Note: 1-4 EEL scale factors are being read from the topology file.

| Note: 1-4 VDW scale factors are being read from the topology file.
| Duplicated    0 dihedrals

| Duplicated    0 dihedrals

--------------------------------------------------------------------------------
   1.  RESOURCE   USE: 
--------------------------------------------------------------------------------

 getting new box info from bottom of inpcrd
 NATOM  =   14918 NTYPES =      18 NBONH =   13963 MBONA  =     961
 NTHETH =    2368 MTHETA =    1289 NPHIH =    4522 MPHIA  =    3259
 NHPARM =       0 NPARM  =       0 NNB   =   28275 NRES   =    4423
 NBONA  =     961 NTHETA =    1289 NPHIA =    3259 NUMBND =      48
 NUMANG =     101 NPTRA  =      41 NATYP =      33 NPHB   =       1
 IFBOX  =       2 NMXRS  =      26 IFCAP =       0 NEXTRA =       0
 NCOPY  =       0

| Coordinate Index Table dimensions:     9    9    9
| Direct force subcell size =     6.7664    6.7664    6.7664

     BOX TYPE: TRUNCATED OCTAHEDRON

--------------------------------------------------------------------------------
   2.  CONTROL  DATA  FOR  THE  RUN
--------------------------------------------------------------------------------

default_name                                                                    

General flags:
     imin    =       0, nmropt  =       0

Nature and format of input:
     ntx     =       5, irest   =       1, ntrx    =       1

Nature and format of output:
     ntxo    =       1, ntpr    =     500, ntrx    =       1, ntwr    =     500
     iwrap   =       1, ntwx    =     500, ntwv    =       0, ntwe    =       0
     ioutfm  =       1, ntwprt  =       0, idecomp =       0, rbornstat=      0

Potential function:
     ntf     =       2, ntb     =       1, igb     =       0, nsnb    =      25
     ipol    =       0, gbsa    =       0, iesp    =       0
     dielc   =   1.00000, cut     =  10.00000, intdiel =   1.00000

Frozen or restrained atoms:
     ibelly  =       0, ntr     =       1
     restraint_wt =   2.00000

Molecular dynamics:
     nstlim  =     50000, nscm    =         0, nrespa  =         1
     t       =   0.00000, dt      =   0.00200, vlimit  =  -1.00000

Langevin dynamics temperature regulation:
     ig      =  958446
     temp0   = 300.00000, tempi   = 300.00000, gamma_ln=   5.00000

SHAKE:
     ntc     =       2, jfastw  =       0
     tol     =   0.00001

| Intermolecular bonds treatment:
|     no_intermolecular_bonds =       1

| Energy averages sample interval:
|     ene_avg_sampling =     500

Ewald parameters:
     verbose =       0, ew_type =       0, nbflag  =       1, use_pme =       1
     vdwmeth =       1, eedmeth =       1, netfrc  =       1
     Box X =   60.897   Box Y =   60.897   Box Z =   60.897
     Alpha =  109.471   Beta  =  109.471   Gamma =  109.471
     NFFT1 =   64       NFFT2 =   64       NFFT3 =   64
     Cutoff=   10.000   Tol   =0.100E-04
     Ewald Coefficient =  0.27511
     Interpolation order =    4

    LOADING THE CONSTRAINED ATOMS AS GROUPS


   5.  REFERENCE ATOM COORDINATES

  default_name                                                                    
     Mask :1-120@N,CA,C,O; matches   476 atoms

--------------------------------------------------------------------------------
   3.  ATOMIC COORDINATES AND VELOCITIES
--------------------------------------------------------------------------------

default_name                                                                    
 begin time read from input coords =  1540.000 ps

 
 Number of triangulated 3-point waters found:     4302

     Sum of charges from parm topology file =   0.00000094
     Forcing neutrality...

| Dynamic Memory, Types Used:
| Reals              578204
| Integers           551472

| Nonbonded Pairs Initial Allocation:     4512322

| GPU memory information (estimate):
| KB of GPU memory in use:    141360
| KB of CPU memory in use:     29328

--------------------------------------------------------------------------------
   4.  RESULTS
--------------------------------------------------------------------------------

 ---------------------------------------------------
 APPROXIMATING switch and d/dx switch using CUBIC SPLINE INTERPOLATION
 using   5000.0 points per unit in tabled values
 TESTING RELATIVE ERROR over r ranging from 0.0 to cutoff
| CHECK switch(x): max rel err =   0.2738E-14   at   2.422500
| CHECK d/dx switch(x): max rel err =   0.8314E-11   at   2.736960
 ---------------------------------------------------
|---------------------------------------------------
| APPROXIMATING direct energy using CUBIC SPLINE INTERPOLATION
|  with   50.0 points per unit in tabled values
| Relative Error Limit not exceeded for r .gt.   2.33
| APPROXIMATING direct force using CUBIC SPLINE INTERPOLATION
|  with   50.0 points per unit in tabled values
| Relative Error Limit not exceeded for r .gt.   2.80
|---------------------------------------------------
wrapping first mol.:       20.29907       28.70721       49.72235
wrapping first mol.:       20.29907       28.70721       49.72235

 NSTEP =      500   TIME(PS) =    1541.000  TEMP(K) =   300.52  PRESS =     0.0
 Etot   =    -34412.9500  EKtot   =      9193.9111  EPtot      =    -43606.8611
 BOND   =       366.2855  ANGLE   =      1075.5410  DIHED      =      1375.4186
 1-4 NB =       451.3942  1-4 EEL =      6304.9155  VDWAALS    =      4819.2972
 EELEC  =    -58053.0021  EHBOND  =         0.0000  RESTRAINT  =        53.2889
 EAMBER (non-restraint)  =    -43660.1501
 ------------------------------------------------------------------------------

wrapping first mol.:       20.29907       28.70721       49.72235
wrapping first mol.:       20.29907       28.70721       49.72235

 NSTEP =     1000   TIME(PS) =    1542.000  TEMP(K) =   302.26  PRESS =     0.0
 Etot   =    -34432.1563  EKtot   =      9247.4199  EPtot      =    -43679.5762
 BOND   =       344.0838  ANGLE   =      1037.5154  DIHED      =      1350.3412
 1-4 NB =       440.7923  1-4 EEL =      6335.9893  VDWAALS    =      4504.2595
 EELEC  =    -57752.4330  EHBOND  =         0.0000  RESTRAINT  =        59.8753
 EAMBER (non-restraint)  =    -43739.4515
 ------------------------------------------------------------------------------

wrapping first mol.:       20.29907       28.70721       49.72235
wrapping first mol.:       20.29907       28.70721       49.72235

 NSTEP =     1500   TIME(PS) =    1543.000  TEMP(K) =   298.54  PRESS =     0.0
 Etot   =    -34471.4964  EKtot   =      9133.4941  EPtot      =    -43604.9905
 BOND   =       376.9926  ANGLE   =      1039.6799  DIHED      =      1378.0180
 1-4 NB =       447.3582  1-4 EEL =      6308.0567  VDWAALS    =      4737.1224
 EELEC  =    -57952.5346  EHBOND  =         0.0000  RESTRAINT  =        60.3163
 EAMBER (non-restraint)  =    -43665.3068
 ------------------------------------------------------------------------------

wrapping first mol.:       20.29907       28.70721       49.72235
wrapping first mol.:       20.29907       28.70721       49.72235

 NSTEP =     2000   TIME(PS) =    1544.000  TEMP(K) =   300.87  PRESS =     0.0
 Etot   =    -34581.0543  EKtot   =      9204.8184  EPtot      =    -43785.8727
 BOND   =       360.3954  ANGLE   =      1040.4613  DIHED      =      1364.3435
 1-4 NB =       444.6277  1-4 EEL =      6302.2819  VDWAALS    =      4817.0887
 EELEC  =    -58169.3206  EHBOND  =         0.0000  RESTRAINT  =        54.2492
 EAMBER (non-restraint)  =    -43840.1219
 ------------------------------------------------------------------------------

wrapping first mol.:       20.29907       28.70721       49.72235
wrapping first mol.:       20.29907       28.70721       49.72235

 NSTEP =     2500   TIME(PS) =    1545.000  TEMP(K) =   298.54  PRESS =     0.0
 Etot   =    -34602.6798  EKtot   =      9133.6133  EPtot      =    -43736.2931
 BOND   =       398.9988  ANGLE   =      1037.7714  DIHED      =      1347.9736
 1-4 NB =       440.5498  1-4 EEL =      6283.4605  VDWAALS    =      4712.8842
 EELEC  =    -58015.3053  EHBOND  =         0.0000  RESTRAINT  =        57.3739
 EAMBER (non-restraint)  =    -43793.6670
 ------------------------------------------------------------------------------

wrapping first mol.:       20.29907       28.70721       49.72235
wrapping first mol.:       20.29907       28.70721       49.72235

 NSTEP =     3000   TIME(PS) =    1546.000  TEMP(K) =   303.74  PRESS =     0.0
 Etot   =    -34437.9608  EKtot   =      9292.6211  EPtot      =    -43730.5819
 BOND   =       378.8182  ANGLE   =      1058.3773  DIHED      =      1360.5630
 1-4 NB =       449.1550  1-4 EEL =      6332.0129  VDWAALS    =      4734.7945
 EELEC  =    -58097.5775  EHBOND  =         0.0000  RESTRAINT  =        53.2746
 EAMBER (non-restraint)  =    -43783.8565
 ------------------------------------------------------------------------------

wrapping first mol.:       20.29907       28.70721       49.72235
wrapping first mol.:       20.29907       28.70721       49.72235

 NSTEP =     3500   TIME(PS) =    1547.000  TEMP(K) =   302.71  PRESS =     0.0
 Etot   =    -34375.6823  EKtot   =      9261.1484  EPtot      =    -43636.8308
 BOND   =       350.7889  ANGLE   =      1076.4036  DIHED      =      1373.1569
 1-4 NB =       444.7639  1-4 EEL =      6285.4651  VDWAALS    =      4557.4615
 EELEC  =    -57788.0779  EHBOND  =         0.0000  RESTRAINT  =        63.2071
 EAMBER (non-restraint)  =    -43700.0379
 ------------------------------------------------------------------------------

wrapping first mol.:       20.29907       28.70721       49.72235
wrapping first mol.:       20.29907       28.70721       49.72235

 NSTEP =     4000   TIME(PS) =    1548.000  TEMP(K) =   295.59  PRESS =     0.0
 Etot   =    -34579.0279  EKtot   =      9043.2197  EPtot      =    -43622.2476
 BOND   =       356.7781  ANGLE   =      1078.2556  DIHED      =      1359.8966
 1-4 NB =       447.4924  1-4 EEL =      6331.8506  VDWAALS    =      4679.5613
 EELEC  =    -57937.2839  EHBOND  =         0.0000  RESTRAINT  =        61.2018
 EAMBER (non-restraint)  =    -43683.4494
 ------------------------------------------------------------------------------

wrapping first mol.:       20.29907       28.70721       49.72235
wrapping first mol.:       20.29907       28.70721       49.72235

 NSTEP =     4500   TIME(PS) =    1549.000  TEMP(K) =   298.89  PRESS =     0.0
 Etot   =    -34587.2393  EKtot   =      9144.3018  EPtot      =    -43731.5410
 BOND   =       376.4916  ANGLE   =      1047.0678  DIHED      =      1347.0225
 1-4 NB =       458.2393  1-4 EEL =      6335.1840  VDWAALS    =      4824.8682
 EELEC  =    -58180.9268  EHBOND  =         0.0000  RESTRAINT  =        60.5124
 EAMBER (non-restraint)  =    -43792.0534
 ------------------------------------------------------------------------------

wrapping first mol.:       20.29907       28.70721       49.72235
wrapping first mol.:       20.29907       28.70721       49.72235

 NSTEP =     5000   TIME(PS) =    1550.000  TEMP(K) =   299.24  PRESS =     0.0
 Etot   =    -34627.8364  EKtot   =      9154.8896  EPtot      =    -43782.7260
 BOND   =       362.3385  ANGLE   =      1082.9400  DIHED      =      1380.5177
 1-4 NB =       431.0029  1-4 EEL =      6296.6357  VDWAALS    =      4837.8841
 EELEC  =    -58236.5711  EHBOND  =         0.0000  RESTRAINT  =        62.5261
 EAMBER (non-restraint)  =    -43845.2521
 ------------------------------------------------------------------------------

wrapping first mol.:       20.29907       28.70721       49.72235
wrapping first mol.:       20.29907       28.70721       49.72235

 NSTEP =     5500   TIME(PS) =    1551.000  TEMP(K) =   299.06  PRESS =     0.0
 Etot   =    -34477.0727  EKtot   =      9149.4268  EPtot      =    -43626.4995
 BOND   =       329.4287  ANGLE   =      1074.4727  DIHED      =      1379.5002
 1-4 NB =       456.5300  1-4 EEL =      6316.5042  VDWAALS    =      4633.2000
 EELEC  =    -57870.2474  EHBOND  =         0.0000  RESTRAINT  =        54.1122
 EAMBER (non-restraint)  =    -43680.6117
 ------------------------------------------------------------------------------

wrapping first mol.:       20.29907       28.70721       49.72235
wrapping first mol.:       20.29907       28.70721       49.72235

 NSTEP =     6000   TIME(PS) =    1552.000  TEMP(K) =   298.75  PRESS =     0.0
 Etot   =    -34608.6901  EKtot   =      9139.8184  EPtot      =    -43748.5084
 BOND   =       332.8695  ANGLE   =      1047.5288  DIHED      =      1359.0002
 1-4 NB =       453.7786  1-4 EEL =      6332.3228  VDWAALS    =      4793.4635
 EELEC  =    -58124.8317  EHBOND  =         0.0000  RESTRAINT  =        57.3599
 EAMBER (non-restraint)  =    -43805.8683
 ------------------------------------------------------------------------------

wrapping first mol.:       20.29907       28.70721       49.72235
wrapping first mol.:       20.29907       28.70721       49.72235

 NSTEP =     6500   TIME(PS) =    1553.000  TEMP(K) =   297.83  PRESS =     0.0
 Etot   =    -34544.2993  EKtot   =      9111.6436  EPtot      =    -43655.9429
 BOND   =       353.3385  ANGLE   =      1059.1320  DIHED      =      1362.0196
 1-4 NB =       440.8790  1-4 EEL =      6316.6223  VDWAALS    =      4715.5639
 EELEC  =    -57964.3249  EHBOND  =         0.0000  RESTRAINT  =        60.8266
 EAMBER (non-restraint)  =    -43716.7695
 ------------------------------------------------------------------------------

wrapping first mol.:       20.29907       28.70721       49.72235
wrapping first mol.:       20.29907       28.70721       49.72235

 NSTEP =     7000   TIME(PS) =    1554.000  TEMP(K) =   296.73  PRESS =     0.0
 Etot   =    -34437.4843  EKtot   =      9077.9805  EPtot      =    -43515.4648
 BOND   =       373.4636  ANGLE   =      1020.5749  DIHED      =      1371.3603
 1-4 NB =       447.1435  1-4 EEL =      6299.5060  VDWAALS    =      4604.0266
 EELEC  =    -57686.6766  EHBOND  =         0.0000  RESTRAINT  =        55.1368
 EAMBER (non-restraint)  =    -43570.6016
 ------------------------------------------------------------------------------

wrapping first mol.:       20.29907       28.70721       49.72235
wrapping first mol.:       20.29907       28.70721       49.72235

 NSTEP =     7500   TIME(PS) =    1555.000  TEMP(K) =   298.48  PRESS =     0.0
 Etot   =    -34274.0494  EKtot   =      9131.6416  EPtot      =    -43405.6910
 BOND   =       335.2713  ANGLE   =      1058.1300  DIHED      =      1374.3933
 1-4 NB =       463.7440  1-4 EEL =      6317.6461  VDWAALS    =      4547.5598
 EELEC  =    -57566.3401  EHBOND  =         0.0000  RESTRAINT  =        63.9046
 EAMBER (non-restraint)  =    -43469.5956
 ------------------------------------------------------------------------------

wrapping first mol.:       20.29907       28.70721       49.72235
wrapping first mol.:       20.29907       28.70721       49.72235

 NSTEP =     8000   TIME(PS) =    1556.000  TEMP(K) =   301.12  PRESS =     0.0
 Etot   =    -34606.3046  EKtot   =      9212.3682  EPtot      =    -43818.6728
 BOND   =       354.0815  ANGLE   =      1045.5420  DIHED      =      1370.0259
 1-4 NB =       435.0200  1-4 EEL =      6303.8812  VDWAALS    =      4842.0721
 EELEC  =    -58224.7785  EHBOND  =         0.0000  RESTRAINT  =        55.4830
 EAMBER (non-restraint)  =    -43874.1558
 ------------------------------------------------------------------------------

wrapping first mol.:       20.29907       28.70721       49.72235
wrapping first mol.:       20.29907       28.70721       49.72235

 NSTEP =     8500   TIME(PS) =    1557.000  TEMP(K) =   297.94  PRESS =     0.0
 Etot   =    -34536.5422  EKtot   =      9115.0391  EPtot      =    -43651.5812
 BOND   =       342.8872  ANGLE   =      1062.2048  DIHED      =      1368.7979
 1-4 NB =       452.3833  1-4 EEL =      6294.9395  VDWAALS    =      4837.9593
 EELEC  =    -58071.5960  EHBOND  =         0.0000  RESTRAINT  =        60.8428
 EAMBER (non-restraint)  =    -43712.4241
 ------------------------------------------------------------------------------

wrapping first mol.:       20.29907       28.70721       49.72235
wrapping first mol.:       20.29907       28.70721       49.72235

 NSTEP =     9000   TIME(PS) =    1558.000  TEMP(K) =   301.53  PRESS =     0.0
 Etot   =    -34430.3217  EKtot   =      9224.8701  EPtot      =    -43655.1918
 BOND   =       337.6346  ANGLE   =      1042.4936  DIHED      =      1346.2313
 1-4 NB =       456.5119  1-4 EEL =      6303.2196  VDWAALS    =      4736.5182
 EELEC  =    -57936.0302  EHBOND  =         0.0000  RESTRAINT  =        58.2293
 EAMBER (non-restraint)  =    -43713.4211
 ------------------------------------------------------------------------------

wrapping first mol.:       20.29907       28.70721       49.72235
wrapping first mol.:       20.29907       28.70721       49.72235

 NSTEP =     9500   TIME(PS) =    1559.000  TEMP(K) =   301.86  PRESS =     0.0
 Etot   =    -34362.9063  EKtot   =      9235.1748  EPtot      =    -43598.0811
 BOND   =       370.6769  ANGLE   =      1090.5813  DIHED      =      1366.3208
 1-4 NB =       448.3315  1-4 EEL =      6317.7336  VDWAALS    =      4746.9977
 EELEC  =    -58003.3543  EHBOND  =         0.0000  RESTRAINT  =        64.6316
 EAMBER (non-restraint)  =    -43662.7127
 ------------------------------------------------------------------------------

wrapping first mol.:       20.29907       28.70721       49.72235
wrapping first mol.:       20.29907       28.70721       49.72235

 NSTEP =    10000   TIME(PS) =    1560.000  TEMP(K) =   304.96  PRESS =     0.0
 Etot   =    -34356.4635  EKtot   =      9329.8779  EPtot      =    -43686.3415
 BOND   =       326.7296  ANGLE   =      1030.2523  DIHED      =      1360.9938
 1-4 NB =       450.4831  1-4 EEL =      6321.2678  VDWAALS    =      4751.9470
 EELEC  =    -57989.1447  EHBOND  =         0.0000  RESTRAINT  =        61.1297
 EAMBER (non-restraint)  =    -43747.4711
 ------------------------------------------------------------------------------

wrapping first mol.:       20.29907       28.70721       49.72235
wrapping first mol.:       20.29907       28.70721       49.72235

 NSTEP =    10500   TIME(PS) =    1561.000  TEMP(K) =   299.60  PRESS =     0.0
 Etot   =    -34354.0461  EKtot   =      9165.7910  EPtot      =    -43519.8372
 BOND   =       361.3269  ANGLE   =      1055.0016  DIHED      =      1367.2232
 1-4 NB =       431.1903  1-4 EEL =      6297.0243  VDWAALS    =      4723.2985
 EELEC  =    -57813.9775  EHBOND  =         0.0000  RESTRAINT  =        59.0756
 EAMBER (non-restraint)  =    -43578.9127
 ------------------------------------------------------------------------------

wrapping first mol.:       20.29907       28.70721       49.72235
wrapping first mol.:       20.29907       28.70721       49.72235

 NSTEP =    11000   TIME(PS) =    1562.000  TEMP(K) =   299.86  PRESS =     0.0
 Etot   =    -34589.6351  EKtot   =      9173.8018  EPtot      =    -43763.4368
 BOND   =       335.4274  ANGLE   =      1043.3822  DIHED      =      1360.7540
 1-4 NB =       453.8262  1-4 EEL =      6318.5240  VDWAALS    =      4806.5202
 EELEC  =    -58139.8168  EHBOND  =         0.0000  RESTRAINT  =        57.9461
 EAMBER (non-restraint)  =    -43821.3829
 ------------------------------------------------------------------------------

wrapping first mol.:       20.29907       28.70721       49.72235
wrapping first mol.:       20.29907       28.70721       49.72235

 NSTEP =    11500   TIME(PS) =    1563.000  TEMP(K) =   300.40  PRESS =     0.0
 Etot   =    -34375.5960  EKtot   =      9190.4316  EPtot      =    -43566.0277
 BOND   =       357.9138  ANGLE   =      1043.0978  DIHED      =      1372.1151
 1-4 NB =       466.1005  1-4 EEL =      6328.8200  VDWAALS    =      4620.5011
 EELEC  =    -57812.1593  EHBOND  =         0.0000  RESTRAINT  =        57.5833
 EAMBER (non-restraint)  =    -43623.6109
 ------------------------------------------------------------------------------

wrapping first mol.:       20.29907       28.70721       49.72235
wrapping first mol.:       20.29907       28.70721       49.72235

 NSTEP =    12000   TIME(PS) =    1564.000  TEMP(K) =   297.91  PRESS =     0.0
 Etot   =    -34523.3350  EKtot   =      9114.2920  EPtot      =    -43637.6270
 BOND   =       371.3517  ANGLE   =      1121.8850  DIHED      =      1361.0680
 1-4 NB =       446.0788  1-4 EEL =      6307.1497  VDWAALS    =      4690.2288
 EELEC  =    -58000.2192  EHBOND  =         0.0000  RESTRAINT  =        64.8302
 EAMBER (non-restraint)  =    -43702.4572
 ------------------------------------------------------------------------------

wrapping first mol.:       20.29907       28.70721       49.72235
wrapping first mol.:       20.29907       28.70721       49.72235

 NSTEP =    12500   TIME(PS) =    1565.000  TEMP(K) =   299.60  PRESS =     0.0
 Etot   =    -34441.6027  EKtot   =      9166.0283  EPtot      =    -43607.6310
 BOND   =       386.1915  ANGLE   =       996.9511  DIHED      =      1361.6800
 1-4 NB =       459.5724  1-4 EEL =      6342.6812  VDWAALS    =      4836.3838
 EELEC  =    -58048.9517  EHBOND  =         0.0000  RESTRAINT  =        57.8608
 EAMBER (non-restraint)  =    -43665.4918
 ------------------------------------------------------------------------------

wrapping first mol.:       20.29907       28.70721       49.72235
wrapping first mol.:       20.29907       28.70721       49.72235

 NSTEP =    13000   TIME(PS) =    1566.000  TEMP(K) =   298.90  PRESS =     0.0
 Etot   =    -34456.1511  EKtot   =      9144.3818  EPtot      =    -43600.5329
 BOND   =       349.3096  ANGLE   =      1053.1476  DIHED      =      1373.2131
 1-4 NB =       455.5373  1-4 EEL =      6316.0264  VDWAALS    =      4852.5611
 EELEC  =    -58064.1661  EHBOND  =         0.0000  RESTRAINT  =        63.8381
 EAMBER (non-restraint)  =    -43664.3710
 ------------------------------------------------------------------------------

wrapping first mol.:       20.29907       28.70721       49.72235
wrapping first mol.:       20.29907       28.70721       49.72235

 NSTEP =    13500   TIME(PS) =    1567.000  TEMP(K) =   305.64  PRESS =     0.0
 Etot   =    -34269.3749  EKtot   =      9350.6367  EPtot      =    -43620.0116
 BOND   =       339.5443  ANGLE   =      1038.2999  DIHED      =      1372.6186
 1-4 NB =       447.6516  1-4 EEL =      6337.7836  VDWAALS    =      4770.8540
 EELEC  =    -57984.9076  EHBOND  =         0.0000  RESTRAINT  =        58.1441
 EAMBER (non-restraint)  =    -43678.1557
 ------------------------------------------------------------------------------

wrapping first mol.:       20.29907       28.70721       49.72235
wrapping first mol.:       20.29907       28.70721       49.72235

 NSTEP =    14000   TIME(PS) =    1568.000  TEMP(K) =   301.26  PRESS =     0.0
 Etot   =    -34141.5801  EKtot   =      9216.7051  EPtot      =    -43358.2852
 BOND   =       373.8803  ANGLE   =      1090.3882  DIHED      =      1376.3272
 1-4 NB =       429.7694  1-4 EEL =      6300.0061  VDWAALS    =      4740.9504
 EELEC  =    -57731.5228  EHBOND  =         0.0000  RESTRAINT  =        61.9161
 EAMBER (non-restraint)  =    -43420.2013
 ------------------------------------------------------------------------------

wrapping first mol.:       20.29907       28.70721       49.72235
wrapping first mol.:       20.29907       28.70721       49.72235

 NSTEP =    14500   TIME(PS) =    1569.000  TEMP(K) =   304.47  PRESS =     0.0
 Etot   =    -34228.8617  EKtot   =      9314.9160  EPtot      =    -43543.7778
 BOND   =       342.5542  ANGLE   =      1058.7621  DIHED      =      1344.7001
 1-4 NB =       434.7723  1-4 EEL =      6339.8873  VDWAALS    =      4629.6656
 EELEC  =    -57764.6956  EHBOND  =         0.0000  RESTRAINT  =        70.5763
 EAMBER (non-restraint)  =    -43614.3541
 ------------------------------------------------------------------------------

wrapping first mol.:       20.29907       28.70721       49.72235
wrapping first mol.:       20.29907       28.70721       49.72235

 NSTEP =    15000   TIME(PS) =    1570.000  TEMP(K) =   305.29  PRESS =     0.0
 Etot   =    -34330.3396  EKtot   =      9340.0498  EPtot      =    -43670.3894
 BOND   =       355.1113  ANGLE   =      1046.5979  DIHED      =      1372.2193
 1-4 NB =       442.6659  1-4 EEL =      6298.8011  VDWAALS    =      4575.5250
 EELEC  =    -57828.1717  EHBOND  =         0.0000  RESTRAINT  =        66.8619
 EAMBER (non-restraint)  =    -43737.2512
 ------------------------------------------------------------------------------

wrapping first mol.:       20.29907       28.70721       49.72235
wrapping first mol.:       20.29907       28.70721       49.72235

 NSTEP =    15500   TIME(PS) =    1571.000  TEMP(K) =   304.05  PRESS =     0.0
 Etot   =    -34285.4884  EKtot   =      9301.9961  EPtot      =    -43587.4845
 BOND   =       336.2678  ANGLE   =      1086.6007  DIHED      =      1375.3147
 1-4 NB =       446.0674  1-4 EEL =      6347.1986  VDWAALS    =      4829.2332
 EELEC  =    -58070.1578  EHBOND  =         0.0000  RESTRAINT  =        61.9908
 EAMBER (non-restraint)  =    -43649.4753
 ------------------------------------------------------------------------------

wrapping first mol.:       20.29907       28.70721       49.72235
wrapping first mol.:       20.29907       28.70721       49.72235

 NSTEP =    16000   TIME(PS) =    1572.000  TEMP(K) =   299.21  PRESS =     0.0
 Etot   =    -34535.6003  EKtot   =      9154.1123  EPtot      =    -43689.7126
 BOND   =       348.1519  ANGLE   =      1090.2050  DIHED      =      1360.0594
 1-4 NB =       453.2989  1-4 EEL =      6314.2903  VDWAALS    =      4735.8895
 EELEC  =    -58057.2390  EHBOND  =         0.0000  RESTRAINT  =        65.6315
 EAMBER (non-restraint)  =    -43755.3441
 ------------------------------------------------------------------------------

wrapping first mol.:       20.29907       28.70721       49.72235
wrapping first mol.:       20.29907       28.70721       49.72235

 NSTEP =    16500   TIME(PS) =    1573.000  TEMP(K) =   300.05  PRESS =     0.0
 Etot   =    -34433.7342  EKtot   =      9179.6084  EPtot      =    -43613.3426
 BOND   =       351.9126  ANGLE   =      1060.2016  DIHED      =      1364.1341
 1-4 NB =       444.8070  1-4 EEL =      6322.9540  VDWAALS    =      4699.2434
 EELEC  =    -57914.7874  EHBOND  =         0.0000  RESTRAINT  =        58.1921
 EAMBER (non-restraint)  =    -43671.5347
 ------------------------------------------------------------------------------

wrapping first mol.:       20.29907       28.70721       49.72235
wrapping first mol.:       20.29907       28.70721       49.72235

 NSTEP =    17000   TIME(PS) =    1574.000  TEMP(K) =   301.96  PRESS =     0.0
 Etot   =    -34452.6853  EKtot   =      9238.0225  EPtot      =    -43690.7077
 BOND   =       337.9069  ANGLE   =      1053.5169  DIHED      =      1380.4301
 1-4 NB =       458.3070  1-4 EEL =      6295.7255  VDWAALS    =      4893.8976
 EELEC  =    -58172.6268  EHBOND  =         0.0000  RESTRAINT  =        62.1350
 EAMBER (non-restraint)  =    -43752.8427
 ------------------------------------------------------------------------------

wrapping first mol.:       20.29907       28.70721       49.72235
wrapping first mol.:       20.29907       28.70721       49.72235

 NSTEP =    17500   TIME(PS) =    1575.000  TEMP(K) =   299.47  PRESS =     0.0
 Etot   =    -34652.7976  EKtot   =      9161.8828  EPtot      =    -43814.6804
 BOND   =       376.9128  ANGLE   =      1026.3451  DIHED      =      1375.5794
 1-4 NB =       448.2508  1-4 EEL =      6322.3947  VDWAALS    =      4757.5794
 EELEC  =    -58173.3669  EHBOND  =         0.0000  RESTRAINT  =        51.6242
 EAMBER (non-restraint)  =    -43866.3046
 ------------------------------------------------------------------------------

wrapping first mol.:       20.29907       28.70721       49.72235
wrapping first mol.:       20.29907       28.70721       49.72235

 NSTEP =    18000   TIME(PS) =    1576.000  TEMP(K) =   299.01  PRESS =     0.0
 Etot   =    -34510.4056  EKtot   =      9147.7402  EPtot      =    -43658.1458
 BOND   =       367.5885  ANGLE   =      1074.3741  DIHED      =      1336.7832
 1-4 NB =       450.8874  1-4 EEL =      6281.3062  VDWAALS    =      4824.4030
 EELEC  =    -58053.6153  EHBOND  =         0.0000  RESTRAINT  =        60.1271
 EAMBER (non-restraint)  =    -43718.2729
 ------------------------------------------------------------------------------

wrapping first mol.:       20.29907       28.70721       49.72235
wrapping first mol.:       20.29907       28.70721       49.72235

 NSTEP =    18500   TIME(PS) =    1577.000  TEMP(K) =   295.15  PRESS =     0.0
 Etot   =    -34741.6624  EKtot   =      9029.7900  EPtot      =    -43771.4524
 BOND   =       376.4276  ANGLE   =      1061.4594  DIHED      =      1361.7112
 1-4 NB =       459.1311  1-4 EEL =      6318.3253  VDWAALS    =      4890.1999
 EELEC  =    -58292.1895  EHBOND  =         0.0000  RESTRAINT  =        53.4824
 EAMBER (non-restraint)  =    -43824.9349
 ------------------------------------------------------------------------------

wrapping first mol.:       20.29907       28.70721       49.72235
wrapping first mol.:       20.29907       28.70721       49.72235

 NSTEP =    19000   TIME(PS) =    1578.000  TEMP(K) =   301.31  PRESS =     0.0
 Etot   =    -34400.4158  EKtot   =      9218.1582  EPtot      =    -43618.5740
 BOND   =       363.6423  ANGLE   =      1040.6136  DIHED      =      1356.1087
 1-4 NB =       455.0474  1-4 EEL =      6301.5074  VDWAALS    =      4749.4034
 EELEC  =    -57941.1891  EHBOND  =         0.0000  RESTRAINT  =        56.2924
 EAMBER (non-restraint)  =    -43674.8664
 ------------------------------------------------------------------------------

wrapping first mol.:       20.29907       28.70721       49.72235
wrapping first mol.:       20.29907       28.70721       49.72235

 NSTEP =    19500   TIME(PS) =    1579.000  TEMP(K) =   301.55  PRESS =     0.0
 Etot   =    -34401.3266  EKtot   =      9225.7002  EPtot      =    -43627.0268
 BOND   =       363.9141  ANGLE   =      1054.8918  DIHED      =      1346.5345
 1-4 NB =       446.1861  1-4 EEL =      6337.3543  VDWAALS    =      4957.8377
 EELEC  =    -58191.9167  EHBOND  =         0.0000  RESTRAINT  =        58.1714
 EAMBER (non-restraint)  =    -43685.1982
 ------------------------------------------------------------------------------

wrapping first mol.:       20.29907       28.70721       49.72235
wrapping first mol.:       20.29907       28.70721       49.72235

 NSTEP =    20000   TIME(PS) =    1580.000  TEMP(K) =   294.98  PRESS =     0.0
 Etot   =    -34586.7253  EKtot   =      9024.5029  EPtot      =    -43611.2282
 BOND   =       329.1506  ANGLE   =      1069.5288  DIHED      =      1363.7050
 1-4 NB =       453.2777  1-4 EEL =      6327.7662  VDWAALS    =      4883.8531
 EELEC  =    -58098.9877  EHBOND  =         0.0000  RESTRAINT  =        60.4781
 EAMBER (non-restraint)  =    -43671.7063
 ------------------------------------------------------------------------------

wrapping first mol.:       20.29907       28.70721       49.72235
wrapping first mol.:       20.29907       28.70721       49.72235

 NSTEP =    20500   TIME(PS) =    1581.000  TEMP(K) =   297.83  PRESS =     0.0
 Etot   =    -34420.7119  EKtot   =      9111.6328  EPtot      =    -43532.3447
 BOND   =       384.5844  ANGLE   =      1105.8249  DIHED      =      1355.7341
 1-4 NB =       434.9448  1-4 EEL =      6305.4874  VDWAALS    =      4750.1076
 EELEC  =    -57932.5785  EHBOND  =         0.0000  RESTRAINT  =        63.5505
 EAMBER (non-restraint)  =    -43595.8953
 ------------------------------------------------------------------------------

wrapping first mol.:       20.29907       28.70721       49.72235
wrapping first mol.:       20.29907       28.70721       49.72235

 NSTEP =    21000   TIME(PS) =    1582.000  TEMP(K) =   298.32  PRESS =     0.0
 Etot   =    -34420.9720  EKtot   =      9126.6299  EPtot      =    -43547.6019
 BOND   =       361.6834  ANGLE   =      1088.6365  DIHED      =      1370.8773
 1-4 NB =       440.4524  1-4 EEL =      6318.1090  VDWAALS    =      4715.0237
 EELEC  =    -57899.1146  EHBOND  =         0.0000  RESTRAINT  =        56.7304
 EAMBER (non-restraint)  =    -43604.3323
 ------------------------------------------------------------------------------

wrapping first mol.:       20.29907       28.70721       49.72235
wrapping first mol.:       20.29907       28.70721       49.72235

 NSTEP =    21500   TIME(PS) =    1583.000  TEMP(K) =   298.60  PRESS =     0.0
 Etot   =    -34490.2723  EKtot   =      9135.2549  EPtot      =    -43625.5272
 BOND   =       379.0332  ANGLE   =      1049.8259  DIHED      =      1342.9725
 1-4 NB =       453.9017  1-4 EEL =      6312.9758  VDWAALS    =      4757.4315
 EELEC  =    -57978.7256  EHBOND  =         0.0000  RESTRAINT  =        57.0579
 EAMBER (non-restraint)  =    -43682.5851
 ------------------------------------------------------------------------------

wrapping first mol.:       20.29907       28.70721       49.72235
wrapping first mol.:       20.29907       28.70721       49.72235

 NSTEP =    22000   TIME(PS) =    1584.000  TEMP(K) =   302.29  PRESS =     0.0
 Etot   =    -34368.7727  EKtot   =      9248.0732  EPtot      =    -43616.8460
 BOND   =       371.2132  ANGLE   =      1050.3377  DIHED      =      1360.3768
 1-4 NB =       436.7254  1-4 EEL =      6296.8275  VDWAALS    =      4740.4350
 EELEC  =    -57929.0545  EHBOND  =         0.0000  RESTRAINT  =        56.2930
 EAMBER (non-restraint)  =    -43673.1390
 ------------------------------------------------------------------------------

wrapping first mol.:       20.29907       28.70721       49.72235
wrapping first mol.:       20.29907       28.70721       49.72235

 NSTEP =    22500   TIME(PS) =    1585.000  TEMP(K) =   301.38  PRESS =     0.0
 Etot   =    -34558.8671  EKtot   =      9220.4502  EPtot      =    -43779.3173
 BOND   =       361.0575  ANGLE   =      1036.1548  DIHED      =      1363.8060
 1-4 NB =       453.1984  1-4 EEL =      6324.4670  VDWAALS    =      4785.3492
 EELEC  =    -58164.3155  EHBOND  =         0.0000  RESTRAINT  =        60.9652
 EAMBER (non-restraint)  =    -43840.2826
 ------------------------------------------------------------------------------

wrapping first mol.:       20.29907       28.70721       49.72235
wrapping first mol.:       20.29907       28.70721       49.72235

 NSTEP =    23000   TIME(PS) =    1586.000  TEMP(K) =   301.72  PRESS =     0.0
 Etot   =    -34307.1164  EKtot   =      9230.6367  EPtot      =    -43537.7531
 BOND   =       338.9435  ANGLE   =      1083.2226  DIHED      =      1382.2099
 1-4 NB =       448.5124  1-4 EEL =      6275.6465  VDWAALS    =      4664.7108
 EELEC  =    -57792.1233  EHBOND  =         0.0000  RESTRAINT  =        61.1243
 EAMBER (non-restraint)  =    -43598.8774
 ------------------------------------------------------------------------------

wrapping first mol.:       20.29907       28.70721       49.72235
wrapping first mol.:       20.29907       28.70721       49.72235

 NSTEP =    23500   TIME(PS) =    1587.000  TEMP(K) =   300.07  PRESS =     0.0
 Etot   =    -34606.9382  EKtot   =      9180.3330  EPtot      =    -43787.2712
 BOND   =       335.0852  ANGLE   =      1030.0187  DIHED      =      1359.5931
 1-4 NB =       450.2271  1-4 EEL =      6318.1165  VDWAALS    =      4611.0675
 EELEC  =    -57953.0446  EHBOND  =         0.0000  RESTRAINT  =        61.6653
 EAMBER (non-restraint)  =    -43848.9365
 ------------------------------------------------------------------------------

wrapping first mol.:       20.29907       28.70721       49.72235
wrapping first mol.:       20.29907       28.70721       49.72235

 NSTEP =    24000   TIME(PS) =    1588.000  TEMP(K) =   304.23  PRESS =     0.0
 Etot   =    -34341.9569  EKtot   =      9307.4775  EPtot      =    -43649.4344
 BOND   =       359.7337  ANGLE   =      1046.5523  DIHED      =      1359.5579
 1-4 NB =       451.1653  1-4 EEL =      6316.8050  VDWAALS    =      4813.3536
 EELEC  =    -58055.0470  EHBOND  =         0.0000  RESTRAINT  =        58.4445
 EAMBER (non-restraint)  =    -43707.8790
 ------------------------------------------------------------------------------

wrapping first mol.:       20.29907       28.70721       49.72235
wrapping first mol.:       20.29907       28.70721       49.72235

 NSTEP =    24500   TIME(PS) =    1589.000  TEMP(K) =   302.31  PRESS =     0.0
 Etot   =    -34366.0115  EKtot   =      9248.7764  EPtot      =    -43614.7879
 BOND   =       377.6629  ANGLE   =      1094.5791  DIHED      =      1352.6312
 1-4 NB =       449.3362  1-4 EEL =      6276.6233  VDWAALS    =      4818.9917
 EELEC  =    -58042.6084  EHBOND  =         0.0000  RESTRAINT  =        57.9962
 EAMBER (non-restraint)  =    -43672.7841
 ------------------------------------------------------------------------------

wrapping first mol.:       20.29907       28.70721       49.72235
wrapping first mol.:       20.29907       28.70721       49.72235

 NSTEP =    25000   TIME(PS) =    1590.000  TEMP(K) =   299.15  PRESS =     0.0
 Etot   =    -34472.8261  EKtot   =      9152.0254  EPtot      =    -43624.8515
 BOND   =       350.1578  ANGLE   =      1079.2430  DIHED      =      1370.8236
 1-4 NB =       442.4727  1-4 EEL =      6319.9762  VDWAALS    =      4841.7651
 EELEC  =    -58087.5611  EHBOND  =         0.0000  RESTRAINT  =        58.2713
 EAMBER (non-restraint)  =    -43683.1227
 ------------------------------------------------------------------------------

wrapping first mol.:       20.29907       28.70721       49.72235
wrapping first mol.:       20.29907       28.70721       49.72235

 NSTEP =    25500   TIME(PS) =    1591.000  TEMP(K) =   298.27  PRESS =     0.0
 Etot   =    -34432.5492  EKtot   =      9125.2168  EPtot      =    -43557.7660
 BOND   =       378.9178  ANGLE   =      1097.5830  DIHED      =      1382.4202
 1-4 NB =       452.7038  1-4 EEL =      6306.6882  VDWAALS    =      4661.4976
 EELEC  =    -57895.0667  EHBOND  =         0.0000  RESTRAINT  =        57.4900
 EAMBER (non-restraint)  =    -43615.2559
 ------------------------------------------------------------------------------

wrapping first mol.:       20.29907       28.70721       49.72235
wrapping first mol.:       20.29907       28.70721       49.72235

 NSTEP =    26000   TIME(PS) =    1592.000  TEMP(K) =   293.56  PRESS =     0.0
 Etot   =    -34840.0781  EKtot   =      8980.9834  EPtot      =    -43821.0615
 BOND   =       363.7585  ANGLE   =      1065.8065  DIHED      =      1350.3924
 1-4 NB =       447.8210  1-4 EEL =      6304.5036  VDWAALS    =      4875.4978
 EELEC  =    -58291.9020  EHBOND  =         0.0000  RESTRAINT  =        63.0606
 EAMBER (non-restraint)  =    -43884.1221
 ------------------------------------------------------------------------------

wrapping first mol.:       20.29907       28.70721       49.72235
wrapping first mol.:       20.29907       28.70721       49.72235

 NSTEP =    26500   TIME(PS) =    1593.000  TEMP(K) =   302.28  PRESS =     0.0
 Etot   =    -34581.5248  EKtot   =      9247.9824  EPtot      =    -43829.5072
 BOND   =       371.9704  ANGLE   =      1037.0856  DIHED      =      1363.7141
 1-4 NB =       448.2396  1-4 EEL =      6305.8805  VDWAALS    =      4743.3382
 EELEC  =    -58154.9912  EHBOND  =         0.0000  RESTRAINT  =        55.2556
 EAMBER (non-restraint)  =    -43884.7628
 ------------------------------------------------------------------------------

wrapping first mol.:       20.29907       28.70721       49.72235
wrapping first mol.:       20.29907       28.70721       49.72235

 NSTEP =    27000   TIME(PS) =    1594.000  TEMP(K) =   299.13  PRESS =     0.0
 Etot   =    -34375.7990  EKtot   =      9151.4414  EPtot      =    -43527.2404
 BOND   =       359.7722  ANGLE   =      1086.0162  DIHED      =      1380.0543
 1-4 NB =       427.3331  1-4 EEL =      6291.6489  VDWAALS    =      4797.9829
 EELEC  =    -57932.9133  EHBOND  =         0.0000  RESTRAINT  =        62.8654
 EAMBER (non-restraint)  =    -43590.1058
 ------------------------------------------------------------------------------

wrapping first mol.:       20.29907       28.70721       49.72235
wrapping first mol.:       20.29907       28.70721       49.72235

 NSTEP =    27500   TIME(PS) =    1595.000  TEMP(K) =   300.62  PRESS =     0.0
 Etot   =    -34415.6248  EKtot   =      9196.9912  EPtot      =    -43612.6160
 BOND   =       361.7531  ANGLE   =      1049.0176  DIHED      =      1334.3860
 1-4 NB =       453.8790  1-4 EEL =      6301.6252  VDWAALS    =      4883.7136
 EELEC  =    -58059.9184  EHBOND  =         0.0000  RESTRAINT  =        62.9278
 EAMBER (non-restraint)  =    -43675.5439
 ------------------------------------------------------------------------------

wrapping first mol.:       20.29907       28.70721       49.72235
wrapping first mol.:       20.29907       28.70721       49.72235

 NSTEP =    28000   TIME(PS) =    1596.000  TEMP(K) =   301.98  PRESS =     0.0
 Etot   =    -34204.9648  EKtot   =      9238.7666  EPtot      =    -43443.7314
 BOND   =       356.2794  ANGLE   =      1095.3956  DIHED      =      1373.9067
 1-4 NB =       440.7110  1-4 EEL =      6314.5982  VDWAALS    =      4766.3801
 EELEC  =    -57844.8350  EHBOND  =         0.0000  RESTRAINT  =        53.8328
 EAMBER (non-restraint)  =    -43497.5642
 ------------------------------------------------------------------------------

wrapping first mol.:       20.29907       28.70721       49.72235
wrapping first mol.:       20.29907       28.70721       49.72235

 NSTEP =    28500   TIME(PS) =    1597.000  TEMP(K) =   297.69  PRESS =     0.0
 Etot   =    -34558.3547  EKtot   =      9107.4766  EPtot      =    -43665.8313
 BOND   =       375.7639  ANGLE   =      1067.9330  DIHED      =      1350.5403
 1-4 NB =       449.3543  1-4 EEL =      6324.8058  VDWAALS    =      4644.3628
 EELEC  =    -57940.6598  EHBOND  =         0.0000  RESTRAINT  =        62.0684
 EAMBER (non-restraint)  =    -43727.8997
 ------------------------------------------------------------------------------

wrapping first mol.:       20.29907       28.70721       49.72235
wrapping first mol.:       20.29907       28.70721       49.72235

 NSTEP =    29000   TIME(PS) =    1598.000  TEMP(K) =   299.15  PRESS =     0.0
 Etot   =    -34372.1153  EKtot   =      9152.2773  EPtot      =    -43524.3927
 BOND   =       379.1846  ANGLE   =      1055.3686  DIHED      =      1358.4404
 1-4 NB =       449.9251  1-4 EEL =      6298.9661  VDWAALS    =      4712.3573
 EELEC  =    -57841.7189  EHBOND  =         0.0000  RESTRAINT  =        63.0841
 EAMBER (non-restraint)  =    -43587.4767
 ------------------------------------------------------------------------------

wrapping first mol.:       20.29907       28.70721       49.72235
wrapping first mol.:       20.29907       28.70721       49.72235

 NSTEP =    29500   TIME(PS) =    1599.000  TEMP(K) =   299.31  PRESS =     0.0
 Etot   =    -34412.2086  EKtot   =      9157.1084  EPtot      =    -43569.3170
 BOND   =       351.0815  ANGLE   =      1064.1945  DIHED      =      1357.0923
 1-4 NB =       460.2901  1-4 EEL =      6308.1219  VDWAALS    =      4665.0951
 EELEC  =    -57843.6949  EHBOND  =         0.0000  RESTRAINT  =        68.5024
 EAMBER (non-restraint)  =    -43637.8194
 ------------------------------------------------------------------------------

wrapping first mol.:       20.29907       28.70721       49.72235
wrapping first mol.:       20.29907       28.70721       49.72235

 NSTEP =    30000   TIME(PS) =    1600.000  TEMP(K) =   297.95  PRESS =     0.0
 Etot   =    -34673.4092  EKtot   =      9115.3066  EPtot      =    -43788.7158
 BOND   =       349.7633  ANGLE   =      1063.5505  DIHED      =      1378.5902
 1-4 NB =       452.9017  1-4 EEL =      6273.6498  VDWAALS    =      4755.6550
 EELEC  =    -58127.0478  EHBOND  =         0.0000  RESTRAINT  =        64.2214
 EAMBER (non-restraint)  =    -43852.9372
 ------------------------------------------------------------------------------

wrapping first mol.:       20.29907       28.70721       49.72235
wrapping first mol.:       20.29907       28.70721       49.72235

 NSTEP =    30500   TIME(PS) =    1601.000  TEMP(K) =   300.20  PRESS =     0.0
 Etot   =    -34344.1840  EKtot   =      9184.2236  EPtot      =    -43528.4076
 BOND   =       359.1975  ANGLE   =      1034.3005  DIHED      =      1385.2013
 1-4 NB =       455.6156  1-4 EEL =      6305.4237  VDWAALS    =      4713.9602
 EELEC  =    -57846.7377  EHBOND  =         0.0000  RESTRAINT  =        64.6314
 EAMBER (non-restraint)  =    -43593.0390
 ------------------------------------------------------------------------------

wrapping first mol.:       20.29907       28.70721       49.72235
wrapping first mol.:       20.29907       28.70721       49.72235

 NSTEP =    31000   TIME(PS) =    1602.000  TEMP(K) =   299.91  PRESS =     0.0
 Etot   =    -34742.0084  EKtot   =      9175.4072  EPtot      =    -43917.4156
 BOND   =       338.0806  ANGLE   =      1095.6777  DIHED      =      1359.2598
 1-4 NB =       448.9353  1-4 EEL =      6299.9999  VDWAALS    =      4774.7938
 EELEC  =    -58291.0734  EHBOND  =         0.0000  RESTRAINT  =        56.9107
 EAMBER (non-restraint)  =    -43974.3264
 ------------------------------------------------------------------------------

wrapping first mol.:       20.29907       28.70721       49.72235
wrapping first mol.:       20.29907       28.70721       49.72235

 NSTEP =    31500   TIME(PS) =    1603.000  TEMP(K) =   305.24  PRESS =     0.0
 Etot   =    -34384.2149  EKtot   =      9338.5645  EPtot      =    -43722.7794
 BOND   =       344.1534  ANGLE   =      1041.2711  DIHED      =      1376.7507
 1-4 NB =       461.6603  1-4 EEL =      6318.1145  VDWAALS    =      4788.2500
 EELEC  =    -58118.0473  EHBOND  =         0.0000  RESTRAINT  =        65.0680
 EAMBER (non-restraint)  =    -43787.8474
 ------------------------------------------------------------------------------

wrapping first mol.:       20.29907       28.70721       49.72235
wrapping first mol.:       20.29907       28.70721       49.72235

 NSTEP =    32000   TIME(PS) =    1604.000  TEMP(K) =   297.40  PRESS =     0.0
 Etot   =    -34527.0432  EKtot   =      9098.6123  EPtot      =    -43625.6555
 BOND   =       344.2665  ANGLE   =      1092.5561  DIHED      =      1353.9319
 1-4 NB =       449.7160  1-4 EEL =      6299.1851  VDWAALS    =      4756.2220
 EELEC  =    -57982.6459  EHBOND  =         0.0000  RESTRAINT  =        61.1128
 EAMBER (non-restraint)  =    -43686.7683
 ------------------------------------------------------------------------------

wrapping first mol.:       20.29907       28.70721       49.72235
wrapping first mol.:       20.29907       28.70721       49.72235

 NSTEP =    32500   TIME(PS) =    1605.000  TEMP(K) =   295.27  PRESS =     0.0
 Etot   =    -34576.3891  EKtot   =      9033.3857  EPtot      =    -43609.7749
 BOND   =       354.0920  ANGLE   =      1098.2170  DIHED      =      1366.5801
 1-4 NB =       449.1855  1-4 EEL =      6283.1676  VDWAALS    =      4579.3255
 EELEC  =    -57803.4206  EHBOND  =         0.0000  RESTRAINT  =        63.0779
 EAMBER (non-restraint)  =    -43672.8528
 ------------------------------------------------------------------------------

wrapping first mol.:       20.29907       28.70721       49.72235
wrapping first mol.:       20.29907       28.70721       49.72235

 NSTEP =    33000   TIME(PS) =    1606.000  TEMP(K) =   298.88  PRESS =     0.0
 Etot   =    -34657.8703  EKtot   =      9144.0000  EPtot      =    -43801.8703
 BOND   =       361.3100  ANGLE   =      1043.7210  DIHED      =      1346.9738
 1-4 NB =       444.8219  1-4 EEL =      6294.2768  VDWAALS    =      4669.1035
 EELEC  =    -58029.3999  EHBOND  =         0.0000  RESTRAINT  =        67.3226
 EAMBER (non-restraint)  =    -43869.1929
 ------------------------------------------------------------------------------

wrapping first mol.:       20.29907       28.70721       49.72235
wrapping first mol.:       20.29907       28.70721       49.72235

 NSTEP =    33500   TIME(PS) =    1607.000  TEMP(K) =   302.41  PRESS =     0.0
 Etot   =    -34513.7759  EKtot   =      9251.8311  EPtot      =    -43765.6069
 BOND   =       335.6809  ANGLE   =      1049.1241  DIHED      =      1354.6930
 1-4 NB =       463.0883  1-4 EEL =      6331.1090  VDWAALS    =      4746.0141
 EELEC  =    -58109.2969  EHBOND  =         0.0000  RESTRAINT  =        63.9805
 EAMBER (non-restraint)  =    -43829.5874
 ------------------------------------------------------------------------------

wrapping first mol.:       20.29907       28.70721       49.72235
wrapping first mol.:       20.29907       28.70721       49.72235

 NSTEP =    34000   TIME(PS) =    1608.000  TEMP(K) =   300.62  PRESS =     0.0
 Etot   =    -34521.9791  EKtot   =      9196.9980  EPtot      =    -43718.9772
 BOND   =       362.8507  ANGLE   =      1055.6199  DIHED      =      1364.0043
 1-4 NB =       449.2438  1-4 EEL =      6304.2494  VDWAALS    =      4781.5608
 EELEC  =    -58092.7069  EHBOND  =         0.0000  RESTRAINT  =        56.2010
 EAMBER (non-restraint)  =    -43775.1781
 ------------------------------------------------------------------------------

wrapping first mol.:       20.29907       28.70721       49.72235
wrapping first mol.:       20.29907       28.70721       49.72235

 NSTEP =    34500   TIME(PS) =    1609.000  TEMP(K) =   300.67  PRESS =     0.0
 Etot   =    -34520.3588  EKtot   =      9198.7119  EPtot      =    -43719.0707
 BOND   =       366.2158  ANGLE   =      1102.6164  DIHED      =      1361.8933
 1-4 NB =       442.2600  1-4 EEL =      6309.6056  VDWAALS    =      4845.4525
 EELEC  =    -58204.0441  EHBOND  =         0.0000  RESTRAINT  =        56.9298
 EAMBER (non-restraint)  =    -43776.0005
 ------------------------------------------------------------------------------

wrapping first mol.:       20.29907       28.70721       49.72235
wrapping first mol.:       20.29907       28.70721       49.72235

 NSTEP =    35000   TIME(PS) =    1610.000  TEMP(K) =   300.49  PRESS =     0.0
 Etot   =    -34265.2074  EKtot   =      9192.9863  EPtot      =    -43458.1938
 BOND   =       346.1269  ANGLE   =      1079.6713  DIHED      =      1379.9724
 1-4 NB =       451.6599  1-4 EEL =      6304.9997  VDWAALS    =      4772.5315
 EELEC  =    -57850.7063  EHBOND  =         0.0000  RESTRAINT  =        57.5509
 EAMBER (non-restraint)  =    -43515.7447
 ------------------------------------------------------------------------------

wrapping first mol.:       20.29907       28.70721       49.72235
wrapping first mol.:       20.29907       28.70721       49.72235

 NSTEP =    35500   TIME(PS) =    1611.000  TEMP(K) =   299.74  PRESS =     0.0
 Etot   =    -34458.0869  EKtot   =      9170.0674  EPtot      =    -43628.1543
 BOND   =       357.1112  ANGLE   =      1047.4588  DIHED      =      1362.9685
 1-4 NB =       451.6197  1-4 EEL =      6330.5201  VDWAALS    =      4637.2493
 EELEC  =    -57883.1146  EHBOND  =         0.0000  RESTRAINT  =        68.0328
 EAMBER (non-restraint)  =    -43696.1870
 ------------------------------------------------------------------------------

wrapping first mol.:       20.29907       28.70721       49.72235
wrapping first mol.:       20.29907       28.70721       49.72235

 NSTEP =    36000   TIME(PS) =    1612.000  TEMP(K) =   296.90  PRESS =     0.0
 Etot   =    -34524.4310  EKtot   =      9083.4355  EPtot      =    -43607.8665
 BOND   =       398.2050  ANGLE   =      1051.7222  DIHED      =      1363.9084
 1-4 NB =       454.4566  1-4 EEL =      6297.3290  VDWAALS    =      4634.4560
 EELEC  =    -57875.1024  EHBOND  =         0.0000  RESTRAINT  =        67.1586
 EAMBER (non-restraint)  =    -43675.0252
 ------------------------------------------------------------------------------

wrapping first mol.:       20.29907       28.70721       49.72235
wrapping first mol.:       20.29907       28.70721       49.72235

 NSTEP =    36500   TIME(PS) =    1613.000  TEMP(K) =   299.16  PRESS =     0.0
 Etot   =    -34480.8926  EKtot   =      9152.4189  EPtot      =    -43633.3116
 BOND   =       334.1499  ANGLE   =      1073.4614  DIHED      =      1352.2431
 1-4 NB =       432.4385  1-4 EEL =      6286.0282  VDWAALS    =      4855.2051
 EELEC  =    -58028.8666  EHBOND  =         0.0000  RESTRAINT  =        62.0289
 EAMBER (non-restraint)  =    -43695.3405
 ------------------------------------------------------------------------------

wrapping first mol.:       20.29907       28.70721       49.72235
wrapping first mol.:       20.29907       28.70721       49.72235

 NSTEP =    37000   TIME(PS) =    1614.000  TEMP(K) =   302.18  PRESS =     0.0
 Etot   =    -34466.7196  EKtot   =      9244.9492  EPtot      =    -43711.6689
 BOND   =       373.1897  ANGLE   =      1058.0446  DIHED      =      1358.5439
 1-4 NB =       461.0570  1-4 EEL =      6323.0864  VDWAALS    =      4921.1535
 EELEC  =    -58266.3257  EHBOND  =         0.0000  RESTRAINT  =        59.5817
 EAMBER (non-restraint)  =    -43771.2505
 ------------------------------------------------------------------------------

wrapping first mol.:       20.29907       28.70721       49.72235
wrapping first mol.:       20.29907       28.70721       49.72235

 NSTEP =    37500   TIME(PS) =    1615.000  TEMP(K) =   297.95  PRESS =     0.0
 Etot   =    -34705.3661  EKtot   =      9115.3975  EPtot      =    -43820.7636
 BOND   =       348.9599  ANGLE   =      1039.1538  DIHED      =      1368.3764
 1-4 NB =       457.2356  1-4 EEL =      6274.7171  VDWAALS    =      4880.7006
 EELEC  =    -58254.5557  EHBOND  =         0.0000  RESTRAINT  =        64.6487
 EAMBER (non-restraint)  =    -43885.4123
 ------------------------------------------------------------------------------

wrapping first mol.:       20.29907       28.70721       49.72235
wrapping first mol.:       20.29907       28.70721       49.72235

 NSTEP =    38000   TIME(PS) =    1616.000  TEMP(K) =   296.20  PRESS =     0.0
 Etot   =    -34539.0559  EKtot   =      9062.0186  EPtot      =    -43601.0745
 BOND   =       356.9152  ANGLE   =      1053.2187  DIHED      =      1345.0898
 1-4 NB =       454.0818  1-4 EEL =      6306.2179  VDWAALS    =      4773.8890
 EELEC  =    -57953.0684  EHBOND  =         0.0000  RESTRAINT  =        62.5816
 EAMBER (non-restraint)  =    -43663.6561
 ------------------------------------------------------------------------------

wrapping first mol.:       20.29907       28.70721       49.72235
wrapping first mol.:       20.29907       28.70721       49.72235

 NSTEP =    38500   TIME(PS) =    1617.000  TEMP(K) =   298.06  PRESS =     0.0
 Etot   =    -34502.1589  EKtot   =      9118.6758  EPtot      =    -43620.8346
 BOND   =       366.5703  ANGLE   =      1076.9017  DIHED      =      1353.5460
 1-4 NB =       442.6474  1-4 EEL =      6302.6629  VDWAALS    =      4638.4112
 EELEC  =    -57861.8354  EHBOND  =         0.0000  RESTRAINT  =        60.2612
 EAMBER (non-restraint)  =    -43681.0958
 ------------------------------------------------------------------------------

wrapping first mol.:       20.29907       28.70721       49.72235
wrapping first mol.:       20.29907       28.70721       49.72235

 NSTEP =    39000   TIME(PS) =    1618.000  TEMP(K) =   300.27  PRESS =     0.0
 Etot   =    -34484.5354  EKtot   =      9186.4131  EPtot      =    -43670.9485
 BOND   =       373.9596  ANGLE   =      1059.6726  DIHED      =      1344.6248
 1-4 NB =       447.3264  1-4 EEL =      6313.5347  VDWAALS    =      4930.2236
 EELEC  =    -58203.5926  EHBOND  =         0.0000  RESTRAINT  =        63.3023
 EAMBER (non-restraint)  =    -43734.2509
 ------------------------------------------------------------------------------

wrapping first mol.:       20.29907       28.70721       49.72235
wrapping first mol.:       20.29907       28.70721       49.72235

 NSTEP =    39500   TIME(PS) =    1619.000  TEMP(K) =   302.06  PRESS =     0.0
 Etot   =    -34418.4090  EKtot   =      9241.1387  EPtot      =    -43659.5477
 BOND   =       370.6910  ANGLE   =      1072.8083  DIHED      =      1351.5685
 1-4 NB =       438.0369  1-4 EEL =      6286.3782  VDWAALS    =      4828.3065
 EELEC  =    -58067.6769  EHBOND  =         0.0000  RESTRAINT  =        60.3396
 EAMBER (non-restraint)  =    -43719.8874
 ------------------------------------------------------------------------------

wrapping first mol.:       20.29907       28.70721       49.72235
wrapping first mol.:       20.29907       28.70721       49.72235

 NSTEP =    40000   TIME(PS) =    1620.000  TEMP(K) =   300.41  PRESS =     0.0
 Etot   =    -34338.8990  EKtot   =      9190.6660  EPtot      =    -43529.5650
 BOND   =       348.4903  ANGLE   =      1062.3792  DIHED      =      1355.4106
 1-4 NB =       456.2667  1-4 EEL =      6311.9716  VDWAALS    =      4881.0322
 EELEC  =    -58006.3546  EHBOND  =         0.0000  RESTRAINT  =        61.2390
 EAMBER (non-restraint)  =    -43590.8040
 ------------------------------------------------------------------------------

wrapping first mol.:       20.29907       28.70721       49.72235
wrapping first mol.:       20.29907       28.70721       49.72235

 NSTEP =    40500   TIME(PS) =    1621.000  TEMP(K) =   301.76  PRESS =     0.0
 Etot   =    -34360.4431  EKtot   =      9231.9648  EPtot      =    -43592.4080
 BOND   =       349.7056  ANGLE   =      1065.9377  DIHED      =      1384.7125
 1-4 NB =       429.9196  1-4 EEL =      6294.1627  VDWAALS    =      4659.9015
 EELEC  =    -57836.0675  EHBOND  =         0.0000  RESTRAINT  =        59.3200
 EAMBER (non-restraint)  =    -43651.7279
 ------------------------------------------------------------------------------

wrapping first mol.:       20.29907       28.70721       49.72235
wrapping first mol.:       20.29907       28.70721       49.72235

 NSTEP =    41000   TIME(PS) =    1622.000  TEMP(K) =   296.24  PRESS =     0.0
 Etot   =    -34432.1542  EKtot   =      9063.0332  EPtot      =    -43495.1874
 BOND   =       327.9435  ANGLE   =      1073.1935  DIHED      =      1384.8003
 1-4 NB =       444.9601  1-4 EEL =      6307.1615  VDWAALS    =      4635.9070
 EELEC  =    -57732.2560  EHBOND  =         0.0000  RESTRAINT  =        63.1027
 EAMBER (non-restraint)  =    -43558.2902
 ------------------------------------------------------------------------------

wrapping first mol.:       20.29907       28.70721       49.72235
wrapping first mol.:       20.29907       28.70721       49.72235

 NSTEP =    41500   TIME(PS) =    1623.000  TEMP(K) =   299.14  PRESS =     0.0
 Etot   =    -34465.6540  EKtot   =      9151.7676  EPtot      =    -43617.4215
 BOND   =       363.5917  ANGLE   =      1095.5152  DIHED      =      1372.8482
 1-4 NB =       449.9573  1-4 EEL =      6267.2234  VDWAALS    =      4765.4859
 EELEC  =    -57989.5528  EHBOND  =         0.0000  RESTRAINT  =        57.5095
 EAMBER (non-restraint)  =    -43674.9310
 ------------------------------------------------------------------------------

wrapping first mol.:       20.29907       28.70721       49.72235
wrapping first mol.:       20.29907       28.70721       49.72235

 NSTEP =    42000   TIME(PS) =    1624.000  TEMP(K) =   301.63  PRESS =     0.0
 Etot   =    -34443.4124  EKtot   =      9227.9688  EPtot      =    -43671.3811
 BOND   =       366.4104  ANGLE   =      1088.6572  DIHED      =      1348.3518
 1-4 NB =       441.7524  1-4 EEL =      6275.3477  VDWAALS    =      4709.5741
 EELEC  =    -57956.6647  EHBOND  =         0.0000  RESTRAINT  =        55.1899
 EAMBER (non-restraint)  =    -43726.5710
 ------------------------------------------------------------------------------

wrapping first mol.:       20.29907       28.70721       49.72235
wrapping first mol.:       20.29907       28.70721       49.72235

 NSTEP =    42500   TIME(PS) =    1625.000  TEMP(K) =   297.40  PRESS =     0.0
 Etot   =    -34476.5047  EKtot   =      9098.5781  EPtot      =    -43575.0828
 BOND   =       357.3133  ANGLE   =      1083.2165  DIHED      =      1361.0777
 1-4 NB =       432.1731  1-4 EEL =      6295.3674  VDWAALS    =      4765.4599
 EELEC  =    -57932.6128  EHBOND  =         0.0000  RESTRAINT  =        62.9221
 EAMBER (non-restraint)  =    -43638.0049
 ------------------------------------------------------------------------------

wrapping first mol.:       20.29907       28.70721       49.72235
wrapping first mol.:       20.29907       28.70721       49.72235

 NSTEP =    43000   TIME(PS) =    1626.000  TEMP(K) =   300.83  PRESS =     0.0
 Etot   =    -34382.0857  EKtot   =      9203.4268  EPtot      =    -43585.5125
 BOND   =       361.6611  ANGLE   =      1088.4901  DIHED      =      1368.7880
 1-4 NB =       443.6553  1-4 EEL =      6252.5957  VDWAALS    =      4741.2724
 EELEC  =    -57905.6300  EHBOND  =         0.0000  RESTRAINT  =        63.6549
 EAMBER (non-restraint)  =    -43649.1673
 ------------------------------------------------------------------------------

wrapping first mol.:       20.29907       28.70721       49.72235
wrapping first mol.:       20.29907       28.70721       49.72235

 NSTEP =    43500   TIME(PS) =    1627.000  TEMP(K) =   298.76  PRESS =     0.0
 Etot   =    -34465.5021  EKtot   =      9140.1973  EPtot      =    -43605.6994
 BOND   =       356.4323  ANGLE   =      1047.9601  DIHED      =      1341.4394
 1-4 NB =       453.4701  1-4 EEL =      6267.9468  VDWAALS    =      4737.6124
 EELEC  =    -57871.7933  EHBOND  =         0.0000  RESTRAINT  =        61.2327
 EAMBER (non-restraint)  =    -43666.9321
 ------------------------------------------------------------------------------

wrapping first mol.:       20.29907       28.70721       49.72235
wrapping first mol.:       20.29907       28.70721       49.72235

 NSTEP =    44000   TIME(PS) =    1628.000  TEMP(K) =   300.80  PRESS =     0.0
 Etot   =    -34411.8188  EKtot   =      9202.4941  EPtot      =    -43614.3129
 BOND   =       367.8599  ANGLE   =      1057.7651  DIHED      =      1369.1414
 1-4 NB =       441.7249  1-4 EEL =      6295.1658  VDWAALS    =      4860.6659
 EELEC  =    -58060.8025  EHBOND  =         0.0000  RESTRAINT  =        54.1667
 EAMBER (non-restraint)  =    -43668.4796
 ------------------------------------------------------------------------------

wrapping first mol.:       20.29907       28.70721       49.72235
wrapping first mol.:       20.29907       28.70721       49.72235

 NSTEP =    44500   TIME(PS) =    1629.000  TEMP(K) =   300.79  PRESS =     0.0
 Etot   =    -34486.5996  EKtot   =      9202.3457  EPtot      =    -43688.9453
 BOND   =       370.2902  ANGLE   =      1077.3796  DIHED      =      1355.0551
 1-4 NB =       439.4219  1-4 EEL =      6278.4230  VDWAALS    =      4662.8405
 EELEC  =    -57933.1059  EHBOND  =         0.0000  RESTRAINT  =        60.7503
 EAMBER (non-restraint)  =    -43749.6956
 ------------------------------------------------------------------------------

wrapping first mol.:       20.29907       28.70721       49.72235
wrapping first mol.:       20.29907       28.70721       49.72235

 NSTEP =    45000   TIME(PS) =    1630.000  TEMP(K) =   297.65  PRESS =     0.0
 Etot   =    -34539.7837  EKtot   =      9106.1260  EPtot      =    -43645.9096
 BOND   =       378.3691  ANGLE   =      1028.4395  DIHED      =      1360.3013
 1-4 NB =       447.1483  1-4 EEL =      6292.4881  VDWAALS    =      4594.8727
 EELEC  =    -57811.0254  EHBOND  =         0.0000  RESTRAINT  =        63.4968
 EAMBER (non-restraint)  =    -43709.4065
 ------------------------------------------------------------------------------

wrapping first mol.:       20.29907       28.70721       49.72235
wrapping first mol.:       20.29907       28.70721       49.72235

 NSTEP =    45500   TIME(PS) =    1631.000  TEMP(K) =   303.15  PRESS =     0.0
 Etot   =    -34263.0441  EKtot   =      9274.6484  EPtot      =    -43537.6925
 BOND   =       362.4571  ANGLE   =      1052.7676  DIHED      =      1366.9775
 1-4 NB =       442.2911  1-4 EEL =      6289.4657  VDWAALS    =      4667.1231
 EELEC  =    -57779.6371  EHBOND  =         0.0000  RESTRAINT  =        60.8625
 EAMBER (non-restraint)  =    -43598.5550
 ------------------------------------------------------------------------------

wrapping first mol.:       20.29907       28.70721       49.72235
wrapping first mol.:       20.29907       28.70721       49.72235

 NSTEP =    46000   TIME(PS) =    1632.000  TEMP(K) =   304.76  PRESS =     0.0
 Etot   =    -34375.1831  EKtot   =      9323.6387  EPtot      =    -43698.8217
 BOND   =       349.6847  ANGLE   =      1041.5498  DIHED      =      1368.9702
 1-4 NB =       449.0961  1-4 EEL =      6263.5192  VDWAALS    =      4968.4096
 EELEC  =    -58206.2799  EHBOND  =         0.0000  RESTRAINT  =        66.2286
 EAMBER (non-restraint)  =    -43765.0503
 ------------------------------------------------------------------------------

wrapping first mol.:       20.29907       28.70721       49.72235
wrapping first mol.:       20.29907       28.70721       49.72235

 NSTEP =    46500   TIME(PS) =    1633.000  TEMP(K) =   302.88  PRESS =     0.0
 Etot   =    -34336.7176  EKtot   =      9266.2041  EPtot      =    -43602.9217
 BOND   =       367.8999  ANGLE   =      1066.9988  DIHED      =      1362.2138
 1-4 NB =       421.2957  1-4 EEL =      6284.6843  VDWAALS    =      4658.7701
 EELEC  =    -57828.4931  EHBOND  =         0.0000  RESTRAINT  =        63.7089
 EAMBER (non-restraint)  =    -43666.6306
 ------------------------------------------------------------------------------

wrapping first mol.:       20.29907       28.70721       49.72235
wrapping first mol.:       20.29907       28.70721       49.72235

 NSTEP =    47000   TIME(PS) =    1634.000  TEMP(K) =   300.00  PRESS =     0.0
 Etot   =    -34211.5058  EKtot   =      9178.2119  EPtot      =    -43389.7177
 BOND   =       381.7311  ANGLE   =      1081.9092  DIHED      =      1402.6969
 1-4 NB =       443.9621  1-4 EEL =      6287.5602  VDWAALS    =      4598.7462
 EELEC  =    -57651.1172  EHBOND  =         0.0000  RESTRAINT  =        64.7936
 EAMBER (non-restraint)  =    -43454.5114
 ------------------------------------------------------------------------------

wrapping first mol.:       20.29907       28.70721       49.72235
wrapping first mol.:       20.29907       28.70721       49.72235

 NSTEP =    47500   TIME(PS) =    1635.000  TEMP(K) =   302.14  PRESS =     0.0
 Etot   =    -34371.0132  EKtot   =      9243.7051  EPtot      =    -43614.7183
 BOND   =       355.3003  ANGLE   =      1022.9632  DIHED      =      1350.7956
 1-4 NB =       436.1511  1-4 EEL =      6291.7219  VDWAALS    =      4594.0269
 EELEC  =    -57723.2815  EHBOND  =         0.0000  RESTRAINT  =        57.6042
 EAMBER (non-restraint)  =    -43672.3225
 ------------------------------------------------------------------------------

wrapping first mol.:       20.29907       28.70721       49.72235
wrapping first mol.:       20.29907       28.70721       49.72235

 NSTEP =    48000   TIME(PS) =    1636.000  TEMP(K) =   303.97  PRESS =     0.0
 Etot   =    -34343.6870  EKtot   =      9299.6680  EPtot      =    -43643.3550
 BOND   =       349.3458  ANGLE   =      1049.6386  DIHED      =      1366.8207
 1-4 NB =       461.8485  1-4 EEL =      6283.6862  VDWAALS    =      4706.8630
 EELEC  =    -57922.7013  EHBOND  =         0.0000  RESTRAINT  =        61.1435
 EAMBER (non-restraint)  =    -43704.4984
 ------------------------------------------------------------------------------

wrapping first mol.:       20.29907       28.70721       49.72235
wrapping first mol.:       20.29907       28.70721       49.72235

 NSTEP =    48500   TIME(PS) =    1637.000  TEMP(K) =   301.46  PRESS =     0.0
 Etot   =    -34282.2162  EKtot   =      9222.9287  EPtot      =    -43505.1450
 BOND   =       391.9959  ANGLE   =      1049.1528  DIHED      =      1362.1499
 1-4 NB =       438.5124  1-4 EEL =      6305.9821  VDWAALS    =      4774.8757
 EELEC  =    -57886.9621  EHBOND  =         0.0000  RESTRAINT  =        59.1483
 EAMBER (non-restraint)  =    -43564.2932
 ------------------------------------------------------------------------------

wrapping first mol.:       20.29907       28.70721       49.72235
wrapping first mol.:       20.29907       28.70721       49.72235

 NSTEP =    49000   TIME(PS) =    1638.000  TEMP(K) =   301.76  PRESS =     0.0
 Etot   =    -34306.6519  EKtot   =      9232.0234  EPtot      =    -43538.6753
 BOND   =       340.3753  ANGLE   =      1069.1794  DIHED      =      1378.2376
 1-4 NB =       473.2487  1-4 EEL =      6307.7107  VDWAALS    =      4696.8753
 EELEC  =    -57867.5525  EHBOND  =         0.0000  RESTRAINT  =        63.2501
 EAMBER (non-restraint)  =    -43601.9254
 ------------------------------------------------------------------------------

wrapping first mol.:       20.29907       28.70721       49.72235
wrapping first mol.:       20.29907       28.70721       49.72235

 NSTEP =    49500   TIME(PS) =    1639.000  TEMP(K) =   298.43  PRESS =     0.0
 Etot   =    -34561.5959  EKtot   =      9130.1182  EPtot      =    -43691.7140
 BOND   =       338.4268  ANGLE   =      1024.0193  DIHED      =      1358.2629
 1-4 NB =       451.3411  1-4 EEL =      6285.9978  VDWAALS    =      4667.9350
 EELEC  =    -57876.6078  EHBOND  =         0.0000  RESTRAINT  =        58.9109
 EAMBER (non-restraint)  =    -43750.6250
 ------------------------------------------------------------------------------

wrapping first mol.:       20.29907       28.70721       49.72235
wrapping first mol.:       20.29907       28.70721       49.72235

 NSTEP =    50000   TIME(PS) =    1640.000  TEMP(K) =   303.36  PRESS =     0.0
 Etot   =    -34242.0932  EKtot   =      9280.9775  EPtot      =    -43523.0707
 BOND   =       354.5970  ANGLE   =      1078.6133  DIHED      =      1373.0838
 1-4 NB =       447.0295  1-4 EEL =      6302.8719  VDWAALS    =      4685.4538
 EELEC  =    -57822.9612  EHBOND  =         0.0000  RESTRAINT  =        58.2413
 EAMBER (non-restraint)  =    -43581.3120
 ------------------------------------------------------------------------------


      A V E R A G E S   O V E R     100 S T E P S


 NSTEP =    50000   TIME(PS) =    1640.000  TEMP(K) =   300.16  PRESS =     0.0
 Etot   =    -34454.0391  EKtot   =      9182.9059  EPtot      =    -43636.9450
 BOND   =       358.5185  ANGLE   =      1061.4747  DIHED      =      1363.6856
 1-4 NB =       447.8701  1-4 EEL =      6305.0220  VDWAALS    =      4744.6719
 EELEC  =    -57978.6562  EHBOND  =         0.0000  RESTRAINT  =        60.4684
 EAMBER (non-restraint)  =    -43697.4135
 ------------------------------------------------------------------------------


      R M S  F L U C T U A T I O N S


 NSTEP =    50000   TIME(PS) =    1640.000  TEMP(K) =     2.45  PRESS =     0.0
 Etot   =       126.7873  EKtot   =        75.0438  EPtot      =       100.8112
 BOND   =        15.9917  ANGLE   =        22.3583  DIHED      =        12.0981
 1-4 NB =         8.9850  1-4 EEL =        18.9182  VDWAALS    =        96.3951
 EELEC  =       155.7454  EHBOND  =         0.0000  RESTRAINT  =         3.7964
 EAMBER (non-restraint)  =        97.0148
 ------------------------------------------------------------------------------

--------------------------------------------------------------------------------
   5.  TIMINGS
--------------------------------------------------------------------------------

|  NonSetup CPU Time in Major Routines:
|
|     Routine           Sec        %
|     ------------------------------
|     Nonbond          13.06   33.80
|     Bond              0.00    0.00
|     Angle             0.00    0.00
|     Dihedral          0.00    0.00
|     Shake             0.76    1.97
|     RunMD            24.71   63.96
|     Other             0.10    0.27
|     ------------------------------
|     Total            38.63

|  PME Nonbond Pairlist CPU Time:
|
|     Routine              Sec        %
|     ---------------------------------
|     Set Up Cit           0.00    0.00
|     Build List           0.00    0.00
|     ---------------------------------
|     Total                0.00    0.00

|  PME Direct Force CPU Time:
|
|     Routine              Sec        %
|     ---------------------------------
|     NonBonded Calc       0.00    0.00
|     Exclude Masked       0.00    0.00
|     Other                0.06    0.16
|     ---------------------------------
|     Total                0.06    0.16

|  PME Reciprocal Force CPU Time:
|
|     Routine              Sec        %
|     ---------------------------------
|     1D bspline           0.00    0.00
|     Grid Charges         0.00    0.00
|     Scalar Sum           0.00    0.00
|     Gradient Sum         0.00    0.00
|     FFT                  0.00    0.00
|     ---------------------------------
|     Total                0.00    0.00

|  Final Performance Info:
|     -----------------------------------------------------
|     Average timings for last   49500 steps:
|     Elapsed(s) =      38.25 Per Step(ms) =       0.77
|         ns/day =     223.60   seconds/ns =     386.41
|
|     Average timings for all steps:
|     Elapsed(s) =      38.66 Per Step(ms) =       0.77
|         ns/day =     223.48   seconds/ns =     386.62
|     -----------------------------------------------------

|  Setup CPU time:            2.41 seconds
|  NonSetup CPU time:        38.63 seconds
|  Total CPU time:           41.04 seconds     0.01 hours

|  Setup wall time:           3    seconds
|  NonSetup wall time:       38    seconds
|  Total wall time:          41    seconds     0.01 hours
