
          -------------------------------------------------------
          Amber 16 PMEMD                              2016
          -------------------------------------------------------

| PMEMD implementation of SANDER, Release 16

| Run on 11/17/2017 at 08:21:16

|   Executable path: /apps/amber16/bin/pmemd.cuda
| Working directory: /home/pbarletta
|          Hostname: mordor

  [-O]verwriting output

File Assignments:
|   MDIN: /scratch/pbarletta/cph_obp/run/ctv/mhe/e/17equ.in                     
|  MDOUT: /scratch/pbarletta/cph_obp/run/ctv/mhe/e/17equ.out                    
| INPCRD: /scratch/pbarletta/cph_obp/run/ctv/mhe/e/16ectv.rst7                  
|   PARM: /scratch/pbarletta/cph_obp/top_files/ctv.prmtop                       
| RESTRT: /scratch/pbarletta/cph_obp/run/ctv/mhe/e/17ectv.rst7                  
|   REFC: /scratch/pbarletta/cph_obp/run/ctv/mhe/e/16ectv.rst7                  
|  MDVEL: mdvel                                                                 
|   MDEN: mden                                                                  
|  MDCRD: /scratch/pbarletta/cph_obp/run/ctv/mhe/e/17ectv.nc                    
| MDINFO: mdinfo                                                                
|  MDFRC: mdfrc                                                                 


 Here is the input file:

Equilibration with solute restrictions                                         
&cntrl                                                                         
imin = 0,                           ! No Minimization                          
nmropt = 0,                         ! No NMR restraints read                   
                                                                               
! Nature and format of the input                                               
ntx = 5,                            ! Coordinates but no velocities will be rea
irest = 1,                          ! Do not run a new simulation              
                                                                               
! Nature and format of the output                                              
ntxo = 1,                           ! rstrt file in ASCII format               
ntpr = 500,                         ! inf in output every ntpr steps           
ntwr = 500,                         ! rstrt file every ntwr steps              
ntwx = 500,                         ! mdcrd file every ntwx steps              
ntwv = 0,                           ! mdvel without velocities                 
ntwe = 0,                           ! Energies and temperatures not written in 
idecomp = 0,                        ! No energy decomposition                  
iwrap = 1,                          ! Coordinates of the restart and mdcrd file
                                                                               
! Frozen or restrained atoms                                                   
ibelly = 0,                         ! No frozen atoms                          
ntr=1,                              ! Harmonic potential restraints            
restraint_wt = 1.0,                ! The weight for the positional restraints  
restraintmask = ':1-120@N,CA,C,O',  ! restrained residues                      
                                                                               
! Molecular dynamics                                                           
nstlim = 50000,                     ! Number of MD-steps                       
dt = 0.002,                         ! Time step                                
                                                                               
! Temperature regulation                                                       
ntt = 3,                            ! Langevin thermostat                      
gamma_ln = 5,                       ! Gamma constant for Langevin              
temp0 = 300.0,                      ! Reference T at which the system is to be 
tempi = 300.0,                      ! Initial T                                
ig = -1,                            ! Seed for the RNG                         
                                                                               
! P and V regulation                                                           
ntp = 0,                            ! No pressure control                      
ntb = 1,                            ! Periodic box for constant V              
                                                                               
! SHAKE variables                                                              
ntc = 2,                            ! Bonds involving H are constrained        
ntf = 2,                            ! Bond interaction involving H are ommited.
                                                                               
cut = 10.0,                         ! Nonbonded cutoff                         
                                                                               
/                                                                              
&end                                                                           


Note: ig = -1. Setting random seed to   940111 based on wallclock time in 
      microseconds.
| irandom = 1, using AMBER's internal random number generator (default).
 
|--------------------- INFORMATION ----------------------
| GPU (CUDA) Version of PMEMD in use: NVIDIA GPU IN USE.
|                    Version 16.0.0
| 
|                      02/25/2016
| 
| Implementation by:
|                    Ross C. Walker     (SDSC)
|                    Scott Le Grand     (nVIDIA)
| 
| Precision model in use:
|      [SPFP] - Single Precision Forces, 64-bit Fixed Point
|               Accumulation. (Default)
| 
|--------------------------------------------------------
 
|----------------- CITATION INFORMATION -----------------
|
|    When publishing work that utilized the CUDA version
|    of AMBER, please cite the following in addition to
|    the regular AMBER citations:
|
|  - Romelia Salomon-Ferrer; Andreas W. Goetz; Duncan
|    Poole; Scott Le Grand; Ross C. Walker "Routine
|    microsecond molecular dynamics simulations with
|    AMBER - Part II: Particle Mesh Ewald", J. Chem.
|    Theory Comput., 2013, 9 (9), pp3878-3888,
|    DOI: 10.1021/ct400314y.
|
|  - Andreas W. Goetz; Mark J. Williamson; Dong Xu;
|    Duncan Poole; Scott Le Grand; Ross C. Walker
|    "Routine microsecond molecular dynamics simulations
|    with AMBER - Part I: Generalized Born", J. Chem.
|    Theory Comput., 2012, 8 (5), pp1542-1555.
|
|  - Scott Le Grand; Andreas W. Goetz; Ross C. Walker
|    "SPFP: Speed without compromise - a mixed precision
|    model for GPU accelerated molecular dynamics
|    simulations.", Comp. Phys. Comm., 2013, 184
|    pp374-380, DOI: 10.1016/j.cpc.2012.09.022
|
|--------------------------------------------------------
 
|------------------- GPU DEVICE INFO --------------------
|
|            CUDA_VISIBLE_DEVICES: 1
|   CUDA Capable Devices Detected:      1
|           CUDA Device ID in use:      0
|                CUDA Device Name: GeForce GTX 1080 Ti
|     CUDA Device Global Mem Size:  11172 MB
| CUDA Device Num Multiprocessors:     28
|           CUDA Device Core Freq:   1.58 GHz
|
|--------------------------------------------------------
 
 
| Conditional Compilation Defines Used:
| PUBFFT
| BINTRAJ
| CUDA
| EMIL

| Largest sphere to fit in unit cell has radius =    24.861

| New format PARM file being parsed.
| Version =    1.000 Date = 11/14/17 Time = 21:26:59

| Note: 1-4 EEL scale factors are being read from the topology file.

| Note: 1-4 VDW scale factors are being read from the topology file.
| Duplicated    0 dihedrals

| Duplicated    0 dihedrals

--------------------------------------------------------------------------------
   1.  RESOURCE   USE: 
--------------------------------------------------------------------------------

 getting new box info from bottom of inpcrd
 NATOM  =   14918 NTYPES =      18 NBONH =   13963 MBONA  =     961
 NTHETH =    2368 MTHETA =    1289 NPHIH =    4522 MPHIA  =    3259
 NHPARM =       0 NPARM  =       0 NNB   =   28275 NRES   =    4423
 NBONA  =     961 NTHETA =    1289 NPHIA =    3259 NUMBND =      48
 NUMANG =     101 NPTRA  =      41 NATYP =      33 NPHB   =       1
 IFBOX  =       2 NMXRS  =      26 IFCAP =       0 NEXTRA =       0
 NCOPY  =       0

| Coordinate Index Table dimensions:     9    9    9
| Direct force subcell size =     6.7664    6.7664    6.7664

     BOX TYPE: TRUNCATED OCTAHEDRON

--------------------------------------------------------------------------------
   2.  CONTROL  DATA  FOR  THE  RUN
--------------------------------------------------------------------------------

default_name                                                                    

General flags:
     imin    =       0, nmropt  =       0

Nature and format of input:
     ntx     =       5, irest   =       1, ntrx    =       1

Nature and format of output:
     ntxo    =       1, ntpr    =     500, ntrx    =       1, ntwr    =     500
     iwrap   =       1, ntwx    =     500, ntwv    =       0, ntwe    =       0
     ioutfm  =       1, ntwprt  =       0, idecomp =       0, rbornstat=      0

Potential function:
     ntf     =       2, ntb     =       1, igb     =       0, nsnb    =      25
     ipol    =       0, gbsa    =       0, iesp    =       0
     dielc   =   1.00000, cut     =  10.00000, intdiel =   1.00000

Frozen or restrained atoms:
     ibelly  =       0, ntr     =       1
     restraint_wt =   1.00000

Molecular dynamics:
     nstlim  =     50000, nscm    =         0, nrespa  =         1
     t       =   0.00000, dt      =   0.00200, vlimit  =  -1.00000

Langevin dynamics temperature regulation:
     ig      =  940111
     temp0   = 300.00000, tempi   = 300.00000, gamma_ln=   5.00000

SHAKE:
     ntc     =       2, jfastw  =       0
     tol     =   0.00001

| Intermolecular bonds treatment:
|     no_intermolecular_bonds =       1

| Energy averages sample interval:
|     ene_avg_sampling =     500

Ewald parameters:
     verbose =       0, ew_type =       0, nbflag  =       1, use_pme =       1
     vdwmeth =       1, eedmeth =       1, netfrc  =       1
     Box X =   60.897   Box Y =   60.897   Box Z =   60.897
     Alpha =  109.471   Beta  =  109.471   Gamma =  109.471
     NFFT1 =   64       NFFT2 =   64       NFFT3 =   64
     Cutoff=   10.000   Tol   =0.100E-04
     Ewald Coefficient =  0.27511
     Interpolation order =    4

    LOADING THE CONSTRAINED ATOMS AS GROUPS


   5.  REFERENCE ATOM COORDINATES

  default_name                                                                    
     Mask :1-120@N,CA,C,O; matches   476 atoms

--------------------------------------------------------------------------------
   3.  ATOMIC COORDINATES AND VELOCITIES
--------------------------------------------------------------------------------

default_name                                                                    
 begin time read from input coords =  1740.000 ps

 
 Number of triangulated 3-point waters found:     4302

     Sum of charges from parm topology file =   0.00000094
     Forcing neutrality...

| Dynamic Memory, Types Used:
| Reals              578204
| Integers           551472

| Nonbonded Pairs Initial Allocation:     4512322

| GPU memory information (estimate):
| KB of GPU memory in use:    141360
| KB of CPU memory in use:     29328

--------------------------------------------------------------------------------
   4.  RESULTS
--------------------------------------------------------------------------------

 ---------------------------------------------------
 APPROXIMATING switch and d/dx switch using CUBIC SPLINE INTERPOLATION
 using   5000.0 points per unit in tabled values
 TESTING RELATIVE ERROR over r ranging from 0.0 to cutoff
| CHECK switch(x): max rel err =   0.2738E-14   at   2.422500
| CHECK d/dx switch(x): max rel err =   0.8314E-11   at   2.736960
 ---------------------------------------------------
|---------------------------------------------------
| APPROXIMATING direct energy using CUBIC SPLINE INTERPOLATION
|  with   50.0 points per unit in tabled values
| Relative Error Limit not exceeded for r .gt.   2.33
| APPROXIMATING direct force using CUBIC SPLINE INTERPOLATION
|  with   50.0 points per unit in tabled values
| Relative Error Limit not exceeded for r .gt.   2.80
|---------------------------------------------------
wrapping first mol.:       20.29907       28.70721       49.72235
wrapping first mol.:       20.29907       28.70721       49.72235

 NSTEP =      500   TIME(PS) =    1741.000  TEMP(K) =   301.18  PRESS =     0.0
 Etot   =    -34429.8361  EKtot   =      9214.3193  EPtot      =    -43644.1554
 BOND   =       346.5931  ANGLE   =      1058.9041  DIHED      =      1365.8914
 1-4 NB =       445.8963  1-4 EEL =      6338.4064  VDWAALS    =      4739.7436
 EELEC  =    -57983.7804  EHBOND  =         0.0000  RESTRAINT  =        44.1901
 EAMBER (non-restraint)  =    -43688.3455
 ------------------------------------------------------------------------------

wrapping first mol.:       20.29907       28.70721       49.72235
wrapping first mol.:       20.29907       28.70721       49.72235

 NSTEP =     1000   TIME(PS) =    1742.000  TEMP(K) =   300.64  PRESS =     0.0
 Etot   =    -34457.2325  EKtot   =      9197.7422  EPtot      =    -43654.9747
 BOND   =       364.5895  ANGLE   =      1082.4204  DIHED      =      1369.4901
 1-4 NB =       440.9889  1-4 EEL =      6299.7156  VDWAALS    =      4813.9706
 EELEC  =    -58070.2206  EHBOND  =         0.0000  RESTRAINT  =        44.0708
 EAMBER (non-restraint)  =    -43699.0455
 ------------------------------------------------------------------------------

wrapping first mol.:       20.29907       28.70721       49.72235
wrapping first mol.:       20.29907       28.70721       49.72235

 NSTEP =     1500   TIME(PS) =    1743.000  TEMP(K) =   302.99  PRESS =     0.0
 Etot   =    -34301.7895  EKtot   =      9269.5859  EPtot      =    -43571.3754
 BOND   =       341.0100  ANGLE   =      1087.2697  DIHED      =      1375.8143
 1-4 NB =       454.3973  1-4 EEL =      6367.3138  VDWAALS    =      4882.4766
 EELEC  =    -58119.5389  EHBOND  =         0.0000  RESTRAINT  =        39.8817
 EAMBER (non-restraint)  =    -43611.2571
 ------------------------------------------------------------------------------

wrapping first mol.:       20.29907       28.70721       49.72235
wrapping first mol.:       20.29907       28.70721       49.72235

 NSTEP =     2000   TIME(PS) =    1744.000  TEMP(K) =   303.02  PRESS =     0.0
 Etot   =    -34283.1803  EKtot   =      9270.4492  EPtot      =    -43553.6296
 BOND   =       355.0789  ANGLE   =      1068.6875  DIHED      =      1379.1387
 1-4 NB =       443.0932  1-4 EEL =      6337.3035  VDWAALS    =      4916.8441
 EELEC  =    -58093.4381  EHBOND  =         0.0000  RESTRAINT  =        39.6627
 EAMBER (non-restraint)  =    -43593.2923
 ------------------------------------------------------------------------------

wrapping first mol.:       20.29907       28.70721       49.72235
wrapping first mol.:       20.29907       28.70721       49.72235

 NSTEP =     2500   TIME(PS) =    1745.000  TEMP(K) =   303.38  PRESS =     0.0
 Etot   =    -34289.8420  EKtot   =      9281.5537  EPtot      =    -43571.3957
 BOND   =       362.0555  ANGLE   =      1069.8893  DIHED      =      1368.6543
 1-4 NB =       448.6724  1-4 EEL =      6261.6245  VDWAALS    =      4635.0524
 EELEC  =    -57757.5869  EHBOND  =         0.0000  RESTRAINT  =        40.2428
 EAMBER (non-restraint)  =    -43611.6386
 ------------------------------------------------------------------------------

wrapping first mol.:       20.29907       28.70721       49.72235
wrapping first mol.:       20.29907       28.70721       49.72235

 NSTEP =     3000   TIME(PS) =    1746.000  TEMP(K) =   299.63  PRESS =     0.0
 Etot   =    -34562.9094  EKtot   =      9166.7324  EPtot      =    -43729.6418
 BOND   =       360.8955  ANGLE   =      1060.2108  DIHED      =      1347.7116
 1-4 NB =       433.5710  1-4 EEL =      6304.5070  VDWAALS    =      4594.9350
 EELEC  =    -57870.6284  EHBOND  =         0.0000  RESTRAINT  =        39.1558
 EAMBER (non-restraint)  =    -43768.7976
 ------------------------------------------------------------------------------

wrapping first mol.:       20.29907       28.70721       49.72235
wrapping first mol.:       20.29907       28.70721       49.72235

 NSTEP =     3500   TIME(PS) =    1747.000  TEMP(K) =   300.44  PRESS =     0.0
 Etot   =    -34668.2267  EKtot   =      9191.7461  EPtot      =    -43859.9728
 BOND   =       372.2474  ANGLE   =      1068.9812  DIHED      =      1329.2459
 1-4 NB =       444.6839  1-4 EEL =      6311.5660  VDWAALS    =      4943.6519
 EELEC  =    -58381.6556  EHBOND  =         0.0000  RESTRAINT  =        51.3065
 EAMBER (non-restraint)  =    -43911.2793
 ------------------------------------------------------------------------------

wrapping first mol.:       20.29907       28.70721       49.72235
wrapping first mol.:       20.29907       28.70721       49.72235

 NSTEP =     4000   TIME(PS) =    1748.000  TEMP(K) =   299.54  PRESS =     0.0
 Etot   =    -34491.8806  EKtot   =      9164.1367  EPtot      =    -43656.0173
 BOND   =       365.7500  ANGLE   =      1069.9433  DIHED      =      1356.1631
 1-4 NB =       448.5793  1-4 EEL =      6335.1072  VDWAALS    =      4839.2730
 EELEC  =    -58116.6947  EHBOND  =         0.0000  RESTRAINT  =        45.8615
 EAMBER (non-restraint)  =    -43701.8788
 ------------------------------------------------------------------------------

wrapping first mol.:       20.29907       28.70721       49.72235
wrapping first mol.:       20.29907       28.70721       49.72235

 NSTEP =     4500   TIME(PS) =    1749.000  TEMP(K) =   296.87  PRESS =     0.0
 Etot   =    -34680.9474  EKtot   =      9082.4893  EPtot      =    -43763.4367
 BOND   =       358.3040  ANGLE   =      1081.6774  DIHED      =      1369.2845
 1-4 NB =       437.0526  1-4 EEL =      6317.6607  VDWAALS    =      4847.5159
 EELEC  =    -58217.5078  EHBOND  =         0.0000  RESTRAINT  =        42.5761
 EAMBER (non-restraint)  =    -43806.0128
 ------------------------------------------------------------------------------

wrapping first mol.:       20.29907       28.70721       49.72235
wrapping first mol.:       20.29907       28.70721       49.72235

 NSTEP =     5000   TIME(PS) =    1750.000  TEMP(K) =   296.61  PRESS =     0.0
 Etot   =    -34372.6311  EKtot   =      9074.4727  EPtot      =    -43447.1037
 BOND   =       371.5761  ANGLE   =      1059.6680  DIHED      =      1366.6590
 1-4 NB =       447.2843  1-4 EEL =      6314.3661  VDWAALS    =      4783.9578
 EELEC  =    -57833.4990  EHBOND  =         0.0000  RESTRAINT  =        42.8840
 EAMBER (non-restraint)  =    -43489.9877
 ------------------------------------------------------------------------------

wrapping first mol.:       20.29907       28.70721       49.72235
wrapping first mol.:       20.29907       28.70721       49.72235

 NSTEP =     5500   TIME(PS) =    1751.000  TEMP(K) =   297.67  PRESS =     0.0
 Etot   =    -34401.1723  EKtot   =      9106.9863  EPtot      =    -43508.1587
 BOND   =       375.2931  ANGLE   =      1090.1331  DIHED      =      1358.6108
 1-4 NB =       448.7446  1-4 EEL =      6305.6343  VDWAALS    =      4735.1763
 EELEC  =    -57872.3079  EHBOND  =         0.0000  RESTRAINT  =        50.5570
 EAMBER (non-restraint)  =    -43558.7157
 ------------------------------------------------------------------------------

wrapping first mol.:       20.29907       28.70721       49.72235
wrapping first mol.:       20.29907       28.70721       49.72235

 NSTEP =     6000   TIME(PS) =    1752.000  TEMP(K) =   296.98  PRESS =     0.0
 Etot   =    -34598.0562  EKtot   =      9085.6709  EPtot      =    -43683.7271
 BOND   =       350.2123  ANGLE   =      1138.4084  DIHED      =      1373.7062
 1-4 NB =       449.9900  1-4 EEL =      6302.5399  VDWAALS    =      4695.9717
 EELEC  =    -58038.8977  EHBOND  =         0.0000  RESTRAINT  =        44.3421
 EAMBER (non-restraint)  =    -43728.0692
 ------------------------------------------------------------------------------

wrapping first mol.:       20.29907       28.70721       49.72235
wrapping first mol.:       20.29907       28.70721       49.72235

 NSTEP =     6500   TIME(PS) =    1753.000  TEMP(K) =   303.60  PRESS =     0.0
 Etot   =    -34552.9502  EKtot   =      9288.1494  EPtot      =    -43841.0996
 BOND   =       331.5745  ANGLE   =      1048.5654  DIHED      =      1351.9324
 1-4 NB =       448.4602  1-4 EEL =      6307.5322  VDWAALS    =      4678.9385
 EELEC  =    -58054.3788  EHBOND  =         0.0000  RESTRAINT  =        46.2760
 EAMBER (non-restraint)  =    -43887.3756
 ------------------------------------------------------------------------------

wrapping first mol.:       20.29907       28.70721       49.72235
wrapping first mol.:       20.29907       28.70721       49.72235

 NSTEP =     7000   TIME(PS) =    1754.000  TEMP(K) =   299.19  PRESS =     0.0
 Etot   =    -34451.1612  EKtot   =      9153.3613  EPtot      =    -43604.5226
 BOND   =       324.3595  ANGLE   =      1101.8009  DIHED      =      1360.7070
 1-4 NB =       442.1768  1-4 EEL =      6349.9794  VDWAALS    =      4731.5842
 EELEC  =    -57959.2030  EHBOND  =         0.0000  RESTRAINT  =        44.0727
 EAMBER (non-restraint)  =    -43648.5952
 ------------------------------------------------------------------------------

wrapping first mol.:       20.29907       28.70721       49.72235
wrapping first mol.:       20.29907       28.70721       49.72235

 NSTEP =     7500   TIME(PS) =    1755.000  TEMP(K) =   298.55  PRESS =     0.0
 Etot   =    -34505.3985  EKtot   =      9133.7861  EPtot      =    -43639.1846
 BOND   =       362.3706  ANGLE   =      1042.3703  DIHED      =      1368.4124
 1-4 NB =       448.9495  1-4 EEL =      6319.9377  VDWAALS    =      4723.2331
 EELEC  =    -57952.1043  EHBOND  =         0.0000  RESTRAINT  =        47.6462
 EAMBER (non-restraint)  =    -43686.8308
 ------------------------------------------------------------------------------

wrapping first mol.:       20.29907       28.70721       49.72235
wrapping first mol.:       20.29907       28.70721       49.72235

 NSTEP =     8000   TIME(PS) =    1756.000  TEMP(K) =   298.52  PRESS =     0.0
 Etot   =    -34397.9489  EKtot   =      9132.9775  EPtot      =    -43530.9264
 BOND   =       373.7911  ANGLE   =      1049.5082  DIHED      =      1361.1680
 1-4 NB =       436.2290  1-4 EEL =      6349.5429  VDWAALS    =      4895.3725
 EELEC  =    -58043.9824  EHBOND  =         0.0000  RESTRAINT  =        47.4444
 EAMBER (non-restraint)  =    -43578.3708
 ------------------------------------------------------------------------------

wrapping first mol.:       20.29907       28.70721       49.72235
wrapping first mol.:       20.29907       28.70721       49.72235

 NSTEP =     8500   TIME(PS) =    1757.000  TEMP(K) =   300.47  PRESS =     0.0
 Etot   =    -34543.0150  EKtot   =      9192.5439  EPtot      =    -43735.5589
 BOND   =       339.7452  ANGLE   =      1093.5235  DIHED      =      1352.1639
 1-4 NB =       442.0887  1-4 EEL =      6318.4092  VDWAALS    =      4865.2005
 EELEC  =    -58193.8959  EHBOND  =         0.0000  RESTRAINT  =        47.2059
 EAMBER (non-restraint)  =    -43782.7648
 ------------------------------------------------------------------------------

wrapping first mol.:       20.29907       28.70721       49.72235
wrapping first mol.:       20.29907       28.70721       49.72235

 NSTEP =     9000   TIME(PS) =    1758.000  TEMP(K) =   295.69  PRESS =     0.0
 Etot   =    -34652.8096  EKtot   =      9046.3896  EPtot      =    -43699.1992
 BOND   =       367.9644  ANGLE   =      1081.7890  DIHED      =      1367.7692
 1-4 NB =       435.8493  1-4 EEL =      6305.8215  VDWAALS    =      4734.4198
 EELEC  =    -58038.7072  EHBOND  =         0.0000  RESTRAINT  =        45.8947
 EAMBER (non-restraint)  =    -43745.0940
 ------------------------------------------------------------------------------

wrapping first mol.:       20.29907       28.70721       49.72235
wrapping first mol.:       20.29907       28.70721       49.72235

 NSTEP =     9500   TIME(PS) =    1759.000  TEMP(K) =   301.01  PRESS =     0.0
 Etot   =    -34399.1758  EKtot   =      9209.1611  EPtot      =    -43608.3370
 BOND   =       359.2057  ANGLE   =      1105.1959  DIHED      =      1349.1019
 1-4 NB =       428.2728  1-4 EEL =      6312.7755  VDWAALS    =      4882.4653
 EELEC  =    -58085.3989  EHBOND  =         0.0000  RESTRAINT  =        40.0449
 EAMBER (non-restraint)  =    -43648.3818
 ------------------------------------------------------------------------------

wrapping first mol.:       20.29907       28.70721       49.72235
wrapping first mol.:       20.29907       28.70721       49.72235

 NSTEP =    10000   TIME(PS) =    1760.000  TEMP(K) =   304.86  PRESS =     0.0
 Etot   =    -34046.8855  EKtot   =      9326.8770  EPtot      =    -43373.7624
 BOND   =       367.5046  ANGLE   =      1093.4128  DIHED      =      1359.1089
 1-4 NB =       454.9659  1-4 EEL =      6304.0439  VDWAALS    =      4552.0701
 EELEC  =    -57550.1789  EHBOND  =         0.0000  RESTRAINT  =        45.3102
 EAMBER (non-restraint)  =    -43419.0726
 ------------------------------------------------------------------------------

wrapping first mol.:       20.29907       28.70721       49.72235
wrapping first mol.:       20.29907       28.70721       49.72235

 NSTEP =    10500   TIME(PS) =    1761.000  TEMP(K) =   302.57  PRESS =     0.0
 Etot   =    -34275.4995  EKtot   =      9256.8203  EPtot      =    -43532.3198
 BOND   =       353.7513  ANGLE   =      1026.2238  DIHED      =      1355.8712
 1-4 NB =       437.2045  1-4 EEL =      6313.5988  VDWAALS    =      4739.4020
 EELEC  =    -57798.8435  EHBOND  =         0.0000  RESTRAINT  =        40.4721
 EAMBER (non-restraint)  =    -43572.7919
 ------------------------------------------------------------------------------

wrapping first mol.:       20.29907       28.70721       49.72235
wrapping first mol.:       20.29907       28.70721       49.72235

 NSTEP =    11000   TIME(PS) =    1762.000  TEMP(K) =   299.43  PRESS =     0.0
 Etot   =    -34516.5274  EKtot   =      9160.7070  EPtot      =    -43677.2344
 BOND   =       412.3507  ANGLE   =      1057.8209  DIHED      =      1360.2624
 1-4 NB =       432.9436  1-4 EEL =      6313.9225  VDWAALS    =      4684.6358
 EELEC  =    -57977.8433  EHBOND  =         0.0000  RESTRAINT  =        38.6729
 EAMBER (non-restraint)  =    -43715.9073
 ------------------------------------------------------------------------------

wrapping first mol.:       20.29907       28.70721       49.72235
wrapping first mol.:       20.29907       28.70721       49.72235

 NSTEP =    11500   TIME(PS) =    1763.000  TEMP(K) =   299.75  PRESS =     0.0
 Etot   =    -34424.7894  EKtot   =      9170.4160  EPtot      =    -43595.2055
 BOND   =       345.2937  ANGLE   =      1045.7499  DIHED      =      1375.9008
 1-4 NB =       448.6037  1-4 EEL =      6299.3995  VDWAALS    =      4790.1370
 EELEC  =    -57950.0652  EHBOND  =         0.0000  RESTRAINT  =        49.7750
 EAMBER (non-restraint)  =    -43644.9805
 ------------------------------------------------------------------------------

wrapping first mol.:       20.29907       28.70721       49.72235
wrapping first mol.:       20.29907       28.70721       49.72235

 NSTEP =    12000   TIME(PS) =    1764.000  TEMP(K) =   299.04  PRESS =     0.0
 Etot   =    -34429.4243  EKtot   =      9148.6738  EPtot      =    -43578.0982
 BOND   =       367.7354  ANGLE   =      1054.1319  DIHED      =      1357.4689
 1-4 NB =       442.5957  1-4 EEL =      6289.3849  VDWAALS    =      4680.9870
 EELEC  =    -57820.7151  EHBOND  =         0.0000  RESTRAINT  =        50.3130
 EAMBER (non-restraint)  =    -43628.4111
 ------------------------------------------------------------------------------

wrapping first mol.:       20.29907       28.70721       49.72235
wrapping first mol.:       20.29907       28.70721       49.72235

 NSTEP =    12500   TIME(PS) =    1765.000  TEMP(K) =   303.01  PRESS =     0.0
 Etot   =    -34323.3240  EKtot   =      9270.1475  EPtot      =    -43593.4714
 BOND   =       357.8658  ANGLE   =      1049.8992  DIHED      =      1374.5780
 1-4 NB =       457.2477  1-4 EEL =      6337.5465  VDWAALS    =      4605.3217
 EELEC  =    -57822.7243  EHBOND  =         0.0000  RESTRAINT  =        46.7940
 EAMBER (non-restraint)  =    -43640.2654
 ------------------------------------------------------------------------------

wrapping first mol.:       20.29907       28.70721       49.72235
wrapping first mol.:       20.29907       28.70721       49.72235

 NSTEP =    13000   TIME(PS) =    1766.000  TEMP(K) =   298.40  PRESS =     0.0
 Etot   =    -34386.5904  EKtot   =      9129.1504  EPtot      =    -43515.7408
 BOND   =       362.3583  ANGLE   =      1089.0118  DIHED      =      1347.7596
 1-4 NB =       446.8685  1-4 EEL =      6330.3132  VDWAALS    =      4601.7673
 EELEC  =    -57739.0798  EHBOND  =         0.0000  RESTRAINT  =        45.2603
 EAMBER (non-restraint)  =    -43561.0010
 ------------------------------------------------------------------------------

wrapping first mol.:       20.29907       28.70721       49.72235
wrapping first mol.:       20.29907       28.70721       49.72235

 NSTEP =    13500   TIME(PS) =    1767.000  TEMP(K) =   298.44  PRESS =     0.0
 Etot   =    -34438.0342  EKtot   =      9130.2842  EPtot      =    -43568.3183
 BOND   =       345.5508  ANGLE   =      1036.2274  DIHED      =      1367.0246
 1-4 NB =       445.3357  1-4 EEL =      6319.2708  VDWAALS    =      4723.3212
 EELEC  =    -57847.8581  EHBOND  =         0.0000  RESTRAINT  =        42.8093
 EAMBER (non-restraint)  =    -43611.1277
 ------------------------------------------------------------------------------

wrapping first mol.:       20.29907       28.70721       49.72235
wrapping first mol.:       20.29907       28.70721       49.72235

 NSTEP =    14000   TIME(PS) =    1768.000  TEMP(K) =   300.65  PRESS =     0.0
 Etot   =    -34428.0450  EKtot   =      9198.0381  EPtot      =    -43626.0831
 BOND   =       363.7910  ANGLE   =      1077.6937  DIHED      =      1364.5573
 1-4 NB =       455.5178  1-4 EEL =      6278.1673  VDWAALS    =      4921.8844
 EELEC  =    -58131.2106  EHBOND  =         0.0000  RESTRAINT  =        43.5162
 EAMBER (non-restraint)  =    -43669.5992
 ------------------------------------------------------------------------------

wrapping first mol.:       20.29907       28.70721       49.72235
wrapping first mol.:       20.29907       28.70721       49.72235

 NSTEP =    14500   TIME(PS) =    1769.000  TEMP(K) =   300.56  PRESS =     0.0
 Etot   =    -34334.4431  EKtot   =      9195.2393  EPtot      =    -43529.6823
 BOND   =       367.1528  ANGLE   =      1054.4973  DIHED      =      1363.4679
 1-4 NB =       456.5748  1-4 EEL =      6354.6452  VDWAALS    =      4632.4806
 EELEC  =    -57801.7167  EHBOND  =         0.0000  RESTRAINT  =        43.2158
 EAMBER (non-restraint)  =    -43572.8981
 ------------------------------------------------------------------------------

wrapping first mol.:       20.29907       28.70721       49.72235
wrapping first mol.:       20.29907       28.70721       49.72235

 NSTEP =    15000   TIME(PS) =    1770.000  TEMP(K) =   305.03  PRESS =     0.0
 Etot   =    -34195.6743  EKtot   =      9331.9131  EPtot      =    -43527.5874
 BOND   =       380.3702  ANGLE   =      1056.9395  DIHED      =      1371.4072
 1-4 NB =       442.4780  1-4 EEL =      6314.9397  VDWAALS    =      4828.5176
 EELEC  =    -57969.3660  EHBOND  =         0.0000  RESTRAINT  =        47.1264
 EAMBER (non-restraint)  =    -43574.7138
 ------------------------------------------------------------------------------

wrapping first mol.:       20.29907       28.70721       49.72235
wrapping first mol.:       20.29907       28.70721       49.72235

 NSTEP =    15500   TIME(PS) =    1771.000  TEMP(K) =   298.59  PRESS =     0.0
 Etot   =    -34461.8406  EKtot   =      9135.1006  EPtot      =    -43596.9412
 BOND   =       348.3908  ANGLE   =      1047.6612  DIHED      =      1342.0491
 1-4 NB =       467.0182  1-4 EEL =      6310.6525  VDWAALS    =      4726.1600
 EELEC  =    -57883.0313  EHBOND  =         0.0000  RESTRAINT  =        44.1582
 EAMBER (non-restraint)  =    -43641.0994
 ------------------------------------------------------------------------------

wrapping first mol.:       20.29907       28.70721       49.72235
wrapping first mol.:       20.29907       28.70721       49.72235

 NSTEP =    16000   TIME(PS) =    1772.000  TEMP(K) =   301.52  PRESS =     0.0
 Etot   =    -34433.5824  EKtot   =      9224.5957  EPtot      =    -43658.1781
 BOND   =       357.7942  ANGLE   =      1061.5808  DIHED      =      1359.5440
 1-4 NB =       453.7758  1-4 EEL =      6330.4840  VDWAALS    =      4772.2407
 EELEC  =    -58038.2602  EHBOND  =         0.0000  RESTRAINT  =        44.6626
 EAMBER (non-restraint)  =    -43702.8407
 ------------------------------------------------------------------------------

wrapping first mol.:       20.29907       28.70721       49.72235
wrapping first mol.:       20.29907       28.70721       49.72235

 NSTEP =    16500   TIME(PS) =    1773.000  TEMP(K) =   302.39  PRESS =     0.0
 Etot   =    -34370.7536  EKtot   =      9251.3838  EPtot      =    -43622.1374
 BOND   =       362.7710  ANGLE   =      1075.2939  DIHED      =      1375.4252
 1-4 NB =       449.7735  1-4 EEL =      6320.4934  VDWAALS    =      4898.5297
 EELEC  =    -58148.7080  EHBOND  =         0.0000  RESTRAINT  =        44.2839
 EAMBER (non-restraint)  =    -43666.4213
 ------------------------------------------------------------------------------

wrapping first mol.:       20.29907       28.70721       49.72235
wrapping first mol.:       20.29907       28.70721       49.72235

 NSTEP =    17000   TIME(PS) =    1774.000  TEMP(K) =   296.75  PRESS =     0.0
 Etot   =    -34713.5909  EKtot   =      9078.6533  EPtot      =    -43792.2442
 BOND   =       325.0419  ANGLE   =      1051.6986  DIHED      =      1374.9127
 1-4 NB =       454.7249  1-4 EEL =      6337.2391  VDWAALS    =      4809.0449
 EELEC  =    -58185.6596  EHBOND  =         0.0000  RESTRAINT  =        40.7532
 EAMBER (non-restraint)  =    -43832.9975
 ------------------------------------------------------------------------------

wrapping first mol.:       20.29907       28.70721       49.72235
wrapping first mol.:       20.29907       28.70721       49.72235

 NSTEP =    17500   TIME(PS) =    1775.000  TEMP(K) =   304.48  PRESS =     0.0
 Etot   =    -34426.1421  EKtot   =      9315.0801  EPtot      =    -43741.2222
 BOND   =       343.1737  ANGLE   =      1067.8226  DIHED      =      1338.4196
 1-4 NB =       443.7035  1-4 EEL =      6304.7126  VDWAALS    =      4651.9529
 EELEC  =    -57935.4136  EHBOND  =         0.0000  RESTRAINT  =        44.4066
 EAMBER (non-restraint)  =    -43785.6289
 ------------------------------------------------------------------------------

wrapping first mol.:       20.29907       28.70721       49.72235
wrapping first mol.:       20.29907       28.70721       49.72235

 NSTEP =    18000   TIME(PS) =    1776.000  TEMP(K) =   303.17  PRESS =     0.0
 Etot   =    -34270.0183  EKtot   =      9275.1973  EPtot      =    -43545.2156
 BOND   =       332.4926  ANGLE   =      1099.8277  DIHED      =      1353.2141
 1-4 NB =       456.6692  1-4 EEL =      6298.0974  VDWAALS    =      4663.0140
 EELEC  =    -57794.5261  EHBOND  =         0.0000  RESTRAINT  =        45.9955
 EAMBER (non-restraint)  =    -43591.2111
 ------------------------------------------------------------------------------

wrapping first mol.:       20.29907       28.70721       49.72235
wrapping first mol.:       20.29907       28.70721       49.72235

 NSTEP =    18500   TIME(PS) =    1777.000  TEMP(K) =   299.11  PRESS =     0.0
 Etot   =    -34311.2400  EKtot   =      9150.9346  EPtot      =    -43462.1745
 BOND   =       371.6389  ANGLE   =      1092.5730  DIHED      =      1351.4219
 1-4 NB =       444.4830  1-4 EEL =      6297.8243  VDWAALS    =      4632.7979
 EELEC  =    -57706.5164  EHBOND  =         0.0000  RESTRAINT  =        53.6028
 EAMBER (non-restraint)  =    -43515.7773
 ------------------------------------------------------------------------------

wrapping first mol.:       20.29907       28.70721       49.72235
wrapping first mol.:       20.29907       28.70721       49.72235

 NSTEP =    19000   TIME(PS) =    1778.000  TEMP(K) =   297.43  PRESS =     0.0
 Etot   =    -34781.7780  EKtot   =      9099.4932  EPtot      =    -43881.2712
 BOND   =       359.0553  ANGLE   =      1081.4668  DIHED      =      1358.6922
 1-4 NB =       436.5146  1-4 EEL =      6305.2494  VDWAALS    =      4667.5584
 EELEC  =    -58132.5015  EHBOND  =         0.0000  RESTRAINT  =        42.6937
 EAMBER (non-restraint)  =    -43923.9649
 ------------------------------------------------------------------------------

wrapping first mol.:       20.29907       28.70721       49.72235
wrapping first mol.:       20.29907       28.70721       49.72235

 NSTEP =    19500   TIME(PS) =    1779.000  TEMP(K) =   299.53  PRESS =     0.0
 Etot   =    -34377.9671  EKtot   =      9163.8672  EPtot      =    -43541.8342
 BOND   =       379.5922  ANGLE   =      1067.9097  DIHED      =      1369.7643
 1-4 NB =       455.3099  1-4 EEL =      6328.7071  VDWAALS    =      4628.1366
 EELEC  =    -57809.1073  EHBOND  =         0.0000  RESTRAINT  =        37.8533
 EAMBER (non-restraint)  =    -43579.6875
 ------------------------------------------------------------------------------

wrapping first mol.:       20.29907       28.70721       49.72235
wrapping first mol.:       20.29907       28.70721       49.72235

 NSTEP =    20000   TIME(PS) =    1780.000  TEMP(K) =   300.16  PRESS =     0.0
 Etot   =    -34734.4277  EKtot   =      9182.9365  EPtot      =    -43917.3643
 BOND   =       337.7781  ANGLE   =      1045.0226  DIHED      =      1370.1440
 1-4 NB =       434.7572  1-4 EEL =      6270.0554  VDWAALS    =      4903.0287
 EELEC  =    -58327.4833  EHBOND  =         0.0000  RESTRAINT  =        49.3330
 EAMBER (non-restraint)  =    -43966.6973
 ------------------------------------------------------------------------------

wrapping first mol.:       20.29907       28.70721       49.72235
wrapping first mol.:       20.29907       28.70721       49.72235

 NSTEP =    20500   TIME(PS) =    1781.000  TEMP(K) =   301.48  PRESS =     0.0
 Etot   =    -34575.9367  EKtot   =      9223.3701  EPtot      =    -43799.3068
 BOND   =       352.3221  ANGLE   =      1025.9237  DIHED      =      1364.6660
 1-4 NB =       452.0243  1-4 EEL =      6319.9677  VDWAALS    =      4717.3437
 EELEC  =    -58069.4517  EHBOND  =         0.0000  RESTRAINT  =        37.8974
 EAMBER (non-restraint)  =    -43837.2042
 ------------------------------------------------------------------------------

wrapping first mol.:       20.29907       28.70721       49.72235
wrapping first mol.:       20.29907       28.70721       49.72235

 NSTEP =    21000   TIME(PS) =    1782.000  TEMP(K) =   301.80  PRESS =     0.0
 Etot   =    -34595.4190  EKtot   =      9233.3057  EPtot      =    -43828.7246
 BOND   =       344.7954  ANGLE   =      1032.7891  DIHED      =      1363.4274
 1-4 NB =       442.8545  1-4 EEL =      6365.4762  VDWAALS    =      4853.9148
 EELEC  =    -58273.9260  EHBOND  =         0.0000  RESTRAINT  =        41.9440
 EAMBER (non-restraint)  =    -43870.6686
 ------------------------------------------------------------------------------

wrapping first mol.:       20.29907       28.70721       49.72235
wrapping first mol.:       20.29907       28.70721       49.72235

 NSTEP =    21500   TIME(PS) =    1783.000  TEMP(K) =   298.57  PRESS =     0.0
 Etot   =    -34529.5716  EKtot   =      9134.2949  EPtot      =    -43663.8665
 BOND   =       351.8063  ANGLE   =      1053.4546  DIHED      =      1367.7815
 1-4 NB =       442.7940  1-4 EEL =      6348.3905  VDWAALS    =      4658.1250
 EELEC  =    -57925.4786  EHBOND  =         0.0000  RESTRAINT  =        39.2602
 EAMBER (non-restraint)  =    -43703.1267
 ------------------------------------------------------------------------------

wrapping first mol.:       20.29907       28.70721       49.72235
wrapping first mol.:       20.29907       28.70721       49.72235

 NSTEP =    22000   TIME(PS) =    1784.000  TEMP(K) =   301.35  PRESS =     0.0
 Etot   =    -34406.9777  EKtot   =      9219.3428  EPtot      =    -43626.3205
 BOND   =       365.3841  ANGLE   =      1133.9749  DIHED      =      1381.3361
 1-4 NB =       433.8455  1-4 EEL =      6330.1958  VDWAALS    =      4619.8184
 EELEC  =    -57930.2439  EHBOND  =         0.0000  RESTRAINT  =        39.3686
 EAMBER (non-restraint)  =    -43665.6891
 ------------------------------------------------------------------------------

wrapping first mol.:       20.29907       28.70721       49.72235
wrapping first mol.:       20.29907       28.70721       49.72235

 NSTEP =    22500   TIME(PS) =    1785.000  TEMP(K) =   297.91  PRESS =     0.0
 Etot   =    -34448.4143  EKtot   =      9114.2646  EPtot      =    -43562.6789
 BOND   =       372.9789  ANGLE   =      1064.1490  DIHED      =      1375.8775
 1-4 NB =       454.4151  1-4 EEL =      6351.2047  VDWAALS    =      4805.1646
 EELEC  =    -58032.8694  EHBOND  =         0.0000  RESTRAINT  =        46.4008
 EAMBER (non-restraint)  =    -43609.0797
 ------------------------------------------------------------------------------

wrapping first mol.:       20.29907       28.70721       49.72235
wrapping first mol.:       20.29907       28.70721       49.72235

 NSTEP =    23000   TIME(PS) =    1786.000  TEMP(K) =   301.27  PRESS =     0.0
 Etot   =    -34589.1944  EKtot   =      9217.0371  EPtot      =    -43806.2315
 BOND   =       327.9650  ANGLE   =      1030.0420  DIHED      =      1357.4059
 1-4 NB =       439.3229  1-4 EEL =      6314.4787  VDWAALS    =      4948.6791
 EELEC  =    -58262.5475  EHBOND  =         0.0000  RESTRAINT  =        38.4224
 EAMBER (non-restraint)  =    -43844.6539
 ------------------------------------------------------------------------------

wrapping first mol.:       20.29907       28.70721       49.72235
wrapping first mol.:       20.29907       28.70721       49.72235

 NSTEP =    23500   TIME(PS) =    1787.000  TEMP(K) =   298.67  PRESS =     0.0
 Etot   =    -34451.4883  EKtot   =      9137.4307  EPtot      =    -43588.9190
 BOND   =       360.7995  ANGLE   =      1020.6229  DIHED      =      1354.3540
 1-4 NB =       449.8065  1-4 EEL =      6337.6771  VDWAALS    =      4775.4846
 EELEC  =    -57927.3514  EHBOND  =         0.0000  RESTRAINT  =        39.6879
 EAMBER (non-restraint)  =    -43628.6068
 ------------------------------------------------------------------------------

wrapping first mol.:       20.29907       28.70721       49.72235
wrapping first mol.:       20.29907       28.70721       49.72235

 NSTEP =    24000   TIME(PS) =    1788.000  TEMP(K) =   301.80  PRESS =     0.0
 Etot   =    -34285.4029  EKtot   =      9233.3184  EPtot      =    -43518.7212
 BOND   =       357.9806  ANGLE   =      1042.7236  DIHED      =      1362.6643
 1-4 NB =       436.3557  1-4 EEL =      6311.6642  VDWAALS    =      4706.0900
 EELEC  =    -57780.3442  EHBOND  =         0.0000  RESTRAINT  =        44.1445
 EAMBER (non-restraint)  =    -43562.8658
 ------------------------------------------------------------------------------

wrapping first mol.:       20.29907       28.70721       49.72235
wrapping first mol.:       20.29907       28.70721       49.72235

 NSTEP =    24500   TIME(PS) =    1789.000  TEMP(K) =   302.31  PRESS =     0.0
 Etot   =    -34371.3571  EKtot   =      9248.8545  EPtot      =    -43620.2116
 BOND   =       352.5071  ANGLE   =      1040.9261  DIHED      =      1346.1067
 1-4 NB =       445.4013  1-4 EEL =      6305.2790  VDWAALS    =      4720.5198
 EELEC  =    -57879.5831  EHBOND  =         0.0000  RESTRAINT  =        48.6315
 EAMBER (non-restraint)  =    -43668.8431
 ------------------------------------------------------------------------------

wrapping first mol.:       20.29907       28.70721       49.72235
wrapping first mol.:       20.29907       28.70721       49.72235

 NSTEP =    25000   TIME(PS) =    1790.000  TEMP(K) =   295.52  PRESS =     0.0
 Etot   =    -34567.8036  EKtot   =      9041.1777  EPtot      =    -43608.9813
 BOND   =       353.3260  ANGLE   =      1059.8481  DIHED      =      1346.9168
 1-4 NB =       444.4082  1-4 EEL =      6290.5602  VDWAALS    =      4640.1554
 EELEC  =    -57788.2478  EHBOND  =         0.0000  RESTRAINT  =        44.0517
 EAMBER (non-restraint)  =    -43653.0330
 ------------------------------------------------------------------------------

wrapping first mol.:       20.29907       28.70721       49.72235
wrapping first mol.:       20.29907       28.70721       49.72235

 NSTEP =    25500   TIME(PS) =    1791.000  TEMP(K) =   298.80  PRESS =     0.0
 Etot   =    -34316.4372  EKtot   =      9141.3486  EPtot      =    -43457.7858
 BOND   =       335.1749  ANGLE   =      1071.8385  DIHED      =      1381.9885
 1-4 NB =       438.0217  1-4 EEL =      6314.1672  VDWAALS    =      4683.8747
 EELEC  =    -57730.7660  EHBOND  =         0.0000  RESTRAINT  =        47.9149
 EAMBER (non-restraint)  =    -43505.7007
 ------------------------------------------------------------------------------

wrapping first mol.:       20.29907       28.70721       49.72235
wrapping first mol.:       20.29907       28.70721       49.72235

 NSTEP =    26000   TIME(PS) =    1792.000  TEMP(K) =   301.86  PRESS =     0.0
 Etot   =    -34416.1480  EKtot   =      9235.0820  EPtot      =    -43651.2301
 BOND   =       351.2964  ANGLE   =      1064.6883  DIHED      =      1371.3661
 1-4 NB =       450.6300  1-4 EEL =      6332.9868  VDWAALS    =      4768.4421
 EELEC  =    -58031.9217  EHBOND  =         0.0000  RESTRAINT  =        41.2819
 EAMBER (non-restraint)  =    -43692.5119
 ------------------------------------------------------------------------------

wrapping first mol.:       20.29907       28.70721       49.72235
wrapping first mol.:       20.29907       28.70721       49.72235

 NSTEP =    26500   TIME(PS) =    1793.000  TEMP(K) =   299.26  PRESS =     0.0
 Etot   =    -34504.8336  EKtot   =      9155.4629  EPtot      =    -43660.2965
 BOND   =       397.1314  ANGLE   =      1079.7036  DIHED      =      1363.6543
 1-4 NB =       457.8698  1-4 EEL =      6303.4201  VDWAALS    =      4751.5697
 EELEC  =    -58053.9291  EHBOND  =         0.0000  RESTRAINT  =        40.2838
 EAMBER (non-restraint)  =    -43700.5802
 ------------------------------------------------------------------------------

wrapping first mol.:       20.29907       28.70721       49.72235
wrapping first mol.:       20.29907       28.70721       49.72235

 NSTEP =    27000   TIME(PS) =    1794.000  TEMP(K) =   299.18  PRESS =     0.0
 Etot   =    -34401.7291  EKtot   =      9153.0771  EPtot      =    -43554.8063
 BOND   =       354.2554  ANGLE   =      1047.4422  DIHED      =      1356.4511
 1-4 NB =       440.3334  1-4 EEL =      6331.8335  VDWAALS    =      4716.6776
 EELEC  =    -57842.5496  EHBOND  =         0.0000  RESTRAINT  =        40.7501
 EAMBER (non-restraint)  =    -43595.5563
 ------------------------------------------------------------------------------

wrapping first mol.:       20.29907       28.70721       49.72235
wrapping first mol.:       20.29907       28.70721       49.72235

 NSTEP =    27500   TIME(PS) =    1795.000  TEMP(K) =   302.19  PRESS =     0.0
 Etot   =    -34257.6792  EKtot   =      9245.2715  EPtot      =    -43502.9507
 BOND   =       348.7855  ANGLE   =      1073.3777  DIHED      =      1370.9821
 1-4 NB =       446.7153  1-4 EEL =      6331.2255  VDWAALS    =      4666.0065
 EELEC  =    -57787.4982  EHBOND  =         0.0000  RESTRAINT  =        47.4550
 EAMBER (non-restraint)  =    -43550.4057
 ------------------------------------------------------------------------------

wrapping first mol.:       20.29907       28.70721       49.72235
wrapping first mol.:       20.29907       28.70721       49.72235

 NSTEP =    28000   TIME(PS) =    1796.000  TEMP(K) =   298.84  PRESS =     0.0
 Etot   =    -34668.7608  EKtot   =      9142.7793  EPtot      =    -43811.5401
 BOND   =       339.3965  ANGLE   =      1065.3122  DIHED      =      1350.0572
 1-4 NB =       439.4633  1-4 EEL =      6310.8830  VDWAALS    =      4796.0209
 EELEC  =    -58155.1716  EHBOND  =         0.0000  RESTRAINT  =        42.4985
 EAMBER (non-restraint)  =    -43854.0386
 ------------------------------------------------------------------------------

wrapping first mol.:       20.29907       28.70721       49.72235
wrapping first mol.:       20.29907       28.70721       49.72235

 NSTEP =    28500   TIME(PS) =    1797.000  TEMP(K) =   302.92  PRESS =     0.0
 Etot   =    -34385.9749  EKtot   =      9267.6289  EPtot      =    -43653.6038
 BOND   =       358.9351  ANGLE   =      1064.6392  DIHED      =      1359.8696
 1-4 NB =       446.6628  1-4 EEL =      6308.4580  VDWAALS    =      4821.7027
 EELEC  =    -58062.3010  EHBOND  =         0.0000  RESTRAINT  =        48.4298
 EAMBER (non-restraint)  =    -43702.0336
 ------------------------------------------------------------------------------

wrapping first mol.:       20.29907       28.70721       49.72235
wrapping first mol.:       20.29907       28.70721       49.72235

 NSTEP =    29000   TIME(PS) =    1798.000  TEMP(K) =   300.50  PRESS =     0.0
 Etot   =    -34567.9783  EKtot   =      9193.5078  EPtot      =    -43761.4861
 BOND   =       345.1437  ANGLE   =      1050.5898  DIHED      =      1368.1616
 1-4 NB =       448.3393  1-4 EEL =      6340.6138  VDWAALS    =      4938.3507
 EELEC  =    -58300.4780  EHBOND  =         0.0000  RESTRAINT  =        47.7930
 EAMBER (non-restraint)  =    -43809.2791
 ------------------------------------------------------------------------------

wrapping first mol.:       20.29907       28.70721       49.72235
wrapping first mol.:       20.29907       28.70721       49.72235

 NSTEP =    29500   TIME(PS) =    1799.000  TEMP(K) =   297.97  PRESS =     0.0
 Etot   =    -34614.1661  EKtot   =      9116.1504  EPtot      =    -43730.3165
 BOND   =       361.8096  ANGLE   =      1063.5182  DIHED      =      1350.2271
 1-4 NB =       435.8524  1-4 EEL =      6329.9650  VDWAALS    =      4729.0059
 EELEC  =    -58044.8834  EHBOND  =         0.0000  RESTRAINT  =        44.1887
 EAMBER (non-restraint)  =    -43774.5052
 ------------------------------------------------------------------------------

wrapping first mol.:       20.29907       28.70721       49.72235
wrapping first mol.:       20.29907       28.70721       49.72235

 NSTEP =    30000   TIME(PS) =    1800.000  TEMP(K) =   300.76  PRESS =     0.0
 Etot   =    -34450.0128  EKtot   =      9201.3916  EPtot      =    -43651.4044
 BOND   =       332.4052  ANGLE   =      1033.8691  DIHED      =      1354.6331
 1-4 NB =       447.5049  1-4 EEL =      6325.4840  VDWAALS    =      4774.7746
 EELEC  =    -57962.1032  EHBOND  =         0.0000  RESTRAINT  =        42.0278
 EAMBER (non-restraint)  =    -43693.4323
 ------------------------------------------------------------------------------

wrapping first mol.:       20.29907       28.70721       49.72235
wrapping first mol.:       20.29907       28.70721       49.72235

 NSTEP =    30500   TIME(PS) =    1801.000  TEMP(K) =   299.16  PRESS =     0.0
 Etot   =    -34487.2825  EKtot   =      9152.5957  EPtot      =    -43639.8782
 BOND   =       364.6411  ANGLE   =      1068.6038  DIHED      =      1378.8484
 1-4 NB =       448.4767  1-4 EEL =      6333.1531  VDWAALS    =      4873.7855
 EELEC  =    -58154.2864  EHBOND  =         0.0000  RESTRAINT  =        46.8995
 EAMBER (non-restraint)  =    -43686.7778
 ------------------------------------------------------------------------------

wrapping first mol.:       20.29907       28.70721       49.72235
wrapping first mol.:       20.29907       28.70721       49.72235

 NSTEP =    31000   TIME(PS) =    1802.000  TEMP(K) =   302.66  PRESS =     0.0
 Etot   =    -34354.1040  EKtot   =      9259.4746  EPtot      =    -43613.5786
 BOND   =       340.5898  ANGLE   =      1051.4789  DIHED      =      1359.5564
 1-4 NB =       463.8569  1-4 EEL =      6339.9813  VDWAALS    =      4688.0306
 EELEC  =    -57903.9776  EHBOND  =         0.0000  RESTRAINT  =        46.9051
 EAMBER (non-restraint)  =    -43660.4838
 ------------------------------------------------------------------------------

wrapping first mol.:       20.29907       28.70721       49.72235
wrapping first mol.:       20.29907       28.70721       49.72235

 NSTEP =    31500   TIME(PS) =    1803.000  TEMP(K) =   302.46  PRESS =     0.0
 Etot   =    -34282.9936  EKtot   =      9253.3828  EPtot      =    -43536.3764
 BOND   =       334.0269  ANGLE   =      1085.3706  DIHED      =      1359.5579
 1-4 NB =       461.5228  1-4 EEL =      6337.3437  VDWAALS    =      4714.3879
 EELEC  =    -57879.1679  EHBOND  =         0.0000  RESTRAINT  =        50.5816
 EAMBER (non-restraint)  =    -43586.9581
 ------------------------------------------------------------------------------

wrapping first mol.:       20.29907       28.70721       49.72235
wrapping first mol.:       20.29907       28.70721       49.72235

 NSTEP =    32000   TIME(PS) =    1804.000  TEMP(K) =   301.08  PRESS =     0.0
 Etot   =    -34151.5255  EKtot   =      9211.1484  EPtot      =    -43362.6740
 BOND   =       361.1317  ANGLE   =      1068.2212  DIHED      =      1363.5347
 1-4 NB =       429.8544  1-4 EEL =      6327.5770  VDWAALS    =      4538.4155
 EELEC  =    -57501.6163  EHBOND  =         0.0000  RESTRAINT  =        50.2080
 EAMBER (non-restraint)  =    -43412.8819
 ------------------------------------------------------------------------------

wrapping first mol.:       20.29907       28.70721       49.72235
wrapping first mol.:       20.29907       28.70721       49.72235

 NSTEP =    32500   TIME(PS) =    1805.000  TEMP(K) =   297.81  PRESS =     0.0
 Etot   =    -34414.3258  EKtot   =      9111.0557  EPtot      =    -43525.3814
 BOND   =       366.5938  ANGLE   =      1045.5993  DIHED      =      1348.7741
 1-4 NB =       446.5301  1-4 EEL =      6334.7859  VDWAALS    =      4837.3592
 EELEC  =    -57957.1966  EHBOND  =         0.0000  RESTRAINT  =        52.1728
 EAMBER (non-restraint)  =    -43577.5542
 ------------------------------------------------------------------------------

wrapping first mol.:       20.29907       28.70721       49.72235
wrapping first mol.:       20.29907       28.70721       49.72235

 NSTEP =    33000   TIME(PS) =    1806.000  TEMP(K) =   297.95  PRESS =     0.0
 Etot   =    -34346.3674  EKtot   =      9115.3711  EPtot      =    -43461.7385
 BOND   =       353.6796  ANGLE   =      1067.3709  DIHED      =      1386.7053
 1-4 NB =       442.7288  1-4 EEL =      6300.4394  VDWAALS    =      4682.7402
 EELEC  =    -57743.1399  EHBOND  =         0.0000  RESTRAINT  =        47.7373
 EAMBER (non-restraint)  =    -43509.4758
 ------------------------------------------------------------------------------

wrapping first mol.:       20.29907       28.70721       49.72235
wrapping first mol.:       20.29907       28.70721       49.72235

 NSTEP =    33500   TIME(PS) =    1807.000  TEMP(K) =   296.86  PRESS =     0.0
 Etot   =    -34475.5274  EKtot   =      9082.1406  EPtot      =    -43557.6681
 BOND   =       358.4208  ANGLE   =      1068.0095  DIHED      =      1366.8440
 1-4 NB =       464.2648  1-4 EEL =      6318.2312  VDWAALS    =      4679.0438
 EELEC  =    -57861.6353  EHBOND  =         0.0000  RESTRAINT  =        49.1531
 EAMBER (non-restraint)  =    -43606.8212
 ------------------------------------------------------------------------------

wrapping first mol.:       20.29907       28.70721       49.72235
wrapping first mol.:       20.29907       28.70721       49.72235

 NSTEP =    34000   TIME(PS) =    1808.000  TEMP(K) =   296.34  PRESS =     0.0
 Etot   =    -34604.1222  EKtot   =      9066.2188  EPtot      =    -43670.3409
 BOND   =       365.6245  ANGLE   =      1103.6710  DIHED      =      1354.7221
 1-4 NB =       436.0248  1-4 EEL =      6321.3661  VDWAALS    =      4792.4703
 EELEC  =    -58086.0533  EHBOND  =         0.0000  RESTRAINT  =        41.8336
 EAMBER (non-restraint)  =    -43712.1745
 ------------------------------------------------------------------------------

wrapping first mol.:       20.29907       28.70721       49.72235
wrapping first mol.:       20.29907       28.70721       49.72235

 NSTEP =    34500   TIME(PS) =    1809.000  TEMP(K) =   299.35  PRESS =     0.0
 Etot   =    -34358.5765  EKtot   =      9158.3574  EPtot      =    -43516.9339
 BOND   =       357.4699  ANGLE   =      1048.9030  DIHED      =      1366.0493
 1-4 NB =       444.4485  1-4 EEL =      6307.7286  VDWAALS    =      4691.8715
 EELEC  =    -57777.4281  EHBOND  =         0.0000  RESTRAINT  =        44.0235
 EAMBER (non-restraint)  =    -43560.9574
 ------------------------------------------------------------------------------

wrapping first mol.:       20.29907       28.70721       49.72235
wrapping first mol.:       20.29907       28.70721       49.72235

 NSTEP =    35000   TIME(PS) =    1810.000  TEMP(K) =   300.53  PRESS =     0.0
 Etot   =    -34241.9800  EKtot   =      9194.2988  EPtot      =    -43436.2788
 BOND   =       349.9232  ANGLE   =      1070.6055  DIHED      =      1371.5657
 1-4 NB =       439.9813  1-4 EEL =      6364.5505  VDWAALS    =      4740.2353
 EELEC  =    -57820.8977  EHBOND  =         0.0000  RESTRAINT  =        47.7575
 EAMBER (non-restraint)  =    -43484.0363
 ------------------------------------------------------------------------------

wrapping first mol.:       20.29907       28.70721       49.72235
wrapping first mol.:       20.29907       28.70721       49.72235

 NSTEP =    35500   TIME(PS) =    1811.000  TEMP(K) =   302.89  PRESS =     0.0
 Etot   =    -34301.1215  EKtot   =      9266.7070  EPtot      =    -43567.8285
 BOND   =       347.5621  ANGLE   =      1022.2065  DIHED      =      1359.3388
 1-4 NB =       441.0418  1-4 EEL =      6360.2981  VDWAALS    =      4611.8968
 EELEC  =    -57758.1166  EHBOND  =         0.0000  RESTRAINT  =        47.9441
 EAMBER (non-restraint)  =    -43615.7726
 ------------------------------------------------------------------------------

wrapping first mol.:       20.29907       28.70721       49.72235
wrapping first mol.:       20.29907       28.70721       49.72235

 NSTEP =    36000   TIME(PS) =    1812.000  TEMP(K) =   300.43  PRESS =     0.0
 Etot   =    -34468.8646  EKtot   =      9191.3809  EPtot      =    -43660.2455
 BOND   =       343.6096  ANGLE   =      1128.0933  DIHED      =      1342.5704
 1-4 NB =       434.0061  1-4 EEL =      6313.5457  VDWAALS    =      4841.9446
 EELEC  =    -58110.5909  EHBOND  =         0.0000  RESTRAINT  =        46.5757
 EAMBER (non-restraint)  =    -43706.8212
 ------------------------------------------------------------------------------

wrapping first mol.:       20.29907       28.70721       49.72235
wrapping first mol.:       20.29907       28.70721       49.72235

 NSTEP =    36500   TIME(PS) =    1813.000  TEMP(K) =   301.65  PRESS =     0.0
 Etot   =    -34410.0244  EKtot   =      9228.6016  EPtot      =    -43638.6260
 BOND   =       337.1156  ANGLE   =      1024.7370  DIHED      =      1352.8880
 1-4 NB =       460.9663  1-4 EEL =      6357.2800  VDWAALS    =      4768.7289
 EELEC  =    -57985.4043  EHBOND  =         0.0000  RESTRAINT  =        45.0624
 EAMBER (non-restraint)  =    -43683.6884
 ------------------------------------------------------------------------------

wrapping first mol.:       20.29907       28.70721       49.72235
wrapping first mol.:       20.29907       28.70721       49.72235

 NSTEP =    37000   TIME(PS) =    1814.000  TEMP(K) =   301.61  PRESS =     0.0
 Etot   =    -34386.3650  EKtot   =      9227.4150  EPtot      =    -43613.7800
 BOND   =       397.7539  ANGLE   =      1067.9870  DIHED      =      1375.3468
 1-4 NB =       458.4630  1-4 EEL =      6310.3002  VDWAALS    =      4691.1419
 EELEC  =    -57964.4104  EHBOND  =         0.0000  RESTRAINT  =        49.6375
 EAMBER (non-restraint)  =    -43663.4176
 ------------------------------------------------------------------------------

wrapping first mol.:       20.29907       28.70721       49.72235
wrapping first mol.:       20.29907       28.70721       49.72235

 NSTEP =    37500   TIME(PS) =    1815.000  TEMP(K) =   303.18  PRESS =     0.0
 Etot   =    -34145.4035  EKtot   =      9275.4287  EPtot      =    -43420.8322
 BOND   =       365.4312  ANGLE   =      1138.3347  DIHED      =      1381.2006
 1-4 NB =       434.7401  1-4 EEL =      6323.5152  VDWAALS    =      4879.7631
 EELEC  =    -57994.1478  EHBOND  =         0.0000  RESTRAINT  =        50.3306
 EAMBER (non-restraint)  =    -43471.1628
 ------------------------------------------------------------------------------

wrapping first mol.:       20.29907       28.70721       49.72235
wrapping first mol.:       20.29907       28.70721       49.72235

 NSTEP =    38000   TIME(PS) =    1816.000  TEMP(K) =   299.96  PRESS =     0.0
 Etot   =    -34393.0258  EKtot   =      9176.9326  EPtot      =    -43569.9584
 BOND   =       366.8449  ANGLE   =      1105.4492  DIHED      =      1356.9822
 1-4 NB =       446.2054  1-4 EEL =      6293.2908  VDWAALS    =      4730.6911
 EELEC  =    -57911.2710  EHBOND  =         0.0000  RESTRAINT  =        41.8490
 EAMBER (non-restraint)  =    -43611.8073
 ------------------------------------------------------------------------------

wrapping first mol.:       20.29907       28.70721       49.72235
wrapping first mol.:       20.29907       28.70721       49.72235

 NSTEP =    38500   TIME(PS) =    1817.000  TEMP(K) =   298.86  PRESS =     0.0
 Etot   =    -34407.1271  EKtot   =      9143.1543  EPtot      =    -43550.2814
 BOND   =       358.7116  ANGLE   =      1127.7019  DIHED      =      1358.9861
 1-4 NB =       431.6651  1-4 EEL =      6289.4119  VDWAALS    =      4792.9837
 EELEC  =    -57958.6666  EHBOND  =         0.0000  RESTRAINT  =        48.9247
 EAMBER (non-restraint)  =    -43599.2061
 ------------------------------------------------------------------------------

wrapping first mol.:       20.29907       28.70721       49.72235
wrapping first mol.:       20.29907       28.70721       49.72235

 NSTEP =    39000   TIME(PS) =    1818.000  TEMP(K) =   300.63  PRESS =     0.0
 Etot   =    -34340.0068  EKtot   =      9197.4961  EPtot      =    -43537.5029
 BOND   =       327.1622  ANGLE   =      1062.3304  DIHED      =      1371.6991
 1-4 NB =       444.0362  1-4 EEL =      6374.9748  VDWAALS    =      4736.1953
 EELEC  =    -57897.8515  EHBOND  =         0.0000  RESTRAINT  =        43.9506
 EAMBER (non-restraint)  =    -43581.4535
 ------------------------------------------------------------------------------

wrapping first mol.:       20.29907       28.70721       49.72235
wrapping first mol.:       20.29907       28.70721       49.72235

 NSTEP =    39500   TIME(PS) =    1819.000  TEMP(K) =   301.33  PRESS =     0.0
 Etot   =    -34491.4208  EKtot   =      9218.8564  EPtot      =    -43710.2773
 BOND   =       365.6539  ANGLE   =      1059.0859  DIHED      =      1365.5936
 1-4 NB =       445.1648  1-4 EEL =      6366.4138  VDWAALS    =      4847.4404
 EELEC  =    -58206.6492  EHBOND  =         0.0000  RESTRAINT  =        47.0195
 EAMBER (non-restraint)  =    -43757.2968
 ------------------------------------------------------------------------------

wrapping first mol.:       20.29907       28.70721       49.72235
wrapping first mol.:       20.29907       28.70721       49.72235

 NSTEP =    40000   TIME(PS) =    1820.000  TEMP(K) =   300.75  PRESS =     0.0
 Etot   =    -34344.2536  EKtot   =      9201.0684  EPtot      =    -43545.3219
 BOND   =       355.3826  ANGLE   =      1054.7971  DIHED      =      1370.0567
 1-4 NB =       434.3959  1-4 EEL =      6306.2352  VDWAALS    =      4719.8870
 EELEC  =    -57829.8255  EHBOND  =         0.0000  RESTRAINT  =        43.7491
 EAMBER (non-restraint)  =    -43589.0710
 ------------------------------------------------------------------------------

wrapping first mol.:       20.29907       28.70721       49.72235
wrapping first mol.:       20.29907       28.70721       49.72235

 NSTEP =    40500   TIME(PS) =    1821.000  TEMP(K) =   301.99  PRESS =     0.0
 Etot   =    -34457.5745  EKtot   =      9239.0732  EPtot      =    -43696.6478
 BOND   =       380.6046  ANGLE   =      1050.8555  DIHED      =      1366.4802
 1-4 NB =       452.9032  1-4 EEL =      6342.2573  VDWAALS    =      4748.8145
 EELEC  =    -58089.9833  EHBOND  =         0.0000  RESTRAINT  =        51.4202
 EAMBER (non-restraint)  =    -43748.0679
 ------------------------------------------------------------------------------

wrapping first mol.:       20.29907       28.70721       49.72235
wrapping first mol.:       20.29907       28.70721       49.72235

 NSTEP =    41000   TIME(PS) =    1822.000  TEMP(K) =   297.10  PRESS =     0.0
 Etot   =    -34469.3474  EKtot   =      9089.5625  EPtot      =    -43558.9099
 BOND   =       360.9601  ANGLE   =      1066.3334  DIHED      =      1382.4773
 1-4 NB =       444.7285  1-4 EEL =      6313.5366  VDWAALS    =      4633.9026
 EELEC  =    -57810.5693  EHBOND  =         0.0000  RESTRAINT  =        49.7210
 EAMBER (non-restraint)  =    -43608.6309
 ------------------------------------------------------------------------------

wrapping first mol.:       20.29907       28.70721       49.72235
wrapping first mol.:       20.29907       28.70721       49.72235

 NSTEP =    41500   TIME(PS) =    1823.000  TEMP(K) =   300.81  PRESS =     0.0
 Etot   =    -34225.4086  EKtot   =      9202.8604  EPtot      =    -43428.2689
 BOND   =       372.5907  ANGLE   =      1099.9838  DIHED      =      1395.0920
 1-4 NB =       455.6334  1-4 EEL =      6332.6185  VDWAALS    =      4588.7804
 EELEC  =    -57718.8252  EHBOND  =         0.0000  RESTRAINT  =        45.8575
 EAMBER (non-restraint)  =    -43474.1264
 ------------------------------------------------------------------------------

wrapping first mol.:       20.29907       28.70721       49.72235
wrapping first mol.:       20.29907       28.70721       49.72235

 NSTEP =    42000   TIME(PS) =    1824.000  TEMP(K) =   300.89  PRESS =     0.0
 Etot   =    -34408.6184  EKtot   =      9205.4248  EPtot      =    -43614.0432
 BOND   =       349.2440  ANGLE   =      1073.8350  DIHED      =      1342.5509
 1-4 NB =       455.3279  1-4 EEL =      6320.5015  VDWAALS    =      4694.5486
 EELEC  =    -57897.4509  EHBOND  =         0.0000  RESTRAINT  =        47.3997
 EAMBER (non-restraint)  =    -43661.4430
 ------------------------------------------------------------------------------

wrapping first mol.:       20.29907       28.70721       49.72235
wrapping first mol.:       20.29907       28.70721       49.72235

 NSTEP =    42500   TIME(PS) =    1825.000  TEMP(K) =   300.45  PRESS =     0.0
 Etot   =    -34332.5663  EKtot   =      9192.0078  EPtot      =    -43524.5741
 BOND   =       373.3550  ANGLE   =      1059.2849  DIHED      =      1362.9345
 1-4 NB =       466.3027  1-4 EEL =      6337.6817  VDWAALS    =      4810.2952
 EELEC  =    -57980.8497  EHBOND  =         0.0000  RESTRAINT  =        46.4216
 EAMBER (non-restraint)  =    -43570.9956
 ------------------------------------------------------------------------------

wrapping first mol.:       20.29907       28.70721       49.72235
wrapping first mol.:       20.29907       28.70721       49.72235

 NSTEP =    43000   TIME(PS) =    1826.000  TEMP(K) =   297.12  PRESS =     0.0
 Etot   =    -34429.1504  EKtot   =      9089.9268  EPtot      =    -43519.0771
 BOND   =       335.0058  ANGLE   =      1051.0845  DIHED      =      1372.0768
 1-4 NB =       436.1754  1-4 EEL =      6354.9966  VDWAALS    =      4692.7445
 EELEC  =    -57809.6428  EHBOND  =         0.0000  RESTRAINT  =        48.4821
 EAMBER (non-restraint)  =    -43567.5592
 ------------------------------------------------------------------------------

wrapping first mol.:       20.29907       28.70721       49.72235
wrapping first mol.:       20.29907       28.70721       49.72235

 NSTEP =    43500   TIME(PS) =    1827.000  TEMP(K) =   299.34  PRESS =     0.0
 Etot   =    -34407.5365  EKtot   =      9158.0264  EPtot      =    -43565.5629
 BOND   =       337.5681  ANGLE   =      1096.0128  DIHED      =      1356.8032
 1-4 NB =       455.4250  1-4 EEL =      6339.2398  VDWAALS    =      4739.0832
 EELEC  =    -57938.4508  EHBOND  =         0.0000  RESTRAINT  =        48.7559
 EAMBER (non-restraint)  =    -43614.3188
 ------------------------------------------------------------------------------

wrapping first mol.:       20.29907       28.70721       49.72235
wrapping first mol.:       20.29907       28.70721       49.72235

 NSTEP =    44000   TIME(PS) =    1828.000  TEMP(K) =   299.07  PRESS =     0.0
 Etot   =    -34403.8893  EKtot   =      9149.6895  EPtot      =    -43553.5788
 BOND   =       340.8685  ANGLE   =      1045.4079  DIHED      =      1392.4838
 1-4 NB =       443.0697  1-4 EEL =      6332.7074  VDWAALS    =      4513.8706
 EELEC  =    -57663.8025  EHBOND  =         0.0000  RESTRAINT  =        41.8159
 EAMBER (non-restraint)  =    -43595.3947
 ------------------------------------------------------------------------------

wrapping first mol.:       20.29907       28.70721       49.72235
wrapping first mol.:       20.29907       28.70721       49.72235

 NSTEP =    44500   TIME(PS) =    1829.000  TEMP(K) =   300.88  PRESS =     0.0
 Etot   =    -34377.1289  EKtot   =      9205.1670  EPtot      =    -43582.2959
 BOND   =       350.7973  ANGLE   =      1073.7474  DIHED      =      1343.0673
 1-4 NB =       453.4812  1-4 EEL =      6313.6434  VDWAALS    =      4710.0926
 EELEC  =    -57874.4686  EHBOND  =         0.0000  RESTRAINT  =        47.3437
 EAMBER (non-restraint)  =    -43629.6396
 ------------------------------------------------------------------------------

wrapping first mol.:       20.29907       28.70721       49.72235
wrapping first mol.:       20.29907       28.70721       49.72235

 NSTEP =    45000   TIME(PS) =    1830.000  TEMP(K) =   294.61  PRESS =     0.0
 Etot   =    -34622.8699  EKtot   =      9013.3066  EPtot      =    -43636.1765
 BOND   =       360.2515  ANGLE   =      1041.4132  DIHED      =      1350.9111
 1-4 NB =       450.4708  1-4 EEL =      6314.8220  VDWAALS    =      4653.9843
 EELEC  =    -57858.1697  EHBOND  =         0.0000  RESTRAINT  =        50.1404
 EAMBER (non-restraint)  =    -43686.3169
 ------------------------------------------------------------------------------

wrapping first mol.:       20.29907       28.70721       49.72235
wrapping first mol.:       20.29907       28.70721       49.72235

 NSTEP =    45500   TIME(PS) =    1831.000  TEMP(K) =   299.08  PRESS =     0.0
 Etot   =    -34502.7341  EKtot   =      9149.8818  EPtot      =    -43652.6160
 BOND   =       370.8858  ANGLE   =      1064.5044  DIHED      =      1362.2914
 1-4 NB =       443.8222  1-4 EEL =      6307.8157  VDWAALS    =      4836.2528
 EELEC  =    -58085.8863  EHBOND  =         0.0000  RESTRAINT  =        47.6980
 EAMBER (non-restraint)  =    -43700.3140
 ------------------------------------------------------------------------------

wrapping first mol.:       20.29907       28.70721       49.72235
wrapping first mol.:       20.29907       28.70721       49.72235

 NSTEP =    46000   TIME(PS) =    1832.000  TEMP(K) =   299.27  PRESS =     0.0
 Etot   =    -34503.0629  EKtot   =      9155.7969  EPtot      =    -43658.8598
 BOND   =       364.6187  ANGLE   =      1106.7279  DIHED      =      1346.0875
 1-4 NB =       445.6866  1-4 EEL =      6296.5946  VDWAALS    =      4800.3562
 EELEC  =    -58070.6958  EHBOND  =         0.0000  RESTRAINT  =        51.7646
 EAMBER (non-restraint)  =    -43710.6243
 ------------------------------------------------------------------------------

wrapping first mol.:       20.29907       28.70721       49.72235
wrapping first mol.:       20.29907       28.70721       49.72235

 NSTEP =    46500   TIME(PS) =    1833.000  TEMP(K) =   298.83  PRESS =     0.0
 Etot   =    -34631.6369  EKtot   =      9142.3574  EPtot      =    -43773.9944
 BOND   =       332.5852  ANGLE   =      1068.5515  DIHED      =      1350.5333
 1-4 NB =       442.0032  1-4 EEL =      6316.4473  VDWAALS    =      4719.2183
 EELEC  =    -58050.1302  EHBOND  =         0.0000  RESTRAINT  =        46.7971
 EAMBER (non-restraint)  =    -43820.7914
 ------------------------------------------------------------------------------

wrapping first mol.:       20.29907       28.70721       49.72235
wrapping first mol.:       20.29907       28.70721       49.72235

 NSTEP =    47000   TIME(PS) =    1834.000  TEMP(K) =   297.65  PRESS =     0.0
 Etot   =    -34652.7543  EKtot   =      9106.1484  EPtot      =    -43758.9028
 BOND   =       361.9847  ANGLE   =      1076.3633  DIHED      =      1363.9163
 1-4 NB =       454.1887  1-4 EEL =      6323.2063  VDWAALS    =      4781.7489
 EELEC  =    -58170.9421  EHBOND  =         0.0000  RESTRAINT  =        50.6310
 EAMBER (non-restraint)  =    -43809.5338
 ------------------------------------------------------------------------------

wrapping first mol.:       20.29907       28.70721       49.72235
wrapping first mol.:       20.29907       28.70721       49.72235

 NSTEP =    47500   TIME(PS) =    1835.000  TEMP(K) =   296.35  PRESS =     0.0
 Etot   =    -34403.6603  EKtot   =      9066.4873  EPtot      =    -43470.1476
 BOND   =       334.3868  ANGLE   =      1110.5963  DIHED      =      1385.1813
 1-4 NB =       432.5420  1-4 EEL =      6305.8540  VDWAALS    =      4739.2293
 EELEC  =    -57832.0070  EHBOND  =         0.0000  RESTRAINT  =        54.0697
 EAMBER (non-restraint)  =    -43524.2173
 ------------------------------------------------------------------------------

wrapping first mol.:       20.29907       28.70721       49.72235
wrapping first mol.:       20.29907       28.70721       49.72235

 NSTEP =    48000   TIME(PS) =    1836.000  TEMP(K) =   300.28  PRESS =     0.0
 Etot   =    -34251.7204  EKtot   =      9186.7842  EPtot      =    -43438.5046
 BOND   =       345.9984  ANGLE   =      1088.8140  DIHED      =      1364.9112
 1-4 NB =       448.3833  1-4 EEL =      6284.4493  VDWAALS    =      4935.7697
 EELEC  =    -57953.3013  EHBOND  =         0.0000  RESTRAINT  =        46.4709
 EAMBER (non-restraint)  =    -43484.9755
 ------------------------------------------------------------------------------

wrapping first mol.:       20.29907       28.70721       49.72235
wrapping first mol.:       20.29907       28.70721       49.72235

 NSTEP =    48500   TIME(PS) =    1837.000  TEMP(K) =   300.86  PRESS =     0.0
 Etot   =    -34337.1648  EKtot   =      9204.3398  EPtot      =    -43541.5047
 BOND   =       368.6185  ANGLE   =      1059.1309  DIHED      =      1362.9541
 1-4 NB =       446.0331  1-4 EEL =      6285.0449  VDWAALS    =      4790.1015
 EELEC  =    -57897.9798  EHBOND  =         0.0000  RESTRAINT  =        44.5922
 EAMBER (non-restraint)  =    -43586.0969
 ------------------------------------------------------------------------------

wrapping first mol.:       20.29907       28.70721       49.72235
wrapping first mol.:       20.29907       28.70721       49.72235

 NSTEP =    49000   TIME(PS) =    1838.000  TEMP(K) =   304.47  PRESS =     0.0
 Etot   =    -34385.1467  EKtot   =      9314.9707  EPtot      =    -43700.1174
 BOND   =       357.2457  ANGLE   =      1033.4414  DIHED      =      1345.9118
 1-4 NB =       445.7732  1-4 EEL =      6304.4025  VDWAALS    =      4834.6664
 EELEC  =    -58067.4139  EHBOND  =         0.0000  RESTRAINT  =        45.8555
 EAMBER (non-restraint)  =    -43745.9729
 ------------------------------------------------------------------------------

wrapping first mol.:       20.29907       28.70721       49.72235
wrapping first mol.:       20.29907       28.70721       49.72235

 NSTEP =    49500   TIME(PS) =    1839.000  TEMP(K) =   302.36  PRESS =     0.0
 Etot   =    -34326.2628  EKtot   =      9250.3486  EPtot      =    -43576.6114
 BOND   =       357.7440  ANGLE   =      1082.5095  DIHED      =      1354.8296
 1-4 NB =       444.9847  1-4 EEL =      6330.5282  VDWAALS    =      4899.2484
 EELEC  =    -58093.0779  EHBOND  =         0.0000  RESTRAINT  =        46.6221
 EAMBER (non-restraint)  =    -43623.2335
 ------------------------------------------------------------------------------

wrapping first mol.:       20.29907       28.70721       49.72235
wrapping first mol.:       20.29907       28.70721       49.72235

 NSTEP =    50000   TIME(PS) =    1840.000  TEMP(K) =   298.57  PRESS =     0.0
 Etot   =    -34396.2374  EKtot   =      9134.5098  EPtot      =    -43530.7471
 BOND   =       334.1335  ANGLE   =      1086.9280  DIHED      =      1354.0513
 1-4 NB =       439.2942  1-4 EEL =      6290.5566  VDWAALS    =      4879.6552
 EELEC  =    -57960.3703  EHBOND  =         0.0000  RESTRAINT  =        45.0043
 EAMBER (non-restraint)  =    -43575.7514
 ------------------------------------------------------------------------------


      A V E R A G E S   O V E R     100 S T E P S


 NSTEP =    50000   TIME(PS) =    1840.000  TEMP(K) =   300.09  PRESS =     0.0
 Etot   =    -34430.5492  EKtot   =      9180.9961  EPtot      =    -43611.5453
 BOND   =       355.9504  ANGLE   =      1068.1493  DIHED      =      1362.5691
 1-4 NB =       445.9927  1-4 EEL =      6320.4975  VDWAALS    =      4750.0587
 EELEC  =    -57960.2223  EHBOND  =         0.0000  RESTRAINT  =        45.4593
 EAMBER (non-restraint)  =    -43657.0046
 ------------------------------------------------------------------------------


      R M S  F L U C T U A T I O N S


 NSTEP =    50000   TIME(PS) =    1840.000  TEMP(K) =     2.20  PRESS =     0.0
 Etot   =       133.0044  EKtot   =        67.3924  EPtot      =       111.2325
 BOND   =        15.7329  ANGLE   =        25.3759  DIHED      =        11.9673
 1-4 NB =         8.3940  1-4 EEL =        21.8596  VDWAALS    =        98.0437
 EELEC  =       163.5874  EHBOND  =         0.0000  RESTRAINT  =         3.7492
 EAMBER (non-restraint)  =       107.4833
 ------------------------------------------------------------------------------

--------------------------------------------------------------------------------
   5.  TIMINGS
--------------------------------------------------------------------------------

|  NonSetup CPU Time in Major Routines:
|
|     Routine           Sec        %
|     ------------------------------
|     Nonbond          12.56   32.78
|     Bond              0.00    0.00
|     Angle             0.00    0.00
|     Dihedral          0.00    0.00
|     Shake             0.76    1.99
|     RunMD            24.90   65.01
|     Other             0.08    0.21
|     ------------------------------
|     Total            38.30

|  PME Nonbond Pairlist CPU Time:
|
|     Routine              Sec        %
|     ---------------------------------
|     Set Up Cit           0.00    0.00
|     Build List           0.00    0.00
|     ---------------------------------
|     Total                0.00    0.00

|  PME Direct Force CPU Time:
|
|     Routine              Sec        %
|     ---------------------------------
|     NonBonded Calc       0.00    0.00
|     Exclude Masked       0.00    0.00
|     Other                0.02    0.04
|     ---------------------------------
|     Total                0.02    0.04

|  PME Reciprocal Force CPU Time:
|
|     Routine              Sec        %
|     ---------------------------------
|     1D bspline           0.00    0.00
|     Grid Charges         0.00    0.00
|     Scalar Sum           0.00    0.00
|     Gradient Sum         0.00    0.00
|     FFT                  0.00    0.00
|     ---------------------------------
|     Total                0.00    0.00

|  Final Performance Info:
|     -----------------------------------------------------
|     Average timings for last   49500 steps:
|     Elapsed(s) =      38.25 Per Step(ms) =       0.77
|         ns/day =     223.64   seconds/ns =     386.34
|
|     Average timings for all steps:
|     Elapsed(s) =      38.65 Per Step(ms) =       0.77
|         ns/day =     223.53   seconds/ns =     386.53
|     -----------------------------------------------------

|  Setup CPU time:            2.44 seconds
|  NonSetup CPU time:        38.30 seconds
|  Total CPU time:           40.74 seconds     0.01 hours

|  Setup wall time:           3    seconds
|  NonSetup wall time:       38    seconds
|  Total wall time:          41    seconds     0.01 hours
