
          -------------------------------------------------------
          Amber 16 PMEMD                              2016
          -------------------------------------------------------

| PMEMD implementation of SANDER, Release 16

| Run on 11/17/2017 at 08:21:58

|   Executable path: /apps/amber16/bin/pmemd.cuda
| Working directory: /home/pbarletta
|          Hostname: mordor

  [-O]verwriting output

File Assignments:
|   MDIN: /scratch/pbarletta/cph_obp/run/ctv/mhe/e/18equ.in                     
|  MDOUT: /scratch/pbarletta/cph_obp/run/ctv/mhe/e/18equ.out                    
| INPCRD: /scratch/pbarletta/cph_obp/run/ctv/mhe/e/17ectv.rst7                  
|   PARM: /scratch/pbarletta/cph_obp/top_files/ctv.prmtop                       
| RESTRT: /scratch/pbarletta/cph_obp/run/ctv/mhe/e/18ectv.rst7                  
|   REFC: /scratch/pbarletta/cph_obp/run/ctv/mhe/e/17ectv.rst7                  
|  MDVEL: mdvel                                                                 
|   MDEN: mden                                                                  
|  MDCRD: /scratch/pbarletta/cph_obp/run/ctv/mhe/e/18ectv.nc                    
| MDINFO: mdinfo                                                                
|  MDFRC: mdfrc                                                                 


 Here is the input file:

Equilibration with solute restrictions                                         
&cntrl                                                                         
imin = 0,                           ! No Minimization                          
nmropt = 0,                         ! No NMR restraints read                   
                                                                               
! Nature and format of the input                                               
ntx = 5,                            ! Coordinates but no velocities will be rea
irest = 1,                          ! Do not run a new simulation              
                                                                               
! Nature and format of the output                                              
ntxo = 1,                           ! rstrt file in ASCII format               
ntpr = 500,                         ! inf in output every ntpr steps           
ntwr = 500,                         ! rstrt file every ntwr steps              
ntwx = 500,                         ! mdcrd file every ntwx steps              
ntwv = 0,                           ! mdvel without velocities                 
ntwe = 0,                           ! Energies and temperatures not written in 
idecomp = 0,                        ! No energy decomposition                  
iwrap = 1,                          ! Coordinates of the restart and mdcrd file
                                                                               
! Frozen or restrained atoms                                                   
ibelly = 0,                         ! No frozen atoms                          
ntr=1,                              ! Harmonic potential restraints            
restraint_wt = 0.8,                ! The weight for the positional restraints  
restraintmask = ':1-120@N,CA,C,O',  ! restrained residues                      
                                                                               
! Molecular dynamics                                                           
nstlim = 50000,                     ! Number of MD-steps                       
dt = 0.002,                         ! Time step                                
                                                                               
! Temperature regulation                                                       
ntt = 3,                            ! Langevin thermostat                      
gamma_ln = 5,                       ! Gamma constant for Langevin              
temp0 = 300.0,                      ! Reference T at which the system is to be 
tempi = 300.0,                      ! Initial T                                
ig = -1,                            ! Seed for the RNG                         
                                                                               
! P and V regulation                                                           
ntp = 0,                            ! No pressure control                      
ntb = 1,                            ! Periodic box for constant V              
                                                                               
! SHAKE variables                                                              
ntc = 2,                            ! Bonds involving H are constrained        
ntf = 2,                            ! Bond interaction involving H are ommited.
                                                                               
cut = 10.0,                         ! Nonbonded cutoff                         
                                                                               
/                                                                              
&end                                                                           


Note: ig = -1. Setting random seed to   685676 based on wallclock time in 
      microseconds.
| irandom = 1, using AMBER's internal random number generator (default).
 
|--------------------- INFORMATION ----------------------
| GPU (CUDA) Version of PMEMD in use: NVIDIA GPU IN USE.
|                    Version 16.0.0
| 
|                      02/25/2016
| 
| Implementation by:
|                    Ross C. Walker     (SDSC)
|                    Scott Le Grand     (nVIDIA)
| 
| Precision model in use:
|      [SPFP] - Single Precision Forces, 64-bit Fixed Point
|               Accumulation. (Default)
| 
|--------------------------------------------------------
 
|----------------- CITATION INFORMATION -----------------
|
|    When publishing work that utilized the CUDA version
|    of AMBER, please cite the following in addition to
|    the regular AMBER citations:
|
|  - Romelia Salomon-Ferrer; Andreas W. Goetz; Duncan
|    Poole; Scott Le Grand; Ross C. Walker "Routine
|    microsecond molecular dynamics simulations with
|    AMBER - Part II: Particle Mesh Ewald", J. Chem.
|    Theory Comput., 2013, 9 (9), pp3878-3888,
|    DOI: 10.1021/ct400314y.
|
|  - Andreas W. Goetz; Mark J. Williamson; Dong Xu;
|    Duncan Poole; Scott Le Grand; Ross C. Walker
|    "Routine microsecond molecular dynamics simulations
|    with AMBER - Part I: Generalized Born", J. Chem.
|    Theory Comput., 2012, 8 (5), pp1542-1555.
|
|  - Scott Le Grand; Andreas W. Goetz; Ross C. Walker
|    "SPFP: Speed without compromise - a mixed precision
|    model for GPU accelerated molecular dynamics
|    simulations.", Comp. Phys. Comm., 2013, 184
|    pp374-380, DOI: 10.1016/j.cpc.2012.09.022
|
|--------------------------------------------------------
 
|------------------- GPU DEVICE INFO --------------------
|
|            CUDA_VISIBLE_DEVICES: 1
|   CUDA Capable Devices Detected:      1
|           CUDA Device ID in use:      0
|                CUDA Device Name: GeForce GTX 1080 Ti
|     CUDA Device Global Mem Size:  11172 MB
| CUDA Device Num Multiprocessors:     28
|           CUDA Device Core Freq:   1.58 GHz
|
|--------------------------------------------------------
 
 
| Conditional Compilation Defines Used:
| PUBFFT
| BINTRAJ
| CUDA
| EMIL

| Largest sphere to fit in unit cell has radius =    24.861

| New format PARM file being parsed.
| Version =    1.000 Date = 11/14/17 Time = 21:26:59

| Note: 1-4 EEL scale factors are being read from the topology file.

| Note: 1-4 VDW scale factors are being read from the topology file.
| Duplicated    0 dihedrals

| Duplicated    0 dihedrals

--------------------------------------------------------------------------------
   1.  RESOURCE   USE: 
--------------------------------------------------------------------------------

 getting new box info from bottom of inpcrd
 NATOM  =   14918 NTYPES =      18 NBONH =   13963 MBONA  =     961
 NTHETH =    2368 MTHETA =    1289 NPHIH =    4522 MPHIA  =    3259
 NHPARM =       0 NPARM  =       0 NNB   =   28275 NRES   =    4423
 NBONA  =     961 NTHETA =    1289 NPHIA =    3259 NUMBND =      48
 NUMANG =     101 NPTRA  =      41 NATYP =      33 NPHB   =       1
 IFBOX  =       2 NMXRS  =      26 IFCAP =       0 NEXTRA =       0
 NCOPY  =       0

| Coordinate Index Table dimensions:     9    9    9
| Direct force subcell size =     6.7664    6.7664    6.7664

     BOX TYPE: TRUNCATED OCTAHEDRON

--------------------------------------------------------------------------------
   2.  CONTROL  DATA  FOR  THE  RUN
--------------------------------------------------------------------------------

default_name                                                                    

General flags:
     imin    =       0, nmropt  =       0

Nature and format of input:
     ntx     =       5, irest   =       1, ntrx    =       1

Nature and format of output:
     ntxo    =       1, ntpr    =     500, ntrx    =       1, ntwr    =     500
     iwrap   =       1, ntwx    =     500, ntwv    =       0, ntwe    =       0
     ioutfm  =       1, ntwprt  =       0, idecomp =       0, rbornstat=      0

Potential function:
     ntf     =       2, ntb     =       1, igb     =       0, nsnb    =      25
     ipol    =       0, gbsa    =       0, iesp    =       0
     dielc   =   1.00000, cut     =  10.00000, intdiel =   1.00000

Frozen or restrained atoms:
     ibelly  =       0, ntr     =       1
     restraint_wt =   0.80000

Molecular dynamics:
     nstlim  =     50000, nscm    =         0, nrespa  =         1
     t       =   0.00000, dt      =   0.00200, vlimit  =  -1.00000

Langevin dynamics temperature regulation:
     ig      =  685676
     temp0   = 300.00000, tempi   = 300.00000, gamma_ln=   5.00000

SHAKE:
     ntc     =       2, jfastw  =       0
     tol     =   0.00001

| Intermolecular bonds treatment:
|     no_intermolecular_bonds =       1

| Energy averages sample interval:
|     ene_avg_sampling =     500

Ewald parameters:
     verbose =       0, ew_type =       0, nbflag  =       1, use_pme =       1
     vdwmeth =       1, eedmeth =       1, netfrc  =       1
     Box X =   60.897   Box Y =   60.897   Box Z =   60.897
     Alpha =  109.471   Beta  =  109.471   Gamma =  109.471
     NFFT1 =   64       NFFT2 =   64       NFFT3 =   64
     Cutoff=   10.000   Tol   =0.100E-04
     Ewald Coefficient =  0.27511
     Interpolation order =    4

    LOADING THE CONSTRAINED ATOMS AS GROUPS


   5.  REFERENCE ATOM COORDINATES

  default_name                                                                    
     Mask :1-120@N,CA,C,O; matches   476 atoms

--------------------------------------------------------------------------------
   3.  ATOMIC COORDINATES AND VELOCITIES
--------------------------------------------------------------------------------

default_name                                                                    
 begin time read from input coords =  1840.000 ps

 
 Number of triangulated 3-point waters found:     4302

     Sum of charges from parm topology file =   0.00000094
     Forcing neutrality...

| Dynamic Memory, Types Used:
| Reals              578204
| Integers           551472

| Nonbonded Pairs Initial Allocation:     4512322

| GPU memory information (estimate):
| KB of GPU memory in use:    141360
| KB of CPU memory in use:     29328

--------------------------------------------------------------------------------
   4.  RESULTS
--------------------------------------------------------------------------------

 ---------------------------------------------------
 APPROXIMATING switch and d/dx switch using CUBIC SPLINE INTERPOLATION
 using   5000.0 points per unit in tabled values
 TESTING RELATIVE ERROR over r ranging from 0.0 to cutoff
| CHECK switch(x): max rel err =   0.2738E-14   at   2.422500
| CHECK d/dx switch(x): max rel err =   0.8314E-11   at   2.736960
 ---------------------------------------------------
|---------------------------------------------------
| APPROXIMATING direct energy using CUBIC SPLINE INTERPOLATION
|  with   50.0 points per unit in tabled values
| Relative Error Limit not exceeded for r .gt.   2.33
| APPROXIMATING direct force using CUBIC SPLINE INTERPOLATION
|  with   50.0 points per unit in tabled values
| Relative Error Limit not exceeded for r .gt.   2.80
|---------------------------------------------------
wrapping first mol.:       20.29907       28.70721       49.72235
wrapping first mol.:       20.29907       28.70721       49.72235

 NSTEP =      500   TIME(PS) =    1841.000  TEMP(K) =   296.95  PRESS =     0.0
 Etot   =    -34604.3873  EKtot   =      9084.6826  EPtot      =    -43689.0699
 BOND   =       364.5858  ANGLE   =      1020.8104  DIHED      =      1349.1289
 1-4 NB =       439.6785  1-4 EEL =      6357.8807  VDWAALS    =      4685.3676
 EELEC  =    -57941.1865  EHBOND  =         0.0000  RESTRAINT  =        34.6647
 EAMBER (non-restraint)  =    -43723.7346
 ------------------------------------------------------------------------------

wrapping first mol.:       20.29907       28.70721       49.72235
wrapping first mol.:       20.29907       28.70721       49.72235

 NSTEP =     1000   TIME(PS) =    1842.000  TEMP(K) =   297.60  PRESS =     0.0
 Etot   =    -34417.3675  EKtot   =      9104.8398  EPtot      =    -43522.2073
 BOND   =       334.9648  ANGLE   =      1061.0406  DIHED      =      1343.2540
 1-4 NB =       463.8932  1-4 EEL =      6337.5756  VDWAALS    =      4755.0214
 EELEC  =    -57856.8365  EHBOND  =         0.0000  RESTRAINT  =        38.8796
 EAMBER (non-restraint)  =    -43561.0869
 ------------------------------------------------------------------------------

wrapping first mol.:       20.29907       28.70721       49.72235
wrapping first mol.:       20.29907       28.70721       49.72235

 NSTEP =     1500   TIME(PS) =    1843.000  TEMP(K) =   298.48  PRESS =     0.0
 Etot   =    -34389.9820  EKtot   =      9131.5732  EPtot      =    -43521.5553
 BOND   =       349.3409  ANGLE   =      1066.5630  DIHED      =      1353.4503
 1-4 NB =       438.6508  1-4 EEL =      6302.7644  VDWAALS    =      4729.8824
 EELEC  =    -57798.3312  EHBOND  =         0.0000  RESTRAINT  =        36.1241
 EAMBER (non-restraint)  =    -43557.6794
 ------------------------------------------------------------------------------

wrapping first mol.:       20.29907       28.70721       49.72235
wrapping first mol.:       20.29907       28.70721       49.72235

 NSTEP =     2000   TIME(PS) =    1844.000  TEMP(K) =   301.82  PRESS =     0.0
 Etot   =    -34325.8526  EKtot   =      9233.8789  EPtot      =    -43559.7315
 BOND   =       336.7192  ANGLE   =      1039.9543  DIHED      =      1384.1244
 1-4 NB =       440.9026  1-4 EEL =      6305.4009  VDWAALS    =      4717.9839
 EELEC  =    -57823.2147  EHBOND  =         0.0000  RESTRAINT  =        38.3979
 EAMBER (non-restraint)  =    -43598.1293
 ------------------------------------------------------------------------------

wrapping first mol.:       20.29907       28.70721       49.72235
wrapping first mol.:       20.29907       28.70721       49.72235

 NSTEP =     2500   TIME(PS) =    1845.000  TEMP(K) =   298.73  PRESS =     0.0
 Etot   =    -34461.7830  EKtot   =      9139.2090  EPtot      =    -43600.9920
 BOND   =       353.2991  ANGLE   =      1102.5647  DIHED      =      1346.2218
 1-4 NB =       442.1351  1-4 EEL =      6325.2624  VDWAALS    =      4770.8235
 EELEC  =    -57980.3882  EHBOND  =         0.0000  RESTRAINT  =        39.0895
 EAMBER (non-restraint)  =    -43640.0815
 ------------------------------------------------------------------------------

wrapping first mol.:       20.29907       28.70721       49.72235
wrapping first mol.:       20.29907       28.70721       49.72235

 NSTEP =     3000   TIME(PS) =    1846.000  TEMP(K) =   305.03  PRESS =     0.0
 Etot   =    -34161.6374  EKtot   =      9332.0166  EPtot      =    -43493.6540
 BOND   =       364.2356  ANGLE   =      1030.0928  DIHED      =      1359.0387
 1-4 NB =       437.2969  1-4 EEL =      6330.6218  VDWAALS    =      4579.2715
 EELEC  =    -57633.4304  EHBOND  =         0.0000  RESTRAINT  =        39.2192
 EAMBER (non-restraint)  =    -43532.8731
 ------------------------------------------------------------------------------

wrapping first mol.:       20.29907       28.70721       49.72235
wrapping first mol.:       20.29907       28.70721       49.72235

 NSTEP =     3500   TIME(PS) =    1847.000  TEMP(K) =   300.58  PRESS =     0.0
 Etot   =    -34188.1247  EKtot   =      9195.9834  EPtot      =    -43384.1081
 BOND   =       338.3288  ANGLE   =      1072.2553  DIHED      =      1349.0543
 1-4 NB =       463.8884  1-4 EEL =      6338.5017  VDWAALS    =      4630.8221
 EELEC  =    -57611.5787  EHBOND  =         0.0000  RESTRAINT  =        34.6201
 EAMBER (non-restraint)  =    -43418.7281
 ------------------------------------------------------------------------------

wrapping first mol.:       20.29907       28.70721       49.72235
wrapping first mol.:       20.29907       28.70721       49.72235

 NSTEP =     4000   TIME(PS) =    1848.000  TEMP(K) =   295.90  PRESS =     0.0
 Etot   =    -34485.2181  EKtot   =      9052.6709  EPtot      =    -43537.8890
 BOND   =       351.1727  ANGLE   =      1038.1317  DIHED      =      1340.0398
 1-4 NB =       456.1714  1-4 EEL =      6375.1606  VDWAALS    =      4720.7887
 EELEC  =    -57854.3227  EHBOND  =         0.0000  RESTRAINT  =        34.9689
 EAMBER (non-restraint)  =    -43572.8578
 ------------------------------------------------------------------------------

wrapping first mol.:       20.29907       28.70721       49.72235
wrapping first mol.:       20.29907       28.70721       49.72235

 NSTEP =     4500   TIME(PS) =    1849.000  TEMP(K) =   301.03  PRESS =     0.0
 Etot   =    -34238.5206  EKtot   =      9209.7598  EPtot      =    -43448.2804
 BOND   =       348.6159  ANGLE   =       998.5835  DIHED      =      1368.2903
 1-4 NB =       450.1520  1-4 EEL =      6362.5609  VDWAALS    =      4683.7905
 EELEC  =    -57701.2817  EHBOND  =         0.0000  RESTRAINT  =        41.0081
 EAMBER (non-restraint)  =    -43489.2884
 ------------------------------------------------------------------------------

wrapping first mol.:       20.29907       28.70721       49.72235
wrapping first mol.:       20.29907       28.70721       49.72235

 NSTEP =     5000   TIME(PS) =    1850.000  TEMP(K) =   302.51  PRESS =     0.0
 Etot   =    -34590.8891  EKtot   =      9255.0088  EPtot      =    -43845.8979
 BOND   =       332.9246  ANGLE   =      1056.4117  DIHED      =      1352.0758
 1-4 NB =       457.5858  1-4 EEL =      6300.6260  VDWAALS    =      4813.6374
 EELEC  =    -58198.8101  EHBOND  =         0.0000  RESTRAINT  =        39.6508
 EAMBER (non-restraint)  =    -43885.5487
 ------------------------------------------------------------------------------

wrapping first mol.:       20.29907       28.70721       49.72235
wrapping first mol.:       20.29907       28.70721       49.72235

 NSTEP =     5500   TIME(PS) =    1851.000  TEMP(K) =   298.34  PRESS =     0.0
 Etot   =    -34654.4136  EKtot   =      9127.2754  EPtot      =    -43781.6890
 BOND   =       339.1492  ANGLE   =      1057.4945  DIHED      =      1344.9069
 1-4 NB =       435.5845  1-4 EEL =      6293.9650  VDWAALS    =      4934.9565
 EELEC  =    -58231.5667  EHBOND  =         0.0000  RESTRAINT  =        43.8210
 EAMBER (non-restraint)  =    -43825.5100
 ------------------------------------------------------------------------------

wrapping first mol.:       20.29907       28.70721       49.72235
wrapping first mol.:       20.29907       28.70721       49.72235

 NSTEP =     6000   TIME(PS) =    1852.000  TEMP(K) =   302.86  PRESS =     0.0
 Etot   =    -34370.7511  EKtot   =      9265.7812  EPtot      =    -43636.5324
 BOND   =       354.3129  ANGLE   =      1077.6491  DIHED      =      1373.0688
 1-4 NB =       452.3308  1-4 EEL =      6306.4727  VDWAALS    =      4818.4371
 EELEC  =    -58061.6335  EHBOND  =         0.0000  RESTRAINT  =        42.8298
 EAMBER (non-restraint)  =    -43679.3621
 ------------------------------------------------------------------------------

wrapping first mol.:       20.29907       28.70721       49.72235
wrapping first mol.:       20.29907       28.70721       49.72235

 NSTEP =     6500   TIME(PS) =    1853.000  TEMP(K) =   296.77  PRESS =     0.0
 Etot   =    -34542.0221  EKtot   =      9079.3428  EPtot      =    -43621.3649
 BOND   =       362.2978  ANGLE   =      1037.4643  DIHED      =      1348.5542
 1-4 NB =       434.5678  1-4 EEL =      6325.9578  VDWAALS    =      4709.1129
 EELEC  =    -57887.5342  EHBOND  =         0.0000  RESTRAINT  =        48.2146
 EAMBER (non-restraint)  =    -43669.5795
 ------------------------------------------------------------------------------

wrapping first mol.:       20.29907       28.70721       49.72235
wrapping first mol.:       20.29907       28.70721       49.72235

 NSTEP =     7000   TIME(PS) =    1854.000  TEMP(K) =   297.42  PRESS =     0.0
 Etot   =    -34295.9942  EKtot   =      9099.3223  EPtot      =    -43395.3165
 BOND   =       370.5732  ANGLE   =      1096.0066  DIHED      =      1376.2243
 1-4 NB =       443.4870  1-4 EEL =      6309.8027  VDWAALS    =      4793.0968
 EELEC  =    -57826.0027  EHBOND  =         0.0000  RESTRAINT  =        41.4956
 EAMBER (non-restraint)  =    -43436.8121
 ------------------------------------------------------------------------------

wrapping first mol.:       20.29907       28.70721       49.72235
wrapping first mol.:       20.29907       28.70721       49.72235

 NSTEP =     7500   TIME(PS) =    1855.000  TEMP(K) =   301.26  PRESS =     0.0
 Etot   =    -34272.2685  EKtot   =      9216.6895  EPtot      =    -43488.9579
 BOND   =       368.8389  ANGLE   =      1074.2465  DIHED      =      1354.3508
 1-4 NB =       439.5718  1-4 EEL =      6293.3841  VDWAALS    =      4796.6211
 EELEC  =    -57858.6272  EHBOND  =         0.0000  RESTRAINT  =        42.6560
 EAMBER (non-restraint)  =    -43531.6140
 ------------------------------------------------------------------------------

wrapping first mol.:       20.29907       28.70721       49.72235
wrapping first mol.:       20.29907       28.70721       49.72235

 NSTEP =     8000   TIME(PS) =    1856.000  TEMP(K) =   300.21  PRESS =     0.0
 Etot   =    -34474.0144  EKtot   =      9184.5244  EPtot      =    -43658.5389
 BOND   =       348.8989  ANGLE   =      1042.1555  DIHED      =      1367.3725
 1-4 NB =       446.5162  1-4 EEL =      6302.8030  VDWAALS    =      4793.4827
 EELEC  =    -57995.7375  EHBOND  =         0.0000  RESTRAINT  =        35.9698
 EAMBER (non-restraint)  =    -43694.5086
 ------------------------------------------------------------------------------

wrapping first mol.:       20.29907       28.70721       49.72235
wrapping first mol.:       20.29907       28.70721       49.72235

 NSTEP =     8500   TIME(PS) =    1857.000  TEMP(K) =   300.99  PRESS =     0.0
 Etot   =    -34496.3332  EKtot   =      9208.5439  EPtot      =    -43704.8772
 BOND   =       341.3099  ANGLE   =      1083.8718  DIHED      =      1376.6310
 1-4 NB =       444.6487  1-4 EEL =      6299.9939  VDWAALS    =      4711.4180
 EELEC  =    -58001.8286  EHBOND  =         0.0000  RESTRAINT  =        39.0781
 EAMBER (non-restraint)  =    -43743.9553
 ------------------------------------------------------------------------------

wrapping first mol.:       20.29907       28.70721       49.72235
wrapping first mol.:       20.29907       28.70721       49.72235

 NSTEP =     9000   TIME(PS) =    1858.000  TEMP(K) =   300.23  PRESS =     0.0
 Etot   =    -34648.2776  EKtot   =      9185.2314  EPtot      =    -43833.5091
 BOND   =       382.1459  ANGLE   =      1051.3858  DIHED      =      1371.1302
 1-4 NB =       445.4088  1-4 EEL =      6345.2589  VDWAALS    =      4661.1633
 EELEC  =    -58132.7071  EHBOND  =         0.0000  RESTRAINT  =        42.7051
 EAMBER (non-restraint)  =    -43876.2142
 ------------------------------------------------------------------------------

wrapping first mol.:       20.29907       28.70721       49.72235
wrapping first mol.:       20.29907       28.70721       49.72235

 NSTEP =     9500   TIME(PS) =    1859.000  TEMP(K) =   299.33  PRESS =     0.0
 Etot   =    -34405.7056  EKtot   =      9157.5850  EPtot      =    -43563.2905
 BOND   =       343.4210  ANGLE   =      1067.8718  DIHED      =      1368.2993
 1-4 NB =       450.6941  1-4 EEL =      6310.1127  VDWAALS    =      4730.3494
 EELEC  =    -57876.5420  EHBOND  =         0.0000  RESTRAINT  =        42.5032
 EAMBER (non-restraint)  =    -43605.7938
 ------------------------------------------------------------------------------

wrapping first mol.:       20.29907       28.70721       49.72235
wrapping first mol.:       20.29907       28.70721       49.72235

 NSTEP =    10000   TIME(PS) =    1860.000  TEMP(K) =   300.92  PRESS =     0.0
 Etot   =    -34478.6554  EKtot   =      9206.3760  EPtot      =    -43685.0314
 BOND   =       389.9315  ANGLE   =      1059.6482  DIHED      =      1362.3036
 1-4 NB =       441.2772  1-4 EEL =      6302.3136  VDWAALS    =      4882.9957
 EELEC  =    -58172.6580  EHBOND  =         0.0000  RESTRAINT  =        49.1569
 EAMBER (non-restraint)  =    -43734.1883
 ------------------------------------------------------------------------------

wrapping first mol.:       20.29907       28.70721       49.72235
wrapping first mol.:       20.29907       28.70721       49.72235

 NSTEP =    10500   TIME(PS) =    1861.000  TEMP(K) =   301.45  PRESS =     0.0
 Etot   =    -34285.4652  EKtot   =      9222.6357  EPtot      =    -43508.1010
 BOND   =       368.4914  ANGLE   =      1081.2829  DIHED      =      1415.1531
 1-4 NB =       446.7519  1-4 EEL =      6297.3571  VDWAALS    =      4639.9807
 EELEC  =    -57801.1466  EHBOND  =         0.0000  RESTRAINT  =        44.0286
 EAMBER (non-restraint)  =    -43552.1295
 ------------------------------------------------------------------------------

wrapping first mol.:       20.29907       28.70721       49.72235
wrapping first mol.:       20.29907       28.70721       49.72235

 NSTEP =    11000   TIME(PS) =    1862.000  TEMP(K) =   298.79  PRESS =     0.0
 Etot   =    -34374.4065  EKtot   =      9141.1650  EPtot      =    -43515.5715
 BOND   =       336.5821  ANGLE   =      1073.7714  DIHED      =      1370.1260
 1-4 NB =       439.1270  1-4 EEL =      6310.1245  VDWAALS    =      4521.7348
 EELEC  =    -57608.0754  EHBOND  =         0.0000  RESTRAINT  =        41.0380
 EAMBER (non-restraint)  =    -43556.6095
 ------------------------------------------------------------------------------

wrapping first mol.:       20.29907       28.70721       49.72235
wrapping first mol.:       20.29907       28.70721       49.72235

 NSTEP =    11500   TIME(PS) =    1863.000  TEMP(K) =   303.83  PRESS =     0.0
 Etot   =    -34251.5394  EKtot   =      9295.4219  EPtot      =    -43546.9613
 BOND   =       354.5939  ANGLE   =      1096.3609  DIHED      =      1367.0244
 1-4 NB =       441.7507  1-4 EEL =      6303.5205  VDWAALS    =      4758.8690
 EELEC  =    -57917.6745  EHBOND  =         0.0000  RESTRAINT  =        48.5939
 EAMBER (non-restraint)  =    -43595.5551
 ------------------------------------------------------------------------------

wrapping first mol.:       20.29907       28.70721       49.72235
wrapping first mol.:       20.29907       28.70721       49.72235

 NSTEP =    12000   TIME(PS) =    1864.000  TEMP(K) =   303.84  PRESS =     0.0
 Etot   =    -34539.4961  EKtot   =      9295.5654  EPtot      =    -43835.0615
 BOND   =       354.8764  ANGLE   =      1047.3993  DIHED      =      1363.7065
 1-4 NB =       442.5950  1-4 EEL =      6313.0601  VDWAALS    =      4540.0770
 EELEC  =    -57941.6397  EHBOND  =         0.0000  RESTRAINT  =        44.8639
 EAMBER (non-restraint)  =    -43879.9254
 ------------------------------------------------------------------------------

wrapping first mol.:       20.29907       28.70721       49.72235
wrapping first mol.:       20.29907       28.70721       49.72235

 NSTEP =    12500   TIME(PS) =    1865.000  TEMP(K) =   299.70  PRESS =     0.0
 Etot   =    -34390.8919  EKtot   =      9168.9160  EPtot      =    -43559.8079
 BOND   =       324.3097  ANGLE   =      1058.8241  DIHED      =      1368.5897
 1-4 NB =       447.9314  1-4 EEL =      6335.3371  VDWAALS    =      4782.8167
 EELEC  =    -57915.0785  EHBOND  =         0.0000  RESTRAINT  =        37.4617
 EAMBER (non-restraint)  =    -43597.2696
 ------------------------------------------------------------------------------

wrapping first mol.:       20.29907       28.70721       49.72235
wrapping first mol.:       20.29907       28.70721       49.72235

 NSTEP =    13000   TIME(PS) =    1866.000  TEMP(K) =   300.95  PRESS =     0.0
 Etot   =    -34363.0620  EKtot   =      9207.0879  EPtot      =    -43570.1499
 BOND   =       374.1445  ANGLE   =      1059.4576  DIHED      =      1363.3195
 1-4 NB =       441.8034  1-4 EEL =      6307.0788  VDWAALS    =      4853.1815
 EELEC  =    -58005.9655  EHBOND  =         0.0000  RESTRAINT  =        36.8302
 EAMBER (non-restraint)  =    -43606.9801
 ------------------------------------------------------------------------------

wrapping first mol.:       20.29907       28.70721       49.72235
wrapping first mol.:       20.29907       28.70721       49.72235

 NSTEP =    13500   TIME(PS) =    1867.000  TEMP(K) =   294.01  PRESS =     0.0
 Etot   =    -34676.1613  EKtot   =      8994.7471  EPtot      =    -43670.9084
 BOND   =       347.8055  ANGLE   =      1064.5346  DIHED      =      1350.5402
 1-4 NB =       444.8083  1-4 EEL =      6321.2247  VDWAALS    =      4889.2264
 EELEC  =    -58129.7814  EHBOND  =         0.0000  RESTRAINT  =        40.7331
 EAMBER (non-restraint)  =    -43711.6415
 ------------------------------------------------------------------------------

wrapping first mol.:       20.29907       28.70721       49.72235
wrapping first mol.:       20.29907       28.70721       49.72235

 NSTEP =    14000   TIME(PS) =    1868.000  TEMP(K) =   303.25  PRESS =     0.0
 Etot   =    -34278.7886  EKtot   =      9277.7012  EPtot      =    -43556.4898
 BOND   =       349.1593  ANGLE   =      1018.9696  DIHED      =      1389.0384
 1-4 NB =       457.5545  1-4 EEL =      6362.4975  VDWAALS    =      4686.1690
 EELEC  =    -57861.8924  EHBOND  =         0.0000  RESTRAINT  =        42.0144
 EAMBER (non-restraint)  =    -43598.5041
 ------------------------------------------------------------------------------

wrapping first mol.:       20.29907       28.70721       49.72235
wrapping first mol.:       20.29907       28.70721       49.72235

 NSTEP =    14500   TIME(PS) =    1869.000  TEMP(K) =   303.52  PRESS =     0.0
 Etot   =    -34201.7837  EKtot   =      9285.6807  EPtot      =    -43487.4644
 BOND   =       352.5567  ANGLE   =      1059.7448  DIHED      =      1349.3851
 1-4 NB =       448.2239  1-4 EEL =      6306.4847  VDWAALS    =      4836.1674
 EELEC  =    -57883.8852  EHBOND  =         0.0000  RESTRAINT  =        43.8582
 EAMBER (non-restraint)  =    -43531.3226
 ------------------------------------------------------------------------------

wrapping first mol.:       20.29907       28.70721       49.72235
wrapping first mol.:       20.29907       28.70721       49.72235

 NSTEP =    15000   TIME(PS) =    1870.000  TEMP(K) =   301.89  PRESS =     0.0
 Etot   =    -34431.3466  EKtot   =      9235.9688  EPtot      =    -43667.3154
 BOND   =       362.6986  ANGLE   =      1035.1863  DIHED      =      1349.5513
 1-4 NB =       449.2303  1-4 EEL =      6295.9901  VDWAALS    =      4838.5460
 EELEC  =    -58035.2294  EHBOND  =         0.0000  RESTRAINT  =        36.7113
 EAMBER (non-restraint)  =    -43704.0267
 ------------------------------------------------------------------------------

wrapping first mol.:       20.29907       28.70721       49.72235
wrapping first mol.:       20.29907       28.70721       49.72235

 NSTEP =    15500   TIME(PS) =    1871.000  TEMP(K) =   302.83  PRESS =     0.0
 Etot   =    -34350.6164  EKtot   =      9264.7256  EPtot      =    -43615.3419
 BOND   =       330.0210  ANGLE   =      1041.2492  DIHED      =      1371.4684
 1-4 NB =       445.0669  1-4 EEL =      6324.6864  VDWAALS    =      4619.1947
 EELEC  =    -57786.7917  EHBOND  =         0.0000  RESTRAINT  =        39.7631
 EAMBER (non-restraint)  =    -43655.1051
 ------------------------------------------------------------------------------

wrapping first mol.:       20.29907       28.70721       49.72235
wrapping first mol.:       20.29907       28.70721       49.72235

 NSTEP =    16000   TIME(PS) =    1872.000  TEMP(K) =   303.76  PRESS =     0.0
 Etot   =    -34208.2838  EKtot   =      9293.0518  EPtot      =    -43501.3356
 BOND   =       355.2545  ANGLE   =      1064.8644  DIHED      =      1366.0677
 1-4 NB =       457.0007  1-4 EEL =      6336.2350  VDWAALS    =      4705.7312
 EELEC  =    -57829.6064  EHBOND  =         0.0000  RESTRAINT  =        43.1173
 EAMBER (non-restraint)  =    -43544.4529
 ------------------------------------------------------------------------------

wrapping first mol.:       20.29907       28.70721       49.72235
wrapping first mol.:       20.29907       28.70721       49.72235

 NSTEP =    16500   TIME(PS) =    1873.000  TEMP(K) =   302.17  PRESS =     0.0
 Etot   =    -34350.3186  EKtot   =      9244.4248  EPtot      =    -43594.7434
 BOND   =       360.0618  ANGLE   =      1019.4322  DIHED      =      1361.4151
 1-4 NB =       446.2289  1-4 EEL =      6318.1725  VDWAALS    =      4767.3028
 EELEC  =    -57912.5809  EHBOND  =         0.0000  RESTRAINT  =        45.2241
 EAMBER (non-restraint)  =    -43639.9675
 ------------------------------------------------------------------------------

wrapping first mol.:       20.29907       28.70721       49.72235
wrapping first mol.:       20.29907       28.70721       49.72235

 NSTEP =    17000   TIME(PS) =    1874.000  TEMP(K) =   296.27  PRESS =     0.0
 Etot   =    -34409.4674  EKtot   =      9063.9121  EPtot      =    -43473.3795
 BOND   =       343.0649  ANGLE   =      1035.7287  DIHED      =      1356.3299
 1-4 NB =       446.8020  1-4 EEL =      6308.9649  VDWAALS    =      4547.7020
 EELEC  =    -57557.5773  EHBOND  =         0.0000  RESTRAINT  =        45.6055
 EAMBER (non-restraint)  =    -43518.9850
 ------------------------------------------------------------------------------

wrapping first mol.:       20.29907       28.70721       49.72235
wrapping first mol.:       20.29907       28.70721       49.72235

 NSTEP =    17500   TIME(PS) =    1875.000  TEMP(K) =   298.90  PRESS =     0.0
 Etot   =    -34622.7773  EKtot   =      9144.4883  EPtot      =    -43767.2655
 BOND   =       382.9248  ANGLE   =      1066.2277  DIHED      =      1365.9299
 1-4 NB =       435.9701  1-4 EEL =      6326.2554  VDWAALS    =      4708.0140
 EELEC  =    -58096.8236  EHBOND  =         0.0000  RESTRAINT  =        44.2361
 EAMBER (non-restraint)  =    -43811.5017
 ------------------------------------------------------------------------------

wrapping first mol.:       20.29907       28.70721       49.72235
wrapping first mol.:       20.29907       28.70721       49.72235

 NSTEP =    18000   TIME(PS) =    1876.000  TEMP(K) =   300.08  PRESS =     0.0
 Etot   =    -34401.0536  EKtot   =      9180.4951  EPtot      =    -43581.5487
 BOND   =       361.5515  ANGLE   =      1086.8328  DIHED      =      1363.5977
 1-4 NB =       447.0718  1-4 EEL =      6315.2158  VDWAALS    =      4614.1206
 EELEC  =    -57809.5519  EHBOND  =         0.0000  RESTRAINT  =        39.6131
 EAMBER (non-restraint)  =    -43621.1618
 ------------------------------------------------------------------------------

wrapping first mol.:       20.29907       28.70721       49.72235
wrapping first mol.:       20.29907       28.70721       49.72235

 NSTEP =    18500   TIME(PS) =    1877.000  TEMP(K) =   297.49  PRESS =     0.0
 Etot   =    -34694.2390  EKtot   =      9101.3320  EPtot      =    -43795.5710
 BOND   =       350.3311  ANGLE   =      1096.3094  DIHED      =      1366.1442
 1-4 NB =       450.0799  1-4 EEL =      6306.2485  VDWAALS    =      5076.0788
 EELEC  =    -58482.6749  EHBOND  =         0.0000  RESTRAINT  =        41.9118
 EAMBER (non-restraint)  =    -43837.4828
 ------------------------------------------------------------------------------

wrapping first mol.:       20.29907       28.70721       49.72235
wrapping first mol.:       20.29907       28.70721       49.72235

 NSTEP =    19000   TIME(PS) =    1878.000  TEMP(K) =   300.89  PRESS =     0.0
 Etot   =    -34656.1257  EKtot   =      9205.2451  EPtot      =    -43861.3709
 BOND   =       337.3323  ANGLE   =      1060.6691  DIHED      =      1365.7109
 1-4 NB =       432.6726  1-4 EEL =      6309.4548  VDWAALS    =      4867.4244
 EELEC  =    -58275.3781  EHBOND  =         0.0000  RESTRAINT  =        40.7432
 EAMBER (non-restraint)  =    -43902.1140
 ------------------------------------------------------------------------------

wrapping first mol.:       20.29907       28.70721       49.72235
wrapping first mol.:       20.29907       28.70721       49.72235

 NSTEP =    19500   TIME(PS) =    1879.000  TEMP(K) =   297.39  PRESS =     0.0
 Etot   =    -34612.7253  EKtot   =      9098.2686  EPtot      =    -43710.9939
 BOND   =       326.7612  ANGLE   =      1075.2976  DIHED      =      1361.1997
 1-4 NB =       449.2670  1-4 EEL =      6320.1744  VDWAALS    =      4703.5835
 EELEC  =    -57986.5750  EHBOND  =         0.0000  RESTRAINT  =        39.2977
 EAMBER (non-restraint)  =    -43750.2916
 ------------------------------------------------------------------------------

wrapping first mol.:       20.29907       28.70721       49.72235
wrapping first mol.:       20.29907       28.70721       49.72235

 NSTEP =    20000   TIME(PS) =    1880.000  TEMP(K) =   301.05  PRESS =     0.0
 Etot   =    -34351.6481  EKtot   =      9210.2588  EPtot      =    -43561.9069
 BOND   =       336.5563  ANGLE   =      1083.5906  DIHED      =      1354.1360
 1-4 NB =       457.3146  1-4 EEL =      6328.9774  VDWAALS    =      4811.2696
 EELEC  =    -57970.0714  EHBOND  =         0.0000  RESTRAINT  =        36.3199
 EAMBER (non-restraint)  =    -43598.2268
 ------------------------------------------------------------------------------

wrapping first mol.:       20.29907       28.70721       49.72235
wrapping first mol.:       20.29907       28.70721       49.72235

 NSTEP =    20500   TIME(PS) =    1881.000  TEMP(K) =   300.53  PRESS =     0.0
 Etot   =    -34467.8373  EKtot   =      9194.4326  EPtot      =    -43662.2699
 BOND   =       355.5304  ANGLE   =      1072.9242  DIHED      =      1365.3591
 1-4 NB =       443.9742  1-4 EEL =      6327.6149  VDWAALS    =      4633.7028
 EELEC  =    -57903.0733  EHBOND  =         0.0000  RESTRAINT  =        41.6978
 EAMBER (non-restraint)  =    -43703.9678
 ------------------------------------------------------------------------------

wrapping first mol.:       20.29907       28.70721       49.72235
wrapping first mol.:       20.29907       28.70721       49.72235

 NSTEP =    21000   TIME(PS) =    1882.000  TEMP(K) =   299.83  PRESS =     0.0
 Etot   =    -34408.9130  EKtot   =      9172.9111  EPtot      =    -43581.8241
 BOND   =       334.0314  ANGLE   =      1057.7692  DIHED      =      1360.3771
 1-4 NB =       452.2731  1-4 EEL =      6299.8504  VDWAALS    =      4838.9802
 EELEC  =    -57967.5070  EHBOND  =         0.0000  RESTRAINT  =        42.4014
 EAMBER (non-restraint)  =    -43624.2256
 ------------------------------------------------------------------------------

wrapping first mol.:       20.29907       28.70721       49.72235
wrapping first mol.:       20.29907       28.70721       49.72235

 NSTEP =    21500   TIME(PS) =    1883.000  TEMP(K) =   300.54  PRESS =     0.0
 Etot   =    -34571.4410  EKtot   =      9194.7393  EPtot      =    -43766.1803
 BOND   =       359.6281  ANGLE   =      1045.8887  DIHED      =      1357.8645
 1-4 NB =       444.3899  1-4 EEL =      6299.3210  VDWAALS    =      4917.6093
 EELEC  =    -58232.0334  EHBOND  =         0.0000  RESTRAINT  =        41.1516
 EAMBER (non-restraint)  =    -43807.3319
 ------------------------------------------------------------------------------

wrapping first mol.:       20.29907       28.70721       49.72235
wrapping first mol.:       20.29907       28.70721       49.72235

 NSTEP =    22000   TIME(PS) =    1884.000  TEMP(K) =   299.54  PRESS =     0.0
 Etot   =    -34496.4473  EKtot   =      9163.9209  EPtot      =    -43660.3682
 BOND   =       372.8712  ANGLE   =      1083.2992  DIHED      =      1362.2475
 1-4 NB =       461.0155  1-4 EEL =      6308.3842  VDWAALS    =      4663.5993
 EELEC  =    -57959.5757  EHBOND  =         0.0000  RESTRAINT  =        47.7905
 EAMBER (non-restraint)  =    -43708.1588
 ------------------------------------------------------------------------------

wrapping first mol.:       20.29907       28.70721       49.72235
wrapping first mol.:       20.29907       28.70721       49.72235

 NSTEP =    22500   TIME(PS) =    1885.000  TEMP(K) =   297.92  PRESS =     0.0
 Etot   =    -34432.6821  EKtot   =      9114.6230  EPtot      =    -43547.3052
 BOND   =       384.8606  ANGLE   =      1075.1332  DIHED      =      1358.3359
 1-4 NB =       446.9441  1-4 EEL =      6283.1046  VDWAALS    =      4669.0789
 EELEC  =    -57810.5539  EHBOND  =         0.0000  RESTRAINT  =        45.7914
 EAMBER (non-restraint)  =    -43593.0965
 ------------------------------------------------------------------------------

wrapping first mol.:       20.29907       28.70721       49.72235
wrapping first mol.:       20.29907       28.70721       49.72235

 NSTEP =    23000   TIME(PS) =    1886.000  TEMP(K) =   299.59  PRESS =     0.0
 Etot   =    -34551.3623  EKtot   =      9165.4688  EPtot      =    -43716.8310
 BOND   =       352.2425  ANGLE   =      1016.0479  DIHED      =      1357.8660
 1-4 NB =       464.4011  1-4 EEL =      6337.0103  VDWAALS    =      4809.3335
 EELEC  =    -58099.0878  EHBOND  =         0.0000  RESTRAINT  =        45.3555
 EAMBER (non-restraint)  =    -43762.1865
 ------------------------------------------------------------------------------

wrapping first mol.:       20.29907       28.70721       49.72235
wrapping first mol.:       20.29907       28.70721       49.72235

 NSTEP =    23500   TIME(PS) =    1887.000  TEMP(K) =   297.00  PRESS =     0.0
 Etot   =    -34720.9010  EKtot   =      9086.4180  EPtot      =    -43807.3190
 BOND   =       370.9078  ANGLE   =      1018.0899  DIHED      =      1367.3075
 1-4 NB =       452.8144  1-4 EEL =      6316.1707  VDWAALS    =      4811.7727
 EELEC  =    -58183.7048  EHBOND  =         0.0000  RESTRAINT  =        39.3228
 EAMBER (non-restraint)  =    -43846.6417
 ------------------------------------------------------------------------------

wrapping first mol.:       20.29907       28.70721       49.72235
wrapping first mol.:       20.29907       28.70721       49.72235

 NSTEP =    24000   TIME(PS) =    1888.000  TEMP(K) =   298.80  PRESS =     0.0
 Etot   =    -34462.0699  EKtot   =      9141.4258  EPtot      =    -43603.4956
 BOND   =       347.2597  ANGLE   =      1083.3289  DIHED      =      1357.7296
 1-4 NB =       454.9408  1-4 EEL =      6345.9665  VDWAALS    =      4775.7320
 EELEC  =    -58006.0509  EHBOND  =         0.0000  RESTRAINT  =        37.5978
 EAMBER (non-restraint)  =    -43641.0935
 ------------------------------------------------------------------------------

wrapping first mol.:       20.29907       28.70721       49.72235
wrapping first mol.:       20.29907       28.70721       49.72235

 NSTEP =    24500   TIME(PS) =    1889.000  TEMP(K) =   297.97  PRESS =     0.0
 Etot   =    -34587.2433  EKtot   =      9115.9395  EPtot      =    -43703.1827
 BOND   =       330.7190  ANGLE   =      1073.8548  DIHED      =      1374.4777
 1-4 NB =       447.5608  1-4 EEL =      6351.2568  VDWAALS    =      4835.8850
 EELEC  =    -58157.8428  EHBOND  =         0.0000  RESTRAINT  =        40.9061
 EAMBER (non-restraint)  =    -43744.0888
 ------------------------------------------------------------------------------

wrapping first mol.:       20.29907       28.70721       49.72235
wrapping first mol.:       20.29907       28.70721       49.72235

 NSTEP =    25000   TIME(PS) =    1890.000  TEMP(K) =   297.92  PRESS =     0.0
 Etot   =    -34512.4735  EKtot   =      9114.5684  EPtot      =    -43627.0419
 BOND   =       346.7470  ANGLE   =      1064.8012  DIHED      =      1342.8443
 1-4 NB =       453.8147  1-4 EEL =      6347.6419  VDWAALS    =      4774.1869
 EELEC  =    -57994.5670  EHBOND  =         0.0000  RESTRAINT  =        37.4891
 EAMBER (non-restraint)  =    -43664.5310
 ------------------------------------------------------------------------------

wrapping first mol.:       20.29907       28.70721       49.72235
wrapping first mol.:       20.29907       28.70721       49.72235

 NSTEP =    25500   TIME(PS) =    1891.000  TEMP(K) =   294.43  PRESS =     0.0
 Etot   =    -34721.1434  EKtot   =      9007.7070  EPtot      =    -43728.8505
 BOND   =       347.8194  ANGLE   =      1079.3010  DIHED      =      1367.4253
 1-4 NB =       453.0551  1-4 EEL =      6315.2540  VDWAALS    =      4768.9322
 EELEC  =    -58101.1120  EHBOND  =         0.0000  RESTRAINT  =        40.4746
 EAMBER (non-restraint)  =    -43769.3251
 ------------------------------------------------------------------------------

wrapping first mol.:       20.29907       28.70721       49.72235
wrapping first mol.:       20.29907       28.70721       49.72235

 NSTEP =    26000   TIME(PS) =    1892.000  TEMP(K) =   305.58  PRESS =     0.0
 Etot   =    -34373.1356  EKtot   =      9348.7480  EPtot      =    -43721.8836
 BOND   =       372.6791  ANGLE   =      1093.4834  DIHED      =      1366.9585
 1-4 NB =       456.3573  1-4 EEL =      6305.6389  VDWAALS    =      4692.8851
 EELEC  =    -58047.8951  EHBOND  =         0.0000  RESTRAINT  =        38.0093
 EAMBER (non-restraint)  =    -43759.8929
 ------------------------------------------------------------------------------

wrapping first mol.:       20.29907       28.70721       49.72235
wrapping first mol.:       20.29907       28.70721       49.72235

 NSTEP =    26500   TIME(PS) =    1893.000  TEMP(K) =   295.88  PRESS =     0.0
 Etot   =    -34517.3318  EKtot   =      9052.2334  EPtot      =    -43569.5652
 BOND   =       373.6096  ANGLE   =      1080.2758  DIHED      =      1370.5325
 1-4 NB =       434.0821  1-4 EEL =      6285.4801  VDWAALS    =      4612.7955
 EELEC  =    -57763.5780  EHBOND  =         0.0000  RESTRAINT  =        37.2372
 EAMBER (non-restraint)  =    -43606.8024
 ------------------------------------------------------------------------------

wrapping first mol.:       20.29907       28.70721       49.72235
wrapping first mol.:       20.29907       28.70721       49.72235

 NSTEP =    27000   TIME(PS) =    1894.000  TEMP(K) =   297.42  PRESS =     0.0
 Etot   =    -34434.8398  EKtot   =      9099.2754  EPtot      =    -43534.1152
 BOND   =       374.7052  ANGLE   =      1078.8870  DIHED      =      1382.3999
 1-4 NB =       460.9313  1-4 EEL =      6302.9440  VDWAALS    =      4847.0835
 EELEC  =    -58017.6291  EHBOND  =         0.0000  RESTRAINT  =        36.5628
 EAMBER (non-restraint)  =    -43570.6780
 ------------------------------------------------------------------------------

wrapping first mol.:       20.29907       28.70721       49.72235
wrapping first mol.:       20.29907       28.70721       49.72235

 NSTEP =    27500   TIME(PS) =    1895.000  TEMP(K) =   302.28  PRESS =     0.0
 Etot   =    -34311.1216  EKtot   =      9248.0439  EPtot      =    -43559.1655
 BOND   =       386.8907  ANGLE   =      1090.1330  DIHED      =      1364.9602
 1-4 NB =       441.6670  1-4 EEL =      6326.2857  VDWAALS    =      4824.3978
 EELEC  =    -58038.0511  EHBOND  =         0.0000  RESTRAINT  =        44.5512
 EAMBER (non-restraint)  =    -43603.7167
 ------------------------------------------------------------------------------

wrapping first mol.:       20.29907       28.70721       49.72235
wrapping first mol.:       20.29907       28.70721       49.72235

 NSTEP =    28000   TIME(PS) =    1896.000  TEMP(K) =   299.12  PRESS =     0.0
 Etot   =    -34471.5639  EKtot   =      9151.1768  EPtot      =    -43622.7406
 BOND   =       357.6191  ANGLE   =      1037.2109  DIHED      =      1371.1141
 1-4 NB =       453.7576  1-4 EEL =      6353.3476  VDWAALS    =      4751.7366
 EELEC  =    -57994.4346  EHBOND  =         0.0000  RESTRAINT  =        46.9081
 EAMBER (non-restraint)  =    -43669.6487
 ------------------------------------------------------------------------------

wrapping first mol.:       20.29907       28.70721       49.72235
wrapping first mol.:       20.29907       28.70721       49.72235

 NSTEP =    28500   TIME(PS) =    1897.000  TEMP(K) =   301.07  PRESS =     0.0
 Etot   =    -34345.8773  EKtot   =      9210.7842  EPtot      =    -43556.6615
 BOND   =       353.0956  ANGLE   =      1051.8119  DIHED      =      1358.0883
 1-4 NB =       455.4442  1-4 EEL =      6312.5604  VDWAALS    =      4652.1306
 EELEC  =    -57785.5900  EHBOND  =         0.0000  RESTRAINT  =        45.7974
 EAMBER (non-restraint)  =    -43602.4589
 ------------------------------------------------------------------------------

wrapping first mol.:       20.29907       28.70721       49.72235
wrapping first mol.:       20.29907       28.70721       49.72235

 NSTEP =    29000   TIME(PS) =    1898.000  TEMP(K) =   302.15  PRESS =     0.0
 Etot   =    -34236.3928  EKtot   =      9243.8174  EPtot      =    -43480.2102
 BOND   =       350.6560  ANGLE   =      1062.1215  DIHED      =      1365.6548
 1-4 NB =       474.1366  1-4 EEL =      6345.0935  VDWAALS    =      4752.8278
 EELEC  =    -57876.7271  EHBOND  =         0.0000  RESTRAINT  =        46.0267
 EAMBER (non-restraint)  =    -43526.2370
 ------------------------------------------------------------------------------

wrapping first mol.:       20.29907       28.70721       49.72235
wrapping first mol.:       20.29907       28.70721       49.72235

 NSTEP =    29500   TIME(PS) =    1899.000  TEMP(K) =   303.24  PRESS =     0.0
 Etot   =    -34559.6960  EKtot   =      9277.1670  EPtot      =    -43836.8630
 BOND   =       345.5837  ANGLE   =       992.9065  DIHED      =      1383.0957
 1-4 NB =       442.8201  1-4 EEL =      6342.3071  VDWAALS    =      4609.0477
 EELEC  =    -58000.9887  EHBOND  =         0.0000  RESTRAINT  =        48.3650
 EAMBER (non-restraint)  =    -43885.2280
 ------------------------------------------------------------------------------

wrapping first mol.:       20.29907       28.70721       49.72235
wrapping first mol.:       20.29907       28.70721       49.72235

 NSTEP =    30000   TIME(PS) =    1900.000  TEMP(K) =   301.10  PRESS =     0.0
 Etot   =    -34535.9685  EKtot   =      9211.8115  EPtot      =    -43747.7800
 BOND   =       407.2847  ANGLE   =      1069.0961  DIHED      =      1358.4411
 1-4 NB =       447.3878  1-4 EEL =      6338.6759  VDWAALS    =      4919.8633
 EELEC  =    -58326.8965  EHBOND  =         0.0000  RESTRAINT  =        38.3677
 EAMBER (non-restraint)  =    -43786.1476
 ------------------------------------------------------------------------------

wrapping first mol.:       20.29907       28.70721       49.72235
wrapping first mol.:       20.29907       28.70721       49.72235

 NSTEP =    30500   TIME(PS) =    1901.000  TEMP(K) =   304.19  PRESS =     0.0
 Etot   =    -34404.9039  EKtot   =      9306.4346  EPtot      =    -43711.3385
 BOND   =       355.0629  ANGLE   =      1071.3869  DIHED      =      1376.5894
 1-4 NB =       448.3649  1-4 EEL =      6331.3299  VDWAALS    =      4843.4201
 EELEC  =    -58175.3668  EHBOND  =         0.0000  RESTRAINT  =        37.8742
 EAMBER (non-restraint)  =    -43749.2127
 ------------------------------------------------------------------------------

wrapping first mol.:       20.29907       28.70721       49.72235
wrapping first mol.:       20.29907       28.70721       49.72235

 NSTEP =    31000   TIME(PS) =    1902.000  TEMP(K) =   302.24  PRESS =     0.0
 Etot   =    -34474.6810  EKtot   =      9246.5752  EPtot      =    -43721.2562
 BOND   =       341.6849  ANGLE   =      1082.0894  DIHED      =      1351.7632
 1-4 NB =       455.9356  1-4 EEL =      6358.0648  VDWAALS    =      4784.6153
 EELEC  =    -58137.0772  EHBOND  =         0.0000  RESTRAINT  =        41.6679
 EAMBER (non-restraint)  =    -43762.9241
 ------------------------------------------------------------------------------

wrapping first mol.:       20.29907       28.70721       49.72235
wrapping first mol.:       20.29907       28.70721       49.72235

 NSTEP =    31500   TIME(PS) =    1903.000  TEMP(K) =   300.98  PRESS =     0.0
 Etot   =    -34440.5672  EKtot   =      9208.0000  EPtot      =    -43648.5672
 BOND   =       377.8321  ANGLE   =      1065.2363  DIHED      =      1374.2718
 1-4 NB =       455.2569  1-4 EEL =      6339.2682  VDWAALS    =      4652.9268
 EELEC  =    -57955.4526  EHBOND  =         0.0000  RESTRAINT  =        42.0933
 EAMBER (non-restraint)  =    -43690.6606
 ------------------------------------------------------------------------------

wrapping first mol.:       20.29907       28.70721       49.72235
wrapping first mol.:       20.29907       28.70721       49.72235

 NSTEP =    32000   TIME(PS) =    1904.000  TEMP(K) =   299.34  PRESS =     0.0
 Etot   =    -34702.4470  EKtot   =      9158.0801  EPtot      =    -43860.5271
 BOND   =       359.8068  ANGLE   =      1077.8197  DIHED      =      1345.9548
 1-4 NB =       436.4283  1-4 EEL =      6275.1530  VDWAALS    =      4933.2520
 EELEC  =    -58326.5418  EHBOND  =         0.0000  RESTRAINT  =        37.6000
 EAMBER (non-restraint)  =    -43898.1271
 ------------------------------------------------------------------------------

wrapping first mol.:       20.29907       28.70721       49.72235
wrapping first mol.:       20.29907       28.70721       49.72235

 NSTEP =    32500   TIME(PS) =    1905.000  TEMP(K) =   305.32  PRESS =     0.0
 Etot   =    -34366.7870  EKtot   =      9340.8154  EPtot      =    -43707.6024
 BOND   =       358.9225  ANGLE   =      1039.1211  DIHED      =      1358.5081
 1-4 NB =       447.2475  1-4 EEL =      6321.4562  VDWAALS    =      4764.5694
 EELEC  =    -58040.0517  EHBOND  =         0.0000  RESTRAINT  =        42.6246
 EAMBER (non-restraint)  =    -43750.2270
 ------------------------------------------------------------------------------

wrapping first mol.:       20.29907       28.70721       49.72235
wrapping first mol.:       20.29907       28.70721       49.72235

 NSTEP =    33000   TIME(PS) =    1906.000  TEMP(K) =   297.92  PRESS =     0.0
 Etot   =    -34467.2007  EKtot   =      9114.4834  EPtot      =    -43581.6841
 BOND   =       361.4524  ANGLE   =      1034.7970  DIHED      =      1364.0726
 1-4 NB =       456.2736  1-4 EEL =      6318.3028  VDWAALS    =      4815.6233
 EELEC  =    -57977.1327  EHBOND  =         0.0000  RESTRAINT  =        44.9268
 EAMBER (non-restraint)  =    -43626.6110
 ------------------------------------------------------------------------------

wrapping first mol.:       20.29907       28.70721       49.72235
wrapping first mol.:       20.29907       28.70721       49.72235

 NSTEP =    33500   TIME(PS) =    1907.000  TEMP(K) =   301.41  PRESS =     0.0
 Etot   =    -34144.6674  EKtot   =      9221.4072  EPtot      =    -43366.0746
 BOND   =       328.8629  ANGLE   =      1133.7150  DIHED      =      1366.7015
 1-4 NB =       450.0477  1-4 EEL =      6320.9086  VDWAALS    =      4679.6908
 EELEC  =    -57692.1745  EHBOND  =         0.0000  RESTRAINT  =        46.1733
 EAMBER (non-restraint)  =    -43412.2480
 ------------------------------------------------------------------------------

wrapping first mol.:       20.29907       28.70721       49.72235
wrapping first mol.:       20.29907       28.70721       49.72235

 NSTEP =    34000   TIME(PS) =    1908.000  TEMP(K) =   300.73  PRESS =     0.0
 Etot   =    -34443.3991  EKtot   =      9200.4355  EPtot      =    -43643.8346
 BOND   =       360.6007  ANGLE   =      1081.8237  DIHED      =      1361.3596
 1-4 NB =       446.8444  1-4 EEL =      6315.8062  VDWAALS    =      4532.7871
 EELEC  =    -57786.3992  EHBOND  =         0.0000  RESTRAINT  =        43.3429
 EAMBER (non-restraint)  =    -43687.1775
 ------------------------------------------------------------------------------

wrapping first mol.:       20.29907       28.70721       49.72235
wrapping first mol.:       20.29907       28.70721       49.72235

 NSTEP =    34500   TIME(PS) =    1909.000  TEMP(K) =   298.40  PRESS =     0.0
 Etot   =    -34401.2981  EKtot   =      9129.2256  EPtot      =    -43530.5236
 BOND   =       349.0988  ANGLE   =      1059.0641  DIHED      =      1362.8457
 1-4 NB =       451.9196  1-4 EEL =      6318.6005  VDWAALS    =      4679.2598
 EELEC  =    -57800.3412  EHBOND  =         0.0000  RESTRAINT  =        49.0290
 EAMBER (non-restraint)  =    -43579.5527
 ------------------------------------------------------------------------------

wrapping first mol.:       20.29907       28.70721       49.72235
wrapping first mol.:       20.29907       28.70721       49.72235

 NSTEP =    35000   TIME(PS) =    1910.000  TEMP(K) =   298.99  PRESS =     0.0
 Etot   =    -34473.0369  EKtot   =      9147.2871  EPtot      =    -43620.3240
 BOND   =       348.8492  ANGLE   =      1067.1186  DIHED      =      1358.9797
 1-4 NB =       459.6982  1-4 EEL =      6303.8588  VDWAALS    =      4825.0950
 EELEC  =    -58024.4881  EHBOND  =         0.0000  RESTRAINT  =        40.5646
 EAMBER (non-restraint)  =    -43660.8886
 ------------------------------------------------------------------------------

wrapping first mol.:       20.29907       28.70721       49.72235
wrapping first mol.:       20.29907       28.70721       49.72235

 NSTEP =    35500   TIME(PS) =    1911.000  TEMP(K) =   304.81  PRESS =     0.0
 Etot   =    -34196.8670  EKtot   =      9325.2148  EPtot      =    -43522.0818
 BOND   =       376.4460  ANGLE   =      1059.3932  DIHED      =      1375.1233
 1-4 NB =       455.2370  1-4 EEL =      6328.2848  VDWAALS    =      4684.8488
 EELEC  =    -57838.9362  EHBOND  =         0.0000  RESTRAINT  =        37.5213
 EAMBER (non-restraint)  =    -43559.6031
 ------------------------------------------------------------------------------

wrapping first mol.:       20.29907       28.70721       49.72235
wrapping first mol.:       20.29907       28.70721       49.72235

 NSTEP =    36000   TIME(PS) =    1912.000  TEMP(K) =   295.34  PRESS =     0.0
 Etot   =    -34633.8597  EKtot   =      9035.6494  EPtot      =    -43669.5091
 BOND   =       370.6807  ANGLE   =      1075.4993  DIHED      =      1356.8211
 1-4 NB =       450.1136  1-4 EEL =      6289.8477  VDWAALS    =      4659.8008
 EELEC  =    -57913.9917  EHBOND  =         0.0000  RESTRAINT  =        41.7192
 EAMBER (non-restraint)  =    -43711.2283
 ------------------------------------------------------------------------------

wrapping first mol.:       20.29907       28.70721       49.72235
wrapping first mol.:       20.29907       28.70721       49.72235

 NSTEP =    36500   TIME(PS) =    1913.000  TEMP(K) =   296.49  PRESS =     0.0
 Etot   =    -34612.7430  EKtot   =      9070.8965  EPtot      =    -43683.6395
 BOND   =       340.6119  ANGLE   =      1049.5748  DIHED      =      1352.4317
 1-4 NB =       444.2860  1-4 EEL =      6299.3123  VDWAALS    =      4909.0655
 EELEC  =    -58126.1282  EHBOND  =         0.0000  RESTRAINT  =        47.2067
 EAMBER (non-restraint)  =    -43730.8461
 ------------------------------------------------------------------------------

wrapping first mol.:       20.29907       28.70721       49.72235
wrapping first mol.:       20.29907       28.70721       49.72235

 NSTEP =    37000   TIME(PS) =    1914.000  TEMP(K) =   300.12  PRESS =     0.0
 Etot   =    -34465.1738  EKtot   =      9181.8477  EPtot      =    -43647.0214
 BOND   =       346.2305  ANGLE   =      1097.1095  DIHED      =      1378.4845
 1-4 NB =       450.1997  1-4 EEL =      6348.6446  VDWAALS    =      4832.7490
 EELEC  =    -58143.3445  EHBOND  =         0.0000  RESTRAINT  =        42.9053
 EAMBER (non-restraint)  =    -43689.9267
 ------------------------------------------------------------------------------

wrapping first mol.:       20.29907       28.70721       49.72235
wrapping first mol.:       20.29907       28.70721       49.72235

 NSTEP =    37500   TIME(PS) =    1915.000  TEMP(K) =   301.38  PRESS =     0.0
 Etot   =    -34388.5804  EKtot   =      9220.4395  EPtot      =    -43609.0199
 BOND   =       373.8867  ANGLE   =      1078.4109  DIHED      =      1366.0583
 1-4 NB =       437.1446  1-4 EEL =      6328.9917  VDWAALS    =      4806.0465
 EELEC  =    -58041.6572  EHBOND  =         0.0000  RESTRAINT  =        42.0986
 EAMBER (non-restraint)  =    -43651.1185
 ------------------------------------------------------------------------------

wrapping first mol.:       20.29907       28.70721       49.72235
wrapping first mol.:       20.29907       28.70721       49.72235

 NSTEP =    38000   TIME(PS) =    1916.000  TEMP(K) =   301.30  PRESS =     0.0
 Etot   =    -34348.2816  EKtot   =      9217.8555  EPtot      =    -43566.1371
 BOND   =       349.7729  ANGLE   =      1082.7893  DIHED      =      1357.3564
 1-4 NB =       452.6108  1-4 EEL =      6322.1621  VDWAALS    =      4684.8350
 EELEC  =    -57857.4531  EHBOND  =         0.0000  RESTRAINT  =        41.7896
 EAMBER (non-restraint)  =    -43607.9267
 ------------------------------------------------------------------------------

wrapping first mol.:       20.29907       28.70721       49.72235
wrapping first mol.:       20.29907       28.70721       49.72235

 NSTEP =    38500   TIME(PS) =    1917.000  TEMP(K) =   299.36  PRESS =     0.0
 Etot   =    -34523.0428  EKtot   =      9158.4854  EPtot      =    -43681.5282
 BOND   =       384.5904  ANGLE   =      1085.1298  DIHED      =      1360.4519
 1-4 NB =       446.5057  1-4 EEL =      6280.9957  VDWAALS    =      4810.1689
 EELEC  =    -58087.3079  EHBOND  =         0.0000  RESTRAINT  =        37.9373
 EAMBER (non-restraint)  =    -43719.4654
 ------------------------------------------------------------------------------

wrapping first mol.:       20.29907       28.70721       49.72235
wrapping first mol.:       20.29907       28.70721       49.72235

 NSTEP =    39000   TIME(PS) =    1918.000  TEMP(K) =   297.58  PRESS =     0.0
 Etot   =    -34552.8869  EKtot   =      9103.9883  EPtot      =    -43656.8751
 BOND   =       329.5518  ANGLE   =      1017.4597  DIHED      =      1356.6585
 1-4 NB =       436.9485  1-4 EEL =      6347.3658  VDWAALS    =      4823.7561
 EELEC  =    -58007.2509  EHBOND  =         0.0000  RESTRAINT  =        38.6355
 EAMBER (non-restraint)  =    -43695.5106
 ------------------------------------------------------------------------------

wrapping first mol.:       20.29907       28.70721       49.72235
wrapping first mol.:       20.29907       28.70721       49.72235

 NSTEP =    39500   TIME(PS) =    1919.000  TEMP(K) =   300.63  PRESS =     0.0
 Etot   =    -34352.6075  EKtot   =      9197.2754  EPtot      =    -43549.8829
 BOND   =       336.5013  ANGLE   =      1048.4727  DIHED      =      1338.0307
 1-4 NB =       451.8544  1-4 EEL =      6303.9227  VDWAALS    =      4674.9314
 EELEC  =    -57745.4303  EHBOND  =         0.0000  RESTRAINT  =        41.8342
 EAMBER (non-restraint)  =    -43591.7171
 ------------------------------------------------------------------------------

wrapping first mol.:       20.29907       28.70721       49.72235
wrapping first mol.:       20.29907       28.70721       49.72235

 NSTEP =    40000   TIME(PS) =    1920.000  TEMP(K) =   296.41  PRESS =     0.0
 Etot   =    -34556.7166  EKtot   =      9068.4219  EPtot      =    -43625.1385
 BOND   =       365.7113  ANGLE   =      1019.5469  DIHED      =      1345.3931
 1-4 NB =       461.6607  1-4 EEL =      6365.7871  VDWAALS    =      4800.3784
 EELEC  =    -58022.7738  EHBOND  =         0.0000  RESTRAINT  =        39.1577
 EAMBER (non-restraint)  =    -43664.2962
 ------------------------------------------------------------------------------

wrapping first mol.:       20.29907       28.70721       49.72235
wrapping first mol.:       20.29907       28.70721       49.72235

 NSTEP =    40500   TIME(PS) =    1921.000  TEMP(K) =   298.29  PRESS =     0.0
 Etot   =    -34512.9796  EKtot   =      9125.7559  EPtot      =    -43638.7355
 BOND   =       378.4808  ANGLE   =      1084.3088  DIHED      =      1369.2170
 1-4 NB =       463.3306  1-4 EEL =      6318.9423  VDWAALS    =      4707.9369
 EELEC  =    -58007.8257  EHBOND  =         0.0000  RESTRAINT  =        46.8738
 EAMBER (non-restraint)  =    -43685.6093
 ------------------------------------------------------------------------------

wrapping first mol.:       20.29907       28.70721       49.72235
wrapping first mol.:       20.29907       28.70721       49.72235

 NSTEP =    41000   TIME(PS) =    1922.000  TEMP(K) =   302.05  PRESS =     0.0
 Etot   =    -34255.1426  EKtot   =      9240.9639  EPtot      =    -43496.1065
 BOND   =       343.9970  ANGLE   =      1074.5305  DIHED      =      1356.9021
 1-4 NB =       452.9417  1-4 EEL =      6327.7146  VDWAALS    =      4741.5409
 EELEC  =    -57837.2411  EHBOND  =         0.0000  RESTRAINT  =        43.5078
 EAMBER (non-restraint)  =    -43539.6143
 ------------------------------------------------------------------------------

wrapping first mol.:       20.29907       28.70721       49.72235
wrapping first mol.:       20.29907       28.70721       49.72235

 NSTEP =    41500   TIME(PS) =    1923.000  TEMP(K) =   303.11  PRESS =     0.0
 Etot   =    -34075.5368  EKtot   =      9273.2607  EPtot      =    -43348.7975
 BOND   =       365.5069  ANGLE   =      1059.4060  DIHED      =      1372.3708
 1-4 NB =       447.8924  1-4 EEL =      6330.1665  VDWAALS    =      4579.3999
 EELEC  =    -57546.7674  EHBOND  =         0.0000  RESTRAINT  =        43.2273
 EAMBER (non-restraint)  =    -43392.0249
 ------------------------------------------------------------------------------

wrapping first mol.:       20.29907       28.70721       49.72235
wrapping first mol.:       20.29907       28.70721       49.72235

 NSTEP =    42000   TIME(PS) =    1924.000  TEMP(K) =   299.67  PRESS =     0.0
 Etot   =    -34503.8809  EKtot   =      9167.9863  EPtot      =    -43671.8672
 BOND   =       354.7068  ANGLE   =      1058.6650  DIHED      =      1353.4292
 1-4 NB =       456.2996  1-4 EEL =      6334.8192  VDWAALS    =      4604.7356
 EELEC  =    -57874.3766  EHBOND  =         0.0000  RESTRAINT  =        39.8540
 EAMBER (non-restraint)  =    -43711.7212
 ------------------------------------------------------------------------------

wrapping first mol.:       20.29907       28.70721       49.72235
wrapping first mol.:       20.29907       28.70721       49.72235

 NSTEP =    42500   TIME(PS) =    1925.000  TEMP(K) =   300.22  PRESS =     0.0
 Etot   =    -34601.7675  EKtot   =      9184.9688  EPtot      =    -43786.7362
 BOND   =       373.0393  ANGLE   =      1038.8693  DIHED      =      1336.1964
 1-4 NB =       450.2203  1-4 EEL =      6305.6867  VDWAALS    =      4821.5495
 EELEC  =    -58153.8717  EHBOND  =         0.0000  RESTRAINT  =        41.5740
 EAMBER (non-restraint)  =    -43828.3102
 ------------------------------------------------------------------------------

wrapping first mol.:       20.29907       28.70721       49.72235
wrapping first mol.:       20.29907       28.70721       49.72235

 NSTEP =    43000   TIME(PS) =    1926.000  TEMP(K) =   297.02  PRESS =     0.0
 Etot   =    -34637.1205  EKtot   =      9086.8838  EPtot      =    -43724.0043
 BOND   =       384.4047  ANGLE   =      1060.3621  DIHED      =      1336.9919
 1-4 NB =       443.1591  1-4 EEL =      6307.8605  VDWAALS    =      4703.6586
 EELEC  =    -58000.9757  EHBOND  =         0.0000  RESTRAINT  =        40.5345
 EAMBER (non-restraint)  =    -43764.5388
 ------------------------------------------------------------------------------

wrapping first mol.:       20.29907       28.70721       49.72235
wrapping first mol.:       20.29907       28.70721       49.72235

 NSTEP =    43500   TIME(PS) =    1927.000  TEMP(K) =   302.41  PRESS =     0.0
 Etot   =    -34329.2472  EKtot   =      9251.9385  EPtot      =    -43581.1857
 BOND   =       349.5007  ANGLE   =      1096.7646  DIHED      =      1354.5903
 1-4 NB =       450.4459  1-4 EEL =      6332.3713  VDWAALS    =      4726.9171
 EELEC  =    -57930.0358  EHBOND  =         0.0000  RESTRAINT  =        38.2603
 EAMBER (non-restraint)  =    -43619.4460
 ------------------------------------------------------------------------------

wrapping first mol.:       20.29907       28.70721       49.72235
wrapping first mol.:       20.29907       28.70721       49.72235

 NSTEP =    44000   TIME(PS) =    1928.000  TEMP(K) =   300.22  PRESS =     0.0
 Etot   =    -34448.7647  EKtot   =      9184.8330  EPtot      =    -43633.5977
 BOND   =       344.2503  ANGLE   =      1094.6902  DIHED      =      1367.9783
 1-4 NB =       439.1049  1-4 EEL =      6324.6621  VDWAALS    =      4754.9048
 EELEC  =    -58000.1137  EHBOND  =         0.0000  RESTRAINT  =        40.9254
 EAMBER (non-restraint)  =    -43674.5231
 ------------------------------------------------------------------------------

wrapping first mol.:       20.29907       28.70721       49.72235
wrapping first mol.:       20.29907       28.70721       49.72235

 NSTEP =    44500   TIME(PS) =    1929.000  TEMP(K) =   297.26  PRESS =     0.0
 Etot   =    -34669.5631  EKtot   =      9094.4062  EPtot      =    -43763.9694
 BOND   =       341.1132  ANGLE   =      1080.0096  DIHED      =      1345.3412
 1-4 NB =       451.4392  1-4 EEL =      6300.7867  VDWAALS    =      4801.6378
 EELEC  =    -58125.7975  EHBOND  =         0.0000  RESTRAINT  =        41.5005
 EAMBER (non-restraint)  =    -43805.4698
 ------------------------------------------------------------------------------

wrapping first mol.:       20.29907       28.70721       49.72235
wrapping first mol.:       20.29907       28.70721       49.72235

 NSTEP =    45000   TIME(PS) =    1930.000  TEMP(K) =   300.00  PRESS =     0.0
 Etot   =    -34349.2750  EKtot   =      9178.2070  EPtot      =    -43527.4820
 BOND   =       361.1398  ANGLE   =      1071.4952  DIHED      =      1363.6833
 1-4 NB =       444.0313  1-4 EEL =      6325.0636  VDWAALS    =      4751.5249
 EELEC  =    -57888.6834  EHBOND  =         0.0000  RESTRAINT  =        44.2635
 EAMBER (non-restraint)  =    -43571.7455
 ------------------------------------------------------------------------------

wrapping first mol.:       20.29907       28.70721       49.72235
wrapping first mol.:       20.29907       28.70721       49.72235

 NSTEP =    45500   TIME(PS) =    1931.000  TEMP(K) =   296.63  PRESS =     0.0
 Etot   =    -34486.6421  EKtot   =      9074.9697  EPtot      =    -43561.6118
 BOND   =       338.7341  ANGLE   =      1056.2695  DIHED      =      1369.6214
 1-4 NB =       463.0471  1-4 EEL =      6322.3372  VDWAALS    =      4596.2026
 EELEC  =    -57749.3559  EHBOND  =         0.0000  RESTRAINT  =        41.5321
 EAMBER (non-restraint)  =    -43603.1439
 ------------------------------------------------------------------------------

wrapping first mol.:       20.29907       28.70721       49.72235
wrapping first mol.:       20.29907       28.70721       49.72235

 NSTEP =    46000   TIME(PS) =    1932.000  TEMP(K) =   300.87  PRESS =     0.0
 Etot   =    -34361.1003  EKtot   =      9204.6621  EPtot      =    -43565.7625
 BOND   =       357.3917  ANGLE   =      1118.5061  DIHED      =      1365.1042
 1-4 NB =       434.4788  1-4 EEL =      6283.1562  VDWAALS    =      4612.6858
 EELEC  =    -57779.9631  EHBOND  =         0.0000  RESTRAINT  =        42.8777
 EAMBER (non-restraint)  =    -43608.6402
 ------------------------------------------------------------------------------

wrapping first mol.:       20.29907       28.70721       49.72235
wrapping first mol.:       20.29907       28.70721       49.72235

 NSTEP =    46500   TIME(PS) =    1933.000  TEMP(K) =   302.51  PRESS =     0.0
 Etot   =    -34344.6395  EKtot   =      9254.8809  EPtot      =    -43599.5204
 BOND   =       348.3845  ANGLE   =      1081.6506  DIHED      =      1377.8461
 1-4 NB =       452.9875  1-4 EEL =      6323.3059  VDWAALS    =      4558.8448
 EELEC  =    -57782.5126  EHBOND  =         0.0000  RESTRAINT  =        39.9727
 EAMBER (non-restraint)  =    -43639.4931
 ------------------------------------------------------------------------------

wrapping first mol.:       20.29907       28.70721       49.72235
wrapping first mol.:       20.29907       28.70721       49.72235

 NSTEP =    47000   TIME(PS) =    1934.000  TEMP(K) =   300.42  PRESS =     0.0
 Etot   =    -34505.3779  EKtot   =      9191.0342  EPtot      =    -43696.4121
 BOND   =       326.4470  ANGLE   =      1063.6244  DIHED      =      1386.4440
 1-4 NB =       445.1429  1-4 EEL =      6316.6704  VDWAALS    =      4571.4556
 EELEC  =    -57851.6156  EHBOND  =         0.0000  RESTRAINT  =        45.4193
 EAMBER (non-restraint)  =    -43741.8314
 ------------------------------------------------------------------------------

wrapping first mol.:       20.29907       28.70721       49.72235
wrapping first mol.:       20.29907       28.70721       49.72235

 NSTEP =    47500   TIME(PS) =    1935.000  TEMP(K) =   299.48  PRESS =     0.0
 Etot   =    -34513.5610  EKtot   =      9162.1162  EPtot      =    -43675.6772
 BOND   =       339.7272  ANGLE   =      1050.6113  DIHED      =      1375.7462
 1-4 NB =       449.8406  1-4 EEL =      6323.3819  VDWAALS    =      4641.7414
 EELEC  =    -57902.9070  EHBOND  =         0.0000  RESTRAINT  =        46.1811
 EAMBER (non-restraint)  =    -43721.8583
 ------------------------------------------------------------------------------

wrapping first mol.:       20.29907       28.70721       49.72235
wrapping first mol.:       20.29907       28.70721       49.72235

 NSTEP =    48000   TIME(PS) =    1936.000  TEMP(K) =   302.20  PRESS =     0.0
 Etot   =    -34398.8066  EKtot   =      9245.5879  EPtot      =    -43644.3945
 BOND   =       345.4222  ANGLE   =      1065.7088  DIHED      =      1377.6249
 1-4 NB =       435.0278  1-4 EEL =      6313.1462  VDWAALS    =      4830.3730
 EELEC  =    -58050.5243  EHBOND  =         0.0000  RESTRAINT  =        38.8270
 EAMBER (non-restraint)  =    -43683.2215
 ------------------------------------------------------------------------------

wrapping first mol.:       20.29907       28.70721       49.72235
wrapping first mol.:       20.29907       28.70721       49.72235

 NSTEP =    48500   TIME(PS) =    1937.000  TEMP(K) =   299.63  PRESS =     0.0
 Etot   =    -34437.4457  EKtot   =      9166.8213  EPtot      =    -43604.2670
 BOND   =       351.1829  ANGLE   =      1030.6285  DIHED      =      1352.5842
 1-4 NB =       438.9161  1-4 EEL =      6328.3898  VDWAALS    =      4866.2313
 EELEC  =    -58012.6209  EHBOND  =         0.0000  RESTRAINT  =        40.4212
 EAMBER (non-restraint)  =    -43644.6882
 ------------------------------------------------------------------------------

wrapping first mol.:       20.29907       28.70721       49.72235
wrapping first mol.:       20.29907       28.70721       49.72235

 NSTEP =    49000   TIME(PS) =    1938.000  TEMP(K) =   299.64  PRESS =     0.0
 Etot   =    -34448.0070  EKtot   =      9167.0020  EPtot      =    -43615.0090
 BOND   =       342.3619  ANGLE   =      1051.4606  DIHED      =      1363.3146
 1-4 NB =       436.8865  1-4 EEL =      6315.4917  VDWAALS    =      4704.2284
 EELEC  =    -57873.7950  EHBOND  =         0.0000  RESTRAINT  =        45.0425
 EAMBER (non-restraint)  =    -43660.0515
 ------------------------------------------------------------------------------

wrapping first mol.:       20.29907       28.70721       49.72235
wrapping first mol.:       20.29907       28.70721       49.72235

 NSTEP =    49500   TIME(PS) =    1939.000  TEMP(K) =   302.26  PRESS =     0.0
 Etot   =    -34475.0639  EKtot   =      9247.3936  EPtot      =    -43722.4574
 BOND   =       369.9165  ANGLE   =      1050.1100  DIHED      =      1368.3763
 1-4 NB =       448.9383  1-4 EEL =      6342.0721  VDWAALS    =      4874.1467
 EELEC  =    -58219.6604  EHBOND  =         0.0000  RESTRAINT  =        43.6431
 EAMBER (non-restraint)  =    -43766.1005
 ------------------------------------------------------------------------------

wrapping first mol.:       20.29907       28.70721       49.72235
wrapping first mol.:       20.29907       28.70721       49.72235

 NSTEP =    50000   TIME(PS) =    1940.000  TEMP(K) =   301.05  PRESS =     0.0
 Etot   =    -34428.1209  EKtot   =      9210.2529  EPtot      =    -43638.3738
 BOND   =       360.7374  ANGLE   =      1053.7356  DIHED      =      1355.7581
 1-4 NB =       444.3891  1-4 EEL =      6316.0171  VDWAALS    =      4704.1729
 EELEC  =    -57907.8391  EHBOND  =         0.0000  RESTRAINT  =        34.6552
 EAMBER (non-restraint)  =    -43673.0290
 ------------------------------------------------------------------------------


      A V E R A G E S   O V E R     100 S T E P S


 NSTEP =    50000   TIME(PS) =    1940.000  TEMP(K) =   300.09  PRESS =     0.0
 Etot   =    -34444.0263  EKtot   =      9180.8334  EPtot      =    -43624.8597
 BOND   =       355.0149  ANGLE   =      1062.5326  DIHED      =      1362.5601
 1-4 NB =       448.3656  1-4 EEL =      6320.2749  VDWAALS    =      4741.9950
 EELEC  =    -57957.1490  EHBOND  =         0.0000  RESTRAINT  =        41.5462
 EAMBER (non-restraint)  =    -43666.4059
 ------------------------------------------------------------------------------


      R M S  F L U C T U A T I O N S


 NSTEP =    50000   TIME(PS) =    1940.000  TEMP(K) =     2.45  PRESS =     0.0
 Etot   =       137.7359  EKtot   =        75.0967  EPtot      =       109.1949
 BOND   =        16.3284  ANGLE   =        24.4763  DIHED      =        12.3111
 1-4 NB =         8.1200  1-4 EEL =        20.0477  VDWAALS    =       103.9683
 EELEC  =       170.5868  EHBOND  =         0.0000  RESTRAINT  =         3.5177
 EAMBER (non-restraint)  =       105.6772
 ------------------------------------------------------------------------------

--------------------------------------------------------------------------------
   5.  TIMINGS
--------------------------------------------------------------------------------

|  NonSetup CPU Time in Major Routines:
|
|     Routine           Sec        %
|     ------------------------------
|     Nonbond          12.46   32.48
|     Bond              0.00    0.00
|     Angle             0.00    0.00
|     Dihedral          0.00    0.00
|     Shake             0.73    1.91
|     RunMD            25.09   65.42
|     Other             0.08    0.20
|     ------------------------------
|     Total            38.35

|  PME Nonbond Pairlist CPU Time:
|
|     Routine              Sec        %
|     ---------------------------------
|     Set Up Cit           0.00    0.00
|     Build List           0.00    0.00
|     ---------------------------------
|     Total                0.00    0.00

|  PME Direct Force CPU Time:
|
|     Routine              Sec        %
|     ---------------------------------
|     NonBonded Calc       0.00    0.00
|     Exclude Masked       0.00    0.00
|     Other                0.04    0.10
|     ---------------------------------
|     Total                0.04    0.10

|  PME Reciprocal Force CPU Time:
|
|     Routine              Sec        %
|     ---------------------------------
|     1D bspline           0.00    0.00
|     Grid Charges         0.00    0.00
|     Scalar Sum           0.00    0.00
|     Gradient Sum         0.00    0.00
|     FFT                  0.00    0.00
|     ---------------------------------
|     Total                0.00    0.00

|  Final Performance Info:
|     -----------------------------------------------------
|     Average timings for last   49500 steps:
|     Elapsed(s) =      37.96 Per Step(ms) =       0.77
|         ns/day =     225.32   seconds/ns =     383.45
|
|     Average timings for all steps:
|     Elapsed(s) =      38.36 Per Step(ms) =       0.77
|         ns/day =     225.24   seconds/ns =     383.59
|     -----------------------------------------------------

|  Setup CPU time:            2.36 seconds
|  NonSetup CPU time:        38.35 seconds
|  Total CPU time:           40.72 seconds     0.01 hours

|  Setup wall time:           2    seconds
|  NonSetup wall time:       39    seconds
|  Total wall time:          41    seconds     0.01 hours
