
          -------------------------------------------------------
          Amber 16 PMEMD                              2016
          -------------------------------------------------------

| PMEMD implementation of SANDER, Release 16

| Run on 11/17/2017 at 08:10:09

|   Executable path: /apps/amber16/bin/pmemd.cuda
| Working directory: /home/pbarletta
|          Hostname: mordor

  [-O]verwriting output

File Assignments:
|   MDIN: /scratch/pbarletta/cph_obp/run/ctv/mhe/e/1equ.in                      
|  MDOUT: /scratch/pbarletta/cph_obp/run/ctv/mhe/e/1equ.out                     
| INPCRD: /scratch/pbarletta/cph_obp/run/ctv/mhe/h/hctv.rst7                    
|   PARM: /scratch/pbarletta/cph_obp/top_files/ctv.prmtop                       
| RESTRT: /scratch/pbarletta/cph_obp/run/ctv/mhe/e/1ectv.rst7                   
|   REFC: /scratch/pbarletta/cph_obp/run/ctv/mhe/h/hctv.rst7                    
|  MDVEL: mdvel                                                                 
|   MDEN: mden                                                                  
|  MDCRD: /scratch/pbarletta/cph_obp/run/ctv/mhe/e/1ectv.nc                     
| MDINFO: mdinfo                                                                
|  MDFRC: mdfrc                                                                 


 Here is the input file:

Equilibration with solute restrictions                                         
&cntrl                                                                         
imin = 0,                           ! No Minimization                          
nmropt = 0,                         ! No NMR restraints read                   
                                                                               
! Nature and format of the input                                               
ntx = 5,                            ! Coordinates but no velocities will be rea
irest = 1,                          ! Do not run a new simulation              
                                                                               
! Nature and format of the output                                              
ntxo = 1,                           ! rstrt file in ASCII format               
ntpr = 500,                         ! inf in output every ntpr steps           
ntwr = 500,                         ! rstrt file every ntwr steps              
ntwx = 500,                         ! mdcrd file every ntwx steps              
ntwv = 0,                           ! mdvel without velocities                 
ntwe = 0,                           ! Energies and temperatures not written in 
idecomp = 0,                        ! No energy decomposition                  
iwrap = 1,                          ! Coordinates of the restart and mdcrd file
                                                                               
! Frozen or restrained atoms                                                   
ibelly = 0,                         ! No frozen atoms                          
ntr=1,                              ! Harmonic potential restraints            
restraint_wt = 50.0,                ! The weight for the positional restraints 
restraintmask = ':1-120@N,CA,C,O',  ! restrained residues                      
                                                                               
! Molecular dynamics                                                           
nstlim = 50000,                     ! Number of MD-steps                       
dt = 0.002,                         ! Time step                                
                                                                               
! Temperature regulation                                                       
ntt = 3,                            ! Langevin thermostat                      
gamma_ln = 5,                       ! Gamma constant for Langevin              
temp0 = 300.0,                      ! Reference T at which the system is to be 
tempi = 300.0,                      ! Initial T                                
ig = -1,                            ! Seed for the RNG                         
                                                                               
! P and V regulation                                                           
ntp = 0,                            ! No pressure control                      
ntb = 1,                            ! Periodic box for constant V              
                                                                               
! SHAKE variables                                                              
ntc = 2,                            ! Bonds involving H are constrained        
ntf = 2,                            ! Bond interaction involving H are ommited.
                                                                               
cut = 10.0,                         ! Nonbonded cutoff                         
                                                                               
/                                                                              
&end                                                                           


Note: ig = -1. Setting random seed to   997750 based on wallclock time in 
      microseconds.
| irandom = 1, using AMBER's internal random number generator (default).
 
|--------------------- INFORMATION ----------------------
| GPU (CUDA) Version of PMEMD in use: NVIDIA GPU IN USE.
|                    Version 16.0.0
| 
|                      02/25/2016
| 
| Implementation by:
|                    Ross C. Walker     (SDSC)
|                    Scott Le Grand     (nVIDIA)
| 
| Precision model in use:
|      [SPFP] - Single Precision Forces, 64-bit Fixed Point
|               Accumulation. (Default)
| 
|--------------------------------------------------------
 
|----------------- CITATION INFORMATION -----------------
|
|    When publishing work that utilized the CUDA version
|    of AMBER, please cite the following in addition to
|    the regular AMBER citations:
|
|  - Romelia Salomon-Ferrer; Andreas W. Goetz; Duncan
|    Poole; Scott Le Grand; Ross C. Walker "Routine
|    microsecond molecular dynamics simulations with
|    AMBER - Part II: Particle Mesh Ewald", J. Chem.
|    Theory Comput., 2013, 9 (9), pp3878-3888,
|    DOI: 10.1021/ct400314y.
|
|  - Andreas W. Goetz; Mark J. Williamson; Dong Xu;
|    Duncan Poole; Scott Le Grand; Ross C. Walker
|    "Routine microsecond molecular dynamics simulations
|    with AMBER - Part I: Generalized Born", J. Chem.
|    Theory Comput., 2012, 8 (5), pp1542-1555.
|
|  - Scott Le Grand; Andreas W. Goetz; Ross C. Walker
|    "SPFP: Speed without compromise - a mixed precision
|    model for GPU accelerated molecular dynamics
|    simulations.", Comp. Phys. Comm., 2013, 184
|    pp374-380, DOI: 10.1016/j.cpc.2012.09.022
|
|--------------------------------------------------------
 
|------------------- GPU DEVICE INFO --------------------
|
|            CUDA_VISIBLE_DEVICES: 1
|   CUDA Capable Devices Detected:      1
|           CUDA Device ID in use:      0
|                CUDA Device Name: GeForce GTX 1080 Ti
|     CUDA Device Global Mem Size:  11172 MB
| CUDA Device Num Multiprocessors:     28
|           CUDA Device Core Freq:   1.58 GHz
|
|--------------------------------------------------------
 
 
| Conditional Compilation Defines Used:
| PUBFFT
| BINTRAJ
| CUDA
| EMIL

| Largest sphere to fit in unit cell has radius =    24.861

| New format PARM file being parsed.
| Version =    1.000 Date = 11/14/17 Time = 21:26:59

| Note: 1-4 EEL scale factors are being read from the topology file.

| Note: 1-4 VDW scale factors are being read from the topology file.
| Duplicated    0 dihedrals

| Duplicated    0 dihedrals

--------------------------------------------------------------------------------
   1.  RESOURCE   USE: 
--------------------------------------------------------------------------------

 getting box info from netcdf restart file
 NATOM  =   14918 NTYPES =      18 NBONH =   13963 MBONA  =     961
 NTHETH =    2368 MTHETA =    1289 NPHIH =    4522 MPHIA  =    3259
 NHPARM =       0 NPARM  =       0 NNB   =   28275 NRES   =    4423
 NBONA  =     961 NTHETA =    1289 NPHIA =    3259 NUMBND =      48
 NUMANG =     101 NPTRA  =      41 NATYP =      33 NPHB   =       1
 IFBOX  =       2 NMXRS  =      26 IFCAP =       0 NEXTRA =       0
 NCOPY  =       0

| Coordinate Index Table dimensions:     9    9    9
| Direct force subcell size =     6.7664    6.7664    6.7664

     BOX TYPE: TRUNCATED OCTAHEDRON

--------------------------------------------------------------------------------
   2.  CONTROL  DATA  FOR  THE  RUN
--------------------------------------------------------------------------------

default_name                                                                    

General flags:
     imin    =       0, nmropt  =       0

Nature and format of input:
     ntx     =       5, irest   =       1, ntrx    =       1

Nature and format of output:
     ntxo    =       1, ntpr    =     500, ntrx    =       1, ntwr    =     500
     iwrap   =       1, ntwx    =     500, ntwv    =       0, ntwe    =       0
     ioutfm  =       1, ntwprt  =       0, idecomp =       0, rbornstat=      0

Potential function:
     ntf     =       2, ntb     =       1, igb     =       0, nsnb    =      25
     ipol    =       0, gbsa    =       0, iesp    =       0
     dielc   =   1.00000, cut     =  10.00000, intdiel =   1.00000

Frozen or restrained atoms:
     ibelly  =       0, ntr     =       1
     restraint_wt =  50.00000

Molecular dynamics:
     nstlim  =     50000, nscm    =         0, nrespa  =         1
     t       =   0.00000, dt      =   0.00200, vlimit  =  -1.00000

Langevin dynamics temperature regulation:
     ig      =  997750
     temp0   = 300.00000, tempi   = 300.00000, gamma_ln=   5.00000

SHAKE:
     ntc     =       2, jfastw  =       0
     tol     =   0.00001

| Intermolecular bonds treatment:
|     no_intermolecular_bonds =       1

| Energy averages sample interval:
|     ene_avg_sampling =     500

Ewald parameters:
     verbose =       0, ew_type =       0, nbflag  =       1, use_pme =       1
     vdwmeth =       1, eedmeth =       1, netfrc  =       1
     Box X =   60.897   Box Y =   60.897   Box Z =   60.897
     Alpha =  109.471   Beta  =  109.471   Gamma =  109.471
     NFFT1 =   64       NFFT2 =   64       NFFT3 =   64
     Cutoff=   10.000   Tol   =0.100E-04
     Ewald Coefficient =  0.27511
     Interpolation order =    4

    LOADING THE CONSTRAINED ATOMS AS GROUPS


   5.  REFERENCE ATOM COORDINATES

  default_name                                                                    
     Mask :1-120@N,CA,C,O; matches   476 atoms

--------------------------------------------------------------------------------
   3.  ATOMIC COORDINATES AND VELOCITIES
--------------------------------------------------------------------------------

default_name                                                                    
 begin time read from input coords =   140.000 ps

 
 Number of triangulated 3-point waters found:     4302

     Sum of charges from parm topology file =   0.00000094
     Forcing neutrality...

| Dynamic Memory, Types Used:
| Reals              578204
| Integers           551472

| Nonbonded Pairs Initial Allocation:     4512322

| GPU memory information (estimate):
| KB of GPU memory in use:    141360
| KB of CPU memory in use:     29328

--------------------------------------------------------------------------------
   4.  RESULTS
--------------------------------------------------------------------------------

 ---------------------------------------------------
 APPROXIMATING switch and d/dx switch using CUBIC SPLINE INTERPOLATION
 using   5000.0 points per unit in tabled values
 TESTING RELATIVE ERROR over r ranging from 0.0 to cutoff
| CHECK switch(x): max rel err =   0.2738E-14   at   2.422500
| CHECK d/dx switch(x): max rel err =   0.8314E-11   at   2.736960
 ---------------------------------------------------
|---------------------------------------------------
| APPROXIMATING direct energy using CUBIC SPLINE INTERPOLATION
|  with   50.0 points per unit in tabled values
| Relative Error Limit not exceeded for r .gt.   2.33
| APPROXIMATING direct force using CUBIC SPLINE INTERPOLATION
|  with   50.0 points per unit in tabled values
| Relative Error Limit not exceeded for r .gt.   2.80
|---------------------------------------------------
wrapping first mol.:       20.29907       28.70721       49.72235
wrapping first mol.:       20.29907       28.70721       49.72235

 NSTEP =      500   TIME(PS) =     141.000  TEMP(K) =   298.96  PRESS =     0.0
 Etot   =    -33983.9421  EKtot   =      9146.3164  EPtot      =    -43130.2585
 BOND   =       321.5916  ANGLE   =      1027.4284  DIHED      =      1357.5878
 1-4 NB =       470.0577  1-4 EEL =      6357.3296  VDWAALS    =      4695.8508
 EELEC  =    -57566.1183  EHBOND  =         0.0000  RESTRAINT  =       206.0139
 EAMBER (non-restraint)  =    -43336.2724
 ------------------------------------------------------------------------------

wrapping first mol.:       20.29907       28.70721       49.72235
wrapping first mol.:       20.29907       28.70721       49.72235

 NSTEP =     1000   TIME(PS) =     142.000  TEMP(K) =   298.31  PRESS =     0.0
 Etot   =    -34001.0597  EKtot   =      9126.3174  EPtot      =    -43127.3770
 BOND   =       305.5828  ANGLE   =      1022.5811  DIHED      =      1348.2387
 1-4 NB =       491.9188  1-4 EEL =      6371.0133  VDWAALS    =      4735.3956
 EELEC  =    -57583.7966  EHBOND  =         0.0000  RESTRAINT  =       181.6891
 EAMBER (non-restraint)  =    -43309.0662
 ------------------------------------------------------------------------------

wrapping first mol.:       20.29907       28.70721       49.72235
wrapping first mol.:       20.29907       28.70721       49.72235

 NSTEP =     1500   TIME(PS) =     143.000  TEMP(K) =   299.15  PRESS =     0.0
 Etot   =    -34077.5144  EKtot   =      9152.1348  EPtot      =    -43229.6492
 BOND   =       332.6212  ANGLE   =       987.7379  DIHED      =      1361.8888
 1-4 NB =       478.2602  1-4 EEL =      6355.1320  VDWAALS    =      4818.7177
 EELEC  =    -57756.0084  EHBOND  =         0.0000  RESTRAINT  =       192.0012
 EAMBER (non-restraint)  =    -43421.6504
 ------------------------------------------------------------------------------

wrapping first mol.:       20.29907       28.70721       49.72235
wrapping first mol.:       20.29907       28.70721       49.72235

 NSTEP =     2000   TIME(PS) =     144.000  TEMP(K) =   296.04  PRESS =     0.0
 Etot   =    -34049.9386  EKtot   =      9056.9990  EPtot      =    -43106.9376
 BOND   =       332.5965  ANGLE   =      1018.0847  DIHED      =      1351.2691
 1-4 NB =       464.8808  1-4 EEL =      6332.5832  VDWAALS    =      4675.3174
 EELEC  =    -57483.7471  EHBOND  =         0.0000  RESTRAINT  =       202.0778
 EAMBER (non-restraint)  =    -43309.0155
 ------------------------------------------------------------------------------

wrapping first mol.:       20.29907       28.70721       49.72235
wrapping first mol.:       20.29907       28.70721       49.72235

 NSTEP =     2500   TIME(PS) =     145.000  TEMP(K) =   298.85  PRESS =     0.0
 Etot   =    -34083.5729  EKtot   =      9142.8174  EPtot      =    -43226.3902
 BOND   =       321.2577  ANGLE   =      1045.7584  DIHED      =      1376.7465
 1-4 NB =       458.8912  1-4 EEL =      6321.3730  VDWAALS    =      4626.7746
 EELEC  =    -57586.6831  EHBOND  =         0.0000  RESTRAINT  =       209.4915
 EAMBER (non-restraint)  =    -43435.8818
 ------------------------------------------------------------------------------

wrapping first mol.:       20.29907       28.70721       49.72235
wrapping first mol.:       20.29907       28.70721       49.72235

 NSTEP =     3000   TIME(PS) =     146.000  TEMP(K) =   303.51  PRESS =     0.0
 Etot   =    -33811.9999  EKtot   =      9285.6738  EPtot      =    -43097.6737
 BOND   =       322.4157  ANGLE   =       987.7980  DIHED      =      1357.7123
 1-4 NB =       467.3593  1-4 EEL =      6302.9508  VDWAALS    =      4462.4561
 EELEC  =    -57197.5562  EHBOND  =         0.0000  RESTRAINT  =       199.1904
 EAMBER (non-restraint)  =    -43296.8641
 ------------------------------------------------------------------------------

wrapping first mol.:       20.29907       28.70721       49.72235
wrapping first mol.:       20.29907       28.70721       49.72235

 NSTEP =     3500   TIME(PS) =     147.000  TEMP(K) =   299.85  PRESS =     0.0
 Etot   =    -33979.1431  EKtot   =      9173.6670  EPtot      =    -43152.8101
 BOND   =       331.3467  ANGLE   =      1011.3508  DIHED      =      1349.3183
 1-4 NB =       463.6428  1-4 EEL =      6324.7937  VDWAALS    =      4356.0470
 EELEC  =    -57180.8026  EHBOND  =         0.0000  RESTRAINT  =       191.4931
 EAMBER (non-restraint)  =    -43344.3032
 ------------------------------------------------------------------------------

wrapping first mol.:       20.29907       28.70721       49.72235
wrapping first mol.:       20.29907       28.70721       49.72235

 NSTEP =     4000   TIME(PS) =     148.000  TEMP(K) =   303.24  PRESS =     0.0
 Etot   =    -33858.0876  EKtot   =      9277.3916  EPtot      =    -43135.4792
 BOND   =       352.3734  ANGLE   =      1008.3214  DIHED      =      1361.1566
 1-4 NB =       466.2393  1-4 EEL =      6327.6042  VDWAALS    =      4509.5738
 EELEC  =    -57353.1653  EHBOND  =         0.0000  RESTRAINT  =       192.4173
 EAMBER (non-restraint)  =    -43327.8965
 ------------------------------------------------------------------------------

wrapping first mol.:       20.29907       28.70721       49.72235
wrapping first mol.:       20.29907       28.70721       49.72235

 NSTEP =     4500   TIME(PS) =     149.000  TEMP(K) =   300.88  PRESS =     0.0
 Etot   =    -33902.8394  EKtot   =      9205.1514  EPtot      =    -43107.9908
 BOND   =       346.7163  ANGLE   =      1059.8973  DIHED      =      1379.5425
 1-4 NB =       475.6219  1-4 EEL =      6337.0024  VDWAALS    =      4897.6664
 EELEC  =    -57819.5210  EHBOND  =         0.0000  RESTRAINT  =       215.0834
 EAMBER (non-restraint)  =    -43323.0742
 ------------------------------------------------------------------------------

wrapping first mol.:       20.29907       28.70721       49.72235
wrapping first mol.:       20.29907       28.70721       49.72235

 NSTEP =     5000   TIME(PS) =     150.000  TEMP(K) =   300.34  PRESS =     0.0
 Etot   =    -34138.7824  EKtot   =      9188.6074  EPtot      =    -43327.3898
 BOND   =       315.8712  ANGLE   =      1006.8819  DIHED      =      1363.2045
 1-4 NB =       461.5322  1-4 EEL =      6314.2566  VDWAALS    =      4641.4865
 EELEC  =    -57640.0828  EHBOND  =         0.0000  RESTRAINT  =       209.4601
 EAMBER (non-restraint)  =    -43536.8499
 ------------------------------------------------------------------------------

wrapping first mol.:       20.29907       28.70721       49.72235
wrapping first mol.:       20.29907       28.70721       49.72235

 NSTEP =     5500   TIME(PS) =     151.000  TEMP(K) =   296.18  PRESS =     0.0
 Etot   =    -34063.2896  EKtot   =      9061.3350  EPtot      =    -43124.6245
 BOND   =       329.7372  ANGLE   =      1074.5315  DIHED      =      1338.1289
 1-4 NB =       475.8030  1-4 EEL =      6337.8781  VDWAALS    =      4757.9921
 EELEC  =    -57635.8773  EHBOND  =         0.0000  RESTRAINT  =       197.1819
 EAMBER (non-restraint)  =    -43321.8064
 ------------------------------------------------------------------------------

wrapping first mol.:       20.29907       28.70721       49.72235
wrapping first mol.:       20.29907       28.70721       49.72235

 NSTEP =     6000   TIME(PS) =     152.000  TEMP(K) =   302.47  PRESS =     0.0
 Etot   =    -33999.2789  EKtot   =      9253.6582  EPtot      =    -43252.9371
 BOND   =       329.8979  ANGLE   =      1028.6739  DIHED      =      1373.2130
 1-4 NB =       480.0975  1-4 EEL =      6306.0215  VDWAALS    =      4900.9714
 EELEC  =    -57852.1818  EHBOND  =         0.0000  RESTRAINT  =       180.3694
 EAMBER (non-restraint)  =    -43433.3065
 ------------------------------------------------------------------------------

wrapping first mol.:       20.29907       28.70721       49.72235
wrapping first mol.:       20.29907       28.70721       49.72235

 NSTEP =     6500   TIME(PS) =     153.000  TEMP(K) =   300.47  PRESS =     0.0
 Etot   =    -34191.6350  EKtot   =      9192.4199  EPtot      =    -43384.0550
 BOND   =       319.3690  ANGLE   =      1055.2823  DIHED      =      1372.2822
 1-4 NB =       463.7046  1-4 EEL =      6302.5582  VDWAALS    =      4705.8800
 EELEC  =    -57791.8330  EHBOND  =         0.0000  RESTRAINT  =       188.7017
 EAMBER (non-restraint)  =    -43572.7567
 ------------------------------------------------------------------------------

wrapping first mol.:       20.29907       28.70721       49.72235
wrapping first mol.:       20.29907       28.70721       49.72235

 NSTEP =     7000   TIME(PS) =     154.000  TEMP(K) =   301.47  PRESS =     0.0
 Etot   =    -33871.3002  EKtot   =      9223.1094  EPtot      =    -43094.4096
 BOND   =       329.0335  ANGLE   =      1026.8571  DIHED      =      1363.4836
 1-4 NB =       484.7817  1-4 EEL =      6341.1735  VDWAALS    =      4676.4188
 EELEC  =    -57506.4411  EHBOND  =         0.0000  RESTRAINT  =       190.2833
 EAMBER (non-restraint)  =    -43284.6929
 ------------------------------------------------------------------------------

wrapping first mol.:       20.29907       28.70721       49.72235
wrapping first mol.:       20.29907       28.70721       49.72235

 NSTEP =     7500   TIME(PS) =     155.000  TEMP(K) =   298.63  PRESS =     0.0
 Etot   =    -34266.7254  EKtot   =      9136.3809  EPtot      =    -43403.1063
 BOND   =       320.4449  ANGLE   =      1038.9100  DIHED      =      1360.3484
 1-4 NB =       472.6237  1-4 EEL =      6347.1959  VDWAALS    =      4737.8815
 EELEC  =    -57864.3090  EHBOND  =         0.0000  RESTRAINT  =       183.7983
 EAMBER (non-restraint)  =    -43586.9046
 ------------------------------------------------------------------------------

wrapping first mol.:       20.29907       28.70721       49.72235
wrapping first mol.:       20.29907       28.70721       49.72235

 NSTEP =     8000   TIME(PS) =     156.000  TEMP(K) =   303.53  PRESS =     0.0
 Etot   =    -34003.7918  EKtot   =      9286.1963  EPtot      =    -43289.9881
 BOND   =       335.1373  ANGLE   =      1015.8605  DIHED      =      1347.1721
 1-4 NB =       479.1242  1-4 EEL =      6325.4231  VDWAALS    =      4739.2335
 EELEC  =    -57717.9469  EHBOND  =         0.0000  RESTRAINT  =       186.0079
 EAMBER (non-restraint)  =    -43475.9961
 ------------------------------------------------------------------------------

wrapping first mol.:       20.29907       28.70721       49.72235
wrapping first mol.:       20.29907       28.70721       49.72235

 NSTEP =     8500   TIME(PS) =     157.000  TEMP(K) =   295.51  PRESS =     0.0
 Etot   =    -34141.6806  EKtot   =      9040.7559  EPtot      =    -43182.4364
 BOND   =       340.8508  ANGLE   =      1017.8946  DIHED      =      1344.7834
 1-4 NB =       489.4094  1-4 EEL =      6333.6014  VDWAALS    =      4683.7179
 EELEC  =    -57581.8433  EHBOND  =         0.0000  RESTRAINT  =       189.1493
 EAMBER (non-restraint)  =    -43371.5858
 ------------------------------------------------------------------------------

wrapping first mol.:       20.29907       28.70721       49.72235
wrapping first mol.:       20.29907       28.70721       49.72235

 NSTEP =     9000   TIME(PS) =     158.000  TEMP(K) =   301.42  PRESS =     0.0
 Etot   =    -34013.8715  EKtot   =      9221.5781  EPtot      =    -43235.4497
 BOND   =       311.1399  ANGLE   =      1028.5411  DIHED      =      1355.6315
 1-4 NB =       478.3790  1-4 EEL =      6338.6114  VDWAALS    =      4646.6787
 EELEC  =    -57586.6033  EHBOND  =         0.0000  RESTRAINT  =       192.1720
 EAMBER (non-restraint)  =    -43427.6216
 ------------------------------------------------------------------------------

wrapping first mol.:       20.29907       28.70721       49.72235
wrapping first mol.:       20.29907       28.70721       49.72235

 NSTEP =     9500   TIME(PS) =     159.000  TEMP(K) =   299.36  PRESS =     0.0
 Etot   =    -34045.8506  EKtot   =      9158.5371  EPtot      =    -43204.3877
 BOND   =       331.4464  ANGLE   =      1003.5018  DIHED      =      1374.1820
 1-4 NB =       466.5993  1-4 EEL =      6327.7722  VDWAALS    =      4635.3985
 EELEC  =    -57539.8317  EHBOND  =         0.0000  RESTRAINT  =       196.5438
 EAMBER (non-restraint)  =    -43400.9315
 ------------------------------------------------------------------------------

wrapping first mol.:       20.29907       28.70721       49.72235
wrapping first mol.:       20.29907       28.70721       49.72235

 NSTEP =    10000   TIME(PS) =     160.000  TEMP(K) =   297.63  PRESS =     0.0
 Etot   =    -34285.9174  EKtot   =      9105.6377  EPtot      =    -43391.5551
 BOND   =       332.4607  ANGLE   =      1047.0280  DIHED      =      1369.8128
 1-4 NB =       457.0180  1-4 EEL =      6296.2864  VDWAALS    =      4631.4366
 EELEC  =    -57714.2554  EHBOND  =         0.0000  RESTRAINT  =       188.6579
 EAMBER (non-restraint)  =    -43580.2129
 ------------------------------------------------------------------------------

wrapping first mol.:       20.29907       28.70721       49.72235
wrapping first mol.:       20.29907       28.70721       49.72235

 NSTEP =    10500   TIME(PS) =     161.000  TEMP(K) =   298.34  PRESS =     0.0
 Etot   =    -34142.0703  EKtot   =      9127.4580  EPtot      =    -43269.5283
 BOND   =       346.4238  ANGLE   =      1056.2375  DIHED      =      1357.4999
 1-4 NB =       466.6674  1-4 EEL =      6328.1240  VDWAALS    =      4420.8920
 EELEC  =    -57435.3050  EHBOND  =         0.0000  RESTRAINT  =       189.9322
 EAMBER (non-restraint)  =    -43459.4605
 ------------------------------------------------------------------------------

wrapping first mol.:       20.29907       28.70721       49.72235
wrapping first mol.:       20.29907       28.70721       49.72235

 NSTEP =    11000   TIME(PS) =     162.000  TEMP(K) =   299.63  PRESS =     0.0
 Etot   =    -34055.0607  EKtot   =      9166.7969  EPtot      =    -43221.8575
 BOND   =       332.3423  ANGLE   =      1031.6502  DIHED      =      1371.7535
 1-4 NB =       474.8910  1-4 EEL =      6341.2405  VDWAALS    =      4636.9843
 EELEC  =    -57612.0965  EHBOND  =         0.0000  RESTRAINT  =       201.3772
 EAMBER (non-restraint)  =    -43423.2347
 ------------------------------------------------------------------------------

wrapping first mol.:       20.29907       28.70721       49.72235
wrapping first mol.:       20.29907       28.70721       49.72235

 NSTEP =    11500   TIME(PS) =     163.000  TEMP(K) =   299.10  PRESS =     0.0
 Etot   =    -34067.0687  EKtot   =      9150.6211  EPtot      =    -43217.6898
 BOND   =       351.4114  ANGLE   =      1000.4497  DIHED      =      1365.6499
 1-4 NB =       469.1223  1-4 EEL =      6336.5137  VDWAALS    =      4484.8530
 EELEC  =    -57415.7184  EHBOND  =         0.0000  RESTRAINT  =       190.0285
 EAMBER (non-restraint)  =    -43407.7184
 ------------------------------------------------------------------------------

wrapping first mol.:       20.29907       28.70721       49.72235
wrapping first mol.:       20.29907       28.70721       49.72235

 NSTEP =    12000   TIME(PS) =     164.000  TEMP(K) =   297.12  PRESS =     0.0
 Etot   =    -34146.8075  EKtot   =      9090.1104  EPtot      =    -43236.9178
 BOND   =       355.9312  ANGLE   =      1046.4685  DIHED      =      1363.8027
 1-4 NB =       464.1980  1-4 EEL =      6306.0487  VDWAALS    =      4616.6551
 EELEC  =    -57573.3057  EHBOND  =         0.0000  RESTRAINT  =       183.2836
 EAMBER (non-restraint)  =    -43420.2014
 ------------------------------------------------------------------------------

wrapping first mol.:       20.29907       28.70721       49.72235
wrapping first mol.:       20.29907       28.70721       49.72235

 NSTEP =    12500   TIME(PS) =     165.000  TEMP(K) =   301.92  PRESS =     0.0
 Etot   =    -34081.3195  EKtot   =      9236.8828  EPtot      =    -43318.2023
 BOND   =       300.5401  ANGLE   =      1028.5078  DIHED      =      1373.3631
 1-4 NB =       477.1245  1-4 EEL =      6317.7119  VDWAALS    =      4727.3249
 EELEC  =    -57729.3370  EHBOND  =         0.0000  RESTRAINT  =       186.5623
 EAMBER (non-restraint)  =    -43504.7647
 ------------------------------------------------------------------------------

wrapping first mol.:       20.29907       28.70721       49.72235
wrapping first mol.:       20.29907       28.70721       49.72235

 NSTEP =    13000   TIME(PS) =     166.000  TEMP(K) =   301.76  PRESS =     0.0
 Etot   =    -33961.0026  EKtot   =      9232.1357  EPtot      =    -43193.1383
 BOND   =       325.7831  ANGLE   =      1039.9556  DIHED      =      1405.5357
 1-4 NB =       469.0792  1-4 EEL =      6296.5182  VDWAALS    =      4891.0137
 EELEC  =    -57824.8782  EHBOND  =         0.0000  RESTRAINT  =       203.8544
 EAMBER (non-restraint)  =    -43396.9927
 ------------------------------------------------------------------------------

wrapping first mol.:       20.29907       28.70721       49.72235
wrapping first mol.:       20.29907       28.70721       49.72235

 NSTEP =    13500   TIME(PS) =     167.000  TEMP(K) =   296.42  PRESS =     0.0
 Etot   =    -34210.2104  EKtot   =      9068.5488  EPtot      =    -43278.7593
 BOND   =       331.4835  ANGLE   =      1008.3424  DIHED      =      1368.1669
 1-4 NB =       478.8364  1-4 EEL =      6314.9256  VDWAALS    =      4557.7389
 EELEC  =    -57512.2939  EHBOND  =         0.0000  RESTRAINT  =       174.0409
 EAMBER (non-restraint)  =    -43452.8002
 ------------------------------------------------------------------------------

wrapping first mol.:       20.29907       28.70721       49.72235
wrapping first mol.:       20.29907       28.70721       49.72235

 NSTEP =    14000   TIME(PS) =     168.000  TEMP(K) =   302.41  PRESS =     0.0
 Etot   =    -34197.0773  EKtot   =      9251.7354  EPtot      =    -43448.8127
 BOND   =       339.4816  ANGLE   =      1040.2500  DIHED      =      1363.3290
 1-4 NB =       476.1452  1-4 EEL =      6312.8041  VDWAALS    =      4778.3049
 EELEC  =    -57963.9935  EHBOND  =         0.0000  RESTRAINT  =       204.8661
 EAMBER (non-restraint)  =    -43653.6787
 ------------------------------------------------------------------------------

wrapping first mol.:       20.29907       28.70721       49.72235
wrapping first mol.:       20.29907       28.70721       49.72235

 NSTEP =    14500   TIME(PS) =     169.000  TEMP(K) =   298.22  PRESS =     0.0
 Etot   =    -34268.8443  EKtot   =      9123.5459  EPtot      =    -43392.3902
 BOND   =       325.6414  ANGLE   =      1039.1471  DIHED      =      1353.2731
 1-4 NB =       463.4756  1-4 EEL =      6287.2959  VDWAALS    =      4606.5690
 EELEC  =    -57658.8722  EHBOND  =         0.0000  RESTRAINT  =       191.0798
 EAMBER (non-restraint)  =    -43583.4700
 ------------------------------------------------------------------------------

wrapping first mol.:       20.29907       28.70721       49.72235
wrapping first mol.:       20.29907       28.70721       49.72235

 NSTEP =    15000   TIME(PS) =     170.000  TEMP(K) =   302.75  PRESS =     0.0
 Etot   =    -34038.8781  EKtot   =      9262.3203  EPtot      =    -43301.1984
 BOND   =       307.1011  ANGLE   =      1093.4741  DIHED      =      1368.6282
 1-4 NB =       483.5213  1-4 EEL =      6310.3717  VDWAALS    =      4805.8493
 EELEC  =    -57872.3636  EHBOND  =         0.0000  RESTRAINT  =       202.2195
 EAMBER (non-restraint)  =    -43503.4179
 ------------------------------------------------------------------------------

wrapping first mol.:       20.29907       28.70721       49.72235
wrapping first mol.:       20.29907       28.70721       49.72235

 NSTEP =    15500   TIME(PS) =     171.000  TEMP(K) =   300.66  PRESS =     0.0
 Etot   =    -34074.7761  EKtot   =      9198.2031  EPtot      =    -43272.9792
 BOND   =       313.2877  ANGLE   =      1025.1787  DIHED      =      1384.2887
 1-4 NB =       477.2717  1-4 EEL =      6331.7758  VDWAALS    =      4741.0804
 EELEC  =    -57749.8972  EHBOND  =         0.0000  RESTRAINT  =       204.0350
 EAMBER (non-restraint)  =    -43477.0141
 ------------------------------------------------------------------------------

wrapping first mol.:       20.29907       28.70721       49.72235
wrapping first mol.:       20.29907       28.70721       49.72235

 NSTEP =    16000   TIME(PS) =     172.000  TEMP(K) =   297.86  PRESS =     0.0
 Etot   =    -34235.0957  EKtot   =      9112.5957  EPtot      =    -43347.6914
 BOND   =       314.9318  ANGLE   =       996.7458  DIHED      =      1369.8816
 1-4 NB =       466.9931  1-4 EEL =      6334.3741  VDWAALS    =      4566.0979
 EELEC  =    -57583.3172  EHBOND  =         0.0000  RESTRAINT  =       186.6014
 EAMBER (non-restraint)  =    -43534.2928
 ------------------------------------------------------------------------------

wrapping first mol.:       20.29907       28.70721       49.72235
wrapping first mol.:       20.29907       28.70721       49.72235

 NSTEP =    16500   TIME(PS) =     173.000  TEMP(K) =   299.45  PRESS =     0.0
 Etot   =    -34185.7325  EKtot   =      9161.3037  EPtot      =    -43347.0362
 BOND   =       320.6913  ANGLE   =      1063.4870  DIHED      =      1370.5019
 1-4 NB =       478.1743  1-4 EEL =      6338.3583  VDWAALS    =      4780.1496
 EELEC  =    -57895.0469  EHBOND  =         0.0000  RESTRAINT  =       196.6482
 EAMBER (non-restraint)  =    -43543.6844
 ------------------------------------------------------------------------------

wrapping first mol.:       20.29907       28.70721       49.72235
wrapping first mol.:       20.29907       28.70721       49.72235

 NSTEP =    17000   TIME(PS) =     174.000  TEMP(K) =   301.20  PRESS =     0.0
 Etot   =    -34045.8106  EKtot   =      9214.7344  EPtot      =    -43260.5449
 BOND   =       310.5108  ANGLE   =      1042.5403  DIHED      =      1373.0879
 1-4 NB =       470.9266  1-4 EEL =      6296.0209  VDWAALS    =      4827.2180
 EELEC  =    -57758.2621  EHBOND  =         0.0000  RESTRAINT  =       177.4126
 EAMBER (non-restraint)  =    -43437.9575
 ------------------------------------------------------------------------------

wrapping first mol.:       20.29907       28.70721       49.72235
wrapping first mol.:       20.29907       28.70721       49.72235

 NSTEP =    17500   TIME(PS) =     175.000  TEMP(K) =   303.89  PRESS =     0.0
 Etot   =    -34004.3747  EKtot   =      9297.1602  EPtot      =    -43301.5348
 BOND   =       328.5279  ANGLE   =      1026.7352  DIHED      =      1347.3064
 1-4 NB =       473.5075  1-4 EEL =      6307.5719  VDWAALS    =      4570.5031
 EELEC  =    -57544.8966  EHBOND  =         0.0000  RESTRAINT  =       189.2098
 EAMBER (non-restraint)  =    -43490.7446
 ------------------------------------------------------------------------------

wrapping first mol.:       20.29907       28.70721       49.72235
wrapping first mol.:       20.29907       28.70721       49.72235

 NSTEP =    18000   TIME(PS) =     176.000  TEMP(K) =   304.26  PRESS =     0.0
 Etot   =    -33955.1442  EKtot   =      9308.5850  EPtot      =    -43263.7292
 BOND   =       325.9415  ANGLE   =      1029.8375  DIHED      =      1372.1993
 1-4 NB =       480.3076  1-4 EEL =      6341.4040  VDWAALS    =      4700.9345
 EELEC  =    -57708.2229  EHBOND  =         0.0000  RESTRAINT  =       193.8693
 EAMBER (non-restraint)  =    -43457.5984
 ------------------------------------------------------------------------------

wrapping first mol.:       20.29907       28.70721       49.72235
wrapping first mol.:       20.29907       28.70721       49.72235

 NSTEP =    18500   TIME(PS) =     177.000  TEMP(K) =   304.00  PRESS =     0.0
 Etot   =    -34077.4959  EKtot   =      9300.3818  EPtot      =    -43377.8777
 BOND   =       337.4995  ANGLE   =      1053.3946  DIHED      =      1357.7298
 1-4 NB =       472.7556  1-4 EEL =      6306.4422  VDWAALS    =      4706.9132
 EELEC  =    -57796.6035  EHBOND  =         0.0000  RESTRAINT  =       183.9908
 EAMBER (non-restraint)  =    -43561.8685
 ------------------------------------------------------------------------------

wrapping first mol.:       20.29907       28.70721       49.72235
wrapping first mol.:       20.29907       28.70721       49.72235

 NSTEP =    19000   TIME(PS) =     178.000  TEMP(K) =   304.49  PRESS =     0.0
 Etot   =    -34078.4014  EKtot   =      9315.4932  EPtot      =    -43393.8946
 BOND   =       322.4474  ANGLE   =      1077.9745  DIHED      =      1357.1804
 1-4 NB =       474.2496  1-4 EEL =      6303.1483  VDWAALS    =      4791.0606
 EELEC  =    -57928.5126  EHBOND  =         0.0000  RESTRAINT  =       208.5572
 EAMBER (non-restraint)  =    -43602.4518
 ------------------------------------------------------------------------------

wrapping first mol.:       20.29907       28.70721       49.72235
wrapping first mol.:       20.29907       28.70721       49.72235

 NSTEP =    19500   TIME(PS) =     179.000  TEMP(K) =   300.82  PRESS =     0.0
 Etot   =    -33982.9185  EKtot   =      9203.3564  EPtot      =    -43186.2749
 BOND   =       315.7568  ANGLE   =      1044.7567  DIHED      =      1357.8008
 1-4 NB =       467.9519  1-4 EEL =      6323.4295  VDWAALS    =      4459.2656
 EELEC  =    -57342.2651  EHBOND  =         0.0000  RESTRAINT  =       187.0290
 EAMBER (non-restraint)  =    -43373.3039
 ------------------------------------------------------------------------------

wrapping first mol.:       20.29907       28.70721       49.72235
wrapping first mol.:       20.29907       28.70721       49.72235

 NSTEP =    20000   TIME(PS) =     180.000  TEMP(K) =   300.38  PRESS =     0.0
 Etot   =    -34148.8629  EKtot   =      9189.8594  EPtot      =    -43338.7222
 BOND   =       325.3638  ANGLE   =      1059.0822  DIHED      =      1360.9300
 1-4 NB =       472.5026  1-4 EEL =      6348.5891  VDWAALS    =      4631.6395
 EELEC  =    -57709.2620  EHBOND  =         0.0000  RESTRAINT  =       172.4325
 EAMBER (non-restraint)  =    -43511.1547
 ------------------------------------------------------------------------------

wrapping first mol.:       20.29907       28.70721       49.72235
wrapping first mol.:       20.29907       28.70721       49.72235

 NSTEP =    20500   TIME(PS) =     181.000  TEMP(K) =   302.85  PRESS =     0.0
 Etot   =    -34241.0904  EKtot   =      9265.4355  EPtot      =    -43506.5260
 BOND   =       338.5499  ANGLE   =      1062.7271  DIHED      =      1343.6509
 1-4 NB =       473.7382  1-4 EEL =      6313.8258  VDWAALS    =      4659.3985
 EELEC  =    -57889.5717  EHBOND  =         0.0000  RESTRAINT  =       191.1553
 EAMBER (non-restraint)  =    -43697.6812
 ------------------------------------------------------------------------------

wrapping first mol.:       20.29907       28.70721       49.72235
wrapping first mol.:       20.29907       28.70721       49.72235

 NSTEP =    21000   TIME(PS) =     182.000  TEMP(K) =   300.19  PRESS =     0.0
 Etot   =    -34259.4128  EKtot   =      9183.9658  EPtot      =    -43443.3786
 BOND   =       323.5235  ANGLE   =      1010.6152  DIHED      =      1342.7007
 1-4 NB =       473.7539  1-4 EEL =      6352.9681  VDWAALS    =      4748.9673
 EELEC  =    -57889.1116  EHBOND  =         0.0000  RESTRAINT  =       193.2044
 EAMBER (non-restraint)  =    -43636.5830
 ------------------------------------------------------------------------------

wrapping first mol.:       20.29907       28.70721       49.72235
wrapping first mol.:       20.29907       28.70721       49.72235

 NSTEP =    21500   TIME(PS) =     183.000  TEMP(K) =   300.27  PRESS =     0.0
 Etot   =    -34357.9279  EKtot   =      9186.4121  EPtot      =    -43544.3401
 BOND   =       323.0261  ANGLE   =      1007.5114  DIHED      =      1371.7095
 1-4 NB =       478.0607  1-4 EEL =      6343.6947  VDWAALS    =      4805.8302
 EELEC  =    -58066.3246  EHBOND  =         0.0000  RESTRAINT  =       192.1520
 EAMBER (non-restraint)  =    -43736.4921
 ------------------------------------------------------------------------------

wrapping first mol.:       20.29907       28.70721       49.72235
wrapping first mol.:       20.29907       28.70721       49.72235

 NSTEP =    22000   TIME(PS) =     184.000  TEMP(K) =   303.55  PRESS =     0.0
 Etot   =    -34104.2173  EKtot   =      9286.7734  EPtot      =    -43390.9907
 BOND   =       348.8998  ANGLE   =      1000.3639  DIHED      =      1354.6113
 1-4 NB =       481.2746  1-4 EEL =      6347.3201  VDWAALS    =      4660.0492
 EELEC  =    -57772.6123  EHBOND  =         0.0000  RESTRAINT  =       189.1026
 EAMBER (non-restraint)  =    -43580.0933
 ------------------------------------------------------------------------------

wrapping first mol.:       20.29907       28.70721       49.72235
wrapping first mol.:       20.29907       28.70721       49.72235

 NSTEP =    22500   TIME(PS) =     185.000  TEMP(K) =   302.63  PRESS =     0.0
 Etot   =    -34021.0632  EKtot   =      9258.5576  EPtot      =    -43279.6208
 BOND   =       315.0206  ANGLE   =      1026.1598  DIHED      =      1385.7365
 1-4 NB =       466.5827  1-4 EEL =      6346.9268  VDWAALS    =      4693.3257
 EELEC  =    -57708.2757  EHBOND  =         0.0000  RESTRAINT  =       194.9028
 EAMBER (non-restraint)  =    -43474.5236
 ------------------------------------------------------------------------------

wrapping first mol.:       20.29907       28.70721       49.72235
wrapping first mol.:       20.29907       28.70721       49.72235

 NSTEP =    23000   TIME(PS) =     186.000  TEMP(K) =   297.46  PRESS =     0.0
 Etot   =    -34234.4177  EKtot   =      9100.5537  EPtot      =    -43334.9714
 BOND   =       321.9746  ANGLE   =      1033.1155  DIHED      =      1351.0326
 1-4 NB =       460.9642  1-4 EEL =      6357.6510  VDWAALS    =      4666.4517
 EELEC  =    -57728.4148  EHBOND  =         0.0000  RESTRAINT  =       202.2538
 EAMBER (non-restraint)  =    -43537.2252
 ------------------------------------------------------------------------------

wrapping first mol.:       20.29907       28.70721       49.72235
wrapping first mol.:       20.29907       28.70721       49.72235

 NSTEP =    23500   TIME(PS) =     187.000  TEMP(K) =   302.82  PRESS =     0.0
 Etot   =    -34279.8603  EKtot   =      9264.5029  EPtot      =    -43544.3632
 BOND   =       311.6694  ANGLE   =      1039.0444  DIHED      =      1356.9239
 1-4 NB =       461.8924  1-4 EEL =      6342.7699  VDWAALS    =      4747.2846
 EELEC  =    -57992.2882  EHBOND  =         0.0000  RESTRAINT  =       188.3404
 EAMBER (non-restraint)  =    -43732.7036
 ------------------------------------------------------------------------------

wrapping first mol.:       20.29907       28.70721       49.72235
wrapping first mol.:       20.29907       28.70721       49.72235

 NSTEP =    24000   TIME(PS) =     188.000  TEMP(K) =   299.21  PRESS =     0.0
 Etot   =    -34008.2316  EKtot   =      9153.9766  EPtot      =    -43162.2082
 BOND   =       311.3936  ANGLE   =      1045.7130  DIHED      =      1381.7078
 1-4 NB =       461.7468  1-4 EEL =      6362.6623  VDWAALS    =      4900.7053
 EELEC  =    -57814.6812  EHBOND  =         0.0000  RESTRAINT  =       188.5442
 EAMBER (non-restraint)  =    -43350.7524
 ------------------------------------------------------------------------------

wrapping first mol.:       20.29907       28.70721       49.72235
wrapping first mol.:       20.29907       28.70721       49.72235

 NSTEP =    24500   TIME(PS) =     189.000  TEMP(K) =   298.19  PRESS =     0.0
 Etot   =    -34095.4314  EKtot   =      9122.6904  EPtot      =    -43218.1218
 BOND   =       315.9996  ANGLE   =      1025.7136  DIHED      =      1369.1031
 1-4 NB =       462.4543  1-4 EEL =      6353.9491  VDWAALS    =      4729.3100
 EELEC  =    -57667.4751  EHBOND  =         0.0000  RESTRAINT  =       192.8236
 EAMBER (non-restraint)  =    -43410.9454
 ------------------------------------------------------------------------------

wrapping first mol.:       20.29907       28.70721       49.72235
wrapping first mol.:       20.29907       28.70721       49.72235

 NSTEP =    25000   TIME(PS) =     190.000  TEMP(K) =   301.80  PRESS =     0.0
 Etot   =    -33991.4269  EKtot   =      9233.3115  EPtot      =    -43224.7384
 BOND   =       313.0533  ANGLE   =      1055.9888  DIHED      =      1344.2575
 1-4 NB =       467.0313  1-4 EEL =      6329.6267  VDWAALS    =      4608.8869
 EELEC  =    -57528.8411  EHBOND  =         0.0000  RESTRAINT  =       185.2582
 EAMBER (non-restraint)  =    -43409.9966
 ------------------------------------------------------------------------------

wrapping first mol.:       20.29907       28.70721       49.72235
wrapping first mol.:       20.29907       28.70721       49.72235

 NSTEP =    25500   TIME(PS) =     191.000  TEMP(K) =   298.77  PRESS =     0.0
 Etot   =    -33981.1003  EKtot   =      9140.6025  EPtot      =    -43121.7028
 BOND   =       324.1287  ANGLE   =      1022.6884  DIHED      =      1359.6562
 1-4 NB =       471.5108  1-4 EEL =      6347.1468  VDWAALS    =      4569.2614
 EELEC  =    -57414.8380  EHBOND  =         0.0000  RESTRAINT  =       198.7430
 EAMBER (non-restraint)  =    -43320.4458
 ------------------------------------------------------------------------------

wrapping first mol.:       20.29907       28.70721       49.72235
wrapping first mol.:       20.29907       28.70721       49.72235

 NSTEP =    26000   TIME(PS) =     192.000  TEMP(K) =   306.66  PRESS =     0.0
 Etot   =    -33940.8153  EKtot   =      9381.9561  EPtot      =    -43322.7714
 BOND   =       340.5046  ANGLE   =      1045.1387  DIHED      =      1357.5626
 1-4 NB =       474.5952  1-4 EEL =      6327.6377  VDWAALS    =      4622.2931
 EELEC  =    -57690.6647  EHBOND  =         0.0000  RESTRAINT  =       200.1614
 EAMBER (non-restraint)  =    -43522.9328
 ------------------------------------------------------------------------------

wrapping first mol.:       20.29907       28.70721       49.72235
wrapping first mol.:       20.29907       28.70721       49.72235

 NSTEP =    26500   TIME(PS) =     193.000  TEMP(K) =   299.02  PRESS =     0.0
 Etot   =    -34158.9206  EKtot   =      9148.2422  EPtot      =    -43307.1628
 BOND   =       337.5822  ANGLE   =      1025.9996  DIHED      =      1344.4186
 1-4 NB =       468.7602  1-4 EEL =      6307.3544  VDWAALS    =      4844.0104
 EELEC  =    -57836.5440  EHBOND  =         0.0000  RESTRAINT  =       201.2558
 EAMBER (non-restraint)  =    -43508.4186
 ------------------------------------------------------------------------------

wrapping first mol.:       20.29907       28.70721       49.72235
wrapping first mol.:       20.29907       28.70721       49.72235

 NSTEP =    27000   TIME(PS) =     194.000  TEMP(K) =   304.23  PRESS =     0.0
 Etot   =    -34083.4141  EKtot   =      9307.6250  EPtot      =    -43391.0391
 BOND   =       318.1269  ANGLE   =      1023.3209  DIHED      =      1344.3839
 1-4 NB =       454.8950  1-4 EEL =      6324.4416  VDWAALS    =      4622.0877
 EELEC  =    -57665.7213  EHBOND  =         0.0000  RESTRAINT  =       187.4263
 EAMBER (non-restraint)  =    -43578.4653
 ------------------------------------------------------------------------------

wrapping first mol.:       20.29907       28.70721       49.72235
wrapping first mol.:       20.29907       28.70721       49.72235

 NSTEP =    27500   TIME(PS) =     195.000  TEMP(K) =   300.82  PRESS =     0.0
 Etot   =    -34221.0015  EKtot   =      9203.3701  EPtot      =    -43424.3716
 BOND   =       328.0811  ANGLE   =       999.4475  DIHED      =      1378.9748
 1-4 NB =       476.3100  1-4 EEL =      6307.2616  VDWAALS    =      4518.3260
 EELEC  =    -57626.0478  EHBOND  =         0.0000  RESTRAINT  =       193.2752
 EAMBER (non-restraint)  =    -43617.6467
 ------------------------------------------------------------------------------

wrapping first mol.:       20.29907       28.70721       49.72235
wrapping first mol.:       20.29907       28.70721       49.72235

 NSTEP =    28000   TIME(PS) =     196.000  TEMP(K) =   302.89  PRESS =     0.0
 Etot   =    -33954.6553  EKtot   =      9266.6045  EPtot      =    -43221.2598
 BOND   =       340.7661  ANGLE   =      1023.0830  DIHED      =      1348.1327
 1-4 NB =       485.0945  1-4 EEL =      6379.8766  VDWAALS    =      4656.9506
 EELEC  =    -57653.7407  EHBOND  =         0.0000  RESTRAINT  =       198.5774
 EAMBER (non-restraint)  =    -43419.8372
 ------------------------------------------------------------------------------

wrapping first mol.:       20.29907       28.70721       49.72235
wrapping first mol.:       20.29907       28.70721       49.72235

 NSTEP =    28500   TIME(PS) =     197.000  TEMP(K) =   299.60  PRESS =     0.0
 Etot   =    -34263.6008  EKtot   =      9166.0127  EPtot      =    -43429.6135
 BOND   =       323.0586  ANGLE   =      1020.5066  DIHED      =      1347.6925
 1-4 NB =       467.7202  1-4 EEL =      6328.2056  VDWAALS    =      4829.9472
 EELEC  =    -57951.6193  EHBOND  =         0.0000  RESTRAINT  =       204.8751
 EAMBER (non-restraint)  =    -43634.4886
 ------------------------------------------------------------------------------

wrapping first mol.:       20.29907       28.70721       49.72235
wrapping first mol.:       20.29907       28.70721       49.72235

 NSTEP =    29000   TIME(PS) =     198.000  TEMP(K) =   299.64  PRESS =     0.0
 Etot   =    -34247.5089  EKtot   =      9167.1543  EPtot      =    -43414.6632
 BOND   =       336.3857  ANGLE   =      1039.3946  DIHED      =      1357.9167
 1-4 NB =       470.0410  1-4 EEL =      6316.0902  VDWAALS    =      4771.4010
 EELEC  =    -57895.6475  EHBOND  =         0.0000  RESTRAINT  =       189.7551
 EAMBER (non-restraint)  =    -43604.4183
 ------------------------------------------------------------------------------

wrapping first mol.:       20.29907       28.70721       49.72235
wrapping first mol.:       20.29907       28.70721       49.72235

 NSTEP =    29500   TIME(PS) =     199.000  TEMP(K) =   299.20  PRESS =     0.0
 Etot   =    -34569.3447  EKtot   =      9153.6279  EPtot      =    -43722.9726
 BOND   =       324.3369  ANGLE   =      1028.6353  DIHED      =      1352.1608
 1-4 NB =       469.8982  1-4 EEL =      6347.1171  VDWAALS    =      4796.8984
 EELEC  =    -58241.9499  EHBOND  =         0.0000  RESTRAINT  =       199.9308
 EAMBER (non-restraint)  =    -43922.9033
 ------------------------------------------------------------------------------

wrapping first mol.:       20.29907       28.70721       49.72235
wrapping first mol.:       20.29907       28.70721       49.72235

 NSTEP =    30000   TIME(PS) =     200.000  TEMP(K) =   300.95  PRESS =     0.0
 Etot   =    -34223.7630  EKtot   =      9207.3428  EPtot      =    -43431.1058
 BOND   =       340.8935  ANGLE   =      1056.5648  DIHED      =      1372.7127
 1-4 NB =       477.0759  1-4 EEL =      6339.8261  VDWAALS    =      4839.9267
 EELEC  =    -58036.8664  EHBOND  =         0.0000  RESTRAINT  =       178.7610
 EAMBER (non-restraint)  =    -43609.8668
 ------------------------------------------------------------------------------

wrapping first mol.:       20.29907       28.70721       49.72235
wrapping first mol.:       20.29907       28.70721       49.72235

 NSTEP =    30500   TIME(PS) =     201.000  TEMP(K) =   299.82  PRESS =     0.0
 Etot   =    -34149.7796  EKtot   =      9172.6270  EPtot      =    -43322.4066
 BOND   =       338.4380  ANGLE   =      1020.2596  DIHED      =      1350.2252
 1-4 NB =       471.1263  1-4 EEL =      6327.4875  VDWAALS    =      4774.3331
 EELEC  =    -57780.5032  EHBOND  =         0.0000  RESTRAINT  =       176.2268
 EAMBER (non-restraint)  =    -43498.6334
 ------------------------------------------------------------------------------

wrapping first mol.:       20.29907       28.70721       49.72235
wrapping first mol.:       20.29907       28.70721       49.72235

 NSTEP =    31000   TIME(PS) =     202.000  TEMP(K) =   299.84  PRESS =     0.0
 Etot   =    -34160.5823  EKtot   =      9173.3848  EPtot      =    -43333.9671
 BOND   =       327.8873  ANGLE   =      1070.7425  DIHED      =      1365.0364
 1-4 NB =       481.7649  1-4 EEL =      6289.7987  VDWAALS    =      4601.3580
 EELEC  =    -57660.8493  EHBOND  =         0.0000  RESTRAINT  =       190.2945
 EAMBER (non-restraint)  =    -43524.2616
 ------------------------------------------------------------------------------

wrapping first mol.:       20.29907       28.70721       49.72235
wrapping first mol.:       20.29907       28.70721       49.72235

 NSTEP =    31500   TIME(PS) =     203.000  TEMP(K) =   301.61  PRESS =     0.0
 Etot   =    -34178.1158  EKtot   =      9227.5107  EPtot      =    -43405.6266
 BOND   =       332.0915  ANGLE   =      1065.8497  DIHED      =      1365.4396
 1-4 NB =       477.8816  1-4 EEL =      6339.7432  VDWAALS    =      4718.3224
 EELEC  =    -57885.1931  EHBOND  =         0.0000  RESTRAINT  =       180.2386
 EAMBER (non-restraint)  =    -43585.8652
 ------------------------------------------------------------------------------

wrapping first mol.:       20.29907       28.70721       49.72235
wrapping first mol.:       20.29907       28.70721       49.72235

 NSTEP =    32000   TIME(PS) =     204.000  TEMP(K) =   301.00  PRESS =     0.0
 Etot   =    -34130.0797  EKtot   =      9208.6357  EPtot      =    -43338.7154
 BOND   =       317.2228  ANGLE   =      1021.5526  DIHED      =      1380.4501
 1-4 NB =       454.8938  1-4 EEL =      6324.4071  VDWAALS    =      4744.1648
 EELEC  =    -57769.7862  EHBOND  =         0.0000  RESTRAINT  =       188.3797
 EAMBER (non-restraint)  =    -43527.0951
 ------------------------------------------------------------------------------

wrapping first mol.:       20.29907       28.70721       49.72235
wrapping first mol.:       20.29907       28.70721       49.72235

 NSTEP =    32500   TIME(PS) =     205.000  TEMP(K) =   301.17  PRESS =     0.0
 Etot   =    -34130.6773  EKtot   =      9213.8037  EPtot      =    -43344.4810
 BOND   =       337.6374  ANGLE   =      1006.5003  DIHED      =      1363.3735
 1-4 NB =       466.2659  1-4 EEL =      6305.6763  VDWAALS    =      4836.8867
 EELEC  =    -57871.8206  EHBOND  =         0.0000  RESTRAINT  =       210.9994
 EAMBER (non-restraint)  =    -43555.4804
 ------------------------------------------------------------------------------

wrapping first mol.:       20.29907       28.70721       49.72235
wrapping first mol.:       20.29907       28.70721       49.72235

 NSTEP =    33000   TIME(PS) =     206.000  TEMP(K) =   298.47  PRESS =     0.0
 Etot   =    -34299.6692  EKtot   =      9131.4463  EPtot      =    -43431.1155
 BOND   =       293.0526  ANGLE   =      1026.0865  DIHED      =      1358.6165
 1-4 NB =       461.2489  1-4 EEL =      6327.1503  VDWAALS    =      4701.4424
 EELEC  =    -57796.5455  EHBOND  =         0.0000  RESTRAINT  =       197.8327
 EAMBER (non-restraint)  =    -43628.9482
 ------------------------------------------------------------------------------

wrapping first mol.:       20.29907       28.70721       49.72235
wrapping first mol.:       20.29907       28.70721       49.72235

 NSTEP =    33500   TIME(PS) =     207.000  TEMP(K) =   298.34  PRESS =     0.0
 Etot   =    -34406.3601  EKtot   =      9127.2881  EPtot      =    -43533.6482
 BOND   =       333.6937  ANGLE   =      1001.5511  DIHED      =      1345.4216
 1-4 NB =       480.8036  1-4 EEL =      6320.4052  VDWAALS    =      4798.3455
 EELEC  =    -58017.3966  EHBOND  =         0.0000  RESTRAINT  =       203.5276
 EAMBER (non-restraint)  =    -43737.1758
 ------------------------------------------------------------------------------

wrapping first mol.:       20.29907       28.70721       49.72235
wrapping first mol.:       20.29907       28.70721       49.72235

 NSTEP =    34000   TIME(PS) =     208.000  TEMP(K) =   303.93  PRESS =     0.0
 Etot   =    -34180.5670  EKtot   =      9298.4756  EPtot      =    -43479.0426
 BOND   =       324.1814  ANGLE   =      1019.2153  DIHED      =      1340.5650
 1-4 NB =       490.1606  1-4 EEL =      6322.3589  VDWAALS    =      4596.5982
 EELEC  =    -57758.0135  EHBOND  =         0.0000  RESTRAINT  =       185.8914
 EAMBER (non-restraint)  =    -43664.9340
 ------------------------------------------------------------------------------

wrapping first mol.:       20.29907       28.70721       49.72235
wrapping first mol.:       20.29907       28.70721       49.72235

 NSTEP =    34500   TIME(PS) =     209.000  TEMP(K) =   300.64  PRESS =     0.0
 Etot   =    -34327.2099  EKtot   =      9197.6602  EPtot      =    -43524.8701
 BOND   =       379.4850  ANGLE   =      1028.0119  DIHED      =      1358.4412
 1-4 NB =       476.1774  1-4 EEL =      6297.5341  VDWAALS    =      4873.3440
 EELEC  =    -58144.3675  EHBOND  =         0.0000  RESTRAINT  =       206.5038
 EAMBER (non-restraint)  =    -43731.3739
 ------------------------------------------------------------------------------

wrapping first mol.:       20.29907       28.70721       49.72235
wrapping first mol.:       20.29907       28.70721       49.72235

 NSTEP =    35000   TIME(PS) =     210.000  TEMP(K) =   297.32  PRESS =     0.0
 Etot   =    -34166.8230  EKtot   =      9096.3027  EPtot      =    -43263.1257
 BOND   =       355.8917  ANGLE   =      1062.9220  DIHED      =      1371.9778
 1-4 NB =       475.6251  1-4 EEL =      6320.4862  VDWAALS    =      4879.8884
 EELEC  =    -57915.8172  EHBOND  =         0.0000  RESTRAINT  =       185.9003
 EAMBER (non-restraint)  =    -43449.0260
 ------------------------------------------------------------------------------

wrapping first mol.:       20.29907       28.70721       49.72235
wrapping first mol.:       20.29907       28.70721       49.72235

 NSTEP =    35500   TIME(PS) =     211.000  TEMP(K) =   298.34  PRESS =     0.0
 Etot   =    -34126.7921  EKtot   =      9127.4541  EPtot      =    -43254.2462
 BOND   =       327.7530  ANGLE   =      1052.3792  DIHED      =      1381.3180
 1-4 NB =       477.0817  1-4 EEL =      6351.7283  VDWAALS    =      4701.8816
 EELEC  =    -57743.9841  EHBOND  =         0.0000  RESTRAINT  =       197.5961
 EAMBER (non-restraint)  =    -43451.8423
 ------------------------------------------------------------------------------

wrapping first mol.:       20.29907       28.70721       49.72235
wrapping first mol.:       20.29907       28.70721       49.72235

 NSTEP =    36000   TIME(PS) =     212.000  TEMP(K) =   303.77  PRESS =     0.0
 Etot   =    -34126.0134  EKtot   =      9293.4551  EPtot      =    -43419.4685
 BOND   =       333.4875  ANGLE   =      1041.1698  DIHED      =      1357.4312
 1-4 NB =       485.4930  1-4 EEL =      6298.5127  VDWAALS    =      4677.7474
 EELEC  =    -57815.9585  EHBOND  =         0.0000  RESTRAINT  =       202.6484
 EAMBER (non-restraint)  =    -43622.1168
 ------------------------------------------------------------------------------

wrapping first mol.:       20.29907       28.70721       49.72235
wrapping first mol.:       20.29907       28.70721       49.72235

 NSTEP =    36500   TIME(PS) =     213.000  TEMP(K) =   297.58  PRESS =     0.0
 Etot   =    -34204.9589  EKtot   =      9104.1572  EPtot      =    -43309.1161
 BOND   =       324.8371  ANGLE   =      1023.8448  DIHED      =      1354.6433
 1-4 NB =       487.6135  1-4 EEL =      6329.7620  VDWAALS    =      4634.6216
 EELEC  =    -57652.2873  EHBOND  =         0.0000  RESTRAINT  =       187.8490
 EAMBER (non-restraint)  =    -43496.9651
 ------------------------------------------------------------------------------

wrapping first mol.:       20.29907       28.70721       49.72235
wrapping first mol.:       20.29907       28.70721       49.72235

 NSTEP =    37000   TIME(PS) =     214.000  TEMP(K) =   298.32  PRESS =     0.0
 Etot   =    -34329.6081  EKtot   =      9126.8730  EPtot      =    -43456.4811
 BOND   =       323.3678  ANGLE   =      1044.1930  DIHED      =      1353.1130
 1-4 NB =       472.2747  1-4 EEL =      6284.8978  VDWAALS    =      4842.9916
 EELEC  =    -57979.2979  EHBOND  =         0.0000  RESTRAINT  =       201.9789
 EAMBER (non-restraint)  =    -43658.4601
 ------------------------------------------------------------------------------

wrapping first mol.:       20.29907       28.70721       49.72235
wrapping first mol.:       20.29907       28.70721       49.72235

 NSTEP =    37500   TIME(PS) =     215.000  TEMP(K) =   295.24  PRESS =     0.0
 Etot   =    -34411.4413  EKtot   =      9032.5879  EPtot      =    -43444.0292
 BOND   =       375.7179  ANGLE   =      1032.3431  DIHED      =      1360.2110
 1-4 NB =       463.3520  1-4 EEL =      6290.6097  VDWAALS    =      4791.7295
 EELEC  =    -57955.2928  EHBOND  =         0.0000  RESTRAINT  =       197.3003
 EAMBER (non-restraint)  =    -43641.3295
 ------------------------------------------------------------------------------

wrapping first mol.:       20.29907       28.70721       49.72235
wrapping first mol.:       20.29907       28.70721       49.72235

 NSTEP =    38000   TIME(PS) =     216.000  TEMP(K) =   303.97  PRESS =     0.0
 Etot   =    -34013.8729  EKtot   =      9299.6357  EPtot      =    -43313.5086
 BOND   =       361.6040  ANGLE   =      1015.0680  DIHED      =      1348.9152
 1-4 NB =       464.5256  1-4 EEL =      6323.3787  VDWAALS    =      4572.8369
 EELEC  =    -57587.1904  EHBOND  =         0.0000  RESTRAINT  =       187.3534
 EAMBER (non-restraint)  =    -43500.8620
 ------------------------------------------------------------------------------

wrapping first mol.:       20.29907       28.70721       49.72235
wrapping first mol.:       20.29907       28.70721       49.72235

 NSTEP =    38500   TIME(PS) =     217.000  TEMP(K) =   301.01  PRESS =     0.0
 Etot   =    -34246.4530  EKtot   =      9209.1523  EPtot      =    -43455.6054
 BOND   =       308.6674  ANGLE   =      1018.1036  DIHED      =      1338.0674
 1-4 NB =       473.1441  1-4 EEL =      6312.0696  VDWAALS    =      4635.3733
 EELEC  =    -57731.2807  EHBOND  =         0.0000  RESTRAINT  =       190.2499
 EAMBER (non-restraint)  =    -43645.8553
 ------------------------------------------------------------------------------

wrapping first mol.:       20.29907       28.70721       49.72235
wrapping first mol.:       20.29907       28.70721       49.72235

 NSTEP =    39000   TIME(PS) =     218.000  TEMP(K) =   302.79  PRESS =     0.0
 Etot   =    -34097.3791  EKtot   =      9263.5000  EPtot      =    -43360.8791
 BOND   =       337.7435  ANGLE   =      1040.1690  DIHED      =      1370.4843
 1-4 NB =       460.9838  1-4 EEL =      6294.0674  VDWAALS    =      4734.6808
 EELEC  =    -57787.5636  EHBOND  =         0.0000  RESTRAINT  =       188.5557
 EAMBER (non-restraint)  =    -43549.4348
 ------------------------------------------------------------------------------

wrapping first mol.:       20.29907       28.70721       49.72235
wrapping first mol.:       20.29907       28.70721       49.72235

 NSTEP =    39500   TIME(PS) =     219.000  TEMP(K) =   298.76  PRESS =     0.0
 Etot   =    -34255.8056  EKtot   =      9140.1299  EPtot      =    -43395.9355
 BOND   =       351.3062  ANGLE   =      1014.3143  DIHED      =      1381.5815
 1-4 NB =       476.7234  1-4 EEL =      6312.7364  VDWAALS    =      4698.2766
 EELEC  =    -57827.2727  EHBOND  =         0.0000  RESTRAINT  =       196.3989
 EAMBER (non-restraint)  =    -43592.3344
 ------------------------------------------------------------------------------

wrapping first mol.:       20.29907       28.70721       49.72235
wrapping first mol.:       20.29907       28.70721       49.72235

 NSTEP =    40000   TIME(PS) =     220.000  TEMP(K) =   299.00  PRESS =     0.0
 Etot   =    -34439.6073  EKtot   =      9147.6309  EPtot      =    -43587.2382
 BOND   =       316.2935  ANGLE   =       998.1678  DIHED      =      1359.8540
 1-4 NB =       478.2505  1-4 EEL =      6311.7167  VDWAALS    =      4929.8143
 EELEC  =    -58163.8758  EHBOND  =         0.0000  RESTRAINT  =       182.5407
 EAMBER (non-restraint)  =    -43769.7789
 ------------------------------------------------------------------------------

wrapping first mol.:       20.29907       28.70721       49.72235
wrapping first mol.:       20.29907       28.70721       49.72235

 NSTEP =    40500   TIME(PS) =     221.000  TEMP(K) =   300.13  PRESS =     0.0
 Etot   =    -34241.5425  EKtot   =      9182.2510  EPtot      =    -43423.7935
 BOND   =       285.0174  ANGLE   =      1067.7584  DIHED      =      1354.7115
 1-4 NB =       482.8513  1-4 EEL =      6347.1474  VDWAALS    =      4785.3885
 EELEC  =    -57938.3046  EHBOND  =         0.0000  RESTRAINT  =       191.6365
 EAMBER (non-restraint)  =    -43615.4300
 ------------------------------------------------------------------------------

wrapping first mol.:       20.29907       28.70721       49.72235
wrapping first mol.:       20.29907       28.70721       49.72235

 NSTEP =    41000   TIME(PS) =     222.000  TEMP(K) =   298.84  PRESS =     0.0
 Etot   =    -34432.5040  EKtot   =      9142.7178  EPtot      =    -43575.2217
 BOND   =       319.2926  ANGLE   =      1037.5081  DIHED      =      1355.8854
 1-4 NB =       486.5877  1-4 EEL =      6306.4403  VDWAALS    =      4889.4515
 EELEC  =    -58152.1729  EHBOND  =         0.0000  RESTRAINT  =       181.7857
 EAMBER (non-restraint)  =    -43757.0074
 ------------------------------------------------------------------------------

wrapping first mol.:       20.29907       28.70721       49.72235
wrapping first mol.:       20.29907       28.70721       49.72235

 NSTEP =    41500   TIME(PS) =     223.000  TEMP(K) =   302.13  PRESS =     0.0
 Etot   =    -34257.3092  EKtot   =      9243.1934  EPtot      =    -43500.5026
 BOND   =       305.0722  ANGLE   =      1046.5726  DIHED      =      1350.5270
 1-4 NB =       476.3800  1-4 EEL =      6335.9986  VDWAALS    =      4791.9251
 EELEC  =    -58020.0519  EHBOND  =         0.0000  RESTRAINT  =       213.0739
 EAMBER (non-restraint)  =    -43713.5765
 ------------------------------------------------------------------------------

wrapping first mol.:       20.29907       28.70721       49.72235
wrapping first mol.:       20.29907       28.70721       49.72235

 NSTEP =    42000   TIME(PS) =     224.000  TEMP(K) =   300.00  PRESS =     0.0
 Etot   =    -34351.2915  EKtot   =      9178.0146  EPtot      =    -43529.3062
 BOND   =       328.3149  ANGLE   =       997.6404  DIHED      =      1363.7166
 1-4 NB =       461.9305  1-4 EEL =      6316.5601  VDWAALS    =      4785.0795
 EELEC  =    -57977.8823  EHBOND  =         0.0000  RESTRAINT  =       195.3340
 EAMBER (non-restraint)  =    -43724.6402
 ------------------------------------------------------------------------------

wrapping first mol.:       20.29907       28.70721       49.72235
wrapping first mol.:       20.29907       28.70721       49.72235

 NSTEP =    42500   TIME(PS) =     225.000  TEMP(K) =   303.42  PRESS =     0.0
 Etot   =    -34001.4297  EKtot   =      9282.8604  EPtot      =    -43284.2901
 BOND   =       291.9912  ANGLE   =      1052.6126  DIHED      =      1360.2148
 1-4 NB =       473.1018  1-4 EEL =      6319.0186  VDWAALS    =      4648.9601
 EELEC  =    -57622.5398  EHBOND  =         0.0000  RESTRAINT  =       192.3507
 EAMBER (non-restraint)  =    -43476.6408
 ------------------------------------------------------------------------------

wrapping first mol.:       20.29907       28.70721       49.72235
wrapping first mol.:       20.29907       28.70721       49.72235

 NSTEP =    43000   TIME(PS) =     226.000  TEMP(K) =   302.19  PRESS =     0.0
 Etot   =    -34153.4860  EKtot   =      9245.0039  EPtot      =    -43398.4899
 BOND   =       320.2297  ANGLE   =      1043.3843  DIHED      =      1367.3184
 1-4 NB =       475.2745  1-4 EEL =      6309.8328  VDWAALS    =      4749.1427
 EELEC  =    -57868.7724  EHBOND  =         0.0000  RESTRAINT  =       205.1001
 EAMBER (non-restraint)  =    -43603.5900
 ------------------------------------------------------------------------------

wrapping first mol.:       20.29907       28.70721       49.72235
wrapping first mol.:       20.29907       28.70721       49.72235

 NSTEP =    43500   TIME(PS) =     227.000  TEMP(K) =   299.07  PRESS =     0.0
 Etot   =    -34215.5171  EKtot   =      9149.8037  EPtot      =    -43365.3209
 BOND   =       340.3047  ANGLE   =      1025.2022  DIHED      =      1358.7400
 1-4 NB =       484.8708  1-4 EEL =      6290.9404  VDWAALS    =      4806.7337
 EELEC  =    -57867.9798  EHBOND  =         0.0000  RESTRAINT  =       195.8671
 EAMBER (non-restraint)  =    -43561.1879
 ------------------------------------------------------------------------------

wrapping first mol.:       20.29907       28.70721       49.72235
wrapping first mol.:       20.29907       28.70721       49.72235

 NSTEP =    44000   TIME(PS) =     228.000  TEMP(K) =   298.95  PRESS =     0.0
 Etot   =    -34292.3122  EKtot   =      9145.9600  EPtot      =    -43438.2722
 BOND   =       296.2642  ANGLE   =      1054.3567  DIHED      =      1373.3221
 1-4 NB =       467.8637  1-4 EEL =      6319.0163  VDWAALS    =      4558.6139
 EELEC  =    -57687.1985  EHBOND  =         0.0000  RESTRAINT  =       179.4895
 EAMBER (non-restraint)  =    -43617.7617
 ------------------------------------------------------------------------------

wrapping first mol.:       20.29907       28.70721       49.72235
wrapping first mol.:       20.29907       28.70721       49.72235

 NSTEP =    44500   TIME(PS) =     229.000  TEMP(K) =   305.38  PRESS =     0.0
 Etot   =    -34155.3919  EKtot   =      9342.6533  EPtot      =    -43498.0452
 BOND   =       327.8280  ANGLE   =      1014.1231  DIHED      =      1364.6764
 1-4 NB =       473.2452  1-4 EEL =      6334.1353  VDWAALS    =      4729.0212
 EELEC  =    -57943.8157  EHBOND  =         0.0000  RESTRAINT  =       202.7414
 EAMBER (non-restraint)  =    -43700.7866
 ------------------------------------------------------------------------------

wrapping first mol.:       20.29907       28.70721       49.72235
wrapping first mol.:       20.29907       28.70721       49.72235

 NSTEP =    45000   TIME(PS) =     230.000  TEMP(K) =   302.30  PRESS =     0.0
 Etot   =    -34275.9464  EKtot   =      9248.4404  EPtot      =    -43524.3868
 BOND   =       301.3911  ANGLE   =      1006.8216  DIHED      =      1368.9393
 1-4 NB =       477.0245  1-4 EEL =      6317.6972  VDWAALS    =      4821.5535
 EELEC  =    -58000.2845  EHBOND  =         0.0000  RESTRAINT  =       182.4705
 EAMBER (non-restraint)  =    -43706.8573
 ------------------------------------------------------------------------------

wrapping first mol.:       20.29907       28.70721       49.72235
wrapping first mol.:       20.29907       28.70721       49.72235

 NSTEP =    45500   TIME(PS) =     231.000  TEMP(K) =   296.76  PRESS =     0.0
 Etot   =    -34271.0633  EKtot   =      9079.0332  EPtot      =    -43350.0965
 BOND   =       324.9110  ANGLE   =      1023.0726  DIHED      =      1359.3514
 1-4 NB =       473.3785  1-4 EEL =      6299.3834  VDWAALS    =      4734.2842
 EELEC  =    -57766.5601  EHBOND  =         0.0000  RESTRAINT  =       202.0825
 EAMBER (non-restraint)  =    -43552.1789
 ------------------------------------------------------------------------------

wrapping first mol.:       20.29907       28.70721       49.72235
wrapping first mol.:       20.29907       28.70721       49.72235

 NSTEP =    46000   TIME(PS) =     232.000  TEMP(K) =   298.83  PRESS =     0.0
 Etot   =    -34449.9403  EKtot   =      9142.2490  EPtot      =    -43592.1893
 BOND   =       328.3903  ANGLE   =      1048.3990  DIHED      =      1369.8711
 1-4 NB =       461.9898  1-4 EEL =      6317.5806  VDWAALS    =      4811.8014
 EELEC  =    -58116.8350  EHBOND  =         0.0000  RESTRAINT  =       186.6135
 EAMBER (non-restraint)  =    -43778.8028
 ------------------------------------------------------------------------------

wrapping first mol.:       20.29907       28.70721       49.72235
wrapping first mol.:       20.29907       28.70721       49.72235

 NSTEP =    46500   TIME(PS) =     233.000  TEMP(K) =   296.87  PRESS =     0.0
 Etot   =    -34349.0352  EKtot   =      9082.4004  EPtot      =    -43431.4356
 BOND   =       299.4941  ANGLE   =       992.3578  DIHED      =      1361.7262
 1-4 NB =       479.1922  1-4 EEL =      6322.7367  VDWAALS    =      4737.9076
 EELEC  =    -57820.8567  EHBOND  =         0.0000  RESTRAINT  =       196.0066
 EAMBER (non-restraint)  =    -43627.4421
 ------------------------------------------------------------------------------

wrapping first mol.:       20.29907       28.70721       49.72235
wrapping first mol.:       20.29907       28.70721       49.72235

 NSTEP =    47000   TIME(PS) =     234.000  TEMP(K) =   300.10  PRESS =     0.0
 Etot   =    -34428.8543  EKtot   =      9181.0605  EPtot      =    -43609.9148
 BOND   =       328.6994  ANGLE   =      1012.3211  DIHED      =      1356.3260
 1-4 NB =       473.7461  1-4 EEL =      6300.1886  VDWAALS    =      4720.8099
 EELEC  =    -58001.3770  EHBOND  =         0.0000  RESTRAINT  =       199.3712
 EAMBER (non-restraint)  =    -43809.2860
 ------------------------------------------------------------------------------

wrapping first mol.:       20.29907       28.70721       49.72235
wrapping first mol.:       20.29907       28.70721       49.72235

 NSTEP =    47500   TIME(PS) =     235.000  TEMP(K) =   299.02  PRESS =     0.0
 Etot   =    -34195.9642  EKtot   =      9148.1514  EPtot      =    -43344.1155
 BOND   =       329.5726  ANGLE   =      1028.2347  DIHED      =      1382.3020
 1-4 NB =       489.1387  1-4 EEL =      6317.8385  VDWAALS    =      4702.9576
 EELEC  =    -57793.9136  EHBOND  =         0.0000  RESTRAINT  =       199.7540
 EAMBER (non-restraint)  =    -43543.8696
 ------------------------------------------------------------------------------

wrapping first mol.:       20.29907       28.70721       49.72235
wrapping first mol.:       20.29907       28.70721       49.72235

 NSTEP =    48000   TIME(PS) =     236.000  TEMP(K) =   304.65  PRESS =     0.0
 Etot   =    -34288.3328  EKtot   =      9320.4268  EPtot      =    -43608.7595
 BOND   =       351.8322  ANGLE   =      1035.8023  DIHED      =      1367.4818
 1-4 NB =       473.3308  1-4 EEL =      6311.1111  VDWAALS    =      4892.2905
 EELEC  =    -58224.4455  EHBOND  =         0.0000  RESTRAINT  =       183.8373
 EAMBER (non-restraint)  =    -43792.5969
 ------------------------------------------------------------------------------

wrapping first mol.:       20.29907       28.70721       49.72235
wrapping first mol.:       20.29907       28.70721       49.72235

 NSTEP =    48500   TIME(PS) =     237.000  TEMP(K) =   301.94  PRESS =     0.0
 Etot   =    -34365.4871  EKtot   =      9237.5059  EPtot      =    -43602.9930
 BOND   =       349.2672  ANGLE   =      1022.4637  DIHED      =      1367.0985
 1-4 NB =       473.2199  1-4 EEL =      6319.7535  VDWAALS    =      4828.7652
 EELEC  =    -58162.9746  EHBOND  =         0.0000  RESTRAINT  =       199.4135
 EAMBER (non-restraint)  =    -43802.4065
 ------------------------------------------------------------------------------

wrapping first mol.:       20.29907       28.70721       49.72235
wrapping first mol.:       20.29907       28.70721       49.72235

 NSTEP =    49000   TIME(PS) =     238.000  TEMP(K) =   299.91  PRESS =     0.0
 Etot   =    -34378.3318  EKtot   =      9175.3047  EPtot      =    -43553.6365
 BOND   =       322.0383  ANGLE   =      1017.3183  DIHED      =      1350.5757
 1-4 NB =       462.3660  1-4 EEL =      6305.5516  VDWAALS    =      4534.6480
 EELEC  =    -57737.7677  EHBOND  =         0.0000  RESTRAINT  =       191.6332
 EAMBER (non-restraint)  =    -43745.2697
 ------------------------------------------------------------------------------

wrapping first mol.:       20.29907       28.70721       49.72235
wrapping first mol.:       20.29907       28.70721       49.72235

 NSTEP =    49500   TIME(PS) =     239.000  TEMP(K) =   302.75  PRESS =     0.0
 Etot   =    -34132.9589  EKtot   =      9262.1504  EPtot      =    -43395.1093
 BOND   =       345.6265  ANGLE   =       997.6408  DIHED      =      1368.0846
 1-4 NB =       467.6248  1-4 EEL =      6327.5915  VDWAALS    =      4849.4119
 EELEC  =    -57945.2984  EHBOND  =         0.0000  RESTRAINT  =       194.2090
 EAMBER (non-restraint)  =    -43589.3183
 ------------------------------------------------------------------------------

wrapping first mol.:       20.29907       28.70721       49.72235
wrapping first mol.:       20.29907       28.70721       49.72235

 NSTEP =    50000   TIME(PS) =     240.000  TEMP(K) =   295.20  PRESS =     0.0
 Etot   =    -34243.4453  EKtot   =      9031.4023  EPtot      =    -43274.8477
 BOND   =       341.9367  ANGLE   =      1018.6681  DIHED      =      1367.9381
 1-4 NB =       459.1486  1-4 EEL =      6307.5799  VDWAALS    =      4521.3853
 EELEC  =    -57477.6490  EHBOND  =         0.0000  RESTRAINT  =       186.1446
 EAMBER (non-restraint)  =    -43460.9923
 ------------------------------------------------------------------------------


      A V E R A G E S   O V E R     100 S T E P S


 NSTEP =    50000   TIME(PS) =     240.000  TEMP(K) =   300.41  PRESS =     0.0
 Etot   =    -34158.2632  EKtot   =      9190.5752  EPtot      =    -43348.8384
 BOND   =       327.6780  ANGLE   =      1030.5357  DIHED      =      1361.8663
 1-4 NB =       472.5470  1-4 EEL =      6323.7021  VDWAALS    =      4707.7202
 EELEC  =    -57766.1527  EHBOND  =         0.0000  RESTRAINT  =       193.2649
 EAMBER (non-restraint)  =    -43542.1033
 ------------------------------------------------------------------------------


      R M S  F L U C T U A T I O N S


 NSTEP =    50000   TIME(PS) =     240.000  TEMP(K) =     2.43  PRESS =     0.0
 Etot   =       146.3151  EKtot   =        74.3311  EPtot      =       136.3271
 BOND   =        16.3401  ANGLE   =        21.4637  DIHED      =        11.9366
 1-4 NB =         8.2288  1-4 EEL =        19.5692  VDWAALS    =       117.0828
 EELEC  =       210.2669  EHBOND  =         0.0000  RESTRAINT  =         8.8940
 EAMBER (non-restraint)  =       127.4330
 ------------------------------------------------------------------------------

--------------------------------------------------------------------------------
   5.  TIMINGS
--------------------------------------------------------------------------------

|  NonSetup CPU Time in Major Routines:
|
|     Routine           Sec        %
|     ------------------------------
|     Nonbond          12.75   34.90
|     Bond              0.00    0.00
|     Angle             0.00    0.00
|     Dihedral          0.00    0.00
|     Shake             0.78    2.12
|     RunMD            22.93   62.74
|     Other             0.09    0.24
|     ------------------------------
|     Total            36.54

|  PME Nonbond Pairlist CPU Time:
|
|     Routine              Sec        %
|     ---------------------------------
|     Set Up Cit           0.00    0.00
|     Build List           0.00    0.00
|     ---------------------------------
|     Total                0.00    0.00

|  PME Direct Force CPU Time:
|
|     Routine              Sec        %
|     ---------------------------------
|     NonBonded Calc       0.00    0.00
|     Exclude Masked       0.00    0.00
|     Other                0.04    0.10
|     ---------------------------------
|     Total                0.04    0.10

|  PME Reciprocal Force CPU Time:
|
|     Routine              Sec        %
|     ---------------------------------
|     1D bspline           0.00    0.00
|     Grid Charges         0.00    0.00
|     Scalar Sum           0.00    0.00
|     Gradient Sum         0.00    0.00
|     FFT                  0.00    0.00
|     ---------------------------------
|     Total                0.00    0.00

|  Final Performance Info:
|     -----------------------------------------------------
|     Average timings for last   49500 steps:
|     Elapsed(s) =      36.14 Per Step(ms) =       0.73
|         ns/day =     236.70   seconds/ns =     365.02
|
|     Average timings for all steps:
|     Elapsed(s) =      36.54 Per Step(ms) =       0.73
|         ns/day =     236.44   seconds/ns =     365.42
|     -----------------------------------------------------

|  Setup CPU time:            3.08 seconds
|  NonSetup CPU time:        36.54 seconds
|  Total CPU time:           39.62 seconds     0.01 hours

|  Setup wall time:           3    seconds
|  NonSetup wall time:       37    seconds
|  Total wall time:          40    seconds     0.01 hours
