
          -------------------------------------------------------
          Amber 16 PMEMD                              2016
          -------------------------------------------------------

| PMEMD implementation of SANDER, Release 16

| Run on 11/17/2017 at 08:23:22

|   Executable path: /apps/amber16/bin/pmemd.cuda
| Working directory: /home/pbarletta
|          Hostname: mordor

  [-O]verwriting output

File Assignments:
|   MDIN: /scratch/pbarletta/cph_obp/run/ctv/mhe/e/20equ.in                     
|  MDOUT: /scratch/pbarletta/cph_obp/run/ctv/mhe/e/20equ.out                    
| INPCRD: /scratch/pbarletta/cph_obp/run/ctv/mhe/e/19ectv.rst7                  
|   PARM: /scratch/pbarletta/cph_obp/top_files/ctv.prmtop                       
| RESTRT: /scratch/pbarletta/cph_obp/run/ctv/mhe/e/20ectv.rst7                  
|   REFC: /scratch/pbarletta/cph_obp/run/ctv/mhe/e/19ectv.rst7                  
|  MDVEL: mdvel                                                                 
|   MDEN: mden                                                                  
|  MDCRD: /scratch/pbarletta/cph_obp/run/ctv/mhe/e/20ectv.nc                    
| MDINFO: mdinfo                                                                
|  MDFRC: mdfrc                                                                 


 Here is the input file:

Equilibration with solute restrictions                                         
&cntrl                                                                         
imin = 0,                           ! No Minimization                          
nmropt = 0,                         ! No NMR restraints read                   
                                                                               
! Nature and format of the input                                               
ntx = 5,                            ! Coordinates but no velocities will be rea
irest = 1,                          ! Do not run a new simulation              
                                                                               
! Nature and format of the output                                              
ntxo = 1,                           ! rstrt file in ASCII format               
ntpr = 500,                         ! inf in output every ntpr steps           
ntwr = 500,                         ! rstrt file every ntwr steps              
ntwx = 500,                         ! mdcrd file every ntwx steps              
ntwv = 0,                           ! mdvel without velocities                 
ntwe = 0,                           ! Energies and temperatures not written in 
idecomp = 0,                        ! No energy decomposition                  
iwrap = 1,                          ! Coordinates of the restart and mdcrd file
                                                                               
! Frozen or restrained atoms                                                   
ibelly = 0,                         ! No frozen atoms                          
ntr=1,                              ! Harmonic potential restraints            
restraint_wt = 0.4,                ! The weight for the positional restraints  
restraintmask = ':1-120@N,CA,C,O',  ! restrained residues                      
                                                                               
! Molecular dynamics                                                           
nstlim = 50000,                     ! Number of MD-steps                       
dt = 0.002,                         ! Time step                                
                                                                               
! Temperature regulation                                                       
ntt = 3,                            ! Langevin thermostat                      
gamma_ln = 5,                       ! Gamma constant for Langevin              
temp0 = 300.0,                      ! Reference T at which the system is to be 
tempi = 300.0,                      ! Initial T                                
ig = -1,                            ! Seed for the RNG                         
                                                                               
! P and V regulation                                                           
ntp = 0,                            ! No pressure control                      
ntb = 1,                            ! Periodic box for constant V              
                                                                               
! SHAKE variables                                                              
ntc = 2,                            ! Bonds involving H are constrained        
ntf = 2,                            ! Bond interaction involving H are ommited.
                                                                               
cut = 10.0,                         ! Nonbonded cutoff                         
                                                                               
/                                                                              
&end                                                                           


Note: ig = -1. Setting random seed to   583114 based on wallclock time in 
      microseconds.
| irandom = 1, using AMBER's internal random number generator (default).
 
|--------------------- INFORMATION ----------------------
| GPU (CUDA) Version of PMEMD in use: NVIDIA GPU IN USE.
|                    Version 16.0.0
| 
|                      02/25/2016
| 
| Implementation by:
|                    Ross C. Walker     (SDSC)
|                    Scott Le Grand     (nVIDIA)
| 
| Precision model in use:
|      [SPFP] - Single Precision Forces, 64-bit Fixed Point
|               Accumulation. (Default)
| 
|--------------------------------------------------------
 
|----------------- CITATION INFORMATION -----------------
|
|    When publishing work that utilized the CUDA version
|    of AMBER, please cite the following in addition to
|    the regular AMBER citations:
|
|  - Romelia Salomon-Ferrer; Andreas W. Goetz; Duncan
|    Poole; Scott Le Grand; Ross C. Walker "Routine
|    microsecond molecular dynamics simulations with
|    AMBER - Part II: Particle Mesh Ewald", J. Chem.
|    Theory Comput., 2013, 9 (9), pp3878-3888,
|    DOI: 10.1021/ct400314y.
|
|  - Andreas W. Goetz; Mark J. Williamson; Dong Xu;
|    Duncan Poole; Scott Le Grand; Ross C. Walker
|    "Routine microsecond molecular dynamics simulations
|    with AMBER - Part I: Generalized Born", J. Chem.
|    Theory Comput., 2012, 8 (5), pp1542-1555.
|
|  - Scott Le Grand; Andreas W. Goetz; Ross C. Walker
|    "SPFP: Speed without compromise - a mixed precision
|    model for GPU accelerated molecular dynamics
|    simulations.", Comp. Phys. Comm., 2013, 184
|    pp374-380, DOI: 10.1016/j.cpc.2012.09.022
|
|--------------------------------------------------------
 
|------------------- GPU DEVICE INFO --------------------
|
|            CUDA_VISIBLE_DEVICES: 1
|   CUDA Capable Devices Detected:      1
|           CUDA Device ID in use:      0
|                CUDA Device Name: GeForce GTX 1080 Ti
|     CUDA Device Global Mem Size:  11172 MB
| CUDA Device Num Multiprocessors:     28
|           CUDA Device Core Freq:   1.58 GHz
|
|--------------------------------------------------------
 
 
| Conditional Compilation Defines Used:
| PUBFFT
| BINTRAJ
| CUDA
| EMIL

| Largest sphere to fit in unit cell has radius =    24.861

| New format PARM file being parsed.
| Version =    1.000 Date = 11/14/17 Time = 21:26:59

| Note: 1-4 EEL scale factors are being read from the topology file.

| Note: 1-4 VDW scale factors are being read from the topology file.
| Duplicated    0 dihedrals

| Duplicated    0 dihedrals

--------------------------------------------------------------------------------
   1.  RESOURCE   USE: 
--------------------------------------------------------------------------------

 getting new box info from bottom of inpcrd
 NATOM  =   14918 NTYPES =      18 NBONH =   13963 MBONA  =     961
 NTHETH =    2368 MTHETA =    1289 NPHIH =    4522 MPHIA  =    3259
 NHPARM =       0 NPARM  =       0 NNB   =   28275 NRES   =    4423
 NBONA  =     961 NTHETA =    1289 NPHIA =    3259 NUMBND =      48
 NUMANG =     101 NPTRA  =      41 NATYP =      33 NPHB   =       1
 IFBOX  =       2 NMXRS  =      26 IFCAP =       0 NEXTRA =       0
 NCOPY  =       0

| Coordinate Index Table dimensions:     9    9    9
| Direct force subcell size =     6.7664    6.7664    6.7664

     BOX TYPE: TRUNCATED OCTAHEDRON

--------------------------------------------------------------------------------
   2.  CONTROL  DATA  FOR  THE  RUN
--------------------------------------------------------------------------------

default_name                                                                    

General flags:
     imin    =       0, nmropt  =       0

Nature and format of input:
     ntx     =       5, irest   =       1, ntrx    =       1

Nature and format of output:
     ntxo    =       1, ntpr    =     500, ntrx    =       1, ntwr    =     500
     iwrap   =       1, ntwx    =     500, ntwv    =       0, ntwe    =       0
     ioutfm  =       1, ntwprt  =       0, idecomp =       0, rbornstat=      0

Potential function:
     ntf     =       2, ntb     =       1, igb     =       0, nsnb    =      25
     ipol    =       0, gbsa    =       0, iesp    =       0
     dielc   =   1.00000, cut     =  10.00000, intdiel =   1.00000

Frozen or restrained atoms:
     ibelly  =       0, ntr     =       1
     restraint_wt =   0.40000

Molecular dynamics:
     nstlim  =     50000, nscm    =         0, nrespa  =         1
     t       =   0.00000, dt      =   0.00200, vlimit  =  -1.00000

Langevin dynamics temperature regulation:
     ig      =  583114
     temp0   = 300.00000, tempi   = 300.00000, gamma_ln=   5.00000

SHAKE:
     ntc     =       2, jfastw  =       0
     tol     =   0.00001

| Intermolecular bonds treatment:
|     no_intermolecular_bonds =       1

| Energy averages sample interval:
|     ene_avg_sampling =     500

Ewald parameters:
     verbose =       0, ew_type =       0, nbflag  =       1, use_pme =       1
     vdwmeth =       1, eedmeth =       1, netfrc  =       1
     Box X =   60.897   Box Y =   60.897   Box Z =   60.897
     Alpha =  109.471   Beta  =  109.471   Gamma =  109.471
     NFFT1 =   64       NFFT2 =   64       NFFT3 =   64
     Cutoff=   10.000   Tol   =0.100E-04
     Ewald Coefficient =  0.27511
     Interpolation order =    4

    LOADING THE CONSTRAINED ATOMS AS GROUPS


   5.  REFERENCE ATOM COORDINATES

  default_name                                                                    
     Mask :1-120@N,CA,C,O; matches   476 atoms

--------------------------------------------------------------------------------
   3.  ATOMIC COORDINATES AND VELOCITIES
--------------------------------------------------------------------------------

default_name                                                                    
 begin time read from input coords =  2040.000 ps

 
 Number of triangulated 3-point waters found:     4302

     Sum of charges from parm topology file =   0.00000094
     Forcing neutrality...

| Dynamic Memory, Types Used:
| Reals              578204
| Integers           551472

| Nonbonded Pairs Initial Allocation:     4512322

| GPU memory information (estimate):
| KB of GPU memory in use:    141360
| KB of CPU memory in use:     29328

--------------------------------------------------------------------------------
   4.  RESULTS
--------------------------------------------------------------------------------

 ---------------------------------------------------
 APPROXIMATING switch and d/dx switch using CUBIC SPLINE INTERPOLATION
 using   5000.0 points per unit in tabled values
 TESTING RELATIVE ERROR over r ranging from 0.0 to cutoff
| CHECK switch(x): max rel err =   0.2738E-14   at   2.422500
| CHECK d/dx switch(x): max rel err =   0.8314E-11   at   2.736960
 ---------------------------------------------------
|---------------------------------------------------
| APPROXIMATING direct energy using CUBIC SPLINE INTERPOLATION
|  with   50.0 points per unit in tabled values
| Relative Error Limit not exceeded for r .gt.   2.33
| APPROXIMATING direct force using CUBIC SPLINE INTERPOLATION
|  with   50.0 points per unit in tabled values
| Relative Error Limit not exceeded for r .gt.   2.80
|---------------------------------------------------
wrapping first mol.:       20.29907       28.70721       49.72235
wrapping first mol.:       20.29907       28.70721       49.72235

 NSTEP =      500   TIME(PS) =    2041.000  TEMP(K) =   300.70  PRESS =     0.0
 Etot   =    -34423.2592  EKtot   =      9199.6133  EPtot      =    -43622.8725
 BOND   =       337.9244  ANGLE   =      1085.9886  DIHED      =      1337.9321
 1-4 NB =       457.8819  1-4 EEL =      6313.6219  VDWAALS    =      4875.2523
 EELEC  =    -58052.8946  EHBOND  =         0.0000  RESTRAINT  =        21.4209
 EAMBER (non-restraint)  =    -43644.2934
 ------------------------------------------------------------------------------

wrapping first mol.:       20.29907       28.70721       49.72235
wrapping first mol.:       20.29907       28.70721       49.72235

 NSTEP =     1000   TIME(PS) =    2042.000  TEMP(K) =   302.00  PRESS =     0.0
 Etot   =    -34617.8181  EKtot   =      9239.1904  EPtot      =    -43857.0086
 BOND   =       339.4387  ANGLE   =      1071.7825  DIHED      =      1341.9381
 1-4 NB =       442.0971  1-4 EEL =      6307.0812  VDWAALS    =      4788.5055
 EELEC  =    -58174.7150  EHBOND  =         0.0000  RESTRAINT  =        26.8633
 EAMBER (non-restraint)  =    -43883.8719
 ------------------------------------------------------------------------------

wrapping first mol.:       20.29907       28.70721       49.72235
wrapping first mol.:       20.29907       28.70721       49.72235

 NSTEP =     1500   TIME(PS) =    2043.000  TEMP(K) =   300.49  PRESS =     0.0
 Etot   =    -34290.3059  EKtot   =      9193.0195  EPtot      =    -43483.3255
 BOND   =       364.9862  ANGLE   =      1094.1975  DIHED      =      1369.9195
 1-4 NB =       446.6301  1-4 EEL =      6319.5067  VDWAALS    =      4776.1503
 EELEC  =    -57879.8327  EHBOND  =         0.0000  RESTRAINT  =        25.1170
 EAMBER (non-restraint)  =    -43508.4424
 ------------------------------------------------------------------------------

wrapping first mol.:       20.29907       28.70721       49.72235
wrapping first mol.:       20.29907       28.70721       49.72235

 NSTEP =     2000   TIME(PS) =    2044.000  TEMP(K) =   302.94  PRESS =     0.0
 Etot   =    -34363.3051  EKtot   =      9268.2324  EPtot      =    -43631.5375
 BOND   =       343.3044  ANGLE   =      1076.3510  DIHED      =      1343.7857
 1-4 NB =       438.9860  1-4 EEL =      6289.4593  VDWAALS    =      4596.2654
 EELEC  =    -57748.0404  EHBOND  =         0.0000  RESTRAINT  =        28.3511
 EAMBER (non-restraint)  =    -43659.8886
 ------------------------------------------------------------------------------

wrapping first mol.:       20.29907       28.70721       49.72235
wrapping first mol.:       20.29907       28.70721       49.72235

 NSTEP =     2500   TIME(PS) =    2045.000  TEMP(K) =   302.39  PRESS =     0.0
 Etot   =    -34257.7241  EKtot   =      9251.3516  EPtot      =    -43509.0757
 BOND   =       369.0487  ANGLE   =      1073.4303  DIHED      =      1356.1385
 1-4 NB =       450.7423  1-4 EEL =      6292.9630  VDWAALS    =      4611.4300
 EELEC  =    -57690.0894  EHBOND  =         0.0000  RESTRAINT  =        27.2609
 EAMBER (non-restraint)  =    -43536.3366
 ------------------------------------------------------------------------------

wrapping first mol.:       20.29907       28.70721       49.72235
wrapping first mol.:       20.29907       28.70721       49.72235

 NSTEP =     3000   TIME(PS) =    2046.000  TEMP(K) =   300.72  PRESS =     0.0
 Etot   =    -34313.1967  EKtot   =      9200.2324  EPtot      =    -43513.4291
 BOND   =       371.7638  ANGLE   =      1097.6973  DIHED      =      1375.4527
 1-4 NB =       446.7752  1-4 EEL =      6321.0773  VDWAALS    =      4737.1855
 EELEC  =    -57891.0477  EHBOND  =         0.0000  RESTRAINT  =        27.6665
 EAMBER (non-restraint)  =    -43541.0957
 ------------------------------------------------------------------------------

wrapping first mol.:       20.29907       28.70721       49.72235
wrapping first mol.:       20.29907       28.70721       49.72235

 NSTEP =     3500   TIME(PS) =    2047.000  TEMP(K) =   297.46  PRESS =     0.0
 Etot   =    -34577.4411  EKtot   =      9100.5098  EPtot      =    -43677.9508
 BOND   =       376.9149  ANGLE   =      1070.7442  DIHED      =      1358.7585
 1-4 NB =       428.5033  1-4 EEL =      6288.5227  VDWAALS    =      4712.5550
 EELEC  =    -57946.0388  EHBOND  =         0.0000  RESTRAINT  =        32.0894
 EAMBER (non-restraint)  =    -43710.0402
 ------------------------------------------------------------------------------

wrapping first mol.:       20.29907       28.70721       49.72235
wrapping first mol.:       20.29907       28.70721       49.72235

 NSTEP =     4000   TIME(PS) =    2048.000  TEMP(K) =   302.35  PRESS =     0.0
 Etot   =    -34432.2050  EKtot   =      9250.1152  EPtot      =    -43682.3202
 BOND   =       325.5200  ANGLE   =      1072.8496  DIHED      =      1347.6600
 1-4 NB =       453.5209  1-4 EEL =      6287.8788  VDWAALS    =      4878.2546
 EELEC  =    -58080.1911  EHBOND  =         0.0000  RESTRAINT  =        32.1870
 EAMBER (non-restraint)  =    -43714.5072
 ------------------------------------------------------------------------------

wrapping first mol.:       20.29907       28.70721       49.72235
wrapping first mol.:       20.29907       28.70721       49.72235

 NSTEP =     4500   TIME(PS) =    2049.000  TEMP(K) =   302.46  PRESS =     0.0
 Etot   =    -34429.4655  EKtot   =      9253.3516  EPtot      =    -43682.8171
 BOND   =       378.6431  ANGLE   =      1043.3590  DIHED      =      1353.4672
 1-4 NB =       454.3272  1-4 EEL =      6315.6983  VDWAALS    =      4785.0767
 EELEC  =    -58040.9564  EHBOND  =         0.0000  RESTRAINT  =        27.5679
 EAMBER (non-restraint)  =    -43710.3849
 ------------------------------------------------------------------------------

wrapping first mol.:       20.29907       28.70721       49.72235
wrapping first mol.:       20.29907       28.70721       49.72235

 NSTEP =     5000   TIME(PS) =    2050.000  TEMP(K) =   297.31  PRESS =     0.0
 Etot   =    -34490.6554  EKtot   =      9095.7471  EPtot      =    -43586.4025
 BOND   =       351.4410  ANGLE   =      1055.1564  DIHED      =      1359.1031
 1-4 NB =       439.1720  1-4 EEL =      6302.4322  VDWAALS    =      4904.0534
 EELEC  =    -58031.8745  EHBOND  =         0.0000  RESTRAINT  =        34.1140
 EAMBER (non-restraint)  =    -43620.5165
 ------------------------------------------------------------------------------

wrapping first mol.:       20.29907       28.70721       49.72235
wrapping first mol.:       20.29907       28.70721       49.72235

 NSTEP =     5500   TIME(PS) =    2051.000  TEMP(K) =   301.20  PRESS =     0.0
 Etot   =    -34357.7076  EKtot   =      9214.9131  EPtot      =    -43572.6207
 BOND   =       341.3052  ANGLE   =      1072.8072  DIHED      =      1357.6665
 1-4 NB =       447.4168  1-4 EEL =      6316.2124  VDWAALS    =      4882.6468
 EELEC  =    -58016.8663  EHBOND  =         0.0000  RESTRAINT  =        26.1908
 EAMBER (non-restraint)  =    -43598.8115
 ------------------------------------------------------------------------------

wrapping first mol.:       20.29907       28.70721       49.72235
wrapping first mol.:       20.29907       28.70721       49.72235

 NSTEP =     6000   TIME(PS) =    2052.000  TEMP(K) =   302.78  PRESS =     0.0
 Etot   =    -34481.8162  EKtot   =      9263.3115  EPtot      =    -43745.1278
 BOND   =       352.1811  ANGLE   =      1063.4769  DIHED      =      1355.2345
 1-4 NB =       449.8887  1-4 EEL =      6332.2184  VDWAALS    =      4732.2620
 EELEC  =    -58063.3004  EHBOND  =         0.0000  RESTRAINT  =        32.9110
 EAMBER (non-restraint)  =    -43778.0388
 ------------------------------------------------------------------------------

wrapping first mol.:       20.29907       28.70721       49.72235
wrapping first mol.:       20.29907       28.70721       49.72235

 NSTEP =     6500   TIME(PS) =    2053.000  TEMP(K) =   294.29  PRESS =     0.0
 Etot   =    -34707.6003  EKtot   =      9003.5439  EPtot      =    -43711.1442
 BOND   =       377.8058  ANGLE   =      1036.0756  DIHED      =      1380.5118
 1-4 NB =       455.8590  1-4 EEL =      6316.5475  VDWAALS    =      4775.3061
 EELEC  =    -58085.0735  EHBOND  =         0.0000  RESTRAINT  =        31.8236
 EAMBER (non-restraint)  =    -43742.9678
 ------------------------------------------------------------------------------

wrapping first mol.:       20.29907       28.70721       49.72235
wrapping first mol.:       20.29907       28.70721       49.72235

 NSTEP =     7000   TIME(PS) =    2054.000  TEMP(K) =   298.07  PRESS =     0.0
 Etot   =    -34682.6024  EKtot   =      9119.0137  EPtot      =    -43801.6161
 BOND   =       336.0642  ANGLE   =      1069.9417  DIHED      =      1361.6542
 1-4 NB =       443.1054  1-4 EEL =      6319.2646  VDWAALS    =      4818.1356
 EELEC  =    -58183.9320  EHBOND  =         0.0000  RESTRAINT  =        34.1503
 EAMBER (non-restraint)  =    -43835.7664
 ------------------------------------------------------------------------------

wrapping first mol.:       20.29907       28.70721       49.72235
wrapping first mol.:       20.29907       28.70721       49.72235

 NSTEP =     7500   TIME(PS) =    2055.000  TEMP(K) =   301.76  PRESS =     0.0
 Etot   =    -34581.4452  EKtot   =      9232.1025  EPtot      =    -43813.5478
 BOND   =       356.9867  ANGLE   =      1125.2263  DIHED      =      1363.4586
 1-4 NB =       433.4202  1-4 EEL =      6273.9429  VDWAALS    =      4858.5598
 EELEC  =    -58257.6335  EHBOND  =         0.0000  RESTRAINT  =        32.4912
 EAMBER (non-restraint)  =    -43846.0389
 ------------------------------------------------------------------------------

wrapping first mol.:       20.29907       28.70721       49.72235
wrapping first mol.:       20.29907       28.70721       49.72235

 NSTEP =     8000   TIME(PS) =    2056.000  TEMP(K) =   302.15  PRESS =     0.0
 Etot   =    -34449.8660  EKtot   =      9243.8613  EPtot      =    -43693.7273
 BOND   =       364.4673  ANGLE   =      1080.7735  DIHED      =      1369.7818
 1-4 NB =       451.6469  1-4 EEL =      6289.0515  VDWAALS    =      4845.8336
 EELEC  =    -58124.7751  EHBOND  =         0.0000  RESTRAINT  =        29.4932
 EAMBER (non-restraint)  =    -43723.2205
 ------------------------------------------------------------------------------

wrapping first mol.:       20.29907       28.70721       49.72235
wrapping first mol.:       20.29907       28.70721       49.72235

 NSTEP =     8500   TIME(PS) =    2057.000  TEMP(K) =   303.15  PRESS =     0.0
 Etot   =    -34380.7748  EKtot   =      9274.3691  EPtot      =    -43655.1439
 BOND   =       334.9991  ANGLE   =      1063.5595  DIHED      =      1367.0345
 1-4 NB =       454.2308  1-4 EEL =      6330.1767  VDWAALS    =      4805.7472
 EELEC  =    -58038.1222  EHBOND  =         0.0000  RESTRAINT  =        27.2305
 EAMBER (non-restraint)  =    -43682.3744
 ------------------------------------------------------------------------------

wrapping first mol.:       20.29907       28.70721       49.72235
wrapping first mol.:       20.29907       28.70721       49.72235

 NSTEP =     9000   TIME(PS) =    2058.000  TEMP(K) =   299.21  PRESS =     0.0
 Etot   =    -34567.3487  EKtot   =      9153.9922  EPtot      =    -43721.3408
 BOND   =       350.1635  ANGLE   =      1073.3220  DIHED      =      1369.0919
 1-4 NB =       443.0146  1-4 EEL =      6287.4502  VDWAALS    =      4718.6023
 EELEC  =    -57997.6092  EHBOND  =         0.0000  RESTRAINT  =        34.6238
 EAMBER (non-restraint)  =    -43755.9647
 ------------------------------------------------------------------------------

wrapping first mol.:       20.29907       28.70721       49.72235
wrapping first mol.:       20.29907       28.70721       49.72235

 NSTEP =     9500   TIME(PS) =    2059.000  TEMP(K) =   298.44  PRESS =     0.0
 Etot   =    -34512.3209  EKtot   =      9130.3047  EPtot      =    -43642.6256
 BOND   =       344.5668  ANGLE   =      1073.6101  DIHED      =      1372.4415
 1-4 NB =       440.2289  1-4 EEL =      6281.0011  VDWAALS    =      4633.0810
 EELEC  =    -57821.4257  EHBOND  =         0.0000  RESTRAINT  =        33.8707
 EAMBER (non-restraint)  =    -43676.4963
 ------------------------------------------------------------------------------

wrapping first mol.:       20.29907       28.70721       49.72235
wrapping first mol.:       20.29907       28.70721       49.72235

 NSTEP =    10000   TIME(PS) =    2060.000  TEMP(K) =   296.38  PRESS =     0.0
 Etot   =    -34458.3571  EKtot   =      9067.4473  EPtot      =    -43525.8043
 BOND   =       366.8785  ANGLE   =      1059.3137  DIHED      =      1377.2299
 1-4 NB =       447.3126  1-4 EEL =      6288.0750  VDWAALS    =      4770.9497
 EELEC  =    -57866.1295  EHBOND  =         0.0000  RESTRAINT  =        30.5658
 EAMBER (non-restraint)  =    -43556.3701
 ------------------------------------------------------------------------------

wrapping first mol.:       20.29907       28.70721       49.72235
wrapping first mol.:       20.29907       28.70721       49.72235

 NSTEP =    10500   TIME(PS) =    2061.000  TEMP(K) =   301.62  PRESS =     0.0
 Etot   =    -34297.7128  EKtot   =      9227.8447  EPtot      =    -43525.5575
 BOND   =       350.0701  ANGLE   =      1081.0802  DIHED      =      1353.7045
 1-4 NB =       449.0226  1-4 EEL =      6303.1225  VDWAALS    =      4758.4054
 EELEC  =    -57850.7199  EHBOND  =         0.0000  RESTRAINT  =        29.7573
 EAMBER (non-restraint)  =    -43555.3147
 ------------------------------------------------------------------------------

wrapping first mol.:       20.29907       28.70721       49.72235
wrapping first mol.:       20.29907       28.70721       49.72235

 NSTEP =    11000   TIME(PS) =    2062.000  TEMP(K) =   298.15  PRESS =     0.0
 Etot   =    -34520.5129  EKtot   =      9121.4844  EPtot      =    -43641.9973
 BOND   =       336.4553  ANGLE   =      1046.0650  DIHED      =      1373.9253
 1-4 NB =       442.4741  1-4 EEL =      6301.8481  VDWAALS    =      4857.6807
 EELEC  =    -58033.3084  EHBOND  =         0.0000  RESTRAINT  =        32.8627
 EAMBER (non-restraint)  =    -43674.8600
 ------------------------------------------------------------------------------

wrapping first mol.:       20.29907       28.70721       49.72235
wrapping first mol.:       20.29907       28.70721       49.72235

 NSTEP =    11500   TIME(PS) =    2063.000  TEMP(K) =   300.07  PRESS =     0.0
 Etot   =    -34216.0601  EKtot   =      9180.1367  EPtot      =    -43396.1968
 BOND   =       344.0292  ANGLE   =      1044.4997  DIHED      =      1382.8191
 1-4 NB =       443.1820  1-4 EEL =      6329.8910  VDWAALS    =      4679.9032
 EELEC  =    -57657.3143  EHBOND  =         0.0000  RESTRAINT  =        36.7934
 EAMBER (non-restraint)  =    -43432.9901
 ------------------------------------------------------------------------------

wrapping first mol.:       20.29907       28.70721       49.72235
wrapping first mol.:       20.29907       28.70721       49.72235

 NSTEP =    12000   TIME(PS) =    2064.000  TEMP(K) =   300.07  PRESS =     0.0
 Etot   =    -34459.9017  EKtot   =      9180.2148  EPtot      =    -43640.1165
 BOND   =       350.1119  ANGLE   =      1044.2466  DIHED      =      1381.9278
 1-4 NB =       444.4398  1-4 EEL =      6300.7855  VDWAALS    =      4754.8734
 EELEC  =    -57947.7065  EHBOND  =         0.0000  RESTRAINT  =        31.2049
 EAMBER (non-restraint)  =    -43671.3214
 ------------------------------------------------------------------------------

wrapping first mol.:       20.29907       28.70721       49.72235
wrapping first mol.:       20.29907       28.70721       49.72235

 NSTEP =    12500   TIME(PS) =    2065.000  TEMP(K) =   297.38  PRESS =     0.0
 Etot   =    -34510.7366  EKtot   =      9097.8359  EPtot      =    -43608.5726
 BOND   =       351.4297  ANGLE   =      1035.4179  DIHED      =      1378.4997
 1-4 NB =       461.2418  1-4 EEL =      6303.5306  VDWAALS    =      4949.8187
 EELEC  =    -58122.3576  EHBOND  =         0.0000  RESTRAINT  =        33.8467
 EAMBER (non-restraint)  =    -43642.4192
 ------------------------------------------------------------------------------

wrapping first mol.:       20.29907       28.70721       49.72235
wrapping first mol.:       20.29907       28.70721       49.72235

 NSTEP =    13000   TIME(PS) =    2066.000  TEMP(K) =   295.37  PRESS =     0.0
 Etot   =    -34621.2236  EKtot   =      9036.3438  EPtot      =    -43657.5673
 BOND   =       330.5796  ANGLE   =      1059.8550  DIHED      =      1347.4594
 1-4 NB =       439.2175  1-4 EEL =      6311.1358  VDWAALS    =      4779.6965
 EELEC  =    -57950.9503  EHBOND  =         0.0000  RESTRAINT  =        25.4392
 EAMBER (non-restraint)  =    -43683.0065
 ------------------------------------------------------------------------------

wrapping first mol.:       20.29907       28.70721       49.72235
wrapping first mol.:       20.29907       28.70721       49.72235

 NSTEP =    13500   TIME(PS) =    2067.000  TEMP(K) =   300.51  PRESS =     0.0
 Etot   =    -34400.8384  EKtot   =      9193.7490  EPtot      =    -43594.5874
 BOND   =       365.5139  ANGLE   =      1065.2710  DIHED      =      1358.6823
 1-4 NB =       452.0307  1-4 EEL =      6334.1382  VDWAALS    =      4674.6603
 EELEC  =    -57869.3613  EHBOND  =         0.0000  RESTRAINT  =        24.4775
 EAMBER (non-restraint)  =    -43619.0649
 ------------------------------------------------------------------------------

wrapping first mol.:       20.29907       28.70721       49.72235
wrapping first mol.:       20.29907       28.70721       49.72235

 NSTEP =    14000   TIME(PS) =    2068.000  TEMP(K) =   302.36  PRESS =     0.0
 Etot   =    -34437.6702  EKtot   =      9250.4277  EPtot      =    -43688.0980
 BOND   =       362.6043  ANGLE   =      1025.4708  DIHED      =      1349.1320
 1-4 NB =       452.4486  1-4 EEL =      6349.9829  VDWAALS    =      4873.0994
 EELEC  =    -58134.7958  EHBOND  =         0.0000  RESTRAINT  =        33.9600
 EAMBER (non-restraint)  =    -43722.0580
 ------------------------------------------------------------------------------

wrapping first mol.:       20.29907       28.70721       49.72235
wrapping first mol.:       20.29907       28.70721       49.72235

 NSTEP =    14500   TIME(PS) =    2069.000  TEMP(K) =   301.06  PRESS =     0.0
 Etot   =    -34288.1107  EKtot   =      9210.4678  EPtot      =    -43498.5785
 BOND   =       379.5191  ANGLE   =      1075.1370  DIHED      =      1371.8859
 1-4 NB =       431.0782  1-4 EEL =      6303.4244  VDWAALS    =      4675.8163
 EELEC  =    -57770.3628  EHBOND  =         0.0000  RESTRAINT  =        34.9236
 EAMBER (non-restraint)  =    -43533.5020
 ------------------------------------------------------------------------------

wrapping first mol.:       20.29907       28.70721       49.72235
wrapping first mol.:       20.29907       28.70721       49.72235

 NSTEP =    15000   TIME(PS) =    2070.000  TEMP(K) =   304.59  PRESS =     0.0
 Etot   =    -34371.2205  EKtot   =      9318.4609  EPtot      =    -43689.6814
 BOND   =       360.4720  ANGLE   =      1035.7416  DIHED      =      1344.5632
 1-4 NB =       428.2700  1-4 EEL =      6308.5223  VDWAALS    =      4750.1343
 EELEC  =    -57952.1771  EHBOND  =         0.0000  RESTRAINT  =        34.7923
 EAMBER (non-restraint)  =    -43724.4737
 ------------------------------------------------------------------------------

wrapping first mol.:       20.29907       28.70721       49.72235
wrapping first mol.:       20.29907       28.70721       49.72235

 NSTEP =    15500   TIME(PS) =    2071.000  TEMP(K) =   302.48  PRESS =     0.0
 Etot   =    -34542.7396  EKtot   =      9253.9512  EPtot      =    -43796.6908
 BOND   =       358.0012  ANGLE   =      1035.4406  DIHED      =      1368.6006
 1-4 NB =       438.1767  1-4 EEL =      6298.8110  VDWAALS    =      4756.4090
 EELEC  =    -58079.1745  EHBOND  =         0.0000  RESTRAINT  =        27.0446
 EAMBER (non-restraint)  =    -43823.7354
 ------------------------------------------------------------------------------

wrapping first mol.:       20.29907       28.70721       49.72235
wrapping first mol.:       20.29907       28.70721       49.72235

 NSTEP =    16000   TIME(PS) =    2072.000  TEMP(K) =   297.42  PRESS =     0.0
 Etot   =    -34625.1254  EKtot   =      9099.0986  EPtot      =    -43724.2241
 BOND   =       333.2193  ANGLE   =      1073.9573  DIHED      =      1365.8339
 1-4 NB =       450.0737  1-4 EEL =      6312.1865  VDWAALS    =      4915.8763
 EELEC  =    -58207.5796  EHBOND  =         0.0000  RESTRAINT  =        32.2085
 EAMBER (non-restraint)  =    -43756.4326
 ------------------------------------------------------------------------------

wrapping first mol.:       20.29907       28.70721       49.72235
wrapping first mol.:       20.29907       28.70721       49.72235

 NSTEP =    16500   TIME(PS) =    2073.000  TEMP(K) =   299.18  PRESS =     0.0
 Etot   =    -34503.3942  EKtot   =      9152.9277  EPtot      =    -43656.3219
 BOND   =       339.1878  ANGLE   =      1115.3949  DIHED      =      1362.6297
 1-4 NB =       457.5477  1-4 EEL =      6345.8105  VDWAALS    =      4969.8493
 EELEC  =    -58276.8270  EHBOND  =         0.0000  RESTRAINT  =        30.0851
 EAMBER (non-restraint)  =    -43686.4071
 ------------------------------------------------------------------------------

wrapping first mol.:       20.29907       28.70721       49.72235
wrapping first mol.:       20.29907       28.70721       49.72235

 NSTEP =    17000   TIME(PS) =    2074.000  TEMP(K) =   299.95  PRESS =     0.0
 Etot   =    -34669.0560  EKtot   =      9176.6270  EPtot      =    -43845.6829
 BOND   =       331.2745  ANGLE   =      1061.2223  DIHED      =      1360.8819
 1-4 NB =       447.2742  1-4 EEL =      6291.7312  VDWAALS    =      4934.2446
 EELEC  =    -58304.6263  EHBOND  =         0.0000  RESTRAINT  =        32.3146
 EAMBER (non-restraint)  =    -43877.9975
 ------------------------------------------------------------------------------

wrapping first mol.:       20.29907       28.70721       49.72235
wrapping first mol.:       20.29907       28.70721       49.72235

 NSTEP =    17500   TIME(PS) =    2075.000  TEMP(K) =   299.08  PRESS =     0.0
 Etot   =    -34314.8834  EKtot   =      9149.9746  EPtot      =    -43464.8580
 BOND   =       374.0700  ANGLE   =      1068.2379  DIHED      =      1344.0886
 1-4 NB =       427.9650  1-4 EEL =      6303.7504  VDWAALS    =      4760.1366
 EELEC  =    -57771.4115  EHBOND  =         0.0000  RESTRAINT  =        28.3050
 EAMBER (non-restraint)  =    -43493.1631
 ------------------------------------------------------------------------------

wrapping first mol.:       20.29907       28.70721       49.72235
wrapping first mol.:       20.29907       28.70721       49.72235

 NSTEP =    18000   TIME(PS) =    2076.000  TEMP(K) =   299.45  PRESS =     0.0
 Etot   =    -34539.1268  EKtot   =      9161.2363  EPtot      =    -43700.3631
 BOND   =       345.7304  ANGLE   =      1061.9304  DIHED      =      1356.3351
 1-4 NB =       460.1780  1-4 EEL =      6287.9094  VDWAALS    =      4649.9253
 EELEC  =    -57889.3596  EHBOND  =         0.0000  RESTRAINT  =        26.9879
 EAMBER (non-restraint)  =    -43727.3510
 ------------------------------------------------------------------------------

wrapping first mol.:       20.29907       28.70721       49.72235
wrapping first mol.:       20.29907       28.70721       49.72235

 NSTEP =    18500   TIME(PS) =    2077.000  TEMP(K) =   297.01  PRESS =     0.0
 Etot   =    -34491.8522  EKtot   =      9086.5811  EPtot      =    -43578.4333
 BOND   =       343.0741  ANGLE   =      1114.5801  DIHED      =      1356.9669
 1-4 NB =       445.1617  1-4 EEL =      6301.9580  VDWAALS    =      4735.7656
 EELEC  =    -57906.7823  EHBOND  =         0.0000  RESTRAINT  =        30.8426
 EAMBER (non-restraint)  =    -43609.2759
 ------------------------------------------------------------------------------

wrapping first mol.:       20.29907       28.70721       49.72235
wrapping first mol.:       20.29907       28.70721       49.72235

 NSTEP =    19000   TIME(PS) =    2078.000  TEMP(K) =   294.63  PRESS =     0.0
 Etot   =    -34752.3179  EKtot   =      9013.9688  EPtot      =    -43766.2866
 BOND   =       319.1696  ANGLE   =      1081.1506  DIHED      =      1360.9762
 1-4 NB =       444.4646  1-4 EEL =      6320.2261  VDWAALS    =      4665.9312
 EELEC  =    -57988.4532  EHBOND  =         0.0000  RESTRAINT  =        30.2483
 EAMBER (non-restraint)  =    -43796.5350
 ------------------------------------------------------------------------------

wrapping first mol.:       20.29907       28.70721       49.72235
wrapping first mol.:       20.29907       28.70721       49.72235

 NSTEP =    19500   TIME(PS) =    2079.000  TEMP(K) =   299.40  PRESS =     0.0
 Etot   =    -34450.9419  EKtot   =      9159.7549  EPtot      =    -43610.6968
 BOND   =       371.6236  ANGLE   =      1029.0042  DIHED      =      1349.9990
 1-4 NB =       445.8629  1-4 EEL =      6293.2460  VDWAALS    =      4801.1659
 EELEC  =    -57930.5336  EHBOND  =         0.0000  RESTRAINT  =        28.9353
 EAMBER (non-restraint)  =    -43639.6321
 ------------------------------------------------------------------------------

wrapping first mol.:       20.29907       28.70721       49.72235
wrapping first mol.:       20.29907       28.70721       49.72235

 NSTEP =    20000   TIME(PS) =    2080.000  TEMP(K) =   298.73  PRESS =     0.0
 Etot   =    -34374.1112  EKtot   =      9139.2939  EPtot      =    -43513.4051
 BOND   =       382.6413  ANGLE   =      1064.3391  DIHED      =      1361.9414
 1-4 NB =       450.0310  1-4 EEL =      6294.7951  VDWAALS    =      4693.2278
 EELEC  =    -57790.0830  EHBOND  =         0.0000  RESTRAINT  =        29.7022
 EAMBER (non-restraint)  =    -43543.1073
 ------------------------------------------------------------------------------

wrapping first mol.:       20.29907       28.70721       49.72235
wrapping first mol.:       20.29907       28.70721       49.72235

 NSTEP =    20500   TIME(PS) =    2081.000  TEMP(K) =   299.02  PRESS =     0.0
 Etot   =    -34373.2883  EKtot   =      9148.2324  EPtot      =    -43521.5207
 BOND   =       347.0434  ANGLE   =      1054.5897  DIHED      =      1377.9283
 1-4 NB =       445.3303  1-4 EEL =      6331.9285  VDWAALS    =      4698.8329
 EELEC  =    -57813.9619  EHBOND  =         0.0000  RESTRAINT  =        36.7880
 EAMBER (non-restraint)  =    -43558.3088
 ------------------------------------------------------------------------------

wrapping first mol.:       20.29907       28.70721       49.72235
wrapping first mol.:       20.29907       28.70721       49.72235

 NSTEP =    21000   TIME(PS) =    2082.000  TEMP(K) =   298.53  PRESS =     0.0
 Etot   =    -34495.4453  EKtot   =      9133.1670  EPtot      =    -43628.6123
 BOND   =       355.1666  ANGLE   =      1111.1339  DIHED      =      1390.4198
 1-4 NB =       445.9914  1-4 EEL =      6266.1129  VDWAALS    =      4706.5049
 EELEC  =    -57937.1871  EHBOND  =         0.0000  RESTRAINT  =        33.2453
 EAMBER (non-restraint)  =    -43661.8576
 ------------------------------------------------------------------------------

wrapping first mol.:       20.29907       28.70721       49.72235
wrapping first mol.:       20.29907       28.70721       49.72235

 NSTEP =    21500   TIME(PS) =    2083.000  TEMP(K) =   299.41  PRESS =     0.0
 Etot   =    -34435.6720  EKtot   =      9160.0400  EPtot      =    -43595.7120
 BOND   =       336.7759  ANGLE   =      1041.1127  DIHED      =      1375.5028
 1-4 NB =       457.8152  1-4 EEL =      6339.2389  VDWAALS    =      4724.0347
 EELEC  =    -57900.5655  EHBOND  =         0.0000  RESTRAINT  =        30.3733
 EAMBER (non-restraint)  =    -43626.0852
 ------------------------------------------------------------------------------

wrapping first mol.:       20.29907       28.70721       49.72235
wrapping first mol.:       20.29907       28.70721       49.72235

 NSTEP =    22000   TIME(PS) =    2084.000  TEMP(K) =   297.71  PRESS =     0.0
 Etot   =    -34591.5856  EKtot   =      9108.2197  EPtot      =    -43699.8053
 BOND   =       373.4600  ANGLE   =      1029.7124  DIHED      =      1378.8094
 1-4 NB =       445.1883  1-4 EEL =      6291.9420  VDWAALS    =      4949.6403
 EELEC  =    -58203.6685  EHBOND  =         0.0000  RESTRAINT  =        35.1107
 EAMBER (non-restraint)  =    -43734.9160
 ------------------------------------------------------------------------------

wrapping first mol.:       20.29907       28.70721       49.72235
wrapping first mol.:       20.29907       28.70721       49.72235

 NSTEP =    22500   TIME(PS) =    2085.000  TEMP(K) =   300.63  PRESS =     0.0
 Etot   =    -34322.9529  EKtot   =      9197.2783  EPtot      =    -43520.2312
 BOND   =       362.2441  ANGLE   =      1082.9342  DIHED      =      1379.7773
 1-4 NB =       460.1486  1-4 EEL =      6323.4482  VDWAALS    =      4755.5811
 EELEC  =    -57920.1168  EHBOND  =         0.0000  RESTRAINT  =        35.7521
 EAMBER (non-restraint)  =    -43555.9833
 ------------------------------------------------------------------------------

wrapping first mol.:       20.29907       28.70721       49.72235
wrapping first mol.:       20.29907       28.70721       49.72235

 NSTEP =    23000   TIME(PS) =    2086.000  TEMP(K) =   296.93  PRESS =     0.0
 Etot   =    -34665.7135  EKtot   =      9084.2842  EPtot      =    -43749.9977
 BOND   =       315.2473  ANGLE   =      1063.9594  DIHED      =      1370.4301
 1-4 NB =       442.3751  1-4 EEL =      6304.7203  VDWAALS    =      4884.3028
 EELEC  =    -58161.4974  EHBOND  =         0.0000  RESTRAINT  =        30.4646
 EAMBER (non-restraint)  =    -43780.4623
 ------------------------------------------------------------------------------

wrapping first mol.:       20.29907       28.70721       49.72235
wrapping first mol.:       20.29907       28.70721       49.72235

 NSTEP =    23500   TIME(PS) =    2087.000  TEMP(K) =   306.35  PRESS =     0.0
 Etot   =    -34304.1606  EKtot   =      9372.4512  EPtot      =    -43676.6118
 BOND   =       351.2776  ANGLE   =      1058.3361  DIHED      =      1364.2761
 1-4 NB =       437.5102  1-4 EEL =      6337.5835  VDWAALS    =      4842.1984
 EELEC  =    -58098.5388  EHBOND  =         0.0000  RESTRAINT  =        30.7451
 EAMBER (non-restraint)  =    -43707.3569
 ------------------------------------------------------------------------------

wrapping first mol.:       20.29907       28.70721       49.72235
wrapping first mol.:       20.29907       28.70721       49.72235

 NSTEP =    24000   TIME(PS) =    2088.000  TEMP(K) =   299.08  PRESS =     0.0
 Etot   =    -34435.2478  EKtot   =      9149.9502  EPtot      =    -43585.1980
 BOND   =       334.5836  ANGLE   =      1074.9117  DIHED      =      1364.9556
 1-4 NB =       433.5160  1-4 EEL =      6335.6699  VDWAALS    =      4656.4636
 EELEC  =    -57819.3024  EHBOND  =         0.0000  RESTRAINT  =        34.0040
 EAMBER (non-restraint)  =    -43619.2020
 ------------------------------------------------------------------------------

wrapping first mol.:       20.29907       28.70721       49.72235
wrapping first mol.:       20.29907       28.70721       49.72235

 NSTEP =    24500   TIME(PS) =    2089.000  TEMP(K) =   303.81  PRESS =     0.0
 Etot   =    -34372.2482  EKtot   =      9294.8369  EPtot      =    -43667.0851
 BOND   =       334.6535  ANGLE   =      1070.1014  DIHED      =      1370.1108
 1-4 NB =       447.4594  1-4 EEL =      6292.1037  VDWAALS    =      4719.7093
 EELEC  =    -57931.0862  EHBOND  =         0.0000  RESTRAINT  =        29.8629
 EAMBER (non-restraint)  =    -43696.9480
 ------------------------------------------------------------------------------

wrapping first mol.:       20.29907       28.70721       49.72235
wrapping first mol.:       20.29907       28.70721       49.72235

 NSTEP =    25000   TIME(PS) =    2090.000  TEMP(K) =   301.28  PRESS =     0.0
 Etot   =    -34415.6412  EKtot   =      9217.2734  EPtot      =    -43632.9146
 BOND   =       367.3897  ANGLE   =      1109.9940  DIHED      =      1358.0312
 1-4 NB =       445.5195  1-4 EEL =      6277.6455  VDWAALS    =      4693.9078
 EELEC  =    -57918.3416  EHBOND  =         0.0000  RESTRAINT  =        32.9393
 EAMBER (non-restraint)  =    -43665.8539
 ------------------------------------------------------------------------------

wrapping first mol.:       20.29907       28.70721       49.72235
wrapping first mol.:       20.29907       28.70721       49.72235

 NSTEP =    25500   TIME(PS) =    2091.000  TEMP(K) =   295.73  PRESS =     0.0
 Etot   =    -34548.7456  EKtot   =      9047.5527  EPtot      =    -43596.2983
 BOND   =       358.7889  ANGLE   =      1038.3185  DIHED      =      1359.4157
 1-4 NB =       447.4773  1-4 EEL =      6317.9071  VDWAALS    =      4857.5614
 EELEC  =    -58006.3078  EHBOND  =         0.0000  RESTRAINT  =        30.5405
 EAMBER (non-restraint)  =    -43626.8389
 ------------------------------------------------------------------------------

wrapping first mol.:       20.29907       28.70721       49.72235
wrapping first mol.:       20.29907       28.70721       49.72235

 NSTEP =    26000   TIME(PS) =    2092.000  TEMP(K) =   299.37  PRESS =     0.0
 Etot   =    -34395.4392  EKtot   =      9158.7354  EPtot      =    -43554.1745
 BOND   =       373.5129  ANGLE   =      1080.4059  DIHED      =      1376.1715
 1-4 NB =       451.9826  1-4 EEL =      6302.5648  VDWAALS    =      4774.9410
 EELEC  =    -57945.1098  EHBOND  =         0.0000  RESTRAINT  =        31.3565
 EAMBER (non-restraint)  =    -43585.5311
 ------------------------------------------------------------------------------

wrapping first mol.:       20.29907       28.70721       49.72235
wrapping first mol.:       20.29907       28.70721       49.72235

 NSTEP =    26500   TIME(PS) =    2093.000  TEMP(K) =   298.64  PRESS =     0.0
 Etot   =    -34394.2068  EKtot   =      9136.5674  EPtot      =    -43530.7741
 BOND   =       368.1232  ANGLE   =      1049.0816  DIHED      =      1367.5213
 1-4 NB =       459.0965  1-4 EEL =      6291.7729  VDWAALS    =      4913.2377
 EELEC  =    -58006.7967  EHBOND  =         0.0000  RESTRAINT  =        27.1894
 EAMBER (non-restraint)  =    -43557.9636
 ------------------------------------------------------------------------------

wrapping first mol.:       20.29907       28.70721       49.72235
wrapping first mol.:       20.29907       28.70721       49.72235

 NSTEP =    27000   TIME(PS) =    2094.000  TEMP(K) =   293.04  PRESS =     0.0
 Etot   =    -34798.8651  EKtot   =      8965.1025  EPtot      =    -43763.9677
 BOND   =       351.1303  ANGLE   =      1038.1687  DIHED      =      1389.8512
 1-4 NB =       444.3767  1-4 EEL =      6294.2772  VDWAALS    =      4765.4675
 EELEC  =    -58079.8888  EHBOND  =         0.0000  RESTRAINT  =        32.6496
 EAMBER (non-restraint)  =    -43796.6172
 ------------------------------------------------------------------------------

wrapping first mol.:       20.29907       28.70721       49.72235
wrapping first mol.:       20.29907       28.70721       49.72235

 NSTEP =    27500   TIME(PS) =    2095.000  TEMP(K) =   303.29  PRESS =     0.0
 Etot   =    -34346.3285  EKtot   =      9278.8574  EPtot      =    -43625.1860
 BOND   =       360.4983  ANGLE   =      1090.0344  DIHED      =      1364.2853
 1-4 NB =       447.4605  1-4 EEL =      6317.8989  VDWAALS    =      4687.5739
 EELEC  =    -57920.0377  EHBOND  =         0.0000  RESTRAINT  =        27.1004
 EAMBER (non-restraint)  =    -43652.2864
 ------------------------------------------------------------------------------

wrapping first mol.:       20.29907       28.70721       49.72235
wrapping first mol.:       20.29907       28.70721       49.72235

 NSTEP =    28000   TIME(PS) =    2096.000  TEMP(K) =   298.28  PRESS =     0.0
 Etot   =    -34589.0566  EKtot   =      9125.5625  EPtot      =    -43714.6191
 BOND   =       360.7235  ANGLE   =      1099.7160  DIHED      =      1371.5991
 1-4 NB =       444.6517  1-4 EEL =      6294.0155  VDWAALS    =      4984.0801
 EELEC  =    -58297.9445  EHBOND  =         0.0000  RESTRAINT  =        28.5396
 EAMBER (non-restraint)  =    -43743.1587
 ------------------------------------------------------------------------------

wrapping first mol.:       20.29907       28.70721       49.72235
wrapping first mol.:       20.29907       28.70721       49.72235

 NSTEP =    28500   TIME(PS) =    2097.000  TEMP(K) =   296.51  PRESS =     0.0
 Etot   =    -34539.0742  EKtot   =      9071.4873  EPtot      =    -43610.5615
 BOND   =       350.1170  ANGLE   =      1056.5844  DIHED      =      1345.7460
 1-4 NB =       438.2585  1-4 EEL =      6271.0283  VDWAALS    =      4729.2614
 EELEC  =    -57830.2157  EHBOND  =         0.0000  RESTRAINT  =        28.6587
 EAMBER (non-restraint)  =    -43639.2202
 ------------------------------------------------------------------------------

wrapping first mol.:       20.29907       28.70721       49.72235
wrapping first mol.:       20.29907       28.70721       49.72235

 NSTEP =    29000   TIME(PS) =    2098.000  TEMP(K) =   302.22  PRESS =     0.0
 Etot   =    -34473.6405  EKtot   =      9246.1113  EPtot      =    -43719.7518
 BOND   =       335.5035  ANGLE   =      1028.6072  DIHED      =      1366.1825
 1-4 NB =       464.8666  1-4 EEL =      6297.6070  VDWAALS    =      4991.4532
 EELEC  =    -58231.1131  EHBOND  =         0.0000  RESTRAINT  =        27.1411
 EAMBER (non-restraint)  =    -43746.8929
 ------------------------------------------------------------------------------

wrapping first mol.:       20.29907       28.70721       49.72235
wrapping first mol.:       20.29907       28.70721       49.72235

 NSTEP =    29500   TIME(PS) =    2099.000  TEMP(K) =   302.72  PRESS =     0.0
 Etot   =    -34173.9445  EKtot   =      9261.2471  EPtot      =    -43435.1916
 BOND   =       366.9081  ANGLE   =      1088.2425  DIHED      =      1367.3294
 1-4 NB =       451.0045  1-4 EEL =      6307.0814  VDWAALS    =      4722.7515
 EELEC  =    -57765.7104  EHBOND  =         0.0000  RESTRAINT  =        27.2014
 EAMBER (non-restraint)  =    -43462.3930
 ------------------------------------------------------------------------------

wrapping first mol.:       20.29907       28.70721       49.72235
wrapping first mol.:       20.29907       28.70721       49.72235

 NSTEP =    30000   TIME(PS) =    2100.000  TEMP(K) =   298.41  PRESS =     0.0
 Etot   =    -34404.5541  EKtot   =      9129.6299  EPtot      =    -43534.1840
 BOND   =       349.3606  ANGLE   =      1082.6479  DIHED      =      1354.5499
 1-4 NB =       436.6513  1-4 EEL =      6318.6569  VDWAALS    =      4698.3263
 EELEC  =    -57803.6922  EHBOND  =         0.0000  RESTRAINT  =        29.3154
 EAMBER (non-restraint)  =    -43563.4993
 ------------------------------------------------------------------------------

wrapping first mol.:       20.29907       28.70721       49.72235
wrapping first mol.:       20.29907       28.70721       49.72235

 NSTEP =    30500   TIME(PS) =    2101.000  TEMP(K) =   301.04  PRESS =     0.0
 Etot   =    -34349.1927  EKtot   =      9210.0801  EPtot      =    -43559.2728
 BOND   =       359.7687  ANGLE   =      1062.1527  DIHED      =      1361.1396
 1-4 NB =       443.2423  1-4 EEL =      6300.5833  VDWAALS    =      4736.2993
 EELEC  =    -57848.8051  EHBOND  =         0.0000  RESTRAINT  =        26.3464
 EAMBER (non-restraint)  =    -43585.6192
 ------------------------------------------------------------------------------

wrapping first mol.:       20.29907       28.70721       49.72235
wrapping first mol.:       20.29907       28.70721       49.72235

 NSTEP =    31000   TIME(PS) =    2102.000  TEMP(K) =   296.70  PRESS =     0.0
 Etot   =    -34533.6345  EKtot   =      9077.1934  EPtot      =    -43610.8278
 BOND   =       360.9100  ANGLE   =      1073.3868  DIHED      =      1368.4623
 1-4 NB =       427.3637  1-4 EEL =      6282.8690  VDWAALS    =      4746.6610
 EELEC  =    -57903.5590  EHBOND  =         0.0000  RESTRAINT  =        33.0784
 EAMBER (non-restraint)  =    -43643.9062
 ------------------------------------------------------------------------------

wrapping first mol.:       20.29907       28.70721       49.72235
wrapping first mol.:       20.29907       28.70721       49.72235

 NSTEP =    31500   TIME(PS) =    2103.000  TEMP(K) =   296.69  PRESS =     0.0
 Etot   =    -34557.1255  EKtot   =      9076.8447  EPtot      =    -43633.9702
 BOND   =       337.2095  ANGLE   =      1061.8629  DIHED      =      1352.0119
 1-4 NB =       449.5425  1-4 EEL =      6300.2456  VDWAALS    =      4622.5300
 EELEC  =    -57788.8234  EHBOND  =         0.0000  RESTRAINT  =        31.4508
 EAMBER (non-restraint)  =    -43665.4210
 ------------------------------------------------------------------------------

wrapping first mol.:       20.29907       28.70721       49.72235
wrapping first mol.:       20.29907       28.70721       49.72235

 NSTEP =    32000   TIME(PS) =    2104.000  TEMP(K) =   297.16  PRESS =     0.0
 Etot   =    -34708.9024  EKtot   =      9091.3799  EPtot      =    -43800.2823
 BOND   =       360.9186  ANGLE   =      1042.0274  DIHED      =      1406.6076
 1-4 NB =       461.4092  1-4 EEL =      6328.3899  VDWAALS    =      4901.8405
 EELEC  =    -58335.4016  EHBOND  =         0.0000  RESTRAINT  =        33.9261
 EAMBER (non-restraint)  =    -43834.2084
 ------------------------------------------------------------------------------

wrapping first mol.:       20.29907       28.70721       49.72235
wrapping first mol.:       20.29907       28.70721       49.72235

 NSTEP =    32500   TIME(PS) =    2105.000  TEMP(K) =   300.99  PRESS =     0.0
 Etot   =    -34578.0816  EKtot   =      9208.5098  EPtot      =    -43786.5914
 BOND   =       347.5828  ANGLE   =      1036.8539  DIHED      =      1378.4920
 1-4 NB =       440.1255  1-4 EEL =      6277.7708  VDWAALS    =      4730.0267
 EELEC  =    -58029.2985  EHBOND  =         0.0000  RESTRAINT  =        31.8556
 EAMBER (non-restraint)  =    -43818.4469
 ------------------------------------------------------------------------------

wrapping first mol.:       20.29907       28.70721       49.72235
wrapping first mol.:       20.29907       28.70721       49.72235

 NSTEP =    33000   TIME(PS) =    2106.000  TEMP(K) =   300.31  PRESS =     0.0
 Etot   =    -34458.4347  EKtot   =      9187.7080  EPtot      =    -43646.1427
 BOND   =       332.5813  ANGLE   =      1062.8510  DIHED      =      1356.0705
 1-4 NB =       452.8519  1-4 EEL =      6300.3996  VDWAALS    =      4712.2534
 EELEC  =    -57896.5477  EHBOND  =         0.0000  RESTRAINT  =        33.3974
 EAMBER (non-restraint)  =    -43679.5401
 ------------------------------------------------------------------------------

wrapping first mol.:       20.29907       28.70721       49.72235
wrapping first mol.:       20.29907       28.70721       49.72235

 NSTEP =    33500   TIME(PS) =    2107.000  TEMP(K) =   300.24  PRESS =     0.0
 Etot   =    -34533.5492  EKtot   =      9185.4609  EPtot      =    -43719.0101
 BOND   =       352.6378  ANGLE   =      1065.9151  DIHED      =      1355.4491
 1-4 NB =       456.1415  1-4 EEL =      6325.5177  VDWAALS    =      4708.9022
 EELEC  =    -58014.3614  EHBOND  =         0.0000  RESTRAINT  =        30.7879
 EAMBER (non-restraint)  =    -43749.7980
 ------------------------------------------------------------------------------

wrapping first mol.:       20.29907       28.70721       49.72235
wrapping first mol.:       20.29907       28.70721       49.72235

 NSTEP =    34000   TIME(PS) =    2108.000  TEMP(K) =   297.76  PRESS =     0.0
 Etot   =    -34381.3134  EKtot   =      9109.6055  EPtot      =    -43490.9189
 BOND   =       340.3969  ANGLE   =      1104.3310  DIHED      =      1368.0381
 1-4 NB =       452.6232  1-4 EEL =      6292.1729  VDWAALS    =      4954.5583
 EELEC  =    -58033.3259  EHBOND  =         0.0000  RESTRAINT  =        30.2865
 EAMBER (non-restraint)  =    -43521.2054
 ------------------------------------------------------------------------------

wrapping first mol.:       20.29907       28.70721       49.72235
wrapping first mol.:       20.29907       28.70721       49.72235

 NSTEP =    34500   TIME(PS) =    2109.000  TEMP(K) =   298.43  PRESS =     0.0
 Etot   =    -34631.4276  EKtot   =      9130.2090  EPtot      =    -43761.6366
 BOND   =       358.3170  ANGLE   =      1044.8676  DIHED      =      1358.8846
 1-4 NB =       455.9603  1-4 EEL =      6294.8973  VDWAALS    =      4979.9806
 EELEC  =    -58287.2167  EHBOND  =         0.0000  RESTRAINT  =        32.6728
 EAMBER (non-restraint)  =    -43794.3094
 ------------------------------------------------------------------------------

wrapping first mol.:       20.29907       28.70721       49.72235
wrapping first mol.:       20.29907       28.70721       49.72235

 NSTEP =    35000   TIME(PS) =    2110.000  TEMP(K) =   297.46  PRESS =     0.0
 Etot   =    -34594.0135  EKtot   =      9100.5400  EPtot      =    -43694.5536
 BOND   =       363.8381  ANGLE   =      1101.2131  DIHED      =      1337.8209
 1-4 NB =       440.7432  1-4 EEL =      6258.2878  VDWAALS    =      4701.0517
 EELEC  =    -57926.5057  EHBOND  =         0.0000  RESTRAINT  =        28.9974
 EAMBER (non-restraint)  =    -43723.5510
 ------------------------------------------------------------------------------

wrapping first mol.:       20.29907       28.70721       49.72235
wrapping first mol.:       20.29907       28.70721       49.72235

 NSTEP =    35500   TIME(PS) =    2111.000  TEMP(K) =   296.16  PRESS =     0.0
 Etot   =    -34411.6073  EKtot   =      9060.6270  EPtot      =    -43472.2343
 BOND   =       352.7071  ANGLE   =      1074.6127  DIHED      =      1357.2229
 1-4 NB =       463.7450  1-4 EEL =      6309.1586  VDWAALS    =      4787.5427
 EELEC  =    -57848.4371  EHBOND  =         0.0000  RESTRAINT  =        31.2139
 EAMBER (non-restraint)  =    -43503.4482
 ------------------------------------------------------------------------------

wrapping first mol.:       20.29907       28.70721       49.72235
wrapping first mol.:       20.29907       28.70721       49.72235

 NSTEP =    36000   TIME(PS) =    2112.000  TEMP(K) =   303.81  PRESS =     0.0
 Etot   =    -34301.3531  EKtot   =      9294.8281  EPtot      =    -43596.1812
 BOND   =       389.8234  ANGLE   =      1075.3067  DIHED      =      1376.5247
 1-4 NB =       444.0593  1-4 EEL =      6273.7194  VDWAALS    =      4664.6697
 EELEC  =    -57850.5084  EHBOND  =         0.0000  RESTRAINT  =        30.2241
 EAMBER (non-restraint)  =    -43626.4053
 ------------------------------------------------------------------------------

wrapping first mol.:       20.29907       28.70721       49.72235
wrapping first mol.:       20.29907       28.70721       49.72235

 NSTEP =    36500   TIME(PS) =    2113.000  TEMP(K) =   302.71  PRESS =     0.0
 Etot   =    -34403.0496  EKtot   =      9261.1836  EPtot      =    -43664.2331
 BOND   =       342.1447  ANGLE   =      1122.2817  DIHED      =      1350.1311
 1-4 NB =       429.8686  1-4 EEL =      6242.0756  VDWAALS    =      4882.0164
 EELEC  =    -58061.7508  EHBOND  =         0.0000  RESTRAINT  =        28.9995
 EAMBER (non-restraint)  =    -43693.2327
 ------------------------------------------------------------------------------

wrapping first mol.:       20.29907       28.70721       49.72235
wrapping first mol.:       20.29907       28.70721       49.72235

 NSTEP =    37000   TIME(PS) =    2114.000  TEMP(K) =   298.74  PRESS =     0.0
 Etot   =    -34516.0732  EKtot   =      9139.7461  EPtot      =    -43655.8193
 BOND   =       381.1721  ANGLE   =      1069.9568  DIHED      =      1360.5737
 1-4 NB =       438.3368  1-4 EEL =      6279.9540  VDWAALS    =      4652.6019
 EELEC  =    -57867.6487  EHBOND  =         0.0000  RESTRAINT  =        29.2340
 EAMBER (non-restraint)  =    -43685.0533
 ------------------------------------------------------------------------------

wrapping first mol.:       20.29907       28.70721       49.72235
wrapping first mol.:       20.29907       28.70721       49.72235

 NSTEP =    37500   TIME(PS) =    2115.000  TEMP(K) =   298.62  PRESS =     0.0
 Etot   =    -34568.6256  EKtot   =      9135.8428  EPtot      =    -43704.4683
 BOND   =       355.9310  ANGLE   =      1044.1585  DIHED      =      1367.7101
 1-4 NB =       459.1192  1-4 EEL =      6293.0829  VDWAALS    =      4702.6747
 EELEC  =    -57956.6981  EHBOND  =         0.0000  RESTRAINT  =        29.5535
 EAMBER (non-restraint)  =    -43734.0218
 ------------------------------------------------------------------------------

wrapping first mol.:       20.29907       28.70721       49.72235
wrapping first mol.:       20.29907       28.70721       49.72235

 NSTEP =    38000   TIME(PS) =    2116.000  TEMP(K) =   301.96  PRESS =     0.0
 Etot   =    -34448.9267  EKtot   =      9237.9824  EPtot      =    -43686.9091
 BOND   =       351.7056  ANGLE   =      1039.9180  DIHED      =      1361.8027
 1-4 NB =       451.7222  1-4 EEL =      6303.1031  VDWAALS    =      4880.2920
 EELEC  =    -58099.5200  EHBOND  =         0.0000  RESTRAINT  =        24.0673
 EAMBER (non-restraint)  =    -43710.9764
 ------------------------------------------------------------------------------

wrapping first mol.:       20.29907       28.70721       49.72235
wrapping first mol.:       20.29907       28.70721       49.72235

 NSTEP =    38500   TIME(PS) =    2117.000  TEMP(K) =   302.70  PRESS =     0.0
 Etot   =    -34384.2056  EKtot   =      9260.6602  EPtot      =    -43644.8657
 BOND   =       350.3509  ANGLE   =      1075.9896  DIHED      =      1363.3708
 1-4 NB =       444.5316  1-4 EEL =      6306.1741  VDWAALS    =      4770.9032
 EELEC  =    -57985.2013  EHBOND  =         0.0000  RESTRAINT  =        29.0154
 EAMBER (non-restraint)  =    -43673.8811
 ------------------------------------------------------------------------------

wrapping first mol.:       20.29907       28.70721       49.72235
wrapping first mol.:       20.29907       28.70721       49.72235

 NSTEP =    39000   TIME(PS) =    2118.000  TEMP(K) =   299.31  PRESS =     0.0
 Etot   =    -34603.1242  EKtot   =      9156.9766  EPtot      =    -43760.1008
 BOND   =       331.3093  ANGLE   =      1078.4389  DIHED      =      1366.1572
 1-4 NB =       451.6195  1-4 EEL =      6323.2149  VDWAALS    =      4748.9285
 EELEC  =    -58089.7428  EHBOND  =         0.0000  RESTRAINT  =        29.9739
 EAMBER (non-restraint)  =    -43790.0746
 ------------------------------------------------------------------------------

wrapping first mol.:       20.29907       28.70721       49.72235
wrapping first mol.:       20.29907       28.70721       49.72235

 NSTEP =    39500   TIME(PS) =    2119.000  TEMP(K) =   298.45  PRESS =     0.0
 Etot   =    -34457.2101  EKtot   =      9130.8105  EPtot      =    -43588.0207
 BOND   =       324.9178  ANGLE   =      1104.9568  DIHED      =      1369.4469
 1-4 NB =       441.5800  1-4 EEL =      6263.6249  VDWAALS    =      4621.7858
 EELEC  =    -57736.8272  EHBOND  =         0.0000  RESTRAINT  =        22.4945
 EAMBER (non-restraint)  =    -43610.5152
 ------------------------------------------------------------------------------

wrapping first mol.:       20.29907       28.70721       49.72235
wrapping first mol.:       20.29907       28.70721       49.72235

 NSTEP =    40000   TIME(PS) =    2120.000  TEMP(K) =   301.11  PRESS =     0.0
 Etot   =    -34311.3104  EKtot   =      9212.0869  EPtot      =    -43523.3973
 BOND   =       377.0494  ANGLE   =      1063.2066  DIHED      =      1352.9747
 1-4 NB =       446.6955  1-4 EEL =      6236.1254  VDWAALS    =      4682.3412
 EELEC  =    -57714.0928  EHBOND  =         0.0000  RESTRAINT  =        32.3027
 EAMBER (non-restraint)  =    -43555.7000
 ------------------------------------------------------------------------------

wrapping first mol.:       20.29907       28.70721       49.72235
wrapping first mol.:       20.29907       28.70721       49.72235

 NSTEP =    40500   TIME(PS) =    2121.000  TEMP(K) =   296.36  PRESS =     0.0
 Etot   =    -34558.4641  EKtot   =      9066.8223  EPtot      =    -43625.2863
 BOND   =       347.8014  ANGLE   =      1088.0636  DIHED      =      1363.9581
 1-4 NB =       442.1854  1-4 EEL =      6276.1778  VDWAALS    =      4907.8537
 EELEC  =    -58087.2920  EHBOND  =         0.0000  RESTRAINT  =        35.9658
 EAMBER (non-restraint)  =    -43661.2521
 ------------------------------------------------------------------------------

wrapping first mol.:       20.29907       28.70721       49.72235
wrapping first mol.:       20.29907       28.70721       49.72235

 NSTEP =    41000   TIME(PS) =    2122.000  TEMP(K) =   297.40  PRESS =     0.0
 Etot   =    -34499.1496  EKtot   =      9098.5713  EPtot      =    -43597.7209
 BOND   =       360.4901  ANGLE   =      1095.6838  DIHED      =      1358.0134
 1-4 NB =       451.1516  1-4 EEL =      6286.4162  VDWAALS    =      4792.0107
 EELEC  =    -57970.2083  EHBOND  =         0.0000  RESTRAINT  =        28.7214
 EAMBER (non-restraint)  =    -43626.4423
 ------------------------------------------------------------------------------

wrapping first mol.:       20.29907       28.70721       49.72235
wrapping first mol.:       20.29907       28.70721       49.72235

 NSTEP =    41500   TIME(PS) =    2123.000  TEMP(K) =   299.87  PRESS =     0.0
 Etot   =    -34450.6398  EKtot   =      9174.0557  EPtot      =    -43624.6955
 BOND   =       348.1062  ANGLE   =      1056.2033  DIHED      =      1370.4724
 1-4 NB =       450.3618  1-4 EEL =      6280.2176  VDWAALS    =      4780.5703
 EELEC  =    -57939.6712  EHBOND  =         0.0000  RESTRAINT  =        29.0442
 EAMBER (non-restraint)  =    -43653.7397
 ------------------------------------------------------------------------------

wrapping first mol.:       20.29907       28.70721       49.72235
wrapping first mol.:       20.29907       28.70721       49.72235

 NSTEP =    42000   TIME(PS) =    2124.000  TEMP(K) =   298.89  PRESS =     0.0
 Etot   =    -34383.0547  EKtot   =      9144.0947  EPtot      =    -43527.1494
 BOND   =       347.0546  ANGLE   =      1108.9445  DIHED      =      1369.2889
 1-4 NB =       444.8494  1-4 EEL =      6297.8149  VDWAALS    =      4764.9402
 EELEC  =    -57891.8920  EHBOND  =         0.0000  RESTRAINT  =        31.8499
 EAMBER (non-restraint)  =    -43558.9994
 ------------------------------------------------------------------------------

wrapping first mol.:       20.29907       28.70721       49.72235
wrapping first mol.:       20.29907       28.70721       49.72235

 NSTEP =    42500   TIME(PS) =    2125.000  TEMP(K) =   301.03  PRESS =     0.0
 Etot   =    -34615.9927  EKtot   =      9209.7627  EPtot      =    -43825.7554
 BOND   =       368.0304  ANGLE   =      1033.2342  DIHED      =      1342.7807
 1-4 NB =       440.1557  1-4 EEL =      6294.8250  VDWAALS    =      4863.4232
 EELEC  =    -58196.0336  EHBOND  =         0.0000  RESTRAINT  =        27.8289
 EAMBER (non-restraint)  =    -43853.5844
 ------------------------------------------------------------------------------

wrapping first mol.:       20.29907       28.70721       49.72235
wrapping first mol.:       20.29907       28.70721       49.72235

 NSTEP =    43000   TIME(PS) =    2126.000  TEMP(K) =   298.74  PRESS =     0.0
 Etot   =    -34426.6634  EKtot   =      9139.7148  EPtot      =    -43566.3782
 BOND   =       361.5247  ANGLE   =      1062.6705  DIHED      =      1331.6820
 1-4 NB =       457.7234  1-4 EEL =      6288.3663  VDWAALS    =      4720.5482
 EELEC  =    -57819.2028  EHBOND  =         0.0000  RESTRAINT  =        30.3094
 EAMBER (non-restraint)  =    -43596.6876
 ------------------------------------------------------------------------------

wrapping first mol.:       20.29907       28.70721       49.72235
wrapping first mol.:       20.29907       28.70721       49.72235

 NSTEP =    43500   TIME(PS) =    2127.000  TEMP(K) =   296.39  PRESS =     0.0
 Etot   =    -34659.1427  EKtot   =      9067.5938  EPtot      =    -43726.7364
 BOND   =       344.0938  ANGLE   =      1070.6474  DIHED      =      1369.9629
 1-4 NB =       440.2531  1-4 EEL =      6302.8340  VDWAALS    =      4671.5402
 EELEC  =    -57957.7737  EHBOND  =         0.0000  RESTRAINT  =        31.7059
 EAMBER (non-restraint)  =    -43758.4423
 ------------------------------------------------------------------------------

wrapping first mol.:       20.29907       28.70721       49.72235
wrapping first mol.:       20.29907       28.70721       49.72235

 NSTEP =    44000   TIME(PS) =    2128.000  TEMP(K) =   303.68  PRESS =     0.0
 Etot   =    -34280.1974  EKtot   =      9290.6758  EPtot      =    -43570.8732
 BOND   =       368.1353  ANGLE   =      1059.4594  DIHED      =      1335.4161
 1-4 NB =       442.5562  1-4 EEL =      6332.5084  VDWAALS    =      4866.1136
 EELEC  =    -58004.6147  EHBOND  =         0.0000  RESTRAINT  =        29.5525
 EAMBER (non-restraint)  =    -43600.4257
 ------------------------------------------------------------------------------

wrapping first mol.:       20.29907       28.70721       49.72235
wrapping first mol.:       20.29907       28.70721       49.72235

 NSTEP =    44500   TIME(PS) =    2129.000  TEMP(K) =   299.90  PRESS =     0.0
 Etot   =    -34354.4737  EKtot   =      9175.1631  EPtot      =    -43529.6368
 BOND   =       355.1537  ANGLE   =      1078.7489  DIHED      =      1368.3729
 1-4 NB =       450.2285  1-4 EEL =      6301.3188  VDWAALS    =      4805.1217
 EELEC  =    -57917.1052  EHBOND  =         0.0000  RESTRAINT  =        28.5240
 EAMBER (non-restraint)  =    -43558.1608
 ------------------------------------------------------------------------------

wrapping first mol.:       20.29907       28.70721       49.72235
wrapping first mol.:       20.29907       28.70721       49.72235

 NSTEP =    45000   TIME(PS) =    2130.000  TEMP(K) =   307.21  PRESS =     0.0
 Etot   =    -33985.9016  EKtot   =      9398.6631  EPtot      =    -43384.5647
 BOND   =       329.1658  ANGLE   =      1105.7633  DIHED      =      1371.5193
 1-4 NB =       437.6754  1-4 EEL =      6279.0998  VDWAALS    =      4659.8167
 EELEC  =    -57594.7154  EHBOND  =         0.0000  RESTRAINT  =        27.1104
 EAMBER (non-restraint)  =    -43411.6751
 ------------------------------------------------------------------------------

wrapping first mol.:       20.29907       28.70721       49.72235
wrapping first mol.:       20.29907       28.70721       49.72235

 NSTEP =    45500   TIME(PS) =    2131.000  TEMP(K) =   305.29  PRESS =     0.0
 Etot   =    -34208.8455  EKtot   =      9340.0078  EPtot      =    -43548.8533
 BOND   =       358.2295  ANGLE   =      1080.7828  DIHED      =      1340.4072
 1-4 NB =       462.9783  1-4 EEL =      6297.2977  VDWAALS    =      4942.2263
 EELEC  =    -58062.6521  EHBOND  =         0.0000  RESTRAINT  =        31.8770
 EAMBER (non-restraint)  =    -43580.7303
 ------------------------------------------------------------------------------

wrapping first mol.:       20.29907       28.70721       49.72235
wrapping first mol.:       20.29907       28.70721       49.72235

 NSTEP =    46000   TIME(PS) =    2132.000  TEMP(K) =   299.76  PRESS =     0.0
 Etot   =    -34402.4512  EKtot   =      9170.8838  EPtot      =    -43573.3350
 BOND   =       369.0233  ANGLE   =      1041.5934  DIHED      =      1338.8495
 1-4 NB =       446.7156  1-4 EEL =      6312.8308  VDWAALS    =      4693.8989
 EELEC  =    -57814.2990  EHBOND  =         0.0000  RESTRAINT  =        38.0524
 EAMBER (non-restraint)  =    -43611.3874
 ------------------------------------------------------------------------------

wrapping first mol.:       20.29907       28.70721       49.72235
wrapping first mol.:       20.29907       28.70721       49.72235

 NSTEP =    46500   TIME(PS) =    2133.000  TEMP(K) =   298.25  PRESS =     0.0
 Etot   =    -34530.1616  EKtot   =      9124.6367  EPtot      =    -43654.7983
 BOND   =       351.0996  ANGLE   =      1087.5623  DIHED      =      1370.3568
 1-4 NB =       432.7731  1-4 EEL =      6307.3347  VDWAALS    =      4746.6122
 EELEC  =    -57981.4730  EHBOND  =         0.0000  RESTRAINT  =        30.9360
 EAMBER (non-restraint)  =    -43685.7344
 ------------------------------------------------------------------------------

wrapping first mol.:       20.29907       28.70721       49.72235
wrapping first mol.:       20.29907       28.70721       49.72235

 NSTEP =    47000   TIME(PS) =    2134.000  TEMP(K) =   296.45  PRESS =     0.0
 Etot   =    -34511.3600  EKtot   =      9069.4131  EPtot      =    -43580.7731
 BOND   =       361.0143  ANGLE   =      1071.4566  DIHED      =      1365.3092
 1-4 NB =       453.5956  1-4 EEL =      6296.8321  VDWAALS    =      4684.3982
 EELEC  =    -57848.3950  EHBOND  =         0.0000  RESTRAINT  =        35.0158
 EAMBER (non-restraint)  =    -43615.7889
 ------------------------------------------------------------------------------

wrapping first mol.:       20.29907       28.70721       49.72235
wrapping first mol.:       20.29907       28.70721       49.72235

 NSTEP =    47500   TIME(PS) =    2135.000  TEMP(K) =   300.11  PRESS =     0.0
 Etot   =    -34410.6125  EKtot   =      9181.6504  EPtot      =    -43592.2629
 BOND   =       361.7454  ANGLE   =      1089.7768  DIHED      =      1377.4346
 1-4 NB =       442.0293  1-4 EEL =      6271.6926  VDWAALS    =      4742.9098
 EELEC  =    -57915.6791  EHBOND  =         0.0000  RESTRAINT  =        37.8276
 EAMBER (non-restraint)  =    -43630.0905
 ------------------------------------------------------------------------------

wrapping first mol.:       20.29907       28.70721       49.72235
wrapping first mol.:       20.29907       28.70721       49.72235

 NSTEP =    48000   TIME(PS) =    2136.000  TEMP(K) =   299.85  PRESS =     0.0
 Etot   =    -34324.1269  EKtot   =      9173.4932  EPtot      =    -43497.6201
 BOND   =       356.6870  ANGLE   =      1134.7344  DIHED      =      1346.7242
 1-4 NB =       441.6210  1-4 EEL =      6280.5254  VDWAALS    =      4698.2475
 EELEC  =    -57796.4839  EHBOND  =         0.0000  RESTRAINT  =        40.3244
 EAMBER (non-restraint)  =    -43537.9444
 ------------------------------------------------------------------------------

wrapping first mol.:       20.29907       28.70721       49.72235
wrapping first mol.:       20.29907       28.70721       49.72235

 NSTEP =    48500   TIME(PS) =    2137.000  TEMP(K) =   300.28  PRESS =     0.0
 Etot   =    -34360.0114  EKtot   =      9186.6748  EPtot      =    -43546.6863
 BOND   =       373.7482  ANGLE   =      1072.2931  DIHED      =      1367.9173
 1-4 NB =       453.5184  1-4 EEL =      6310.0704  VDWAALS    =      4674.5730
 EELEC  =    -57829.2289  EHBOND  =         0.0000  RESTRAINT  =        30.4222
 EAMBER (non-restraint)  =    -43577.1085
 ------------------------------------------------------------------------------

wrapping first mol.:       20.29907       28.70721       49.72235
wrapping first mol.:       20.29907       28.70721       49.72235

 NSTEP =    49000   TIME(PS) =    2138.000  TEMP(K) =   296.76  PRESS =     0.0
 Etot   =    -34606.7840  EKtot   =      9079.0869  EPtot      =    -43685.8709
 BOND   =       348.0072  ANGLE   =      1028.3921  DIHED      =      1371.1116
 1-4 NB =       462.6497  1-4 EEL =      6301.2106  VDWAALS    =      4776.6051
 EELEC  =    -58004.6034  EHBOND  =         0.0000  RESTRAINT  =        30.7562
 EAMBER (non-restraint)  =    -43716.6271
 ------------------------------------------------------------------------------

wrapping first mol.:       20.29907       28.70721       49.72235
wrapping first mol.:       20.29907       28.70721       49.72235

 NSTEP =    49500   TIME(PS) =    2139.000  TEMP(K) =   303.23  PRESS =     0.0
 Etot   =    -34365.4924  EKtot   =      9276.8164  EPtot      =    -43642.3088
 BOND   =       371.5017  ANGLE   =      1065.2364  DIHED      =      1369.3154
 1-4 NB =       441.9883  1-4 EEL =      6305.5362  VDWAALS    =      4738.6843
 EELEC  =    -57965.3039  EHBOND  =         0.0000  RESTRAINT  =        30.7328
 EAMBER (non-restraint)  =    -43673.0416
 ------------------------------------------------------------------------------

wrapping first mol.:       20.29907       28.70721       49.72235
wrapping first mol.:       20.29907       28.70721       49.72235

 NSTEP =    50000   TIME(PS) =    2140.000  TEMP(K) =   299.55  PRESS =     0.0
 Etot   =    -34452.2627  EKtot   =      9164.3789  EPtot      =    -43616.6416
 BOND   =       368.5923  ANGLE   =      1078.6638  DIHED      =      1372.1225
 1-4 NB =       438.5226  1-4 EEL =      6261.1377  VDWAALS    =      4946.2108
 EELEC  =    -58110.1879  EHBOND  =         0.0000  RESTRAINT  =        28.2965
 EAMBER (non-restraint)  =    -43644.9382
 ------------------------------------------------------------------------------


      A V E R A G E S   O V E R     100 S T E P S


 NSTEP =    50000   TIME(PS) =    2140.000  TEMP(K) =   299.75  PRESS =     0.0
 Etot   =    -34459.5551  EKtot   =      9170.5162  EPtot      =    -43630.0713
 BOND   =       353.8616  ANGLE   =      1069.4050  DIHED      =      1363.1191
 1-4 NB =       446.6639  1-4 EEL =      6300.5760  VDWAALS    =      4775.6247
 EELEC  =    -57969.9660  EHBOND  =         0.0000  RESTRAINT  =        30.6443
 EAMBER (non-restraint)  =    -43660.7156
 ------------------------------------------------------------------------------


      R M S  F L U C T U A T I O N S


 NSTEP =    50000   TIME(PS) =    2140.000  TEMP(K) =     2.63  PRESS =     0.0
 Etot   =       133.3226  EKtot   =        80.3152  EPtot      =        98.3185
 BOND   =        15.3047  ANGLE   =        23.9312  DIHED      =        12.9090
 1-4 NB =         8.5346  1-4 EEL =        20.9580  VDWAALS    =        97.0816
 EELEC  =       152.2052  EHBOND  =         0.0000  RESTRAINT  =         3.3235
 EAMBER (non-restraint)  =        94.9950
 ------------------------------------------------------------------------------

--------------------------------------------------------------------------------
   5.  TIMINGS
--------------------------------------------------------------------------------

|  NonSetup CPU Time in Major Routines:
|
|     Routine           Sec        %
|     ------------------------------
|     Nonbond          13.11   33.66
|     Bond              0.00    0.00
|     Angle             0.00    0.00
|     Dihedral          0.00    0.00
|     Shake             0.76    1.94
|     RunMD            25.00   64.19
|     Other             0.08    0.22
|     ------------------------------
|     Total            38.96

|  PME Nonbond Pairlist CPU Time:
|
|     Routine              Sec        %
|     ---------------------------------
|     Set Up Cit           0.00    0.00
|     Build List           0.00    0.00
|     ---------------------------------
|     Total                0.00    0.00

|  PME Direct Force CPU Time:
|
|     Routine              Sec        %
|     ---------------------------------
|     NonBonded Calc       0.00    0.00
|     Exclude Masked       0.00    0.00
|     Other                0.02    0.06
|     ---------------------------------
|     Total                0.02    0.06

|  PME Reciprocal Force CPU Time:
|
|     Routine              Sec        %
|     ---------------------------------
|     1D bspline           0.00    0.00
|     Grid Charges         0.00    0.00
|     Scalar Sum           0.00    0.00
|     Gradient Sum         0.00    0.00
|     FFT                  0.00    0.00
|     ---------------------------------
|     Total                0.00    0.00

|  Final Performance Info:
|     -----------------------------------------------------
|     Average timings for last   49500 steps:
|     Elapsed(s) =      38.69 Per Step(ms) =       0.78
|         ns/day =     221.10   seconds/ns =     390.78
|
|     Average timings for all steps:
|     Elapsed(s) =      39.10 Per Step(ms) =       0.78
|         ns/day =     220.96   seconds/ns =     391.02
|     -----------------------------------------------------

|  Setup CPU time:            3.64 seconds
|  NonSetup CPU time:        38.96 seconds
|  Total CPU time:           42.59 seconds     0.01 hours

|  Setup wall time:           3    seconds
|  NonSetup wall time:       40    seconds
|  Total wall time:          43    seconds     0.01 hours
