
          -------------------------------------------------------
          Amber 16 PMEMD                              2016
          -------------------------------------------------------

| PMEMD implementation of SANDER, Release 16

| Run on 11/17/2017 at 08:24:47

|   Executable path: /apps/amber16/bin/pmemd.cuda
| Working directory: /home/pbarletta
|          Hostname: mordor

  [-O]verwriting output

File Assignments:
|   MDIN: /scratch/pbarletta/cph_obp/run/ctv/mhe/e/22equ.in                     
|  MDOUT: /scratch/pbarletta/cph_obp/run/ctv/mhe/e/22equ.out                    
| INPCRD: /scratch/pbarletta/cph_obp/run/ctv/mhe/e/21ectv.rst7                  
|   PARM: /scratch/pbarletta/cph_obp/top_files/ctv.prmtop                       
| RESTRT: /scratch/pbarletta/cph_obp/run/ctv/mhe/e/22ectv.rst7                  
|   REFC: /scratch/pbarletta/cph_obp/run/ctv/mhe/e/21ectv.rst7                  
|  MDVEL: mdvel                                                                 
|   MDEN: mden                                                                  
|  MDCRD: /scratch/pbarletta/cph_obp/run/ctv/mhe/e/22ectv.nc                    
| MDINFO: mdinfo                                                                
|  MDFRC: mdfrc                                                                 


 Here is the input file:

Equilibration with solute restrictions                                         
&cntrl                                                                         
imin = 0,                           ! No Minimization                          
nmropt = 0,                         ! No NMR restraints read                   
                                                                               
! Nature and format of the input                                               
ntx = 5,                            ! Coordinates but no velocities will be rea
irest = 1,                          ! Do not run a new simulation              
                                                                               
! Nature and format of the output                                              
ntxo = 1,                           ! rstrt file in ASCII format               
ntpr = 500,                         ! inf in output every ntpr steps           
ntwr = 500,                         ! rstrt file every ntwr steps              
ntwx = 500,                         ! mdcrd file every ntwx steps              
ntwv = 0,                           ! mdvel without velocities                 
ntwe = 0,                           ! Energies and temperatures not written in 
idecomp = 0,                        ! No energy decomposition                  
iwrap = 1,                          ! Coordinates of the restart and mdcrd file
                                                                               
! Frozen or restrained atoms                                                   
ibelly = 0,                         ! No frozen atoms                          
ntr=1,                              ! Harmonic potential restraints            
restraint_wt = 0.2,                ! The weight for the positional restraints  
restraintmask = ':1-120@N,CA,C,O',  ! restrained residues                      
                                                                               
! Molecular dynamics                                                           
nstlim = 50000,                     ! Number of MD-steps                       
dt = 0.002,                         ! Time step                                
                                                                               
! Temperature regulation                                                       
ntt = 3,                            ! Langevin thermostat                      
gamma_ln = 5,                       ! Gamma constant for Langevin              
temp0 = 300.0,                      ! Reference T at which the system is to be 
tempi = 300.0,                      ! Initial T                                
ig = -1,                            ! Seed for the RNG                         
                                                                               
! P and V regulation                                                           
ntp = 0,                            ! No pressure control                      
ntb = 1,                            ! Periodic box for constant V              
                                                                               
! SHAKE variables                                                              
ntc = 2,                            ! Bonds involving H are constrained        
ntf = 2,                            ! Bond interaction involving H are ommited.
                                                                               
cut = 10.0,                         ! Nonbonded cutoff                         
                                                                               
/                                                                              
&end                                                                           


Note: ig = -1. Setting random seed to   315636 based on wallclock time in 
      microseconds.
| irandom = 1, using AMBER's internal random number generator (default).
 
|--------------------- INFORMATION ----------------------
| GPU (CUDA) Version of PMEMD in use: NVIDIA GPU IN USE.
|                    Version 16.0.0
| 
|                      02/25/2016
| 
| Implementation by:
|                    Ross C. Walker     (SDSC)
|                    Scott Le Grand     (nVIDIA)
| 
| Precision model in use:
|      [SPFP] - Single Precision Forces, 64-bit Fixed Point
|               Accumulation. (Default)
| 
|--------------------------------------------------------
 
|----------------- CITATION INFORMATION -----------------
|
|    When publishing work that utilized the CUDA version
|    of AMBER, please cite the following in addition to
|    the regular AMBER citations:
|
|  - Romelia Salomon-Ferrer; Andreas W. Goetz; Duncan
|    Poole; Scott Le Grand; Ross C. Walker "Routine
|    microsecond molecular dynamics simulations with
|    AMBER - Part II: Particle Mesh Ewald", J. Chem.
|    Theory Comput., 2013, 9 (9), pp3878-3888,
|    DOI: 10.1021/ct400314y.
|
|  - Andreas W. Goetz; Mark J. Williamson; Dong Xu;
|    Duncan Poole; Scott Le Grand; Ross C. Walker
|    "Routine microsecond molecular dynamics simulations
|    with AMBER - Part I: Generalized Born", J. Chem.
|    Theory Comput., 2012, 8 (5), pp1542-1555.
|
|  - Scott Le Grand; Andreas W. Goetz; Ross C. Walker
|    "SPFP: Speed without compromise - a mixed precision
|    model for GPU accelerated molecular dynamics
|    simulations.", Comp. Phys. Comm., 2013, 184
|    pp374-380, DOI: 10.1016/j.cpc.2012.09.022
|
|--------------------------------------------------------
 
|------------------- GPU DEVICE INFO --------------------
|
|            CUDA_VISIBLE_DEVICES: 1
|   CUDA Capable Devices Detected:      1
|           CUDA Device ID in use:      0
|                CUDA Device Name: GeForce GTX 1080 Ti
|     CUDA Device Global Mem Size:  11172 MB
| CUDA Device Num Multiprocessors:     28
|           CUDA Device Core Freq:   1.58 GHz
|
|--------------------------------------------------------
 
 
| Conditional Compilation Defines Used:
| PUBFFT
| BINTRAJ
| CUDA
| EMIL

| Largest sphere to fit in unit cell has radius =    24.861

| New format PARM file being parsed.
| Version =    1.000 Date = 11/14/17 Time = 21:26:59

| Note: 1-4 EEL scale factors are being read from the topology file.

| Note: 1-4 VDW scale factors are being read from the topology file.
| Duplicated    0 dihedrals

| Duplicated    0 dihedrals

--------------------------------------------------------------------------------
   1.  RESOURCE   USE: 
--------------------------------------------------------------------------------

 getting new box info from bottom of inpcrd
 NATOM  =   14918 NTYPES =      18 NBONH =   13963 MBONA  =     961
 NTHETH =    2368 MTHETA =    1289 NPHIH =    4522 MPHIA  =    3259
 NHPARM =       0 NPARM  =       0 NNB   =   28275 NRES   =    4423
 NBONA  =     961 NTHETA =    1289 NPHIA =    3259 NUMBND =      48
 NUMANG =     101 NPTRA  =      41 NATYP =      33 NPHB   =       1
 IFBOX  =       2 NMXRS  =      26 IFCAP =       0 NEXTRA =       0
 NCOPY  =       0

| Coordinate Index Table dimensions:     9    9    9
| Direct force subcell size =     6.7664    6.7664    6.7664

     BOX TYPE: TRUNCATED OCTAHEDRON

--------------------------------------------------------------------------------
   2.  CONTROL  DATA  FOR  THE  RUN
--------------------------------------------------------------------------------

default_name                                                                    

General flags:
     imin    =       0, nmropt  =       0

Nature and format of input:
     ntx     =       5, irest   =       1, ntrx    =       1

Nature and format of output:
     ntxo    =       1, ntpr    =     500, ntrx    =       1, ntwr    =     500
     iwrap   =       1, ntwx    =     500, ntwv    =       0, ntwe    =       0
     ioutfm  =       1, ntwprt  =       0, idecomp =       0, rbornstat=      0

Potential function:
     ntf     =       2, ntb     =       1, igb     =       0, nsnb    =      25
     ipol    =       0, gbsa    =       0, iesp    =       0
     dielc   =   1.00000, cut     =  10.00000, intdiel =   1.00000

Frozen or restrained atoms:
     ibelly  =       0, ntr     =       1
     restraint_wt =   0.20000

Molecular dynamics:
     nstlim  =     50000, nscm    =         0, nrespa  =         1
     t       =   0.00000, dt      =   0.00200, vlimit  =  -1.00000

Langevin dynamics temperature regulation:
     ig      =  315636
     temp0   = 300.00000, tempi   = 300.00000, gamma_ln=   5.00000

SHAKE:
     ntc     =       2, jfastw  =       0
     tol     =   0.00001

| Intermolecular bonds treatment:
|     no_intermolecular_bonds =       1

| Energy averages sample interval:
|     ene_avg_sampling =     500

Ewald parameters:
     verbose =       0, ew_type =       0, nbflag  =       1, use_pme =       1
     vdwmeth =       1, eedmeth =       1, netfrc  =       1
     Box X =   60.897   Box Y =   60.897   Box Z =   60.897
     Alpha =  109.471   Beta  =  109.471   Gamma =  109.471
     NFFT1 =   64       NFFT2 =   64       NFFT3 =   64
     Cutoff=   10.000   Tol   =0.100E-04
     Ewald Coefficient =  0.27511
     Interpolation order =    4

    LOADING THE CONSTRAINED ATOMS AS GROUPS


   5.  REFERENCE ATOM COORDINATES

  default_name                                                                    
     Mask :1-120@N,CA,C,O; matches   476 atoms

--------------------------------------------------------------------------------
   3.  ATOMIC COORDINATES AND VELOCITIES
--------------------------------------------------------------------------------

default_name                                                                    
 begin time read from input coords =  2240.000 ps

 
 Number of triangulated 3-point waters found:     4302

     Sum of charges from parm topology file =   0.00000094
     Forcing neutrality...

| Dynamic Memory, Types Used:
| Reals              578204
| Integers           551472

| Nonbonded Pairs Initial Allocation:     4512322

| GPU memory information (estimate):
| KB of GPU memory in use:    141360
| KB of CPU memory in use:     29328

--------------------------------------------------------------------------------
   4.  RESULTS
--------------------------------------------------------------------------------

 ---------------------------------------------------
 APPROXIMATING switch and d/dx switch using CUBIC SPLINE INTERPOLATION
 using   5000.0 points per unit in tabled values
 TESTING RELATIVE ERROR over r ranging from 0.0 to cutoff
| CHECK switch(x): max rel err =   0.2738E-14   at   2.422500
| CHECK d/dx switch(x): max rel err =   0.8314E-11   at   2.736960
 ---------------------------------------------------
|---------------------------------------------------
| APPROXIMATING direct energy using CUBIC SPLINE INTERPOLATION
|  with   50.0 points per unit in tabled values
| Relative Error Limit not exceeded for r .gt.   2.33
| APPROXIMATING direct force using CUBIC SPLINE INTERPOLATION
|  with   50.0 points per unit in tabled values
| Relative Error Limit not exceeded for r .gt.   2.80
|---------------------------------------------------
wrapping first mol.:       20.29907       28.70721       49.72235
wrapping first mol.:       20.29907       28.70721       49.72235

 NSTEP =      500   TIME(PS) =    2241.000  TEMP(K) =   301.71  PRESS =     0.0
 Etot   =    -34410.1840  EKtot   =      9230.3877  EPtot      =    -43640.5717
 BOND   =       379.2480  ANGLE   =      1039.6169  DIHED      =      1362.0653
 1-4 NB =       446.1927  1-4 EEL =      6272.3278  VDWAALS    =      4707.2738
 EELEC  =    -57863.2021  EHBOND  =         0.0000  RESTRAINT  =        15.9059
 EAMBER (non-restraint)  =    -43656.4776
 ------------------------------------------------------------------------------

wrapping first mol.:       20.29907       28.70721       49.72235
wrapping first mol.:       20.29907       28.70721       49.72235

 NSTEP =     1000   TIME(PS) =    2242.000  TEMP(K) =   298.02  PRESS =     0.0
 Etot   =    -34389.8246  EKtot   =      9117.4434  EPtot      =    -43507.2680
 BOND   =       349.1149  ANGLE   =      1108.7621  DIHED      =      1366.7837
 1-4 NB =       443.9473  1-4 EEL =      6271.7352  VDWAALS    =      4790.0158
 EELEC  =    -57852.7906  EHBOND  =         0.0000  RESTRAINT  =        15.1635
 EAMBER (non-restraint)  =    -43522.4315
 ------------------------------------------------------------------------------

wrapping first mol.:       20.29907       28.70721       49.72235
wrapping first mol.:       20.29907       28.70721       49.72235

 NSTEP =     1500   TIME(PS) =    2243.000  TEMP(K) =   299.30  PRESS =     0.0
 Etot   =    -34404.2198  EKtot   =      9156.8789  EPtot      =    -43561.0987
 BOND   =       356.5317  ANGLE   =      1070.7717  DIHED      =      1332.7279
 1-4 NB =       450.9126  1-4 EEL =      6287.1571  VDWAALS    =      4734.0870
 EELEC  =    -57813.3720  EHBOND  =         0.0000  RESTRAINT  =        20.0852
 EAMBER (non-restraint)  =    -43581.1840
 ------------------------------------------------------------------------------

wrapping first mol.:       20.29907       28.70721       49.72235
wrapping first mol.:       20.29907       28.70721       49.72235

 NSTEP =     2000   TIME(PS) =    2244.000  TEMP(K) =   300.45  PRESS =     0.0
 Etot   =    -34568.8058  EKtot   =      9192.0059  EPtot      =    -43760.8116
 BOND   =       356.1467  ANGLE   =      1080.6431  DIHED      =      1336.3587
 1-4 NB =       440.3683  1-4 EEL =      6257.4944  VDWAALS    =      4677.7537
 EELEC  =    -57930.0017  EHBOND  =         0.0000  RESTRAINT  =        20.4252
 EAMBER (non-restraint)  =    -43781.2368
 ------------------------------------------------------------------------------

wrapping first mol.:       20.29907       28.70721       49.72235
wrapping first mol.:       20.29907       28.70721       49.72235

 NSTEP =     2500   TIME(PS) =    2245.000  TEMP(K) =   299.15  PRESS =     0.0
 Etot   =    -34469.7057  EKtot   =      9152.0498  EPtot      =    -43621.7555
 BOND   =       340.6080  ANGLE   =      1061.1807  DIHED      =      1355.4754
 1-4 NB =       453.5531  1-4 EEL =      6266.7018  VDWAALS    =      4710.1616
 EELEC  =    -57829.6611  EHBOND  =         0.0000  RESTRAINT  =        20.2251
 EAMBER (non-restraint)  =    -43641.9806
 ------------------------------------------------------------------------------

wrapping first mol.:       20.29907       28.70721       49.72235
wrapping first mol.:       20.29907       28.70721       49.72235

 NSTEP =     3000   TIME(PS) =    2246.000  TEMP(K) =   303.07  PRESS =     0.0
 Etot   =    -34275.9079  EKtot   =      9272.1914  EPtot      =    -43548.0993
 BOND   =       353.2834  ANGLE   =      1044.8685  DIHED      =      1359.5434
 1-4 NB =       456.1768  1-4 EEL =      6295.0953  VDWAALS    =      4695.0262
 EELEC  =    -57773.6998  EHBOND  =         0.0000  RESTRAINT  =        21.6068
 EAMBER (non-restraint)  =    -43569.7061
 ------------------------------------------------------------------------------

wrapping first mol.:       20.29907       28.70721       49.72235
wrapping first mol.:       20.29907       28.70721       49.72235

 NSTEP =     3500   TIME(PS) =    2247.000  TEMP(K) =   299.12  PRESS =     0.0
 Etot   =    -34415.1940  EKtot   =      9151.1143  EPtot      =    -43566.3082
 BOND   =       357.3226  ANGLE   =      1076.0218  DIHED      =      1341.8421
 1-4 NB =       448.1541  1-4 EEL =      6248.5176  VDWAALS    =      4849.2615
 EELEC  =    -57910.4347  EHBOND  =         0.0000  RESTRAINT  =        23.0066
 EAMBER (non-restraint)  =    -43589.3148
 ------------------------------------------------------------------------------

wrapping first mol.:       20.29907       28.70721       49.72235
wrapping first mol.:       20.29907       28.70721       49.72235

 NSTEP =     4000   TIME(PS) =    2248.000  TEMP(K) =   303.82  PRESS =     0.0
 Etot   =    -34177.8935  EKtot   =      9295.1455  EPtot      =    -43473.0390
 BOND   =       351.8648  ANGLE   =      1073.0358  DIHED      =      1362.0780
 1-4 NB =       464.1929  1-4 EEL =      6296.6744  VDWAALS    =      4710.7001
 EELEC  =    -57756.7723  EHBOND  =         0.0000  RESTRAINT  =        25.1872
 EAMBER (non-restraint)  =    -43498.2262
 ------------------------------------------------------------------------------

wrapping first mol.:       20.29907       28.70721       49.72235
wrapping first mol.:       20.29907       28.70721       49.72235

 NSTEP =     4500   TIME(PS) =    2249.000  TEMP(K) =   300.52  PRESS =     0.0
 Etot   =    -34358.9656  EKtot   =      9193.9512  EPtot      =    -43552.9168
 BOND   =       348.0640  ANGLE   =      1074.3630  DIHED      =      1368.3799
 1-4 NB =       441.3859  1-4 EEL =      6272.8907  VDWAALS    =      4601.6480
 EELEC  =    -57682.1347  EHBOND  =         0.0000  RESTRAINT  =        22.4865
 EAMBER (non-restraint)  =    -43575.4033
 ------------------------------------------------------------------------------

wrapping first mol.:       20.29907       28.70721       49.72235
wrapping first mol.:       20.29907       28.70721       49.72235

 NSTEP =     5000   TIME(PS) =    2250.000  TEMP(K) =   295.85  PRESS =     0.0
 Etot   =    -34567.4747  EKtot   =      9051.1514  EPtot      =    -43618.6261
 BOND   =       383.8354  ANGLE   =      1045.7697  DIHED      =      1369.5544
 1-4 NB =       446.8056  1-4 EEL =      6266.2741  VDWAALS    =      4563.1766
 EELEC  =    -57716.9428  EHBOND  =         0.0000  RESTRAINT  =        22.9011
 EAMBER (non-restraint)  =    -43641.5272
 ------------------------------------------------------------------------------

wrapping first mol.:       20.29907       28.70721       49.72235
wrapping first mol.:       20.29907       28.70721       49.72235

 NSTEP =     5500   TIME(PS) =    2251.000  TEMP(K) =   296.15  PRESS =     0.0
 Etot   =    -34479.0663  EKtot   =      9060.3398  EPtot      =    -43539.4062
 BOND   =       360.2956  ANGLE   =      1031.2319  DIHED      =      1382.4708
 1-4 NB =       437.7470  1-4 EEL =      6286.9510  VDWAALS    =      4602.4093
 EELEC  =    -57666.3299  EHBOND  =         0.0000  RESTRAINT  =        25.8181
 EAMBER (non-restraint)  =    -43565.2242
 ------------------------------------------------------------------------------

wrapping first mol.:       20.29907       28.70721       49.72235
wrapping first mol.:       20.29907       28.70721       49.72235

 NSTEP =     6000   TIME(PS) =    2252.000  TEMP(K) =   301.93  PRESS =     0.0
 Etot   =    -34330.9058  EKtot   =      9237.1230  EPtot      =    -43568.0288
 BOND   =       360.9743  ANGLE   =      1051.5630  DIHED      =      1374.7803
 1-4 NB =       432.2588  1-4 EEL =      6265.7869  VDWAALS    =      4691.7555
 EELEC  =    -57769.1700  EHBOND  =         0.0000  RESTRAINT  =        24.0223
 EAMBER (non-restraint)  =    -43592.0511
 ------------------------------------------------------------------------------

wrapping first mol.:       20.29907       28.70721       49.72235
wrapping first mol.:       20.29907       28.70721       49.72235

 NSTEP =     6500   TIME(PS) =    2253.000  TEMP(K) =   301.04  PRESS =     0.0
 Etot   =    -34349.8853  EKtot   =      9209.8262  EPtot      =    -43559.7115
 BOND   =       367.2068  ANGLE   =      1045.5735  DIHED      =      1362.0324
 1-4 NB =       453.3918  1-4 EEL =      6257.6450  VDWAALS    =      4582.0317
 EELEC  =    -57650.7236  EHBOND  =         0.0000  RESTRAINT  =        23.1309
 EAMBER (non-restraint)  =    -43582.8424
 ------------------------------------------------------------------------------

wrapping first mol.:       20.29907       28.70721       49.72235
wrapping first mol.:       20.29907       28.70721       49.72235

 NSTEP =     7000   TIME(PS) =    2254.000  TEMP(K) =   301.32  PRESS =     0.0
 Etot   =    -34439.1290  EKtot   =      9218.5801  EPtot      =    -43657.7091
 BOND   =       353.5454  ANGLE   =      1041.8397  DIHED      =      1366.6163
 1-4 NB =       438.4433  1-4 EEL =      6256.3788  VDWAALS    =      4849.2612
 EELEC  =    -57984.8603  EHBOND  =         0.0000  RESTRAINT  =        21.0665
 EAMBER (non-restraint)  =    -43678.7756
 ------------------------------------------------------------------------------

wrapping first mol.:       20.29907       28.70721       49.72235
wrapping first mol.:       20.29907       28.70721       49.72235

 NSTEP =     7500   TIME(PS) =    2255.000  TEMP(K) =   299.36  PRESS =     0.0
 Etot   =    -34552.8991  EKtot   =      9158.6104  EPtot      =    -43711.5095
 BOND   =       368.0775  ANGLE   =      1059.4781  DIHED      =      1338.4322
 1-4 NB =       448.9712  1-4 EEL =      6279.8489  VDWAALS    =      4889.0167
 EELEC  =    -58113.8524  EHBOND  =         0.0000  RESTRAINT  =        18.5182
 EAMBER (non-restraint)  =    -43730.0277
 ------------------------------------------------------------------------------

wrapping first mol.:       20.29907       28.70721       49.72235
wrapping first mol.:       20.29907       28.70721       49.72235

 NSTEP =     8000   TIME(PS) =    2256.000  TEMP(K) =   300.83  PRESS =     0.0
 Etot   =    -34491.8036  EKtot   =      9203.6768  EPtot      =    -43695.4803
 BOND   =       335.9769  ANGLE   =      1044.6559  DIHED      =      1387.1032
 1-4 NB =       463.5633  1-4 EEL =      6289.5419  VDWAALS    =      4872.6373
 EELEC  =    -58110.0051  EHBOND  =         0.0000  RESTRAINT  =        21.0462
 EAMBER (non-restraint)  =    -43716.5266
 ------------------------------------------------------------------------------

wrapping first mol.:       20.29907       28.70721       49.72235
wrapping first mol.:       20.29907       28.70721       49.72235

 NSTEP =     8500   TIME(PS) =    2257.000  TEMP(K) =   302.52  PRESS =     0.0
 Etot   =    -34591.2496  EKtot   =      9255.2559  EPtot      =    -43846.5054
 BOND   =       348.8568  ANGLE   =      1041.0521  DIHED      =      1347.8816
 1-4 NB =       463.0129  1-4 EEL =      6293.5869  VDWAALS    =      4939.2135
 EELEC  =    -58300.1635  EHBOND  =         0.0000  RESTRAINT  =        20.0543
 EAMBER (non-restraint)  =    -43866.5598
 ------------------------------------------------------------------------------

wrapping first mol.:       20.29907       28.70721       49.72235
wrapping first mol.:       20.29907       28.70721       49.72235

 NSTEP =     9000   TIME(PS) =    2258.000  TEMP(K) =   298.00  PRESS =     0.0
 Etot   =    -34587.3850  EKtot   =      9116.8281  EPtot      =    -43704.2131
 BOND   =       353.8375  ANGLE   =      1066.0351  DIHED      =      1340.5497
 1-4 NB =       442.1152  1-4 EEL =      6259.5922  VDWAALS    =      4781.6969
 EELEC  =    -57970.8059  EHBOND  =         0.0000  RESTRAINT  =        22.7662
 EAMBER (non-restraint)  =    -43726.9793
 ------------------------------------------------------------------------------

wrapping first mol.:       20.29907       28.70721       49.72235
wrapping first mol.:       20.29907       28.70721       49.72235

 NSTEP =     9500   TIME(PS) =    2259.000  TEMP(K) =   299.69  PRESS =     0.0
 Etot   =    -34454.3267  EKtot   =      9168.5811  EPtot      =    -43622.9078
 BOND   =       364.5080  ANGLE   =      1047.9222  DIHED      =      1361.2081
 1-4 NB =       445.4068  1-4 EEL =      6264.3434  VDWAALS    =      4838.4862
 EELEC  =    -57965.5006  EHBOND  =         0.0000  RESTRAINT  =        20.7181
 EAMBER (non-restraint)  =    -43643.6259
 ------------------------------------------------------------------------------

wrapping first mol.:       20.29907       28.70721       49.72235
wrapping first mol.:       20.29907       28.70721       49.72235

 NSTEP =    10000   TIME(PS) =    2260.000  TEMP(K) =   301.34  PRESS =     0.0
 Etot   =    -34564.8604  EKtot   =      9219.0078  EPtot      =    -43783.8682
 BOND   =       315.4830  ANGLE   =      1102.3755  DIHED      =      1354.9790
 1-4 NB =       442.6510  1-4 EEL =      6293.7446  VDWAALS    =      4881.1589
 EELEC  =    -58193.5382  EHBOND  =         0.0000  RESTRAINT  =        19.2779
 EAMBER (non-restraint)  =    -43803.1461
 ------------------------------------------------------------------------------

wrapping first mol.:       20.29907       28.70721       49.72235
wrapping first mol.:       20.29907       28.70721       49.72235

 NSTEP =    10500   TIME(PS) =    2261.000  TEMP(K) =   300.78  PRESS =     0.0
 Etot   =    -34366.9985  EKtot   =      9202.0977  EPtot      =    -43569.0961
 BOND   =       358.6428  ANGLE   =      1065.8804  DIHED      =      1370.9354
 1-4 NB =       448.2290  1-4 EEL =      6263.8186  VDWAALS    =      4795.8338
 EELEC  =    -57890.7643  EHBOND  =         0.0000  RESTRAINT  =        18.3282
 EAMBER (non-restraint)  =    -43587.4244
 ------------------------------------------------------------------------------

wrapping first mol.:       20.29907       28.70721       49.72235
wrapping first mol.:       20.29907       28.70721       49.72235

 NSTEP =    11000   TIME(PS) =    2262.000  TEMP(K) =   299.54  PRESS =     0.0
 Etot   =    -34302.3500  EKtot   =      9163.9590  EPtot      =    -43466.3090
 BOND   =       378.9830  ANGLE   =      1105.5631  DIHED      =      1366.9717
 1-4 NB =       452.8850  1-4 EEL =      6266.3221  VDWAALS    =      4748.0635
 EELEC  =    -57804.9885  EHBOND  =         0.0000  RESTRAINT  =        19.8912
 EAMBER (non-restraint)  =    -43486.2002
 ------------------------------------------------------------------------------

wrapping first mol.:       20.29907       28.70721       49.72235
wrapping first mol.:       20.29907       28.70721       49.72235

 NSTEP =    11500   TIME(PS) =    2263.000  TEMP(K) =   300.19  PRESS =     0.0
 Etot   =    -34369.9592  EKtot   =      9183.9707  EPtot      =    -43553.9299
 BOND   =       342.6486  ANGLE   =      1102.7587  DIHED      =      1367.6802
 1-4 NB =       442.0940  1-4 EEL =      6260.4993  VDWAALS    =      4684.1692
 EELEC  =    -57776.9726  EHBOND  =         0.0000  RESTRAINT  =        23.1927
 EAMBER (non-restraint)  =    -43577.1227
 ------------------------------------------------------------------------------

wrapping first mol.:       20.29907       28.70721       49.72235
wrapping first mol.:       20.29907       28.70721       49.72235

 NSTEP =    12000   TIME(PS) =    2264.000  TEMP(K) =   302.03  PRESS =     0.0
 Etot   =    -34231.3582  EKtot   =      9240.3691  EPtot      =    -43471.7274
 BOND   =       375.6001  ANGLE   =      1050.1773  DIHED      =      1334.3908
 1-4 NB =       460.7083  1-4 EEL =      6310.5584  VDWAALS    =      4584.6048
 EELEC  =    -57610.1398  EHBOND  =         0.0000  RESTRAINT  =        22.3728
 EAMBER (non-restraint)  =    -43494.1002
 ------------------------------------------------------------------------------

wrapping first mol.:       20.29907       28.70721       49.72235
wrapping first mol.:       20.29907       28.70721       49.72235

 NSTEP =    12500   TIME(PS) =    2265.000  TEMP(K) =   299.99  PRESS =     0.0
 Etot   =    -34635.2484  EKtot   =      9177.7881  EPtot      =    -43813.0365
 BOND   =       367.8191  ANGLE   =      1078.6887  DIHED      =      1349.3074
 1-4 NB =       445.6282  1-4 EEL =      6286.3662  VDWAALS    =      4982.2252
 EELEC  =    -58343.8668  EHBOND  =         0.0000  RESTRAINT  =        20.7956
 EAMBER (non-restraint)  =    -43833.8321
 ------------------------------------------------------------------------------

wrapping first mol.:       20.29907       28.70721       49.72235
wrapping first mol.:       20.29907       28.70721       49.72235

 NSTEP =    13000   TIME(PS) =    2266.000  TEMP(K) =   305.73  PRESS =     0.0
 Etot   =    -34384.6287  EKtot   =      9353.4941  EPtot      =    -43738.1229
 BOND   =       354.4793  ANGLE   =      1069.8095  DIHED      =      1370.4539
 1-4 NB =       448.3299  1-4 EEL =      6270.2321  VDWAALS    =      4831.5605
 EELEC  =    -58107.9907  EHBOND  =         0.0000  RESTRAINT  =        25.0026
 EAMBER (non-restraint)  =    -43763.1255
 ------------------------------------------------------------------------------

wrapping first mol.:       20.29907       28.70721       49.72235
wrapping first mol.:       20.29907       28.70721       49.72235

 NSTEP =    13500   TIME(PS) =    2267.000  TEMP(K) =   302.36  PRESS =     0.0
 Etot   =    -34477.4366  EKtot   =      9250.3359  EPtot      =    -43727.7725
 BOND   =       338.3500  ANGLE   =      1059.0906  DIHED      =      1366.3945
 1-4 NB =       442.6588  1-4 EEL =      6248.2745  VDWAALS    =      4771.4635
 EELEC  =    -57978.6976  EHBOND  =         0.0000  RESTRAINT  =        24.6932
 EAMBER (non-restraint)  =    -43752.4657
 ------------------------------------------------------------------------------

wrapping first mol.:       20.29907       28.70721       49.72235
wrapping first mol.:       20.29907       28.70721       49.72235

 NSTEP =    14000   TIME(PS) =    2268.000  TEMP(K) =   294.28  PRESS =     0.0
 Etot   =    -34623.8155  EKtot   =      9003.1025  EPtot      =    -43626.9181
 BOND   =       374.4121  ANGLE   =      1026.3538  DIHED      =      1357.1873
 1-4 NB =       451.4288  1-4 EEL =      6284.1426  VDWAALS    =      4785.2671
 EELEC  =    -57930.4945  EHBOND  =         0.0000  RESTRAINT  =        24.7847
 EAMBER (non-restraint)  =    -43651.7027
 ------------------------------------------------------------------------------

wrapping first mol.:       20.29907       28.70721       49.72235
wrapping first mol.:       20.29907       28.70721       49.72235

 NSTEP =    14500   TIME(PS) =    2269.000  TEMP(K) =   297.05  PRESS =     0.0
 Etot   =    -34318.5801  EKtot   =      9087.9395  EPtot      =    -43406.5195
 BOND   =       343.1595  ANGLE   =      1052.8926  DIHED      =      1373.9081
 1-4 NB =       453.0637  1-4 EEL =      6312.0787  VDWAALS    =      4717.7277
 EELEC  =    -57679.8980  EHBOND  =         0.0000  RESTRAINT  =        20.5481
 EAMBER (non-restraint)  =    -43427.0676
 ------------------------------------------------------------------------------

wrapping first mol.:       20.29907       28.70721       49.72235
wrapping first mol.:       20.29907       28.70721       49.72235

 NSTEP =    15000   TIME(PS) =    2270.000  TEMP(K) =   302.97  PRESS =     0.0
 Etot   =    -34454.8586  EKtot   =      9269.0166  EPtot      =    -43723.8752
 BOND   =       385.6668  ANGLE   =      1049.7323  DIHED      =      1346.5184
 1-4 NB =       435.5260  1-4 EEL =      6256.2989  VDWAALS    =      4833.8422
 EELEC  =    -58052.5618  EHBOND  =         0.0000  RESTRAINT  =        21.1020
 EAMBER (non-restraint)  =    -43744.9772
 ------------------------------------------------------------------------------

wrapping first mol.:       20.29907       28.70721       49.72235
wrapping first mol.:       20.29907       28.70721       49.72235

 NSTEP =    15500   TIME(PS) =    2271.000  TEMP(K) =   301.27  PRESS =     0.0
 Etot   =    -34500.3006  EKtot   =      9217.0225  EPtot      =    -43717.3231
 BOND   =       349.5968  ANGLE   =      1089.1366  DIHED      =      1356.3965
 1-4 NB =       432.3852  1-4 EEL =      6256.2028  VDWAALS    =      4913.3227
 EELEC  =    -58132.2843  EHBOND  =         0.0000  RESTRAINT  =        17.9207
 EAMBER (non-restraint)  =    -43735.2437
 ------------------------------------------------------------------------------

wrapping first mol.:       20.29907       28.70721       49.72235
wrapping first mol.:       20.29907       28.70721       49.72235

 NSTEP =    16000   TIME(PS) =    2272.000  TEMP(K) =   299.05  PRESS =     0.0
 Etot   =    -34479.8984  EKtot   =      9149.2305  EPtot      =    -43629.1289
 BOND   =       363.4017  ANGLE   =      1087.3556  DIHED      =      1362.5720
 1-4 NB =       446.2431  1-4 EEL =      6229.4275  VDWAALS    =      4723.3620
 EELEC  =    -57863.6211  EHBOND  =         0.0000  RESTRAINT  =        22.1303
 EAMBER (non-restraint)  =    -43651.2592
 ------------------------------------------------------------------------------

wrapping first mol.:       20.29907       28.70721       49.72235
wrapping first mol.:       20.29907       28.70721       49.72235

 NSTEP =    16500   TIME(PS) =    2273.000  TEMP(K) =   298.37  PRESS =     0.0
 Etot   =    -34669.5759  EKtot   =      9128.3047  EPtot      =    -43797.8806
 BOND   =       358.4125  ANGLE   =      1044.9267  DIHED      =      1346.5680
 1-4 NB =       451.0869  1-4 EEL =      6240.3818  VDWAALS    =      4698.2856
 EELEC  =    -57953.5931  EHBOND  =         0.0000  RESTRAINT  =        16.0509
 EAMBER (non-restraint)  =    -43813.9315
 ------------------------------------------------------------------------------

wrapping first mol.:       20.29907       28.70721       49.72235
wrapping first mol.:       20.29907       28.70721       49.72235

 NSTEP =    17000   TIME(PS) =    2274.000  TEMP(K) =   298.52  PRESS =     0.0
 Etot   =    -34543.6431  EKtot   =      9132.9180  EPtot      =    -43676.5610
 BOND   =       368.7730  ANGLE   =      1035.1233  DIHED      =      1364.4500
 1-4 NB =       461.6052  1-4 EEL =      6255.6623  VDWAALS    =      4823.5549
 EELEC  =    -58005.6571  EHBOND  =         0.0000  RESTRAINT  =        19.9274
 EAMBER (non-restraint)  =    -43696.4884
 ------------------------------------------------------------------------------

wrapping first mol.:       20.29907       28.70721       49.72235
wrapping first mol.:       20.29907       28.70721       49.72235

 NSTEP =    17500   TIME(PS) =    2275.000  TEMP(K) =   303.12  PRESS =     0.0
 Etot   =    -34246.2272  EKtot   =      9273.5381  EPtot      =    -43519.7652
 BOND   =       356.1020  ANGLE   =      1053.1531  DIHED      =      1373.2815
 1-4 NB =       444.1176  1-4 EEL =      6245.7607  VDWAALS    =      4819.6236
 EELEC  =    -57831.0752  EHBOND  =         0.0000  RESTRAINT  =        19.2715
 EAMBER (non-restraint)  =    -43539.0368
 ------------------------------------------------------------------------------

wrapping first mol.:       20.29907       28.70721       49.72235
wrapping first mol.:       20.29907       28.70721       49.72235

 NSTEP =    18000   TIME(PS) =    2276.000  TEMP(K) =   300.72  PRESS =     0.0
 Etot   =    -34353.1273  EKtot   =      9200.0703  EPtot      =    -43553.1976
 BOND   =       365.2040  ANGLE   =      1068.6247  DIHED      =      1352.0949
 1-4 NB =       435.0645  1-4 EEL =      6256.4729  VDWAALS    =      4847.0348
 EELEC  =    -57899.4295  EHBOND  =         0.0000  RESTRAINT  =        21.7362
 EAMBER (non-restraint)  =    -43574.9338
 ------------------------------------------------------------------------------

wrapping first mol.:       20.29907       28.70721       49.72235
wrapping first mol.:       20.29907       28.70721       49.72235

 NSTEP =    18500   TIME(PS) =    2277.000  TEMP(K) =   302.70  PRESS =     0.0
 Etot   =    -34329.6592  EKtot   =      9260.8887  EPtot      =    -43590.5479
 BOND   =       379.2442  ANGLE   =      1072.0461  DIHED      =      1366.6056
 1-4 NB =       426.2658  1-4 EEL =      6245.9057  VDWAALS    =      4619.9723
 EELEC  =    -57721.8586  EHBOND  =         0.0000  RESTRAINT  =        21.2709
 EAMBER (non-restraint)  =    -43611.8188
 ------------------------------------------------------------------------------

wrapping first mol.:       20.29907       28.70721       49.72235
wrapping first mol.:       20.29907       28.70721       49.72235

 NSTEP =    19000   TIME(PS) =    2278.000  TEMP(K) =   302.01  PRESS =     0.0
 Etot   =    -34350.4210  EKtot   =      9239.6084  EPtot      =    -43590.0294
 BOND   =       358.3607  ANGLE   =      1073.6538  DIHED      =      1355.7870
 1-4 NB =       453.8773  1-4 EEL =      6270.1847  VDWAALS    =      4637.0159
 EELEC  =    -57759.6520  EHBOND  =         0.0000  RESTRAINT  =        20.7433
 EAMBER (non-restraint)  =    -43610.7727
 ------------------------------------------------------------------------------

wrapping first mol.:       20.29907       28.70721       49.72235
wrapping first mol.:       20.29907       28.70721       49.72235

 NSTEP =    19500   TIME(PS) =    2279.000  TEMP(K) =   297.77  PRESS =     0.0
 Etot   =    -34564.8485  EKtot   =      9109.9961  EPtot      =    -43674.8446
 BOND   =       351.7116  ANGLE   =      1084.3195  DIHED      =      1332.7410
 1-4 NB =       460.6908  1-4 EEL =      6274.3664  VDWAALS    =      4921.7691
 EELEC  =    -58123.8913  EHBOND  =         0.0000  RESTRAINT  =        23.4484
 EAMBER (non-restraint)  =    -43698.2929
 ------------------------------------------------------------------------------

wrapping first mol.:       20.29907       28.70721       49.72235
wrapping first mol.:       20.29907       28.70721       49.72235

 NSTEP =    20000   TIME(PS) =    2280.000  TEMP(K) =   303.19  PRESS =     0.0
 Etot   =    -34478.7475  EKtot   =      9275.7471  EPtot      =    -43754.4946
 BOND   =       336.7247  ANGLE   =      1053.9959  DIHED      =      1379.3480
 1-4 NB =       444.1089  1-4 EEL =      6302.7773  VDWAALS    =      4713.3529
 EELEC  =    -58005.1326  EHBOND  =         0.0000  RESTRAINT  =        20.3303
 EAMBER (non-restraint)  =    -43774.8250
 ------------------------------------------------------------------------------

wrapping first mol.:       20.29907       28.70721       49.72235
wrapping first mol.:       20.29907       28.70721       49.72235

 NSTEP =    20500   TIME(PS) =    2281.000  TEMP(K) =   298.85  PRESS =     0.0
 Etot   =    -34621.4673  EKtot   =      9142.9580  EPtot      =    -43764.4254
 BOND   =       381.1255  ANGLE   =      1070.9464  DIHED      =      1357.1376
 1-4 NB =       452.2922  1-4 EEL =      6256.0647  VDWAALS    =      4717.9305
 EELEC  =    -58026.3114  EHBOND  =         0.0000  RESTRAINT  =        26.3893
 EAMBER (non-restraint)  =    -43790.8146
 ------------------------------------------------------------------------------

wrapping first mol.:       20.29907       28.70721       49.72235
wrapping first mol.:       20.29907       28.70721       49.72235

 NSTEP =    21000   TIME(PS) =    2282.000  TEMP(K) =   298.00  PRESS =     0.0
 Etot   =    -34672.7169  EKtot   =      9117.0615  EPtot      =    -43789.7784
 BOND   =       336.3488  ANGLE   =      1043.0590  DIHED      =      1354.7470
 1-4 NB =       458.0836  1-4 EEL =      6272.4833  VDWAALS    =      4769.2083
 EELEC  =    -58051.7642  EHBOND  =         0.0000  RESTRAINT  =        28.0559
 EAMBER (non-restraint)  =    -43817.8344
 ------------------------------------------------------------------------------

wrapping first mol.:       20.29907       28.70721       49.72235
wrapping first mol.:       20.29907       28.70721       49.72235

 NSTEP =    21500   TIME(PS) =    2283.000  TEMP(K) =   301.01  PRESS =     0.0
 Etot   =    -34440.6245  EKtot   =      9209.1855  EPtot      =    -43649.8101
 BOND   =       362.8936  ANGLE   =      1027.6689  DIHED      =      1374.9996
 1-4 NB =       440.7647  1-4 EEL =      6267.6909  VDWAALS    =      4864.0465
 EELEC  =    -58013.1198  EHBOND  =         0.0000  RESTRAINT  =        25.2456
 EAMBER (non-restraint)  =    -43675.0556
 ------------------------------------------------------------------------------

wrapping first mol.:       20.29907       28.70721       49.72235
wrapping first mol.:       20.29907       28.70721       49.72235

 NSTEP =    22000   TIME(PS) =    2284.000  TEMP(K) =   297.78  PRESS =     0.0
 Etot   =    -34617.0947  EKtot   =      9110.2393  EPtot      =    -43727.3339
 BOND   =       339.4052  ANGLE   =      1081.1868  DIHED      =      1347.8956
 1-4 NB =       453.0104  1-4 EEL =      6256.7910  VDWAALS    =      4892.6018
 EELEC  =    -58119.0208  EHBOND  =         0.0000  RESTRAINT  =        20.7961
 EAMBER (non-restraint)  =    -43748.1301
 ------------------------------------------------------------------------------

wrapping first mol.:       20.29907       28.70721       49.72235
wrapping first mol.:       20.29907       28.70721       49.72235

 NSTEP =    22500   TIME(PS) =    2285.000  TEMP(K) =   298.20  PRESS =     0.0
 Etot   =    -34520.8052  EKtot   =      9123.1484  EPtot      =    -43643.9536
 BOND   =       375.9541  ANGLE   =      1069.6966  DIHED      =      1362.6191
 1-4 NB =       445.3425  1-4 EEL =      6257.1984  VDWAALS    =      4661.1692
 EELEC  =    -57840.4050  EHBOND  =         0.0000  RESTRAINT  =        24.4713
 EAMBER (non-restraint)  =    -43668.4250
 ------------------------------------------------------------------------------

wrapping first mol.:       20.29907       28.70721       49.72235
wrapping first mol.:       20.29907       28.70721       49.72235

 NSTEP =    23000   TIME(PS) =    2286.000  TEMP(K) =   303.15  PRESS =     0.0
 Etot   =    -34472.4223  EKtot   =      9274.4795  EPtot      =    -43746.9018
 BOND   =       365.3216  ANGLE   =      1098.6921  DIHED      =      1335.0759
 1-4 NB =       435.8213  1-4 EEL =      6243.6689  VDWAALS    =      4890.5276
 EELEC  =    -58141.8259  EHBOND  =         0.0000  RESTRAINT  =        25.8167
 EAMBER (non-restraint)  =    -43772.7185
 ------------------------------------------------------------------------------

wrapping first mol.:       20.29907       28.70721       49.72235
wrapping first mol.:       20.29907       28.70721       49.72235

 NSTEP =    23500   TIME(PS) =    2287.000  TEMP(K) =   296.64  PRESS =     0.0
 Etot   =    -34553.2403  EKtot   =      9075.2451  EPtot      =    -43628.4854
 BOND   =       372.0987  ANGLE   =      1096.0261  DIHED      =      1352.2530
 1-4 NB =       453.1496  1-4 EEL =      6287.7057  VDWAALS    =      4750.3791
 EELEC  =    -57967.5630  EHBOND  =         0.0000  RESTRAINT  =        27.4656
 EAMBER (non-restraint)  =    -43655.9510
 ------------------------------------------------------------------------------

wrapping first mol.:       20.29907       28.70721       49.72235
wrapping first mol.:       20.29907       28.70721       49.72235

 NSTEP =    24000   TIME(PS) =    2288.000  TEMP(K) =   296.74  PRESS =     0.0
 Etot   =    -34605.9591  EKtot   =      9078.2949  EPtot      =    -43684.2540
 BOND   =       346.9939  ANGLE   =      1102.0121  DIHED      =      1345.5286
 1-4 NB =       453.8754  1-4 EEL =      6299.2190  VDWAALS    =      4713.9424
 EELEC  =    -57968.7952  EHBOND  =         0.0000  RESTRAINT  =        22.9699
 EAMBER (non-restraint)  =    -43707.2240
 ------------------------------------------------------------------------------

wrapping first mol.:       20.29907       28.70721       49.72235
wrapping first mol.:       20.29907       28.70721       49.72235

 NSTEP =    24500   TIME(PS) =    2289.000  TEMP(K) =   301.22  PRESS =     0.0
 Etot   =    -34289.4913  EKtot   =      9215.4473  EPtot      =    -43504.9385
 BOND   =       360.1376  ANGLE   =      1083.1053  DIHED      =      1358.7104
 1-4 NB =       453.0319  1-4 EEL =      6283.9784  VDWAALS    =      4686.0520
 EELEC  =    -57752.3739  EHBOND  =         0.0000  RESTRAINT  =        22.4197
 EAMBER (non-restraint)  =    -43527.3583
 ------------------------------------------------------------------------------

wrapping first mol.:       20.29907       28.70721       49.72235
wrapping first mol.:       20.29907       28.70721       49.72235

 NSTEP =    25000   TIME(PS) =    2290.000  TEMP(K) =   294.63  PRESS =     0.0
 Etot   =    -34641.7577  EKtot   =      9013.8848  EPtot      =    -43655.6425
 BOND   =       339.4030  ANGLE   =      1085.6045  DIHED      =      1354.3014
 1-4 NB =       456.8371  1-4 EEL =      6291.5534  VDWAALS    =      4720.2111
 EELEC  =    -57922.7715  EHBOND  =         0.0000  RESTRAINT  =        19.2184
 EAMBER (non-restraint)  =    -43674.8609
 ------------------------------------------------------------------------------

wrapping first mol.:       20.29907       28.70721       49.72235
wrapping first mol.:       20.29907       28.70721       49.72235

 NSTEP =    25500   TIME(PS) =    2291.000  TEMP(K) =   295.58  PRESS =     0.0
 Etot   =    -34535.5973  EKtot   =      9042.8496  EPtot      =    -43578.4469
 BOND   =       366.3207  ANGLE   =      1021.8358  DIHED      =      1360.8932
 1-4 NB =       433.2189  1-4 EEL =      6260.3135  VDWAALS    =      4706.7130
 EELEC  =    -57750.3239  EHBOND  =         0.0000  RESTRAINT  =        22.5820
 EAMBER (non-restraint)  =    -43601.0289
 ------------------------------------------------------------------------------

wrapping first mol.:       20.29907       28.70721       49.72235
wrapping first mol.:       20.29907       28.70721       49.72235

 NSTEP =    26000   TIME(PS) =    2292.000  TEMP(K) =   301.34  PRESS =     0.0
 Etot   =    -34484.7539  EKtot   =      9219.1562  EPtot      =    -43703.9102
 BOND   =       374.3318  ANGLE   =      1077.3601  DIHED      =      1348.0453
 1-4 NB =       437.1373  1-4 EEL =      6233.4974  VDWAALS    =      4812.3457
 EELEC  =    -58011.3326  EHBOND  =         0.0000  RESTRAINT  =        24.7049
 EAMBER (non-restraint)  =    -43728.6151
 ------------------------------------------------------------------------------

wrapping first mol.:       20.29907       28.70721       49.72235
wrapping first mol.:       20.29907       28.70721       49.72235

 NSTEP =    26500   TIME(PS) =    2293.000  TEMP(K) =   299.79  PRESS =     0.0
 Etot   =    -34491.0179  EKtot   =      9171.7676  EPtot      =    -43662.7854
 BOND   =       387.8710  ANGLE   =      1089.7593  DIHED      =      1348.0706
 1-4 NB =       440.3064  1-4 EEL =      6244.9697  VDWAALS    =      4964.9011
 EELEC  =    -58157.6979  EHBOND  =         0.0000  RESTRAINT  =        19.0345
 EAMBER (non-restraint)  =    -43681.8199
 ------------------------------------------------------------------------------

wrapping first mol.:       20.29907       28.70721       49.72235
wrapping first mol.:       20.29907       28.70721       49.72235

 NSTEP =    27000   TIME(PS) =    2294.000  TEMP(K) =   303.38  PRESS =     0.0
 Etot   =    -34445.1952  EKtot   =      9281.4297  EPtot      =    -43726.6249
 BOND   =       369.0120  ANGLE   =      1066.3419  DIHED      =      1344.9978
 1-4 NB =       436.3935  1-4 EEL =      6263.9398  VDWAALS    =      4937.7521
 EELEC  =    -58165.6489  EHBOND  =         0.0000  RESTRAINT  =        20.5869
 EAMBER (non-restraint)  =    -43747.2117
 ------------------------------------------------------------------------------

wrapping first mol.:       20.29907       28.70721       49.72235
wrapping first mol.:       20.29907       28.70721       49.72235

 NSTEP =    27500   TIME(PS) =    2295.000  TEMP(K) =   303.77  PRESS =     0.0
 Etot   =    -34357.3761  EKtot   =      9293.5205  EPtot      =    -43650.8966
 BOND   =       389.1614  ANGLE   =      1011.8255  DIHED      =      1365.7356
 1-4 NB =       441.3167  1-4 EEL =      6261.2868  VDWAALS    =      4871.0277
 EELEC  =    -58012.4075  EHBOND  =         0.0000  RESTRAINT  =        21.1571
 EAMBER (non-restraint)  =    -43672.0537
 ------------------------------------------------------------------------------

wrapping first mol.:       20.29907       28.70721       49.72235
wrapping first mol.:       20.29907       28.70721       49.72235

 NSTEP =    28000   TIME(PS) =    2296.000  TEMP(K) =   299.87  PRESS =     0.0
 Etot   =    -34544.0633  EKtot   =      9174.2529  EPtot      =    -43718.3163
 BOND   =       326.5833  ANGLE   =      1063.6232  DIHED      =      1362.4674
 1-4 NB =       431.5117  1-4 EEL =      6269.3142  VDWAALS    =      4829.2867
 EELEC  =    -58023.5779  EHBOND  =         0.0000  RESTRAINT  =        22.4752
 EAMBER (non-restraint)  =    -43740.7915
 ------------------------------------------------------------------------------

wrapping first mol.:       20.29907       28.70721       49.72235
wrapping first mol.:       20.29907       28.70721       49.72235

 NSTEP =    28500   TIME(PS) =    2297.000  TEMP(K) =   301.13  PRESS =     0.0
 Etot   =    -34533.7858  EKtot   =      9212.8008  EPtot      =    -43746.5865
 BOND   =       354.1637  ANGLE   =      1082.8858  DIHED      =      1356.1616
 1-4 NB =       451.7071  1-4 EEL =      6264.9667  VDWAALS    =      4922.3507
 EELEC  =    -58199.1497  EHBOND  =         0.0000  RESTRAINT  =        20.3275
 EAMBER (non-restraint)  =    -43766.9141
 ------------------------------------------------------------------------------

wrapping first mol.:       20.29907       28.70721       49.72235
wrapping first mol.:       20.29907       28.70721       49.72235

 NSTEP =    29000   TIME(PS) =    2298.000  TEMP(K) =   298.69  PRESS =     0.0
 Etot   =    -34557.0312  EKtot   =      9137.9922  EPtot      =    -43695.0234
 BOND   =       349.2581  ANGLE   =      1048.4926  DIHED      =      1368.5065
 1-4 NB =       454.0538  1-4 EEL =      6270.7173  VDWAALS    =      4939.8978
 EELEC  =    -58144.6467  EHBOND  =         0.0000  RESTRAINT  =        18.6973
 EAMBER (non-restraint)  =    -43713.7207
 ------------------------------------------------------------------------------

wrapping first mol.:       20.29907       28.70721       49.72235
wrapping first mol.:       20.29907       28.70721       49.72235

 NSTEP =    29500   TIME(PS) =    2299.000  TEMP(K) =   298.07  PRESS =     0.0
 Etot   =    -34614.9202  EKtot   =      9119.1377  EPtot      =    -43734.0579
 BOND   =       355.7472  ANGLE   =      1074.9559  DIHED      =      1349.8502
 1-4 NB =       443.6732  1-4 EEL =      6223.6816  VDWAALS    =      4674.3650
 EELEC  =    -57881.1392  EHBOND  =         0.0000  RESTRAINT  =        24.8082
 EAMBER (non-restraint)  =    -43758.8661
 ------------------------------------------------------------------------------

wrapping first mol.:       20.29907       28.70721       49.72235
wrapping first mol.:       20.29907       28.70721       49.72235

 NSTEP =    30000   TIME(PS) =    2300.000  TEMP(K) =   299.59  PRESS =     0.0
 Etot   =    -34696.7090  EKtot   =      9165.7490  EPtot      =    -43862.4580
 BOND   =       354.6289  ANGLE   =      1048.3160  DIHED      =      1363.2469
 1-4 NB =       437.7999  1-4 EEL =      6231.8659  VDWAALS    =      4842.6804
 EELEC  =    -58161.7204  EHBOND  =         0.0000  RESTRAINT  =        20.7244
 EAMBER (non-restraint)  =    -43883.1824
 ------------------------------------------------------------------------------

wrapping first mol.:       20.29907       28.70721       49.72235
wrapping first mol.:       20.29907       28.70721       49.72235

 NSTEP =    30500   TIME(PS) =    2301.000  TEMP(K) =   299.96  PRESS =     0.0
 Etot   =    -34443.2194  EKtot   =      9176.8359  EPtot      =    -43620.0553
 BOND   =       356.2632  ANGLE   =      1051.6740  DIHED      =      1370.5351
 1-4 NB =       451.1370  1-4 EEL =      6267.2219  VDWAALS    =      4818.7426
 EELEC  =    -57961.6822  EHBOND  =         0.0000  RESTRAINT  =        26.0532
 EAMBER (non-restraint)  =    -43646.1085
 ------------------------------------------------------------------------------

wrapping first mol.:       20.29907       28.70721       49.72235
wrapping first mol.:       20.29907       28.70721       49.72235

 NSTEP =    31000   TIME(PS) =    2302.000  TEMP(K) =   301.33  PRESS =     0.0
 Etot   =    -34381.4175  EKtot   =      9218.8350  EPtot      =    -43600.2525
 BOND   =       334.2055  ANGLE   =      1087.7088  DIHED      =      1354.0560
 1-4 NB =       455.7972  1-4 EEL =      6292.0855  VDWAALS    =      4709.5691
 EELEC  =    -57857.2491  EHBOND  =         0.0000  RESTRAINT  =        23.5745
 EAMBER (non-restraint)  =    -43623.8270
 ------------------------------------------------------------------------------

wrapping first mol.:       20.29907       28.70721       49.72235
wrapping first mol.:       20.29907       28.70721       49.72235

 NSTEP =    31500   TIME(PS) =    2303.000  TEMP(K) =   299.51  PRESS =     0.0
 Etot   =    -34332.9395  EKtot   =      9163.1094  EPtot      =    -43496.0489
 BOND   =       336.3891  ANGLE   =      1103.3172  DIHED      =      1389.0740
 1-4 NB =       425.4772  1-4 EEL =      6277.0004  VDWAALS    =      4640.1581
 EELEC  =    -57687.5848  EHBOND  =         0.0000  RESTRAINT  =        20.1199
 EAMBER (non-restraint)  =    -43516.1688
 ------------------------------------------------------------------------------

wrapping first mol.:       20.29907       28.70721       49.72235
wrapping first mol.:       20.29907       28.70721       49.72235

 NSTEP =    32000   TIME(PS) =    2304.000  TEMP(K) =   298.62  PRESS =     0.0
 Etot   =    -34665.5298  EKtot   =      9135.8252  EPtot      =    -43801.3550
 BOND   =       360.5412  ANGLE   =      1031.2628  DIHED      =      1370.7940
 1-4 NB =       450.5429  1-4 EEL =      6306.6694  VDWAALS    =      4543.7030
 EELEC  =    -57887.5784  EHBOND  =         0.0000  RESTRAINT  =        22.7101
 EAMBER (non-restraint)  =    -43824.0651
 ------------------------------------------------------------------------------

wrapping first mol.:       20.29907       28.70721       49.72235
wrapping first mol.:       20.29907       28.70721       49.72235

 NSTEP =    32500   TIME(PS) =    2305.000  TEMP(K) =   298.07  PRESS =     0.0
 Etot   =    -34695.2591  EKtot   =      9119.1162  EPtot      =    -43814.3754
 BOND   =       328.0995  ANGLE   =      1037.4804  DIHED      =      1357.0501
 1-4 NB =       458.1721  1-4 EEL =      6311.2802  VDWAALS    =      4817.1045
 EELEC  =    -58144.6475  EHBOND  =         0.0000  RESTRAINT  =        21.0851
 EAMBER (non-restraint)  =    -43835.4605
 ------------------------------------------------------------------------------

wrapping first mol.:       20.29907       28.70721       49.72235
wrapping first mol.:       20.29907       28.70721       49.72235

 NSTEP =    33000   TIME(PS) =    2306.000  TEMP(K) =   298.79  PRESS =     0.0
 Etot   =    -34659.7932  EKtot   =      9141.1357  EPtot      =    -43800.9290
 BOND   =       340.6065  ANGLE   =      1016.4821  DIHED      =      1358.3308
 1-4 NB =       443.5424  1-4 EEL =      6302.8843  VDWAALS    =      4691.5252
 EELEC  =    -57978.4316  EHBOND  =         0.0000  RESTRAINT  =        24.1315
 EAMBER (non-restraint)  =    -43825.0604
 ------------------------------------------------------------------------------

wrapping first mol.:       20.29907       28.70721       49.72235
wrapping first mol.:       20.29907       28.70721       49.72235

 NSTEP =    33500   TIME(PS) =    2307.000  TEMP(K) =   298.25  PRESS =     0.0
 Etot   =    -34583.8199  EKtot   =      9124.4678  EPtot      =    -43708.2877
 BOND   =       366.1823  ANGLE   =      1085.3682  DIHED      =      1374.8475
 1-4 NB =       443.6664  1-4 EEL =      6274.3526  VDWAALS    =      4872.0126
 EELEC  =    -58145.6197  EHBOND  =         0.0000  RESTRAINT  =        20.9024
 EAMBER (non-restraint)  =    -43729.1901
 ------------------------------------------------------------------------------

wrapping first mol.:       20.29907       28.70721       49.72235
wrapping first mol.:       20.29907       28.70721       49.72235

 NSTEP =    34000   TIME(PS) =    2308.000  TEMP(K) =   299.76  PRESS =     0.0
 Etot   =    -34381.4641  EKtot   =      9170.8213  EPtot      =    -43552.2854
 BOND   =       334.9668  ANGLE   =      1071.5610  DIHED      =      1397.2464
 1-4 NB =       439.9899  1-4 EEL =      6303.8685  VDWAALS    =      4776.9215
 EELEC  =    -57897.3885  EHBOND  =         0.0000  RESTRAINT  =        20.5491
 EAMBER (non-restraint)  =    -43572.8345
 ------------------------------------------------------------------------------

wrapping first mol.:       20.29907       28.70721       49.72235
wrapping first mol.:       20.29907       28.70721       49.72235

 NSTEP =    34500   TIME(PS) =    2309.000  TEMP(K) =   303.51  PRESS =     0.0
 Etot   =    -34237.7365  EKtot   =      9285.5488  EPtot      =    -43523.2853
 BOND   =       366.9055  ANGLE   =      1043.0092  DIHED      =      1379.2217
 1-4 NB =       442.6166  1-4 EEL =      6246.1079  VDWAALS    =      4807.5899
 EELEC  =    -57830.7471  EHBOND  =         0.0000  RESTRAINT  =        22.0109
 EAMBER (non-restraint)  =    -43545.2962
 ------------------------------------------------------------------------------

wrapping first mol.:       20.29907       28.70721       49.72235
wrapping first mol.:       20.29907       28.70721       49.72235

 NSTEP =    35000   TIME(PS) =    2310.000  TEMP(K) =   296.50  PRESS =     0.0
 Etot   =    -34575.9196  EKtot   =      9071.1455  EPtot      =    -43647.0651
 BOND   =       352.3209  ANGLE   =      1037.0607  DIHED      =      1354.4648
 1-4 NB =       456.3655  1-4 EEL =      6284.8403  VDWAALS    =      4815.8801
 EELEC  =    -57965.4875  EHBOND  =         0.0000  RESTRAINT  =        17.4899
 EAMBER (non-restraint)  =    -43664.5550
 ------------------------------------------------------------------------------

wrapping first mol.:       20.29907       28.70721       49.72235
wrapping first mol.:       20.29907       28.70721       49.72235

 NSTEP =    35500   TIME(PS) =    2311.000  TEMP(K) =   297.94  PRESS =     0.0
 Etot   =    -34658.4717  EKtot   =      9115.1611  EPtot      =    -43773.6329
 BOND   =       344.9082  ANGLE   =      1073.0086  DIHED      =      1366.3501
 1-4 NB =       457.4175  1-4 EEL =      6296.0464  VDWAALS    =      4832.2017
 EELEC  =    -58162.6369  EHBOND  =         0.0000  RESTRAINT  =        19.0716
 EAMBER (non-restraint)  =    -43792.7045
 ------------------------------------------------------------------------------

wrapping first mol.:       20.29907       28.70721       49.72235
wrapping first mol.:       20.29907       28.70721       49.72235

 NSTEP =    36000   TIME(PS) =    2312.000  TEMP(K) =   302.80  PRESS =     0.0
 Etot   =    -34447.3011  EKtot   =      9263.8145  EPtot      =    -43711.1156
 BOND   =       356.7999  ANGLE   =      1051.8922  DIHED      =      1361.3261
 1-4 NB =       438.0336  1-4 EEL =      6274.4495  VDWAALS    =      4682.3202
 EELEC  =    -57895.4394  EHBOND  =         0.0000  RESTRAINT  =        19.5023
 EAMBER (non-restraint)  =    -43730.6179
 ------------------------------------------------------------------------------

wrapping first mol.:       20.29907       28.70721       49.72235
wrapping first mol.:       20.29907       28.70721       49.72235

 NSTEP =    36500   TIME(PS) =    2313.000  TEMP(K) =   301.11  PRESS =     0.0
 Etot   =    -34283.3263  EKtot   =      9211.9873  EPtot      =    -43495.3136
 BOND   =       335.4800  ANGLE   =      1085.1238  DIHED      =      1372.6938
 1-4 NB =       435.2871  1-4 EEL =      6221.2503  VDWAALS    =      4740.9933
 EELEC  =    -57706.5023  EHBOND  =         0.0000  RESTRAINT  =        20.3604
 EAMBER (non-restraint)  =    -43515.6740
 ------------------------------------------------------------------------------

wrapping first mol.:       20.29907       28.70721       49.72235
wrapping first mol.:       20.29907       28.70721       49.72235

 NSTEP =    37000   TIME(PS) =    2314.000  TEMP(K) =   304.66  PRESS =     0.0
 Etot   =    -34377.2175  EKtot   =      9320.8584  EPtot      =    -43698.0759
 BOND   =       352.5423  ANGLE   =      1056.6193  DIHED      =      1362.4760
 1-4 NB =       457.2102  1-4 EEL =      6282.6974  VDWAALS    =      4827.7408
 EELEC  =    -58058.6414  EHBOND  =         0.0000  RESTRAINT  =        21.2795
 EAMBER (non-restraint)  =    -43719.3553
 ------------------------------------------------------------------------------

wrapping first mol.:       20.29907       28.70721       49.72235
wrapping first mol.:       20.29907       28.70721       49.72235

 NSTEP =    37500   TIME(PS) =    2315.000  TEMP(K) =   301.43  PRESS =     0.0
 Etot   =    -34251.9226  EKtot   =      9221.7793  EPtot      =    -43473.7019
 BOND   =       332.0549  ANGLE   =      1061.0660  DIHED      =      1364.2826
 1-4 NB =       456.5053  1-4 EEL =      6290.0291  VDWAALS    =      4848.4766
 EELEC  =    -57849.7582  EHBOND  =         0.0000  RESTRAINT  =        23.6418
 EAMBER (non-restraint)  =    -43497.3437
 ------------------------------------------------------------------------------

wrapping first mol.:       20.29907       28.70721       49.72235
wrapping first mol.:       20.29907       28.70721       49.72235

 NSTEP =    38000   TIME(PS) =    2316.000  TEMP(K) =   297.90  PRESS =     0.0
 Etot   =    -34385.9793  EKtot   =      9113.8809  EPtot      =    -43499.8602
 BOND   =       377.0198  ANGLE   =      1081.3327  DIHED      =      1365.1754
 1-4 NB =       436.6812  1-4 EEL =      6304.4855  VDWAALS    =      4811.0265
 EELEC  =    -57898.1166  EHBOND  =         0.0000  RESTRAINT  =        22.5354
 EAMBER (non-restraint)  =    -43522.3956
 ------------------------------------------------------------------------------

wrapping first mol.:       20.29907       28.70721       49.72235
wrapping first mol.:       20.29907       28.70721       49.72235

 NSTEP =    38500   TIME(PS) =    2317.000  TEMP(K) =   299.89  PRESS =     0.0
 Etot   =    -34438.0318  EKtot   =      9174.8789  EPtot      =    -43612.9108
 BOND   =       360.9169  ANGLE   =      1075.2722  DIHED      =      1371.1943
 1-4 NB =       448.1744  1-4 EEL =      6269.3955  VDWAALS    =      4680.3226
 EELEC  =    -57841.6851  EHBOND  =         0.0000  RESTRAINT  =        23.4985
 EAMBER (non-restraint)  =    -43636.4092
 ------------------------------------------------------------------------------

wrapping first mol.:       20.29907       28.70721       49.72235
wrapping first mol.:       20.29907       28.70721       49.72235

 NSTEP =    39000   TIME(PS) =    2318.000  TEMP(K) =   302.24  PRESS =     0.0
 Etot   =    -34291.0897  EKtot   =      9246.5371  EPtot      =    -43537.6268
 BOND   =       328.4806  ANGLE   =      1060.5320  DIHED      =      1399.3887
 1-4 NB =       451.4094  1-4 EEL =      6256.4961  VDWAALS    =      4735.4966
 EELEC  =    -57789.0588  EHBOND  =         0.0000  RESTRAINT  =        19.6286
 EAMBER (non-restraint)  =    -43557.2554
 ------------------------------------------------------------------------------

wrapping first mol.:       20.29907       28.70721       49.72235
wrapping first mol.:       20.29907       28.70721       49.72235

 NSTEP =    39500   TIME(PS) =    2319.000  TEMP(K) =   300.67  PRESS =     0.0
 Etot   =    -34260.4883  EKtot   =      9198.6855  EPtot      =    -43459.1738
 BOND   =       363.2122  ANGLE   =      1097.2752  DIHED      =      1368.8600
 1-4 NB =       455.4463  1-4 EEL =      6247.9146  VDWAALS    =      4689.6364
 EELEC  =    -57703.6172  EHBOND  =         0.0000  RESTRAINT  =        22.0988
 EAMBER (non-restraint)  =    -43481.2726
 ------------------------------------------------------------------------------

wrapping first mol.:       20.29907       28.70721       49.72235
wrapping first mol.:       20.29907       28.70721       49.72235

 NSTEP =    40000   TIME(PS) =    2320.000  TEMP(K) =   300.00  PRESS =     0.0
 Etot   =    -34345.3631  EKtot   =      9178.0918  EPtot      =    -43523.4549
 BOND   =       354.3586  ANGLE   =      1072.6123  DIHED      =      1360.0338
 1-4 NB =       453.7130  1-4 EEL =      6268.1401  VDWAALS    =      4800.5269
 EELEC  =    -57855.1465  EHBOND  =         0.0000  RESTRAINT  =        22.3068
 EAMBER (non-restraint)  =    -43545.7617
 ------------------------------------------------------------------------------

wrapping first mol.:       20.29907       28.70721       49.72235
wrapping first mol.:       20.29907       28.70721       49.72235

 NSTEP =    40500   TIME(PS) =    2321.000  TEMP(K) =   296.45  PRESS =     0.0
 Etot   =    -34450.2661  EKtot   =      9069.6035  EPtot      =    -43519.8696
 BOND   =       369.5976  ANGLE   =      1065.0327  DIHED      =      1360.6599
 1-4 NB =       439.8217  1-4 EEL =      6248.0992  VDWAALS    =      4844.1564
 EELEC  =    -57867.4834  EHBOND  =         0.0000  RESTRAINT  =        20.2463
 EAMBER (non-restraint)  =    -43540.1159
 ------------------------------------------------------------------------------

wrapping first mol.:       20.29907       28.70721       49.72235
wrapping first mol.:       20.29907       28.70721       49.72235

 NSTEP =    41000   TIME(PS) =    2322.000  TEMP(K) =   300.10  PRESS =     0.0
 Etot   =    -34490.4608  EKtot   =      9181.2100  EPtot      =    -43671.6707
 BOND   =       352.8517  ANGLE   =      1037.4958  DIHED      =      1354.2268
 1-4 NB =       449.5995  1-4 EEL =      6281.6910  VDWAALS    =      4750.8273
 EELEC  =    -57920.4570  EHBOND  =         0.0000  RESTRAINT  =        22.0943
 EAMBER (non-restraint)  =    -43693.7650
 ------------------------------------------------------------------------------

wrapping first mol.:       20.29907       28.70721       49.72235
wrapping first mol.:       20.29907       28.70721       49.72235

 NSTEP =    41500   TIME(PS) =    2323.000  TEMP(K) =   301.35  PRESS =     0.0
 Etot   =    -34377.1275  EKtot   =      9219.4023  EPtot      =    -43596.5299
 BOND   =       365.9897  ANGLE   =      1058.0721  DIHED      =      1376.9380
 1-4 NB =       446.9042  1-4 EEL =      6273.3460  VDWAALS    =      4751.7657
 EELEC  =    -57892.6288  EHBOND  =         0.0000  RESTRAINT  =        23.0832
 EAMBER (non-restraint)  =    -43619.6131
 ------------------------------------------------------------------------------

wrapping first mol.:       20.29907       28.70721       49.72235
wrapping first mol.:       20.29907       28.70721       49.72235

 NSTEP =    42000   TIME(PS) =    2324.000  TEMP(K) =   297.16  PRESS =     0.0
 Etot   =    -34642.3869  EKtot   =      9091.2646  EPtot      =    -43733.6515
 BOND   =       332.5808  ANGLE   =      1066.2409  DIHED      =      1370.4955
 1-4 NB =       444.4299  1-4 EEL =      6266.9410  VDWAALS    =      4909.3779
 EELEC  =    -58146.0907  EHBOND  =         0.0000  RESTRAINT  =        22.3732
 EAMBER (non-restraint)  =    -43756.0247
 ------------------------------------------------------------------------------

wrapping first mol.:       20.29907       28.70721       49.72235
wrapping first mol.:       20.29907       28.70721       49.72235

 NSTEP =    42500   TIME(PS) =    2325.000  TEMP(K) =   302.35  PRESS =     0.0
 Etot   =    -34382.5682  EKtot   =      9249.9414  EPtot      =    -43632.5096
 BOND   =       364.7035  ANGLE   =      1043.7962  DIHED      =      1358.1524
 1-4 NB =       435.9676  1-4 EEL =      6266.9809  VDWAALS    =      4841.5068
 EELEC  =    -57968.0458  EHBOND  =         0.0000  RESTRAINT  =        24.4289
 EAMBER (non-restraint)  =    -43656.9385
 ------------------------------------------------------------------------------

wrapping first mol.:       20.29907       28.70721       49.72235
wrapping first mol.:       20.29907       28.70721       49.72235

 NSTEP =    43000   TIME(PS) =    2326.000  TEMP(K) =   300.94  PRESS =     0.0
 Etot   =    -34359.6059  EKtot   =      9206.9688  EPtot      =    -43566.5746
 BOND   =       363.2883  ANGLE   =      1086.9535  DIHED      =      1362.3108
 1-4 NB =       437.9045  1-4 EEL =      6238.9717  VDWAALS    =      4805.4084
 EELEC  =    -57882.5653  EHBOND  =         0.0000  RESTRAINT  =        21.1534
 EAMBER (non-restraint)  =    -43587.7281
 ------------------------------------------------------------------------------

wrapping first mol.:       20.29907       28.70721       49.72235
wrapping first mol.:       20.29907       28.70721       49.72235

 NSTEP =    43500   TIME(PS) =    2327.000  TEMP(K) =   301.46  PRESS =     0.0
 Etot   =    -34311.4279  EKtot   =      9222.7207  EPtot      =    -43534.1486
 BOND   =       364.2006  ANGLE   =      1079.1509  DIHED      =      1343.8377
 1-4 NB =       442.4404  1-4 EEL =      6226.8348  VDWAALS    =      4863.7370
 EELEC  =    -57876.7544  EHBOND  =         0.0000  RESTRAINT  =        22.4044
 EAMBER (non-restraint)  =    -43556.5530
 ------------------------------------------------------------------------------

wrapping first mol.:       20.29907       28.70721       49.72235
wrapping first mol.:       20.29907       28.70721       49.72235

 NSTEP =    44000   TIME(PS) =    2328.000  TEMP(K) =   300.72  PRESS =     0.0
 Etot   =    -34390.4690  EKtot   =      9200.0537  EPtot      =    -43590.5227
 BOND   =       363.2376  ANGLE   =      1033.5101  DIHED      =      1361.1583
 1-4 NB =       446.7008  1-4 EEL =      6265.9705  VDWAALS    =      4824.8315
 EELEC  =    -57912.7339  EHBOND  =         0.0000  RESTRAINT  =        26.8024
 EAMBER (non-restraint)  =    -43617.3251
 ------------------------------------------------------------------------------

wrapping first mol.:       20.29907       28.70721       49.72235
wrapping first mol.:       20.29907       28.70721       49.72235

 NSTEP =    44500   TIME(PS) =    2329.000  TEMP(K) =   300.72  PRESS =     0.0
 Etot   =    -34313.5990  EKtot   =      9200.2832  EPtot      =    -43513.8822
 BOND   =       362.4982  ANGLE   =      1085.4757  DIHED      =      1351.3955
 1-4 NB =       442.7856  1-4 EEL =      6232.8792  VDWAALS    =      4653.4344
 EELEC  =    -57668.0375  EHBOND  =         0.0000  RESTRAINT  =        25.6866
 EAMBER (non-restraint)  =    -43539.5689
 ------------------------------------------------------------------------------

wrapping first mol.:       20.29907       28.70721       49.72235
wrapping first mol.:       20.29907       28.70721       49.72235

 NSTEP =    45000   TIME(PS) =    2330.000  TEMP(K) =   301.37  PRESS =     0.0
 Etot   =    -34284.7621  EKtot   =      9220.1055  EPtot      =    -43504.8675
 BOND   =       364.3464  ANGLE   =      1076.2304  DIHED      =      1335.3991
 1-4 NB =       450.6573  1-4 EEL =      6285.8265  VDWAALS    =      4785.7342
 EELEC  =    -57827.1025  EHBOND  =         0.0000  RESTRAINT  =        24.0411
 EAMBER (non-restraint)  =    -43528.9086
 ------------------------------------------------------------------------------

wrapping first mol.:       20.29907       28.70721       49.72235
wrapping first mol.:       20.29907       28.70721       49.72235

 NSTEP =    45500   TIME(PS) =    2331.000  TEMP(K) =   302.80  PRESS =     0.0
 Etot   =    -34270.0559  EKtot   =      9263.6973  EPtot      =    -43533.7531
 BOND   =       340.5604  ANGLE   =      1043.1803  DIHED      =      1370.6353
 1-4 NB =       434.6556  1-4 EEL =      6271.8499  VDWAALS    =      4649.1174
 EELEC  =    -57672.3016  EHBOND  =         0.0000  RESTRAINT  =        28.5495
 EAMBER (non-restraint)  =    -43562.3026
 ------------------------------------------------------------------------------

wrapping first mol.:       20.29907       28.70721       49.72235
wrapping first mol.:       20.29907       28.70721       49.72235

 NSTEP =    46000   TIME(PS) =    2332.000  TEMP(K) =   299.20  PRESS =     0.0
 Etot   =    -34558.5507  EKtot   =      9153.6953  EPtot      =    -43712.2460
 BOND   =       333.8443  ANGLE   =      1062.1053  DIHED      =      1361.3405
 1-4 NB =       445.6358  1-4 EEL =      6317.6810  VDWAALS    =      4620.8967
 EELEC  =    -57879.2185  EHBOND  =         0.0000  RESTRAINT  =        25.4690
 EAMBER (non-restraint)  =    -43737.7150
 ------------------------------------------------------------------------------

wrapping first mol.:       20.29907       28.70721       49.72235
wrapping first mol.:       20.29907       28.70721       49.72235

 NSTEP =    46500   TIME(PS) =    2333.000  TEMP(K) =   304.76  PRESS =     0.0
 Etot   =    -34375.2515  EKtot   =      9323.9160  EPtot      =    -43699.1675
 BOND   =       358.1215  ANGLE   =      1073.1108  DIHED      =      1340.9565
 1-4 NB =       442.3139  1-4 EEL =      6288.2256  VDWAALS    =      4608.4123
 EELEC  =    -57837.2234  EHBOND  =         0.0000  RESTRAINT  =        26.9153
 EAMBER (non-restraint)  =    -43726.0827
 ------------------------------------------------------------------------------

wrapping first mol.:       20.29907       28.70721       49.72235
wrapping first mol.:       20.29907       28.70721       49.72235

 NSTEP =    47000   TIME(PS) =    2334.000  TEMP(K) =   301.38  PRESS =     0.0
 Etot   =    -34391.8844  EKtot   =      9220.2852  EPtot      =    -43612.1696
 BOND   =       337.9274  ANGLE   =      1053.6839  DIHED      =      1365.4189
 1-4 NB =       462.1459  1-4 EEL =      6260.2347  VDWAALS    =      4731.7168
 EELEC  =    -57844.6059  EHBOND  =         0.0000  RESTRAINT  =        21.3087
 EAMBER (non-restraint)  =    -43633.4783
 ------------------------------------------------------------------------------

wrapping first mol.:       20.29907       28.70721       49.72235
wrapping first mol.:       20.29907       28.70721       49.72235

 NSTEP =    47500   TIME(PS) =    2335.000  TEMP(K) =   297.94  PRESS =     0.0
 Etot   =    -34500.8700  EKtot   =      9115.1523  EPtot      =    -43616.0223
 BOND   =       346.1302  ANGLE   =      1085.4434  DIHED      =      1355.5996
 1-4 NB =       430.3080  1-4 EEL =      6265.3991  VDWAALS    =      4729.9159
 EELEC  =    -57853.6785  EHBOND  =         0.0000  RESTRAINT  =        24.8600
 EAMBER (non-restraint)  =    -43640.8823
 ------------------------------------------------------------------------------

wrapping first mol.:       20.29907       28.70721       49.72235
wrapping first mol.:       20.29907       28.70721       49.72235

 NSTEP =    48000   TIME(PS) =    2336.000  TEMP(K) =   298.08  PRESS =     0.0
 Etot   =    -34362.7939  EKtot   =      9119.4316  EPtot      =    -43482.2255
 BOND   =       351.9626  ANGLE   =      1090.4392  DIHED      =      1357.3719
 1-4 NB =       461.1787  1-4 EEL =      6300.4832  VDWAALS    =      4707.2980
 EELEC  =    -57770.9096  EHBOND  =         0.0000  RESTRAINT  =        19.9505
 EAMBER (non-restraint)  =    -43502.1760
 ------------------------------------------------------------------------------

wrapping first mol.:       20.29907       28.70721       49.72235
wrapping first mol.:       20.29907       28.70721       49.72235

 NSTEP =    48500   TIME(PS) =    2337.000  TEMP(K) =   302.75  PRESS =     0.0
 Etot   =    -34265.7588  EKtot   =      9262.2734  EPtot      =    -43528.0323
 BOND   =       381.9921  ANGLE   =      1060.1801  DIHED      =      1354.1456
 1-4 NB =       444.6871  1-4 EEL =      6298.9760  VDWAALS    =      4729.9080
 EELEC  =    -57820.2800  EHBOND  =         0.0000  RESTRAINT  =        22.3588
 EAMBER (non-restraint)  =    -43550.3911
 ------------------------------------------------------------------------------

wrapping first mol.:       20.29907       28.70721       49.72235
wrapping first mol.:       20.29907       28.70721       49.72235

 NSTEP =    49000   TIME(PS) =    2338.000  TEMP(K) =   298.92  PRESS =     0.0
 Etot   =    -34395.3652  EKtot   =      9145.0049  EPtot      =    -43540.3701
 BOND   =       367.0795  ANGLE   =      1065.6842  DIHED      =      1360.7688
 1-4 NB =       438.8903  1-4 EEL =      6297.6512  VDWAALS    =      4632.8683
 EELEC  =    -57729.4813  EHBOND  =         0.0000  RESTRAINT  =        26.1690
 EAMBER (non-restraint)  =    -43566.5390
 ------------------------------------------------------------------------------

wrapping first mol.:       20.29907       28.70721       49.72235
wrapping first mol.:       20.29907       28.70721       49.72235

 NSTEP =    49500   TIME(PS) =    2339.000  TEMP(K) =   301.03  PRESS =     0.0
 Etot   =    -34492.2011  EKtot   =      9209.5322  EPtot      =    -43701.7333
 BOND   =       353.9411  ANGLE   =      1056.8744  DIHED      =      1359.3924
 1-4 NB =       437.0266  1-4 EEL =      6249.6845  VDWAALS    =      4848.9289
 EELEC  =    -58032.6381  EHBOND  =         0.0000  RESTRAINT  =        25.0569
 EAMBER (non-restraint)  =    -43726.7902
 ------------------------------------------------------------------------------

wrapping first mol.:       20.29907       28.70721       49.72235
wrapping first mol.:       20.29907       28.70721       49.72235

 NSTEP =    50000   TIME(PS) =    2340.000  TEMP(K) =   300.67  PRESS =     0.0
 Etot   =    -34271.4414  EKtot   =      9198.5527  EPtot      =    -43469.9942
 BOND   =       374.4075  ANGLE   =      1053.5546  DIHED      =      1375.3238
 1-4 NB =       442.4205  1-4 EEL =      6265.0399  VDWAALS    =      4837.9477
 EELEC  =    -57844.1221  EHBOND  =         0.0000  RESTRAINT  =        25.4339
 EAMBER (non-restraint)  =    -43495.4281
 ------------------------------------------------------------------------------


      A V E R A G E S   O V E R     100 S T E P S


 NSTEP =    50000   TIME(PS) =    2340.000  TEMP(K) =   300.15  PRESS =     0.0
 Etot   =    -34448.4053  EKtot   =      9182.8376  EPtot      =    -43631.2429
 BOND   =       356.5035  ANGLE   =      1064.2931  DIHED      =      1360.4863
 1-4 NB =       446.3823  1-4 EEL =      6270.3891  VDWAALS    =      4768.5595
 EELEC  =    -57920.0150  EHBOND  =         0.0000  RESTRAINT  =        22.1583
 EAMBER (non-restraint)  =    -43653.4013
 ------------------------------------------------------------------------------


      R M S  F L U C T U A T I O N S


 NSTEP =    50000   TIME(PS) =    2340.000  TEMP(K) =     2.28  PRESS =     0.0
 Etot   =       126.7457  EKtot   =        69.7812  EPtot      =       103.3844
 BOND   =        15.1587  ANGLE   =        21.4449  DIHED      =        13.0185
 1-4 NB =         8.7768  1-4 EEL =        21.5668  VDWAALS    =        98.4048
 EELEC  =       156.3362  EHBOND  =         0.0000  RESTRAINT  =         2.6505
 EAMBER (non-restraint)  =       100.7339
 ------------------------------------------------------------------------------

--------------------------------------------------------------------------------
   5.  TIMINGS
--------------------------------------------------------------------------------

|  NonSetup CPU Time in Major Routines:
|
|     Routine           Sec        %
|     ------------------------------
|     Nonbond          13.41   34.58
|     Bond              0.00    0.00
|     Angle             0.00    0.00
|     Dihedral          0.00    0.00
|     Shake             0.72    1.87
|     RunMD            24.56   63.34
|     Other             0.08    0.21
|     ------------------------------
|     Total            38.78

|  PME Nonbond Pairlist CPU Time:
|
|     Routine              Sec        %
|     ---------------------------------
|     Set Up Cit           0.00    0.00
|     Build List           0.00    0.00
|     ---------------------------------
|     Total                0.00    0.00

|  PME Direct Force CPU Time:
|
|     Routine              Sec        %
|     ---------------------------------
|     NonBonded Calc       0.00    0.00
|     Exclude Masked       0.00    0.00
|     Other                0.03    0.08
|     ---------------------------------
|     Total                0.03    0.08

|  PME Reciprocal Force CPU Time:
|
|     Routine              Sec        %
|     ---------------------------------
|     1D bspline           0.00    0.00
|     Grid Charges         0.00    0.00
|     Scalar Sum           0.00    0.00
|     Gradient Sum         0.00    0.00
|     FFT                  0.00    0.00
|     ---------------------------------
|     Total                0.00    0.00

|  Final Performance Info:
|     -----------------------------------------------------
|     Average timings for last   49500 steps:
|     Elapsed(s) =      38.38 Per Step(ms) =       0.78
|         ns/day =     222.88   seconds/ns =     387.66
|
|     Average timings for all steps:
|     Elapsed(s) =      38.78 Per Step(ms) =       0.78
|         ns/day =     222.79   seconds/ns =     387.81
|     -----------------------------------------------------

|  Setup CPU time:            2.54 seconds
|  NonSetup CPU time:        38.78 seconds
|  Total CPU time:           41.32 seconds     0.01 hours

|  Setup wall time:           3    seconds
|  NonSetup wall time:       39    seconds
|  Total wall time:          42    seconds     0.01 hours
