
          -------------------------------------------------------
          Amber 16 PMEMD                              2016
          -------------------------------------------------------

| PMEMD implementation of SANDER, Release 16

| Run on 11/17/2017 at 08:25:29

|   Executable path: /apps/amber16/bin/pmemd.cuda
| Working directory: /home/pbarletta
|          Hostname: mordor

  [-O]verwriting output

File Assignments:
|   MDIN: /scratch/pbarletta/cph_obp/run/ctv/mhe/e/23equ.in                     
|  MDOUT: /scratch/pbarletta/cph_obp/run/ctv/mhe/e/23equ.out                    
| INPCRD: /scratch/pbarletta/cph_obp/run/ctv/mhe/e/22ectv.rst7                  
|   PARM: /scratch/pbarletta/cph_obp/top_files/ctv.prmtop                       
| RESTRT: /scratch/pbarletta/cph_obp/run/ctv/mhe/e/23ectv.rst7                  
|   REFC: /scratch/pbarletta/cph_obp/run/ctv/mhe/e/22ectv.rst7                  
|  MDVEL: mdvel                                                                 
|   MDEN: mden                                                                  
|  MDCRD: /scratch/pbarletta/cph_obp/run/ctv/mhe/e/23ectv.nc                    
| MDINFO: mdinfo                                                                
|  MDFRC: mdfrc                                                                 


 Here is the input file:

Equilibration with solute restrictions                                         
&cntrl                                                                         
imin = 0,                           ! No Minimization                          
nmropt = 0,                         ! No NMR restraints read                   
                                                                               
! Nature and format of the input                                               
ntx = 5,                            ! Coordinates but no velocities will be rea
irest = 1,                          ! Do not run a new simulation              
                                                                               
! Nature and format of the output                                              
ntxo = 1,                           ! rstrt file in ASCII format               
ntpr = 500,                         ! inf in output every ntpr steps           
ntwr = 500,                         ! rstrt file every ntwr steps              
ntwx = 500,                         ! mdcrd file every ntwx steps              
ntwv = 0,                           ! mdvel without velocities                 
ntwe = 0,                           ! Energies and temperatures not written in 
idecomp = 0,                        ! No energy decomposition                  
iwrap = 1,                          ! Coordinates of the restart and mdcrd file
                                                                               
! Frozen or restrained atoms                                                   
ibelly = 0,                         ! No frozen atoms                          
ntr=1,                              ! Harmonic potential restraints            
restraint_wt = 0.17,                ! The weight for the positional restraints 
restraintmask = ':1-120@N,CA,C,O',  ! restrained residues                      
                                                                               
! Molecular dynamics                                                           
nstlim = 50000,                     ! Number of MD-steps                       
dt = 0.002,                         ! Time step                                
                                                                               
! Temperature regulation                                                       
ntt = 3,                            ! Langevin thermostat                      
gamma_ln = 5,                       ! Gamma constant for Langevin              
temp0 = 300.0,                      ! Reference T at which the system is to be 
tempi = 300.0,                      ! Initial T                                
ig = -1,                            ! Seed for the RNG                         
                                                                               
! P and V regulation                                                           
ntp = 0,                            ! No pressure control                      
ntb = 1,                            ! Periodic box for constant V              
                                                                               
! SHAKE variables                                                              
ntc = 2,                            ! Bonds involving H are constrained        
ntf = 2,                            ! Bond interaction involving H are ommited.
                                                                               
cut = 10.0,                         ! Nonbonded cutoff                         
                                                                               
/                                                                              
&end                                                                           


Note: ig = -1. Setting random seed to   233127 based on wallclock time in 
      microseconds.
| irandom = 1, using AMBER's internal random number generator (default).
 
|--------------------- INFORMATION ----------------------
| GPU (CUDA) Version of PMEMD in use: NVIDIA GPU IN USE.
|                    Version 16.0.0
| 
|                      02/25/2016
| 
| Implementation by:
|                    Ross C. Walker     (SDSC)
|                    Scott Le Grand     (nVIDIA)
| 
| Precision model in use:
|      [SPFP] - Single Precision Forces, 64-bit Fixed Point
|               Accumulation. (Default)
| 
|--------------------------------------------------------
 
|----------------- CITATION INFORMATION -----------------
|
|    When publishing work that utilized the CUDA version
|    of AMBER, please cite the following in addition to
|    the regular AMBER citations:
|
|  - Romelia Salomon-Ferrer; Andreas W. Goetz; Duncan
|    Poole; Scott Le Grand; Ross C. Walker "Routine
|    microsecond molecular dynamics simulations with
|    AMBER - Part II: Particle Mesh Ewald", J. Chem.
|    Theory Comput., 2013, 9 (9), pp3878-3888,
|    DOI: 10.1021/ct400314y.
|
|  - Andreas W. Goetz; Mark J. Williamson; Dong Xu;
|    Duncan Poole; Scott Le Grand; Ross C. Walker
|    "Routine microsecond molecular dynamics simulations
|    with AMBER - Part I: Generalized Born", J. Chem.
|    Theory Comput., 2012, 8 (5), pp1542-1555.
|
|  - Scott Le Grand; Andreas W. Goetz; Ross C. Walker
|    "SPFP: Speed without compromise - a mixed precision
|    model for GPU accelerated molecular dynamics
|    simulations.", Comp. Phys. Comm., 2013, 184
|    pp374-380, DOI: 10.1016/j.cpc.2012.09.022
|
|--------------------------------------------------------
 
|------------------- GPU DEVICE INFO --------------------
|
|            CUDA_VISIBLE_DEVICES: 1
|   CUDA Capable Devices Detected:      1
|           CUDA Device ID in use:      0
|                CUDA Device Name: GeForce GTX 1080 Ti
|     CUDA Device Global Mem Size:  11172 MB
| CUDA Device Num Multiprocessors:     28
|           CUDA Device Core Freq:   1.58 GHz
|
|--------------------------------------------------------
 
 
| Conditional Compilation Defines Used:
| PUBFFT
| BINTRAJ
| CUDA
| EMIL

| Largest sphere to fit in unit cell has radius =    24.861

| New format PARM file being parsed.
| Version =    1.000 Date = 11/14/17 Time = 21:26:59

| Note: 1-4 EEL scale factors are being read from the topology file.

| Note: 1-4 VDW scale factors are being read from the topology file.
| Duplicated    0 dihedrals

| Duplicated    0 dihedrals

--------------------------------------------------------------------------------
   1.  RESOURCE   USE: 
--------------------------------------------------------------------------------

 getting new box info from bottom of inpcrd
 NATOM  =   14918 NTYPES =      18 NBONH =   13963 MBONA  =     961
 NTHETH =    2368 MTHETA =    1289 NPHIH =    4522 MPHIA  =    3259
 NHPARM =       0 NPARM  =       0 NNB   =   28275 NRES   =    4423
 NBONA  =     961 NTHETA =    1289 NPHIA =    3259 NUMBND =      48
 NUMANG =     101 NPTRA  =      41 NATYP =      33 NPHB   =       1
 IFBOX  =       2 NMXRS  =      26 IFCAP =       0 NEXTRA =       0
 NCOPY  =       0

| Coordinate Index Table dimensions:     9    9    9
| Direct force subcell size =     6.7664    6.7664    6.7664

     BOX TYPE: TRUNCATED OCTAHEDRON

--------------------------------------------------------------------------------
   2.  CONTROL  DATA  FOR  THE  RUN
--------------------------------------------------------------------------------

default_name                                                                    

General flags:
     imin    =       0, nmropt  =       0

Nature and format of input:
     ntx     =       5, irest   =       1, ntrx    =       1

Nature and format of output:
     ntxo    =       1, ntpr    =     500, ntrx    =       1, ntwr    =     500
     iwrap   =       1, ntwx    =     500, ntwv    =       0, ntwe    =       0
     ioutfm  =       1, ntwprt  =       0, idecomp =       0, rbornstat=      0

Potential function:
     ntf     =       2, ntb     =       1, igb     =       0, nsnb    =      25
     ipol    =       0, gbsa    =       0, iesp    =       0
     dielc   =   1.00000, cut     =  10.00000, intdiel =   1.00000

Frozen or restrained atoms:
     ibelly  =       0, ntr     =       1
     restraint_wt =   0.17000

Molecular dynamics:
     nstlim  =     50000, nscm    =         0, nrespa  =         1
     t       =   0.00000, dt      =   0.00200, vlimit  =  -1.00000

Langevin dynamics temperature regulation:
     ig      =  233127
     temp0   = 300.00000, tempi   = 300.00000, gamma_ln=   5.00000

SHAKE:
     ntc     =       2, jfastw  =       0
     tol     =   0.00001

| Intermolecular bonds treatment:
|     no_intermolecular_bonds =       1

| Energy averages sample interval:
|     ene_avg_sampling =     500

Ewald parameters:
     verbose =       0, ew_type =       0, nbflag  =       1, use_pme =       1
     vdwmeth =       1, eedmeth =       1, netfrc  =       1
     Box X =   60.897   Box Y =   60.897   Box Z =   60.897
     Alpha =  109.471   Beta  =  109.471   Gamma =  109.471
     NFFT1 =   64       NFFT2 =   64       NFFT3 =   64
     Cutoff=   10.000   Tol   =0.100E-04
     Ewald Coefficient =  0.27511
     Interpolation order =    4

    LOADING THE CONSTRAINED ATOMS AS GROUPS


   5.  REFERENCE ATOM COORDINATES

  default_name                                                                    
     Mask :1-120@N,CA,C,O; matches   476 atoms

--------------------------------------------------------------------------------
   3.  ATOMIC COORDINATES AND VELOCITIES
--------------------------------------------------------------------------------

default_name                                                                    
 begin time read from input coords =  2340.000 ps

 
 Number of triangulated 3-point waters found:     4302

     Sum of charges from parm topology file =   0.00000094
     Forcing neutrality...

| Dynamic Memory, Types Used:
| Reals              578204
| Integers           551472

| Nonbonded Pairs Initial Allocation:     4512322

| GPU memory information (estimate):
| KB of GPU memory in use:    141360
| KB of CPU memory in use:     29328

--------------------------------------------------------------------------------
   4.  RESULTS
--------------------------------------------------------------------------------

 ---------------------------------------------------
 APPROXIMATING switch and d/dx switch using CUBIC SPLINE INTERPOLATION
 using   5000.0 points per unit in tabled values
 TESTING RELATIVE ERROR over r ranging from 0.0 to cutoff
| CHECK switch(x): max rel err =   0.2738E-14   at   2.422500
| CHECK d/dx switch(x): max rel err =   0.8314E-11   at   2.736960
 ---------------------------------------------------
|---------------------------------------------------
| APPROXIMATING direct energy using CUBIC SPLINE INTERPOLATION
|  with   50.0 points per unit in tabled values
| Relative Error Limit not exceeded for r .gt.   2.33
| APPROXIMATING direct force using CUBIC SPLINE INTERPOLATION
|  with   50.0 points per unit in tabled values
| Relative Error Limit not exceeded for r .gt.   2.80
|---------------------------------------------------
wrapping first mol.:       20.29907       28.70721       49.72235
wrapping first mol.:       20.29907       28.70721       49.72235

 NSTEP =      500   TIME(PS) =    2341.000  TEMP(K) =   299.14  PRESS =     0.0
 Etot   =    -34403.9414  EKtot   =      9151.7451  EPtot      =    -43555.6865
 BOND   =       360.9636  ANGLE   =      1068.0087  DIHED      =      1341.9507
 1-4 NB =       451.8421  1-4 EEL =      6265.3357  VDWAALS    =      4801.5244
 EELEC  =    -57860.8544  EHBOND  =         0.0000  RESTRAINT  =        15.5427
 EAMBER (non-restraint)  =    -43571.2292
 ------------------------------------------------------------------------------

wrapping first mol.:       20.29907       28.70721       49.72235
wrapping first mol.:       20.29907       28.70721       49.72235

 NSTEP =     1000   TIME(PS) =    2342.000  TEMP(K) =   298.89  PRESS =     0.0
 Etot   =    -34442.6738  EKtot   =      9144.0957  EPtot      =    -43586.7695
 BOND   =       351.6063  ANGLE   =      1068.5095  DIHED      =      1346.8074
 1-4 NB =       439.3106  1-4 EEL =      6286.3811  VDWAALS    =      4608.2384
 EELEC  =    -57704.3417  EHBOND  =         0.0000  RESTRAINT  =        16.7189
 EAMBER (non-restraint)  =    -43603.4884
 ------------------------------------------------------------------------------

wrapping first mol.:       20.29907       28.70721       49.72235
wrapping first mol.:       20.29907       28.70721       49.72235

 NSTEP =     1500   TIME(PS) =    2343.000  TEMP(K) =   302.29  PRESS =     0.0
 Etot   =    -34489.3437  EKtot   =      9248.1045  EPtot      =    -43737.4482
 BOND   =       361.7191  ANGLE   =      1054.3409  DIHED      =      1362.7426
 1-4 NB =       445.0391  1-4 EEL =      6250.6180  VDWAALS    =      4752.1843
 EELEC  =    -57979.9388  EHBOND  =         0.0000  RESTRAINT  =        15.8465
 EAMBER (non-restraint)  =    -43753.2948
 ------------------------------------------------------------------------------

wrapping first mol.:       20.29907       28.70721       49.72235
wrapping first mol.:       20.29907       28.70721       49.72235

 NSTEP =     2000   TIME(PS) =    2344.000  TEMP(K) =   297.15  PRESS =     0.0
 Etot   =    -34551.0517  EKtot   =      9090.9590  EPtot      =    -43642.0106
 BOND   =       322.4094  ANGLE   =      1075.0280  DIHED      =      1351.6748
 1-4 NB =       441.1819  1-4 EEL =      6253.3966  VDWAALS    =      4751.2906
 EELEC  =    -57855.5283  EHBOND  =         0.0000  RESTRAINT  =        18.5364
 EAMBER (non-restraint)  =    -43660.5470
 ------------------------------------------------------------------------------

wrapping first mol.:       20.29907       28.70721       49.72235
wrapping first mol.:       20.29907       28.70721       49.72235

 NSTEP =     2500   TIME(PS) =    2345.000  TEMP(K) =   301.26  PRESS =     0.0
 Etot   =    -34355.4912  EKtot   =      9216.5791  EPtot      =    -43572.0703
 BOND   =       343.5844  ANGLE   =      1079.1844  DIHED      =      1378.9515
 1-4 NB =       453.3033  1-4 EEL =      6287.4450  VDWAALS    =      4723.2966
 EELEC  =    -57858.0961  EHBOND  =         0.0000  RESTRAINT  =        20.2607
 EAMBER (non-restraint)  =    -43592.3309
 ------------------------------------------------------------------------------

wrapping first mol.:       20.29907       28.70721       49.72235
wrapping first mol.:       20.29907       28.70721       49.72235

 NSTEP =     3000   TIME(PS) =    2346.000  TEMP(K) =   298.01  PRESS =     0.0
 Etot   =    -34460.2366  EKtot   =      9117.2080  EPtot      =    -43577.4446
 BOND   =       345.0334  ANGLE   =      1048.8304  DIHED      =      1347.2095
 1-4 NB =       461.6691  1-4 EEL =      6322.4544  VDWAALS    =      5011.9349
 EELEC  =    -58130.4223  EHBOND  =         0.0000  RESTRAINT  =        15.8460
 EAMBER (non-restraint)  =    -43593.2906
 ------------------------------------------------------------------------------

wrapping first mol.:       20.29907       28.70721       49.72235
wrapping first mol.:       20.29907       28.70721       49.72235

 NSTEP =     3500   TIME(PS) =    2347.000  TEMP(K) =   297.50  PRESS =     0.0
 Etot   =    -34666.4911  EKtot   =      9101.5957  EPtot      =    -43768.0868
 BOND   =       374.3820  ANGLE   =      1068.0639  DIHED      =      1366.8989
 1-4 NB =       426.5668  1-4 EEL =      6259.0929  VDWAALS    =      4807.8049
 EELEC  =    -58088.5378  EHBOND  =         0.0000  RESTRAINT  =        17.6417
 EAMBER (non-restraint)  =    -43785.7285
 ------------------------------------------------------------------------------

wrapping first mol.:       20.29907       28.70721       49.72235
wrapping first mol.:       20.29907       28.70721       49.72235

 NSTEP =     4000   TIME(PS) =    2348.000  TEMP(K) =   297.84  PRESS =     0.0
 Etot   =    -34417.2962  EKtot   =      9112.1104  EPtot      =    -43529.4066
 BOND   =       391.1521  ANGLE   =      1038.7383  DIHED      =      1365.8812
 1-4 NB =       454.2204  1-4 EEL =      6256.3728  VDWAALS    =      4674.0843
 EELEC  =    -57726.9063  EHBOND  =         0.0000  RESTRAINT  =        17.0505
 EAMBER (non-restraint)  =    -43546.4571
 ------------------------------------------------------------------------------

wrapping first mol.:       20.29907       28.70721       49.72235
wrapping first mol.:       20.29907       28.70721       49.72235

 NSTEP =     4500   TIME(PS) =    2349.000  TEMP(K) =   297.03  PRESS =     0.0
 Etot   =    -34753.5837  EKtot   =      9087.3916  EPtot      =    -43840.9753
 BOND   =       351.7692  ANGLE   =      1042.8537  DIHED      =      1347.3157
 1-4 NB =       445.1651  1-4 EEL =      6248.4148  VDWAALS    =      4964.1738
 EELEC  =    -58260.9015  EHBOND  =         0.0000  RESTRAINT  =        20.2340
 EAMBER (non-restraint)  =    -43861.2093
 ------------------------------------------------------------------------------

wrapping first mol.:       20.29907       28.70721       49.72235
wrapping first mol.:       20.29907       28.70721       49.72235

 NSTEP =     5000   TIME(PS) =    2350.000  TEMP(K) =   298.00  PRESS =     0.0
 Etot   =    -34480.1497  EKtot   =      9117.0527  EPtot      =    -43597.2024
 BOND   =       377.4698  ANGLE   =      1048.2491  DIHED      =      1373.0350
 1-4 NB =       443.5036  1-4 EEL =      6280.1800  VDWAALS    =      4829.1069
 EELEC  =    -57973.0748  EHBOND  =         0.0000  RESTRAINT  =        24.3280
 EAMBER (non-restraint)  =    -43621.5304
 ------------------------------------------------------------------------------

wrapping first mol.:       20.29907       28.70721       49.72235
wrapping first mol.:       20.29907       28.70721       49.72235

 NSTEP =     5500   TIME(PS) =    2351.000  TEMP(K) =   302.42  PRESS =     0.0
 Etot   =    -34409.2468  EKtot   =      9252.1143  EPtot      =    -43661.3611
 BOND   =       368.1774  ANGLE   =      1029.6376  DIHED      =      1353.4141
 1-4 NB =       438.5874  1-4 EEL =      6323.8262  VDWAALS    =      4778.0610
 EELEC  =    -57971.4771  EHBOND  =         0.0000  RESTRAINT  =        18.4123
 EAMBER (non-restraint)  =    -43679.7734
 ------------------------------------------------------------------------------

wrapping first mol.:       20.29907       28.70721       49.72235
wrapping first mol.:       20.29907       28.70721       49.72235

 NSTEP =     6000   TIME(PS) =    2352.000  TEMP(K) =   302.70  PRESS =     0.0
 Etot   =    -34415.1803  EKtot   =      9260.8633  EPtot      =    -43676.0436
 BOND   =       363.4457  ANGLE   =      1062.8871  DIHED      =      1361.4982
 1-4 NB =       448.1065  1-4 EEL =      6268.5648  VDWAALS    =      4809.8376
 EELEC  =    -58010.1483  EHBOND  =         0.0000  RESTRAINT  =        19.7649
 EAMBER (non-restraint)  =    -43695.8085
 ------------------------------------------------------------------------------

wrapping first mol.:       20.29907       28.70721       49.72235
wrapping first mol.:       20.29907       28.70721       49.72235

 NSTEP =     6500   TIME(PS) =    2353.000  TEMP(K) =   300.08  PRESS =     0.0
 Etot   =    -34383.1029  EKtot   =      9180.6816  EPtot      =    -43563.7845
 BOND   =       368.4118  ANGLE   =      1090.8587  DIHED      =      1374.8787
 1-4 NB =       428.8535  1-4 EEL =      6247.9329  VDWAALS    =      4851.3585
 EELEC  =    -57942.8821  EHBOND  =         0.0000  RESTRAINT  =        16.8034
 EAMBER (non-restraint)  =    -43580.5879
 ------------------------------------------------------------------------------

wrapping first mol.:       20.29907       28.70721       49.72235
wrapping first mol.:       20.29907       28.70721       49.72235

 NSTEP =     7000   TIME(PS) =    2354.000  TEMP(K) =   304.48  PRESS =     0.0
 Etot   =    -34415.9406  EKtot   =      9315.2383  EPtot      =    -43731.1788
 BOND   =       380.6964  ANGLE   =      1107.5118  DIHED      =      1361.5174
 1-4 NB =       429.2098  1-4 EEL =      6254.6365  VDWAALS    =      4713.0937
 EELEC  =    -57997.0633  EHBOND  =         0.0000  RESTRAINT  =        19.2188
 EAMBER (non-restraint)  =    -43750.3976
 ------------------------------------------------------------------------------

wrapping first mol.:       20.29907       28.70721       49.72235
wrapping first mol.:       20.29907       28.70721       49.72235

 NSTEP =     7500   TIME(PS) =    2355.000  TEMP(K) =   302.13  PRESS =     0.0
 Etot   =    -34249.3756  EKtot   =      9243.2451  EPtot      =    -43492.6207
 BOND   =       368.0041  ANGLE   =      1045.1815  DIHED      =      1350.2938
 1-4 NB =       449.2593  1-4 EEL =      6271.9615  VDWAALS    =      4781.4876
 EELEC  =    -57779.7466  EHBOND  =         0.0000  RESTRAINT  =        20.9382
 EAMBER (non-restraint)  =    -43513.5589
 ------------------------------------------------------------------------------

wrapping first mol.:       20.29907       28.70721       49.72235
wrapping first mol.:       20.29907       28.70721       49.72235

 NSTEP =     8000   TIME(PS) =    2356.000  TEMP(K) =   299.42  PRESS =     0.0
 Etot   =    -34694.3279  EKtot   =      9160.2539  EPtot      =    -43854.5818
 BOND   =       349.7792  ANGLE   =      1049.8151  DIHED      =      1370.5845
 1-4 NB =       457.7296  1-4 EEL =      6271.8530  VDWAALS    =      4591.3230
 EELEC  =    -57967.7637  EHBOND  =         0.0000  RESTRAINT  =        22.0975
 EAMBER (non-restraint)  =    -43876.6793
 ------------------------------------------------------------------------------

wrapping first mol.:       20.29907       28.70721       49.72235
wrapping first mol.:       20.29907       28.70721       49.72235

 NSTEP =     8500   TIME(PS) =    2357.000  TEMP(K) =   300.52  PRESS =     0.0
 Etot   =    -34427.7817  EKtot   =      9194.1289  EPtot      =    -43621.9106
 BOND   =       335.3124  ANGLE   =      1079.2819  DIHED      =      1351.7499
 1-4 NB =       443.8380  1-4 EEL =      6292.0065  VDWAALS    =      4795.3479
 EELEC  =    -57938.6034  EHBOND  =         0.0000  RESTRAINT  =        19.1562
 EAMBER (non-restraint)  =    -43641.0668
 ------------------------------------------------------------------------------

wrapping first mol.:       20.29907       28.70721       49.72235
wrapping first mol.:       20.29907       28.70721       49.72235

 NSTEP =     9000   TIME(PS) =    2358.000  TEMP(K) =   302.78  PRESS =     0.0
 Etot   =    -34397.3810  EKtot   =      9263.1553  EPtot      =    -43660.5362
 BOND   =       356.3958  ANGLE   =      1041.7303  DIHED      =      1340.4539
 1-4 NB =       440.0074  1-4 EEL =      6313.2797  VDWAALS    =      4698.5426
 EELEC  =    -57871.4863  EHBOND  =         0.0000  RESTRAINT  =        20.5403
 EAMBER (non-restraint)  =    -43681.0766
 ------------------------------------------------------------------------------

wrapping first mol.:       20.29907       28.70721       49.72235
wrapping first mol.:       20.29907       28.70721       49.72235

 NSTEP =     9500   TIME(PS) =    2359.000  TEMP(K) =   295.55  PRESS =     0.0
 Etot   =    -34543.5605  EKtot   =      9041.9707  EPtot      =    -43585.5312
 BOND   =       335.2252  ANGLE   =      1059.5350  DIHED      =      1350.4526
 1-4 NB =       447.9103  1-4 EEL =      6240.3257  VDWAALS    =      4661.3241
 EELEC  =    -57703.6776  EHBOND  =         0.0000  RESTRAINT  =        23.3734
 EAMBER (non-restraint)  =    -43608.9046
 ------------------------------------------------------------------------------

wrapping first mol.:       20.29907       28.70721       49.72235
wrapping first mol.:       20.29907       28.70721       49.72235

 NSTEP =    10000   TIME(PS) =    2360.000  TEMP(K) =   297.14  PRESS =     0.0
 Etot   =    -34732.2228  EKtot   =      9090.6709  EPtot      =    -43822.8937
 BOND   =       348.8517  ANGLE   =      1062.8410  DIHED      =      1337.4671
 1-4 NB =       448.2134  1-4 EEL =      6300.3907  VDWAALS    =      4909.1995
 EELEC  =    -58252.3560  EHBOND  =         0.0000  RESTRAINT  =        22.4990
 EAMBER (non-restraint)  =    -43845.3927
 ------------------------------------------------------------------------------

wrapping first mol.:       20.29907       28.70721       49.72235
wrapping first mol.:       20.29907       28.70721       49.72235

 NSTEP =    10500   TIME(PS) =    2361.000  TEMP(K) =   301.16  PRESS =     0.0
 Etot   =    -34468.2294  EKtot   =      9213.7832  EPtot      =    -43682.0126
 BOND   =       339.9928  ANGLE   =      1092.6012  DIHED      =      1373.4783
 1-4 NB =       457.3595  1-4 EEL =      6320.1098  VDWAALS    =      4816.9636
 EELEC  =    -58101.1464  EHBOND  =         0.0000  RESTRAINT  =        18.6285
 EAMBER (non-restraint)  =    -43700.6411
 ------------------------------------------------------------------------------

wrapping first mol.:       20.29907       28.70721       49.72235
wrapping first mol.:       20.29907       28.70721       49.72235

 NSTEP =    11000   TIME(PS) =    2362.000  TEMP(K) =   299.22  PRESS =     0.0
 Etot   =    -34528.7329  EKtot   =      9154.3848  EPtot      =    -43683.1177
 BOND   =       344.9946  ANGLE   =      1111.5318  DIHED      =      1354.4794
 1-4 NB =       443.2284  1-4 EEL =      6279.7867  VDWAALS    =      4565.6806
 EELEC  =    -57806.1079  EHBOND  =         0.0000  RESTRAINT  =        23.2886
 EAMBER (non-restraint)  =    -43706.4063
 ------------------------------------------------------------------------------

wrapping first mol.:       20.29907       28.70721       49.72235
wrapping first mol.:       20.29907       28.70721       49.72235

 NSTEP =    11500   TIME(PS) =    2363.000  TEMP(K) =   299.17  PRESS =     0.0
 Etot   =    -34387.3609  EKtot   =      9152.6523  EPtot      =    -43540.0133
 BOND   =       380.9775  ANGLE   =      1040.8043  DIHED      =      1348.9033
 1-4 NB =       434.8030  1-4 EEL =      6245.8120  VDWAALS    =      4746.5633
 EELEC  =    -57756.2550  EHBOND  =         0.0000  RESTRAINT  =        18.3782
 EAMBER (non-restraint)  =    -43558.3914
 ------------------------------------------------------------------------------

wrapping first mol.:       20.29907       28.70721       49.72235
wrapping first mol.:       20.29907       28.70721       49.72235

 NSTEP =    12000   TIME(PS) =    2364.000  TEMP(K) =   293.47  PRESS =     0.0
 Etot   =    -34574.3525  EKtot   =      8978.4922  EPtot      =    -43552.8447
 BOND   =       359.4641  ANGLE   =      1023.1493  DIHED      =      1340.5603
 1-4 NB =       435.2922  1-4 EEL =      6274.7999  VDWAALS    =      4570.5197
 EELEC  =    -57576.8067  EHBOND  =         0.0000  RESTRAINT  =        20.1764
 EAMBER (non-restraint)  =    -43573.0211
 ------------------------------------------------------------------------------

wrapping first mol.:       20.29907       28.70721       49.72235
wrapping first mol.:       20.29907       28.70721       49.72235

 NSTEP =    12500   TIME(PS) =    2365.000  TEMP(K) =   298.73  PRESS =     0.0
 Etot   =    -34372.2023  EKtot   =      9139.1992  EPtot      =    -43511.4015
 BOND   =       339.2686  ANGLE   =      1081.4957  DIHED      =      1366.0352
 1-4 NB =       442.2885  1-4 EEL =      6272.5518  VDWAALS    =      4602.9737
 EELEC  =    -57637.6259  EHBOND  =         0.0000  RESTRAINT  =        21.6110
 EAMBER (non-restraint)  =    -43533.0125
 ------------------------------------------------------------------------------

wrapping first mol.:       20.29907       28.70721       49.72235
wrapping first mol.:       20.29907       28.70721       49.72235

 NSTEP =    13000   TIME(PS) =    2366.000  TEMP(K) =   298.10  PRESS =     0.0
 Etot   =    -34614.7061  EKtot   =      9119.9053  EPtot      =    -43734.6114
 BOND   =       336.6628  ANGLE   =      1086.1445  DIHED      =      1344.7017
 1-4 NB =       441.3909  1-4 EEL =      6280.6647  VDWAALS    =      4788.7933
 EELEC  =    -58034.7667  EHBOND  =         0.0000  RESTRAINT  =        21.7973
 EAMBER (non-restraint)  =    -43756.4087
 ------------------------------------------------------------------------------

wrapping first mol.:       20.29907       28.70721       49.72235
wrapping first mol.:       20.29907       28.70721       49.72235

 NSTEP =    13500   TIME(PS) =    2367.000  TEMP(K) =   301.67  PRESS =     0.0
 Etot   =    -34392.1680  EKtot   =      9229.1846  EPtot      =    -43621.3525
 BOND   =       363.4055  ANGLE   =      1053.6440  DIHED      =      1389.7698
 1-4 NB =       448.6761  1-4 EEL =      6280.2779  VDWAALS    =      4751.6211
 EELEC  =    -57932.5331  EHBOND  =         0.0000  RESTRAINT  =        23.7863
 EAMBER (non-restraint)  =    -43645.1388
 ------------------------------------------------------------------------------

wrapping first mol.:       20.29907       28.70721       49.72235
wrapping first mol.:       20.29907       28.70721       49.72235

 NSTEP =    14000   TIME(PS) =    2368.000  TEMP(K) =   294.48  PRESS =     0.0
 Etot   =    -34582.1504  EKtot   =      9009.1523  EPtot      =    -43591.3027
 BOND   =       363.9881  ANGLE   =      1060.5042  DIHED      =      1358.9481
 1-4 NB =       454.9937  1-4 EEL =      6288.9623  VDWAALS    =      4675.2637
 EELEC  =    -57810.9026  EHBOND  =         0.0000  RESTRAINT  =        16.9398
 EAMBER (non-restraint)  =    -43608.2426
 ------------------------------------------------------------------------------

wrapping first mol.:       20.29907       28.70721       49.72235
wrapping first mol.:       20.29907       28.70721       49.72235

 NSTEP =    14500   TIME(PS) =    2369.000  TEMP(K) =   299.46  PRESS =     0.0
 Etot   =    -34390.3135  EKtot   =      9161.6553  EPtot      =    -43551.9688
 BOND   =       362.1130  ANGLE   =      1075.2191  DIHED      =      1365.7087
 1-4 NB =       436.2636  1-4 EEL =      6259.4751  VDWAALS    =      4839.5925
 EELEC  =    -57908.7890  EHBOND  =         0.0000  RESTRAINT  =        18.4481
 EAMBER (non-restraint)  =    -43570.4169
 ------------------------------------------------------------------------------

wrapping first mol.:       20.29907       28.70721       49.72235
wrapping first mol.:       20.29907       28.70721       49.72235

 NSTEP =    15000   TIME(PS) =    2370.000  TEMP(K) =   298.42  PRESS =     0.0
 Etot   =    -34511.5703  EKtot   =      9129.9082  EPtot      =    -43641.4785
 BOND   =       351.4048  ANGLE   =      1036.5052  DIHED      =      1368.1700
 1-4 NB =       458.2335  1-4 EEL =      6317.6389  VDWAALS    =      4710.6707
 EELEC  =    -57903.5182  EHBOND  =         0.0000  RESTRAINT  =        19.4167
 EAMBER (non-restraint)  =    -43660.8952
 ------------------------------------------------------------------------------

wrapping first mol.:       20.29907       28.70721       49.72235
wrapping first mol.:       20.29907       28.70721       49.72235

 NSTEP =    15500   TIME(PS) =    2371.000  TEMP(K) =   298.02  PRESS =     0.0
 Etot   =    -34455.3646  EKtot   =      9117.6104  EPtot      =    -43572.9749
 BOND   =       377.1919  ANGLE   =      1078.3138  DIHED      =      1347.1932
 1-4 NB =       441.1154  1-4 EEL =      6298.8437  VDWAALS    =      4596.3874
 EELEC  =    -57730.0216  EHBOND  =         0.0000  RESTRAINT  =        18.0012
 EAMBER (non-restraint)  =    -43590.9762
 ------------------------------------------------------------------------------

wrapping first mol.:       20.29907       28.70721       49.72235
wrapping first mol.:       20.29907       28.70721       49.72235

 NSTEP =    16000   TIME(PS) =    2372.000  TEMP(K) =   295.88  PRESS =     0.0
 Etot   =    -34523.1727  EKtot   =      9052.0723  EPtot      =    -43575.2450
 BOND   =       354.5017  ANGLE   =      1108.0770  DIHED      =      1360.3530
 1-4 NB =       442.8403  1-4 EEL =      6259.8064  VDWAALS    =      4732.2295
 EELEC  =    -57851.6908  EHBOND  =         0.0000  RESTRAINT  =        18.6379
 EAMBER (non-restraint)  =    -43593.8829
 ------------------------------------------------------------------------------

wrapping first mol.:       20.29907       28.70721       49.72235
wrapping first mol.:       20.29907       28.70721       49.72235

 NSTEP =    16500   TIME(PS) =    2373.000  TEMP(K) =   303.30  PRESS =     0.0
 Etot   =    -34568.6708  EKtot   =      9279.0596  EPtot      =    -43847.7304
 BOND   =       379.5254  ANGLE   =      1038.5050  DIHED      =      1349.0174
 1-4 NB =       447.3581  1-4 EEL =      6284.0809  VDWAALS    =      4721.0867
 EELEC  =    -58085.4250  EHBOND  =         0.0000  RESTRAINT  =        18.1212
 EAMBER (non-restraint)  =    -43865.8516
 ------------------------------------------------------------------------------

wrapping first mol.:       20.29907       28.70721       49.72235
wrapping first mol.:       20.29907       28.70721       49.72235

 NSTEP =    17000   TIME(PS) =    2374.000  TEMP(K) =   303.05  PRESS =     0.0
 Etot   =    -34359.1681  EKtot   =      9271.5156  EPtot      =    -43630.6837
 BOND   =       373.0339  ANGLE   =      1108.5605  DIHED      =      1354.4014
 1-4 NB =       441.2063  1-4 EEL =      6273.0851  VDWAALS    =      4853.0316
 EELEC  =    -58050.3026  EHBOND  =         0.0000  RESTRAINT  =        16.3001
 EAMBER (non-restraint)  =    -43646.9837
 ------------------------------------------------------------------------------

wrapping first mol.:       20.29907       28.70721       49.72235
wrapping first mol.:       20.29907       28.70721       49.72235

 NSTEP =    17500   TIME(PS) =    2375.000  TEMP(K) =   300.78  PRESS =     0.0
 Etot   =    -34452.8392  EKtot   =      9201.9844  EPtot      =    -43654.8235
 BOND   =       377.0405  ANGLE   =      1070.0466  DIHED      =      1358.4845
 1-4 NB =       444.5184  1-4 EEL =      6298.2552  VDWAALS    =      4723.5025
 EELEC  =    -57946.3796  EHBOND  =         0.0000  RESTRAINT  =        19.7085
 EAMBER (non-restraint)  =    -43674.5320
 ------------------------------------------------------------------------------

wrapping first mol.:       20.29907       28.70721       49.72235
wrapping first mol.:       20.29907       28.70721       49.72235

 NSTEP =    18000   TIME(PS) =    2376.000  TEMP(K) =   302.66  PRESS =     0.0
 Etot   =    -34407.9129  EKtot   =      9259.6641  EPtot      =    -43667.5770
 BOND   =       359.6340  ANGLE   =      1118.1000  DIHED      =      1364.1489
 1-4 NB =       427.6546  1-4 EEL =      6275.4375  VDWAALS    =      5025.1326
 EELEC  =    -58258.6761  EHBOND  =         0.0000  RESTRAINT  =        20.9917
 EAMBER (non-restraint)  =    -43688.5686
 ------------------------------------------------------------------------------

wrapping first mol.:       20.29907       28.70721       49.72235
wrapping first mol.:       20.29907       28.70721       49.72235

 NSTEP =    18500   TIME(PS) =    2377.000  TEMP(K) =   298.82  PRESS =     0.0
 Etot   =    -34796.8364  EKtot   =      9141.9678  EPtot      =    -43938.8042
 BOND   =       346.9030  ANGLE   =      1044.2377  DIHED      =      1335.9219
 1-4 NB =       449.3098  1-4 EEL =      6282.4195  VDWAALS    =      4735.9519
 EELEC  =    -58152.9642  EHBOND  =         0.0000  RESTRAINT  =        19.4162
 EAMBER (non-restraint)  =    -43958.2204
 ------------------------------------------------------------------------------

wrapping first mol.:       20.29907       28.70721       49.72235
wrapping first mol.:       20.29907       28.70721       49.72235

 NSTEP =    19000   TIME(PS) =    2378.000  TEMP(K) =   303.67  PRESS =     0.0
 Etot   =    -34542.0243  EKtot   =      9290.3496  EPtot      =    -43832.3739
 BOND   =       351.1486  ANGLE   =      1084.1482  DIHED      =      1351.2217
 1-4 NB =       444.2610  1-4 EEL =      6287.1166  VDWAALS    =      4770.6089
 EELEC  =    -58139.3523  EHBOND  =         0.0000  RESTRAINT  =        18.4735
 EAMBER (non-restraint)  =    -43850.8474
 ------------------------------------------------------------------------------

wrapping first mol.:       20.29907       28.70721       49.72235
wrapping first mol.:       20.29907       28.70721       49.72235

 NSTEP =    19500   TIME(PS) =    2379.000  TEMP(K) =   301.34  PRESS =     0.0
 Etot   =    -34330.3825  EKtot   =      9219.0703  EPtot      =    -43549.4528
 BOND   =       370.5392  ANGLE   =      1098.0231  DIHED      =      1344.6024
 1-4 NB =       445.2382  1-4 EEL =      6283.7746  VDWAALS    =      4740.0597
 EELEC  =    -57851.3759  EHBOND  =         0.0000  RESTRAINT  =        19.6858
 EAMBER (non-restraint)  =    -43569.1387
 ------------------------------------------------------------------------------

wrapping first mol.:       20.29907       28.70721       49.72235
wrapping first mol.:       20.29907       28.70721       49.72235

 NSTEP =    20000   TIME(PS) =    2380.000  TEMP(K) =   302.73  PRESS =     0.0
 Etot   =    -34251.9055  EKtot   =      9261.5254  EPtot      =    -43513.4309
 BOND   =       365.7521  ANGLE   =      1052.2028  DIHED      =      1366.4203
 1-4 NB =       438.2642  1-4 EEL =      6273.5449  VDWAALS    =      4680.6123
 EELEC  =    -57712.7086  EHBOND  =         0.0000  RESTRAINT  =        22.4812
 EAMBER (non-restraint)  =    -43535.9121
 ------------------------------------------------------------------------------

wrapping first mol.:       20.29907       28.70721       49.72235
wrapping first mol.:       20.29907       28.70721       49.72235

 NSTEP =    20500   TIME(PS) =    2381.000  TEMP(K) =   301.02  PRESS =     0.0
 Etot   =    -34465.0641  EKtot   =      9209.2285  EPtot      =    -43674.2926
 BOND   =       348.8847  ANGLE   =      1049.9806  DIHED      =      1372.8400
 1-4 NB =       441.8408  1-4 EEL =      6270.0390  VDWAALS    =      4607.7557
 EELEC  =    -57783.2371  EHBOND  =         0.0000  RESTRAINT  =        17.6037
 EAMBER (non-restraint)  =    -43691.8963
 ------------------------------------------------------------------------------

wrapping first mol.:       20.29907       28.70721       49.72235
wrapping first mol.:       20.29907       28.70721       49.72235

 NSTEP =    21000   TIME(PS) =    2382.000  TEMP(K) =   299.22  PRESS =     0.0
 Etot   =    -34503.0721  EKtot   =      9154.3398  EPtot      =    -43657.4119
 BOND   =       362.1043  ANGLE   =      1081.4755  DIHED      =      1338.8900
 1-4 NB =       460.1238  1-4 EEL =      6301.8900  VDWAALS    =      4934.6223
 EELEC  =    -58155.1588  EHBOND  =         0.0000  RESTRAINT  =        18.6410
 EAMBER (non-restraint)  =    -43676.0530
 ------------------------------------------------------------------------------

wrapping first mol.:       20.29907       28.70721       49.72235
wrapping first mol.:       20.29907       28.70721       49.72235

 NSTEP =    21500   TIME(PS) =    2383.000  TEMP(K) =   298.77  PRESS =     0.0
 Etot   =    -34508.5431  EKtot   =      9140.4072  EPtot      =    -43648.9503
 BOND   =       390.9980  ANGLE   =      1034.0871  DIHED      =      1352.6834
 1-4 NB =       432.6669  1-4 EEL =      6282.3542  VDWAALS    =      4699.5892
 EELEC  =    -57863.7374  EHBOND  =         0.0000  RESTRAINT  =        22.4083
 EAMBER (non-restraint)  =    -43671.3586
 ------------------------------------------------------------------------------

wrapping first mol.:       20.29907       28.70721       49.72235
wrapping first mol.:       20.29907       28.70721       49.72235

 NSTEP =    22000   TIME(PS) =    2384.000  TEMP(K) =   300.81  PRESS =     0.0
 Etot   =    -34309.2804  EKtot   =      9202.9697  EPtot      =    -43512.2502
 BOND   =       369.2207  ANGLE   =      1061.1705  DIHED      =      1362.2682
 1-4 NB =       446.4669  1-4 EEL =      6284.8614  VDWAALS    =      4856.7246
 EELEC  =    -57915.7045  EHBOND  =         0.0000  RESTRAINT  =        22.7420
 EAMBER (non-restraint)  =    -43534.9922
 ------------------------------------------------------------------------------

wrapping first mol.:       20.29907       28.70721       49.72235
wrapping first mol.:       20.29907       28.70721       49.72235

 NSTEP =    22500   TIME(PS) =    2385.000  TEMP(K) =   299.88  PRESS =     0.0
 Etot   =    -34423.8536  EKtot   =      9174.4062  EPtot      =    -43598.2599
 BOND   =       334.3677  ANGLE   =      1053.4393  DIHED      =      1369.9607
 1-4 NB =       448.7243  1-4 EEL =      6299.2001  VDWAALS    =      4626.8242
 EELEC  =    -57750.1642  EHBOND  =         0.0000  RESTRAINT  =        19.3880
 EAMBER (non-restraint)  =    -43617.6479
 ------------------------------------------------------------------------------

wrapping first mol.:       20.29907       28.70721       49.72235
wrapping first mol.:       20.29907       28.70721       49.72235

 NSTEP =    23000   TIME(PS) =    2386.000  TEMP(K) =   303.31  PRESS =     0.0
 Etot   =    -34316.3911  EKtot   =      9279.5518  EPtot      =    -43595.9429
 BOND   =       365.3203  ANGLE   =      1039.5164  DIHED      =      1348.5757
 1-4 NB =       455.9242  1-4 EEL =      6280.1224  VDWAALS    =      4662.3167
 EELEC  =    -57767.9214  EHBOND  =         0.0000  RESTRAINT  =        20.2029
 EAMBER (non-restraint)  =    -43616.1457
 ------------------------------------------------------------------------------

wrapping first mol.:       20.29907       28.70721       49.72235
wrapping first mol.:       20.29907       28.70721       49.72235

 NSTEP =    23500   TIME(PS) =    2387.000  TEMP(K) =   298.59  PRESS =     0.0
 Etot   =    -34517.2015  EKtot   =      9135.0830  EPtot      =    -43652.2845
 BOND   =       365.3308  ANGLE   =      1057.2832  DIHED      =      1364.0408
 1-4 NB =       452.3160  1-4 EEL =      6291.4290  VDWAALS    =      4571.2190
 EELEC  =    -57769.6008  EHBOND  =         0.0000  RESTRAINT  =        15.6976
 EAMBER (non-restraint)  =    -43667.9821
 ------------------------------------------------------------------------------

wrapping first mol.:       20.29907       28.70721       49.72235
wrapping first mol.:       20.29907       28.70721       49.72235

 NSTEP =    24000   TIME(PS) =    2388.000  TEMP(K) =   298.20  PRESS =     0.0
 Etot   =    -34628.6031  EKtot   =      9123.0469  EPtot      =    -43751.6500
 BOND   =       341.7869  ANGLE   =      1029.8357  DIHED      =      1360.9381
 1-4 NB =       446.6175  1-4 EEL =      6249.1242  VDWAALS    =      4899.2907
 EELEC  =    -58099.1842  EHBOND  =         0.0000  RESTRAINT  =        19.9411
 EAMBER (non-restraint)  =    -43771.5911
 ------------------------------------------------------------------------------

wrapping first mol.:       20.29907       28.70721       49.72235
wrapping first mol.:       20.29907       28.70721       49.72235

 NSTEP =    24500   TIME(PS) =    2389.000  TEMP(K) =   303.87  PRESS =     0.0
 Etot   =    -34227.6204  EKtot   =      9296.6777  EPtot      =    -43524.2982
 BOND   =       364.1136  ANGLE   =      1063.3395  DIHED      =      1361.1144
 1-4 NB =       457.2446  1-4 EEL =      6279.5819  VDWAALS    =      4827.2212
 EELEC  =    -57896.0184  EHBOND  =         0.0000  RESTRAINT  =        19.1050
 EAMBER (non-restraint)  =    -43543.4032
 ------------------------------------------------------------------------------

wrapping first mol.:       20.29907       28.70721       49.72235
wrapping first mol.:       20.29907       28.70721       49.72235

 NSTEP =    25000   TIME(PS) =    2390.000  TEMP(K) =   301.91  PRESS =     0.0
 Etot   =    -34449.3174  EKtot   =      9236.5342  EPtot      =    -43685.8516
 BOND   =       348.4676  ANGLE   =      1045.1405  DIHED      =      1346.8869
 1-4 NB =       444.7061  1-4 EEL =      6282.8748  VDWAALS    =      4896.6077
 EELEC  =    -58071.0298  EHBOND  =         0.0000  RESTRAINT  =        20.4947
 EAMBER (non-restraint)  =    -43706.3462
 ------------------------------------------------------------------------------

wrapping first mol.:       20.29907       28.70721       49.72235
wrapping first mol.:       20.29907       28.70721       49.72235

 NSTEP =    25500   TIME(PS) =    2391.000  TEMP(K) =   302.17  PRESS =     0.0
 Etot   =    -34271.9306  EKtot   =      9244.6006  EPtot      =    -43516.5311
 BOND   =       344.3172  ANGLE   =      1103.3671  DIHED      =      1371.9350
 1-4 NB =       449.6553  1-4 EEL =      6229.5372  VDWAALS    =      4644.1473
 EELEC  =    -57679.5477  EHBOND  =         0.0000  RESTRAINT  =        20.0574
 EAMBER (non-restraint)  =    -43536.5886
 ------------------------------------------------------------------------------

wrapping first mol.:       20.29907       28.70721       49.72235
wrapping first mol.:       20.29907       28.70721       49.72235

 NSTEP =    26000   TIME(PS) =    2392.000  TEMP(K) =   301.43  PRESS =     0.0
 Etot   =    -34316.4330  EKtot   =      9221.8359  EPtot      =    -43538.2689
 BOND   =       385.9883  ANGLE   =      1042.5464  DIHED      =      1350.5531
 1-4 NB =       452.4219  1-4 EEL =      6298.9394  VDWAALS    =      4754.4492
 EELEC  =    -57843.2596  EHBOND  =         0.0000  RESTRAINT  =        20.0925
 EAMBER (non-restraint)  =    -43558.3614
 ------------------------------------------------------------------------------

wrapping first mol.:       20.29907       28.70721       49.72235
wrapping first mol.:       20.29907       28.70721       49.72235

 NSTEP =    26500   TIME(PS) =    2393.000  TEMP(K) =   298.65  PRESS =     0.0
 Etot   =    -34345.4066  EKtot   =      9136.6914  EPtot      =    -43482.0980
 BOND   =       383.2943  ANGLE   =      1044.2647  DIHED      =      1354.8947
 1-4 NB =       456.4103  1-4 EEL =      6311.5786  VDWAALS    =      4663.4755
 EELEC  =    -57714.0701  EHBOND  =         0.0000  RESTRAINT  =        18.0540
 EAMBER (non-restraint)  =    -43500.1520
 ------------------------------------------------------------------------------

wrapping first mol.:       20.29907       28.70721       49.72235
wrapping first mol.:       20.29907       28.70721       49.72235

 NSTEP =    27000   TIME(PS) =    2394.000  TEMP(K) =   301.13  PRESS =     0.0
 Etot   =    -34467.1906  EKtot   =      9212.8613  EPtot      =    -43680.0519
 BOND   =       325.4752  ANGLE   =      1060.8020  DIHED      =      1345.7891
 1-4 NB =       438.8402  1-4 EEL =      6266.0785  VDWAALS    =      4752.5185
 EELEC  =    -57887.6669  EHBOND  =         0.0000  RESTRAINT  =        18.1114
 EAMBER (non-restraint)  =    -43698.1633
 ------------------------------------------------------------------------------

wrapping first mol.:       20.29907       28.70721       49.72235
wrapping first mol.:       20.29907       28.70721       49.72235

 NSTEP =    27500   TIME(PS) =    2395.000  TEMP(K) =   300.96  PRESS =     0.0
 Etot   =    -34306.1146  EKtot   =      9207.4404  EPtot      =    -43513.5551
 BOND   =       356.3806  ANGLE   =      1080.9444  DIHED      =      1339.6635
 1-4 NB =       438.6307  1-4 EEL =      6256.3106  VDWAALS    =      4593.5832
 EELEC  =    -57597.2693  EHBOND  =         0.0000  RESTRAINT  =        18.2012
 EAMBER (non-restraint)  =    -43531.7563
 ------------------------------------------------------------------------------

wrapping first mol.:       20.29907       28.70721       49.72235
wrapping first mol.:       20.29907       28.70721       49.72235

 NSTEP =    28000   TIME(PS) =    2396.000  TEMP(K) =   302.93  PRESS =     0.0
 Etot   =    -34405.5040  EKtot   =      9267.6855  EPtot      =    -43673.1896
 BOND   =       359.1182  ANGLE   =      1067.4045  DIHED      =      1336.8480
 1-4 NB =       456.2315  1-4 EEL =      6301.8182  VDWAALS    =      4789.5675
 EELEC  =    -58006.5934  EHBOND  =         0.0000  RESTRAINT  =        22.4159
 EAMBER (non-restraint)  =    -43695.6054
 ------------------------------------------------------------------------------

wrapping first mol.:       20.29907       28.70721       49.72235
wrapping first mol.:       20.29907       28.70721       49.72235

 NSTEP =    28500   TIME(PS) =    2397.000  TEMP(K) =   301.09  PRESS =     0.0
 Etot   =    -34583.6187  EKtot   =      9211.4102  EPtot      =    -43795.0288
 BOND   =       349.2709  ANGLE   =      1065.0810  DIHED      =      1341.3679
 1-4 NB =       441.8027  1-4 EEL =      6261.9165  VDWAALS    =      4662.3901
 EELEC  =    -57935.8084  EHBOND  =         0.0000  RESTRAINT  =        18.9505
 EAMBER (non-restraint)  =    -43813.9794
 ------------------------------------------------------------------------------

wrapping first mol.:       20.29907       28.70721       49.72235
wrapping first mol.:       20.29907       28.70721       49.72235

 NSTEP =    29000   TIME(PS) =    2398.000  TEMP(K) =   299.34  PRESS =     0.0
 Etot   =    -34339.1477  EKtot   =      9157.8037  EPtot      =    -43496.9514
 BOND   =       347.5449  ANGLE   =      1077.8183  DIHED      =      1364.3458
 1-4 NB =       438.9650  1-4 EEL =      6277.4629  VDWAALS    =      4789.7485
 EELEC  =    -57810.0126  EHBOND  =         0.0000  RESTRAINT  =        17.1757
 EAMBER (non-restraint)  =    -43514.1272
 ------------------------------------------------------------------------------

wrapping first mol.:       20.29907       28.70721       49.72235
wrapping first mol.:       20.29907       28.70721       49.72235

 NSTEP =    29500   TIME(PS) =    2399.000  TEMP(K) =   299.84  PRESS =     0.0
 Etot   =    -34485.6471  EKtot   =      9173.3662  EPtot      =    -43659.0133
 BOND   =       354.3546  ANGLE   =      1021.8636  DIHED      =      1356.8546
 1-4 NB =       458.6881  1-4 EEL =      6313.4823  VDWAALS    =      4756.8787
 EELEC  =    -57941.6558  EHBOND  =         0.0000  RESTRAINT  =        20.5207
 EAMBER (non-restraint)  =    -43679.5339
 ------------------------------------------------------------------------------

wrapping first mol.:       20.29907       28.70721       49.72235
wrapping first mol.:       20.29907       28.70721       49.72235

 NSTEP =    30000   TIME(PS) =    2400.000  TEMP(K) =   297.55  PRESS =     0.0
 Etot   =    -34605.5292  EKtot   =      9103.1924  EPtot      =    -43708.7216
 BOND   =       358.5199  ANGLE   =      1093.0315  DIHED      =      1351.6127
 1-4 NB =       440.6581  1-4 EEL =      6286.0864  VDWAALS    =      4748.4316
 EELEC  =    -58012.3731  EHBOND  =         0.0000  RESTRAINT  =        25.3113
 EAMBER (non-restraint)  =    -43734.0329
 ------------------------------------------------------------------------------

wrapping first mol.:       20.29907       28.70721       49.72235
wrapping first mol.:       20.29907       28.70721       49.72235

 NSTEP =    30500   TIME(PS) =    2401.000  TEMP(K) =   301.61  PRESS =     0.0
 Etot   =    -34318.9214  EKtot   =      9227.4043  EPtot      =    -43546.3257
 BOND   =       357.7276  ANGLE   =      1146.1075  DIHED      =      1351.7030
 1-4 NB =       459.7359  1-4 EEL =      6306.7751  VDWAALS    =      4889.6232
 EELEC  =    -58077.1906  EHBOND  =         0.0000  RESTRAINT  =        19.1926
 EAMBER (non-restraint)  =    -43565.5183
 ------------------------------------------------------------------------------

wrapping first mol.:       20.29907       28.70721       49.72235
wrapping first mol.:       20.29907       28.70721       49.72235

 NSTEP =    31000   TIME(PS) =    2402.000  TEMP(K) =   299.35  PRESS =     0.0
 Etot   =    -34431.9909  EKtot   =      9158.1807  EPtot      =    -43590.1716
 BOND   =       379.0286  ANGLE   =      1082.5299  DIHED      =      1352.5335
 1-4 NB =       449.3115  1-4 EEL =      6280.6346  VDWAALS    =      4824.0702
 EELEC  =    -57977.7304  EHBOND  =         0.0000  RESTRAINT  =        19.4504
 EAMBER (non-restraint)  =    -43609.6220
 ------------------------------------------------------------------------------

wrapping first mol.:       20.29907       28.70721       49.72235
wrapping first mol.:       20.29907       28.70721       49.72235

 NSTEP =    31500   TIME(PS) =    2403.000  TEMP(K) =   299.40  PRESS =     0.0
 Etot   =    -34363.9827  EKtot   =      9159.8496  EPtot      =    -43523.8323
 BOND   =       371.6700  ANGLE   =      1037.8782  DIHED      =      1381.4665
 1-4 NB =       436.8428  1-4 EEL =      6259.4888  VDWAALS    =      4787.5775
 EELEC  =    -57816.5302  EHBOND  =         0.0000  RESTRAINT  =        17.7742
 EAMBER (non-restraint)  =    -43541.6065
 ------------------------------------------------------------------------------

wrapping first mol.:       20.29907       28.70721       49.72235
wrapping first mol.:       20.29907       28.70721       49.72235

 NSTEP =    32000   TIME(PS) =    2404.000  TEMP(K) =   303.11  PRESS =     0.0
 Etot   =    -34469.4210  EKtot   =      9273.2363  EPtot      =    -43742.6574
 BOND   =       337.7214  ANGLE   =      1090.5792  DIHED      =      1361.9088
 1-4 NB =       445.8797  1-4 EEL =      6267.2038  VDWAALS    =      4707.1207
 EELEC  =    -57973.3648  EHBOND  =         0.0000  RESTRAINT  =        20.2938
 EAMBER (non-restraint)  =    -43762.9512
 ------------------------------------------------------------------------------

wrapping first mol.:       20.29907       28.70721       49.72235
wrapping first mol.:       20.29907       28.70721       49.72235

 NSTEP =    32500   TIME(PS) =    2405.000  TEMP(K) =   297.67  PRESS =     0.0
 Etot   =    -34497.7506  EKtot   =      9106.8213  EPtot      =    -43604.5719
 BOND   =       356.2129  ANGLE   =      1070.9514  DIHED      =      1354.7628
 1-4 NB =       454.4155  1-4 EEL =      6300.1339  VDWAALS    =      4733.0010
 EELEC  =    -57894.0076  EHBOND  =         0.0000  RESTRAINT  =        19.9584
 EAMBER (non-restraint)  =    -43624.5302
 ------------------------------------------------------------------------------

wrapping first mol.:       20.29907       28.70721       49.72235
wrapping first mol.:       20.29907       28.70721       49.72235

 NSTEP =    33000   TIME(PS) =    2406.000  TEMP(K) =   306.60  PRESS =     0.0
 Etot   =    -34303.1364  EKtot   =      9379.9678  EPtot      =    -43683.1041
 BOND   =       357.9933  ANGLE   =      1069.4842  DIHED      =      1360.6474
 1-4 NB =       440.9156  1-4 EEL =      6291.4787  VDWAALS    =      4714.5475
 EELEC  =    -57937.1935  EHBOND  =         0.0000  RESTRAINT  =        19.0226
 EAMBER (non-restraint)  =    -43702.1267
 ------------------------------------------------------------------------------

wrapping first mol.:       20.29907       28.70721       49.72235
wrapping first mol.:       20.29907       28.70721       49.72235

 NSTEP =    33500   TIME(PS) =    2407.000  TEMP(K) =   305.52  PRESS =     0.0
 Etot   =    -34386.5640  EKtot   =      9346.9736  EPtot      =    -43733.5377
 BOND   =       329.5603  ANGLE   =      1069.9454  DIHED      =      1362.1599
 1-4 NB =       439.0292  1-4 EEL =      6273.9596  VDWAALS    =      4580.0483
 EELEC  =    -57808.9958  EHBOND  =         0.0000  RESTRAINT  =        20.7554
 EAMBER (non-restraint)  =    -43754.2931
 ------------------------------------------------------------------------------

wrapping first mol.:       20.29907       28.70721       49.72235
wrapping first mol.:       20.29907       28.70721       49.72235

 NSTEP =    34000   TIME(PS) =    2408.000  TEMP(K) =   305.05  PRESS =     0.0
 Etot   =    -34256.7589  EKtot   =      9332.7695  EPtot      =    -43589.5284
 BOND   =       360.9662  ANGLE   =      1039.3188  DIHED      =      1355.9205
 1-4 NB =       454.2444  1-4 EEL =      6306.3646  VDWAALS    =      4933.6092
 EELEC  =    -58061.2544  EHBOND  =         0.0000  RESTRAINT  =        21.3023
 EAMBER (non-restraint)  =    -43610.8308
 ------------------------------------------------------------------------------

wrapping first mol.:       20.29907       28.70721       49.72235
wrapping first mol.:       20.29907       28.70721       49.72235

 NSTEP =    34500   TIME(PS) =    2409.000  TEMP(K) =   298.26  PRESS =     0.0
 Etot   =    -34561.7664  EKtot   =      9124.8027  EPtot      =    -43686.5691
 BOND   =       343.2756  ANGLE   =      1076.5768  DIHED      =      1371.3449
 1-4 NB =       444.5382  1-4 EEL =      6263.5622  VDWAALS    =      4668.2012
 EELEC  =    -57872.1839  EHBOND  =         0.0000  RESTRAINT  =        18.1158
 EAMBER (non-restraint)  =    -43704.6849
 ------------------------------------------------------------------------------

wrapping first mol.:       20.29907       28.70721       49.72235
wrapping first mol.:       20.29907       28.70721       49.72235

 NSTEP =    35000   TIME(PS) =    2410.000  TEMP(K) =   297.37  PRESS =     0.0
 Etot   =    -34465.7436  EKtot   =      9097.7461  EPtot      =    -43563.4897
 BOND   =       348.0531  ANGLE   =      1088.6485  DIHED      =      1347.8491
 1-4 NB =       454.4368  1-4 EEL =      6314.6036  VDWAALS    =      4545.6316
 EELEC  =    -57682.9989  EHBOND  =         0.0000  RESTRAINT  =        20.2866
 EAMBER (non-restraint)  =    -43583.7763
 ------------------------------------------------------------------------------

wrapping first mol.:       20.29907       28.70721       49.72235
wrapping first mol.:       20.29907       28.70721       49.72235

 NSTEP =    35500   TIME(PS) =    2411.000  TEMP(K) =   298.15  PRESS =     0.0
 Etot   =    -34493.4631  EKtot   =      9121.6016  EPtot      =    -43615.0646
 BOND   =       362.7536  ANGLE   =      1138.2910  DIHED      =      1362.9476
 1-4 NB =       450.7661  1-4 EEL =      6254.7870  VDWAALS    =      4736.6295
 EELEC  =    -57944.4859  EHBOND  =         0.0000  RESTRAINT  =        23.2465
 EAMBER (non-restraint)  =    -43638.3112
 ------------------------------------------------------------------------------

wrapping first mol.:       20.29907       28.70721       49.72235
wrapping first mol.:       20.29907       28.70721       49.72235

 NSTEP =    36000   TIME(PS) =    2412.000  TEMP(K) =   299.56  PRESS =     0.0
 Etot   =    -34535.8432  EKtot   =      9164.7109  EPtot      =    -43700.5541
 BOND   =       338.4882  ANGLE   =      1073.4308  DIHED      =      1366.2252
 1-4 NB =       453.5383  1-4 EEL =      6274.9009  VDWAALS    =      4933.9548
 EELEC  =    -58161.1630  EHBOND  =         0.0000  RESTRAINT  =        20.0707
 EAMBER (non-restraint)  =    -43720.6248
 ------------------------------------------------------------------------------

wrapping first mol.:       20.29907       28.70721       49.72235
wrapping first mol.:       20.29907       28.70721       49.72235

 NSTEP =    36500   TIME(PS) =    2413.000  TEMP(K) =   298.96  PRESS =     0.0
 Etot   =    -34776.2505  EKtot   =      9146.2793  EPtot      =    -43922.5298
 BOND   =       363.9643  ANGLE   =      1024.7723  DIHED      =      1336.2849
 1-4 NB =       446.9871  1-4 EEL =      6310.7144  VDWAALS    =      4902.3808
 EELEC  =    -58327.6593  EHBOND  =         0.0000  RESTRAINT  =        20.0259
 EAMBER (non-restraint)  =    -43942.5557
 ------------------------------------------------------------------------------

wrapping first mol.:       20.29907       28.70721       49.72235
wrapping first mol.:       20.29907       28.70721       49.72235

 NSTEP =    37000   TIME(PS) =    2414.000  TEMP(K) =   298.73  PRESS =     0.0
 Etot   =    -34521.9118  EKtot   =      9139.3789  EPtot      =    -43661.2907
 BOND   =       341.2999  ANGLE   =      1072.2127  DIHED      =      1370.9012
 1-4 NB =       444.8380  1-4 EEL =      6292.6453  VDWAALS    =      4811.2861
 EELEC  =    -58015.5631  EHBOND  =         0.0000  RESTRAINT  =        21.0893
 EAMBER (non-restraint)  =    -43682.3799
 ------------------------------------------------------------------------------

wrapping first mol.:       20.29907       28.70721       49.72235
wrapping first mol.:       20.29907       28.70721       49.72235

 NSTEP =    37500   TIME(PS) =    2415.000  TEMP(K) =   297.86  PRESS =     0.0
 Etot   =    -34421.9495  EKtot   =      9112.7656  EPtot      =    -43534.7152
 BOND   =       380.4439  ANGLE   =      1086.7906  DIHED      =      1353.9347
 1-4 NB =       433.4874  1-4 EEL =      6292.6951  VDWAALS    =      4696.2557
 EELEC  =    -57799.7156  EHBOND  =         0.0000  RESTRAINT  =        21.3931
 EAMBER (non-restraint)  =    -43556.1082
 ------------------------------------------------------------------------------

wrapping first mol.:       20.29907       28.70721       49.72235
wrapping first mol.:       20.29907       28.70721       49.72235

 NSTEP =    38000   TIME(PS) =    2416.000  TEMP(K) =   297.79  PRESS =     0.0
 Etot   =    -34526.9344  EKtot   =      9110.6006  EPtot      =    -43637.5350
 BOND   =       335.4245  ANGLE   =      1068.9982  DIHED      =      1365.8961
 1-4 NB =       441.7765  1-4 EEL =      6268.9654  VDWAALS    =      4643.0576
 EELEC  =    -57784.7986  EHBOND  =         0.0000  RESTRAINT  =        23.1452
 EAMBER (non-restraint)  =    -43660.6803
 ------------------------------------------------------------------------------

wrapping first mol.:       20.29907       28.70721       49.72235
wrapping first mol.:       20.29907       28.70721       49.72235

 NSTEP =    38500   TIME(PS) =    2417.000  TEMP(K) =   302.63  PRESS =     0.0
 Etot   =    -34334.6760  EKtot   =      9258.7529  EPtot      =    -43593.4289
 BOND   =       339.5035  ANGLE   =      1074.7905  DIHED      =      1360.1959
 1-4 NB =       439.9667  1-4 EEL =      6280.1793  VDWAALS    =      4531.4472
 EELEC  =    -57640.6482  EHBOND  =         0.0000  RESTRAINT  =        21.1362
 EAMBER (non-restraint)  =    -43614.5652
 ------------------------------------------------------------------------------

wrapping first mol.:       20.29907       28.70721       49.72235
wrapping first mol.:       20.29907       28.70721       49.72235

 NSTEP =    39000   TIME(PS) =    2418.000  TEMP(K) =   300.06  PRESS =     0.0
 Etot   =    -34306.2252  EKtot   =      9180.0254  EPtot      =    -43486.2506
 BOND   =       369.5848  ANGLE   =      1120.8361  DIHED      =      1353.7865
 1-4 NB =       442.4846  1-4 EEL =      6258.9348  VDWAALS    =      4948.8582
 EELEC  =    -58002.6786  EHBOND  =         0.0000  RESTRAINT  =        21.9429
 EAMBER (non-restraint)  =    -43508.1935
 ------------------------------------------------------------------------------

wrapping first mol.:       20.29907       28.70721       49.72235
wrapping first mol.:       20.29907       28.70721       49.72235

 NSTEP =    39500   TIME(PS) =    2419.000  TEMP(K) =   299.29  PRESS =     0.0
 Etot   =    -34455.1147  EKtot   =      9156.5371  EPtot      =    -43611.6518
 BOND   =       369.1623  ANGLE   =      1074.0178  DIHED      =      1361.3916
 1-4 NB =       439.3540  1-4 EEL =      6321.6877  VDWAALS    =      4767.0808
 EELEC  =    -57965.6446  EHBOND  =         0.0000  RESTRAINT  =        21.2985
 EAMBER (non-restraint)  =    -43632.9504
 ------------------------------------------------------------------------------

wrapping first mol.:       20.29907       28.70721       49.72235
wrapping first mol.:       20.29907       28.70721       49.72235

 NSTEP =    40000   TIME(PS) =    2420.000  TEMP(K) =   300.99  PRESS =     0.0
 Etot   =    -34557.2422  EKtot   =      9208.4004  EPtot      =    -43765.6426
 BOND   =       353.3220  ANGLE   =      1068.3371  DIHED      =      1347.9706
 1-4 NB =       426.0852  1-4 EEL =      6294.0651  VDWAALS    =      4931.3224
 EELEC  =    -58210.5010  EHBOND  =         0.0000  RESTRAINT  =        23.7559
 EAMBER (non-restraint)  =    -43789.3986
 ------------------------------------------------------------------------------

wrapping first mol.:       20.29907       28.70721       49.72235
wrapping first mol.:       20.29907       28.70721       49.72235

 NSTEP =    40500   TIME(PS) =    2421.000  TEMP(K) =   298.81  PRESS =     0.0
 Etot   =    -34514.3650  EKtot   =      9141.6250  EPtot      =    -43655.9900
 BOND   =       359.3104  ANGLE   =      1057.3158  DIHED      =      1370.6505
 1-4 NB =       451.0861  1-4 EEL =      6287.1503  VDWAALS    =      4792.5083
 EELEC  =    -57990.2796  EHBOND  =         0.0000  RESTRAINT  =        16.2683
 EAMBER (non-restraint)  =    -43672.2583
 ------------------------------------------------------------------------------

wrapping first mol.:       20.29907       28.70721       49.72235
wrapping first mol.:       20.29907       28.70721       49.72235

 NSTEP =    41000   TIME(PS) =    2422.000  TEMP(K) =   301.07  PRESS =     0.0
 Etot   =    -34426.4755  EKtot   =      9211.0068  EPtot      =    -43637.4823
 BOND   =       353.9548  ANGLE   =      1076.8539  DIHED      =      1372.5860
 1-4 NB =       427.2504  1-4 EEL =      6231.2990  VDWAALS    =      4640.5701
 EELEC  =    -57761.7643  EHBOND  =         0.0000  RESTRAINT  =        21.7678
 EAMBER (non-restraint)  =    -43659.2502
 ------------------------------------------------------------------------------

wrapping first mol.:       20.29907       28.70721       49.72235
wrapping first mol.:       20.29907       28.70721       49.72235

 NSTEP =    41500   TIME(PS) =    2423.000  TEMP(K) =   302.10  PRESS =     0.0
 Etot   =    -34323.7171  EKtot   =      9242.3037  EPtot      =    -43566.0209
 BOND   =       371.8337  ANGLE   =      1082.5956  DIHED      =      1343.2796
 1-4 NB =       442.9865  1-4 EEL =      6294.9886  VDWAALS    =      4760.1290
 EELEC  =    -57880.3417  EHBOND  =         0.0000  RESTRAINT  =        18.5078
 EAMBER (non-restraint)  =    -43584.5287
 ------------------------------------------------------------------------------

wrapping first mol.:       20.29907       28.70721       49.72235
wrapping first mol.:       20.29907       28.70721       49.72235

 NSTEP =    42000   TIME(PS) =    2424.000  TEMP(K) =   298.90  PRESS =     0.0
 Etot   =    -34580.7621  EKtot   =      9144.3789  EPtot      =    -43725.1410
 BOND   =       355.3015  ANGLE   =      1045.7274  DIHED      =      1342.8511
 1-4 NB =       439.5791  1-4 EEL =      6284.5854  VDWAALS    =      4719.8930
 EELEC  =    -57932.4109  EHBOND  =         0.0000  RESTRAINT  =        19.3324
 EAMBER (non-restraint)  =    -43744.4734
 ------------------------------------------------------------------------------

wrapping first mol.:       20.29907       28.70721       49.72235
wrapping first mol.:       20.29907       28.70721       49.72235

 NSTEP =    42500   TIME(PS) =    2425.000  TEMP(K) =   302.67  PRESS =     0.0
 Etot   =    -34338.2085  EKtot   =      9259.8457  EPtot      =    -43598.0542
 BOND   =       356.5946  ANGLE   =      1038.8437  DIHED      =      1356.1074
 1-4 NB =       456.0513  1-4 EEL =      6278.9717  VDWAALS    =      4646.3355
 EELEC  =    -57747.3686  EHBOND  =         0.0000  RESTRAINT  =        16.4102
 EAMBER (non-restraint)  =    -43614.4644
 ------------------------------------------------------------------------------

wrapping first mol.:       20.29907       28.70721       49.72235
wrapping first mol.:       20.29907       28.70721       49.72235

 NSTEP =    43000   TIME(PS) =    2426.000  TEMP(K) =   298.52  PRESS =     0.0
 Etot   =    -34523.0874  EKtot   =      9132.7930  EPtot      =    -43655.8804
 BOND   =       397.7145  ANGLE   =      1090.2201  DIHED      =      1349.0685
 1-4 NB =       428.6350  1-4 EEL =      6267.3411  VDWAALS    =      4797.6452
 EELEC  =    -58002.5195  EHBOND  =         0.0000  RESTRAINT  =        16.0147
 EAMBER (non-restraint)  =    -43671.8951
 ------------------------------------------------------------------------------

wrapping first mol.:       20.29907       28.70721       49.72235
wrapping first mol.:       20.29907       28.70721       49.72235

 NSTEP =    43500   TIME(PS) =    2427.000  TEMP(K) =   297.72  PRESS =     0.0
 Etot   =    -34490.3189  EKtot   =      9108.4746  EPtot      =    -43598.7935
 BOND   =       380.6080  ANGLE   =      1049.2366  DIHED      =      1351.8633
 1-4 NB =       438.6233  1-4 EEL =      6284.7736  VDWAALS    =      4809.0328
 EELEC  =    -57930.5110  EHBOND  =         0.0000  RESTRAINT  =        17.5797
 EAMBER (non-restraint)  =    -43616.3732
 ------------------------------------------------------------------------------

wrapping first mol.:       20.29907       28.70721       49.72235
wrapping first mol.:       20.29907       28.70721       49.72235

 NSTEP =    44000   TIME(PS) =    2428.000  TEMP(K) =   300.78  PRESS =     0.0
 Etot   =    -34297.8501  EKtot   =      9202.0889  EPtot      =    -43499.9389
 BOND   =       382.6129  ANGLE   =      1089.6607  DIHED      =      1358.3717
 1-4 NB =       446.2481  1-4 EEL =      6247.8681  VDWAALS    =      4669.8324
 EELEC  =    -57713.0033  EHBOND  =         0.0000  RESTRAINT  =        18.4705
 EAMBER (non-restraint)  =    -43518.4095
 ------------------------------------------------------------------------------

wrapping first mol.:       20.29907       28.70721       49.72235
wrapping first mol.:       20.29907       28.70721       49.72235

 NSTEP =    44500   TIME(PS) =    2429.000  TEMP(K) =   302.42  PRESS =     0.0
 Etot   =    -34456.0879  EKtot   =      9252.1279  EPtot      =    -43708.2158
 BOND   =       363.0018  ANGLE   =      1082.7769  DIHED      =      1348.3984
 1-4 NB =       432.7837  1-4 EEL =      6242.4296  VDWAALS    =      4817.3899
 EELEC  =    -58012.0108  EHBOND  =         0.0000  RESTRAINT  =        17.0148
 EAMBER (non-restraint)  =    -43725.2306
 ------------------------------------------------------------------------------

wrapping first mol.:       20.29907       28.70721       49.72235
wrapping first mol.:       20.29907       28.70721       49.72235

 NSTEP =    45000   TIME(PS) =    2430.000  TEMP(K) =   303.16  PRESS =     0.0
 Etot   =    -34366.1271  EKtot   =      9274.8662  EPtot      =    -43640.9933
 BOND   =       390.3551  ANGLE   =      1105.4430  DIHED      =      1336.6100
 1-4 NB =       427.1454  1-4 EEL =      6261.3353  VDWAALS    =      4604.7524
 EELEC  =    -57782.4438  EHBOND  =         0.0000  RESTRAINT  =        15.8092
 EAMBER (non-restraint)  =    -43656.8025
 ------------------------------------------------------------------------------

wrapping first mol.:       20.29907       28.70721       49.72235
wrapping first mol.:       20.29907       28.70721       49.72235

 NSTEP =    45500   TIME(PS) =    2431.000  TEMP(K) =   301.01  PRESS =     0.0
 Etot   =    -34409.6022  EKtot   =      9209.1182  EPtot      =    -43618.7204
 BOND   =       378.5727  ANGLE   =      1055.4260  DIHED      =      1356.1181
 1-4 NB =       439.7069  1-4 EEL =      6277.3466  VDWAALS    =      4837.8815
 EELEC  =    -57982.4683  EHBOND  =         0.0000  RESTRAINT  =        18.6962
 EAMBER (non-restraint)  =    -43637.4165
 ------------------------------------------------------------------------------

wrapping first mol.:       20.29907       28.70721       49.72235
wrapping first mol.:       20.29907       28.70721       49.72235

 NSTEP =    46000   TIME(PS) =    2432.000  TEMP(K) =   302.14  PRESS =     0.0
 Etot   =    -34474.3693  EKtot   =      9243.6465  EPtot      =    -43718.0158
 BOND   =       381.8889  ANGLE   =      1031.8922  DIHED      =      1343.0299
 1-4 NB =       446.7697  1-4 EEL =      6291.5309  VDWAALS    =      4823.6616
 EELEC  =    -58055.0253  EHBOND  =         0.0000  RESTRAINT  =        18.2364
 EAMBER (non-restraint)  =    -43736.2522
 ------------------------------------------------------------------------------

wrapping first mol.:       20.29907       28.70721       49.72235
wrapping first mol.:       20.29907       28.70721       49.72235

 NSTEP =    46500   TIME(PS) =    2433.000  TEMP(K) =   300.09  PRESS =     0.0
 Etot   =    -34394.3096  EKtot   =      9180.8662  EPtot      =    -43575.1759
 BOND   =       338.7701  ANGLE   =      1084.2120  DIHED      =      1347.1942
 1-4 NB =       452.2847  1-4 EEL =      6303.9941  VDWAALS    =      4879.5888
 EELEC  =    -57998.5215  EHBOND  =         0.0000  RESTRAINT  =        17.3018
 EAMBER (non-restraint)  =    -43592.4776
 ------------------------------------------------------------------------------

wrapping first mol.:       20.29907       28.70721       49.72235
wrapping first mol.:       20.29907       28.70721       49.72235

 NSTEP =    47000   TIME(PS) =    2434.000  TEMP(K) =   304.50  PRESS =     0.0
 Etot   =    -34307.2794  EKtot   =      9315.7744  EPtot      =    -43623.0538
 BOND   =       360.1303  ANGLE   =      1058.7258  DIHED      =      1349.3414
 1-4 NB =       462.5947  1-4 EEL =      6307.3607  VDWAALS    =      4882.1281
 EELEC  =    -58061.6172  EHBOND  =         0.0000  RESTRAINT  =        18.2825
 EAMBER (non-restraint)  =    -43641.3362
 ------------------------------------------------------------------------------

wrapping first mol.:       20.29907       28.70721       49.72235
wrapping first mol.:       20.29907       28.70721       49.72235

 NSTEP =    47500   TIME(PS) =    2435.000  TEMP(K) =   299.80  PRESS =     0.0
 Etot   =    -34422.4548  EKtot   =      9171.9180  EPtot      =    -43594.3727
 BOND   =       372.0039  ANGLE   =      1063.9133  DIHED      =      1367.0530
 1-4 NB =       441.6396  1-4 EEL =      6304.4298  VDWAALS    =      4809.9176
 EELEC  =    -57972.7448  EHBOND  =         0.0000  RESTRAINT  =        19.4149
 EAMBER (non-restraint)  =    -43613.7876
 ------------------------------------------------------------------------------

wrapping first mol.:       20.29907       28.70721       49.72235
wrapping first mol.:       20.29907       28.70721       49.72235

 NSTEP =    48000   TIME(PS) =    2436.000  TEMP(K) =   305.22  PRESS =     0.0
 Etot   =    -34272.9738  EKtot   =      9337.7686  EPtot      =    -43610.7424
 BOND   =       351.5913  ANGLE   =      1076.4421  DIHED      =      1370.4763
 1-4 NB =       442.5795  1-4 EEL =      6285.7459  VDWAALS    =      4662.5092
 EELEC  =    -57817.2947  EHBOND  =         0.0000  RESTRAINT  =        17.2081
 EAMBER (non-restraint)  =    -43627.9505
 ------------------------------------------------------------------------------

wrapping first mol.:       20.29907       28.70721       49.72235
wrapping first mol.:       20.29907       28.70721       49.72235

 NSTEP =    48500   TIME(PS) =    2437.000  TEMP(K) =   301.16  PRESS =     0.0
 Etot   =    -34442.7787  EKtot   =      9213.5117  EPtot      =    -43656.2904
 BOND   =       334.6769  ANGLE   =      1044.9517  DIHED      =      1349.3792
 1-4 NB =       464.6417  1-4 EEL =      6328.4740  VDWAALS    =      4825.4935
 EELEC  =    -58023.1791  EHBOND  =         0.0000  RESTRAINT  =        19.2716
 EAMBER (non-restraint)  =    -43675.5620
 ------------------------------------------------------------------------------

wrapping first mol.:       20.29907       28.70721       49.72235
wrapping first mol.:       20.29907       28.70721       49.72235

 NSTEP =    49000   TIME(PS) =    2438.000  TEMP(K) =   302.21  PRESS =     0.0
 Etot   =    -34381.3071  EKtot   =      9245.7559  EPtot      =    -43627.0629
 BOND   =       340.4887  ANGLE   =      1080.2111  DIHED      =      1363.9517
 1-4 NB =       446.0722  1-4 EEL =      6335.0316  VDWAALS    =      4754.3370
 EELEC  =    -57969.8339  EHBOND  =         0.0000  RESTRAINT  =        22.6785
 EAMBER (non-restraint)  =    -43649.7415
 ------------------------------------------------------------------------------

wrapping first mol.:       20.29907       28.70721       49.72235
wrapping first mol.:       20.29907       28.70721       49.72235

 NSTEP =    49500   TIME(PS) =    2439.000  TEMP(K) =   300.24  PRESS =     0.0
 Etot   =    -34564.7945  EKtot   =      9185.4062  EPtot      =    -43750.2007
 BOND   =       355.2034  ANGLE   =      1053.8340  DIHED      =      1339.6441
 1-4 NB =       451.1230  1-4 EEL =      6297.0363  VDWAALS    =      4852.3231
 EELEC  =    -58119.5123  EHBOND  =         0.0000  RESTRAINT  =        20.1476
 EAMBER (non-restraint)  =    -43770.3483
 ------------------------------------------------------------------------------

wrapping first mol.:       20.29907       28.70721       49.72235
wrapping first mol.:       20.29907       28.70721       49.72235

 NSTEP =    50000   TIME(PS) =    2440.000  TEMP(K) =   299.07  PRESS =     0.0
 Etot   =    -34583.7776  EKtot   =      9149.5840  EPtot      =    -43733.3616
 BOND   =       339.4491  ANGLE   =      1052.0788  DIHED      =      1350.4478
 1-4 NB =       448.3079  1-4 EEL =      6311.7814  VDWAALS    =      4803.0125
 EELEC  =    -58058.0903  EHBOND  =         0.0000  RESTRAINT  =        19.6511
 EAMBER (non-restraint)  =    -43753.0127
 ------------------------------------------------------------------------------


      A V E R A G E S   O V E R     100 S T E P S


 NSTEP =    50000   TIME(PS) =    2440.000  TEMP(K) =   300.29  PRESS =     0.0
 Etot   =    -34452.3020  EKtot   =      9186.9110  EPtot      =    -43639.2130
 BOND   =       358.6701  ANGLE   =      1067.5015  DIHED      =      1356.1561
 1-4 NB =       445.1149  1-4 EEL =      6281.9285  VDWAALS    =      4755.7247
 EELEC  =    -57923.8642  EHBOND  =         0.0000  RESTRAINT  =        19.5553
 EAMBER (non-restraint)  =    -43658.7684
 ------------------------------------------------------------------------------


      R M S  F L U C T U A T I O N S


 NSTEP =    50000   TIME(PS) =    2440.000  TEMP(K) =     2.42  PRESS =     0.0
 Etot   =       117.8882  EKtot   =        74.1313  EPtot      =        95.9501
 BOND   =        16.0732  ANGLE   =        24.6929  DIHED      =        11.2917
 1-4 NB =         8.7287  1-4 EEL =        22.3721  VDWAALS    =       107.7446
 EELEC  =       155.7499  EHBOND  =         0.0000  RESTRAINT  =         2.1563
 EAMBER (non-restraint)  =        93.7937
 ------------------------------------------------------------------------------

--------------------------------------------------------------------------------
   5.  TIMINGS
--------------------------------------------------------------------------------

|  NonSetup CPU Time in Major Routines:
|
|     Routine           Sec        %
|     ------------------------------
|     Nonbond          12.50   32.65
|     Bond              0.00    0.00
|     Angle             0.00    0.00
|     Dihedral          0.00    0.00
|     Shake             0.83    2.17
|     RunMD            24.86   64.96
|     Other             0.08    0.22
|     ------------------------------
|     Total            38.27

|  PME Nonbond Pairlist CPU Time:
|
|     Routine              Sec        %
|     ---------------------------------
|     Set Up Cit           0.00    0.00
|     Build List           0.00    0.00
|     ---------------------------------
|     Total                0.00    0.00

|  PME Direct Force CPU Time:
|
|     Routine              Sec        %
|     ---------------------------------
|     NonBonded Calc       0.00    0.00
|     Exclude Masked       0.00    0.00
|     Other                0.04    0.10
|     ---------------------------------
|     Total                0.04    0.10

|  PME Reciprocal Force CPU Time:
|
|     Routine              Sec        %
|     ---------------------------------
|     1D bspline           0.00    0.00
|     Grid Charges         0.00    0.00
|     Scalar Sum           0.00    0.00
|     Gradient Sum         0.00    0.00
|     FFT                  0.00    0.00
|     ---------------------------------
|     Total                0.00    0.00

|  Final Performance Info:
|     -----------------------------------------------------
|     Average timings for last   49500 steps:
|     Elapsed(s) =      37.87 Per Step(ms) =       0.77
|         ns/day =     225.85   seconds/ns =     382.56
|
|     Average timings for all steps:
|     Elapsed(s) =      38.27 Per Step(ms) =       0.77
|         ns/day =     225.78   seconds/ns =     382.67
|     -----------------------------------------------------

|  Setup CPU time:            2.38 seconds
|  NonSetup CPU time:        38.27 seconds
|  Total CPU time:           40.66 seconds     0.01 hours

|  Setup wall time:           3    seconds
|  NonSetup wall time:       38    seconds
|  Total wall time:          41    seconds     0.01 hours
