
          -------------------------------------------------------
          Amber 16 PMEMD                              2016
          -------------------------------------------------------

| PMEMD implementation of SANDER, Release 16

| Run on 11/17/2017 at 08:26:10

|   Executable path: /apps/amber16/bin/pmemd.cuda
| Working directory: /home/pbarletta
|          Hostname: mordor

  [-O]verwriting output

File Assignments:
|   MDIN: /scratch/pbarletta/cph_obp/run/ctv/mhe/e/24equ.in                     
|  MDOUT: /scratch/pbarletta/cph_obp/run/ctv/mhe/e/24equ.out                    
| INPCRD: /scratch/pbarletta/cph_obp/run/ctv/mhe/e/23ectv.rst7                  
|   PARM: /scratch/pbarletta/cph_obp/top_files/ctv.prmtop                       
| RESTRT: /scratch/pbarletta/cph_obp/run/ctv/mhe/e/24ectv.rst7                  
|   REFC: /scratch/pbarletta/cph_obp/run/ctv/mhe/e/23ectv.rst7                  
|  MDVEL: mdvel                                                                 
|   MDEN: mden                                                                  
|  MDCRD: /scratch/pbarletta/cph_obp/run/ctv/mhe/e/24ectv.nc                    
| MDINFO: mdinfo                                                                
|  MDFRC: mdfrc                                                                 


 Here is the input file:

Equilibration with solute restrictions                                         
&cntrl                                                                         
imin = 0,                           ! No Minimization                          
nmropt = 0,                         ! No NMR restraints read                   
                                                                               
! Nature and format of the input                                               
ntx = 5,                            ! Coordinates but no velocities will be rea
irest = 1,                          ! Do not run a new simulation              
                                                                               
! Nature and format of the output                                              
ntxo = 1,                           ! rstrt file in ASCII format               
ntpr = 500,                         ! inf in output every ntpr steps           
ntwr = 500,                         ! rstrt file every ntwr steps              
ntwx = 500,                         ! mdcrd file every ntwx steps              
ntwv = 0,                           ! mdvel without velocities                 
ntwe = 0,                           ! Energies and temperatures not written in 
idecomp = 0,                        ! No energy decomposition                  
iwrap = 1,                          ! Coordinates of the restart and mdcrd file
                                                                               
! Frozen or restrained atoms                                                   
ibelly = 0,                         ! No frozen atoms                          
ntr=1,                              ! Harmonic potential restraints            
restraint_wt = 0.14,                ! The weight for the positional restraints 
restraintmask = ':1-120@N,CA,C,O',  ! restrained residues                      
                                                                               
! Molecular dynamics                                                           
nstlim = 50000,                     ! Number of MD-steps                       
dt = 0.002,                         ! Time step                                
                                                                               
! Temperature regulation                                                       
ntt = 3,                            ! Langevin thermostat                      
gamma_ln = 5,                       ! Gamma constant for Langevin              
temp0 = 300.0,                      ! Reference T at which the system is to be 
tempi = 300.0,                      ! Initial T                                
ig = -1,                            ! Seed for the RNG                         
                                                                               
! P and V regulation                                                           
ntp = 0,                            ! No pressure control                      
ntb = 1,                            ! Periodic box for constant V              
                                                                               
! SHAKE variables                                                              
ntc = 2,                            ! Bonds involving H are constrained        
ntf = 2,                            ! Bond interaction involving H are ommited.
                                                                               
cut = 10.0,                         ! Nonbonded cutoff                         
                                                                               
/                                                                              
&end                                                                           


Note: ig = -1. Setting random seed to   525885 based on wallclock time in 
      microseconds.
| irandom = 1, using AMBER's internal random number generator (default).
 
|--------------------- INFORMATION ----------------------
| GPU (CUDA) Version of PMEMD in use: NVIDIA GPU IN USE.
|                    Version 16.0.0
| 
|                      02/25/2016
| 
| Implementation by:
|                    Ross C. Walker     (SDSC)
|                    Scott Le Grand     (nVIDIA)
| 
| Precision model in use:
|      [SPFP] - Single Precision Forces, 64-bit Fixed Point
|               Accumulation. (Default)
| 
|--------------------------------------------------------
 
|----------------- CITATION INFORMATION -----------------
|
|    When publishing work that utilized the CUDA version
|    of AMBER, please cite the following in addition to
|    the regular AMBER citations:
|
|  - Romelia Salomon-Ferrer; Andreas W. Goetz; Duncan
|    Poole; Scott Le Grand; Ross C. Walker "Routine
|    microsecond molecular dynamics simulations with
|    AMBER - Part II: Particle Mesh Ewald", J. Chem.
|    Theory Comput., 2013, 9 (9), pp3878-3888,
|    DOI: 10.1021/ct400314y.
|
|  - Andreas W. Goetz; Mark J. Williamson; Dong Xu;
|    Duncan Poole; Scott Le Grand; Ross C. Walker
|    "Routine microsecond molecular dynamics simulations
|    with AMBER - Part I: Generalized Born", J. Chem.
|    Theory Comput., 2012, 8 (5), pp1542-1555.
|
|  - Scott Le Grand; Andreas W. Goetz; Ross C. Walker
|    "SPFP: Speed without compromise - a mixed precision
|    model for GPU accelerated molecular dynamics
|    simulations.", Comp. Phys. Comm., 2013, 184
|    pp374-380, DOI: 10.1016/j.cpc.2012.09.022
|
|--------------------------------------------------------
 
|------------------- GPU DEVICE INFO --------------------
|
|            CUDA_VISIBLE_DEVICES: 1
|   CUDA Capable Devices Detected:      1
|           CUDA Device ID in use:      0
|                CUDA Device Name: GeForce GTX 1080 Ti
|     CUDA Device Global Mem Size:  11172 MB
| CUDA Device Num Multiprocessors:     28
|           CUDA Device Core Freq:   1.58 GHz
|
|--------------------------------------------------------
 
 
| Conditional Compilation Defines Used:
| PUBFFT
| BINTRAJ
| CUDA
| EMIL

| Largest sphere to fit in unit cell has radius =    24.861

| New format PARM file being parsed.
| Version =    1.000 Date = 11/14/17 Time = 21:26:59

| Note: 1-4 EEL scale factors are being read from the topology file.

| Note: 1-4 VDW scale factors are being read from the topology file.
| Duplicated    0 dihedrals

| Duplicated    0 dihedrals

--------------------------------------------------------------------------------
   1.  RESOURCE   USE: 
--------------------------------------------------------------------------------

 getting new box info from bottom of inpcrd
 NATOM  =   14918 NTYPES =      18 NBONH =   13963 MBONA  =     961
 NTHETH =    2368 MTHETA =    1289 NPHIH =    4522 MPHIA  =    3259
 NHPARM =       0 NPARM  =       0 NNB   =   28275 NRES   =    4423
 NBONA  =     961 NTHETA =    1289 NPHIA =    3259 NUMBND =      48
 NUMANG =     101 NPTRA  =      41 NATYP =      33 NPHB   =       1
 IFBOX  =       2 NMXRS  =      26 IFCAP =       0 NEXTRA =       0
 NCOPY  =       0

| Coordinate Index Table dimensions:     9    9    9
| Direct force subcell size =     6.7664    6.7664    6.7664

     BOX TYPE: TRUNCATED OCTAHEDRON

--------------------------------------------------------------------------------
   2.  CONTROL  DATA  FOR  THE  RUN
--------------------------------------------------------------------------------

default_name                                                                    

General flags:
     imin    =       0, nmropt  =       0

Nature and format of input:
     ntx     =       5, irest   =       1, ntrx    =       1

Nature and format of output:
     ntxo    =       1, ntpr    =     500, ntrx    =       1, ntwr    =     500
     iwrap   =       1, ntwx    =     500, ntwv    =       0, ntwe    =       0
     ioutfm  =       1, ntwprt  =       0, idecomp =       0, rbornstat=      0

Potential function:
     ntf     =       2, ntb     =       1, igb     =       0, nsnb    =      25
     ipol    =       0, gbsa    =       0, iesp    =       0
     dielc   =   1.00000, cut     =  10.00000, intdiel =   1.00000

Frozen or restrained atoms:
     ibelly  =       0, ntr     =       1
     restraint_wt =   0.14000

Molecular dynamics:
     nstlim  =     50000, nscm    =         0, nrespa  =         1
     t       =   0.00000, dt      =   0.00200, vlimit  =  -1.00000

Langevin dynamics temperature regulation:
     ig      =  525885
     temp0   = 300.00000, tempi   = 300.00000, gamma_ln=   5.00000

SHAKE:
     ntc     =       2, jfastw  =       0
     tol     =   0.00001

| Intermolecular bonds treatment:
|     no_intermolecular_bonds =       1

| Energy averages sample interval:
|     ene_avg_sampling =     500

Ewald parameters:
     verbose =       0, ew_type =       0, nbflag  =       1, use_pme =       1
     vdwmeth =       1, eedmeth =       1, netfrc  =       1
     Box X =   60.897   Box Y =   60.897   Box Z =   60.897
     Alpha =  109.471   Beta  =  109.471   Gamma =  109.471
     NFFT1 =   64       NFFT2 =   64       NFFT3 =   64
     Cutoff=   10.000   Tol   =0.100E-04
     Ewald Coefficient =  0.27511
     Interpolation order =    4

    LOADING THE CONSTRAINED ATOMS AS GROUPS


   5.  REFERENCE ATOM COORDINATES

  default_name                                                                    
     Mask :1-120@N,CA,C,O; matches   476 atoms

--------------------------------------------------------------------------------
   3.  ATOMIC COORDINATES AND VELOCITIES
--------------------------------------------------------------------------------

default_name                                                                    
 begin time read from input coords =  2440.000 ps

 
 Number of triangulated 3-point waters found:     4302

     Sum of charges from parm topology file =   0.00000094
     Forcing neutrality...

| Dynamic Memory, Types Used:
| Reals              578204
| Integers           551472

| Nonbonded Pairs Initial Allocation:     4512322

| GPU memory information (estimate):
| KB of GPU memory in use:    141360
| KB of CPU memory in use:     29328

--------------------------------------------------------------------------------
   4.  RESULTS
--------------------------------------------------------------------------------

 ---------------------------------------------------
 APPROXIMATING switch and d/dx switch using CUBIC SPLINE INTERPOLATION
 using   5000.0 points per unit in tabled values
 TESTING RELATIVE ERROR over r ranging from 0.0 to cutoff
| CHECK switch(x): max rel err =   0.2738E-14   at   2.422500
| CHECK d/dx switch(x): max rel err =   0.8314E-11   at   2.736960
 ---------------------------------------------------
|---------------------------------------------------
| APPROXIMATING direct energy using CUBIC SPLINE INTERPOLATION
|  with   50.0 points per unit in tabled values
| Relative Error Limit not exceeded for r .gt.   2.33
| APPROXIMATING direct force using CUBIC SPLINE INTERPOLATION
|  with   50.0 points per unit in tabled values
| Relative Error Limit not exceeded for r .gt.   2.80
|---------------------------------------------------
wrapping first mol.:       20.29907       28.70721       49.72235
wrapping first mol.:       20.29907       28.70721       49.72235

 NSTEP =      500   TIME(PS) =    2441.000  TEMP(K) =   298.39  PRESS =     0.0
 Etot   =    -34568.5409  EKtot   =      9128.9873  EPtot      =    -43697.5282
 BOND   =       373.2965  ANGLE   =      1092.1989  DIHED      =      1388.6523
 1-4 NB =       442.5725  1-4 EEL =      6254.1222  VDWAALS    =      4720.5811
 EELEC  =    -57980.1212  EHBOND  =         0.0000  RESTRAINT  =        11.1696
 EAMBER (non-restraint)  =    -43708.6978
 ------------------------------------------------------------------------------

wrapping first mol.:       20.29907       28.70721       49.72235
wrapping first mol.:       20.29907       28.70721       49.72235

 NSTEP =     1000   TIME(PS) =    2442.000  TEMP(K) =   295.56  PRESS =     0.0
 Etot   =    -34836.4894  EKtot   =      9042.4414  EPtot      =    -43878.9308
 BOND   =       346.5034  ANGLE   =      1031.3760  DIHED      =      1356.9711
 1-4 NB =       457.7177  1-4 EEL =      6316.3956  VDWAALS    =      4734.8309
 EELEC  =    -58132.9777  EHBOND  =         0.0000  RESTRAINT  =        10.2521
 EAMBER (non-restraint)  =    -43889.1829
 ------------------------------------------------------------------------------

wrapping first mol.:       20.29907       28.70721       49.72235
wrapping first mol.:       20.29907       28.70721       49.72235

 NSTEP =     1500   TIME(PS) =    2443.000  TEMP(K) =   299.76  PRESS =     0.0
 Etot   =    -34626.7376  EKtot   =      9170.9316  EPtot      =    -43797.6692
 BOND   =       364.7047  ANGLE   =      1096.6711  DIHED      =      1363.1791
 1-4 NB =       444.0703  1-4 EEL =      6262.5363  VDWAALS    =      4815.5103
 EELEC  =    -58157.4605  EHBOND  =         0.0000  RESTRAINT  =        13.1195
 EAMBER (non-restraint)  =    -43810.7888
 ------------------------------------------------------------------------------

wrapping first mol.:       20.29907       28.70721       49.72235
wrapping first mol.:       20.29907       28.70721       49.72235

 NSTEP =     2000   TIME(PS) =    2444.000  TEMP(K) =   299.22  PRESS =     0.0
 Etot   =    -34640.2231  EKtot   =      9154.3057  EPtot      =    -43794.5288
 BOND   =       356.5410  ANGLE   =      1056.6333  DIHED      =      1380.0670
 1-4 NB =       442.6294  1-4 EEL =      6276.2395  VDWAALS    =      4827.7248
 EELEC  =    -58148.3897  EHBOND  =         0.0000  RESTRAINT  =        14.0259
 EAMBER (non-restraint)  =    -43808.5547
 ------------------------------------------------------------------------------

wrapping first mol.:       20.29907       28.70721       49.72235
wrapping first mol.:       20.29907       28.70721       49.72235

 NSTEP =     2500   TIME(PS) =    2445.000  TEMP(K) =   296.73  PRESS =     0.0
 Etot   =    -34698.4534  EKtot   =      9078.1729  EPtot      =    -43776.6262
 BOND   =       371.6308  ANGLE   =      1103.6732  DIHED      =      1359.4071
 1-4 NB =       452.8166  1-4 EEL =      6292.3596  VDWAALS    =      4748.0144
 EELEC  =    -58116.8025  EHBOND  =         0.0000  RESTRAINT  =        12.2746
 EAMBER (non-restraint)  =    -43788.9008
 ------------------------------------------------------------------------------

wrapping first mol.:       20.29907       28.70721       49.72235
wrapping first mol.:       20.29907       28.70721       49.72235

 NSTEP =     3000   TIME(PS) =    2446.000  TEMP(K) =   302.02  PRESS =     0.0
 Etot   =    -34316.9136  EKtot   =      9239.8623  EPtot      =    -43556.7759
 BOND   =       356.8990  ANGLE   =      1062.6157  DIHED      =      1344.2568
 1-4 NB =       455.3639  1-4 EEL =      6290.2923  VDWAALS    =      4955.8261
 EELEC  =    -58035.1619  EHBOND  =         0.0000  RESTRAINT  =        13.1322
 EAMBER (non-restraint)  =    -43569.9081
 ------------------------------------------------------------------------------

wrapping first mol.:       20.29907       28.70721       49.72235
wrapping first mol.:       20.29907       28.70721       49.72235

 NSTEP =     3500   TIME(PS) =    2447.000  TEMP(K) =   299.65  PRESS =     0.0
 Etot   =    -34674.8026  EKtot   =      9167.4385  EPtot      =    -43842.2411
 BOND   =       371.1656  ANGLE   =      1052.7914  DIHED      =      1384.7992
 1-4 NB =       445.8882  1-4 EEL =      6262.1745  VDWAALS    =      4871.5778
 EELEC  =    -58241.3147  EHBOND  =         0.0000  RESTRAINT  =        10.6769
 EAMBER (non-restraint)  =    -43852.9180
 ------------------------------------------------------------------------------

wrapping first mol.:       20.29907       28.70721       49.72235
wrapping first mol.:       20.29907       28.70721       49.72235

 NSTEP =     4000   TIME(PS) =    2448.000  TEMP(K) =   302.49  PRESS =     0.0
 Etot   =    -34599.7664  EKtot   =      9254.4482  EPtot      =    -43854.2146
 BOND   =       360.7297  ANGLE   =      1050.6775  DIHED      =      1357.8754
 1-4 NB =       442.8707  1-4 EEL =      6277.1315  VDWAALS    =      4800.9732
 EELEC  =    -58157.9265  EHBOND  =         0.0000  RESTRAINT  =        13.4538
 EAMBER (non-restraint)  =    -43867.6685
 ------------------------------------------------------------------------------

wrapping first mol.:       20.29907       28.70721       49.72235
wrapping first mol.:       20.29907       28.70721       49.72235

 NSTEP =     4500   TIME(PS) =    2449.000  TEMP(K) =   296.69  PRESS =     0.0
 Etot   =    -34576.6152  EKtot   =      9076.8682  EPtot      =    -43653.4834
 BOND   =       362.7838  ANGLE   =      1080.7974  DIHED      =      1330.9949
 1-4 NB =       450.9469  1-4 EEL =      6261.5323  VDWAALS    =      4833.2579
 EELEC  =    -57985.2862  EHBOND  =         0.0000  RESTRAINT  =        11.4896
 EAMBER (non-restraint)  =    -43664.9730
 ------------------------------------------------------------------------------

wrapping first mol.:       20.29907       28.70721       49.72235
wrapping first mol.:       20.29907       28.70721       49.72235

 NSTEP =     5000   TIME(PS) =    2450.000  TEMP(K) =   300.67  PRESS =     0.0
 Etot   =    -34532.7372  EKtot   =      9198.6152  EPtot      =    -43731.3524
 BOND   =       349.5004  ANGLE   =      1082.6908  DIHED      =      1332.1336
 1-4 NB =       469.6704  1-4 EEL =      6268.8757  VDWAALS    =      4966.4139
 EELEC  =    -58215.0186  EHBOND  =         0.0000  RESTRAINT  =        14.3813
 EAMBER (non-restraint)  =    -43745.7337
 ------------------------------------------------------------------------------

wrapping first mol.:       20.29907       28.70721       49.72235
wrapping first mol.:       20.29907       28.70721       49.72235

 NSTEP =     5500   TIME(PS) =    2451.000  TEMP(K) =   303.78  PRESS =     0.0
 Etot   =    -34379.0332  EKtot   =      9293.7979  EPtot      =    -43672.8310
 BOND   =       344.5344  ANGLE   =      1073.8858  DIHED      =      1353.9666
 1-4 NB =       428.7307  1-4 EEL =      6257.3150  VDWAALS    =      4884.2068
 EELEC  =    -58030.5087  EHBOND  =         0.0000  RESTRAINT  =        15.0383
 EAMBER (non-restraint)  =    -43687.8694
 ------------------------------------------------------------------------------

wrapping first mol.:       20.29907       28.70721       49.72235
wrapping first mol.:       20.29907       28.70721       49.72235

 NSTEP =     6000   TIME(PS) =    2452.000  TEMP(K) =   298.37  PRESS =     0.0
 Etot   =    -34571.8231  EKtot   =      9128.1875  EPtot      =    -43700.0106
 BOND   =       332.1696  ANGLE   =      1051.3044  DIHED      =      1359.6189
 1-4 NB =       454.2104  1-4 EEL =      6329.2499  VDWAALS    =      4731.1446
 EELEC  =    -57972.1665  EHBOND  =         0.0000  RESTRAINT  =        14.4582
 EAMBER (non-restraint)  =    -43714.4688
 ------------------------------------------------------------------------------

wrapping first mol.:       20.29907       28.70721       49.72235
wrapping first mol.:       20.29907       28.70721       49.72235

 NSTEP =     6500   TIME(PS) =    2453.000  TEMP(K) =   300.10  PRESS =     0.0
 Etot   =    -34612.0214  EKtot   =      9181.0723  EPtot      =    -43793.0937
 BOND   =       385.8579  ANGLE   =      1101.3030  DIHED      =      1361.2486
 1-4 NB =       449.0034  1-4 EEL =      6263.9538  VDWAALS    =      4849.0093
 EELEC  =    -58220.1131  EHBOND  =         0.0000  RESTRAINT  =        16.6435
 EAMBER (non-restraint)  =    -43809.7371
 ------------------------------------------------------------------------------

wrapping first mol.:       20.29907       28.70721       49.72235
wrapping first mol.:       20.29907       28.70721       49.72235

 NSTEP =     7000   TIME(PS) =    2454.000  TEMP(K) =   300.67  PRESS =     0.0
 Etot   =    -34516.4671  EKtot   =      9198.5967  EPtot      =    -43715.0638
 BOND   =       366.0006  ANGLE   =      1087.8548  DIHED      =      1376.6076
 1-4 NB =       449.6073  1-4 EEL =      6277.6818  VDWAALS    =      4868.5672
 EELEC  =    -58156.6757  EHBOND  =         0.0000  RESTRAINT  =        15.2925
 EAMBER (non-restraint)  =    -43730.3563
 ------------------------------------------------------------------------------

wrapping first mol.:       20.29907       28.70721       49.72235
wrapping first mol.:       20.29907       28.70721       49.72235

 NSTEP =     7500   TIME(PS) =    2455.000  TEMP(K) =   302.54  PRESS =     0.0
 Etot   =    -34496.0970  EKtot   =      9255.8418  EPtot      =    -43751.9388
 BOND   =       366.5168  ANGLE   =      1066.5320  DIHED      =      1354.7212
 1-4 NB =       453.8341  1-4 EEL =      6295.6508  VDWAALS    =      4681.8254
 EELEC  =    -57984.7801  EHBOND  =         0.0000  RESTRAINT  =        13.7610
 EAMBER (non-restraint)  =    -43765.6998
 ------------------------------------------------------------------------------

wrapping first mol.:       20.29907       28.70721       49.72235
wrapping first mol.:       20.29907       28.70721       49.72235

 NSTEP =     8000   TIME(PS) =    2456.000  TEMP(K) =   301.57  PRESS =     0.0
 Etot   =    -34407.3554  EKtot   =      9226.1826  EPtot      =    -43633.5380
 BOND   =       336.8879  ANGLE   =      1043.7535  DIHED      =      1350.6242
 1-4 NB =       441.3967  1-4 EEL =      6300.9793  VDWAALS    =      4699.7688
 EELEC  =    -57823.3341  EHBOND  =         0.0000  RESTRAINT  =        16.3857
 EAMBER (non-restraint)  =    -43649.9237
 ------------------------------------------------------------------------------

wrapping first mol.:       20.29907       28.70721       49.72235
wrapping first mol.:       20.29907       28.70721       49.72235

 NSTEP =     8500   TIME(PS) =    2457.000  TEMP(K) =   297.60  PRESS =     0.0
 Etot   =    -34537.7668  EKtot   =      9104.6758  EPtot      =    -43642.4426
 BOND   =       349.9866  ANGLE   =      1090.2748  DIHED      =      1371.5891
 1-4 NB =       437.7007  1-4 EEL =      6260.0505  VDWAALS    =      4702.0495
 EELEC  =    -57870.5655  EHBOND  =         0.0000  RESTRAINT  =        16.4717
 EAMBER (non-restraint)  =    -43658.9143
 ------------------------------------------------------------------------------

wrapping first mol.:       20.29907       28.70721       49.72235
wrapping first mol.:       20.29907       28.70721       49.72235

 NSTEP =     9000   TIME(PS) =    2458.000  TEMP(K) =   303.39  PRESS =     0.0
 Etot   =    -34121.3215  EKtot   =      9281.9219  EPtot      =    -43403.2433
 BOND   =       355.7827  ANGLE   =      1066.9699  DIHED      =      1350.3575
 1-4 NB =       466.4076  1-4 EEL =      6307.9570  VDWAALS    =      4746.1067
 EELEC  =    -57711.1180  EHBOND  =         0.0000  RESTRAINT  =        14.2933
 EAMBER (non-restraint)  =    -43417.5366
 ------------------------------------------------------------------------------

wrapping first mol.:       20.29907       28.70721       49.72235
wrapping first mol.:       20.29907       28.70721       49.72235

 NSTEP =     9500   TIME(PS) =    2459.000  TEMP(K) =   298.31  PRESS =     0.0
 Etot   =    -34709.2055  EKtot   =      9126.3994  EPtot      =    -43835.6049
 BOND   =       352.5319  ANGLE   =      1038.8176  DIHED      =      1352.5026
 1-4 NB =       439.2038  1-4 EEL =      6251.6273  VDWAALS    =      4846.3536
 EELEC  =    -58131.1457  EHBOND  =         0.0000  RESTRAINT  =        14.5040
 EAMBER (non-restraint)  =    -43850.1089
 ------------------------------------------------------------------------------

wrapping first mol.:       20.29907       28.70721       49.72235
wrapping first mol.:       20.29907       28.70721       49.72235

 NSTEP =    10000   TIME(PS) =    2460.000  TEMP(K) =   298.71  PRESS =     0.0
 Etot   =    -34621.2250  EKtot   =      9138.5283  EPtot      =    -43759.7533
 BOND   =       339.7187  ANGLE   =      1092.9899  DIHED      =      1369.4879
 1-4 NB =       435.7443  1-4 EEL =      6258.3198  VDWAALS    =      4926.5518
 EELEC  =    -58196.7873  EHBOND  =         0.0000  RESTRAINT  =        14.2218
 EAMBER (non-restraint)  =    -43773.9750
 ------------------------------------------------------------------------------

wrapping first mol.:       20.29907       28.70721       49.72235
wrapping first mol.:       20.29907       28.70721       49.72235

 NSTEP =    10500   TIME(PS) =    2461.000  TEMP(K) =   301.01  PRESS =     0.0
 Etot   =    -34483.5162  EKtot   =      9208.8945  EPtot      =    -43692.4108
 BOND   =       347.9020  ANGLE   =      1052.8314  DIHED      =      1337.8720
 1-4 NB =       455.4485  1-4 EEL =      6282.3570  VDWAALS    =      4835.3441
 EELEC  =    -58020.2051  EHBOND  =         0.0000  RESTRAINT  =        16.0394
 EAMBER (non-restraint)  =    -43708.4501
 ------------------------------------------------------------------------------

wrapping first mol.:       20.29907       28.70721       49.72235
wrapping first mol.:       20.29907       28.70721       49.72235

 NSTEP =    11000   TIME(PS) =    2462.000  TEMP(K) =   298.43  PRESS =     0.0
 Etot   =    -34762.0117  EKtot   =      9130.0918  EPtot      =    -43892.1035
 BOND   =       333.4548  ANGLE   =      1082.4017  DIHED      =      1368.2014
 1-4 NB =       433.1233  1-4 EEL =      6284.2230  VDWAALS    =      4713.3739
 EELEC  =    -58124.5467  EHBOND  =         0.0000  RESTRAINT  =        17.6650
 EAMBER (non-restraint)  =    -43909.7684
 ------------------------------------------------------------------------------

wrapping first mol.:       20.29907       28.70721       49.72235
wrapping first mol.:       20.29907       28.70721       49.72235

 NSTEP =    11500   TIME(PS) =    2463.000  TEMP(K) =   299.89  PRESS =     0.0
 Etot   =    -34607.5328  EKtot   =      9174.9033  EPtot      =    -43782.4361
 BOND   =       368.8211  ANGLE   =      1080.4755  DIHED      =      1350.7160
 1-4 NB =       449.2110  1-4 EEL =      6277.3743  VDWAALS    =      4721.5079
 EELEC  =    -58049.2608  EHBOND  =         0.0000  RESTRAINT  =        18.7190
 EAMBER (non-restraint)  =    -43801.1551
 ------------------------------------------------------------------------------

wrapping first mol.:       20.29907       28.70721       49.72235
wrapping first mol.:       20.29907       28.70721       49.72235

 NSTEP =    12000   TIME(PS) =    2464.000  TEMP(K) =   296.69  PRESS =     0.0
 Etot   =    -34669.1878  EKtot   =      9076.7529  EPtot      =    -43745.9407
 BOND   =       347.3549  ANGLE   =      1060.8164  DIHED      =      1357.5369
 1-4 NB =       435.7001  1-4 EEL =      6287.6075  VDWAALS    =      4545.0260
 EELEC  =    -57799.7339  EHBOND  =         0.0000  RESTRAINT  =        19.7514
 EAMBER (non-restraint)  =    -43765.6921
 ------------------------------------------------------------------------------

wrapping first mol.:       20.29907       28.70721       49.72235
wrapping first mol.:       20.29907       28.70721       49.72235

 NSTEP =    12500   TIME(PS) =    2465.000  TEMP(K) =   297.94  PRESS =     0.0
 Etot   =    -34536.6670  EKtot   =      9115.0098  EPtot      =    -43651.6768
 BOND   =       352.0885  ANGLE   =      1115.6544  DIHED      =      1372.3482
 1-4 NB =       447.9809  1-4 EEL =      6255.5802  VDWAALS    =      4935.8131
 EELEC  =    -58149.2998  EHBOND  =         0.0000  RESTRAINT  =        18.1578
 EAMBER (non-restraint)  =    -43669.8346
 ------------------------------------------------------------------------------

wrapping first mol.:       20.29907       28.70721       49.72235
wrapping first mol.:       20.29907       28.70721       49.72235

 NSTEP =    13000   TIME(PS) =    2466.000  TEMP(K) =   301.58  PRESS =     0.0
 Etot   =    -34612.1295  EKtot   =      9226.4746  EPtot      =    -43838.6041
 BOND   =       342.5751  ANGLE   =      1034.0452  DIHED      =      1368.6354
 1-4 NB =       460.1228  1-4 EEL =      6279.1633  VDWAALS    =      4785.5729
 EELEC  =    -58127.3627  EHBOND  =         0.0000  RESTRAINT  =        18.6439
 EAMBER (non-restraint)  =    -43857.2480
 ------------------------------------------------------------------------------

wrapping first mol.:       20.29907       28.70721       49.72235
wrapping first mol.:       20.29907       28.70721       49.72235

 NSTEP =    13500   TIME(PS) =    2467.000  TEMP(K) =   293.35  PRESS =     0.0
 Etot   =    -34589.6046  EKtot   =      8974.6582  EPtot      =    -43564.2629
 BOND   =       337.9257  ANGLE   =      1052.6816  DIHED      =      1361.9015
 1-4 NB =       454.7097  1-4 EEL =      6284.9514  VDWAALS    =      4591.5535
 EELEC  =    -57666.5364  EHBOND  =         0.0000  RESTRAINT  =        18.5501
 EAMBER (non-restraint)  =    -43582.8129
 ------------------------------------------------------------------------------

wrapping first mol.:       20.29907       28.70721       49.72235
wrapping first mol.:       20.29907       28.70721       49.72235

 NSTEP =    14000   TIME(PS) =    2468.000  TEMP(K) =   299.10  PRESS =     0.0
 Etot   =    -34519.6083  EKtot   =      9150.4727  EPtot      =    -43670.0809
 BOND   =       345.5155  ANGLE   =      1019.0052  DIHED      =      1349.0341
 1-4 NB =       453.1647  1-4 EEL =      6298.6288  VDWAALS    =      4678.4225
 EELEC  =    -57829.7718  EHBOND  =         0.0000  RESTRAINT  =        15.9200
 EAMBER (non-restraint)  =    -43686.0009
 ------------------------------------------------------------------------------

wrapping first mol.:       20.29907       28.70721       49.72235
wrapping first mol.:       20.29907       28.70721       49.72235

 NSTEP =    14500   TIME(PS) =    2469.000  TEMP(K) =   297.83  PRESS =     0.0
 Etot   =    -34613.4259  EKtot   =      9111.7617  EPtot      =    -43725.1876
 BOND   =       402.1525  ANGLE   =      1030.9410  DIHED      =      1366.9305
 1-4 NB =       446.7210  1-4 EEL =      6263.2072  VDWAALS    =      4930.4047
 EELEC  =    -58183.4141  EHBOND  =         0.0000  RESTRAINT  =        17.8696
 EAMBER (non-restraint)  =    -43743.0572
 ------------------------------------------------------------------------------

wrapping first mol.:       20.29907       28.70721       49.72235
wrapping first mol.:       20.29907       28.70721       49.72235

 NSTEP =    15000   TIME(PS) =    2470.000  TEMP(K) =   300.76  PRESS =     0.0
 Etot   =    -34491.2543  EKtot   =      9201.4551  EPtot      =    -43692.7094
 BOND   =       369.9523  ANGLE   =      1040.5027  DIHED      =      1354.2624
 1-4 NB =       424.5768  1-4 EEL =      6232.6327  VDWAALS    =      4838.7471
 EELEC  =    -57967.1333  EHBOND  =         0.0000  RESTRAINT  =        13.7499
 EAMBER (non-restraint)  =    -43706.4592
 ------------------------------------------------------------------------------

wrapping first mol.:       20.29907       28.70721       49.72235
wrapping first mol.:       20.29907       28.70721       49.72235

 NSTEP =    15500   TIME(PS) =    2471.000  TEMP(K) =   304.40  PRESS =     0.0
 Etot   =    -34431.8021  EKtot   =      9312.8652  EPtot      =    -43744.6673
 BOND   =       363.7489  ANGLE   =      1096.1850  DIHED      =      1354.0795
 1-4 NB =       439.4210  1-4 EEL =      6292.8177  VDWAALS    =      4898.4312
 EELEC  =    -58208.6078  EHBOND  =         0.0000  RESTRAINT  =        19.2573
 EAMBER (non-restraint)  =    -43763.9246
 ------------------------------------------------------------------------------

wrapping first mol.:       20.29907       28.70721       49.72235
wrapping first mol.:       20.29907       28.70721       49.72235

 NSTEP =    16000   TIME(PS) =    2472.000  TEMP(K) =   298.30  PRESS =     0.0
 Etot   =    -34723.3489  EKtot   =      9126.0303  EPtot      =    -43849.3792
 BOND   =       368.9789  ANGLE   =      1057.9612  DIHED      =      1345.2026
 1-4 NB =       443.6503  1-4 EEL =      6345.2567  VDWAALS    =      5011.3479
 EELEC  =    -58440.1714  EHBOND  =         0.0000  RESTRAINT  =        18.3947
 EAMBER (non-restraint)  =    -43867.7739
 ------------------------------------------------------------------------------

wrapping first mol.:       20.29907       28.70721       49.72235
wrapping first mol.:       20.29907       28.70721       49.72235

 NSTEP =    16500   TIME(PS) =    2473.000  TEMP(K) =   298.55  PRESS =     0.0
 Etot   =    -34405.6723  EKtot   =      9133.6719  EPtot      =    -43539.3442
 BOND   =       358.9598  ANGLE   =      1097.1301  DIHED      =      1378.5160
 1-4 NB =       463.0240  1-4 EEL =      6261.1132  VDWAALS    =      4720.5778
 EELEC  =    -57835.0874  EHBOND  =         0.0000  RESTRAINT  =        16.4223
 EAMBER (non-restraint)  =    -43555.7665
 ------------------------------------------------------------------------------

wrapping first mol.:       20.29907       28.70721       49.72235
wrapping first mol.:       20.29907       28.70721       49.72235

 NSTEP =    17000   TIME(PS) =    2474.000  TEMP(K) =   300.46  PRESS =     0.0
 Etot   =    -34329.0651  EKtot   =      9192.0811  EPtot      =    -43521.1462
 BOND   =       370.0845  ANGLE   =      1105.4658  DIHED      =      1352.4882
 1-4 NB =       450.7535  1-4 EEL =      6255.5694  VDWAALS    =      4853.6049
 EELEC  =    -57929.1065  EHBOND  =         0.0000  RESTRAINT  =        19.9939
 EAMBER (non-restraint)  =    -43541.1401
 ------------------------------------------------------------------------------

wrapping first mol.:       20.29907       28.70721       49.72235
wrapping first mol.:       20.29907       28.70721       49.72235

 NSTEP =    17500   TIME(PS) =    2475.000  TEMP(K) =   301.31  PRESS =     0.0
 Etot   =    -34350.3161  EKtot   =      9218.2549  EPtot      =    -43568.5709
 BOND   =       360.7401  ANGLE   =      1085.2728  DIHED      =      1361.6605
 1-4 NB =       435.7070  1-4 EEL =      6241.4433  VDWAALS    =      4762.2973
 EELEC  =    -57834.1595  EHBOND  =         0.0000  RESTRAINT  =        18.4677
 EAMBER (non-restraint)  =    -43587.0386
 ------------------------------------------------------------------------------

wrapping first mol.:       20.29907       28.70721       49.72235
wrapping first mol.:       20.29907       28.70721       49.72235

 NSTEP =    18000   TIME(PS) =    2476.000  TEMP(K) =   296.74  PRESS =     0.0
 Etot   =    -34500.1972  EKtot   =      9078.3047  EPtot      =    -43578.5019
 BOND   =       368.4358  ANGLE   =      1099.8857  DIHED      =      1368.4081
 1-4 NB =       445.9392  1-4 EEL =      6276.2615  VDWAALS    =      4688.3832
 EELEC  =    -57844.3101  EHBOND  =         0.0000  RESTRAINT  =        18.4947
 EAMBER (non-restraint)  =    -43596.9966
 ------------------------------------------------------------------------------

wrapping first mol.:       20.29907       28.70721       49.72235
wrapping first mol.:       20.29907       28.70721       49.72235

 NSTEP =    18500   TIME(PS) =    2477.000  TEMP(K) =   298.79  PRESS =     0.0
 Etot   =    -34334.6291  EKtot   =      9141.1250  EPtot      =    -43475.7541
 BOND   =       363.1767  ANGLE   =      1091.2858  DIHED      =      1346.4696
 1-4 NB =       456.7512  1-4 EEL =      6289.5775  VDWAALS    =      4690.3483
 EELEC  =    -57730.3871  EHBOND  =         0.0000  RESTRAINT  =        17.0239
 EAMBER (non-restraint)  =    -43492.7781
 ------------------------------------------------------------------------------

wrapping first mol.:       20.29907       28.70721       49.72235
wrapping first mol.:       20.29907       28.70721       49.72235

 NSTEP =    19000   TIME(PS) =    2478.000  TEMP(K) =   300.72  PRESS =     0.0
 Etot   =    -34472.4845  EKtot   =      9200.1299  EPtot      =    -43672.6144
 BOND   =       335.1297  ANGLE   =      1053.7990  DIHED      =      1354.1267
 1-4 NB =       445.3601  1-4 EEL =      6317.1261  VDWAALS    =      4919.0787
 EELEC  =    -58113.3759  EHBOND  =         0.0000  RESTRAINT  =        16.1411
 EAMBER (non-restraint)  =    -43688.7555
 ------------------------------------------------------------------------------

wrapping first mol.:       20.29907       28.70721       49.72235
wrapping first mol.:       20.29907       28.70721       49.72235

 NSTEP =    19500   TIME(PS) =    2479.000  TEMP(K) =   304.08  PRESS =     0.0
 Etot   =    -34640.9982  EKtot   =      9303.0898  EPtot      =    -43944.0881
 BOND   =       370.1991  ANGLE   =      1045.7224  DIHED      =      1364.4499
 1-4 NB =       441.1369  1-4 EEL =      6264.8967  VDWAALS    =      4907.5104
 EELEC  =    -58353.9538  EHBOND  =         0.0000  RESTRAINT  =        15.9504
 EAMBER (non-restraint)  =    -43960.0385
 ------------------------------------------------------------------------------

wrapping first mol.:       20.29907       28.70721       49.72235
wrapping first mol.:       20.29907       28.70721       49.72235

 NSTEP =    20000   TIME(PS) =    2480.000  TEMP(K) =   302.62  PRESS =     0.0
 Etot   =    -34390.3512  EKtot   =      9258.2803  EPtot      =    -43648.6315
 BOND   =       337.9376  ANGLE   =      1042.9535  DIHED      =      1350.3140
 1-4 NB =       454.9804  1-4 EEL =      6278.9458  VDWAALS    =      4716.7175
 EELEC  =    -57850.8520  EHBOND  =         0.0000  RESTRAINT  =        20.3718
 EAMBER (non-restraint)  =    -43669.0032
 ------------------------------------------------------------------------------

wrapping first mol.:       20.29907       28.70721       49.72235
wrapping first mol.:       20.29907       28.70721       49.72235

 NSTEP =    20500   TIME(PS) =    2481.000  TEMP(K) =   298.78  PRESS =     0.0
 Etot   =    -34483.8717  EKtot   =      9140.7139  EPtot      =    -43624.5856
 BOND   =       386.4795  ANGLE   =      1076.2484  DIHED      =      1356.8325
 1-4 NB =       459.3535  1-4 EEL =      6267.7344  VDWAALS    =      4540.5772
 EELEC  =    -57728.9438  EHBOND  =         0.0000  RESTRAINT  =        17.1327
 EAMBER (non-restraint)  =    -43641.7183
 ------------------------------------------------------------------------------

wrapping first mol.:       20.29907       28.70721       49.72235
wrapping first mol.:       20.29907       28.70721       49.72235

 NSTEP =    21000   TIME(PS) =    2482.000  TEMP(K) =   300.47  PRESS =     0.0
 Etot   =    -34523.6940  EKtot   =      9192.5596  EPtot      =    -43716.2536
 BOND   =       359.4272  ANGLE   =      1033.1355  DIHED      =      1352.9263
 1-4 NB =       454.9314  1-4 EEL =      6291.9202  VDWAALS    =      4671.4472
 EELEC  =    -57897.6036  EHBOND  =         0.0000  RESTRAINT  =        17.5623
 EAMBER (non-restraint)  =    -43733.8159
 ------------------------------------------------------------------------------

wrapping first mol.:       20.29907       28.70721       49.72235
wrapping first mol.:       20.29907       28.70721       49.72235

 NSTEP =    21500   TIME(PS) =    2483.000  TEMP(K) =   300.15  PRESS =     0.0
 Etot   =    -34396.2859  EKtot   =      9182.8369  EPtot      =    -43579.1228
 BOND   =       383.9901  ANGLE   =      1098.6756  DIHED      =      1373.7369
 1-4 NB =       439.2130  1-4 EEL =      6259.6776  VDWAALS    =      4664.7462
 EELEC  =    -57817.5212  EHBOND  =         0.0000  RESTRAINT  =        18.3591
 EAMBER (non-restraint)  =    -43597.4819
 ------------------------------------------------------------------------------

wrapping first mol.:       20.29907       28.70721       49.72235
wrapping first mol.:       20.29907       28.70721       49.72235

 NSTEP =    22000   TIME(PS) =    2484.000  TEMP(K) =   300.62  PRESS =     0.0
 Etot   =    -34532.8841  EKtot   =      9197.1562  EPtot      =    -43730.0403
 BOND   =       349.4765  ANGLE   =      1101.5533  DIHED      =      1379.4222
 1-4 NB =       440.0828  1-4 EEL =      6279.5308  VDWAALS    =      4747.8095
 EELEC  =    -58044.9025  EHBOND  =         0.0000  RESTRAINT  =        16.9870
 EAMBER (non-restraint)  =    -43747.0273
 ------------------------------------------------------------------------------

wrapping first mol.:       20.29907       28.70721       49.72235
wrapping first mol.:       20.29907       28.70721       49.72235

 NSTEP =    22500   TIME(PS) =    2485.000  TEMP(K) =   301.69  PRESS =     0.0
 Etot   =    -34592.5842  EKtot   =      9229.9375  EPtot      =    -43822.5217
 BOND   =       345.3493  ANGLE   =      1031.5004  DIHED      =      1396.3592
 1-4 NB =       448.0271  1-4 EEL =      6298.5085  VDWAALS    =      4787.5161
 EELEC  =    -58146.4067  EHBOND  =         0.0000  RESTRAINT  =        16.6244
 EAMBER (non-restraint)  =    -43839.1461
 ------------------------------------------------------------------------------

wrapping first mol.:       20.29907       28.70721       49.72235
wrapping first mol.:       20.29907       28.70721       49.72235

 NSTEP =    23000   TIME(PS) =    2486.000  TEMP(K) =   300.61  PRESS =     0.0
 Etot   =    -34397.2961  EKtot   =      9196.7178  EPtot      =    -43594.0138
 BOND   =       347.1293  ANGLE   =      1049.1204  DIHED      =      1382.8053
 1-4 NB =       440.4324  1-4 EEL =      6303.4298  VDWAALS    =      4669.6265
 EELEC  =    -57802.3040  EHBOND  =         0.0000  RESTRAINT  =        15.7463
 EAMBER (non-restraint)  =    -43609.7601
 ------------------------------------------------------------------------------

wrapping first mol.:       20.29907       28.70721       49.72235
wrapping first mol.:       20.29907       28.70721       49.72235

 NSTEP =    23500   TIME(PS) =    2487.000  TEMP(K) =   301.62  PRESS =     0.0
 Etot   =    -34270.0722  EKtot   =      9227.7109  EPtot      =    -43497.7831
 BOND   =       374.4899  ANGLE   =      1071.0603  DIHED      =      1369.7251
 1-4 NB =       456.3609  1-4 EEL =      6271.7587  VDWAALS    =      4620.2025
 EELEC  =    -57680.6219  EHBOND  =         0.0000  RESTRAINT  =        19.2414
 EAMBER (non-restraint)  =    -43517.0245
 ------------------------------------------------------------------------------

wrapping first mol.:       20.29907       28.70721       49.72235
wrapping first mol.:       20.29907       28.70721       49.72235

 NSTEP =    24000   TIME(PS) =    2488.000  TEMP(K) =   302.35  PRESS =     0.0
 Etot   =    -34269.6364  EKtot   =      9249.9639  EPtot      =    -43519.6003
 BOND   =       353.2646  ANGLE   =      1089.7220  DIHED      =      1360.3018
 1-4 NB =       449.1761  1-4 EEL =      6315.4317  VDWAALS    =      4856.8472
 EELEC  =    -57959.0305  EHBOND  =         0.0000  RESTRAINT  =        14.6869
 EAMBER (non-restraint)  =    -43534.2872
 ------------------------------------------------------------------------------

wrapping first mol.:       20.29907       28.70721       49.72235
wrapping first mol.:       20.29907       28.70721       49.72235

 NSTEP =    24500   TIME(PS) =    2489.000  TEMP(K) =   302.27  PRESS =     0.0
 Etot   =    -34542.9450  EKtot   =      9247.6338  EPtot      =    -43790.5788
 BOND   =       337.3638  ANGLE   =      1092.1854  DIHED      =      1356.9707
 1-4 NB =       443.0045  1-4 EEL =      6281.3311  VDWAALS    =      4666.2588
 EELEC  =    -57983.6229  EHBOND  =         0.0000  RESTRAINT  =        15.9299
 EAMBER (non-restraint)  =    -43806.5087
 ------------------------------------------------------------------------------

wrapping first mol.:       20.29907       28.70721       49.72235
wrapping first mol.:       20.29907       28.70721       49.72235

 NSTEP =    25000   TIME(PS) =    2490.000  TEMP(K) =   298.03  PRESS =     0.0
 Etot   =    -34649.2196  EKtot   =      9117.8887  EPtot      =    -43767.1083
 BOND   =       334.6628  ANGLE   =      1040.9332  DIHED      =      1364.6210
 1-4 NB =       456.0022  1-4 EEL =      6298.2777  VDWAALS    =      4903.2475
 EELEC  =    -58179.3640  EHBOND  =         0.0000  RESTRAINT  =        14.5114
 EAMBER (non-restraint)  =    -43781.6196
 ------------------------------------------------------------------------------

wrapping first mol.:       20.29907       28.70721       49.72235
wrapping first mol.:       20.29907       28.70721       49.72235

 NSTEP =    25500   TIME(PS) =    2491.000  TEMP(K) =   301.31  PRESS =     0.0
 Etot   =    -34332.0253  EKtot   =      9218.1582  EPtot      =    -43550.1835
 BOND   =       365.2405  ANGLE   =      1062.6513  DIHED      =      1344.6771
 1-4 NB =       450.2355  1-4 EEL =      6316.5033  VDWAALS    =      4736.7251
 EELEC  =    -57842.2462  EHBOND  =         0.0000  RESTRAINT  =        16.0300
 EAMBER (non-restraint)  =    -43566.2135
 ------------------------------------------------------------------------------

wrapping first mol.:       20.29907       28.70721       49.72235
wrapping first mol.:       20.29907       28.70721       49.72235

 NSTEP =    26000   TIME(PS) =    2492.000  TEMP(K) =   300.57  PRESS =     0.0
 Etot   =    -34459.1138  EKtot   =      9195.5195  EPtot      =    -43654.6333
 BOND   =       365.3369  ANGLE   =      1053.9559  DIHED      =      1363.7793
 1-4 NB =       446.4969  1-4 EEL =      6287.3495  VDWAALS    =      4830.9928
 EELEC  =    -58020.2224  EHBOND  =         0.0000  RESTRAINT  =        17.6777
 EAMBER (non-restraint)  =    -43672.3111
 ------------------------------------------------------------------------------

wrapping first mol.:       20.29907       28.70721       49.72235
wrapping first mol.:       20.29907       28.70721       49.72235

 NSTEP =    26500   TIME(PS) =    2493.000  TEMP(K) =   298.22  PRESS =     0.0
 Etot   =    -34608.8912  EKtot   =      9123.7930  EPtot      =    -43732.6842
 BOND   =       368.3354  ANGLE   =      1095.4117  DIHED      =      1373.8631
 1-4 NB =       448.8341  1-4 EEL =      6283.1828  VDWAALS    =      4885.7729
 EELEC  =    -58202.4640  EHBOND  =         0.0000  RESTRAINT  =        14.3798
 EAMBER (non-restraint)  =    -43747.0639
 ------------------------------------------------------------------------------

wrapping first mol.:       20.29907       28.70721       49.72235
wrapping first mol.:       20.29907       28.70721       49.72235

 NSTEP =    27000   TIME(PS) =    2494.000  TEMP(K) =   298.69  PRESS =     0.0
 Etot   =    -34507.2891  EKtot   =      9137.9834  EPtot      =    -43645.2725
 BOND   =       363.1083  ANGLE   =      1059.9557  DIHED      =      1347.3404
 1-4 NB =       460.0150  1-4 EEL =      6301.8882  VDWAALS    =      4848.0636
 EELEC  =    -58045.2852  EHBOND  =         0.0000  RESTRAINT  =        19.6414
 EAMBER (non-restraint)  =    -43664.9140
 ------------------------------------------------------------------------------

wrapping first mol.:       20.29907       28.70721       49.72235
wrapping first mol.:       20.29907       28.70721       49.72235

 NSTEP =    27500   TIME(PS) =    2495.000  TEMP(K) =   302.40  PRESS =     0.0
 Etot   =    -34574.5564  EKtot   =      9251.5635  EPtot      =    -43826.1199
 BOND   =       364.7474  ANGLE   =      1069.7006  DIHED      =      1347.5667
 1-4 NB =       459.3327  1-4 EEL =      6295.2856  VDWAALS    =      4836.4135
 EELEC  =    -58216.3548  EHBOND  =         0.0000  RESTRAINT  =        17.1884
 EAMBER (non-restraint)  =    -43843.3083
 ------------------------------------------------------------------------------

wrapping first mol.:       20.29907       28.70721       49.72235
wrapping first mol.:       20.29907       28.70721       49.72235

 NSTEP =    28000   TIME(PS) =    2496.000  TEMP(K) =   306.47  PRESS =     0.0
 Etot   =    -34250.4112  EKtot   =      9376.2236  EPtot      =    -43626.6348
 BOND   =       377.8887  ANGLE   =      1070.3238  DIHED      =      1387.1405
 1-4 NB =       462.9995  1-4 EEL =      6258.9991  VDWAALS    =      4776.4159
 EELEC  =    -57976.0868  EHBOND  =         0.0000  RESTRAINT  =        15.6844
 EAMBER (non-restraint)  =    -43642.3193
 ------------------------------------------------------------------------------

wrapping first mol.:       20.29907       28.70721       49.72235
wrapping first mol.:       20.29907       28.70721       49.72235

 NSTEP =    28500   TIME(PS) =    2497.000  TEMP(K) =   300.75  PRESS =     0.0
 Etot   =    -34469.4508  EKtot   =      9201.0410  EPtot      =    -43670.4918
 BOND   =       366.7411  ANGLE   =      1070.7082  DIHED      =      1370.0066
 1-4 NB =       459.2404  1-4 EEL =      6276.0143  VDWAALS    =      4730.3387
 EELEC  =    -57960.6112  EHBOND  =         0.0000  RESTRAINT  =        17.0701
 EAMBER (non-restraint)  =    -43687.5619
 ------------------------------------------------------------------------------

wrapping first mol.:       20.29907       28.70721       49.72235
wrapping first mol.:       20.29907       28.70721       49.72235

 NSTEP =    29000   TIME(PS) =    2498.000  TEMP(K) =   302.82  PRESS =     0.0
 Etot   =    -34445.3299  EKtot   =      9264.5498  EPtot      =    -43709.8797
 BOND   =       355.9594  ANGLE   =      1108.3296  DIHED      =      1361.6478
 1-4 NB =       449.8027  1-4 EEL =      6276.7340  VDWAALS    =      4617.8414
 EELEC  =    -57897.5896  EHBOND  =         0.0000  RESTRAINT  =        17.3951
 EAMBER (non-restraint)  =    -43727.2748
 ------------------------------------------------------------------------------

wrapping first mol.:       20.29907       28.70721       49.72235
wrapping first mol.:       20.29907       28.70721       49.72235

 NSTEP =    29500   TIME(PS) =    2499.000  TEMP(K) =   302.59  PRESS =     0.0
 Etot   =    -34401.3206  EKtot   =      9257.3711  EPtot      =    -43658.6917
 BOND   =       358.9797  ANGLE   =      1071.1262  DIHED      =      1374.3303
 1-4 NB =       438.2051  1-4 EEL =      6269.3580  VDWAALS    =      4782.0172
 EELEC  =    -57967.3231  EHBOND  =         0.0000  RESTRAINT  =        14.6149
 EAMBER (non-restraint)  =    -43673.3066
 ------------------------------------------------------------------------------

wrapping first mol.:       20.29907       28.70721       49.72235
wrapping first mol.:       20.29907       28.70721       49.72235

 NSTEP =    30000   TIME(PS) =    2500.000  TEMP(K) =   299.39  PRESS =     0.0
 Etot   =    -34536.4221  EKtot   =      9159.3848  EPtot      =    -43695.8068
 BOND   =       356.9686  ANGLE   =      1086.7408  DIHED      =      1366.0115
 1-4 NB =       437.9581  1-4 EEL =      6267.1773  VDWAALS    =      4916.1911
 EELEC  =    -58142.8467  EHBOND  =         0.0000  RESTRAINT  =        15.9925
 EAMBER (non-restraint)  =    -43711.7994
 ------------------------------------------------------------------------------

wrapping first mol.:       20.29907       28.70721       49.72235
wrapping first mol.:       20.29907       28.70721       49.72235

 NSTEP =    30500   TIME(PS) =    2501.000  TEMP(K) =   302.09  PRESS =     0.0
 Etot   =    -34322.8087  EKtot   =      9241.9639  EPtot      =    -43564.7726
 BOND   =       345.0047  ANGLE   =      1076.5937  DIHED      =      1387.3539
 1-4 NB =       450.6908  1-4 EEL =      6275.4101  VDWAALS    =      4747.2519
 EELEC  =    -57865.8841  EHBOND  =         0.0000  RESTRAINT  =        18.8064
 EAMBER (non-restraint)  =    -43583.5790
 ------------------------------------------------------------------------------

wrapping first mol.:       20.29907       28.70721       49.72235
wrapping first mol.:       20.29907       28.70721       49.72235

 NSTEP =    31000   TIME(PS) =    2502.000  TEMP(K) =   301.89  PRESS =     0.0
 Etot   =    -34358.4776  EKtot   =      9235.9209  EPtot      =    -43594.3985
 BOND   =       343.2163  ANGLE   =      1086.6285  DIHED      =      1359.0007
 1-4 NB =       432.1081  1-4 EEL =      6265.5974  VDWAALS    =      4775.8291
 EELEC  =    -57873.7148  EHBOND  =         0.0000  RESTRAINT  =        16.9361
 EAMBER (non-restraint)  =    -43611.3346
 ------------------------------------------------------------------------------

wrapping first mol.:       20.29907       28.70721       49.72235
wrapping first mol.:       20.29907       28.70721       49.72235

 NSTEP =    31500   TIME(PS) =    2503.000  TEMP(K) =   302.24  PRESS =     0.0
 Etot   =    -34413.7250  EKtot   =      9246.6484  EPtot      =    -43660.3735
 BOND   =       351.1494  ANGLE   =      1095.2424  DIHED      =      1375.4453
 1-4 NB =       431.9175  1-4 EEL =      6278.6387  VDWAALS    =      4669.9492
 EELEC  =    -57876.0737  EHBOND  =         0.0000  RESTRAINT  =        13.3578
 EAMBER (non-restraint)  =    -43673.7313
 ------------------------------------------------------------------------------

wrapping first mol.:       20.29907       28.70721       49.72235
wrapping first mol.:       20.29907       28.70721       49.72235

 NSTEP =    32000   TIME(PS) =    2504.000  TEMP(K) =   301.84  PRESS =     0.0
 Etot   =    -34516.0204  EKtot   =      9234.3867  EPtot      =    -43750.4072
 BOND   =       335.2689  ANGLE   =      1071.6168  DIHED      =      1361.5181
 1-4 NB =       466.2196  1-4 EEL =      6292.6875  VDWAALS    =      4721.5914
 EELEC  =    -58013.8593  EHBOND  =         0.0000  RESTRAINT  =        14.5499
 EAMBER (non-restraint)  =    -43764.9571
 ------------------------------------------------------------------------------

wrapping first mol.:       20.29907       28.70721       49.72235
wrapping first mol.:       20.29907       28.70721       49.72235

 NSTEP =    32500   TIME(PS) =    2505.000  TEMP(K) =   300.92  PRESS =     0.0
 Etot   =    -34190.1754  EKtot   =      9206.2715  EPtot      =    -43396.4469
 BOND   =       338.9775  ANGLE   =      1079.2355  DIHED      =      1361.4723
 1-4 NB =       461.4822  1-4 EEL =      6305.0483  VDWAALS    =      4580.6089
 EELEC  =    -57538.9096  EHBOND  =         0.0000  RESTRAINT  =        15.6379
 EAMBER (non-restraint)  =    -43412.0848
 ------------------------------------------------------------------------------

wrapping first mol.:       20.29907       28.70721       49.72235
wrapping first mol.:       20.29907       28.70721       49.72235

 NSTEP =    33000   TIME(PS) =    2506.000  TEMP(K) =   297.43  PRESS =     0.0
 Etot   =    -34556.3879  EKtot   =      9099.5684  EPtot      =    -43655.9563
 BOND   =       341.1009  ANGLE   =      1105.6229  DIHED      =      1368.3445
 1-4 NB =       437.8529  1-4 EEL =      6272.8752  VDWAALS    =      4657.2167
 EELEC  =    -57853.0815  EHBOND  =         0.0000  RESTRAINT  =        14.1120
 EAMBER (non-restraint)  =    -43670.0683
 ------------------------------------------------------------------------------

wrapping first mol.:       20.29907       28.70721       49.72235
wrapping first mol.:       20.29907       28.70721       49.72235

 NSTEP =    33500   TIME(PS) =    2507.000  TEMP(K) =   296.74  PRESS =     0.0
 Etot   =    -34700.9136  EKtot   =      9078.3535  EPtot      =    -43779.2672
 BOND   =       356.2584  ANGLE   =      1111.4893  DIHED      =      1348.2274
 1-4 NB =       446.2738  1-4 EEL =      6283.8526  VDWAALS    =      5077.6337
 EELEC  =    -58421.3224  EHBOND  =         0.0000  RESTRAINT  =        18.3199
 EAMBER (non-restraint)  =    -43797.5871
 ------------------------------------------------------------------------------

wrapping first mol.:       20.29907       28.70721       49.72235
wrapping first mol.:       20.29907       28.70721       49.72235

 NSTEP =    34000   TIME(PS) =    2508.000  TEMP(K) =   302.71  PRESS =     0.0
 Etot   =    -34312.4571  EKtot   =      9260.9307  EPtot      =    -43573.3878
 BOND   =       338.5931  ANGLE   =      1083.3696  DIHED      =      1362.6590
 1-4 NB =       437.8712  1-4 EEL =      6278.1960  VDWAALS    =      4669.7203
 EELEC  =    -57760.1642  EHBOND  =         0.0000  RESTRAINT  =        16.3671
 EAMBER (non-restraint)  =    -43589.7549
 ------------------------------------------------------------------------------

wrapping first mol.:       20.29907       28.70721       49.72235
wrapping first mol.:       20.29907       28.70721       49.72235

 NSTEP =    34500   TIME(PS) =    2509.000  TEMP(K) =   297.44  PRESS =     0.0
 Etot   =    -34579.8428  EKtot   =      9099.7920  EPtot      =    -43679.6348
 BOND   =       353.9826  ANGLE   =      1016.1277  DIHED      =      1364.4420
 1-4 NB =       463.0358  1-4 EEL =      6319.6457  VDWAALS    =      4622.9146
 EELEC  =    -57838.5109  EHBOND  =         0.0000  RESTRAINT  =        18.7277
 EAMBER (non-restraint)  =    -43698.3625
 ------------------------------------------------------------------------------

wrapping first mol.:       20.29907       28.70721       49.72235
wrapping first mol.:       20.29907       28.70721       49.72235

 NSTEP =    35000   TIME(PS) =    2510.000  TEMP(K) =   300.12  PRESS =     0.0
 Etot   =    -34456.6510  EKtot   =      9181.7480  EPtot      =    -43638.3991
 BOND   =       347.2245  ANGLE   =      1055.4785  DIHED      =      1345.5845
 1-4 NB =       439.3850  1-4 EEL =      6254.1817  VDWAALS    =      4684.1856
 EELEC  =    -57781.6956  EHBOND  =         0.0000  RESTRAINT  =        17.2567
 EAMBER (non-restraint)  =    -43655.6558
 ------------------------------------------------------------------------------

wrapping first mol.:       20.29907       28.70721       49.72235
wrapping first mol.:       20.29907       28.70721       49.72235

 NSTEP =    35500   TIME(PS) =    2511.000  TEMP(K) =   299.50  PRESS =     0.0
 Etot   =    -34603.4083  EKtot   =      9162.8740  EPtot      =    -43766.2823
 BOND   =       345.9197  ANGLE   =      1035.0396  DIHED      =      1366.6067
 1-4 NB =       446.5945  1-4 EEL =      6280.5306  VDWAALS    =      4663.5911
 EELEC  =    -57920.1753  EHBOND  =         0.0000  RESTRAINT  =        15.6109
 EAMBER (non-restraint)  =    -43781.8932
 ------------------------------------------------------------------------------

wrapping first mol.:       20.29907       28.70721       49.72235
wrapping first mol.:       20.29907       28.70721       49.72235

 NSTEP =    36000   TIME(PS) =    2512.000  TEMP(K) =   295.45  PRESS =     0.0
 Etot   =    -34542.1797  EKtot   =      9038.9570  EPtot      =    -43581.1368
 BOND   =       358.3970  ANGLE   =      1101.4160  DIHED      =      1345.5538
 1-4 NB =       458.2753  1-4 EEL =      6283.8638  VDWAALS    =      4800.7034
 EELEC  =    -57943.6971  EHBOND  =         0.0000  RESTRAINT  =        14.3510
 EAMBER (non-restraint)  =    -43595.4878
 ------------------------------------------------------------------------------

wrapping first mol.:       20.29907       28.70721       49.72235
wrapping first mol.:       20.29907       28.70721       49.72235

 NSTEP =    36500   TIME(PS) =    2513.000  TEMP(K) =   298.66  PRESS =     0.0
 Etot   =    -34570.8089  EKtot   =      9137.0146  EPtot      =    -43707.8236
 BOND   =       376.9682  ANGLE   =      1064.4609  DIHED      =      1346.8657
 1-4 NB =       444.6264  1-4 EEL =      6294.8598  VDWAALS    =      4800.6692
 EELEC  =    -58050.4969  EHBOND  =         0.0000  RESTRAINT  =        14.2230
 EAMBER (non-restraint)  =    -43722.0466
 ------------------------------------------------------------------------------

wrapping first mol.:       20.29907       28.70721       49.72235
wrapping first mol.:       20.29907       28.70721       49.72235

 NSTEP =    37000   TIME(PS) =    2514.000  TEMP(K) =   302.43  PRESS =     0.0
 Etot   =    -34476.5801  EKtot   =      9252.4219  EPtot      =    -43729.0020
 BOND   =       375.4111  ANGLE   =      1087.6342  DIHED      =      1366.7967
 1-4 NB =       450.4848  1-4 EEL =      6236.4208  VDWAALS    =      4861.7450
 EELEC  =    -58123.2787  EHBOND  =         0.0000  RESTRAINT  =        15.7841
 EAMBER (non-restraint)  =    -43744.7861
 ------------------------------------------------------------------------------

wrapping first mol.:       20.29907       28.70721       49.72235
wrapping first mol.:       20.29907       28.70721       49.72235

 NSTEP =    37500   TIME(PS) =    2515.000  TEMP(K) =   303.43  PRESS =     0.0
 Etot   =    -34454.7016  EKtot   =      9283.0801  EPtot      =    -43737.7817
 BOND   =       384.8614  ANGLE   =      1057.0598  DIHED      =      1359.3049
 1-4 NB =       436.9566  1-4 EEL =      6301.5103  VDWAALS    =      4750.4716
 EELEC  =    -58043.8388  EHBOND  =         0.0000  RESTRAINT  =        15.8924
 EAMBER (non-restraint)  =    -43753.6741
 ------------------------------------------------------------------------------

wrapping first mol.:       20.29907       28.70721       49.72235
wrapping first mol.:       20.29907       28.70721       49.72235

 NSTEP =    38000   TIME(PS) =    2516.000  TEMP(K) =   298.50  PRESS =     0.0
 Etot   =    -34546.4504  EKtot   =      9132.3037  EPtot      =    -43678.7541
 BOND   =       319.8466  ANGLE   =      1075.9708  DIHED      =      1370.2161
 1-4 NB =       449.5497  1-4 EEL =      6273.1373  VDWAALS    =      4685.0853
 EELEC  =    -57868.9829  EHBOND  =         0.0000  RESTRAINT  =        16.4230
 EAMBER (non-restraint)  =    -43695.1771
 ------------------------------------------------------------------------------

wrapping first mol.:       20.29907       28.70721       49.72235
wrapping first mol.:       20.29907       28.70721       49.72235

 NSTEP =    38500   TIME(PS) =    2517.000  TEMP(K) =   298.67  PRESS =     0.0
 Etot   =    -34483.6481  EKtot   =      9137.5889  EPtot      =    -43621.2370
 BOND   =       381.5675  ANGLE   =      1064.0425  DIHED      =      1355.9092
 1-4 NB =       460.0917  1-4 EEL =      6293.4196  VDWAALS    =      4827.0855
 EELEC  =    -58019.3031  EHBOND  =         0.0000  RESTRAINT  =        15.9501
 EAMBER (non-restraint)  =    -43637.1871
 ------------------------------------------------------------------------------

wrapping first mol.:       20.29907       28.70721       49.72235
wrapping first mol.:       20.29907       28.70721       49.72235

 NSTEP =    39000   TIME(PS) =    2518.000  TEMP(K) =   301.30  PRESS =     0.0
 Etot   =    -34512.1964  EKtot   =      9217.9199  EPtot      =    -43730.1163
 BOND   =       358.7368  ANGLE   =      1037.2349  DIHED      =      1365.0851
 1-4 NB =       445.5805  1-4 EEL =      6293.3825  VDWAALS    =      4768.6859
 EELEC  =    -58015.3008  EHBOND  =         0.0000  RESTRAINT  =        16.4788
 EAMBER (non-restraint)  =    -43746.5951
 ------------------------------------------------------------------------------

wrapping first mol.:       20.29907       28.70721       49.72235
wrapping first mol.:       20.29907       28.70721       49.72235

 NSTEP =    39500   TIME(PS) =    2519.000  TEMP(K) =   300.14  PRESS =     0.0
 Etot   =    -34329.3490  EKtot   =      9182.4766  EPtot      =    -43511.8256
 BOND   =       359.7031  ANGLE   =      1066.2589  DIHED      =      1343.8004
 1-4 NB =       443.1324  1-4 EEL =      6306.0366  VDWAALS    =      4642.9959
 EELEC  =    -57690.6513  EHBOND  =         0.0000  RESTRAINT  =        16.8985
 EAMBER (non-restraint)  =    -43528.7241
 ------------------------------------------------------------------------------

wrapping first mol.:       20.29907       28.70721       49.72235
wrapping first mol.:       20.29907       28.70721       49.72235

 NSTEP =    40000   TIME(PS) =    2520.000  TEMP(K) =   300.85  PRESS =     0.0
 Etot   =    -34583.2006  EKtot   =      9204.2988  EPtot      =    -43787.4994
 BOND   =       370.6201  ANGLE   =      1090.2263  DIHED      =      1363.4223
 1-4 NB =       441.9714  1-4 EEL =      6295.4094  VDWAALS    =      4896.2764
 EELEC  =    -58259.8232  EHBOND  =         0.0000  RESTRAINT  =        14.3978
 EAMBER (non-restraint)  =    -43801.8972
 ------------------------------------------------------------------------------

wrapping first mol.:       20.29907       28.70721       49.72235
wrapping first mol.:       20.29907       28.70721       49.72235

 NSTEP =    40500   TIME(PS) =    2521.000  TEMP(K) =   298.50  PRESS =     0.0
 Etot   =    -34498.1240  EKtot   =      9132.2822  EPtot      =    -43630.4062
 BOND   =       357.5719  ANGLE   =      1128.4278  DIHED      =      1346.8140
 1-4 NB =       451.0252  1-4 EEL =      6284.3652  VDWAALS    =      4754.7563
 EELEC  =    -57974.7925  EHBOND  =         0.0000  RESTRAINT  =        21.4259
 EAMBER (non-restraint)  =    -43651.8321
 ------------------------------------------------------------------------------

wrapping first mol.:       20.29907       28.70721       49.72235
wrapping first mol.:       20.29907       28.70721       49.72235

 NSTEP =    41000   TIME(PS) =    2522.000  TEMP(K) =   299.05  PRESS =     0.0
 Etot   =    -34401.2547  EKtot   =      9149.0576  EPtot      =    -43550.3123
 BOND   =       371.0495  ANGLE   =      1090.6727  DIHED      =      1358.1268
 1-4 NB =       434.5530  1-4 EEL =      6249.4458  VDWAALS    =      4763.8099
 EELEC  =    -57832.3125  EHBOND  =         0.0000  RESTRAINT  =        14.3425
 EAMBER (non-restraint)  =    -43564.6548
 ------------------------------------------------------------------------------

wrapping first mol.:       20.29907       28.70721       49.72235
wrapping first mol.:       20.29907       28.70721       49.72235

 NSTEP =    41500   TIME(PS) =    2523.000  TEMP(K) =   297.16  PRESS =     0.0
 Etot   =    -34406.1760  EKtot   =      9091.3076  EPtot      =    -43497.4836
 BOND   =       342.6674  ANGLE   =      1077.1385  DIHED      =      1360.2031
 1-4 NB =       452.4460  1-4 EEL =      6306.0690  VDWAALS    =      5060.2376
 EELEC  =    -58111.5055  EHBOND  =         0.0000  RESTRAINT  =        15.2603
 EAMBER (non-restraint)  =    -43512.7440
 ------------------------------------------------------------------------------

wrapping first mol.:       20.29907       28.70721       49.72235
wrapping first mol.:       20.29907       28.70721       49.72235

 NSTEP =    42000   TIME(PS) =    2524.000  TEMP(K) =   297.51  PRESS =     0.0
 Etot   =    -34628.2330  EKtot   =      9102.0156  EPtot      =    -43730.2486
 BOND   =       349.0252  ANGLE   =      1038.6867  DIHED      =      1354.9333
 1-4 NB =       438.0392  1-4 EEL =      6282.0734  VDWAALS    =      4772.5945
 EELEC  =    -57981.0871  EHBOND  =         0.0000  RESTRAINT  =        15.4862
 EAMBER (non-restraint)  =    -43745.7348
 ------------------------------------------------------------------------------

wrapping first mol.:       20.29907       28.70721       49.72235
wrapping first mol.:       20.29907       28.70721       49.72235

 NSTEP =    42500   TIME(PS) =    2525.000  TEMP(K) =   300.86  PRESS =     0.0
 Etot   =    -34422.0379  EKtot   =      9204.4004  EPtot      =    -43626.4383
 BOND   =       352.2205  ANGLE   =      1078.2503  DIHED      =      1350.1927
 1-4 NB =       456.9741  1-4 EEL =      6295.2614  VDWAALS    =      4857.2024
 EELEC  =    -58032.6586  EHBOND  =         0.0000  RESTRAINT  =        16.1188
 EAMBER (non-restraint)  =    -43642.5571
 ------------------------------------------------------------------------------

wrapping first mol.:       20.29907       28.70721       49.72235
wrapping first mol.:       20.29907       28.70721       49.72235

 NSTEP =    43000   TIME(PS) =    2526.000  TEMP(K) =   297.67  PRESS =     0.0
 Etot   =    -34568.1961  EKtot   =      9106.7461  EPtot      =    -43674.9422
 BOND   =       377.6008  ANGLE   =      1160.4879  DIHED      =      1358.7869
 1-4 NB =       429.5203  1-4 EEL =      6252.7831  VDWAALS    =      4728.5207
 EELEC  =    -57998.6910  EHBOND  =         0.0000  RESTRAINT  =        16.0491
 EAMBER (non-restraint)  =    -43690.9913
 ------------------------------------------------------------------------------

wrapping first mol.:       20.29907       28.70721       49.72235
wrapping first mol.:       20.29907       28.70721       49.72235

 NSTEP =    43500   TIME(PS) =    2527.000  TEMP(K) =   299.37  PRESS =     0.0
 Etot   =    -34557.4207  EKtot   =      9158.7539  EPtot      =    -43716.1746
 BOND   =       355.2683  ANGLE   =      1091.5248  DIHED      =      1376.6597
 1-4 NB =       447.8524  1-4 EEL =      6265.5249  VDWAALS    =      4865.7967
 EELEC  =    -58134.8916  EHBOND  =         0.0000  RESTRAINT  =        16.0902
 EAMBER (non-restraint)  =    -43732.2648
 ------------------------------------------------------------------------------

wrapping first mol.:       20.29907       28.70721       49.72235
wrapping first mol.:       20.29907       28.70721       49.72235

 NSTEP =    44000   TIME(PS) =    2528.000  TEMP(K) =   298.01  PRESS =     0.0
 Etot   =    -34630.2332  EKtot   =      9117.1465  EPtot      =    -43747.3797
 BOND   =       354.5997  ANGLE   =      1102.2284  DIHED      =      1361.7432
 1-4 NB =       438.0756  1-4 EEL =      6282.7389  VDWAALS    =      4951.9347
 EELEC  =    -58255.1995  EHBOND  =         0.0000  RESTRAINT  =        16.4994
 EAMBER (non-restraint)  =    -43763.8791
 ------------------------------------------------------------------------------

wrapping first mol.:       20.29907       28.70721       49.72235
wrapping first mol.:       20.29907       28.70721       49.72235

 NSTEP =    44500   TIME(PS) =    2529.000  TEMP(K) =   297.52  PRESS =     0.0
 Etot   =    -34560.6989  EKtot   =      9102.1689  EPtot      =    -43662.8679
 BOND   =       378.4826  ANGLE   =      1015.1973  DIHED      =      1352.5672
 1-4 NB =       444.3687  1-4 EEL =      6256.8878  VDWAALS    =      4866.2868
 EELEC  =    -57994.2590  EHBOND  =         0.0000  RESTRAINT  =        17.6007
 EAMBER (non-restraint)  =    -43680.4686
 ------------------------------------------------------------------------------

wrapping first mol.:       20.29907       28.70721       49.72235
wrapping first mol.:       20.29907       28.70721       49.72235

 NSTEP =    45000   TIME(PS) =    2530.000  TEMP(K) =   298.20  PRESS =     0.0
 Etot   =    -34662.6345  EKtot   =      9122.9287  EPtot      =    -43785.5632
 BOND   =       378.4845  ANGLE   =      1017.3485  DIHED      =      1365.2811
 1-4 NB =       451.3998  1-4 EEL =      6274.7774  VDWAALS    =      4659.8560
 EELEC  =    -57950.6215  EHBOND  =         0.0000  RESTRAINT  =        17.9108
 EAMBER (non-restraint)  =    -43803.4740
 ------------------------------------------------------------------------------

wrapping first mol.:       20.29907       28.70721       49.72235
wrapping first mol.:       20.29907       28.70721       49.72235

 NSTEP =    45500   TIME(PS) =    2531.000  TEMP(K) =   300.95  PRESS =     0.0
 Etot   =    -34625.5497  EKtot   =      9207.0615  EPtot      =    -43832.6112
 BOND   =       362.1850  ANGLE   =      1095.7339  DIHED      =      1343.1936
 1-4 NB =       444.8063  1-4 EEL =      6254.7606  VDWAALS    =      4911.5725
 EELEC  =    -58259.2879  EHBOND  =         0.0000  RESTRAINT  =        14.4249
 EAMBER (non-restraint)  =    -43847.0361
 ------------------------------------------------------------------------------

wrapping first mol.:       20.29907       28.70721       49.72235
wrapping first mol.:       20.29907       28.70721       49.72235

 NSTEP =    46000   TIME(PS) =    2532.000  TEMP(K) =   299.39  PRESS =     0.0
 Etot   =    -34599.8380  EKtot   =      9159.3389  EPtot      =    -43759.1768
 BOND   =       348.6241  ANGLE   =      1078.8326  DIHED      =      1352.9784
 1-4 NB =       434.5123  1-4 EEL =      6310.2069  VDWAALS    =      4913.6634
 EELEC  =    -58213.9144  EHBOND  =         0.0000  RESTRAINT  =        15.9198
 EAMBER (non-restraint)  =    -43775.0966
 ------------------------------------------------------------------------------

wrapping first mol.:       20.29907       28.70721       49.72235
wrapping first mol.:       20.29907       28.70721       49.72235

 NSTEP =    46500   TIME(PS) =    2533.000  TEMP(K) =   302.17  PRESS =     0.0
 Etot   =    -34485.2022  EKtot   =      9244.4424  EPtot      =    -43729.6445
 BOND   =       391.9870  ANGLE   =      1006.9560  DIHED      =      1358.9395
 1-4 NB =       456.5463  1-4 EEL =      6288.3194  VDWAALS    =      4953.7856
 EELEC  =    -58201.6950  EHBOND  =         0.0000  RESTRAINT  =        15.5168
 EAMBER (non-restraint)  =    -43745.1613
 ------------------------------------------------------------------------------

wrapping first mol.:       20.29907       28.70721       49.72235
wrapping first mol.:       20.29907       28.70721       49.72235

 NSTEP =    47000   TIME(PS) =    2534.000  TEMP(K) =   302.97  PRESS =     0.0
 Etot   =    -34464.3781  EKtot   =      9269.0400  EPtot      =    -43733.4181
 BOND   =       349.3206  ANGLE   =      1072.3478  DIHED      =      1348.7028
 1-4 NB =       436.7517  1-4 EEL =      6272.5064  VDWAALS    =      4838.2263
 EELEC  =    -58069.1161  EHBOND  =         0.0000  RESTRAINT  =        17.8425
 EAMBER (non-restraint)  =    -43751.2606
 ------------------------------------------------------------------------------

wrapping first mol.:       20.29907       28.70721       49.72235
wrapping first mol.:       20.29907       28.70721       49.72235

 NSTEP =    47500   TIME(PS) =    2535.000  TEMP(K) =   299.92  PRESS =     0.0
 Etot   =    -34526.4766  EKtot   =      9175.8125  EPtot      =    -43702.2891
 BOND   =       348.2978  ANGLE   =      1040.5816  DIHED      =      1355.6728
 1-4 NB =       447.9600  1-4 EEL =      6277.7315  VDWAALS    =      4755.2273
 EELEC  =    -57948.4200  EHBOND  =         0.0000  RESTRAINT  =        20.6600
 EAMBER (non-restraint)  =    -43722.9491
 ------------------------------------------------------------------------------

wrapping first mol.:       20.29907       28.70721       49.72235
wrapping first mol.:       20.29907       28.70721       49.72235

 NSTEP =    48000   TIME(PS) =    2536.000  TEMP(K) =   298.45  PRESS =     0.0
 Etot   =    -34709.3111  EKtot   =      9130.6709  EPtot      =    -43839.9820
 BOND   =       350.3466  ANGLE   =      1075.1638  DIHED      =      1363.7545
 1-4 NB =       452.7165  1-4 EEL =      6258.8175  VDWAALS    =      4711.2720
 EELEC  =    -58069.8809  EHBOND  =         0.0000  RESTRAINT  =        17.8281
 EAMBER (non-restraint)  =    -43857.8101
 ------------------------------------------------------------------------------

wrapping first mol.:       20.29907       28.70721       49.72235
wrapping first mol.:       20.29907       28.70721       49.72235

 NSTEP =    48500   TIME(PS) =    2537.000  TEMP(K) =   305.00  PRESS =     0.0
 Etot   =    -34356.5062  EKtot   =      9331.0010  EPtot      =    -43687.5072
 BOND   =       357.5901  ANGLE   =      1122.4927  DIHED      =      1355.0693
 1-4 NB =       439.0005  1-4 EEL =      6238.7708  VDWAALS    =      4957.7365
 EELEC  =    -58175.8452  EHBOND  =         0.0000  RESTRAINT  =        17.6781
 EAMBER (non-restraint)  =    -43705.1853
 ------------------------------------------------------------------------------

wrapping first mol.:       20.29907       28.70721       49.72235
wrapping first mol.:       20.29907       28.70721       49.72235

 NSTEP =    49000   TIME(PS) =    2538.000  TEMP(K) =   297.79  PRESS =     0.0
 Etot   =    -34679.2964  EKtot   =      9110.6133  EPtot      =    -43789.9096
 BOND   =       331.6570  ANGLE   =      1120.6732  DIHED      =      1352.7548
 1-4 NB =       433.9967  1-4 EEL =      6272.6015  VDWAALS    =      4875.5352
 EELEC  =    -58195.4978  EHBOND  =         0.0000  RESTRAINT  =        18.3698
 EAMBER (non-restraint)  =    -43808.2795
 ------------------------------------------------------------------------------

wrapping first mol.:       20.29907       28.70721       49.72235
wrapping first mol.:       20.29907       28.70721       49.72235

 NSTEP =    49500   TIME(PS) =    2539.000  TEMP(K) =   303.78  PRESS =     0.0
 Etot   =    -34376.3679  EKtot   =      9293.8818  EPtot      =    -43670.2498
 BOND   =       347.0538  ANGLE   =      1040.1612  DIHED      =      1375.8584
 1-4 NB =       457.6632  1-4 EEL =      6327.5953  VDWAALS    =      4743.1523
 EELEC  =    -57983.9238  EHBOND  =         0.0000  RESTRAINT  =        22.1898
 EAMBER (non-restraint)  =    -43692.4395
 ------------------------------------------------------------------------------

wrapping first mol.:       20.29907       28.70721       49.72235
wrapping first mol.:       20.29907       28.70721       49.72235

 NSTEP =    50000   TIME(PS) =    2540.000  TEMP(K) =   300.29  PRESS =     0.0
 Etot   =    -34590.1803  EKtot   =      9186.8896  EPtot      =    -43777.0699
 BOND   =       350.0851  ANGLE   =      1049.3204  DIHED      =      1349.1359
 1-4 NB =       442.0029  1-4 EEL =      6279.7248  VDWAALS    =      4951.8266
 EELEC  =    -58219.1322  EHBOND  =         0.0000  RESTRAINT  =        19.9666
 EAMBER (non-restraint)  =    -43797.0365
 ------------------------------------------------------------------------------


      A V E R A G E S   O V E R     100 S T E P S


 NSTEP =    50000   TIME(PS) =    2540.000  TEMP(K) =   300.05  PRESS =     0.0
 Etot   =    -34510.0880  EKtot   =      9179.8037  EPtot      =    -43689.8917
 BOND   =       357.4074  ANGLE   =      1071.6484  DIHED      =      1360.5126
 1-4 NB =       447.3188  1-4 EEL =      6280.4894  VDWAALS    =      4788.4061
 EELEC  =    -58011.9778  EHBOND  =         0.0000  RESTRAINT  =        16.3035
 EAMBER (non-restraint)  =    -43706.1951
 ------------------------------------------------------------------------------


      R M S  F L U C T U A T I O N S


 NSTEP =    50000   TIME(PS) =    2540.000  TEMP(K) =     2.29  PRESS =     0.0
 Etot   =       128.8034  EKtot   =        70.0356  EPtot      =       105.5905
 BOND   =        15.0556  ANGLE   =        27.9769  DIHED      =        12.2501
 1-4 NB =         9.3673  1-4 EEL =        21.1504  VDWAALS    =       111.3965
 EELEC  =       172.1360  EHBOND  =         0.0000  RESTRAINT  =         2.2418
 EAMBER (non-restraint)  =       103.3488
 ------------------------------------------------------------------------------

--------------------------------------------------------------------------------
   5.  TIMINGS
--------------------------------------------------------------------------------

|  NonSetup CPU Time in Major Routines:
|
|     Routine           Sec        %
|     ------------------------------
|     Nonbond          12.78   33.21
|     Bond              0.00    0.00
|     Angle             0.00    0.00
|     Dihedral          0.00    0.00
|     Shake             0.84    2.17
|     RunMD            24.77   64.34
|     Other             0.11    0.28
|     ------------------------------
|     Total            38.50

|  PME Nonbond Pairlist CPU Time:
|
|     Routine              Sec        %
|     ---------------------------------
|     Set Up Cit           0.00    0.00
|     Build List           0.00    0.00
|     ---------------------------------
|     Total                0.00    0.00

|  PME Direct Force CPU Time:
|
|     Routine              Sec        %
|     ---------------------------------
|     NonBonded Calc       0.00    0.00
|     Exclude Masked       0.00    0.00
|     Other                0.04    0.10
|     ---------------------------------
|     Total                0.04    0.10

|  PME Reciprocal Force CPU Time:
|
|     Routine              Sec        %
|     ---------------------------------
|     1D bspline           0.00    0.00
|     Grid Charges         0.00    0.00
|     Scalar Sum           0.00    0.00
|     Gradient Sum         0.00    0.00
|     FFT                  0.00    0.00
|     ---------------------------------
|     Total                0.00    0.00

|  Final Performance Info:
|     -----------------------------------------------------
|     Average timings for last   49500 steps:
|     Elapsed(s) =      38.09 Per Step(ms) =       0.77
|         ns/day =     224.59   seconds/ns =     384.70
|
|     Average timings for all steps:
|     Elapsed(s) =      38.50 Per Step(ms) =       0.77
|         ns/day =     224.43   seconds/ns =     384.98
|     -----------------------------------------------------

|  Setup CPU time:            2.43 seconds
|  NonSetup CPU time:        38.50 seconds
|  Total CPU time:           40.93 seconds     0.01 hours

|  Setup wall time:           2    seconds
|  NonSetup wall time:       39    seconds
|  Total wall time:          41    seconds     0.01 hours
