
          -------------------------------------------------------
          Amber 16 PMEMD                              2016
          -------------------------------------------------------

| PMEMD implementation of SANDER, Release 16

| Run on 11/17/2017 at 08:27:33

|   Executable path: /apps/amber16/bin/pmemd.cuda
| Working directory: /home/pbarletta
|          Hostname: mordor

  [-O]verwriting output

File Assignments:
|   MDIN: /scratch/pbarletta/cph_obp/run/ctv/mhe/e/26equ.in                     
|  MDOUT: /scratch/pbarletta/cph_obp/run/ctv/mhe/e/26equ.out                    
| INPCRD: /scratch/pbarletta/cph_obp/run/ctv/mhe/e/25ectv.rst7                  
|   PARM: /scratch/pbarletta/cph_obp/top_files/ctv.prmtop                       
| RESTRT: /scratch/pbarletta/cph_obp/run/ctv/mhe/e/26ectv.rst7                  
|   REFC: /scratch/pbarletta/cph_obp/run/ctv/mhe/e/25ectv.rst7                  
|  MDVEL: mdvel                                                                 
|   MDEN: mden                                                                  
|  MDCRD: /scratch/pbarletta/cph_obp/run/ctv/mhe/e/26ectv.nc                    
| MDINFO: mdinfo                                                                
|  MDFRC: mdfrc                                                                 


 Here is the input file:

Equilibration with solute restrictions                                         
&cntrl                                                                         
imin = 0,                           ! No Minimization                          
nmropt = 0,                         ! No NMR restraints read                   
                                                                               
! Nature and format of the input                                               
ntx = 5,                            ! Coordinates but no velocities will be rea
irest = 1,                          ! Do not run a new simulation              
                                                                               
! Nature and format of the output                                              
ntxo = 1,                           ! rstrt file in ASCII format               
ntpr = 500,                         ! inf in output every ntpr steps           
ntwr = 500,                         ! rstrt file every ntwr steps              
ntwx = 500,                         ! mdcrd file every ntwx steps              
ntwv = 0,                           ! mdvel without velocities                 
ntwe = 0,                           ! Energies and temperatures not written in 
idecomp = 0,                        ! No energy decomposition                  
iwrap = 1,                          ! Coordinates of the restart and mdcrd file
                                                                               
! Frozen or restrained atoms                                                   
ibelly = 0,                         ! No frozen atoms                          
ntr=1,                              ! Harmonic potential restraints            
restraint_wt = 0.08,                ! The weight for the positional restraints 
restraintmask = ':1-120@N,CA,C,O',  ! restrained residues                      
                                                                               
! Molecular dynamics                                                           
nstlim = 50000,                     ! Number of MD-steps                       
dt = 0.002,                         ! Time step                                
                                                                               
! Temperature regulation                                                       
ntt = 3,                            ! Langevin thermostat                      
gamma_ln = 5,                       ! Gamma constant for Langevin              
temp0 = 300.0,                      ! Reference T at which the system is to be 
tempi = 300.0,                      ! Initial T                                
ig = -1,                            ! Seed for the RNG                         
                                                                               
! P and V regulation                                                           
ntp = 0,                            ! No pressure control                      
ntb = 1,                            ! Periodic box for constant V              
                                                                               
! SHAKE variables                                                              
ntc = 2,                            ! Bonds involving H are constrained        
ntf = 2,                            ! Bond interaction involving H are ommited.
                                                                               
cut = 10.0,                         ! Nonbonded cutoff                         
                                                                               
/                                                                              
&end                                                                           


Note: ig = -1. Setting random seed to   590032 based on wallclock time in 
      microseconds.
| irandom = 1, using AMBER's internal random number generator (default).
 
|--------------------- INFORMATION ----------------------
| GPU (CUDA) Version of PMEMD in use: NVIDIA GPU IN USE.
|                    Version 16.0.0
| 
|                      02/25/2016
| 
| Implementation by:
|                    Ross C. Walker     (SDSC)
|                    Scott Le Grand     (nVIDIA)
| 
| Precision model in use:
|      [SPFP] - Single Precision Forces, 64-bit Fixed Point
|               Accumulation. (Default)
| 
|--------------------------------------------------------
 
|----------------- CITATION INFORMATION -----------------
|
|    When publishing work that utilized the CUDA version
|    of AMBER, please cite the following in addition to
|    the regular AMBER citations:
|
|  - Romelia Salomon-Ferrer; Andreas W. Goetz; Duncan
|    Poole; Scott Le Grand; Ross C. Walker "Routine
|    microsecond molecular dynamics simulations with
|    AMBER - Part II: Particle Mesh Ewald", J. Chem.
|    Theory Comput., 2013, 9 (9), pp3878-3888,
|    DOI: 10.1021/ct400314y.
|
|  - Andreas W. Goetz; Mark J. Williamson; Dong Xu;
|    Duncan Poole; Scott Le Grand; Ross C. Walker
|    "Routine microsecond molecular dynamics simulations
|    with AMBER - Part I: Generalized Born", J. Chem.
|    Theory Comput., 2012, 8 (5), pp1542-1555.
|
|  - Scott Le Grand; Andreas W. Goetz; Ross C. Walker
|    "SPFP: Speed without compromise - a mixed precision
|    model for GPU accelerated molecular dynamics
|    simulations.", Comp. Phys. Comm., 2013, 184
|    pp374-380, DOI: 10.1016/j.cpc.2012.09.022
|
|--------------------------------------------------------
 
|------------------- GPU DEVICE INFO --------------------
|
|            CUDA_VISIBLE_DEVICES: 1
|   CUDA Capable Devices Detected:      1
|           CUDA Device ID in use:      0
|                CUDA Device Name: GeForce GTX 1080 Ti
|     CUDA Device Global Mem Size:  11172 MB
| CUDA Device Num Multiprocessors:     28
|           CUDA Device Core Freq:   1.58 GHz
|
|--------------------------------------------------------
 
 
| Conditional Compilation Defines Used:
| PUBFFT
| BINTRAJ
| CUDA
| EMIL

| Largest sphere to fit in unit cell has radius =    24.861

| New format PARM file being parsed.
| Version =    1.000 Date = 11/14/17 Time = 21:26:59

| Note: 1-4 EEL scale factors are being read from the topology file.

| Note: 1-4 VDW scale factors are being read from the topology file.
| Duplicated    0 dihedrals

| Duplicated    0 dihedrals

--------------------------------------------------------------------------------
   1.  RESOURCE   USE: 
--------------------------------------------------------------------------------

 getting new box info from bottom of inpcrd
 NATOM  =   14918 NTYPES =      18 NBONH =   13963 MBONA  =     961
 NTHETH =    2368 MTHETA =    1289 NPHIH =    4522 MPHIA  =    3259
 NHPARM =       0 NPARM  =       0 NNB   =   28275 NRES   =    4423
 NBONA  =     961 NTHETA =    1289 NPHIA =    3259 NUMBND =      48
 NUMANG =     101 NPTRA  =      41 NATYP =      33 NPHB   =       1
 IFBOX  =       2 NMXRS  =      26 IFCAP =       0 NEXTRA =       0
 NCOPY  =       0

| Coordinate Index Table dimensions:     9    9    9
| Direct force subcell size =     6.7664    6.7664    6.7664

     BOX TYPE: TRUNCATED OCTAHEDRON

--------------------------------------------------------------------------------
   2.  CONTROL  DATA  FOR  THE  RUN
--------------------------------------------------------------------------------

default_name                                                                    

General flags:
     imin    =       0, nmropt  =       0

Nature and format of input:
     ntx     =       5, irest   =       1, ntrx    =       1

Nature and format of output:
     ntxo    =       1, ntpr    =     500, ntrx    =       1, ntwr    =     500
     iwrap   =       1, ntwx    =     500, ntwv    =       0, ntwe    =       0
     ioutfm  =       1, ntwprt  =       0, idecomp =       0, rbornstat=      0

Potential function:
     ntf     =       2, ntb     =       1, igb     =       0, nsnb    =      25
     ipol    =       0, gbsa    =       0, iesp    =       0
     dielc   =   1.00000, cut     =  10.00000, intdiel =   1.00000

Frozen or restrained atoms:
     ibelly  =       0, ntr     =       1
     restraint_wt =   0.08000

Molecular dynamics:
     nstlim  =     50000, nscm    =         0, nrespa  =         1
     t       =   0.00000, dt      =   0.00200, vlimit  =  -1.00000

Langevin dynamics temperature regulation:
     ig      =  590032
     temp0   = 300.00000, tempi   = 300.00000, gamma_ln=   5.00000

SHAKE:
     ntc     =       2, jfastw  =       0
     tol     =   0.00001

| Intermolecular bonds treatment:
|     no_intermolecular_bonds =       1

| Energy averages sample interval:
|     ene_avg_sampling =     500

Ewald parameters:
     verbose =       0, ew_type =       0, nbflag  =       1, use_pme =       1
     vdwmeth =       1, eedmeth =       1, netfrc  =       1
     Box X =   60.897   Box Y =   60.897   Box Z =   60.897
     Alpha =  109.471   Beta  =  109.471   Gamma =  109.471
     NFFT1 =   64       NFFT2 =   64       NFFT3 =   64
     Cutoff=   10.000   Tol   =0.100E-04
     Ewald Coefficient =  0.27511
     Interpolation order =    4

    LOADING THE CONSTRAINED ATOMS AS GROUPS


   5.  REFERENCE ATOM COORDINATES

  default_name                                                                    
     Mask :1-120@N,CA,C,O; matches   476 atoms

--------------------------------------------------------------------------------
   3.  ATOMIC COORDINATES AND VELOCITIES
--------------------------------------------------------------------------------

default_name                                                                    
 begin time read from input coords =  2640.000 ps

 
 Number of triangulated 3-point waters found:     4302

     Sum of charges from parm topology file =   0.00000094
     Forcing neutrality...

| Dynamic Memory, Types Used:
| Reals              578204
| Integers           551472

| Nonbonded Pairs Initial Allocation:     4512322

| GPU memory information (estimate):
| KB of GPU memory in use:    141360
| KB of CPU memory in use:     29328

--------------------------------------------------------------------------------
   4.  RESULTS
--------------------------------------------------------------------------------

 ---------------------------------------------------
 APPROXIMATING switch and d/dx switch using CUBIC SPLINE INTERPOLATION
 using   5000.0 points per unit in tabled values
 TESTING RELATIVE ERROR over r ranging from 0.0 to cutoff
| CHECK switch(x): max rel err =   0.2738E-14   at   2.422500
| CHECK d/dx switch(x): max rel err =   0.8314E-11   at   2.736960
 ---------------------------------------------------
|---------------------------------------------------
| APPROXIMATING direct energy using CUBIC SPLINE INTERPOLATION
|  with   50.0 points per unit in tabled values
| Relative Error Limit not exceeded for r .gt.   2.33
| APPROXIMATING direct force using CUBIC SPLINE INTERPOLATION
|  with   50.0 points per unit in tabled values
| Relative Error Limit not exceeded for r .gt.   2.80
|---------------------------------------------------
wrapping first mol.:       20.29907       28.70721       49.72235
wrapping first mol.:       20.29907       28.70721       49.72235

 NSTEP =      500   TIME(PS) =    2641.000  TEMP(K) =   298.35  PRESS =     0.0
 Etot   =    -34498.4645  EKtot   =      9127.5820  EPtot      =    -43626.0465
 BOND   =       366.4655  ANGLE   =      1083.2993  DIHED      =      1362.7394
 1-4 NB =       452.8957  1-4 EEL =      6263.1247  VDWAALS    =      4818.9768
 EELEC  =    -57980.8560  EHBOND  =         0.0000  RESTRAINT  =         7.3082
 EAMBER (non-restraint)  =    -43633.3547
 ------------------------------------------------------------------------------

wrapping first mol.:       20.29907       28.70721       49.72235
wrapping first mol.:       20.29907       28.70721       49.72235

 NSTEP =     1000   TIME(PS) =    2642.000  TEMP(K) =   301.45  PRESS =     0.0
 Etot   =    -34609.1341  EKtot   =      9222.5977  EPtot      =    -43831.7317
 BOND   =       364.0386  ANGLE   =      1060.1011  DIHED      =      1368.2931
 1-4 NB =       457.0581  1-4 EEL =      6278.4967  VDWAALS    =      4774.4286
 EELEC  =    -58142.5490  EHBOND  =         0.0000  RESTRAINT  =         8.4010
 EAMBER (non-restraint)  =    -43840.1327
 ------------------------------------------------------------------------------

wrapping first mol.:       20.29907       28.70721       49.72235
wrapping first mol.:       20.29907       28.70721       49.72235

 NSTEP =     1500   TIME(PS) =    2643.000  TEMP(K) =   299.40  PRESS =     0.0
 Etot   =    -34697.0382  EKtot   =      9159.7090  EPtot      =    -43856.7472
 BOND   =       347.1326  ANGLE   =      1076.9383  DIHED      =      1369.7698
 1-4 NB =       455.6900  1-4 EEL =      6275.2996  VDWAALS    =      4971.0623
 EELEC  =    -58361.2020  EHBOND  =         0.0000  RESTRAINT  =         8.5622
 EAMBER (non-restraint)  =    -43865.3094
 ------------------------------------------------------------------------------

wrapping first mol.:       20.29907       28.70721       49.72235
wrapping first mol.:       20.29907       28.70721       49.72235

 NSTEP =     2000   TIME(PS) =    2644.000  TEMP(K) =   299.70  PRESS =     0.0
 Etot   =    -34575.5330  EKtot   =      9169.0488  EPtot      =    -43744.5819
 BOND   =       374.0824  ANGLE   =      1067.2836  DIHED      =      1385.7753
 1-4 NB =       430.9332  1-4 EEL =      6276.5672  VDWAALS    =      4863.9728
 EELEC  =    -58152.2927  EHBOND  =         0.0000  RESTRAINT  =         9.0963
 EAMBER (non-restraint)  =    -43753.6781
 ------------------------------------------------------------------------------

wrapping first mol.:       20.29907       28.70721       49.72235
wrapping first mol.:       20.29907       28.70721       49.72235

 NSTEP =     2500   TIME(PS) =    2645.000  TEMP(K) =   297.13  PRESS =     0.0
 Etot   =    -34511.9546  EKtot   =      9090.2070  EPtot      =    -43602.1616
 BOND   =       348.5136  ANGLE   =      1094.5797  DIHED      =      1350.6627
 1-4 NB =       447.5918  1-4 EEL =      6258.9029  VDWAALS    =      4799.8930
 EELEC  =    -57911.8272  EHBOND  =         0.0000  RESTRAINT  =         9.5219
 EAMBER (non-restraint)  =    -43611.6835
 ------------------------------------------------------------------------------

wrapping first mol.:       20.29907       28.70721       49.72235
wrapping first mol.:       20.29907       28.70721       49.72235

 NSTEP =     3000   TIME(PS) =    2646.000  TEMP(K) =   302.06  PRESS =     0.0
 Etot   =    -34493.9662  EKtot   =      9241.1885  EPtot      =    -43735.1547
 BOND   =       353.3813  ANGLE   =      1074.8040  DIHED      =      1353.1601
 1-4 NB =       449.7573  1-4 EEL =      6261.9975  VDWAALS    =      4884.9003
 EELEC  =    -58122.3625  EHBOND  =         0.0000  RESTRAINT  =         9.2073
 EAMBER (non-restraint)  =    -43744.3620
 ------------------------------------------------------------------------------

wrapping first mol.:       20.29907       28.70721       49.72235
wrapping first mol.:       20.29907       28.70721       49.72235

 NSTEP =     3500   TIME(PS) =    2647.000  TEMP(K) =   294.31  PRESS =     0.0
 Etot   =    -34675.7368  EKtot   =      9004.0410  EPtot      =    -43679.7778
 BOND   =       355.9949  ANGLE   =      1089.9728  DIHED      =      1364.2594
 1-4 NB =       451.3765  1-4 EEL =      6284.1652  VDWAALS    =      4724.5979
 EELEC  =    -57958.7267  EHBOND  =         0.0000  RESTRAINT  =         8.5822
 EAMBER (non-restraint)  =    -43688.3600
 ------------------------------------------------------------------------------

wrapping first mol.:       20.29907       28.70721       49.72235
wrapping first mol.:       20.29907       28.70721       49.72235

 NSTEP =     4000   TIME(PS) =    2648.000  TEMP(K) =   300.81  PRESS =     0.0
 Etot   =    -34543.4877  EKtot   =      9202.9980  EPtot      =    -43746.4857
 BOND   =       384.3827  ANGLE   =      1058.1976  DIHED      =      1350.5545
 1-4 NB =       459.7897  1-4 EEL =      6297.1777  VDWAALS    =      4948.6507
 EELEC  =    -58255.7551  EHBOND  =         0.0000  RESTRAINT  =        10.5164
 EAMBER (non-restraint)  =    -43757.0022
 ------------------------------------------------------------------------------

wrapping first mol.:       20.29907       28.70721       49.72235
wrapping first mol.:       20.29907       28.70721       49.72235

 NSTEP =     4500   TIME(PS) =    2649.000  TEMP(K) =   300.15  PRESS =     0.0
 Etot   =    -34606.6761  EKtot   =      9182.8008  EPtot      =    -43789.4769
 BOND   =       333.9289  ANGLE   =      1044.8091  DIHED      =      1360.8188
 1-4 NB =       459.7318  1-4 EEL =      6311.3738  VDWAALS    =      4853.2929
 EELEC  =    -58161.5197  EHBOND  =         0.0000  RESTRAINT  =         8.0876
 EAMBER (non-restraint)  =    -43797.5644
 ------------------------------------------------------------------------------

wrapping first mol.:       20.29907       28.70721       49.72235
wrapping first mol.:       20.29907       28.70721       49.72235

 NSTEP =     5000   TIME(PS) =    2650.000  TEMP(K) =   300.80  PRESS =     0.0
 Etot   =    -34350.0558  EKtot   =      9202.7656  EPtot      =    -43552.8214
 BOND   =       373.1249  ANGLE   =      1060.6581  DIHED      =      1363.3000
 1-4 NB =       446.3124  1-4 EEL =      6259.4792  VDWAALS    =      4726.7489
 EELEC  =    -57790.2204  EHBOND  =         0.0000  RESTRAINT  =         7.7754
 EAMBER (non-restraint)  =    -43560.5969
 ------------------------------------------------------------------------------

wrapping first mol.:       20.29907       28.70721       49.72235
wrapping first mol.:       20.29907       28.70721       49.72235

 NSTEP =     5500   TIME(PS) =    2651.000  TEMP(K) =   301.49  PRESS =     0.0
 Etot   =    -34491.1277  EKtot   =      9223.8770  EPtot      =    -43715.0046
 BOND   =       351.5418  ANGLE   =      1038.9601  DIHED      =      1364.7377
 1-4 NB =       449.7340  1-4 EEL =      6261.4170  VDWAALS    =      4840.3468
 EELEC  =    -58030.8344  EHBOND  =         0.0000  RESTRAINT  =         9.0924
 EAMBER (non-restraint)  =    -43724.0970
 ------------------------------------------------------------------------------

wrapping first mol.:       20.29907       28.70721       49.72235
wrapping first mol.:       20.29907       28.70721       49.72235

 NSTEP =     6000   TIME(PS) =    2652.000  TEMP(K) =   298.69  PRESS =     0.0
 Etot   =    -34557.1294  EKtot   =      9138.0303  EPtot      =    -43695.1597
 BOND   =       348.6250  ANGLE   =      1059.0234  DIHED      =      1344.2562
 1-4 NB =       452.8056  1-4 EEL =      6275.6161  VDWAALS    =      4723.8650
 EELEC  =    -57907.9456  EHBOND  =         0.0000  RESTRAINT  =         8.5946
 EAMBER (non-restraint)  =    -43703.7543
 ------------------------------------------------------------------------------

wrapping first mol.:       20.29907       28.70721       49.72235
wrapping first mol.:       20.29907       28.70721       49.72235

 NSTEP =     6500   TIME(PS) =    2653.000  TEMP(K) =   301.65  PRESS =     0.0
 Etot   =    -34499.6745  EKtot   =      9228.7100  EPtot      =    -43728.3845
 BOND   =       334.0569  ANGLE   =      1101.3556  DIHED      =      1378.4681
 1-4 NB =       448.0371  1-4 EEL =      6271.7554  VDWAALS    =      4616.3445
 EELEC  =    -57889.9002  EHBOND  =         0.0000  RESTRAINT  =        11.4981
 EAMBER (non-restraint)  =    -43739.8826
 ------------------------------------------------------------------------------

wrapping first mol.:       20.29907       28.70721       49.72235
wrapping first mol.:       20.29907       28.70721       49.72235

 NSTEP =     7000   TIME(PS) =    2654.000  TEMP(K) =   299.98  PRESS =     0.0
 Etot   =    -34407.1411  EKtot   =      9177.3848  EPtot      =    -43584.5259
 BOND   =       332.6361  ANGLE   =      1026.8910  DIHED      =      1359.5255
 1-4 NB =       451.9876  1-4 EEL =      6282.4895  VDWAALS    =      4663.5119
 EELEC  =    -57712.4054  EHBOND  =         0.0000  RESTRAINT  =        10.8379
 EAMBER (non-restraint)  =    -43595.3637
 ------------------------------------------------------------------------------

wrapping first mol.:       20.29907       28.70721       49.72235
wrapping first mol.:       20.29907       28.70721       49.72235

 NSTEP =     7500   TIME(PS) =    2655.000  TEMP(K) =   304.19  PRESS =     0.0
 Etot   =    -34334.6924  EKtot   =      9306.2891  EPtot      =    -43640.9815
 BOND   =       339.4846  ANGLE   =      1097.7069  DIHED      =      1367.5261
 1-4 NB =       462.5722  1-4 EEL =      6304.4357  VDWAALS    =      4794.0838
 EELEC  =    -58018.4866  EHBOND  =         0.0000  RESTRAINT  =        11.6957
 EAMBER (non-restraint)  =    -43652.6772
 ------------------------------------------------------------------------------

wrapping first mol.:       20.29907       28.70721       49.72235
wrapping first mol.:       20.29907       28.70721       49.72235

 NSTEP =     8000   TIME(PS) =    2656.000  TEMP(K) =   299.65  PRESS =     0.0
 Etot   =    -34599.3560  EKtot   =      9167.4414  EPtot      =    -43766.7974
 BOND   =       342.3441  ANGLE   =      1077.6210  DIHED      =      1370.0237
 1-4 NB =       436.2599  1-4 EEL =      6250.1067  VDWAALS    =      4677.9529
 EELEC  =    -57934.6400  EHBOND  =         0.0000  RESTRAINT  =        13.5343
 EAMBER (non-restraint)  =    -43780.3317
 ------------------------------------------------------------------------------

wrapping first mol.:       20.29907       28.70721       49.72235
wrapping first mol.:       20.29907       28.70721       49.72235

 NSTEP =     8500   TIME(PS) =    2657.000  TEMP(K) =   300.90  PRESS =     0.0
 Etot   =    -34305.6914  EKtot   =      9205.7080  EPtot      =    -43511.3994
 BOND   =       375.5121  ANGLE   =      1076.8977  DIHED      =      1362.4478
 1-4 NB =       451.6804  1-4 EEL =      6283.0214  VDWAALS    =      4816.0680
 EELEC  =    -57887.8219  EHBOND  =         0.0000  RESTRAINT  =        10.7952
 EAMBER (non-restraint)  =    -43522.1946
 ------------------------------------------------------------------------------

wrapping first mol.:       20.29907       28.70721       49.72235
wrapping first mol.:       20.29907       28.70721       49.72235

 NSTEP =     9000   TIME(PS) =    2658.000  TEMP(K) =   299.89  PRESS =     0.0
 Etot   =    -34507.1708  EKtot   =      9174.9023  EPtot      =    -43682.0732
 BOND   =       353.9204  ANGLE   =      1074.6153  DIHED      =      1349.1362
 1-4 NB =       447.5123  1-4 EEL =      6269.5487  VDWAALS    =      4829.4550
 EELEC  =    -58018.3781  EHBOND  =         0.0000  RESTRAINT  =        12.1171
 EAMBER (non-restraint)  =    -43694.1903
 ------------------------------------------------------------------------------

wrapping first mol.:       20.29907       28.70721       49.72235
wrapping first mol.:       20.29907       28.70721       49.72235

 NSTEP =     9500   TIME(PS) =    2659.000  TEMP(K) =   301.18  PRESS =     0.0
 Etot   =    -34423.3261  EKtot   =      9214.0986  EPtot      =    -43637.4247
 BOND   =       380.1965  ANGLE   =      1080.8390  DIHED      =      1361.9233
 1-4 NB =       441.8029  1-4 EEL =      6266.8845  VDWAALS    =      4815.2104
 EELEC  =    -58000.0715  EHBOND  =         0.0000  RESTRAINT  =        15.7901
 EAMBER (non-restraint)  =    -43653.2148
 ------------------------------------------------------------------------------

wrapping first mol.:       20.29907       28.70721       49.72235
wrapping first mol.:       20.29907       28.70721       49.72235

 NSTEP =    10000   TIME(PS) =    2660.000  TEMP(K) =   300.00  PRESS =     0.0
 Etot   =    -34527.0926  EKtot   =      9178.2734  EPtot      =    -43705.3661
 BOND   =       355.1518  ANGLE   =      1066.6557  DIHED      =      1373.4912
 1-4 NB =       454.2792  1-4 EEL =      6261.2897  VDWAALS    =      4785.9959
 EELEC  =    -58017.2332  EHBOND  =         0.0000  RESTRAINT  =        15.0037
 EAMBER (non-restraint)  =    -43720.3698
 ------------------------------------------------------------------------------

wrapping first mol.:       20.29907       28.70721       49.72235
wrapping first mol.:       20.29907       28.70721       49.72235

 NSTEP =    10500   TIME(PS) =    2661.000  TEMP(K) =   305.20  PRESS =     0.0
 Etot   =    -34289.7696  EKtot   =      9337.2959  EPtot      =    -43627.0655
 BOND   =       365.2953  ANGLE   =      1056.0621  DIHED      =      1364.7311
 1-4 NB =       456.5148  1-4 EEL =      6248.0064  VDWAALS    =      4862.2131
 EELEC  =    -57992.9813  EHBOND  =         0.0000  RESTRAINT  =        13.0931
 EAMBER (non-restraint)  =    -43640.1586
 ------------------------------------------------------------------------------

wrapping first mol.:       20.29907       28.70721       49.72235
wrapping first mol.:       20.29907       28.70721       49.72235

 NSTEP =    11000   TIME(PS) =    2662.000  TEMP(K) =   299.51  PRESS =     0.0
 Etot   =    -34499.5518  EKtot   =      9163.2529  EPtot      =    -43662.8047
 BOND   =       368.9359  ANGLE   =      1045.0340  DIHED      =      1369.3662
 1-4 NB =       432.2376  1-4 EEL =      6278.2772  VDWAALS    =      4949.3612
 EELEC  =    -58117.3129  EHBOND  =         0.0000  RESTRAINT  =        11.2960
 EAMBER (non-restraint)  =    -43674.1007
 ------------------------------------------------------------------------------

wrapping first mol.:       20.29907       28.70721       49.72235
wrapping first mol.:       20.29907       28.70721       49.72235

 NSTEP =    11500   TIME(PS) =    2663.000  TEMP(K) =   300.74  PRESS =     0.0
 Etot   =    -34436.3827  EKtot   =      9200.7471  EPtot      =    -43637.1298
 BOND   =       359.8282  ANGLE   =      1054.4170  DIHED      =      1366.0673
 1-4 NB =       463.0159  1-4 EEL =      6268.5715  VDWAALS    =      4737.2293
 EELEC  =    -57900.0401  EHBOND  =         0.0000  RESTRAINT  =        13.7810
 EAMBER (non-restraint)  =    -43650.9108
 ------------------------------------------------------------------------------

wrapping first mol.:       20.29907       28.70721       49.72235
wrapping first mol.:       20.29907       28.70721       49.72235

 NSTEP =    12000   TIME(PS) =    2664.000  TEMP(K) =   296.52  PRESS =     0.0
 Etot   =    -34898.4796  EKtot   =      9071.6191  EPtot      =    -43970.0988
 BOND   =       338.1356  ANGLE   =      1026.3256  DIHED      =      1375.1923
 1-4 NB =       451.2525  1-4 EEL =      6289.1694  VDWAALS    =      4763.3077
 EELEC  =    -58228.0585  EHBOND  =         0.0000  RESTRAINT  =        14.5766
 EAMBER (non-restraint)  =    -43984.6754
 ------------------------------------------------------------------------------

wrapping first mol.:       20.29907       28.70721       49.72235
wrapping first mol.:       20.29907       28.70721       49.72235

 NSTEP =    12500   TIME(PS) =    2665.000  TEMP(K) =   299.71  PRESS =     0.0
 Etot   =    -34548.4076  EKtot   =      9169.3135  EPtot      =    -43717.7211
 BOND   =       344.7166  ANGLE   =      1083.1695  DIHED      =      1374.5221
 1-4 NB =       437.5795  1-4 EEL =      6231.8079  VDWAALS    =      4883.9382
 EELEC  =    -58086.8916  EHBOND  =         0.0000  RESTRAINT  =        13.4366
 EAMBER (non-restraint)  =    -43731.1577
 ------------------------------------------------------------------------------

wrapping first mol.:       20.29907       28.70721       49.72235
wrapping first mol.:       20.29907       28.70721       49.72235

 NSTEP =    13000   TIME(PS) =    2666.000  TEMP(K) =   302.11  PRESS =     0.0
 Etot   =    -34387.4069  EKtot   =      9242.6953  EPtot      =    -43630.1022
 BOND   =       339.0494  ANGLE   =      1043.5351  DIHED      =      1364.3132
 1-4 NB =       444.6552  1-4 EEL =      6285.4318  VDWAALS    =      4797.2724
 EELEC  =    -57916.3508  EHBOND  =         0.0000  RESTRAINT  =        11.9917
 EAMBER (non-restraint)  =    -43642.0939
 ------------------------------------------------------------------------------

wrapping first mol.:       20.29907       28.70721       49.72235
wrapping first mol.:       20.29907       28.70721       49.72235

 NSTEP =    13500   TIME(PS) =    2667.000  TEMP(K) =   301.09  PRESS =     0.0
 Etot   =    -34575.1517  EKtot   =      9211.4014  EPtot      =    -43786.5530
 BOND   =       379.7248  ANGLE   =      1096.4895  DIHED      =      1350.1091
 1-4 NB =       433.1445  1-4 EEL =      6223.8260  VDWAALS    =      4927.4012
 EELEC  =    -58209.3976  EHBOND  =         0.0000  RESTRAINT  =        12.1496
 EAMBER (non-restraint)  =    -43798.7026
 ------------------------------------------------------------------------------

wrapping first mol.:       20.29907       28.70721       49.72235
wrapping first mol.:       20.29907       28.70721       49.72235

 NSTEP =    14000   TIME(PS) =    2668.000  TEMP(K) =   300.56  PRESS =     0.0
 Etot   =    -34317.4442  EKtot   =      9195.1592  EPtot      =    -43512.6034
 BOND   =       361.9043  ANGLE   =      1100.4700  DIHED      =      1343.2989
 1-4 NB =       446.8981  1-4 EEL =      6259.0938  VDWAALS    =      4612.7865
 EELEC  =    -57651.1780  EHBOND  =         0.0000  RESTRAINT  =        14.1231
 EAMBER (non-restraint)  =    -43526.7265
 ------------------------------------------------------------------------------

wrapping first mol.:       20.29907       28.70721       49.72235
wrapping first mol.:       20.29907       28.70721       49.72235

 NSTEP =    14500   TIME(PS) =    2669.000  TEMP(K) =   299.16  PRESS =     0.0
 Etot   =    -34628.6535  EKtot   =      9152.3115  EPtot      =    -43780.9651
 BOND   =       353.7342  ANGLE   =      1083.1413  DIHED      =      1355.6969
 1-4 NB =       438.2819  1-4 EEL =      6232.3888  VDWAALS    =      4770.5870
 EELEC  =    -58027.5096  EHBOND  =         0.0000  RESTRAINT  =        12.7143
 EAMBER (non-restraint)  =    -43793.6793
 ------------------------------------------------------------------------------

wrapping first mol.:       20.29907       28.70721       49.72235
wrapping first mol.:       20.29907       28.70721       49.72235

 NSTEP =    15000   TIME(PS) =    2670.000  TEMP(K) =   298.17  PRESS =     0.0
 Etot   =    -34495.8727  EKtot   =      9122.0840  EPtot      =    -43617.9567
 BOND   =       383.0567  ANGLE   =      1038.6361  DIHED      =      1380.0707
 1-4 NB =       438.9929  1-4 EEL =      6263.8861  VDWAALS    =      4690.4121
 EELEC  =    -57824.8161  EHBOND  =         0.0000  RESTRAINT  =        11.8050
 EAMBER (non-restraint)  =    -43629.7617
 ------------------------------------------------------------------------------

wrapping first mol.:       20.29907       28.70721       49.72235
wrapping first mol.:       20.29907       28.70721       49.72235

 NSTEP =    15500   TIME(PS) =    2671.000  TEMP(K) =   299.30  PRESS =     0.0
 Etot   =    -34588.2687  EKtot   =      9156.8301  EPtot      =    -43745.0988
 BOND   =       371.9567  ANGLE   =      1060.9013  DIHED      =      1384.8469
 1-4 NB =       439.6337  1-4 EEL =      6207.5396  VDWAALS    =      4786.7807
 EELEC  =    -58008.9413  EHBOND  =         0.0000  RESTRAINT  =        12.1837
 EAMBER (non-restraint)  =    -43757.2824
 ------------------------------------------------------------------------------

wrapping first mol.:       20.29907       28.70721       49.72235
wrapping first mol.:       20.29907       28.70721       49.72235

 NSTEP =    16000   TIME(PS) =    2672.000  TEMP(K) =   300.17  PRESS =     0.0
 Etot   =    -34359.9873  EKtot   =      9183.3428  EPtot      =    -43543.3301
 BOND   =       358.0443  ANGLE   =      1069.9366  DIHED      =      1350.6790
 1-4 NB =       451.8244  1-4 EEL =      6246.1087  VDWAALS    =      4744.9814
 EELEC  =    -57780.2465  EHBOND  =         0.0000  RESTRAINT  =        15.3419
 EAMBER (non-restraint)  =    -43558.6720
 ------------------------------------------------------------------------------

wrapping first mol.:       20.29907       28.70721       49.72235
wrapping first mol.:       20.29907       28.70721       49.72235

 NSTEP =    16500   TIME(PS) =    2673.000  TEMP(K) =   306.42  PRESS =     0.0
 Etot   =    -34372.7944  EKtot   =      9374.5732  EPtot      =    -43747.3677
 BOND   =       330.8568  ANGLE   =      1063.9640  DIHED      =      1364.8670
 1-4 NB =       462.6991  1-4 EEL =      6263.4235  VDWAALS    =      4743.8705
 EELEC  =    -57990.6495  EHBOND  =         0.0000  RESTRAINT  =        13.6010
 EAMBER (non-restraint)  =    -43760.9687
 ------------------------------------------------------------------------------

wrapping first mol.:       20.29907       28.70721       49.72235
wrapping first mol.:       20.29907       28.70721       49.72235

 NSTEP =    17000   TIME(PS) =    2674.000  TEMP(K) =   300.01  PRESS =     0.0
 Etot   =    -34529.9836  EKtot   =      9178.3164  EPtot      =    -43708.3000
 BOND   =       350.8120  ANGLE   =      1067.2412  DIHED      =      1371.0562
 1-4 NB =       448.6679  1-4 EEL =      6305.3102  VDWAALS    =      4690.6596
 EELEC  =    -57953.3332  EHBOND  =         0.0000  RESTRAINT  =        11.2861
 EAMBER (non-restraint)  =    -43719.5861
 ------------------------------------------------------------------------------

wrapping first mol.:       20.29907       28.70721       49.72235
wrapping first mol.:       20.29907       28.70721       49.72235

 NSTEP =    17500   TIME(PS) =    2675.000  TEMP(K) =   302.24  PRESS =     0.0
 Etot   =    -34394.9521  EKtot   =      9246.5273  EPtot      =    -43641.4795
 BOND   =       355.2567  ANGLE   =      1042.9157  DIHED      =      1358.3748
 1-4 NB =       460.5513  1-4 EEL =      6325.1553  VDWAALS    =      4665.9303
 EELEC  =    -57858.3124  EHBOND  =         0.0000  RESTRAINT  =         8.6488
 EAMBER (non-restraint)  =    -43650.1283
 ------------------------------------------------------------------------------

wrapping first mol.:       20.29907       28.70721       49.72235
wrapping first mol.:       20.29907       28.70721       49.72235

 NSTEP =    18000   TIME(PS) =    2676.000  TEMP(K) =   294.63  PRESS =     0.0
 Etot   =    -34694.3842  EKtot   =      9013.8105  EPtot      =    -43708.1948
 BOND   =       373.6743  ANGLE   =      1033.5407  DIHED      =      1372.6974
 1-4 NB =       452.2234  1-4 EEL =      6296.9042  VDWAALS    =      4884.2820
 EELEC  =    -58132.5863  EHBOND  =         0.0000  RESTRAINT  =        11.0696
 EAMBER (non-restraint)  =    -43719.2643
 ------------------------------------------------------------------------------

wrapping first mol.:       20.29907       28.70721       49.72235
wrapping first mol.:       20.29907       28.70721       49.72235

 NSTEP =    18500   TIME(PS) =    2677.000  TEMP(K) =   296.75  PRESS =     0.0
 Etot   =    -34765.8265  EKtot   =      9078.6211  EPtot      =    -43844.4476
 BOND   =       369.5123  ANGLE   =      1071.2179  DIHED      =      1370.4459
 1-4 NB =       436.1220  1-4 EEL =      6258.6970  VDWAALS    =      4812.4569
 EELEC  =    -58174.8174  EHBOND  =         0.0000  RESTRAINT  =        11.9180
 EAMBER (non-restraint)  =    -43856.3656
 ------------------------------------------------------------------------------

wrapping first mol.:       20.29907       28.70721       49.72235
wrapping first mol.:       20.29907       28.70721       49.72235

 NSTEP =    19000   TIME(PS) =    2678.000  TEMP(K) =   298.81  PRESS =     0.0
 Etot   =    -34482.9330  EKtot   =      9141.8340  EPtot      =    -43624.7670
 BOND   =       377.0540  ANGLE   =      1069.3356  DIHED      =      1372.3507
 1-4 NB =       430.5445  1-4 EEL =      6307.0317  VDWAALS    =      4734.1496
 EELEC  =    -57929.0207  EHBOND  =         0.0000  RESTRAINT  =        13.7875
 EAMBER (non-restraint)  =    -43638.5546
 ------------------------------------------------------------------------------

wrapping first mol.:       20.29907       28.70721       49.72235
wrapping first mol.:       20.29907       28.70721       49.72235

 NSTEP =    19500   TIME(PS) =    2679.000  TEMP(K) =   303.06  PRESS =     0.0
 Etot   =    -34478.9703  EKtot   =      9271.8623  EPtot      =    -43750.8326
 BOND   =       369.6281  ANGLE   =      1105.5023  DIHED      =      1386.8619
 1-4 NB =       445.5008  1-4 EEL =      6279.2990  VDWAALS    =      4757.4759
 EELEC  =    -58107.2614  EHBOND  =         0.0000  RESTRAINT  =        12.1609
 EAMBER (non-restraint)  =    -43762.9935
 ------------------------------------------------------------------------------

wrapping first mol.:       20.29907       28.70721       49.72235
wrapping first mol.:       20.29907       28.70721       49.72235

 NSTEP =    20000   TIME(PS) =    2680.000  TEMP(K) =   296.87  PRESS =     0.0
 Etot   =    -34675.7987  EKtot   =      9082.4385  EPtot      =    -43758.2371
 BOND   =       351.1355  ANGLE   =      1078.2600  DIHED      =      1351.8479
 1-4 NB =       454.3697  1-4 EEL =      6287.7192  VDWAALS    =      4980.8555
 EELEC  =    -58277.2824  EHBOND  =         0.0000  RESTRAINT  =        14.8575
 EAMBER (non-restraint)  =    -43773.0947
 ------------------------------------------------------------------------------

wrapping first mol.:       20.29907       28.70721       49.72235
wrapping first mol.:       20.29907       28.70721       49.72235

 NSTEP =    20500   TIME(PS) =    2681.000  TEMP(K) =   301.21  PRESS =     0.0
 Etot   =    -34625.2826  EKtot   =      9215.0635  EPtot      =    -43840.3461
 BOND   =       363.8791  ANGLE   =      1042.1815  DIHED      =      1346.7559
 1-4 NB =       464.7623  1-4 EEL =      6307.0015  VDWAALS    =      4860.8453
 EELEC  =    -58238.5864  EHBOND  =         0.0000  RESTRAINT  =        12.8147
 EAMBER (non-restraint)  =    -43853.1608
 ------------------------------------------------------------------------------

wrapping first mol.:       20.29907       28.70721       49.72235
wrapping first mol.:       20.29907       28.70721       49.72235

 NSTEP =    21000   TIME(PS) =    2682.000  TEMP(K) =   299.78  PRESS =     0.0
 Etot   =    -34612.4859  EKtot   =      9171.3291  EPtot      =    -43783.8150
 BOND   =       354.3494  ANGLE   =      1073.0467  DIHED      =      1368.7655
 1-4 NB =       448.0967  1-4 EEL =      6267.6175  VDWAALS    =      4675.8840
 EELEC  =    -57984.1589  EHBOND  =         0.0000  RESTRAINT  =        12.5841
 EAMBER (non-restraint)  =    -43796.3991
 ------------------------------------------------------------------------------

wrapping first mol.:       20.29907       28.70721       49.72235
wrapping first mol.:       20.29907       28.70721       49.72235

 NSTEP =    21500   TIME(PS) =    2683.000  TEMP(K) =   297.52  PRESS =     0.0
 Etot   =    -34667.2454  EKtot   =      9102.3193  EPtot      =    -43769.5647
 BOND   =       355.1050  ANGLE   =      1036.6699  DIHED      =      1367.4153
 1-4 NB =       451.2805  1-4 EEL =      6274.5789  VDWAALS    =      4664.4648
 EELEC  =    -57931.2923  EHBOND  =         0.0000  RESTRAINT  =        12.2131
 EAMBER (non-restraint)  =    -43781.7778
 ------------------------------------------------------------------------------

wrapping first mol.:       20.29907       28.70721       49.72235
wrapping first mol.:       20.29907       28.70721       49.72235

 NSTEP =    22000   TIME(PS) =    2684.000  TEMP(K) =   301.98  PRESS =     0.0
 Etot   =    -34487.5571  EKtot   =      9238.7822  EPtot      =    -43726.3393
 BOND   =       360.7436  ANGLE   =      1029.0210  DIHED      =      1365.9528
 1-4 NB =       439.5213  1-4 EEL =      6275.9779  VDWAALS    =      4677.8525
 EELEC  =    -57889.2406  EHBOND  =         0.0000  RESTRAINT  =        13.8321
 EAMBER (non-restraint)  =    -43740.1715
 ------------------------------------------------------------------------------

wrapping first mol.:       20.29907       28.70721       49.72235
wrapping first mol.:       20.29907       28.70721       49.72235

 NSTEP =    22500   TIME(PS) =    2685.000  TEMP(K) =   300.12  PRESS =     0.0
 Etot   =    -34665.6126  EKtot   =      9181.7402  EPtot      =    -43847.3528
 BOND   =       372.2937  ANGLE   =      1042.5568  DIHED      =      1349.0048
 1-4 NB =       451.2008  1-4 EEL =      6291.8009  VDWAALS    =      4754.9664
 EELEC  =    -58125.0008  EHBOND  =         0.0000  RESTRAINT  =        15.8244
 EAMBER (non-restraint)  =    -43863.1772
 ------------------------------------------------------------------------------

wrapping first mol.:       20.29907       28.70721       49.72235
wrapping first mol.:       20.29907       28.70721       49.72235

 NSTEP =    23000   TIME(PS) =    2686.000  TEMP(K) =   298.16  PRESS =     0.0
 Etot   =    -34402.0841  EKtot   =      9121.7041  EPtot      =    -43523.7882
 BOND   =       355.4518  ANGLE   =      1101.6524  DIHED      =      1356.4084
 1-4 NB =       440.0870  1-4 EEL =      6319.0301  VDWAALS    =      4792.8100
 EELEC  =    -57903.8284  EHBOND  =         0.0000  RESTRAINT  =        14.6005
 EAMBER (non-restraint)  =    -43538.3888
 ------------------------------------------------------------------------------

wrapping first mol.:       20.29907       28.70721       49.72235
wrapping first mol.:       20.29907       28.70721       49.72235

 NSTEP =    23500   TIME(PS) =    2687.000  TEMP(K) =   301.50  PRESS =     0.0
 Etot   =    -34267.7164  EKtot   =      9224.0732  EPtot      =    -43491.7897
 BOND   =       348.3998  ANGLE   =      1073.8598  DIHED      =      1394.5360
 1-4 NB =       453.7468  1-4 EEL =      6331.7882  VDWAALS    =      4695.8352
 EELEC  =    -57804.4733  EHBOND  =         0.0000  RESTRAINT  =        14.5178
 EAMBER (non-restraint)  =    -43506.3075
 ------------------------------------------------------------------------------

wrapping first mol.:       20.29907       28.70721       49.72235
wrapping first mol.:       20.29907       28.70721       49.72235

 NSTEP =    24000   TIME(PS) =    2688.000  TEMP(K) =   300.39  PRESS =     0.0
 Etot   =    -34430.0510  EKtot   =      9189.9678  EPtot      =    -43620.0187
 BOND   =       362.1467  ANGLE   =      1083.8499  DIHED      =      1386.3310
 1-4 NB =       434.5983  1-4 EEL =      6243.0744  VDWAALS    =      4851.4171
 EELEC  =    -57997.8858  EHBOND  =         0.0000  RESTRAINT  =        16.4497
 EAMBER (non-restraint)  =    -43636.4685
 ------------------------------------------------------------------------------

wrapping first mol.:       20.29907       28.70721       49.72235
wrapping first mol.:       20.29907       28.70721       49.72235

 NSTEP =    24500   TIME(PS) =    2689.000  TEMP(K) =   303.05  PRESS =     0.0
 Etot   =    -34360.3882  EKtot   =      9271.5488  EPtot      =    -43631.9370
 BOND   =       341.3314  ANGLE   =      1062.7127  DIHED      =      1371.8892
 1-4 NB =       447.6721  1-4 EEL =      6300.7387  VDWAALS    =      4662.9625
 EELEC  =    -57832.7058  EHBOND  =         0.0000  RESTRAINT  =        13.4622
 EAMBER (non-restraint)  =    -43645.3991
 ------------------------------------------------------------------------------

wrapping first mol.:       20.29907       28.70721       49.72235
wrapping first mol.:       20.29907       28.70721       49.72235

 NSTEP =    25000   TIME(PS) =    2690.000  TEMP(K) =   300.14  PRESS =     0.0
 Etot   =    -34542.0497  EKtot   =      9182.4287  EPtot      =    -43724.4784
 BOND   =       332.7023  ANGLE   =      1053.9775  DIHED      =      1379.0776
 1-4 NB =       443.5080  1-4 EEL =      6287.1972  VDWAALS    =      5025.8000
 EELEC  =    -58261.4950  EHBOND  =         0.0000  RESTRAINT  =        14.7541
 EAMBER (non-restraint)  =    -43739.2325
 ------------------------------------------------------------------------------

wrapping first mol.:       20.29907       28.70721       49.72235
wrapping first mol.:       20.29907       28.70721       49.72235

 NSTEP =    25500   TIME(PS) =    2691.000  TEMP(K) =   296.09  PRESS =     0.0
 Etot   =    -34606.7722  EKtot   =      9058.5557  EPtot      =    -43665.3279
 BOND   =       322.6487  ANGLE   =      1071.6175  DIHED      =      1354.3235
 1-4 NB =       441.7018  1-4 EEL =      6307.3807  VDWAALS    =      4739.2899
 EELEC  =    -57916.6075  EHBOND  =         0.0000  RESTRAINT  =        14.3176
 EAMBER (non-restraint)  =    -43679.6454
 ------------------------------------------------------------------------------

wrapping first mol.:       20.29907       28.70721       49.72235
wrapping first mol.:       20.29907       28.70721       49.72235

 NSTEP =    26000   TIME(PS) =    2692.000  TEMP(K) =   296.37  PRESS =     0.0
 Etot   =    -34513.2070  EKtot   =      9067.0850  EPtot      =    -43580.2920
 BOND   =       342.9386  ANGLE   =      1069.5447  DIHED      =      1352.5103
 1-4 NB =       449.8738  1-4 EEL =      6298.7382  VDWAALS    =      4654.2908
 EELEC  =    -57760.8762  EHBOND  =         0.0000  RESTRAINT  =        12.6880
 EAMBER (non-restraint)  =    -43592.9799
 ------------------------------------------------------------------------------

wrapping first mol.:       20.29907       28.70721       49.72235
wrapping first mol.:       20.29907       28.70721       49.72235

 NSTEP =    26500   TIME(PS) =    2693.000  TEMP(K) =   302.01  PRESS =     0.0
 Etot   =    -34638.8920  EKtot   =      9239.6201  EPtot      =    -43878.5122
 BOND   =       357.3734  ANGLE   =      1045.5524  DIHED      =      1380.3571
 1-4 NB =       449.0491  1-4 EEL =      6283.3033  VDWAALS    =      4863.9027
 EELEC  =    -58272.1825  EHBOND  =         0.0000  RESTRAINT  =        14.1323
 EAMBER (non-restraint)  =    -43892.6445
 ------------------------------------------------------------------------------

wrapping first mol.:       20.29907       28.70721       49.72235
wrapping first mol.:       20.29907       28.70721       49.72235

 NSTEP =    27000   TIME(PS) =    2694.000  TEMP(K) =   297.71  PRESS =     0.0
 Etot   =    -34417.3611  EKtot   =      9107.9658  EPtot      =    -43525.3269
 BOND   =       366.6493  ANGLE   =      1080.1108  DIHED      =      1364.2898
 1-4 NB =       445.7778  1-4 EEL =      6319.1949  VDWAALS    =      4720.7602
 EELEC  =    -57836.5699  EHBOND  =         0.0000  RESTRAINT  =        14.4601
 EAMBER (non-restraint)  =    -43539.7870
 ------------------------------------------------------------------------------

wrapping first mol.:       20.29907       28.70721       49.72235
wrapping first mol.:       20.29907       28.70721       49.72235

 NSTEP =    27500   TIME(PS) =    2695.000  TEMP(K) =   297.96  PRESS =     0.0
 Etot   =    -34605.8262  EKtot   =      9115.7031  EPtot      =    -43721.5293
 BOND   =       357.0686  ANGLE   =      1045.1418  DIHED      =      1355.7797
 1-4 NB =       433.9095  1-4 EEL =      6283.8400  VDWAALS    =      4860.3717
 EELEC  =    -58075.1593  EHBOND  =         0.0000  RESTRAINT  =        17.5186
 EAMBER (non-restraint)  =    -43739.0479
 ------------------------------------------------------------------------------

wrapping first mol.:       20.29907       28.70721       49.72235
wrapping first mol.:       20.29907       28.70721       49.72235

 NSTEP =    28000   TIME(PS) =    2696.000  TEMP(K) =   297.89  PRESS =     0.0
 Etot   =    -34486.3682  EKtot   =      9113.6875  EPtot      =    -43600.0557
 BOND   =       349.3499  ANGLE   =      1062.0016  DIHED      =      1372.7481
 1-4 NB =       442.3552  1-4 EEL =      6281.2499  VDWAALS    =      4755.6598
 EELEC  =    -57883.4048  EHBOND  =         0.0000  RESTRAINT  =        19.9846
 EAMBER (non-restraint)  =    -43620.0402
 ------------------------------------------------------------------------------

wrapping first mol.:       20.29907       28.70721       49.72235
wrapping first mol.:       20.29907       28.70721       49.72235

 NSTEP =    28500   TIME(PS) =    2697.000  TEMP(K) =   304.76  PRESS =     0.0
 Etot   =    -34317.2061  EKtot   =      9323.7275  EPtot      =    -43640.9336
 BOND   =       357.4644  ANGLE   =      1137.8279  DIHED      =      1382.0009
 1-4 NB =       449.5951  1-4 EEL =      6252.3315  VDWAALS    =      4727.0666
 EELEC  =    -57965.1542  EHBOND  =         0.0000  RESTRAINT  =        17.9342
 EAMBER (non-restraint)  =    -43658.8679
 ------------------------------------------------------------------------------

wrapping first mol.:       20.29907       28.70721       49.72235
wrapping first mol.:       20.29907       28.70721       49.72235

 NSTEP =    29000   TIME(PS) =    2698.000  TEMP(K) =   297.17  PRESS =     0.0
 Etot   =    -34632.0046  EKtot   =      9091.6621  EPtot      =    -43723.6667
 BOND   =       373.1181  ANGLE   =      1093.1208  DIHED      =      1369.1629
 1-4 NB =       432.3138  1-4 EEL =      6278.9111  VDWAALS    =      4854.8989
 EELEC  =    -58141.7504  EHBOND  =         0.0000  RESTRAINT  =        16.5581
 EAMBER (non-restraint)  =    -43740.2248
 ------------------------------------------------------------------------------

wrapping first mol.:       20.29907       28.70721       49.72235
wrapping first mol.:       20.29907       28.70721       49.72235

 NSTEP =    29500   TIME(PS) =    2699.000  TEMP(K) =   299.42  PRESS =     0.0
 Etot   =    -34453.1304  EKtot   =      9160.4746  EPtot      =    -43613.6050
 BOND   =       332.3063  ANGLE   =      1030.8537  DIHED      =      1359.8121
 1-4 NB =       453.7848  1-4 EEL =      6269.7750  VDWAALS    =      4845.0450
 EELEC  =    -57922.3071  EHBOND  =         0.0000  RESTRAINT  =        17.1253
 EAMBER (non-restraint)  =    -43630.7303
 ------------------------------------------------------------------------------

wrapping first mol.:       20.29907       28.70721       49.72235
wrapping first mol.:       20.29907       28.70721       49.72235

 NSTEP =    30000   TIME(PS) =    2700.000  TEMP(K) =   297.22  PRESS =     0.0
 Etot   =    -34589.6728  EKtot   =      9092.9873  EPtot      =    -43682.6601
 BOND   =       358.1815  ANGLE   =      1095.1966  DIHED      =      1379.4666
 1-4 NB =       453.2137  1-4 EEL =      6258.2402  VDWAALS    =      4797.6231
 EELEC  =    -58037.3385  EHBOND  =         0.0000  RESTRAINT  =        12.7567
 EAMBER (non-restraint)  =    -43695.4167
 ------------------------------------------------------------------------------

wrapping first mol.:       20.29907       28.70721       49.72235
wrapping first mol.:       20.29907       28.70721       49.72235

 NSTEP =    30500   TIME(PS) =    2701.000  TEMP(K) =   301.43  PRESS =     0.0
 Etot   =    -34590.6930  EKtot   =      9221.9746  EPtot      =    -43812.6676
 BOND   =       378.2963  ANGLE   =      1065.7419  DIHED      =      1371.3751
 1-4 NB =       443.8086  1-4 EEL =      6290.4081  VDWAALS    =      4715.7353
 EELEC  =    -58088.8426  EHBOND  =         0.0000  RESTRAINT  =        10.8097
 EAMBER (non-restraint)  =    -43823.4773
 ------------------------------------------------------------------------------

wrapping first mol.:       20.29907       28.70721       49.72235
wrapping first mol.:       20.29907       28.70721       49.72235

 NSTEP =    31000   TIME(PS) =    2702.000  TEMP(K) =   297.95  PRESS =     0.0
 Etot   =    -34677.9161  EKtot   =      9115.3037  EPtot      =    -43793.2198
 BOND   =       364.5934  ANGLE   =      1071.6980  DIHED      =      1377.6939
 1-4 NB =       463.2832  1-4 EEL =      6282.4975  VDWAALS    =      4771.8146
 EELEC  =    -58137.7872  EHBOND  =         0.0000  RESTRAINT  =        12.9867
 EAMBER (non-restraint)  =    -43806.2066
 ------------------------------------------------------------------------------

wrapping first mol.:       20.29907       28.70721       49.72235
wrapping first mol.:       20.29907       28.70721       49.72235

 NSTEP =    31500   TIME(PS) =    2703.000  TEMP(K) =   299.70  PRESS =     0.0
 Etot   =    -34593.8782  EKtot   =      9168.8770  EPtot      =    -43762.7551
 BOND   =       349.4952  ANGLE   =      1065.0838  DIHED      =      1363.3377
 1-4 NB =       459.6028  1-4 EEL =      6275.2844  VDWAALS    =      4821.2028
 EELEC  =    -58112.8783  EHBOND  =         0.0000  RESTRAINT  =        16.1166
 EAMBER (non-restraint)  =    -43778.8717
 ------------------------------------------------------------------------------

wrapping first mol.:       20.29907       28.70721       49.72235
wrapping first mol.:       20.29907       28.70721       49.72235

 NSTEP =    32000   TIME(PS) =    2704.000  TEMP(K) =   299.67  PRESS =     0.0
 Etot   =    -34544.5170  EKtot   =      9167.9512  EPtot      =    -43712.4682
 BOND   =       331.1823  ANGLE   =      1086.6612  DIHED      =      1370.3661
 1-4 NB =       448.2085  1-4 EEL =      6270.3048  VDWAALS    =      4791.3979
 EELEC  =    -58025.0057  EHBOND  =         0.0000  RESTRAINT  =        14.4166
 EAMBER (non-restraint)  =    -43726.8848
 ------------------------------------------------------------------------------

wrapping first mol.:       20.29907       28.70721       49.72235
wrapping first mol.:       20.29907       28.70721       49.72235

 NSTEP =    32500   TIME(PS) =    2705.000  TEMP(K) =   298.80  PRESS =     0.0
 Etot   =    -34360.3572  EKtot   =      9141.3438  EPtot      =    -43501.7009
 BOND   =       381.5048  ANGLE   =      1095.4716  DIHED      =      1367.0546
 1-4 NB =       434.0087  1-4 EEL =      6264.8662  VDWAALS    =      4544.1185
 EELEC  =    -57604.0432  EHBOND  =         0.0000  RESTRAINT  =        15.3179
 EAMBER (non-restraint)  =    -43517.0188
 ------------------------------------------------------------------------------

wrapping first mol.:       20.29907       28.70721       49.72235
wrapping first mol.:       20.29907       28.70721       49.72235

 NSTEP =    33000   TIME(PS) =    2706.000  TEMP(K) =   305.45  PRESS =     0.0
 Etot   =    -34322.2000  EKtot   =      9344.9355  EPtot      =    -43667.1355
 BOND   =       360.7667  ANGLE   =      1074.3701  DIHED      =      1346.0095
 1-4 NB =       455.0563  1-4 EEL =      6293.3481  VDWAALS    =      4565.8559
 EELEC  =    -57775.3564  EHBOND  =         0.0000  RESTRAINT  =        12.8143
 EAMBER (non-restraint)  =    -43679.9498
 ------------------------------------------------------------------------------

wrapping first mol.:       20.29907       28.70721       49.72235
wrapping first mol.:       20.29907       28.70721       49.72235

 NSTEP =    33500   TIME(PS) =    2707.000  TEMP(K) =   298.83  PRESS =     0.0
 Etot   =    -34555.1002  EKtot   =      9142.2021  EPtot      =    -43697.3023
 BOND   =       361.7190  ANGLE   =      1063.8639  DIHED      =      1371.8118
 1-4 NB =       446.3014  1-4 EEL =      6271.4150  VDWAALS    =      4656.4168
 EELEC  =    -57880.6642  EHBOND  =         0.0000  RESTRAINT  =        11.8339
 EAMBER (non-restraint)  =    -43709.1363
 ------------------------------------------------------------------------------

wrapping first mol.:       20.29907       28.70721       49.72235
wrapping first mol.:       20.29907       28.70721       49.72235

 NSTEP =    34000   TIME(PS) =    2708.000  TEMP(K) =   298.30  PRESS =     0.0
 Etot   =    -34615.2369  EKtot   =      9126.2490  EPtot      =    -43741.4860
 BOND   =       346.9254  ANGLE   =      1023.9813  DIHED      =      1372.2875
 1-4 NB =       450.2666  1-4 EEL =      6246.2120  VDWAALS    =      4903.5704
 EELEC  =    -58098.5838  EHBOND  =         0.0000  RESTRAINT  =        13.8547
 EAMBER (non-restraint)  =    -43755.3407
 ------------------------------------------------------------------------------

wrapping first mol.:       20.29907       28.70721       49.72235
wrapping first mol.:       20.29907       28.70721       49.72235

 NSTEP =    34500   TIME(PS) =    2709.000  TEMP(K) =   296.36  PRESS =     0.0
 Etot   =    -34717.8205  EKtot   =      9066.7725  EPtot      =    -43784.5929
 BOND   =       351.7703  ANGLE   =      1059.5562  DIHED      =      1361.7840
 1-4 NB =       435.7496  1-4 EEL =      6265.6823  VDWAALS    =      4853.4317
 EELEC  =    -58126.2299  EHBOND  =         0.0000  RESTRAINT  =        13.6628
 EAMBER (non-restraint)  =    -43798.2557
 ------------------------------------------------------------------------------

wrapping first mol.:       20.29907       28.70721       49.72235
wrapping first mol.:       20.29907       28.70721       49.72235

 NSTEP =    35000   TIME(PS) =    2710.000  TEMP(K) =   299.03  PRESS =     0.0
 Etot   =    -34506.8676  EKtot   =      9148.3672  EPtot      =    -43655.2348
 BOND   =       327.3534  ANGLE   =      1062.9978  DIHED      =      1352.7676
 1-4 NB =       453.3432  1-4 EEL =      6291.2208  VDWAALS    =      4768.1758
 EELEC  =    -57923.9697  EHBOND  =         0.0000  RESTRAINT  =        12.8763
 EAMBER (non-restraint)  =    -43668.1111
 ------------------------------------------------------------------------------

wrapping first mol.:       20.29907       28.70721       49.72235
wrapping first mol.:       20.29907       28.70721       49.72235

 NSTEP =    35500   TIME(PS) =    2711.000  TEMP(K) =   295.85  PRESS =     0.0
 Etot   =    -34800.4070  EKtot   =      9051.3281  EPtot      =    -43851.7351
 BOND   =       341.9353  ANGLE   =      1028.1689  DIHED      =      1374.5994
 1-4 NB =       438.5369  1-4 EEL =      6266.6775  VDWAALS    =      4736.4701
 EELEC  =    -58051.4657  EHBOND  =         0.0000  RESTRAINT  =        13.3425
 EAMBER (non-restraint)  =    -43865.0776
 ------------------------------------------------------------------------------

wrapping first mol.:       20.29907       28.70721       49.72235
wrapping first mol.:       20.29907       28.70721       49.72235

 NSTEP =    36000   TIME(PS) =    2712.000  TEMP(K) =   301.19  PRESS =     0.0
 Etot   =    -34480.3432  EKtot   =      9214.4365  EPtot      =    -43694.7797
 BOND   =       341.3841  ANGLE   =      1031.1869  DIHED      =      1356.9680
 1-4 NB =       458.0996  1-4 EEL =      6330.3461  VDWAALS    =      4861.8289
 EELEC  =    -58088.2165  EHBOND  =         0.0000  RESTRAINT  =        13.6232
 EAMBER (non-restraint)  =    -43708.4029
 ------------------------------------------------------------------------------

wrapping first mol.:       20.29907       28.70721       49.72235
wrapping first mol.:       20.29907       28.70721       49.72235

 NSTEP =    36500   TIME(PS) =    2713.000  TEMP(K) =   297.20  PRESS =     0.0
 Etot   =    -34659.5747  EKtot   =      9092.5596  EPtot      =    -43752.1343
 BOND   =       331.2432  ANGLE   =      1090.1469  DIHED      =      1357.7602
 1-4 NB =       454.4958  1-4 EEL =      6282.9386  VDWAALS    =      4814.2839
 EELEC  =    -58097.1349  EHBOND  =         0.0000  RESTRAINT  =        14.1321
 EAMBER (non-restraint)  =    -43766.2664
 ------------------------------------------------------------------------------

wrapping first mol.:       20.29907       28.70721       49.72235
wrapping first mol.:       20.29907       28.70721       49.72235

 NSTEP =    37000   TIME(PS) =    2714.000  TEMP(K) =   300.62  PRESS =     0.0
 Etot   =    -34407.8624  EKtot   =      9197.0303  EPtot      =    -43604.8927
 BOND   =       349.9529  ANGLE   =      1090.9983  DIHED      =      1361.1483
 1-4 NB =       458.4642  1-4 EEL =      6294.7652  VDWAALS    =      4632.6780
 EELEC  =    -57811.3853  EHBOND  =         0.0000  RESTRAINT  =        18.4857
 EAMBER (non-restraint)  =    -43623.3784
 ------------------------------------------------------------------------------

wrapping first mol.:       20.29907       28.70721       49.72235
wrapping first mol.:       20.29907       28.70721       49.72235

 NSTEP =    37500   TIME(PS) =    2715.000  TEMP(K) =   298.88  PRESS =     0.0
 Etot   =    -34424.9124  EKtot   =      9143.7686  EPtot      =    -43568.6809
 BOND   =       347.4284  ANGLE   =      1101.0678  DIHED      =      1339.0670
 1-4 NB =       426.0395  1-4 EEL =      6218.8661  VDWAALS    =      4831.2464
 EELEC  =    -57853.4422  EHBOND  =         0.0000  RESTRAINT  =        21.0461
 EAMBER (non-restraint)  =    -43589.7270
 ------------------------------------------------------------------------------

wrapping first mol.:       20.29907       28.70721       49.72235
wrapping first mol.:       20.29907       28.70721       49.72235

 NSTEP =    38000   TIME(PS) =    2716.000  TEMP(K) =   305.38  PRESS =     0.0
 Etot   =    -34175.6739  EKtot   =      9342.8516  EPtot      =    -43518.5254
 BOND   =       373.9394  ANGLE   =      1030.7870  DIHED      =      1350.6948
 1-4 NB =       444.3502  1-4 EEL =      6252.6958  VDWAALS    =      4790.7587
 EELEC  =    -57781.1858  EHBOND  =         0.0000  RESTRAINT  =        19.4343
 EAMBER (non-restraint)  =    -43537.9598
 ------------------------------------------------------------------------------

wrapping first mol.:       20.29907       28.70721       49.72235
wrapping first mol.:       20.29907       28.70721       49.72235

 NSTEP =    38500   TIME(PS) =    2717.000  TEMP(K) =   300.32  PRESS =     0.0
 Etot   =    -34335.1157  EKtot   =      9187.8574  EPtot      =    -43522.9731
 BOND   =       325.2000  ANGLE   =      1082.2948  DIHED      =      1381.0070
 1-4 NB =       464.3744  1-4 EEL =      6291.1388  VDWAALS    =      4730.3824
 EELEC  =    -57812.8723  EHBOND  =         0.0000  RESTRAINT  =        15.5018
 EAMBER (non-restraint)  =    -43538.4749
 ------------------------------------------------------------------------------

wrapping first mol.:       20.29907       28.70721       49.72235
wrapping first mol.:       20.29907       28.70721       49.72235

 NSTEP =    39000   TIME(PS) =    2718.000  TEMP(K) =   295.60  PRESS =     0.0
 Etot   =    -34475.0190  EKtot   =      9043.5176  EPtot      =    -43518.5366
 BOND   =       356.4798  ANGLE   =      1119.1714  DIHED      =      1372.6304
 1-4 NB =       459.4116  1-4 EEL =      6306.3956  VDWAALS    =      4645.9407
 EELEC  =    -57794.3073  EHBOND  =         0.0000  RESTRAINT  =        15.7412
 EAMBER (non-restraint)  =    -43534.2778
 ------------------------------------------------------------------------------

wrapping first mol.:       20.29907       28.70721       49.72235
wrapping first mol.:       20.29907       28.70721       49.72235

 NSTEP =    39500   TIME(PS) =    2719.000  TEMP(K) =   297.50  PRESS =     0.0
 Etot   =    -34554.2315  EKtot   =      9101.5234  EPtot      =    -43655.7550
 BOND   =       357.1107  ANGLE   =      1037.9823  DIHED      =      1351.8745
 1-4 NB =       447.9031  1-4 EEL =      6292.4328  VDWAALS    =      4731.4430
 EELEC  =    -57889.4503  EHBOND  =         0.0000  RESTRAINT  =        14.9489
 EAMBER (non-restraint)  =    -43670.7038
 ------------------------------------------------------------------------------

wrapping first mol.:       20.29907       28.70721       49.72235
wrapping first mol.:       20.29907       28.70721       49.72235

 NSTEP =    40000   TIME(PS) =    2720.000  TEMP(K) =   300.47  PRESS =     0.0
 Etot   =    -34410.9018  EKtot   =      9192.3799  EPtot      =    -43603.2817
 BOND   =       306.5717  ANGLE   =      1061.7951  DIHED      =      1369.8019
 1-4 NB =       445.7767  1-4 EEL =      6302.9275  VDWAALS    =      4716.7987
 EELEC  =    -57821.5918  EHBOND  =         0.0000  RESTRAINT  =        14.6385
 EAMBER (non-restraint)  =    -43617.9203
 ------------------------------------------------------------------------------

wrapping first mol.:       20.29907       28.70721       49.72235
wrapping first mol.:       20.29907       28.70721       49.72235

 NSTEP =    40500   TIME(PS) =    2721.000  TEMP(K) =   301.51  PRESS =     0.0
 Etot   =    -34553.4731  EKtot   =      9224.3672  EPtot      =    -43777.8403
 BOND   =       325.5239  ANGLE   =      1086.1412  DIHED      =      1360.1104
 1-4 NB =       457.8450  1-4 EEL =      6261.1549  VDWAALS    =      4764.7441
 EELEC  =    -58045.1662  EHBOND  =         0.0000  RESTRAINT  =        11.8064
 EAMBER (non-restraint)  =    -43789.6466
 ------------------------------------------------------------------------------

wrapping first mol.:       20.29907       28.70721       49.72235
wrapping first mol.:       20.29907       28.70721       49.72235

 NSTEP =    41000   TIME(PS) =    2722.000  TEMP(K) =   299.07  PRESS =     0.0
 Etot   =    -34592.6824  EKtot   =      9149.5801  EPtot      =    -43742.2625
 BOND   =       348.8362  ANGLE   =      1050.0524  DIHED      =      1337.9447
 1-4 NB =       457.1076  1-4 EEL =      6248.0461  VDWAALS    =      4737.2205
 EELEC  =    -57934.2585  EHBOND  =         0.0000  RESTRAINT  =        12.7885
 EAMBER (non-restraint)  =    -43755.0510
 ------------------------------------------------------------------------------

wrapping first mol.:       20.29907       28.70721       49.72235
wrapping first mol.:       20.29907       28.70721       49.72235

 NSTEP =    41500   TIME(PS) =    2723.000  TEMP(K) =   300.83  PRESS =     0.0
 Etot   =    -34484.7240  EKtot   =      9203.4375  EPtot      =    -43688.1615
 BOND   =       359.9939  ANGLE   =      1065.6209  DIHED      =      1346.0296
 1-4 NB =       446.0703  1-4 EEL =      6288.3582  VDWAALS    =      4723.5284
 EELEC  =    -57933.8410  EHBOND  =         0.0000  RESTRAINT  =        16.0782
 EAMBER (non-restraint)  =    -43704.2397
 ------------------------------------------------------------------------------

wrapping first mol.:       20.29907       28.70721       49.72235
wrapping first mol.:       20.29907       28.70721       49.72235

 NSTEP =    42000   TIME(PS) =    2724.000  TEMP(K) =   299.85  PRESS =     0.0
 Etot   =    -34384.2957  EKtot   =      9173.5264  EPtot      =    -43557.8221
 BOND   =       353.8168  ANGLE   =      1080.8253  DIHED      =      1372.4210
 1-4 NB =       445.0001  1-4 EEL =      6298.8098  VDWAALS    =      4819.6679
 EELEC  =    -57943.5345  EHBOND  =         0.0000  RESTRAINT  =        15.1716
 EAMBER (non-restraint)  =    -43572.9936
 ------------------------------------------------------------------------------

wrapping first mol.:       20.29907       28.70721       49.72235
wrapping first mol.:       20.29907       28.70721       49.72235

 NSTEP =    42500   TIME(PS) =    2725.000  TEMP(K) =   301.11  PRESS =     0.0
 Etot   =    -34264.0119  EKtot   =      9212.0303  EPtot      =    -43476.0422
 BOND   =       335.6368  ANGLE   =      1084.1929  DIHED      =      1368.3609
 1-4 NB =       467.4612  1-4 EEL =      6282.1016  VDWAALS    =      4774.0334
 EELEC  =    -57802.6061  EHBOND  =         0.0000  RESTRAINT  =        14.7771
 EAMBER (non-restraint)  =    -43490.8193
 ------------------------------------------------------------------------------

wrapping first mol.:       20.29907       28.70721       49.72235
wrapping first mol.:       20.29907       28.70721       49.72235

 NSTEP =    43000   TIME(PS) =    2726.000  TEMP(K) =   298.61  PRESS =     0.0
 Etot   =    -34455.2188  EKtot   =      9135.5859  EPtot      =    -43590.8047
 BOND   =       340.1285  ANGLE   =      1090.5775  DIHED      =      1340.8059
 1-4 NB =       444.3806  1-4 EEL =      6279.0550  VDWAALS    =      4810.9623
 EELEC  =    -57911.8941  EHBOND  =         0.0000  RESTRAINT  =        15.1795
 EAMBER (non-restraint)  =    -43605.9842
 ------------------------------------------------------------------------------

wrapping first mol.:       20.29907       28.70721       49.72235
wrapping first mol.:       20.29907       28.70721       49.72235

 NSTEP =    43500   TIME(PS) =    2727.000  TEMP(K) =   302.07  PRESS =     0.0
 Etot   =    -34361.3315  EKtot   =      9241.3594  EPtot      =    -43602.6908
 BOND   =       357.6984  ANGLE   =      1106.6530  DIHED      =      1356.0964
 1-4 NB =       445.3561  1-4 EEL =      6280.0289  VDWAALS    =      4732.6053
 EELEC  =    -57894.4680  EHBOND  =         0.0000  RESTRAINT  =        13.3392
 EAMBER (non-restraint)  =    -43616.0300
 ------------------------------------------------------------------------------

wrapping first mol.:       20.29907       28.70721       49.72235
wrapping first mol.:       20.29907       28.70721       49.72235

 NSTEP =    44000   TIME(PS) =    2728.000  TEMP(K) =   301.84  PRESS =     0.0
 Etot   =    -34402.8291  EKtot   =      9234.3525  EPtot      =    -43637.1817
 BOND   =       395.1139  ANGLE   =      1048.1446  DIHED      =      1326.9324
 1-4 NB =       456.5843  1-4 EEL =      6262.1727  VDWAALS    =      4676.5291
 EELEC  =    -57816.8471  EHBOND  =         0.0000  RESTRAINT  =        14.1885
 EAMBER (non-restraint)  =    -43651.3702
 ------------------------------------------------------------------------------

wrapping first mol.:       20.29907       28.70721       49.72235
wrapping first mol.:       20.29907       28.70721       49.72235

 NSTEP =    44500   TIME(PS) =    2729.000  TEMP(K) =   302.57  PRESS =     0.0
 Etot   =    -34396.8927  EKtot   =      9256.7363  EPtot      =    -43653.6290
 BOND   =       358.2351  ANGLE   =      1081.1048  DIHED      =      1358.1327
 1-4 NB =       432.9632  1-4 EEL =      6297.9339  VDWAALS    =      4740.6498
 EELEC  =    -57934.9837  EHBOND  =         0.0000  RESTRAINT  =        12.3353
 EAMBER (non-restraint)  =    -43665.9643
 ------------------------------------------------------------------------------

wrapping first mol.:       20.29907       28.70721       49.72235
wrapping first mol.:       20.29907       28.70721       49.72235

 NSTEP =    45000   TIME(PS) =    2730.000  TEMP(K) =   300.23  PRESS =     0.0
 Etot   =    -34515.2290  EKtot   =      9185.3262  EPtot      =    -43700.5551
 BOND   =       355.5752  ANGLE   =      1091.5180  DIHED      =      1362.8738
 1-4 NB =       444.0375  1-4 EEL =      6277.7154  VDWAALS    =      4799.3125
 EELEC  =    -58044.0297  EHBOND  =         0.0000  RESTRAINT  =        12.4423
 EAMBER (non-restraint)  =    -43712.9974
 ------------------------------------------------------------------------------

wrapping first mol.:       20.29907       28.70721       49.72235
wrapping first mol.:       20.29907       28.70721       49.72235

 NSTEP =    45500   TIME(PS) =    2731.000  TEMP(K) =   299.10  PRESS =     0.0
 Etot   =    -34378.9299  EKtot   =      9150.5498  EPtot      =    -43529.4797
 BOND   =       362.8480  ANGLE   =      1068.3248  DIHED      =      1352.1746
 1-4 NB =       432.7350  1-4 EEL =      6262.0370  VDWAALS    =      4820.5154
 EELEC  =    -57839.4086  EHBOND  =         0.0000  RESTRAINT  =        11.2941
 EAMBER (non-restraint)  =    -43540.7738
 ------------------------------------------------------------------------------

wrapping first mol.:       20.29907       28.70721       49.72235
wrapping first mol.:       20.29907       28.70721       49.72235

 NSTEP =    46000   TIME(PS) =    2732.000  TEMP(K) =   300.69  PRESS =     0.0
 Etot   =    -34393.0303  EKtot   =      9199.1982  EPtot      =    -43592.2285
 BOND   =       387.8518  ANGLE   =      1103.3272  DIHED      =      1340.0753
 1-4 NB =       445.6961  1-4 EEL =      6269.4310  VDWAALS    =      4747.9962
 EELEC  =    -57899.0417  EHBOND  =         0.0000  RESTRAINT  =        12.4356
 EAMBER (non-restraint)  =    -43604.6641
 ------------------------------------------------------------------------------

wrapping first mol.:       20.29907       28.70721       49.72235
wrapping first mol.:       20.29907       28.70721       49.72235

 NSTEP =    46500   TIME(PS) =    2733.000  TEMP(K) =   303.26  PRESS =     0.0
 Etot   =    -34359.1086  EKtot   =      9277.8457  EPtot      =    -43636.9543
 BOND   =       327.7236  ANGLE   =      1080.4954  DIHED      =      1360.3705
 1-4 NB =       444.8366  1-4 EEL =      6288.5896  VDWAALS    =      4720.5755
 EELEC  =    -57870.9813  EHBOND  =         0.0000  RESTRAINT  =        11.4359
 EAMBER (non-restraint)  =    -43648.3902
 ------------------------------------------------------------------------------

wrapping first mol.:       20.29907       28.70721       49.72235
wrapping first mol.:       20.29907       28.70721       49.72235

 NSTEP =    47000   TIME(PS) =    2734.000  TEMP(K) =   302.91  PRESS =     0.0
 Etot   =    -34553.0273  EKtot   =      9267.1387  EPtot      =    -43820.1660
 BOND   =       352.8609  ANGLE   =      1083.0595  DIHED      =      1375.5206
 1-4 NB =       429.8378  1-4 EEL =      6247.9591  VDWAALS    =      4874.2276
 EELEC  =    -58195.2411  EHBOND  =         0.0000  RESTRAINT  =        11.6095
 EAMBER (non-restraint)  =    -43831.7756
 ------------------------------------------------------------------------------

wrapping first mol.:       20.29907       28.70721       49.72235
wrapping first mol.:       20.29907       28.70721       49.72235

 NSTEP =    47500   TIME(PS) =    2735.000  TEMP(K) =   297.12  PRESS =     0.0
 Etot   =    -34550.1310  EKtot   =      9090.0166  EPtot      =    -43640.1476
 BOND   =       348.5765  ANGLE   =      1044.0778  DIHED      =      1357.4229
 1-4 NB =       447.8052  1-4 EEL =      6245.9181  VDWAALS    =      4729.0233
 EELEC  =    -57826.1590  EHBOND  =         0.0000  RESTRAINT  =        13.1876
 EAMBER (non-restraint)  =    -43653.3352
 ------------------------------------------------------------------------------

wrapping first mol.:       20.29907       28.70721       49.72235
wrapping first mol.:       20.29907       28.70721       49.72235

 NSTEP =    48000   TIME(PS) =    2736.000  TEMP(K) =   298.29  PRESS =     0.0
 Etot   =    -34674.7004  EKtot   =      9125.8848  EPtot      =    -43800.5851
 BOND   =       362.5900  ANGLE   =      1003.0254  DIHED      =      1343.1561
 1-4 NB =       451.7137  1-4 EEL =      6282.8621  VDWAALS    =      4755.1832
 EELEC  =    -58009.9727  EHBOND  =         0.0000  RESTRAINT  =        10.8570
 EAMBER (non-restraint)  =    -43811.4422
 ------------------------------------------------------------------------------

wrapping first mol.:       20.29907       28.70721       49.72235
wrapping first mol.:       20.29907       28.70721       49.72235

 NSTEP =    48500   TIME(PS) =    2737.000  TEMP(K) =   297.21  PRESS =     0.0
 Etot   =    -34638.6581  EKtot   =      9092.6943  EPtot      =    -43731.3525
 BOND   =       372.3903  ANGLE   =      1083.6407  DIHED      =      1355.1250
 1-4 NB =       444.9371  1-4 EEL =      6274.5118  VDWAALS    =      4539.0070
 EELEC  =    -57811.9547  EHBOND  =         0.0000  RESTRAINT  =        10.9904
 EAMBER (non-restraint)  =    -43742.3429
 ------------------------------------------------------------------------------

wrapping first mol.:       20.29907       28.70721       49.72235
wrapping first mol.:       20.29907       28.70721       49.72235

 NSTEP =    49000   TIME(PS) =    2738.000  TEMP(K) =   299.46  PRESS =     0.0
 Etot   =    -34576.0563  EKtot   =      9161.6641  EPtot      =    -43737.7204
 BOND   =       358.7323  ANGLE   =      1068.5883  DIHED      =      1364.6400
 1-4 NB =       449.2625  1-4 EEL =      6280.1069  VDWAALS    =      4779.0282
 EELEC  =    -58049.9359  EHBOND  =         0.0000  RESTRAINT  =        11.8573
 EAMBER (non-restraint)  =    -43749.5777
 ------------------------------------------------------------------------------

wrapping first mol.:       20.29907       28.70721       49.72235
wrapping first mol.:       20.29907       28.70721       49.72235

 NSTEP =    49500   TIME(PS) =    2739.000  TEMP(K) =   302.99  PRESS =     0.0
 Etot   =    -34369.7651  EKtot   =      9269.6377  EPtot      =    -43639.4028
 BOND   =       372.7522  ANGLE   =      1081.8417  DIHED      =      1366.0797
 1-4 NB =       443.2961  1-4 EEL =      6264.4056  VDWAALS    =      4727.1685
 EELEC  =    -57909.3726  EHBOND  =         0.0000  RESTRAINT  =        14.4260
 EAMBER (non-restraint)  =    -43653.8288
 ------------------------------------------------------------------------------

wrapping first mol.:       20.29907       28.70721       49.72235
wrapping first mol.:       20.29907       28.70721       49.72235

 NSTEP =    50000   TIME(PS) =    2740.000  TEMP(K) =   298.10  PRESS =     0.0
 Etot   =    -34650.5139  EKtot   =      9119.9414  EPtot      =    -43770.4553
 BOND   =       353.1256  ANGLE   =      1087.9578  DIHED      =      1365.2799
 1-4 NB =       456.3508  1-4 EEL =      6299.9381  VDWAALS    =      4910.0469
 EELEC  =    -58255.3667  EHBOND  =         0.0000  RESTRAINT  =        12.2123
 EAMBER (non-restraint)  =    -43782.6676
 ------------------------------------------------------------------------------


      A V E R A G E S   O V E R     100 S T E P S


 NSTEP =    50000   TIME(PS) =    2740.000  TEMP(K) =   299.89  PRESS =     0.0
 Etot   =    -34507.1962  EKtot   =      9174.6422  EPtot      =    -43681.8384
 BOND   =       354.9519  ANGLE   =      1068.6400  DIHED      =      1363.2444
 1-4 NB =       447.8892  1-4 EEL =      6276.6413  VDWAALS    =      4772.7263
 EELEC  =    -57979.0551  EHBOND  =         0.0000  RESTRAINT  =        13.1236
 EAMBER (non-restraint)  =    -43694.9620
 ------------------------------------------------------------------------------


      R M S  F L U C T U A T I O N S


 NSTEP =    50000   TIME(PS) =    2740.000  TEMP(K) =     2.36  PRESS =     0.0
 Etot   =       129.5001  EKtot   =        72.2720  EPtot      =        99.9203
 BOND   =        16.1281  ANGLE   =        23.7199  DIHED      =        12.3545
 1-4 NB =         9.0536  1-4 EEL =        23.0011  VDWAALS    =        91.5557
 EELEC  =       149.7290  EHBOND  =         0.0000  RESTRAINT  =         2.6216
 EAMBER (non-restraint)  =        97.2988
 ------------------------------------------------------------------------------

--------------------------------------------------------------------------------
   5.  TIMINGS
--------------------------------------------------------------------------------

|  NonSetup CPU Time in Major Routines:
|
|     Routine           Sec        %
|     ------------------------------
|     Nonbond          12.38   32.27
|     Bond              0.00    0.00
|     Angle             0.00    0.00
|     Dihedral          0.00    0.00
|     Shake             0.76    1.99
|     RunMD            25.16   65.58
|     Other             0.06    0.17
|     ------------------------------
|     Total            38.37

|  PME Nonbond Pairlist CPU Time:
|
|     Routine              Sec        %
|     ---------------------------------
|     Set Up Cit           0.00    0.00
|     Build List           0.00    0.00
|     ---------------------------------
|     Total                0.00    0.00

|  PME Direct Force CPU Time:
|
|     Routine              Sec        %
|     ---------------------------------
|     NonBonded Calc       0.00    0.00
|     Exclude Masked       0.00    0.00
|     Other                0.02    0.06
|     ---------------------------------
|     Total                0.02    0.06

|  PME Reciprocal Force CPU Time:
|
|     Routine              Sec        %
|     ---------------------------------
|     1D bspline           0.00    0.00
|     Grid Charges         0.00    0.00
|     Scalar Sum           0.00    0.00
|     Gradient Sum         0.00    0.00
|     FFT                  0.00    0.00
|     ---------------------------------
|     Total                0.00    0.00

|  Final Performance Info:
|     -----------------------------------------------------
|     Average timings for last   49500 steps:
|     Elapsed(s) =      37.97 Per Step(ms) =       0.77
|         ns/day =     225.28   seconds/ns =     383.52
|
|     Average timings for all steps:
|     Elapsed(s) =      38.37 Per Step(ms) =       0.77
|         ns/day =     225.20   seconds/ns =     383.66
|     -----------------------------------------------------

|  Setup CPU time:            2.48 seconds
|  NonSetup CPU time:        38.37 seconds
|  Total CPU time:           40.85 seconds     0.01 hours

|  Setup wall time:           2    seconds
|  NonSetup wall time:       39    seconds
|  Total wall time:          41    seconds     0.01 hours
