
          -------------------------------------------------------
          Amber 16 PMEMD                              2016
          -------------------------------------------------------

| PMEMD implementation of SANDER, Release 16

| Run on 11/17/2017 at 08:11:30

|   Executable path: /apps/amber16/bin/pmemd.cuda
| Working directory: /home/pbarletta
|          Hostname: mordor

  [-O]verwriting output

File Assignments:
|   MDIN: /scratch/pbarletta/cph_obp/run/ctv/mhe/e/3equ.in                      
|  MDOUT: /scratch/pbarletta/cph_obp/run/ctv/mhe/e/3equ.out                     
| INPCRD: /scratch/pbarletta/cph_obp/run/ctv/mhe/e/2ectv.rst7                   
|   PARM: /scratch/pbarletta/cph_obp/top_files/ctv.prmtop                       
| RESTRT: /scratch/pbarletta/cph_obp/run/ctv/mhe/e/3ectv.rst7                   
|   REFC: /scratch/pbarletta/cph_obp/run/ctv/mhe/e/2ectv.rst7                   
|  MDVEL: mdvel                                                                 
|   MDEN: mden                                                                  
|  MDCRD: /scratch/pbarletta/cph_obp/run/ctv/mhe/e/3ectv.nc                     
| MDINFO: mdinfo                                                                
|  MDFRC: mdfrc                                                                 


 Here is the input file:

Equilibration with solute restrictions                                         
&cntrl                                                                         
imin = 0,                           ! No Minimization                          
nmropt = 0,                         ! No NMR restraints read                   
                                                                               
! Nature and format of the input                                               
ntx = 5,                            ! Coordinates but no velocities will be rea
irest = 1,                          ! Do not run a new simulation              
                                                                               
! Nature and format of the output                                              
ntxo = 1,                           ! rstrt file in ASCII format               
ntpr = 500,                         ! inf in output every ntpr steps           
ntwr = 500,                         ! rstrt file every ntwr steps              
ntwx = 500,                         ! mdcrd file every ntwx steps              
ntwv = 0,                           ! mdvel without velocities                 
ntwe = 0,                           ! Energies and temperatures not written in 
idecomp = 0,                        ! No energy decomposition                  
iwrap = 1,                          ! Coordinates of the restart and mdcrd file
                                                                               
! Frozen or restrained atoms                                                   
ibelly = 0,                         ! No frozen atoms                          
ntr=1,                              ! Harmonic potential restraints            
restraint_wt = 30.0,                ! The weight for the positional restraints 
restraintmask = ':1-120@N,CA,C,O',  ! restrained residues                      
                                                                               
! Molecular dynamics                                                           
nstlim = 50000,                     ! Number of MD-steps                       
dt = 0.002,                         ! Time step                                
                                                                               
! Temperature regulation                                                       
ntt = 3,                            ! Langevin thermostat                      
gamma_ln = 5,                       ! Gamma constant for Langevin              
temp0 = 300.0,                      ! Reference T at which the system is to be 
tempi = 300.0,                      ! Initial T                                
ig = -1,                            ! Seed for the RNG                         
                                                                               
! P and V regulation                                                           
ntp = 0,                            ! No pressure control                      
ntb = 1,                            ! Periodic box for constant V              
                                                                               
! SHAKE variables                                                              
ntc = 2,                            ! Bonds involving H are constrained        
ntf = 2,                            ! Bond interaction involving H are ommited.
                                                                               
cut = 10.0,                         ! Nonbonded cutoff                         
                                                                               
/                                                                              
&end                                                                           


Note: ig = -1. Setting random seed to   384760 based on wallclock time in 
      microseconds.
| irandom = 1, using AMBER's internal random number generator (default).
 
|--------------------- INFORMATION ----------------------
| GPU (CUDA) Version of PMEMD in use: NVIDIA GPU IN USE.
|                    Version 16.0.0
| 
|                      02/25/2016
| 
| Implementation by:
|                    Ross C. Walker     (SDSC)
|                    Scott Le Grand     (nVIDIA)
| 
| Precision model in use:
|      [SPFP] - Single Precision Forces, 64-bit Fixed Point
|               Accumulation. (Default)
| 
|--------------------------------------------------------
 
|----------------- CITATION INFORMATION -----------------
|
|    When publishing work that utilized the CUDA version
|    of AMBER, please cite the following in addition to
|    the regular AMBER citations:
|
|  - Romelia Salomon-Ferrer; Andreas W. Goetz; Duncan
|    Poole; Scott Le Grand; Ross C. Walker "Routine
|    microsecond molecular dynamics simulations with
|    AMBER - Part II: Particle Mesh Ewald", J. Chem.
|    Theory Comput., 2013, 9 (9), pp3878-3888,
|    DOI: 10.1021/ct400314y.
|
|  - Andreas W. Goetz; Mark J. Williamson; Dong Xu;
|    Duncan Poole; Scott Le Grand; Ross C. Walker
|    "Routine microsecond molecular dynamics simulations
|    with AMBER - Part I: Generalized Born", J. Chem.
|    Theory Comput., 2012, 8 (5), pp1542-1555.
|
|  - Scott Le Grand; Andreas W. Goetz; Ross C. Walker
|    "SPFP: Speed without compromise - a mixed precision
|    model for GPU accelerated molecular dynamics
|    simulations.", Comp. Phys. Comm., 2013, 184
|    pp374-380, DOI: 10.1016/j.cpc.2012.09.022
|
|--------------------------------------------------------
 
|------------------- GPU DEVICE INFO --------------------
|
|            CUDA_VISIBLE_DEVICES: 1
|   CUDA Capable Devices Detected:      1
|           CUDA Device ID in use:      0
|                CUDA Device Name: GeForce GTX 1080 Ti
|     CUDA Device Global Mem Size:  11172 MB
| CUDA Device Num Multiprocessors:     28
|           CUDA Device Core Freq:   1.58 GHz
|
|--------------------------------------------------------
 
 
| Conditional Compilation Defines Used:
| PUBFFT
| BINTRAJ
| CUDA
| EMIL

| Largest sphere to fit in unit cell has radius =    24.861

| New format PARM file being parsed.
| Version =    1.000 Date = 11/14/17 Time = 21:26:59

| Note: 1-4 EEL scale factors are being read from the topology file.

| Note: 1-4 VDW scale factors are being read from the topology file.
| Duplicated    0 dihedrals

| Duplicated    0 dihedrals

--------------------------------------------------------------------------------
   1.  RESOURCE   USE: 
--------------------------------------------------------------------------------

 getting new box info from bottom of inpcrd
 NATOM  =   14918 NTYPES =      18 NBONH =   13963 MBONA  =     961
 NTHETH =    2368 MTHETA =    1289 NPHIH =    4522 MPHIA  =    3259
 NHPARM =       0 NPARM  =       0 NNB   =   28275 NRES   =    4423
 NBONA  =     961 NTHETA =    1289 NPHIA =    3259 NUMBND =      48
 NUMANG =     101 NPTRA  =      41 NATYP =      33 NPHB   =       1
 IFBOX  =       2 NMXRS  =      26 IFCAP =       0 NEXTRA =       0
 NCOPY  =       0

| Coordinate Index Table dimensions:     9    9    9
| Direct force subcell size =     6.7664    6.7664    6.7664

     BOX TYPE: TRUNCATED OCTAHEDRON

--------------------------------------------------------------------------------
   2.  CONTROL  DATA  FOR  THE  RUN
--------------------------------------------------------------------------------

default_name                                                                    

General flags:
     imin    =       0, nmropt  =       0

Nature and format of input:
     ntx     =       5, irest   =       1, ntrx    =       1

Nature and format of output:
     ntxo    =       1, ntpr    =     500, ntrx    =       1, ntwr    =     500
     iwrap   =       1, ntwx    =     500, ntwv    =       0, ntwe    =       0
     ioutfm  =       1, ntwprt  =       0, idecomp =       0, rbornstat=      0

Potential function:
     ntf     =       2, ntb     =       1, igb     =       0, nsnb    =      25
     ipol    =       0, gbsa    =       0, iesp    =       0
     dielc   =   1.00000, cut     =  10.00000, intdiel =   1.00000

Frozen or restrained atoms:
     ibelly  =       0, ntr     =       1
     restraint_wt =  30.00000

Molecular dynamics:
     nstlim  =     50000, nscm    =         0, nrespa  =         1
     t       =   0.00000, dt      =   0.00200, vlimit  =  -1.00000

Langevin dynamics temperature regulation:
     ig      =  384760
     temp0   = 300.00000, tempi   = 300.00000, gamma_ln=   5.00000

SHAKE:
     ntc     =       2, jfastw  =       0
     tol     =   0.00001

| Intermolecular bonds treatment:
|     no_intermolecular_bonds =       1

| Energy averages sample interval:
|     ene_avg_sampling =     500

Ewald parameters:
     verbose =       0, ew_type =       0, nbflag  =       1, use_pme =       1
     vdwmeth =       1, eedmeth =       1, netfrc  =       1
     Box X =   60.897   Box Y =   60.897   Box Z =   60.897
     Alpha =  109.471   Beta  =  109.471   Gamma =  109.471
     NFFT1 =   64       NFFT2 =   64       NFFT3 =   64
     Cutoff=   10.000   Tol   =0.100E-04
     Ewald Coefficient =  0.27511
     Interpolation order =    4

    LOADING THE CONSTRAINED ATOMS AS GROUPS


   5.  REFERENCE ATOM COORDINATES

  default_name                                                                    
     Mask :1-120@N,CA,C,O; matches   476 atoms

--------------------------------------------------------------------------------
   3.  ATOMIC COORDINATES AND VELOCITIES
--------------------------------------------------------------------------------

default_name                                                                    
 begin time read from input coords =   340.000 ps

 
 Number of triangulated 3-point waters found:     4302

     Sum of charges from parm topology file =   0.00000094
     Forcing neutrality...

| Dynamic Memory, Types Used:
| Reals              578204
| Integers           551472

| Nonbonded Pairs Initial Allocation:     4512322

| GPU memory information (estimate):
| KB of GPU memory in use:    141360
| KB of CPU memory in use:     29328

--------------------------------------------------------------------------------
   4.  RESULTS
--------------------------------------------------------------------------------

 ---------------------------------------------------
 APPROXIMATING switch and d/dx switch using CUBIC SPLINE INTERPOLATION
 using   5000.0 points per unit in tabled values
 TESTING RELATIVE ERROR over r ranging from 0.0 to cutoff
| CHECK switch(x): max rel err =   0.2738E-14   at   2.422500
| CHECK d/dx switch(x): max rel err =   0.8314E-11   at   2.736960
 ---------------------------------------------------
|---------------------------------------------------
| APPROXIMATING direct energy using CUBIC SPLINE INTERPOLATION
|  with   50.0 points per unit in tabled values
| Relative Error Limit not exceeded for r .gt.   2.33
| APPROXIMATING direct force using CUBIC SPLINE INTERPOLATION
|  with   50.0 points per unit in tabled values
| Relative Error Limit not exceeded for r .gt.   2.80
|---------------------------------------------------
wrapping first mol.:       20.29907       28.70721       49.72235
wrapping first mol.:       20.29907       28.70721       49.72235

 NSTEP =      500   TIME(PS) =     341.000  TEMP(K) =   300.59  PRESS =     0.0
 Etot   =    -34456.8450  EKtot   =      9196.2656  EPtot      =    -43653.1107
 BOND   =       342.2189  ANGLE   =      1044.9270  DIHED      =      1342.2807
 1-4 NB =       458.9773  1-4 EEL =      6315.2012  VDWAALS    =      4703.1936
 EELEC  =    -58033.9535  EHBOND  =         0.0000  RESTRAINT  =       174.0441
 EAMBER (non-restraint)  =    -43827.1548
 ------------------------------------------------------------------------------

wrapping first mol.:       20.29907       28.70721       49.72235
wrapping first mol.:       20.29907       28.70721       49.72235

 NSTEP =     1000   TIME(PS) =     342.000  TEMP(K) =   299.22  PRESS =     0.0
 Etot   =    -34409.3135  EKtot   =      9154.1533  EPtot      =    -43563.4668
 BOND   =       308.4540  ANGLE   =      1045.4327  DIHED      =      1363.3295
 1-4 NB =       463.0685  1-4 EEL =      6292.1420  VDWAALS    =      4699.3566
 EELEC  =    -57872.6418  EHBOND  =         0.0000  RESTRAINT  =       137.3916
 EAMBER (non-restraint)  =    -43700.8584
 ------------------------------------------------------------------------------

wrapping first mol.:       20.29907       28.70721       49.72235
wrapping first mol.:       20.29907       28.70721       49.72235

 NSTEP =     1500   TIME(PS) =     343.000  TEMP(K) =   300.45  PRESS =     0.0
 Etot   =    -34264.1850  EKtot   =      9192.0488  EPtot      =    -43456.2338
 BOND   =       340.4334  ANGLE   =      1091.1290  DIHED      =      1368.0899
 1-4 NB =       465.3276  1-4 EEL =      6306.7125  VDWAALS    =      4896.1408
 EELEC  =    -58088.2391  EHBOND  =         0.0000  RESTRAINT  =       164.1721
 EAMBER (non-restraint)  =    -43620.4060
 ------------------------------------------------------------------------------

wrapping first mol.:       20.29907       28.70721       49.72235
wrapping first mol.:       20.29907       28.70721       49.72235

 NSTEP =     2000   TIME(PS) =     344.000  TEMP(K) =   299.29  PRESS =     0.0
 Etot   =    -34346.8533  EKtot   =      9156.4160  EPtot      =    -43503.2693
 BOND   =       323.6840  ANGLE   =      1065.7700  DIHED      =      1359.6978
 1-4 NB =       459.1364  1-4 EEL =      6317.5035  VDWAALS    =      4946.5710
 EELEC  =    -58133.6869  EHBOND  =         0.0000  RESTRAINT  =       158.0549
 EAMBER (non-restraint)  =    -43661.3242
 ------------------------------------------------------------------------------

wrapping first mol.:       20.29907       28.70721       49.72235
wrapping first mol.:       20.29907       28.70721       49.72235

 NSTEP =     2500   TIME(PS) =     345.000  TEMP(K) =   303.81  PRESS =     0.0
 Etot   =    -34310.1120  EKtot   =      9294.8525  EPtot      =    -43604.9645
 BOND   =       355.0474  ANGLE   =      1007.0161  DIHED      =      1364.4909
 1-4 NB =       461.5352  1-4 EEL =      6295.9739  VDWAALS    =      4723.7563
 EELEC  =    -57982.3292  EHBOND  =         0.0000  RESTRAINT  =       169.5448
 EAMBER (non-restraint)  =    -43774.5093
 ------------------------------------------------------------------------------

wrapping first mol.:       20.29907       28.70721       49.72235
wrapping first mol.:       20.29907       28.70721       49.72235

 NSTEP =     3000   TIME(PS) =     346.000  TEMP(K) =   297.86  PRESS =     0.0
 Etot   =    -34464.0900  EKtot   =      9112.7754  EPtot      =    -43576.8654
 BOND   =       341.6722  ANGLE   =      1021.3564  DIHED      =      1360.2268
 1-4 NB =       455.9671  1-4 EEL =      6277.5517  VDWAALS    =      4700.9553
 EELEC  =    -57902.6365  EHBOND  =         0.0000  RESTRAINT  =       168.0417
 EAMBER (non-restraint)  =    -43744.9071
 ------------------------------------------------------------------------------

wrapping first mol.:       20.29907       28.70721       49.72235
wrapping first mol.:       20.29907       28.70721       49.72235

 NSTEP =     3500   TIME(PS) =     347.000  TEMP(K) =   299.35  PRESS =     0.0
 Etot   =    -34440.5013  EKtot   =      9158.2363  EPtot      =    -43598.7376
 BOND   =       303.6214  ANGLE   =      1030.4095  DIHED      =      1367.6866
 1-4 NB =       467.8054  1-4 EEL =      6309.1802  VDWAALS    =      4830.9460
 EELEC  =    -58071.1111  EHBOND  =         0.0000  RESTRAINT  =       162.7244
 EAMBER (non-restraint)  =    -43761.4620
 ------------------------------------------------------------------------------

wrapping first mol.:       20.29907       28.70721       49.72235
wrapping first mol.:       20.29907       28.70721       49.72235

 NSTEP =     4000   TIME(PS) =     348.000  TEMP(K) =   302.02  PRESS =     0.0
 Etot   =    -34285.9431  EKtot   =      9239.9336  EPtot      =    -43525.8767
 BOND   =       351.5564  ANGLE   =      1016.4525  DIHED      =      1373.4270
 1-4 NB =       459.4120  1-4 EEL =      6307.2008  VDWAALS    =      4778.2638
 EELEC  =    -57985.2530  EHBOND  =         0.0000  RESTRAINT  =       173.0640
 EAMBER (non-restraint)  =    -43698.9406
 ------------------------------------------------------------------------------

wrapping first mol.:       20.29907       28.70721       49.72235
wrapping first mol.:       20.29907       28.70721       49.72235

 NSTEP =     4500   TIME(PS) =     349.000  TEMP(K) =   302.42  PRESS =     0.0
 Etot   =    -34398.7021  EKtot   =      9252.1221  EPtot      =    -43650.8242
 BOND   =       335.2806  ANGLE   =      1034.3853  DIHED      =      1356.6897
 1-4 NB =       464.4479  1-4 EEL =      6335.7040  VDWAALS    =      4856.3925
 EELEC  =    -58208.2082  EHBOND  =         0.0000  RESTRAINT  =       174.4840
 EAMBER (non-restraint)  =    -43825.3081
 ------------------------------------------------------------------------------

wrapping first mol.:       20.29907       28.70721       49.72235
wrapping first mol.:       20.29907       28.70721       49.72235

 NSTEP =     5000   TIME(PS) =     350.000  TEMP(K) =   302.68  PRESS =     0.0
 Etot   =    -34180.3220  EKtot   =      9260.2598  EPtot      =    -43440.5818
 BOND   =       363.9538  ANGLE   =      1042.3808  DIHED      =      1380.4988
 1-4 NB =       465.2009  1-4 EEL =      6320.1329  VDWAALS    =      4785.7735
 EELEC  =    -57958.8096  EHBOND  =         0.0000  RESTRAINT  =       160.2871
 EAMBER (non-restraint)  =    -43600.8688
 ------------------------------------------------------------------------------

wrapping first mol.:       20.29907       28.70721       49.72235
wrapping first mol.:       20.29907       28.70721       49.72235

 NSTEP =     5500   TIME(PS) =     351.000  TEMP(K) =   300.01  PRESS =     0.0
 Etot   =    -34337.6029  EKtot   =      9178.4863  EPtot      =    -43516.0892
 BOND   =       340.8315  ANGLE   =      1025.0153  DIHED      =      1381.8239
 1-4 NB =       459.1812  1-4 EEL =      6315.1797  VDWAALS    =      4734.5854
 EELEC  =    -57953.5743  EHBOND  =         0.0000  RESTRAINT  =       180.8681
 EAMBER (non-restraint)  =    -43696.9574
 ------------------------------------------------------------------------------

wrapping first mol.:       20.29907       28.70721       49.72235
wrapping first mol.:       20.29907       28.70721       49.72235

 NSTEP =     6000   TIME(PS) =     352.000  TEMP(K) =   301.55  PRESS =     0.0
 Etot   =    -34611.4223  EKtot   =      9225.4727  EPtot      =    -43836.8949
 BOND   =       321.2131  ANGLE   =      1038.6366  DIHED      =      1343.5877
 1-4 NB =       442.4611  1-4 EEL =      6310.9927  VDWAALS    =      5018.0437
 EELEC  =    -58467.0285  EHBOND  =         0.0000  RESTRAINT  =       155.1987
 EAMBER (non-restraint)  =    -43992.0936
 ------------------------------------------------------------------------------

wrapping first mol.:       20.29907       28.70721       49.72235
wrapping first mol.:       20.29907       28.70721       49.72235

 NSTEP =     6500   TIME(PS) =     353.000  TEMP(K) =   299.75  PRESS =     0.0
 Etot   =    -34501.1546  EKtot   =      9170.3984  EPtot      =    -43671.5531
 BOND   =       346.2895  ANGLE   =       989.0819  DIHED      =      1372.7082
 1-4 NB =       457.6184  1-4 EEL =      6301.7803  VDWAALS    =      4836.3154
 EELEC  =    -58134.5283  EHBOND  =         0.0000  RESTRAINT  =       159.1815
 EAMBER (non-restraint)  =    -43830.7346
 ------------------------------------------------------------------------------

wrapping first mol.:       20.29907       28.70721       49.72235
wrapping first mol.:       20.29907       28.70721       49.72235

 NSTEP =     7000   TIME(PS) =     354.000  TEMP(K) =   298.49  PRESS =     0.0
 Etot   =    -34588.0733  EKtot   =      9131.9883  EPtot      =    -43720.0616
 BOND   =       342.2462  ANGLE   =      1070.2012  DIHED      =      1396.2598
 1-4 NB =       464.1630  1-4 EEL =      6302.7790  VDWAALS    =      4717.3824
 EELEC  =    -58170.8700  EHBOND  =         0.0000  RESTRAINT  =       157.7767
 EAMBER (non-restraint)  =    -43877.8383
 ------------------------------------------------------------------------------

wrapping first mol.:       20.29907       28.70721       49.72235
wrapping first mol.:       20.29907       28.70721       49.72235

 NSTEP =     7500   TIME(PS) =     355.000  TEMP(K) =   300.14  PRESS =     0.0
 Etot   =    -34385.0045  EKtot   =      9182.4580  EPtot      =    -43567.4625
 BOND   =       341.4052  ANGLE   =      1028.7401  DIHED      =      1375.1944
 1-4 NB =       451.8060  1-4 EEL =      6281.6294  VDWAALS    =      4791.6843
 EELEC  =    -57991.7960  EHBOND  =         0.0000  RESTRAINT  =       153.8742
 EAMBER (non-restraint)  =    -43721.3367
 ------------------------------------------------------------------------------

wrapping first mol.:       20.29907       28.70721       49.72235
wrapping first mol.:       20.29907       28.70721       49.72235

 NSTEP =     8000   TIME(PS) =     356.000  TEMP(K) =   298.60  PRESS =     0.0
 Etot   =    -34246.8577  EKtot   =      9135.4424  EPtot      =    -43382.3001
 BOND   =       335.6660  ANGLE   =      1054.2563  DIHED      =      1375.6154
 1-4 NB =       461.4895  1-4 EEL =      6330.5617  VDWAALS    =      4782.7423
 EELEC  =    -57885.5464  EHBOND  =         0.0000  RESTRAINT  =       162.9151
 EAMBER (non-restraint)  =    -43545.2152
 ------------------------------------------------------------------------------

wrapping first mol.:       20.29907       28.70721       49.72235
wrapping first mol.:       20.29907       28.70721       49.72235

 NSTEP =     8500   TIME(PS) =     357.000  TEMP(K) =   298.82  PRESS =     0.0
 Etot   =    -34413.0302  EKtot   =      9141.9912  EPtot      =    -43555.0215
 BOND   =       290.3251  ANGLE   =      1041.6035  DIHED      =      1402.9784
 1-4 NB =       466.7049  1-4 EEL =      6311.8315  VDWAALS    =      4791.7652
 EELEC  =    -58022.7819  EHBOND  =         0.0000  RESTRAINT  =       162.5517
 EAMBER (non-restraint)  =    -43717.5732
 ------------------------------------------------------------------------------

wrapping first mol.:       20.29907       28.70721       49.72235
wrapping first mol.:       20.29907       28.70721       49.72235

 NSTEP =     9000   TIME(PS) =     358.000  TEMP(K) =   301.25  PRESS =     0.0
 Etot   =    -34493.2576  EKtot   =      9216.3027  EPtot      =    -43709.5603
 BOND   =       339.9985  ANGLE   =       982.7121  DIHED      =      1379.7027
 1-4 NB =       448.1569  1-4 EEL =      6341.6160  VDWAALS    =      4671.6845
 EELEC  =    -58033.0307  EHBOND  =         0.0000  RESTRAINT  =       159.5996
 EAMBER (non-restraint)  =    -43869.1599
 ------------------------------------------------------------------------------

wrapping first mol.:       20.29907       28.70721       49.72235
wrapping first mol.:       20.29907       28.70721       49.72235

 NSTEP =     9500   TIME(PS) =     359.000  TEMP(K) =   301.35  PRESS =     0.0
 Etot   =    -34463.3278  EKtot   =      9219.4365  EPtot      =    -43682.7643
 BOND   =       314.0332  ANGLE   =      1047.3639  DIHED      =      1362.4641
 1-4 NB =       463.8087  1-4 EEL =      6324.1962  VDWAALS    =      4789.1261
 EELEC  =    -58147.4436  EHBOND  =         0.0000  RESTRAINT  =       163.6871
 EAMBER (non-restraint)  =    -43846.4514
 ------------------------------------------------------------------------------

wrapping first mol.:       20.29907       28.70721       49.72235
wrapping first mol.:       20.29907       28.70721       49.72235

 NSTEP =    10000   TIME(PS) =     360.000  TEMP(K) =   300.59  PRESS =     0.0
 Etot   =    -34262.7853  EKtot   =      9196.0840  EPtot      =    -43458.8693
 BOND   =       348.7264  ANGLE   =      1012.2521  DIHED      =      1381.4156
 1-4 NB =       455.2425  1-4 EEL =      6324.7023  VDWAALS    =      4728.6847
 EELEC  =    -57868.2044  EHBOND  =         0.0000  RESTRAINT  =       158.3114
 EAMBER (non-restraint)  =    -43617.1807
 ------------------------------------------------------------------------------

wrapping first mol.:       20.29907       28.70721       49.72235
wrapping first mol.:       20.29907       28.70721       49.72235

 NSTEP =    10500   TIME(PS) =     361.000  TEMP(K) =   300.01  PRESS =     0.0
 Etot   =    -34515.4546  EKtot   =      9178.5801  EPtot      =    -43694.0347
 BOND   =       321.3109  ANGLE   =      1024.3670  DIHED      =      1370.5416
 1-4 NB =       469.1580  1-4 EEL =      6319.5832  VDWAALS    =      4880.6830
 EELEC  =    -58233.3029  EHBOND  =         0.0000  RESTRAINT  =       153.6245
 EAMBER (non-restraint)  =    -43847.6592
 ------------------------------------------------------------------------------

wrapping first mol.:       20.29907       28.70721       49.72235
wrapping first mol.:       20.29907       28.70721       49.72235

 NSTEP =    11000   TIME(PS) =     362.000  TEMP(K) =   298.50  PRESS =     0.0
 Etot   =    -34474.1599  EKtot   =      9132.1504  EPtot      =    -43606.3103
 BOND   =       346.1468  ANGLE   =      1110.2428  DIHED      =      1361.7460
 1-4 NB =       454.3744  1-4 EEL =      6305.0046  VDWAALS    =      4949.3250
 EELEC  =    -58283.8229  EHBOND  =         0.0000  RESTRAINT  =       150.6731
 EAMBER (non-restraint)  =    -43756.9834
 ------------------------------------------------------------------------------

wrapping first mol.:       20.29907       28.70721       49.72235
wrapping first mol.:       20.29907       28.70721       49.72235

 NSTEP =    11500   TIME(PS) =     363.000  TEMP(K) =   300.28  PRESS =     0.0
 Etot   =    -34183.8230  EKtot   =      9186.6230  EPtot      =    -43370.4461
 BOND   =       339.3609  ANGLE   =      1068.4588  DIHED      =      1368.2604
 1-4 NB =       450.2097  1-4 EEL =      6341.3094  VDWAALS    =      4702.8796
 EELEC  =    -57806.9342  EHBOND  =         0.0000  RESTRAINT  =       166.0093
 EAMBER (non-restraint)  =    -43536.4554
 ------------------------------------------------------------------------------

wrapping first mol.:       20.29907       28.70721       49.72235
wrapping first mol.:       20.29907       28.70721       49.72235

 NSTEP =    12000   TIME(PS) =     364.000  TEMP(K) =   300.69  PRESS =     0.0
 Etot   =    -34371.3428  EKtot   =      9199.3857  EPtot      =    -43570.7285
 BOND   =       345.6287  ANGLE   =      1074.1915  DIHED      =      1360.1328
 1-4 NB =       463.1553  1-4 EEL =      6299.9518  VDWAALS    =      4732.3054
 EELEC  =    -58019.1202  EHBOND  =         0.0000  RESTRAINT  =       173.0262
 EAMBER (non-restraint)  =    -43743.7547
 ------------------------------------------------------------------------------

wrapping first mol.:       20.29907       28.70721       49.72235
wrapping first mol.:       20.29907       28.70721       49.72235

 NSTEP =    12500   TIME(PS) =     365.000  TEMP(K) =   300.49  PRESS =     0.0
 Etot   =    -34520.4156  EKtot   =      9193.1094  EPtot      =    -43713.5250
 BOND   =       356.0323  ANGLE   =      1016.1247  DIHED      =      1370.0748
 1-4 NB =       462.0507  1-4 EEL =      6328.6663  VDWAALS    =      4883.6604
 EELEC  =    -58297.6106  EHBOND  =         0.0000  RESTRAINT  =       167.4764
 EAMBER (non-restraint)  =    -43881.0014
 ------------------------------------------------------------------------------

wrapping first mol.:       20.29907       28.70721       49.72235
wrapping first mol.:       20.29907       28.70721       49.72235

 NSTEP =    13000   TIME(PS) =     366.000  TEMP(K) =   299.71  PRESS =     0.0
 Etot   =    -34290.3162  EKtot   =      9169.1221  EPtot      =    -43459.4383
 BOND   =       331.3407  ANGLE   =      1083.3305  DIHED      =      1396.0218
 1-4 NB =       469.6384  1-4 EEL =      6273.5101  VDWAALS    =      4623.8719
 EELEC  =    -57801.0637  EHBOND  =         0.0000  RESTRAINT  =       163.9119
 EAMBER (non-restraint)  =    -43623.3502
 ------------------------------------------------------------------------------

wrapping first mol.:       20.29907       28.70721       49.72235
wrapping first mol.:       20.29907       28.70721       49.72235

 NSTEP =    13500   TIME(PS) =     367.000  TEMP(K) =   299.76  PRESS =     0.0
 Etot   =    -34296.6980  EKtot   =      9170.7432  EPtot      =    -43467.4411
 BOND   =       338.7067  ANGLE   =      1056.3073  DIHED      =      1384.8274
 1-4 NB =       455.0776  1-4 EEL =      6273.2201  VDWAALS    =      4772.4739
 EELEC  =    -57903.2551  EHBOND  =         0.0000  RESTRAINT  =       155.2010
 EAMBER (non-restraint)  =    -43622.6421
 ------------------------------------------------------------------------------

wrapping first mol.:       20.29907       28.70721       49.72235
wrapping first mol.:       20.29907       28.70721       49.72235

 NSTEP =    14000   TIME(PS) =     368.000  TEMP(K) =   302.59  PRESS =     0.0
 Etot   =    -34334.9213  EKtot   =      9257.4668  EPtot      =    -43592.3881
 BOND   =       316.6165  ANGLE   =      1057.9939  DIHED      =      1374.6538
 1-4 NB =       455.8978  1-4 EEL =      6298.1769  VDWAALS    =      4749.9001
 EELEC  =    -58005.0890  EHBOND  =         0.0000  RESTRAINT  =       159.4619
 EAMBER (non-restraint)  =    -43751.8500
 ------------------------------------------------------------------------------

wrapping first mol.:       20.29907       28.70721       49.72235
wrapping first mol.:       20.29907       28.70721       49.72235

 NSTEP =    14500   TIME(PS) =     369.000  TEMP(K) =   295.39  PRESS =     0.0
 Etot   =    -34588.7913  EKtot   =      9037.0576  EPtot      =    -43625.8489
 BOND   =       364.2405  ANGLE   =       999.1554  DIHED      =      1374.2087
 1-4 NB =       462.0152  1-4 EEL =      6271.4244  VDWAALS    =      4595.0421
 EELEC  =    -57854.4686  EHBOND  =         0.0000  RESTRAINT  =       162.5335
 EAMBER (non-restraint)  =    -43788.3824
 ------------------------------------------------------------------------------

wrapping first mol.:       20.29907       28.70721       49.72235
wrapping first mol.:       20.29907       28.70721       49.72235

 NSTEP =    15000   TIME(PS) =     370.000  TEMP(K) =   300.09  PRESS =     0.0
 Etot   =    -34358.8536  EKtot   =      9180.9678  EPtot      =    -43539.8214
 BOND   =       324.6679  ANGLE   =      1066.6754  DIHED      =      1387.9537
 1-4 NB =       452.5778  1-4 EEL =      6274.8963  VDWAALS    =      4688.2076
 EELEC  =    -57912.5639  EHBOND  =         0.0000  RESTRAINT  =       177.7640
 EAMBER (non-restraint)  =    -43717.5854
 ------------------------------------------------------------------------------

wrapping first mol.:       20.29907       28.70721       49.72235
wrapping first mol.:       20.29907       28.70721       49.72235

 NSTEP =    15500   TIME(PS) =     371.000  TEMP(K) =   300.25  PRESS =     0.0
 Etot   =    -34395.3851  EKtot   =      9185.6934  EPtot      =    -43581.0784
 BOND   =       313.6387  ANGLE   =      1022.6500  DIHED      =      1346.8024
 1-4 NB =       450.8171  1-4 EEL =      6325.1758  VDWAALS    =      4884.9967
 EELEC  =    -58081.8190  EHBOND  =         0.0000  RESTRAINT  =       156.6600
 EAMBER (non-restraint)  =    -43737.7384
 ------------------------------------------------------------------------------

wrapping first mol.:       20.29907       28.70721       49.72235
wrapping first mol.:       20.29907       28.70721       49.72235

 NSTEP =    16000   TIME(PS) =     372.000  TEMP(K) =   302.92  PRESS =     0.0
 Etot   =    -34330.8582  EKtot   =      9267.5898  EPtot      =    -43598.4480
 BOND   =       335.6095  ANGLE   =      1053.3984  DIHED      =      1353.9112
 1-4 NB =       465.2378  1-4 EEL =      6335.0985  VDWAALS    =      4789.8516
 EELEC  =    -58106.3257  EHBOND  =         0.0000  RESTRAINT  =       174.7707
 EAMBER (non-restraint)  =    -43773.2187
 ------------------------------------------------------------------------------

wrapping first mol.:       20.29907       28.70721       49.72235
wrapping first mol.:       20.29907       28.70721       49.72235

 NSTEP =    16500   TIME(PS) =     373.000  TEMP(K) =   301.26  PRESS =     0.0
 Etot   =    -34376.1869  EKtot   =      9216.7500  EPtot      =    -43592.9369
 BOND   =       344.3367  ANGLE   =      1000.6463  DIHED      =      1364.1095
 1-4 NB =       459.6225  1-4 EEL =      6285.0390  VDWAALS    =      4924.3840
 EELEC  =    -58131.5848  EHBOND  =         0.0000  RESTRAINT  =       160.5099
 EAMBER (non-restraint)  =    -43753.4468
 ------------------------------------------------------------------------------

wrapping first mol.:       20.29907       28.70721       49.72235
wrapping first mol.:       20.29907       28.70721       49.72235

 NSTEP =    17000   TIME(PS) =     374.000  TEMP(K) =   295.65  PRESS =     0.0
 Etot   =    -34363.9792  EKtot   =      9045.0908  EPtot      =    -43409.0700
 BOND   =       327.6178  ANGLE   =      1050.4869  DIHED      =      1369.9292
 1-4 NB =       463.0129  1-4 EEL =      6293.5060  VDWAALS    =      4815.1103
 EELEC  =    -57904.9000  EHBOND  =         0.0000  RESTRAINT  =       176.1668
 EAMBER (non-restraint)  =    -43585.2368
 ------------------------------------------------------------------------------

wrapping first mol.:       20.29907       28.70721       49.72235
wrapping first mol.:       20.29907       28.70721       49.72235

 NSTEP =    17500   TIME(PS) =     375.000  TEMP(K) =   298.03  PRESS =     0.0
 Etot   =    -34377.4085  EKtot   =      9117.9248  EPtot      =    -43495.3333
 BOND   =       326.4191  ANGLE   =      1071.4793  DIHED      =      1361.1257
 1-4 NB =       451.4765  1-4 EEL =      6289.5953  VDWAALS    =      4700.5551
 EELEC  =    -57865.2366  EHBOND  =         0.0000  RESTRAINT  =       169.2524
 EAMBER (non-restraint)  =    -43664.5857
 ------------------------------------------------------------------------------

wrapping first mol.:       20.29907       28.70721       49.72235
wrapping first mol.:       20.29907       28.70721       49.72235

 NSTEP =    18000   TIME(PS) =     376.000  TEMP(K) =   302.83  PRESS =     0.0
 Etot   =    -34408.8650  EKtot   =      9264.6260  EPtot      =    -43673.4910
 BOND   =       341.2073  ANGLE   =      1047.9463  DIHED      =      1365.9897
 1-4 NB =       460.2327  1-4 EEL =      6307.0041  VDWAALS    =      4836.4697
 EELEC  =    -58188.4993  EHBOND  =         0.0000  RESTRAINT  =       156.1586
 EAMBER (non-restraint)  =    -43829.6496
 ------------------------------------------------------------------------------

wrapping first mol.:       20.29907       28.70721       49.72235
wrapping first mol.:       20.29907       28.70721       49.72235

 NSTEP =    18500   TIME(PS) =     377.000  TEMP(K) =   299.94  PRESS =     0.0
 Etot   =    -34360.8962  EKtot   =      9176.4346  EPtot      =    -43537.3308
 BOND   =       328.6472  ANGLE   =      1012.4615  DIHED      =      1371.2571
 1-4 NB =       468.9735  1-4 EEL =      6315.8342  VDWAALS    =      4761.6161
 EELEC  =    -57977.0787  EHBOND  =         0.0000  RESTRAINT  =       180.9583
 EAMBER (non-restraint)  =    -43718.2891
 ------------------------------------------------------------------------------

wrapping first mol.:       20.29907       28.70721       49.72235
wrapping first mol.:       20.29907       28.70721       49.72235

 NSTEP =    19000   TIME(PS) =     378.000  TEMP(K) =   297.14  PRESS =     0.0
 Etot   =    -34479.4002  EKtot   =      9090.6328  EPtot      =    -43570.0330
 BOND   =       344.7256  ANGLE   =      1003.2566  DIHED      =      1367.7064
 1-4 NB =       457.5206  1-4 EEL =      6312.7556  VDWAALS    =      4781.3673
 EELEC  =    -58003.6700  EHBOND  =         0.0000  RESTRAINT  =       166.3048
 EAMBER (non-restraint)  =    -43736.3378
 ------------------------------------------------------------------------------

wrapping first mol.:       20.29907       28.70721       49.72235
wrapping first mol.:       20.29907       28.70721       49.72235

 NSTEP =    19500   TIME(PS) =     379.000  TEMP(K) =   294.53  PRESS =     0.0
 Etot   =    -34491.7379  EKtot   =      9010.7070  EPtot      =    -43502.4449
 BOND   =       325.1116  ANGLE   =      1032.2353  DIHED      =      1358.1578
 1-4 NB =       460.3850  1-4 EEL =      6303.1467  VDWAALS    =      4721.9955
 EELEC  =    -57856.4640  EHBOND  =         0.0000  RESTRAINT  =       152.9871
 EAMBER (non-restraint)  =    -43655.4320
 ------------------------------------------------------------------------------

wrapping first mol.:       20.29907       28.70721       49.72235
wrapping first mol.:       20.29907       28.70721       49.72235

 NSTEP =    20000   TIME(PS) =     380.000  TEMP(K) =   298.84  PRESS =     0.0
 Etot   =    -34244.7554  EKtot   =      9142.7930  EPtot      =    -43387.5484
 BOND   =       346.8366  ANGLE   =      1036.3143  DIHED      =      1354.1600
 1-4 NB =       468.8424  1-4 EEL =      6329.6398  VDWAALS    =      4733.3767
 EELEC  =    -57825.6292  EHBOND  =         0.0000  RESTRAINT  =       168.9110
 EAMBER (non-restraint)  =    -43556.4594
 ------------------------------------------------------------------------------

wrapping first mol.:       20.29907       28.70721       49.72235
wrapping first mol.:       20.29907       28.70721       49.72235

 NSTEP =    20500   TIME(PS) =     381.000  TEMP(K) =   300.54  PRESS =     0.0
 Etot   =    -34292.8175  EKtot   =      9194.6904  EPtot      =    -43487.5080
 BOND   =       356.4212  ANGLE   =      1073.4262  DIHED      =      1355.1801
 1-4 NB =       463.0741  1-4 EEL =      6337.9482  VDWAALS    =      4822.3857
 EELEC  =    -58059.1212  EHBOND  =         0.0000  RESTRAINT  =       163.1777
 EAMBER (non-restraint)  =    -43650.6857
 ------------------------------------------------------------------------------

wrapping first mol.:       20.29907       28.70721       49.72235
wrapping first mol.:       20.29907       28.70721       49.72235

 NSTEP =    21000   TIME(PS) =     382.000  TEMP(K) =   299.28  PRESS =     0.0
 Etot   =    -34311.2649  EKtot   =      9156.2393  EPtot      =    -43467.5042
 BOND   =       354.1784  ANGLE   =      1021.7903  DIHED      =      1380.9314
 1-4 NB =       449.5561  1-4 EEL =      6274.7742  VDWAALS    =      4624.2234
 EELEC  =    -57734.6438  EHBOND  =         0.0000  RESTRAINT  =       161.6859
 EAMBER (non-restraint)  =    -43629.1900
 ------------------------------------------------------------------------------

wrapping first mol.:       20.29907       28.70721       49.72235
wrapping first mol.:       20.29907       28.70721       49.72235

 NSTEP =    21500   TIME(PS) =     383.000  TEMP(K) =   302.69  PRESS =     0.0
 Etot   =    -33889.3529  EKtot   =      9260.3467  EPtot      =    -43149.6996
 BOND   =       317.3126  ANGLE   =      1057.9978  DIHED      =      1386.2356
 1-4 NB =       455.4267  1-4 EEL =      6296.6607  VDWAALS    =      4427.8519
 EELEC  =    -57256.6706  EHBOND  =         0.0000  RESTRAINT  =       165.4857
 EAMBER (non-restraint)  =    -43315.1853
 ------------------------------------------------------------------------------

wrapping first mol.:       20.29907       28.70721       49.72235
wrapping first mol.:       20.29907       28.70721       49.72235

 NSTEP =    22000   TIME(PS) =     384.000  TEMP(K) =   304.15  PRESS =     0.0
 Etot   =    -34157.6301  EKtot   =      9305.0625  EPtot      =    -43462.6926
 BOND   =       331.0679  ANGLE   =      1017.4294  DIHED      =      1372.5411
 1-4 NB =       473.6462  1-4 EEL =      6306.2221  VDWAALS    =      4890.4271
 EELEC  =    -58014.9345  EHBOND  =         0.0000  RESTRAINT  =       160.9081
 EAMBER (non-restraint)  =    -43623.6007
 ------------------------------------------------------------------------------

wrapping first mol.:       20.29907       28.70721       49.72235
wrapping first mol.:       20.29907       28.70721       49.72235

 NSTEP =    22500   TIME(PS) =     385.000  TEMP(K) =   299.90  PRESS =     0.0
 Etot   =    -34340.3298  EKtot   =      9175.1152  EPtot      =    -43515.4450
 BOND   =       352.0367  ANGLE   =      1079.4556  DIHED      =      1379.2581
 1-4 NB =       459.8989  1-4 EEL =      6287.5338  VDWAALS    =      4648.5403
 EELEC  =    -57875.6922  EHBOND  =         0.0000  RESTRAINT  =       153.5238
 EAMBER (non-restraint)  =    -43668.9688
 ------------------------------------------------------------------------------

wrapping first mol.:       20.29907       28.70721       49.72235
wrapping first mol.:       20.29907       28.70721       49.72235

 NSTEP =    23000   TIME(PS) =     386.000  TEMP(K) =   303.07  PRESS =     0.0
 Etot   =    -34425.0677  EKtot   =      9271.9346  EPtot      =    -43697.0023
 BOND   =       328.8789  ANGLE   =      1015.5964  DIHED      =      1350.1846
 1-4 NB =       469.0150  1-4 EEL =      6316.8335  VDWAALS    =      4867.7930
 EELEC  =    -58206.5863  EHBOND  =         0.0000  RESTRAINT  =       161.2824
 EAMBER (non-restraint)  =    -43858.2847
 ------------------------------------------------------------------------------

wrapping first mol.:       20.29907       28.70721       49.72235
wrapping first mol.:       20.29907       28.70721       49.72235

 NSTEP =    23500   TIME(PS) =     387.000  TEMP(K) =   298.27  PRESS =     0.0
 Etot   =    -34336.3589  EKtot   =      9125.1045  EPtot      =    -43461.4634
 BOND   =       328.9313  ANGLE   =      1044.6356  DIHED      =      1349.5359
 1-4 NB =       466.5512  1-4 EEL =      6288.7978  VDWAALS    =      4916.7661
 EELEC  =    -58017.8603  EHBOND  =         0.0000  RESTRAINT  =       161.1789
 EAMBER (non-restraint)  =    -43622.6423
 ------------------------------------------------------------------------------

wrapping first mol.:       20.29907       28.70721       49.72235
wrapping first mol.:       20.29907       28.70721       49.72235

 NSTEP =    24000   TIME(PS) =     388.000  TEMP(K) =   297.50  PRESS =     0.0
 Etot   =    -34594.0672  EKtot   =      9101.6055  EPtot      =    -43695.6726
 BOND   =       336.6157  ANGLE   =      1027.6300  DIHED      =      1371.2358
 1-4 NB =       458.5149  1-4 EEL =      6262.7453  VDWAALS    =      4684.0908
 EELEC  =    -58019.7838  EHBOND  =         0.0000  RESTRAINT  =       183.2786
 EAMBER (non-restraint)  =    -43878.9512
 ------------------------------------------------------------------------------

wrapping first mol.:       20.29907       28.70721       49.72235
wrapping first mol.:       20.29907       28.70721       49.72235

 NSTEP =    24500   TIME(PS) =     389.000  TEMP(K) =   297.18  PRESS =     0.0
 Etot   =    -34385.4155  EKtot   =      9091.8418  EPtot      =    -43477.2573
 BOND   =       325.8797  ANGLE   =      1057.9986  DIHED      =      1382.0566
 1-4 NB =       472.6220  1-4 EEL =      6322.0661  VDWAALS    =      4768.5297
 EELEC  =    -57976.8605  EHBOND  =         0.0000  RESTRAINT  =       170.4505
 EAMBER (non-restraint)  =    -43647.7078
 ------------------------------------------------------------------------------

wrapping first mol.:       20.29907       28.70721       49.72235
wrapping first mol.:       20.29907       28.70721       49.72235

 NSTEP =    25000   TIME(PS) =     390.000  TEMP(K) =   301.06  PRESS =     0.0
 Etot   =    -34442.5036  EKtot   =      9210.7207  EPtot      =    -43653.2243
 BOND   =       319.9435  ANGLE   =      1067.4417  DIHED      =      1380.4760
 1-4 NB =       455.0474  1-4 EEL =      6332.6662  VDWAALS    =      4781.8038
 EELEC  =    -58161.1280  EHBOND  =         0.0000  RESTRAINT  =       170.5250
 EAMBER (non-restraint)  =    -43823.7493
 ------------------------------------------------------------------------------

wrapping first mol.:       20.29907       28.70721       49.72235
wrapping first mol.:       20.29907       28.70721       49.72235

 NSTEP =    25500   TIME(PS) =     391.000  TEMP(K) =   293.49  PRESS =     0.0
 Etot   =    -34511.0963  EKtot   =      8978.9561  EPtot      =    -43490.0523
 BOND   =       342.8063  ANGLE   =      1026.7017  DIHED      =      1350.2744
 1-4 NB =       458.6320  1-4 EEL =      6318.8753  VDWAALS    =      4806.0586
 EELEC  =    -57956.0137  EHBOND  =         0.0000  RESTRAINT  =       162.6131
 EAMBER (non-restraint)  =    -43652.6655
 ------------------------------------------------------------------------------

wrapping first mol.:       20.29907       28.70721       49.72235
wrapping first mol.:       20.29907       28.70721       49.72235

 NSTEP =    26000   TIME(PS) =     392.000  TEMP(K) =   299.06  PRESS =     0.0
 Etot   =    -34270.5478  EKtot   =      9149.4707  EPtot      =    -43420.0185
 BOND   =       360.4637  ANGLE   =      1046.9748  DIHED      =      1382.3980
 1-4 NB =       449.7255  1-4 EEL =      6316.1324  VDWAALS    =      4812.4941
 EELEC  =    -57955.7615  EHBOND  =         0.0000  RESTRAINT  =       167.5545
 EAMBER (non-restraint)  =    -43587.5730
 ------------------------------------------------------------------------------

wrapping first mol.:       20.29907       28.70721       49.72235
wrapping first mol.:       20.29907       28.70721       49.72235

 NSTEP =    26500   TIME(PS) =     393.000  TEMP(K) =   297.15  PRESS =     0.0
 Etot   =    -34542.6357  EKtot   =      9090.9551  EPtot      =    -43633.5908
 BOND   =       351.2356  ANGLE   =      1072.5198  DIHED      =      1364.0262
 1-4 NB =       466.1723  1-4 EEL =      6291.7135  VDWAALS    =      4815.3618
 EELEC  =    -58162.3433  EHBOND  =         0.0000  RESTRAINT  =       167.7232
 EAMBER (non-restraint)  =    -43801.3140
 ------------------------------------------------------------------------------

wrapping first mol.:       20.29907       28.70721       49.72235
wrapping first mol.:       20.29907       28.70721       49.72235

 NSTEP =    27000   TIME(PS) =     394.000  TEMP(K) =   294.96  PRESS =     0.0
 Etot   =    -34530.1998  EKtot   =      9024.0820  EPtot      =    -43554.2818
 BOND   =       341.8355  ANGLE   =      1041.2974  DIHED      =      1373.3985
 1-4 NB =       454.7437  1-4 EEL =      6300.3606  VDWAALS    =      4618.4438
 EELEC  =    -57855.0672  EHBOND  =         0.0000  RESTRAINT  =       170.7057
 EAMBER (non-restraint)  =    -43724.9876
 ------------------------------------------------------------------------------

wrapping first mol.:       20.29907       28.70721       49.72235
wrapping first mol.:       20.29907       28.70721       49.72235

 NSTEP =    27500   TIME(PS) =     395.000  TEMP(K) =   301.41  PRESS =     0.0
 Etot   =    -34318.5092  EKtot   =      9221.3174  EPtot      =    -43539.8266
 BOND   =       318.5696  ANGLE   =      1037.9756  DIHED      =      1364.0065
 1-4 NB =       456.2540  1-4 EEL =      6303.5013  VDWAALS    =      4762.7259
 EELEC  =    -57951.8582  EHBOND  =         0.0000  RESTRAINT  =       168.9987
 EAMBER (non-restraint)  =    -43708.8253
 ------------------------------------------------------------------------------

wrapping first mol.:       20.29907       28.70721       49.72235
wrapping first mol.:       20.29907       28.70721       49.72235

 NSTEP =    28000   TIME(PS) =     396.000  TEMP(K) =   297.58  PRESS =     0.0
 Etot   =    -34407.8264  EKtot   =      9103.9912  EPtot      =    -43511.8176
 BOND   =       330.1901  ANGLE   =      1029.2232  DIHED      =      1369.4182
 1-4 NB =       465.5069  1-4 EEL =      6285.0722  VDWAALS    =      4676.8679
 EELEC  =    -57837.7166  EHBOND  =         0.0000  RESTRAINT  =       169.6204
 EAMBER (non-restraint)  =    -43681.4381
 ------------------------------------------------------------------------------

wrapping first mol.:       20.29907       28.70721       49.72235
wrapping first mol.:       20.29907       28.70721       49.72235

 NSTEP =    28500   TIME(PS) =     397.000  TEMP(K) =   300.68  PRESS =     0.0
 Etot   =    -34276.2479  EKtot   =      9199.0244  EPtot      =    -43475.2723
 BOND   =       354.0242  ANGLE   =      1061.5691  DIHED      =      1397.2394
 1-4 NB =       455.4210  1-4 EEL =      6289.9851  VDWAALS    =      4841.3904
 EELEC  =    -58039.8819  EHBOND  =         0.0000  RESTRAINT  =       164.9804
 EAMBER (non-restraint)  =    -43640.2528
 ------------------------------------------------------------------------------

wrapping first mol.:       20.29907       28.70721       49.72235
wrapping first mol.:       20.29907       28.70721       49.72235

 NSTEP =    29000   TIME(PS) =     398.000  TEMP(K) =   295.71  PRESS =     0.0
 Etot   =    -34327.9342  EKtot   =      9046.9824  EPtot      =    -43374.9166
 BOND   =       300.8336  ANGLE   =       986.4527  DIHED      =      1368.7579
 1-4 NB =       457.9648  1-4 EEL =      6334.6915  VDWAALS    =      4568.7537
 EELEC  =    -57547.5461  EHBOND  =         0.0000  RESTRAINT  =       155.1753
 EAMBER (non-restraint)  =    -43530.0919
 ------------------------------------------------------------------------------

wrapping first mol.:       20.29907       28.70721       49.72235
wrapping first mol.:       20.29907       28.70721       49.72235

 NSTEP =    29500   TIME(PS) =     399.000  TEMP(K) =   301.28  PRESS =     0.0
 Etot   =    -34491.1208  EKtot   =      9217.3926  EPtot      =    -43708.5134
 BOND   =       324.9909  ANGLE   =      1009.6569  DIHED      =      1361.2518
 1-4 NB =       464.1078  1-4 EEL =      6320.3338  VDWAALS    =      4794.6118
 EELEC  =    -58138.0371  EHBOND  =         0.0000  RESTRAINT  =       154.5706
 EAMBER (non-restraint)  =    -43863.0841
 ------------------------------------------------------------------------------

wrapping first mol.:       20.29907       28.70721       49.72235
wrapping first mol.:       20.29907       28.70721       49.72235

 NSTEP =    30000   TIME(PS) =     400.000  TEMP(K) =   300.89  PRESS =     0.0
 Etot   =    -34323.8537  EKtot   =      9205.2559  EPtot      =    -43529.1096
 BOND   =       330.9015  ANGLE   =      1020.0371  DIHED      =      1353.7157
 1-4 NB =       455.6326  1-4 EEL =      6316.1669  VDWAALS    =      4910.1999
 EELEC  =    -58072.5804  EHBOND  =         0.0000  RESTRAINT  =       156.8172
 EAMBER (non-restraint)  =    -43685.9268
 ------------------------------------------------------------------------------

wrapping first mol.:       20.29907       28.70721       49.72235
wrapping first mol.:       20.29907       28.70721       49.72235

 NSTEP =    30500   TIME(PS) =     401.000  TEMP(K) =   299.75  PRESS =     0.0
 Etot   =    -34238.3683  EKtot   =      9170.5771  EPtot      =    -43408.9455
 BOND   =       339.1538  ANGLE   =      1056.5088  DIHED      =      1397.6424
 1-4 NB =       454.6172  1-4 EEL =      6281.3185  VDWAALS    =      4720.7916
 EELEC  =    -57827.7165  EHBOND  =         0.0000  RESTRAINT  =       168.7387
 EAMBER (non-restraint)  =    -43577.6842
 ------------------------------------------------------------------------------

wrapping first mol.:       20.29907       28.70721       49.72235
wrapping first mol.:       20.29907       28.70721       49.72235

 NSTEP =    31000   TIME(PS) =     402.000  TEMP(K) =   297.45  PRESS =     0.0
 Etot   =    -34368.6052  EKtot   =      9100.1143  EPtot      =    -43468.7194
 BOND   =       354.3241  ANGLE   =      1027.3045  DIHED      =      1359.2196
 1-4 NB =       461.1318  1-4 EEL =      6297.2662  VDWAALS    =      4559.9190
 EELEC  =    -57676.3814  EHBOND  =         0.0000  RESTRAINT  =       148.4969
 EAMBER (non-restraint)  =    -43617.2163
 ------------------------------------------------------------------------------

wrapping first mol.:       20.29907       28.70721       49.72235
wrapping first mol.:       20.29907       28.70721       49.72235

 NSTEP =    31500   TIME(PS) =     403.000  TEMP(K) =   295.04  PRESS =     0.0
 Etot   =    -34417.5265  EKtot   =      9026.5420  EPtot      =    -43444.0685
 BOND   =       345.9824  ANGLE   =      1020.3976  DIHED      =      1382.5443
 1-4 NB =       471.0892  1-4 EEL =      6331.4757  VDWAALS    =      4747.6404
 EELEC  =    -57903.4125  EHBOND  =         0.0000  RESTRAINT  =       160.2143
 EAMBER (non-restraint)  =    -43604.2827
 ------------------------------------------------------------------------------

wrapping first mol.:       20.29907       28.70721       49.72235
wrapping first mol.:       20.29907       28.70721       49.72235

 NSTEP =    32000   TIME(PS) =     404.000  TEMP(K) =   302.68  PRESS =     0.0
 Etot   =    -34334.2965  EKtot   =      9260.0117  EPtot      =    -43594.3082
 BOND   =       328.1137  ANGLE   =      1053.7738  DIHED      =      1384.6328
 1-4 NB =       471.0146  1-4 EEL =      6312.4196  VDWAALS    =      4762.5943
 EELEC  =    -58076.5738  EHBOND  =         0.0000  RESTRAINT  =       169.7168
 EAMBER (non-restraint)  =    -43764.0250
 ------------------------------------------------------------------------------

wrapping first mol.:       20.29907       28.70721       49.72235
wrapping first mol.:       20.29907       28.70721       49.72235

 NSTEP =    32500   TIME(PS) =     405.000  TEMP(K) =   299.58  PRESS =     0.0
 Etot   =    -34296.5825  EKtot   =      9165.4346  EPtot      =    -43462.0170
 BOND   =       325.2484  ANGLE   =      1054.0579  DIHED      =      1382.4868
 1-4 NB =       482.9045  1-4 EEL =      6321.2123  VDWAALS    =      4585.5570
 EELEC  =    -57777.8196  EHBOND  =         0.0000  RESTRAINT  =       164.3357
 EAMBER (non-restraint)  =    -43626.3527
 ------------------------------------------------------------------------------

wrapping first mol.:       20.29907       28.70721       49.72235
wrapping first mol.:       20.29907       28.70721       49.72235

 NSTEP =    33000   TIME(PS) =     406.000  TEMP(K) =   299.49  PRESS =     0.0
 Etot   =    -34429.2210  EKtot   =      9162.4229  EPtot      =    -43591.6439
 BOND   =       358.9840  ANGLE   =      1044.9422  DIHED      =      1369.2551
 1-4 NB =       464.8711  1-4 EEL =      6275.6226  VDWAALS    =      4799.3778
 EELEC  =    -58069.4446  EHBOND  =         0.0000  RESTRAINT  =       164.7478
 EAMBER (non-restraint)  =    -43756.3917
 ------------------------------------------------------------------------------

wrapping first mol.:       20.29907       28.70721       49.72235
wrapping first mol.:       20.29907       28.70721       49.72235

 NSTEP =    33500   TIME(PS) =     407.000  TEMP(K) =   296.87  PRESS =     0.0
 Etot   =    -34450.6241  EKtot   =      9082.2803  EPtot      =    -43532.9044
 BOND   =       359.2286  ANGLE   =      1018.7089  DIHED      =      1365.9310
 1-4 NB =       463.8754  1-4 EEL =      6302.8024  VDWAALS    =      4879.8690
 EELEC  =    -58094.4707  EHBOND  =         0.0000  RESTRAINT  =       171.1512
 EAMBER (non-restraint)  =    -43704.0555
 ------------------------------------------------------------------------------

wrapping first mol.:       20.29907       28.70721       49.72235
wrapping first mol.:       20.29907       28.70721       49.72235

 NSTEP =    34000   TIME(PS) =     408.000  TEMP(K) =   302.22  PRESS =     0.0
 Etot   =    -34469.5546  EKtot   =      9246.0889  EPtot      =    -43715.6435
 BOND   =       305.4199  ANGLE   =      1000.7154  DIHED      =      1359.6619
 1-4 NB =       463.9281  1-4 EEL =      6290.4071  VDWAALS    =      4667.4322
 EELEC  =    -57971.0772  EHBOND  =         0.0000  RESTRAINT  =       167.8691
 EAMBER (non-restraint)  =    -43883.5126
 ------------------------------------------------------------------------------

wrapping first mol.:       20.29907       28.70721       49.72235
wrapping first mol.:       20.29907       28.70721       49.72235

 NSTEP =    34500   TIME(PS) =     409.000  TEMP(K) =   297.68  PRESS =     0.0
 Etot   =    -34387.3425  EKtot   =      9107.2188  EPtot      =    -43494.5613
 BOND   =       361.9389  ANGLE   =      1056.5102  DIHED      =      1366.4022
 1-4 NB =       444.1200  1-4 EEL =      6244.3594  VDWAALS    =      4835.0479
 EELEC  =    -57972.4584  EHBOND  =         0.0000  RESTRAINT  =       169.5186
 EAMBER (non-restraint)  =    -43664.0798
 ------------------------------------------------------------------------------

wrapping first mol.:       20.29907       28.70721       49.72235
wrapping first mol.:       20.29907       28.70721       49.72235

 NSTEP =    35000   TIME(PS) =     410.000  TEMP(K) =   297.28  PRESS =     0.0
 Etot   =    -34442.5837  EKtot   =      9094.9629  EPtot      =    -43537.5466
 BOND   =       347.5128  ANGLE   =      1022.5399  DIHED      =      1374.4480
 1-4 NB =       467.1665  1-4 EEL =      6293.5805  VDWAALS    =      4847.1920
 EELEC  =    -58057.0232  EHBOND  =         0.0000  RESTRAINT  =       167.0370
 EAMBER (non-restraint)  =    -43704.5836
 ------------------------------------------------------------------------------

wrapping first mol.:       20.29907       28.70721       49.72235
wrapping first mol.:       20.29907       28.70721       49.72235

 NSTEP =    35500   TIME(PS) =     411.000  TEMP(K) =   298.44  PRESS =     0.0
 Etot   =    -34242.1371  EKtot   =      9130.3057  EPtot      =    -43372.4428
 BOND   =       335.8607  ANGLE   =      1021.6931  DIHED      =      1362.4064
 1-4 NB =       455.7221  1-4 EEL =      6315.0079  VDWAALS    =      4460.0557
 EELEC  =    -57486.1459  EHBOND  =         0.0000  RESTRAINT  =       162.9572
 EAMBER (non-restraint)  =    -43535.4000
 ------------------------------------------------------------------------------

wrapping first mol.:       20.29907       28.70721       49.72235
wrapping first mol.:       20.29907       28.70721       49.72235

 NSTEP =    36000   TIME(PS) =     412.000  TEMP(K) =   299.46  PRESS =     0.0
 Etot   =    -34376.4734  EKtot   =      9161.6182  EPtot      =    -43538.0915
 BOND   =       339.9238  ANGLE   =      1083.0058  DIHED      =      1380.1691
 1-4 NB =       455.6276  1-4 EEL =      6305.3782  VDWAALS    =      4640.7234
 EELEC  =    -57916.4934  EHBOND  =         0.0000  RESTRAINT  =       173.5741
 EAMBER (non-restraint)  =    -43711.6656
 ------------------------------------------------------------------------------

wrapping first mol.:       20.29907       28.70721       49.72235
wrapping first mol.:       20.29907       28.70721       49.72235

 NSTEP =    36500   TIME(PS) =     413.000  TEMP(K) =   303.11  PRESS =     0.0
 Etot   =    -34357.2283  EKtot   =      9273.2236  EPtot      =    -43630.4519
 BOND   =       334.4654  ANGLE   =      1056.6023  DIHED      =      1378.7340
 1-4 NB =       470.1778  1-4 EEL =      6270.1135  VDWAALS    =      4769.2969
 EELEC  =    -58083.7087  EHBOND  =         0.0000  RESTRAINT  =       173.8668
 EAMBER (non-restraint)  =    -43804.3187
 ------------------------------------------------------------------------------

wrapping first mol.:       20.29907       28.70721       49.72235
wrapping first mol.:       20.29907       28.70721       49.72235

 NSTEP =    37000   TIME(PS) =     414.000  TEMP(K) =   300.11  PRESS =     0.0
 Etot   =    -34306.3842  EKtot   =      9181.4668  EPtot      =    -43487.8510
 BOND   =       331.1757  ANGLE   =      1027.0625  DIHED      =      1364.0987
 1-4 NB =       463.0076  1-4 EEL =      6290.2010  VDWAALS    =      4785.4693
 EELEC  =    -57916.6416  EHBOND  =         0.0000  RESTRAINT  =       167.7758
 EAMBER (non-restraint)  =    -43655.6268
 ------------------------------------------------------------------------------

wrapping first mol.:       20.29907       28.70721       49.72235
wrapping first mol.:       20.29907       28.70721       49.72235

 NSTEP =    37500   TIME(PS) =     415.000  TEMP(K) =   295.85  PRESS =     0.0
 Etot   =    -34833.7335  EKtot   =      9051.0469  EPtot      =    -43884.7804
 BOND   =       320.3348  ANGLE   =      1027.5198  DIHED      =      1362.6103
 1-4 NB =       457.8771  1-4 EEL =      6295.4582  VDWAALS    =      4876.1438
 EELEC  =    -58387.4983  EHBOND  =         0.0000  RESTRAINT  =       162.7738
 EAMBER (non-restraint)  =    -44047.5542
 ------------------------------------------------------------------------------

wrapping first mol.:       20.29907       28.70721       49.72235
wrapping first mol.:       20.29907       28.70721       49.72235

 NSTEP =    38000   TIME(PS) =     416.000  TEMP(K) =   299.67  PRESS =     0.0
 Etot   =    -34472.3743  EKtot   =      9167.9727  EPtot      =    -43640.3470
 BOND   =       306.6334  ANGLE   =      1042.3614  DIHED      =      1383.6381
 1-4 NB =       463.6076  1-4 EEL =      6281.5546  VDWAALS    =      4837.3706
 EELEC  =    -58116.1024  EHBOND  =         0.0000  RESTRAINT  =       160.5899
 EAMBER (non-restraint)  =    -43800.9368
 ------------------------------------------------------------------------------

wrapping first mol.:       20.29907       28.70721       49.72235
wrapping first mol.:       20.29907       28.70721       49.72235

 NSTEP =    38500   TIME(PS) =     417.000  TEMP(K) =   301.16  PRESS =     0.0
 Etot   =    -34537.4418  EKtot   =      9213.5264  EPtot      =    -43750.9682
 BOND   =       328.2124  ANGLE   =      1023.3471  DIHED      =      1373.7391
 1-4 NB =       451.3138  1-4 EEL =      6276.7545  VDWAALS    =      4806.4426
 EELEC  =    -58178.4463  EHBOND  =         0.0000  RESTRAINT  =       167.6686
 EAMBER (non-restraint)  =    -43918.6368
 ------------------------------------------------------------------------------

wrapping first mol.:       20.29907       28.70721       49.72235
wrapping first mol.:       20.29907       28.70721       49.72235

 NSTEP =    39000   TIME(PS) =     418.000  TEMP(K) =   298.10  PRESS =     0.0
 Etot   =    -34698.5874  EKtot   =      9120.0830  EPtot      =    -43818.6704
 BOND   =       323.5273  ANGLE   =      1028.7919  DIHED      =      1364.6919
 1-4 NB =       456.3225  1-4 EEL =      6324.2455  VDWAALS    =      4829.3249
 EELEC  =    -58307.7795  EHBOND  =         0.0000  RESTRAINT  =       162.2050
 EAMBER (non-restraint)  =    -43980.8755
 ------------------------------------------------------------------------------

wrapping first mol.:       20.29907       28.70721       49.72235
wrapping first mol.:       20.29907       28.70721       49.72235

 NSTEP =    39500   TIME(PS) =     419.000  TEMP(K) =   302.56  PRESS =     0.0
 Etot   =    -34455.7119  EKtot   =      9256.6084  EPtot      =    -43712.3203
 BOND   =       335.8708  ANGLE   =      1060.2516  DIHED      =      1361.9343
 1-4 NB =       472.8419  1-4 EEL =      6291.9905  VDWAALS    =      4648.0528
 EELEC  =    -58031.7090  EHBOND  =         0.0000  RESTRAINT  =       148.4468
 EAMBER (non-restraint)  =    -43860.7671
 ------------------------------------------------------------------------------

wrapping first mol.:       20.29907       28.70721       49.72235
wrapping first mol.:       20.29907       28.70721       49.72235

 NSTEP =    40000   TIME(PS) =     420.000  TEMP(K) =   302.07  PRESS =     0.0
 Etot   =    -34312.1428  EKtot   =      9241.3672  EPtot      =    -43553.5100
 BOND   =       322.1782  ANGLE   =      1030.8927  DIHED      =      1387.0140
 1-4 NB =       462.8621  1-4 EEL =      6304.6976  VDWAALS    =      4660.9436
 EELEC  =    -57885.7483  EHBOND  =         0.0000  RESTRAINT  =       163.6501
 EAMBER (non-restraint)  =    -43717.1600
 ------------------------------------------------------------------------------

wrapping first mol.:       20.29907       28.70721       49.72235
wrapping first mol.:       20.29907       28.70721       49.72235

 NSTEP =    40500   TIME(PS) =     421.000  TEMP(K) =   299.98  PRESS =     0.0
 Etot   =    -34296.1203  EKtot   =      9177.5449  EPtot      =    -43473.6652
 BOND   =       340.3091  ANGLE   =      1052.6724  DIHED      =      1372.7482
 1-4 NB =       461.2946  1-4 EEL =      6314.9292  VDWAALS    =      4848.4486
 EELEC  =    -58057.6695  EHBOND  =         0.0000  RESTRAINT  =       193.6023
 EAMBER (non-restraint)  =    -43667.2675
 ------------------------------------------------------------------------------

wrapping first mol.:       20.29907       28.70721       49.72235
wrapping first mol.:       20.29907       28.70721       49.72235

 NSTEP =    41000   TIME(PS) =     422.000  TEMP(K) =   297.51  PRESS =     0.0
 Etot   =    -34431.8801  EKtot   =      9102.0479  EPtot      =    -43533.9279
 BOND   =       362.6141  ANGLE   =      1065.6410  DIHED      =      1379.6902
 1-4 NB =       448.8057  1-4 EEL =      6286.0520  VDWAALS    =      4730.5273
 EELEC  =    -57978.9368  EHBOND  =         0.0000  RESTRAINT  =       171.6785
 EAMBER (non-restraint)  =    -43705.6064
 ------------------------------------------------------------------------------

wrapping first mol.:       20.29907       28.70721       49.72235
wrapping first mol.:       20.29907       28.70721       49.72235

 NSTEP =    41500   TIME(PS) =     423.000  TEMP(K) =   301.23  PRESS =     0.0
 Etot   =    -34476.3311  EKtot   =      9215.6562  EPtot      =    -43691.9874
 BOND   =       327.6777  ANGLE   =      1020.5678  DIHED      =      1375.3149
 1-4 NB =       448.9371  1-4 EEL =      6285.5809  VDWAALS    =      4770.2584
 EELEC  =    -58093.3533  EHBOND  =         0.0000  RESTRAINT  =       173.0290
 EAMBER (non-restraint)  =    -43865.0164
 ------------------------------------------------------------------------------

wrapping first mol.:       20.29907       28.70721       49.72235
wrapping first mol.:       20.29907       28.70721       49.72235

 NSTEP =    42000   TIME(PS) =     424.000  TEMP(K) =   300.70  PRESS =     0.0
 Etot   =    -34363.1550  EKtot   =      9199.4131  EPtot      =    -43562.5681
 BOND   =       336.7392  ANGLE   =      1011.3228  DIHED      =      1367.5858
 1-4 NB =       466.7085  1-4 EEL =      6315.4652  VDWAALS    =      4816.1345
 EELEC  =    -58044.4718  EHBOND  =         0.0000  RESTRAINT  =       167.9478
 EAMBER (non-restraint)  =    -43730.5159
 ------------------------------------------------------------------------------

wrapping first mol.:       20.29907       28.70721       49.72235
wrapping first mol.:       20.29907       28.70721       49.72235

 NSTEP =    42500   TIME(PS) =     425.000  TEMP(K) =   303.30  PRESS =     0.0
 Etot   =    -34205.1958  EKtot   =      9279.0186  EPtot      =    -43484.2144
 BOND   =       321.0903  ANGLE   =      1057.0324  DIHED      =      1353.6594
 1-4 NB =       473.6459  1-4 EEL =      6300.5154  VDWAALS    =      4823.0479
 EELEC  =    -57999.8918  EHBOND  =         0.0000  RESTRAINT  =       186.6862
 EAMBER (non-restraint)  =    -43670.9006
 ------------------------------------------------------------------------------

wrapping first mol.:       20.29907       28.70721       49.72235
wrapping first mol.:       20.29907       28.70721       49.72235

 NSTEP =    43000   TIME(PS) =     426.000  TEMP(K) =   297.82  PRESS =     0.0
 Etot   =    -34390.2877  EKtot   =      9111.4287  EPtot      =    -43501.7164
 BOND   =       348.0171  ANGLE   =      1053.2642  DIHED      =      1373.4367
 1-4 NB =       461.7023  1-4 EEL =      6303.7217  VDWAALS    =      4758.0139
 EELEC  =    -57947.0585  EHBOND  =         0.0000  RESTRAINT  =       147.1862
 EAMBER (non-restraint)  =    -43648.9027
 ------------------------------------------------------------------------------

wrapping first mol.:       20.29907       28.70721       49.72235
wrapping first mol.:       20.29907       28.70721       49.72235

 NSTEP =    43500   TIME(PS) =     427.000  TEMP(K) =   303.91  PRESS =     0.0
 Etot   =    -34326.3329  EKtot   =      9297.9082  EPtot      =    -43624.2411
 BOND   =       303.5447  ANGLE   =      1033.1543  DIHED      =      1377.3165
 1-4 NB =       451.0475  1-4 EEL =      6306.1010  VDWAALS    =      4893.3098
 EELEC  =    -58154.2778  EHBOND  =         0.0000  RESTRAINT  =       165.5631
 EAMBER (non-restraint)  =    -43789.8042
 ------------------------------------------------------------------------------

wrapping first mol.:       20.29907       28.70721       49.72235
wrapping first mol.:       20.29907       28.70721       49.72235

 NSTEP =    44000   TIME(PS) =     428.000  TEMP(K) =   299.78  PRESS =     0.0
 Etot   =    -34306.6613  EKtot   =      9171.3047  EPtot      =    -43477.9660
 BOND   =       352.6399  ANGLE   =      1048.8315  DIHED      =      1382.7260
 1-4 NB =       472.5631  1-4 EEL =      6310.2381  VDWAALS    =      4678.4286
 EELEC  =    -57889.6195  EHBOND  =         0.0000  RESTRAINT  =       166.2263
 EAMBER (non-restraint)  =    -43644.1923
 ------------------------------------------------------------------------------

wrapping first mol.:       20.29907       28.70721       49.72235
wrapping first mol.:       20.29907       28.70721       49.72235

 NSTEP =    44500   TIME(PS) =     429.000  TEMP(K) =   299.09  PRESS =     0.0
 Etot   =    -34472.2256  EKtot   =      9150.4121  EPtot      =    -43622.6378
 BOND   =       338.2078  ANGLE   =      1070.6675  DIHED      =      1370.4837
 1-4 NB =       469.4499  1-4 EEL =      6321.7870  VDWAALS    =      4706.5409
 EELEC  =    -58069.1380  EHBOND  =         0.0000  RESTRAINT  =       169.3634
 EAMBER (non-restraint)  =    -43792.0012
 ------------------------------------------------------------------------------

wrapping first mol.:       20.29907       28.70721       49.72235
wrapping first mol.:       20.29907       28.70721       49.72235

 NSTEP =    45000   TIME(PS) =     430.000  TEMP(K) =   300.24  PRESS =     0.0
 Etot   =    -34464.3694  EKtot   =      9185.5615  EPtot      =    -43649.9309
 BOND   =       325.1667  ANGLE   =      1054.1754  DIHED      =      1371.8252
 1-4 NB =       449.8492  1-4 EEL =      6316.3962  VDWAALS    =      4676.7780
 EELEC  =    -58012.5324  EHBOND  =         0.0000  RESTRAINT  =       168.4107
 EAMBER (non-restraint)  =    -43818.3417
 ------------------------------------------------------------------------------

wrapping first mol.:       20.29907       28.70721       49.72235
wrapping first mol.:       20.29907       28.70721       49.72235

 NSTEP =    45500   TIME(PS) =     431.000  TEMP(K) =   301.43  PRESS =     0.0
 Etot   =    -34381.3638  EKtot   =      9221.7852  EPtot      =    -43603.1489
 BOND   =       301.0088  ANGLE   =      1040.1605  DIHED      =      1368.3888
 1-4 NB =       459.9906  1-4 EEL =      6327.1695  VDWAALS    =      4811.8494
 EELEC  =    -58077.1013  EHBOND  =         0.0000  RESTRAINT  =       165.3848
 EAMBER (non-restraint)  =    -43768.5337
 ------------------------------------------------------------------------------

wrapping first mol.:       20.29907       28.70721       49.72235
wrapping first mol.:       20.29907       28.70721       49.72235

 NSTEP =    46000   TIME(PS) =     432.000  TEMP(K) =   297.50  PRESS =     0.0
 Etot   =    -34500.8734  EKtot   =      9101.5439  EPtot      =    -43602.4174
 BOND   =       358.5589  ANGLE   =      1023.3939  DIHED      =      1377.9996
 1-4 NB =       462.0058  1-4 EEL =      6278.7852  VDWAALS    =      4706.6954
 EELEC  =    -57983.6252  EHBOND  =         0.0000  RESTRAINT  =       173.7691
 EAMBER (non-restraint)  =    -43776.1865
 ------------------------------------------------------------------------------

wrapping first mol.:       20.29907       28.70721       49.72235
wrapping first mol.:       20.29907       28.70721       49.72235

 NSTEP =    46500   TIME(PS) =     433.000  TEMP(K) =   301.54  PRESS =     0.0
 Etot   =    -34304.5083  EKtot   =      9225.1221  EPtot      =    -43529.6303
 BOND   =       325.6870  ANGLE   =      1044.7018  DIHED      =      1386.4265
 1-4 NB =       458.5313  1-4 EEL =      6291.2152  VDWAALS    =      4934.6646
 EELEC  =    -58144.5994  EHBOND  =         0.0000  RESTRAINT  =       173.7426
 EAMBER (non-restraint)  =    -43703.3729
 ------------------------------------------------------------------------------

wrapping first mol.:       20.29907       28.70721       49.72235
wrapping first mol.:       20.29907       28.70721       49.72235

 NSTEP =    47000   TIME(PS) =     434.000  TEMP(K) =   296.38  PRESS =     0.0
 Etot   =    -34439.7496  EKtot   =      9067.3818  EPtot      =    -43507.1314
 BOND   =       343.4413  ANGLE   =      1035.0531  DIHED      =      1365.5399
 1-4 NB =       468.9610  1-4 EEL =      6306.5780  VDWAALS    =      4787.9840
 EELEC  =    -57988.4826  EHBOND  =         0.0000  RESTRAINT  =       173.7938
 EAMBER (non-restraint)  =    -43680.9253
 ------------------------------------------------------------------------------

wrapping first mol.:       20.29907       28.70721       49.72235
wrapping first mol.:       20.29907       28.70721       49.72235

 NSTEP =    47500   TIME(PS) =     435.000  TEMP(K) =   300.61  PRESS =     0.0
 Etot   =    -34303.3185  EKtot   =      9196.7754  EPtot      =    -43500.0939
 BOND   =       341.0933  ANGLE   =      1009.5041  DIHED      =      1382.7453
 1-4 NB =       454.5854  1-4 EEL =      6304.7639  VDWAALS    =      4547.8935
 EELEC  =    -57685.0769  EHBOND  =         0.0000  RESTRAINT  =       144.3975
 EAMBER (non-restraint)  =    -43644.4914
 ------------------------------------------------------------------------------

wrapping first mol.:       20.29907       28.70721       49.72235
wrapping first mol.:       20.29907       28.70721       49.72235

 NSTEP =    48000   TIME(PS) =     436.000  TEMP(K) =   298.15  PRESS =     0.0
 Etot   =    -34393.6615  EKtot   =      9121.4072  EPtot      =    -43515.0687
 BOND   =       313.3538  ANGLE   =      1069.0614  DIHED      =      1355.8519
 1-4 NB =       468.4662  1-4 EEL =      6302.1193  VDWAALS    =      4789.7503
 EELEC  =    -57980.4567  EHBOND  =         0.0000  RESTRAINT  =       166.7853
 EAMBER (non-restraint)  =    -43681.8540
 ------------------------------------------------------------------------------

wrapping first mol.:       20.29907       28.70721       49.72235
wrapping first mol.:       20.29907       28.70721       49.72235

 NSTEP =    48500   TIME(PS) =     437.000  TEMP(K) =   300.78  PRESS =     0.0
 Etot   =    -34304.0883  EKtot   =      9202.1074  EPtot      =    -43506.1958
 BOND   =       334.3184  ANGLE   =      1049.0057  DIHED      =      1379.1522
 1-4 NB =       461.4958  1-4 EEL =      6326.1662  VDWAALS    =      4819.5791
 EELEC  =    -58036.6856  EHBOND  =         0.0000  RESTRAINT  =       160.7725
 EAMBER (non-restraint)  =    -43666.9682
 ------------------------------------------------------------------------------

wrapping first mol.:       20.29907       28.70721       49.72235
wrapping first mol.:       20.29907       28.70721       49.72235

 NSTEP =    49000   TIME(PS) =     438.000  TEMP(K) =   299.34  PRESS =     0.0
 Etot   =    -34337.0335  EKtot   =      9157.8428  EPtot      =    -43494.8763
 BOND   =       330.6482  ANGLE   =      1067.0606  DIHED      =      1386.6410
 1-4 NB =       455.6512  1-4 EEL =      6353.4522  VDWAALS    =      4633.9496
 EELEC  =    -57893.1922  EHBOND  =         0.0000  RESTRAINT  =       170.9131
 EAMBER (non-restraint)  =    -43665.7894
 ------------------------------------------------------------------------------

wrapping first mol.:       20.29907       28.70721       49.72235
wrapping first mol.:       20.29907       28.70721       49.72235

 NSTEP =    49500   TIME(PS) =     439.000  TEMP(K) =   298.88  PRESS =     0.0
 Etot   =    -34524.4807  EKtot   =      9144.0029  EPtot      =    -43668.4837
 BOND   =       316.3297  ANGLE   =      1021.7526  DIHED      =      1366.6202
 1-4 NB =       467.3478  1-4 EEL =      6342.6498  VDWAALS    =      4856.1183
 EELEC  =    -58198.6156  EHBOND  =         0.0000  RESTRAINT  =       159.3135
 EAMBER (non-restraint)  =    -43827.7972
 ------------------------------------------------------------------------------

wrapping first mol.:       20.29907       28.70721       49.72235
wrapping first mol.:       20.29907       28.70721       49.72235

 NSTEP =    50000   TIME(PS) =     440.000  TEMP(K) =   300.64  PRESS =     0.0
 Etot   =    -34325.5075  EKtot   =      9197.6602  EPtot      =    -43523.1677
 BOND   =       367.6228  ANGLE   =      1046.0127  DIHED      =      1370.7502
 1-4 NB =       455.0871  1-4 EEL =      6284.0615  VDWAALS    =      4987.2241
 EELEC  =    -58202.6517  EHBOND  =         0.0000  RESTRAINT  =       168.7256
 EAMBER (non-restraint)  =    -43691.8933
 ------------------------------------------------------------------------------


      A V E R A G E S   O V E R     100 S T E P S


 NSTEP =    50000   TIME(PS) =     440.000  TEMP(K) =   299.70  PRESS =     0.0
 Etot   =    -34387.7248  EKtot   =      9169.0746  EPtot      =    -43556.7993
 BOND   =       335.0413  ANGLE   =      1040.0268  DIHED      =      1370.8802
 1-4 NB =       460.6950  1-4 EEL =      6304.9180  VDWAALS    =      4766.4720
 EELEC  =    -57999.8429  EHBOND  =         0.0000  RESTRAINT  =       165.0102
 EAMBER (non-restraint)  =    -43721.8095
 ------------------------------------------------------------------------------


      R M S  F L U C T U A T I O N S


 NSTEP =    50000   TIME(PS) =     440.000  TEMP(K) =     2.22  PRESS =     0.0
 Etot   =       121.1511  EKtot   =        68.0026  EPtot      =       111.3681
 BOND   =        16.1367  ANGLE   =        24.0484  DIHED      =        12.1089
 1-4 NB =         7.2249  1-4 EEL =        20.1265  VDWAALS    =       106.1057
 EELEC  =       173.8042  EHBOND  =         0.0000  RESTRAINT  =         8.7275
 EAMBER (non-restraint)  =       102.6407
 ------------------------------------------------------------------------------

--------------------------------------------------------------------------------
   5.  TIMINGS
--------------------------------------------------------------------------------

|  NonSetup CPU Time in Major Routines:
|
|     Routine           Sec        %
|     ------------------------------
|     Nonbond          12.56   33.26
|     Bond              0.00    0.00
|     Angle             0.00    0.00
|     Dihedral          0.00    0.00
|     Shake             0.78    2.05
|     RunMD            24.35   64.46
|     Other             0.08    0.22
|     ------------------------------
|     Total            37.77

|  PME Nonbond Pairlist CPU Time:
|
|     Routine              Sec        %
|     ---------------------------------
|     Set Up Cit           0.00    0.00
|     Build List           0.00    0.00
|     ---------------------------------
|     Total                0.00    0.00

|  PME Direct Force CPU Time:
|
|     Routine              Sec        %
|     ---------------------------------
|     NonBonded Calc       0.00    0.00
|     Exclude Masked       0.00    0.00
|     Other                0.03    0.08
|     ---------------------------------
|     Total                0.03    0.08

|  PME Reciprocal Force CPU Time:
|
|     Routine              Sec        %
|     ---------------------------------
|     1D bspline           0.00    0.00
|     Grid Charges         0.00    0.00
|     Scalar Sum           0.00    0.00
|     Gradient Sum         0.00    0.00
|     FFT                  0.00    0.00
|     ---------------------------------
|     Total                0.00    0.00

|  Final Performance Info:
|     -----------------------------------------------------
|     Average timings for last   49500 steps:
|     Elapsed(s) =      37.37 Per Step(ms) =       0.76
|         ns/day =     228.87   seconds/ns =     377.51
|
|     Average timings for all steps:
|     Elapsed(s) =      37.77 Per Step(ms) =       0.76
|         ns/day =     228.76   seconds/ns =     377.68
|     -----------------------------------------------------

|  Setup CPU time:            3.67 seconds
|  NonSetup CPU time:        37.77 seconds
|  Total CPU time:           41.44 seconds     0.01 hours

|  Setup wall time:           4    seconds
|  NonSetup wall time:       38    seconds
|  Total wall time:          42    seconds     0.01 hours
