
          -------------------------------------------------------
          Amber 16 PMEMD                              2016
          -------------------------------------------------------

| PMEMD implementation of SANDER, Release 16

| Run on 11/17/2017 at 08:12:12

|   Executable path: /apps/amber16/bin/pmemd.cuda
| Working directory: /home/pbarletta
|          Hostname: mordor

  [-O]verwriting output

File Assignments:
|   MDIN: /scratch/pbarletta/cph_obp/run/ctv/mhe/e/4equ.in                      
|  MDOUT: /scratch/pbarletta/cph_obp/run/ctv/mhe/e/4equ.out                     
| INPCRD: /scratch/pbarletta/cph_obp/run/ctv/mhe/e/3ectv.rst7                   
|   PARM: /scratch/pbarletta/cph_obp/top_files/ctv.prmtop                       
| RESTRT: /scratch/pbarletta/cph_obp/run/ctv/mhe/e/4ectv.rst7                   
|   REFC: /scratch/pbarletta/cph_obp/run/ctv/mhe/e/3ectv.rst7                   
|  MDVEL: mdvel                                                                 
|   MDEN: mden                                                                  
|  MDCRD: /scratch/pbarletta/cph_obp/run/ctv/mhe/e/4ectv.nc                     
| MDINFO: mdinfo                                                                
|  MDFRC: mdfrc                                                                 


 Here is the input file:

Equilibration with solute restrictions                                         
&cntrl                                                                         
imin = 0,                           ! No Minimization                          
nmropt = 0,                         ! No NMR restraints read                   
                                                                               
! Nature and format of the input                                               
ntx = 5,                            ! Coordinates but no velocities will be rea
irest = 1,                          ! Do not run a new simulation              
                                                                               
! Nature and format of the output                                              
ntxo = 1,                           ! rstrt file in ASCII format               
ntpr = 500,                         ! inf in output every ntpr steps           
ntwr = 500,                         ! rstrt file every ntwr steps              
ntwx = 500,                         ! mdcrd file every ntwx steps              
ntwv = 0,                           ! mdvel without velocities                 
ntwe = 0,                           ! Energies and temperatures not written in 
idecomp = 0,                        ! No energy decomposition                  
iwrap = 1,                          ! Coordinates of the restart and mdcrd file
                                                                               
! Frozen or restrained atoms                                                   
ibelly = 0,                         ! No frozen atoms                          
ntr=1,                              ! Harmonic potential restraints            
restraint_wt = 30.0,                ! The weight for the positional restraints 
restraintmask = ':1-120@N,CA,C,O',  ! restrained residues                      
                                                                               
! Molecular dynamics                                                           
nstlim = 50000,                     ! Number of MD-steps                       
dt = 0.002,                         ! Time step                                
                                                                               
! Temperature regulation                                                       
ntt = 3,                            ! Langevin thermostat                      
gamma_ln = 5,                       ! Gamma constant for Langevin              
temp0 = 300.0,                      ! Reference T at which the system is to be 
tempi = 300.0,                      ! Initial T                                
ig = -1,                            ! Seed for the RNG                         
                                                                               
! P and V regulation                                                           
ntp = 0,                            ! No pressure control                      
ntb = 1,                            ! Periodic box for constant V              
                                                                               
! SHAKE variables                                                              
ntc = 2,                            ! Bonds involving H are constrained        
ntf = 2,                            ! Bond interaction involving H are ommited.
                                                                               
cut = 10.0,                         ! Nonbonded cutoff                         
                                                                               
/                                                                              
&end                                                                           


Note: ig = -1. Setting random seed to   430418 based on wallclock time in 
      microseconds.
| irandom = 1, using AMBER's internal random number generator (default).
 
|--------------------- INFORMATION ----------------------
| GPU (CUDA) Version of PMEMD in use: NVIDIA GPU IN USE.
|                    Version 16.0.0
| 
|                      02/25/2016
| 
| Implementation by:
|                    Ross C. Walker     (SDSC)
|                    Scott Le Grand     (nVIDIA)
| 
| Precision model in use:
|      [SPFP] - Single Precision Forces, 64-bit Fixed Point
|               Accumulation. (Default)
| 
|--------------------------------------------------------
 
|----------------- CITATION INFORMATION -----------------
|
|    When publishing work that utilized the CUDA version
|    of AMBER, please cite the following in addition to
|    the regular AMBER citations:
|
|  - Romelia Salomon-Ferrer; Andreas W. Goetz; Duncan
|    Poole; Scott Le Grand; Ross C. Walker "Routine
|    microsecond molecular dynamics simulations with
|    AMBER - Part II: Particle Mesh Ewald", J. Chem.
|    Theory Comput., 2013, 9 (9), pp3878-3888,
|    DOI: 10.1021/ct400314y.
|
|  - Andreas W. Goetz; Mark J. Williamson; Dong Xu;
|    Duncan Poole; Scott Le Grand; Ross C. Walker
|    "Routine microsecond molecular dynamics simulations
|    with AMBER - Part I: Generalized Born", J. Chem.
|    Theory Comput., 2012, 8 (5), pp1542-1555.
|
|  - Scott Le Grand; Andreas W. Goetz; Ross C. Walker
|    "SPFP: Speed without compromise - a mixed precision
|    model for GPU accelerated molecular dynamics
|    simulations.", Comp. Phys. Comm., 2013, 184
|    pp374-380, DOI: 10.1016/j.cpc.2012.09.022
|
|--------------------------------------------------------
 
|------------------- GPU DEVICE INFO --------------------
|
|            CUDA_VISIBLE_DEVICES: 1
|   CUDA Capable Devices Detected:      1
|           CUDA Device ID in use:      0
|                CUDA Device Name: GeForce GTX 1080 Ti
|     CUDA Device Global Mem Size:  11172 MB
| CUDA Device Num Multiprocessors:     28
|           CUDA Device Core Freq:   1.58 GHz
|
|--------------------------------------------------------
 
 
| Conditional Compilation Defines Used:
| PUBFFT
| BINTRAJ
| CUDA
| EMIL

| Largest sphere to fit in unit cell has radius =    24.861

| New format PARM file being parsed.
| Version =    1.000 Date = 11/14/17 Time = 21:26:59

| Note: 1-4 EEL scale factors are being read from the topology file.

| Note: 1-4 VDW scale factors are being read from the topology file.
| Duplicated    0 dihedrals

| Duplicated    0 dihedrals

--------------------------------------------------------------------------------
   1.  RESOURCE   USE: 
--------------------------------------------------------------------------------

 getting new box info from bottom of inpcrd
 NATOM  =   14918 NTYPES =      18 NBONH =   13963 MBONA  =     961
 NTHETH =    2368 MTHETA =    1289 NPHIH =    4522 MPHIA  =    3259
 NHPARM =       0 NPARM  =       0 NNB   =   28275 NRES   =    4423
 NBONA  =     961 NTHETA =    1289 NPHIA =    3259 NUMBND =      48
 NUMANG =     101 NPTRA  =      41 NATYP =      33 NPHB   =       1
 IFBOX  =       2 NMXRS  =      26 IFCAP =       0 NEXTRA =       0
 NCOPY  =       0

| Coordinate Index Table dimensions:     9    9    9
| Direct force subcell size =     6.7664    6.7664    6.7664

     BOX TYPE: TRUNCATED OCTAHEDRON

--------------------------------------------------------------------------------
   2.  CONTROL  DATA  FOR  THE  RUN
--------------------------------------------------------------------------------

default_name                                                                    

General flags:
     imin    =       0, nmropt  =       0

Nature and format of input:
     ntx     =       5, irest   =       1, ntrx    =       1

Nature and format of output:
     ntxo    =       1, ntpr    =     500, ntrx    =       1, ntwr    =     500
     iwrap   =       1, ntwx    =     500, ntwv    =       0, ntwe    =       0
     ioutfm  =       1, ntwprt  =       0, idecomp =       0, rbornstat=      0

Potential function:
     ntf     =       2, ntb     =       1, igb     =       0, nsnb    =      25
     ipol    =       0, gbsa    =       0, iesp    =       0
     dielc   =   1.00000, cut     =  10.00000, intdiel =   1.00000

Frozen or restrained atoms:
     ibelly  =       0, ntr     =       1
     restraint_wt =  30.00000

Molecular dynamics:
     nstlim  =     50000, nscm    =         0, nrespa  =         1
     t       =   0.00000, dt      =   0.00200, vlimit  =  -1.00000

Langevin dynamics temperature regulation:
     ig      =  430418
     temp0   = 300.00000, tempi   = 300.00000, gamma_ln=   5.00000

SHAKE:
     ntc     =       2, jfastw  =       0
     tol     =   0.00001

| Intermolecular bonds treatment:
|     no_intermolecular_bonds =       1

| Energy averages sample interval:
|     ene_avg_sampling =     500

Ewald parameters:
     verbose =       0, ew_type =       0, nbflag  =       1, use_pme =       1
     vdwmeth =       1, eedmeth =       1, netfrc  =       1
     Box X =   60.897   Box Y =   60.897   Box Z =   60.897
     Alpha =  109.471   Beta  =  109.471   Gamma =  109.471
     NFFT1 =   64       NFFT2 =   64       NFFT3 =   64
     Cutoff=   10.000   Tol   =0.100E-04
     Ewald Coefficient =  0.27511
     Interpolation order =    4

    LOADING THE CONSTRAINED ATOMS AS GROUPS


   5.  REFERENCE ATOM COORDINATES

  default_name                                                                    
     Mask :1-120@N,CA,C,O; matches   476 atoms

--------------------------------------------------------------------------------
   3.  ATOMIC COORDINATES AND VELOCITIES
--------------------------------------------------------------------------------

default_name                                                                    
 begin time read from input coords =   440.000 ps

 
 Number of triangulated 3-point waters found:     4302

     Sum of charges from parm topology file =   0.00000094
     Forcing neutrality...

| Dynamic Memory, Types Used:
| Reals              578204
| Integers           551472

| Nonbonded Pairs Initial Allocation:     4512322

| GPU memory information (estimate):
| KB of GPU memory in use:    141360
| KB of CPU memory in use:     29328

--------------------------------------------------------------------------------
   4.  RESULTS
--------------------------------------------------------------------------------

 ---------------------------------------------------
 APPROXIMATING switch and d/dx switch using CUBIC SPLINE INTERPOLATION
 using   5000.0 points per unit in tabled values
 TESTING RELATIVE ERROR over r ranging from 0.0 to cutoff
| CHECK switch(x): max rel err =   0.2738E-14   at   2.422500
| CHECK d/dx switch(x): max rel err =   0.8314E-11   at   2.736960
 ---------------------------------------------------
|---------------------------------------------------
| APPROXIMATING direct energy using CUBIC SPLINE INTERPOLATION
|  with   50.0 points per unit in tabled values
| Relative Error Limit not exceeded for r .gt.   2.33
| APPROXIMATING direct force using CUBIC SPLINE INTERPOLATION
|  with   50.0 points per unit in tabled values
| Relative Error Limit not exceeded for r .gt.   2.80
|---------------------------------------------------
wrapping first mol.:       20.29907       28.70721       49.72235
wrapping first mol.:       20.29907       28.70721       49.72235

 NSTEP =      500   TIME(PS) =     441.000  TEMP(K) =   301.32  PRESS =     0.0
 Etot   =    -34143.3654  EKtot   =      9218.4775  EPtot      =    -43361.8429
 BOND   =       343.9954  ANGLE   =      1053.0144  DIHED      =      1366.3738
 1-4 NB =       454.7898  1-4 EEL =      6262.0827  VDWAALS    =      4716.5870
 EELEC  =    -57732.1713  EHBOND  =         0.0000  RESTRAINT  =       173.4853
 EAMBER (non-restraint)  =    -43535.3283
 ------------------------------------------------------------------------------

wrapping first mol.:       20.29907       28.70721       49.72235
wrapping first mol.:       20.29907       28.70721       49.72235

 NSTEP =     1000   TIME(PS) =     442.000  TEMP(K) =   298.57  PRESS =     0.0
 Etot   =    -34141.2024  EKtot   =      9134.5264  EPtot      =    -43275.7288
 BOND   =       315.5173  ANGLE   =      1064.2216  DIHED      =      1379.0568
 1-4 NB =       464.8767  1-4 EEL =      6286.4856  VDWAALS    =      4637.2358
 EELEC  =    -57599.6793  EHBOND  =         0.0000  RESTRAINT  =       176.5567
 EAMBER (non-restraint)  =    -43452.2855
 ------------------------------------------------------------------------------

wrapping first mol.:       20.29907       28.70721       49.72235
wrapping first mol.:       20.29907       28.70721       49.72235

 NSTEP =     1500   TIME(PS) =     443.000  TEMP(K) =   301.29  PRESS =     0.0
 Etot   =    -34625.0077  EKtot   =      9217.5723  EPtot      =    -43842.5799
 BOND   =       317.1353  ANGLE   =      1059.3275  DIHED      =      1365.7000
 1-4 NB =       450.3898  1-4 EEL =      6265.7091  VDWAALS    =      4818.9218
 EELEC  =    -58283.3742  EHBOND  =         0.0000  RESTRAINT  =       163.6109
 EAMBER (non-restraint)  =    -44006.1908
 ------------------------------------------------------------------------------

wrapping first mol.:       20.29907       28.70721       49.72235
wrapping first mol.:       20.29907       28.70721       49.72235

 NSTEP =     2000   TIME(PS) =     444.000  TEMP(K) =   301.39  PRESS =     0.0
 Etot   =    -34556.5881  EKtot   =      9220.6055  EPtot      =    -43777.1935
 BOND   =       317.8816  ANGLE   =      1017.1584  DIHED      =      1353.2309
 1-4 NB =       472.2149  1-4 EEL =      6317.3033  VDWAALS    =      4729.0218
 EELEC  =    -58136.4488  EHBOND  =         0.0000  RESTRAINT  =       152.4443
 EAMBER (non-restraint)  =    -43929.6379
 ------------------------------------------------------------------------------

wrapping first mol.:       20.29907       28.70721       49.72235
wrapping first mol.:       20.29907       28.70721       49.72235

 NSTEP =     2500   TIME(PS) =     445.000  TEMP(K) =   301.73  PRESS =     0.0
 Etot   =    -34401.3659  EKtot   =      9231.1699  EPtot      =    -43632.5358
 BOND   =       338.3399  ANGLE   =      1019.1403  DIHED      =      1400.9638
 1-4 NB =       450.9079  1-4 EEL =      6292.3510  VDWAALS    =      4788.2737
 EELEC  =    -58078.5411  EHBOND  =         0.0000  RESTRAINT  =       156.0287
 EAMBER (non-restraint)  =    -43788.5645
 ------------------------------------------------------------------------------

wrapping first mol.:       20.29907       28.70721       49.72235
wrapping first mol.:       20.29907       28.70721       49.72235

 NSTEP =     3000   TIME(PS) =     446.000  TEMP(K) =   296.74  PRESS =     0.0
 Etot   =    -34451.3251  EKtot   =      9078.4121  EPtot      =    -43529.7372
 BOND   =       368.6073  ANGLE   =      1038.3651  DIHED      =      1365.0185
 1-4 NB =       450.6771  1-4 EEL =      6305.9701  VDWAALS    =      4682.1427
 EELEC  =    -57896.1660  EHBOND  =         0.0000  RESTRAINT  =       155.6481
 EAMBER (non-restraint)  =    -43685.3852
 ------------------------------------------------------------------------------

wrapping first mol.:       20.29907       28.70721       49.72235
wrapping first mol.:       20.29907       28.70721       49.72235

 NSTEP =     3500   TIME(PS) =     447.000  TEMP(K) =   305.00  PRESS =     0.0
 Etot   =    -34268.7497  EKtot   =      9331.2256  EPtot      =    -43599.9753
 BOND   =       347.6847  ANGLE   =      1065.7733  DIHED      =      1378.7631
 1-4 NB =       462.5898  1-4 EEL =      6321.4849  VDWAALS    =      4646.4505
 EELEC  =    -57982.9484  EHBOND  =         0.0000  RESTRAINT  =       160.2269
 EAMBER (non-restraint)  =    -43760.2022
 ------------------------------------------------------------------------------

wrapping first mol.:       20.29907       28.70721       49.72235
wrapping first mol.:       20.29907       28.70721       49.72235

 NSTEP =     4000   TIME(PS) =     448.000  TEMP(K) =   301.22  PRESS =     0.0
 Etot   =    -34364.3051  EKtot   =      9215.5918  EPtot      =    -43579.8969
 BOND   =       342.5931  ANGLE   =      1059.4937  DIHED      =      1359.5503
 1-4 NB =       458.2651  1-4 EEL =      6295.7034  VDWAALS    =      4716.0945
 EELEC  =    -57962.9031  EHBOND  =         0.0000  RESTRAINT  =       151.3062
 EAMBER (non-restraint)  =    -43731.2031
 ------------------------------------------------------------------------------

wrapping first mol.:       20.29907       28.70721       49.72235
wrapping first mol.:       20.29907       28.70721       49.72235

 NSTEP =     4500   TIME(PS) =     449.000  TEMP(K) =   298.78  PRESS =     0.0
 Etot   =    -34380.4748  EKtot   =      9140.8926  EPtot      =    -43521.3674
 BOND   =       341.5983  ANGLE   =      1063.8907  DIHED      =      1372.7688
 1-4 NB =       459.2216  1-4 EEL =      6268.4171  VDWAALS    =      4757.1861
 EELEC  =    -57953.0272  EHBOND  =         0.0000  RESTRAINT  =       168.5772
 EAMBER (non-restraint)  =    -43689.9446
 ------------------------------------------------------------------------------

wrapping first mol.:       20.29907       28.70721       49.72235
wrapping first mol.:       20.29907       28.70721       49.72235

 NSTEP =     5000   TIME(PS) =     450.000  TEMP(K) =   300.45  PRESS =     0.0
 Etot   =    -34561.0962  EKtot   =      9191.8887  EPtot      =    -43752.9849
 BOND   =       339.9443  ANGLE   =       994.8489  DIHED      =      1364.4353
 1-4 NB =       457.6411  1-4 EEL =      6296.4350  VDWAALS    =      4694.0143
 EELEC  =    -58050.6153  EHBOND  =         0.0000  RESTRAINT  =       150.3114
 EAMBER (non-restraint)  =    -43903.2963
 ------------------------------------------------------------------------------

wrapping first mol.:       20.29907       28.70721       49.72235
wrapping first mol.:       20.29907       28.70721       49.72235

 NSTEP =     5500   TIME(PS) =     451.000  TEMP(K) =   302.48  PRESS =     0.0
 Etot   =    -34389.6000  EKtot   =      9254.0391  EPtot      =    -43643.6390
 BOND   =       317.8784  ANGLE   =      1038.7101  DIHED      =      1370.0718
 1-4 NB =       448.5442  1-4 EEL =      6302.9624  VDWAALS    =      4788.0200
 EELEC  =    -58064.5460  EHBOND  =         0.0000  RESTRAINT  =       154.7201
 EAMBER (non-restraint)  =    -43798.3591
 ------------------------------------------------------------------------------

wrapping first mol.:       20.29907       28.70721       49.72235
wrapping first mol.:       20.29907       28.70721       49.72235

 NSTEP =     6000   TIME(PS) =     452.000  TEMP(K) =   299.95  PRESS =     0.0
 Etot   =    -34415.5384  EKtot   =      9176.6543  EPtot      =    -43592.1927
 BOND   =       359.2181  ANGLE   =      1019.3108  DIHED      =      1358.8667
 1-4 NB =       453.1606  1-4 EEL =      6295.5512  VDWAALS    =      4743.5792
 EELEC  =    -57991.9954  EHBOND  =         0.0000  RESTRAINT  =       170.1161
 EAMBER (non-restraint)  =    -43762.3088
 ------------------------------------------------------------------------------

wrapping first mol.:       20.29907       28.70721       49.72235
wrapping first mol.:       20.29907       28.70721       49.72235

 NSTEP =     6500   TIME(PS) =     453.000  TEMP(K) =   301.73  PRESS =     0.0
 Etot   =    -34339.8067  EKtot   =      9231.0537  EPtot      =    -43570.8604
 BOND   =       361.2327  ANGLE   =      1018.0034  DIHED      =      1364.6175
 1-4 NB =       466.4118  1-4 EEL =      6331.6252  VDWAALS    =      4757.8246
 EELEC  =    -58029.7382  EHBOND  =         0.0000  RESTRAINT  =       159.1625
 EAMBER (non-restraint)  =    -43730.0230
 ------------------------------------------------------------------------------

wrapping first mol.:       20.29907       28.70721       49.72235
wrapping first mol.:       20.29907       28.70721       49.72235

 NSTEP =     7000   TIME(PS) =     454.000  TEMP(K) =   300.42  PRESS =     0.0
 Etot   =    -34390.6785  EKtot   =      9190.9824  EPtot      =    -43581.6609
 BOND   =       338.3082  ANGLE   =      1111.2622  DIHED      =      1369.0895
 1-4 NB =       454.5960  1-4 EEL =      6317.1211  VDWAALS    =      4700.2661
 EELEC  =    -58034.6140  EHBOND  =         0.0000  RESTRAINT  =       162.3100
 EAMBER (non-restraint)  =    -43743.9709
 ------------------------------------------------------------------------------

wrapping first mol.:       20.29907       28.70721       49.72235
wrapping first mol.:       20.29907       28.70721       49.72235

 NSTEP =     7500   TIME(PS) =     455.000  TEMP(K) =   305.40  PRESS =     0.0
 Etot   =    -34236.4687  EKtot   =      9343.2783  EPtot      =    -43579.7471
 BOND   =       355.2449  ANGLE   =      1047.5208  DIHED      =      1364.1739
 1-4 NB =       456.8783  1-4 EEL =      6302.6578  VDWAALS    =      4646.8762
 EELEC  =    -57920.2350  EHBOND  =         0.0000  RESTRAINT  =       167.1361
 EAMBER (non-restraint)  =    -43746.8832
 ------------------------------------------------------------------------------

wrapping first mol.:       20.29907       28.70721       49.72235
wrapping first mol.:       20.29907       28.70721       49.72235

 NSTEP =     8000   TIME(PS) =     456.000  TEMP(K) =   301.17  PRESS =     0.0
 Etot   =    -34339.3049  EKtot   =      9213.9658  EPtot      =    -43553.2707
 BOND   =       330.8477  ANGLE   =      1087.5473  DIHED      =      1355.6494
 1-4 NB =       449.4758  1-4 EEL =      6320.1428  VDWAALS    =      4723.2291
 EELEC  =    -57994.0028  EHBOND  =         0.0000  RESTRAINT  =       173.8400
 EAMBER (non-restraint)  =    -43727.1107
 ------------------------------------------------------------------------------

wrapping first mol.:       20.29907       28.70721       49.72235
wrapping first mol.:       20.29907       28.70721       49.72235

 NSTEP =     8500   TIME(PS) =     457.000  TEMP(K) =   304.50  PRESS =     0.0
 Etot   =    -34321.3543  EKtot   =      9315.9287  EPtot      =    -43637.2830
 BOND   =       337.4973  ANGLE   =      1056.5674  DIHED      =      1347.9312
 1-4 NB =       470.9378  1-4 EEL =      6338.4043  VDWAALS    =      4715.4245
 EELEC  =    -58053.7645  EHBOND  =         0.0000  RESTRAINT  =       149.7188
 EAMBER (non-restraint)  =    -43787.0018
 ------------------------------------------------------------------------------

wrapping first mol.:       20.29907       28.70721       49.72235
wrapping first mol.:       20.29907       28.70721       49.72235

 NSTEP =     9000   TIME(PS) =     458.000  TEMP(K) =   302.08  PRESS =     0.0
 Etot   =    -34421.9542  EKtot   =      9241.6934  EPtot      =    -43663.6476
 BOND   =       353.7185  ANGLE   =      1094.5540  DIHED      =      1368.2536
 1-4 NB =       449.6550  1-4 EEL =      6290.1938  VDWAALS    =      4758.6508
 EELEC  =    -58147.0324  EHBOND  =         0.0000  RESTRAINT  =       168.3591
 EAMBER (non-restraint)  =    -43832.0067
 ------------------------------------------------------------------------------

wrapping first mol.:       20.29907       28.70721       49.72235
wrapping first mol.:       20.29907       28.70721       49.72235

 NSTEP =     9500   TIME(PS) =     459.000  TEMP(K) =   302.90  PRESS =     0.0
 Etot   =    -34306.9831  EKtot   =      9266.8613  EPtot      =    -43573.8445
 BOND   =       331.9208  ANGLE   =      1058.6201  DIHED      =      1356.3542
 1-4 NB =       460.6638  1-4 EEL =      6322.2949  VDWAALS    =      4791.0958
 EELEC  =    -58055.7862  EHBOND  =         0.0000  RESTRAINT  =       160.9920
 EAMBER (non-restraint)  =    -43734.8365
 ------------------------------------------------------------------------------

wrapping first mol.:       20.29907       28.70721       49.72235
wrapping first mol.:       20.29907       28.70721       49.72235

 NSTEP =    10000   TIME(PS) =     460.000  TEMP(K) =   304.07  PRESS =     0.0
 Etot   =    -34183.3126  EKtot   =      9302.8076  EPtot      =    -43486.1202
 BOND   =       350.6466  ANGLE   =      1078.0169  DIHED      =      1368.0067
 1-4 NB =       449.9751  1-4 EEL =      6295.0067  VDWAALS    =      4764.6957
 EELEC  =    -57965.2896  EHBOND  =         0.0000  RESTRAINT  =       172.8217
 EAMBER (non-restraint)  =    -43658.9419
 ------------------------------------------------------------------------------

wrapping first mol.:       20.29907       28.70721       49.72235
wrapping first mol.:       20.29907       28.70721       49.72235

 NSTEP =    10500   TIME(PS) =     461.000  TEMP(K) =   299.49  PRESS =     0.0
 Etot   =    -34382.0143  EKtot   =      9162.6172  EPtot      =    -43544.6315
 BOND   =       350.2798  ANGLE   =      1027.3326  DIHED      =      1371.1523
 1-4 NB =       448.7759  1-4 EEL =      6284.8214  VDWAALS    =      4901.3043
 EELEC  =    -58079.5494  EHBOND  =         0.0000  RESTRAINT  =       151.2516
 EAMBER (non-restraint)  =    -43695.8831
 ------------------------------------------------------------------------------

wrapping first mol.:       20.29907       28.70721       49.72235
wrapping first mol.:       20.29907       28.70721       49.72235

 NSTEP =    11000   TIME(PS) =     462.000  TEMP(K) =   302.68  PRESS =     0.0
 Etot   =    -34390.6291  EKtot   =      9260.0361  EPtot      =    -43650.6652
 BOND   =       333.3779  ANGLE   =      1012.8929  DIHED      =      1377.2398
 1-4 NB =       456.8384  1-4 EEL =      6305.4575  VDWAALS    =      4608.7543
 EELEC  =    -57909.4828  EHBOND  =         0.0000  RESTRAINT  =       164.2569
 EAMBER (non-restraint)  =    -43814.9221
 ------------------------------------------------------------------------------

wrapping first mol.:       20.29907       28.70721       49.72235
wrapping first mol.:       20.29907       28.70721       49.72235

 NSTEP =    11500   TIME(PS) =     463.000  TEMP(K) =   298.19  PRESS =     0.0
 Etot   =    -34462.4554  EKtot   =      9122.8047  EPtot      =    -43585.2601
 BOND   =       334.5665  ANGLE   =      1028.9530  DIHED      =      1379.3781
 1-4 NB =       452.3535  1-4 EEL =      6306.9282  VDWAALS    =      4708.5843
 EELEC  =    -57951.6199  EHBOND  =         0.0000  RESTRAINT  =       155.5961
 EAMBER (non-restraint)  =    -43740.8562
 ------------------------------------------------------------------------------

wrapping first mol.:       20.29907       28.70721       49.72235
wrapping first mol.:       20.29907       28.70721       49.72235

 NSTEP =    12000   TIME(PS) =     464.000  TEMP(K) =   299.35  PRESS =     0.0
 Etot   =    -34662.9101  EKtot   =      9158.1572  EPtot      =    -43821.0674
 BOND   =       379.7743  ANGLE   =      1053.2948  DIHED      =      1363.4834
 1-4 NB =       447.8755  1-4 EEL =      6276.7974  VDWAALS    =      4945.9744
 EELEC  =    -58451.2594  EHBOND  =         0.0000  RESTRAINT  =       162.9923
 EAMBER (non-restraint)  =    -43984.0596
 ------------------------------------------------------------------------------

wrapping first mol.:       20.29907       28.70721       49.72235
wrapping first mol.:       20.29907       28.70721       49.72235

 NSTEP =    12500   TIME(PS) =     465.000  TEMP(K) =   301.43  PRESS =     0.0
 Etot   =    -34369.5644  EKtot   =      9221.8447  EPtot      =    -43591.4091
 BOND   =       332.0584  ANGLE   =      1091.6935  DIHED      =      1353.8603
 1-4 NB =       453.5146  1-4 EEL =      6296.3755  VDWAALS    =      4830.8950
 EELEC  =    -58110.6968  EHBOND  =         0.0000  RESTRAINT  =       160.8902
 EAMBER (non-restraint)  =    -43752.2994
 ------------------------------------------------------------------------------

wrapping first mol.:       20.29907       28.70721       49.72235
wrapping first mol.:       20.29907       28.70721       49.72235

 NSTEP =    13000   TIME(PS) =     466.000  TEMP(K) =   299.10  PRESS =     0.0
 Etot   =    -34565.3666  EKtot   =      9150.4766  EPtot      =    -43715.8431
 BOND   =       357.6257  ANGLE   =      1007.6388  DIHED      =      1362.0412
 1-4 NB =       449.9749  1-4 EEL =      6302.9897  VDWAALS    =      4711.8900
 EELEC  =    -58055.9331  EHBOND  =         0.0000  RESTRAINT  =       147.9297
 EAMBER (non-restraint)  =    -43863.7729
 ------------------------------------------------------------------------------

wrapping first mol.:       20.29907       28.70721       49.72235
wrapping first mol.:       20.29907       28.70721       49.72235

 NSTEP =    13500   TIME(PS) =     467.000  TEMP(K) =   294.39  PRESS =     0.0
 Etot   =    -34648.0367  EKtot   =      9006.6455  EPtot      =    -43654.6822
 BOND   =       348.0324  ANGLE   =      1057.5129  DIHED      =      1368.6861
 1-4 NB =       460.1436  1-4 EEL =      6290.6069  VDWAALS    =      4827.4756
 EELEC  =    -58155.5037  EHBOND  =         0.0000  RESTRAINT  =       148.3641
 EAMBER (non-restraint)  =    -43803.0463
 ------------------------------------------------------------------------------

wrapping first mol.:       20.29907       28.70721       49.72235
wrapping first mol.:       20.29907       28.70721       49.72235

 NSTEP =    14000   TIME(PS) =     468.000  TEMP(K) =   298.98  PRESS =     0.0
 Etot   =    -34409.4504  EKtot   =      9146.9990  EPtot      =    -43556.4494
 BOND   =       332.9212  ANGLE   =      1079.4694  DIHED      =      1361.1170
 1-4 NB =       452.8400  1-4 EEL =      6304.8890  VDWAALS    =      4767.2344
 EELEC  =    -58024.3217  EHBOND  =         0.0000  RESTRAINT  =       169.4014
 EAMBER (non-restraint)  =    -43725.8508
 ------------------------------------------------------------------------------

wrapping first mol.:       20.29907       28.70721       49.72235
wrapping first mol.:       20.29907       28.70721       49.72235

 NSTEP =    14500   TIME(PS) =     469.000  TEMP(K) =   299.37  PRESS =     0.0
 Etot   =    -34503.4718  EKtot   =      9158.8145  EPtot      =    -43662.2863
 BOND   =       305.0536  ANGLE   =      1073.3785  DIHED      =      1377.6825
 1-4 NB =       463.7228  1-4 EEL =      6334.1442  VDWAALS    =      4712.3163
 EELEC  =    -58095.2457  EHBOND  =         0.0000  RESTRAINT  =       166.6616
 EAMBER (non-restraint)  =    -43828.9478
 ------------------------------------------------------------------------------

wrapping first mol.:       20.29907       28.70721       49.72235
wrapping first mol.:       20.29907       28.70721       49.72235

 NSTEP =    15000   TIME(PS) =     470.000  TEMP(K) =   297.52  PRESS =     0.0
 Etot   =    -34631.2439  EKtot   =      9102.3594  EPtot      =    -43733.6033
 BOND   =       364.5008  ANGLE   =      1009.2409  DIHED      =      1380.0686
 1-4 NB =       464.7641  1-4 EEL =      6325.2848  VDWAALS    =      4793.6147
 EELEC  =    -58245.8390  EHBOND  =         0.0000  RESTRAINT  =       174.7618
 EAMBER (non-restraint)  =    -43908.3651
 ------------------------------------------------------------------------------

wrapping first mol.:       20.29907       28.70721       49.72235
wrapping first mol.:       20.29907       28.70721       49.72235

 NSTEP =    15500   TIME(PS) =     471.000  TEMP(K) =   301.79  PRESS =     0.0
 Etot   =    -34566.6128  EKtot   =      9232.8750  EPtot      =    -43799.4878
 BOND   =       316.6108  ANGLE   =      1074.4381  DIHED      =      1343.1941
 1-4 NB =       457.1063  1-4 EEL =      6318.7342  VDWAALS    =      4897.2110
 EELEC  =    -58362.1605  EHBOND  =         0.0000  RESTRAINT  =       155.3782
 EAMBER (non-restraint)  =    -43954.8660
 ------------------------------------------------------------------------------

wrapping first mol.:       20.29907       28.70721       49.72235
wrapping first mol.:       20.29907       28.70721       49.72235

 NSTEP =    16000   TIME(PS) =     472.000  TEMP(K) =   299.25  PRESS =     0.0
 Etot   =    -34557.8232  EKtot   =      9155.1914  EPtot      =    -43713.0146
 BOND   =       353.2127  ANGLE   =      1006.0068  DIHED      =      1367.9394
 1-4 NB =       465.9182  1-4 EEL =      6297.1381  VDWAALS    =      4904.2641
 EELEC  =    -58288.5718  EHBOND  =         0.0000  RESTRAINT  =       181.0779
 EAMBER (non-restraint)  =    -43894.0925
 ------------------------------------------------------------------------------

wrapping first mol.:       20.29907       28.70721       49.72235
wrapping first mol.:       20.29907       28.70721       49.72235

 NSTEP =    16500   TIME(PS) =     473.000  TEMP(K) =   300.93  PRESS =     0.0
 Etot   =    -34530.2748  EKtot   =      9206.4707  EPtot      =    -43736.7455
 BOND   =       357.6152  ANGLE   =      1008.8841  DIHED      =      1374.1198
 1-4 NB =       448.0873  1-4 EEL =      6275.4802  VDWAALS    =      4800.7263
 EELEC  =    -58160.2050  EHBOND  =         0.0000  RESTRAINT  =       158.5467
 EAMBER (non-restraint)  =    -43895.2922
 ------------------------------------------------------------------------------

wrapping first mol.:       20.29907       28.70721       49.72235
wrapping first mol.:       20.29907       28.70721       49.72235

 NSTEP =    17000   TIME(PS) =     474.000  TEMP(K) =   300.87  PRESS =     0.0
 Etot   =    -34439.7182  EKtot   =      9204.8076  EPtot      =    -43644.5258
 BOND   =       322.9142  ANGLE   =      1046.2775  DIHED      =      1369.7112
 1-4 NB =       461.6334  1-4 EEL =      6316.2939  VDWAALS    =      4780.7594
 EELEC  =    -58096.3959  EHBOND  =         0.0000  RESTRAINT  =       154.2805
 EAMBER (non-restraint)  =    -43798.8063
 ------------------------------------------------------------------------------

wrapping first mol.:       20.29907       28.70721       49.72235
wrapping first mol.:       20.29907       28.70721       49.72235

 NSTEP =    17500   TIME(PS) =     475.000  TEMP(K) =   301.01  PRESS =     0.0
 Etot   =    -34335.9921  EKtot   =      9209.1592  EPtot      =    -43545.1513
 BOND   =       320.6777  ANGLE   =      1030.0839  DIHED      =      1362.5156
 1-4 NB =       449.4523  1-4 EEL =      6329.1072  VDWAALS    =      4641.9497
 EELEC  =    -57834.8582  EHBOND  =         0.0000  RESTRAINT  =       155.9205
 EAMBER (non-restraint)  =    -43701.0718
 ------------------------------------------------------------------------------

wrapping first mol.:       20.29907       28.70721       49.72235
wrapping first mol.:       20.29907       28.70721       49.72235

 NSTEP =    18000   TIME(PS) =     476.000  TEMP(K) =   299.53  PRESS =     0.0
 Etot   =    -34487.8301  EKtot   =      9163.8574  EPtot      =    -43651.6876
 BOND   =       344.3736  ANGLE   =      1027.1558  DIHED      =      1367.8981
 1-4 NB =       463.8700  1-4 EEL =      6273.2803  VDWAALS    =      4800.4934
 EELEC  =    -58087.7513  EHBOND  =         0.0000  RESTRAINT  =       158.9926
 EAMBER (non-restraint)  =    -43810.6801
 ------------------------------------------------------------------------------

wrapping first mol.:       20.29907       28.70721       49.72235
wrapping first mol.:       20.29907       28.70721       49.72235

 NSTEP =    18500   TIME(PS) =     477.000  TEMP(K) =   295.35  PRESS =     0.0
 Etot   =    -34535.0018  EKtot   =      9036.0020  EPtot      =    -43571.0038
 BOND   =       343.0017  ANGLE   =      1087.9462  DIHED      =      1362.0170
 1-4 NB =       456.4827  1-4 EEL =      6302.9798  VDWAALS    =      4643.1122
 EELEC  =    -57932.8631  EHBOND  =         0.0000  RESTRAINT  =       166.3196
 EAMBER (non-restraint)  =    -43737.3234
 ------------------------------------------------------------------------------

wrapping first mol.:       20.29907       28.70721       49.72235
wrapping first mol.:       20.29907       28.70721       49.72235

 NSTEP =    19000   TIME(PS) =     478.000  TEMP(K) =   299.13  PRESS =     0.0
 Etot   =    -34416.2293  EKtot   =      9151.5459  EPtot      =    -43567.7752
 BOND   =       332.3500  ANGLE   =      1088.6965  DIHED      =      1388.8109
 1-4 NB =       452.1443  1-4 EEL =      6321.1496  VDWAALS    =      4817.1568
 EELEC  =    -58125.6720  EHBOND  =         0.0000  RESTRAINT  =       157.5887
 EAMBER (non-restraint)  =    -43725.3639
 ------------------------------------------------------------------------------

wrapping first mol.:       20.29907       28.70721       49.72235
wrapping first mol.:       20.29907       28.70721       49.72235

 NSTEP =    19500   TIME(PS) =     479.000  TEMP(K) =   301.71  PRESS =     0.0
 Etot   =    -34532.0819  EKtot   =      9230.5830  EPtot      =    -43762.6649
 BOND   =       337.6259  ANGLE   =      1040.2705  DIHED      =      1366.7200
 1-4 NB =       444.4725  1-4 EEL =      6329.0515  VDWAALS    =      4849.6129
 EELEC  =    -58308.8851  EHBOND  =         0.0000  RESTRAINT  =       178.4668
 EAMBER (non-restraint)  =    -43941.1317
 ------------------------------------------------------------------------------

wrapping first mol.:       20.29907       28.70721       49.72235
wrapping first mol.:       20.29907       28.70721       49.72235

 NSTEP =    20000   TIME(PS) =     480.000  TEMP(K) =   299.97  PRESS =     0.0
 Etot   =    -34346.5343  EKtot   =      9177.0781  EPtot      =    -43523.6125
 BOND   =       350.3513  ANGLE   =      1028.6811  DIHED      =      1358.9885
 1-4 NB =       448.6232  1-4 EEL =      6321.9331  VDWAALS    =      4692.5399
 EELEC  =    -57893.4269  EHBOND  =         0.0000  RESTRAINT  =       168.6973
 EAMBER (non-restraint)  =    -43692.3097
 ------------------------------------------------------------------------------

wrapping first mol.:       20.29907       28.70721       49.72235
wrapping first mol.:       20.29907       28.70721       49.72235

 NSTEP =    20500   TIME(PS) =     481.000  TEMP(K) =   297.90  PRESS =     0.0
 Etot   =    -34225.1798  EKtot   =      9113.8867  EPtot      =    -43339.0666
 BOND   =       352.4889  ANGLE   =      1071.0046  DIHED      =      1351.6229
 1-4 NB =       448.9189  1-4 EEL =      6317.3284  VDWAALS    =      4743.5031
 EELEC  =    -57790.2950  EHBOND  =         0.0000  RESTRAINT  =       166.3618
 EAMBER (non-restraint)  =    -43505.4283
 ------------------------------------------------------------------------------

wrapping first mol.:       20.29907       28.70721       49.72235
wrapping first mol.:       20.29907       28.70721       49.72235

 NSTEP =    21000   TIME(PS) =     482.000  TEMP(K) =   304.96  PRESS =     0.0
 Etot   =    -34232.7001  EKtot   =      9330.0088  EPtot      =    -43562.7089
 BOND   =       347.2741  ANGLE   =      1052.0048  DIHED      =      1357.0123
 1-4 NB =       468.9777  1-4 EEL =      6328.5449  VDWAALS    =      4980.6121
 EELEC  =    -58258.8047  EHBOND  =         0.0000  RESTRAINT  =       161.6700
 EAMBER (non-restraint)  =    -43724.3789
 ------------------------------------------------------------------------------

wrapping first mol.:       20.29907       28.70721       49.72235
wrapping first mol.:       20.29907       28.70721       49.72235

 NSTEP =    21500   TIME(PS) =     483.000  TEMP(K) =   301.57  PRESS =     0.0
 Etot   =    -34447.0233  EKtot   =      9226.0479  EPtot      =    -43673.0711
 BOND   =       341.3708  ANGLE   =      1047.6131  DIHED      =      1373.1233
 1-4 NB =       455.8735  1-4 EEL =      6284.7895  VDWAALS    =      4674.9143
 EELEC  =    -58018.6923  EHBOND  =         0.0000  RESTRAINT  =       167.9367
 EAMBER (non-restraint)  =    -43841.0079
 ------------------------------------------------------------------------------

wrapping first mol.:       20.29907       28.70721       49.72235
wrapping first mol.:       20.29907       28.70721       49.72235

 NSTEP =    22000   TIME(PS) =     484.000  TEMP(K) =   302.70  PRESS =     0.0
 Etot   =    -34450.7057  EKtot   =      9260.8584  EPtot      =    -43711.5641
 BOND   =       322.4014  ANGLE   =      1031.1681  DIHED      =      1382.3304
 1-4 NB =       455.2300  1-4 EEL =      6317.9119  VDWAALS    =      4854.7496
 EELEC  =    -58228.5440  EHBOND  =         0.0000  RESTRAINT  =       153.1885
 EAMBER (non-restraint)  =    -43864.7526
 ------------------------------------------------------------------------------

wrapping first mol.:       20.29907       28.70721       49.72235
wrapping first mol.:       20.29907       28.70721       49.72235

 NSTEP =    22500   TIME(PS) =     485.000  TEMP(K) =   296.51  PRESS =     0.0
 Etot   =    -34488.0770  EKtot   =      9071.5068  EPtot      =    -43559.5838
 BOND   =       351.7258  ANGLE   =      1050.6724  DIHED      =      1367.5301
 1-4 NB =       454.9120  1-4 EEL =      6294.6323  VDWAALS    =      4723.4475
 EELEC  =    -57958.8620  EHBOND  =         0.0000  RESTRAINT  =       156.3580
 EAMBER (non-restraint)  =    -43715.9419
 ------------------------------------------------------------------------------

wrapping first mol.:       20.29907       28.70721       49.72235
wrapping first mol.:       20.29907       28.70721       49.72235

 NSTEP =    23000   TIME(PS) =     486.000  TEMP(K) =   297.15  PRESS =     0.0
 Etot   =    -34564.2168  EKtot   =      9091.0322  EPtot      =    -43655.2490
 BOND   =       313.3511  ANGLE   =      1063.8992  DIHED      =      1351.9626
 1-4 NB =       460.2193  1-4 EEL =      6289.8603  VDWAALS    =      4810.7299
 EELEC  =    -58095.9381  EHBOND  =         0.0000  RESTRAINT  =       150.6667
 EAMBER (non-restraint)  =    -43805.9157
 ------------------------------------------------------------------------------

wrapping first mol.:       20.29907       28.70721       49.72235
wrapping first mol.:       20.29907       28.70721       49.72235

 NSTEP =    23500   TIME(PS) =     487.000  TEMP(K) =   299.04  PRESS =     0.0
 Etot   =    -34567.4575  EKtot   =      9148.7139  EPtot      =    -43716.1714
 BOND   =       347.7894  ANGLE   =      1038.5342  DIHED      =      1370.1708
 1-4 NB =       448.8765  1-4 EEL =      6274.4469  VDWAALS    =      4770.5657
 EELEC  =    -58122.8008  EHBOND  =         0.0000  RESTRAINT  =       156.2460
 EAMBER (non-restraint)  =    -43872.4173
 ------------------------------------------------------------------------------

wrapping first mol.:       20.29907       28.70721       49.72235
wrapping first mol.:       20.29907       28.70721       49.72235

 NSTEP =    24000   TIME(PS) =     488.000  TEMP(K) =   299.62  PRESS =     0.0
 Etot   =    -34349.9535  EKtot   =      9166.4668  EPtot      =    -43516.4203
 BOND   =       333.1460  ANGLE   =      1054.6127  DIHED      =      1344.6378
 1-4 NB =       448.3545  1-4 EEL =      6286.5345  VDWAALS    =      4503.1174
 EELEC  =    -57642.4601  EHBOND  =         0.0000  RESTRAINT  =       155.6368
 EAMBER (non-restraint)  =    -43672.0571
 ------------------------------------------------------------------------------

wrapping first mol.:       20.29907       28.70721       49.72235
wrapping first mol.:       20.29907       28.70721       49.72235

 NSTEP =    24500   TIME(PS) =     489.000  TEMP(K) =   300.44  PRESS =     0.0
 Etot   =    -34503.0721  EKtot   =      9191.5820  EPtot      =    -43694.6541
 BOND   =       330.4247  ANGLE   =      1007.1381  DIHED      =      1378.7259
 1-4 NB =       449.6237  1-4 EEL =      6298.8750  VDWAALS    =      4660.6033
 EELEC  =    -57992.5967  EHBOND  =         0.0000  RESTRAINT  =       172.5519
 EAMBER (non-restraint)  =    -43867.2061
 ------------------------------------------------------------------------------

wrapping first mol.:       20.29907       28.70721       49.72235
wrapping first mol.:       20.29907       28.70721       49.72235

 NSTEP =    25000   TIME(PS) =     490.000  TEMP(K) =   298.23  PRESS =     0.0
 Etot   =    -34406.6290  EKtot   =      9123.9424  EPtot      =    -43530.5714
 BOND   =       344.2146  ANGLE   =      1065.7427  DIHED      =      1355.8899
 1-4 NB =       447.2722  1-4 EEL =      6277.5140  VDWAALS    =      4739.0958
 EELEC  =    -57935.1995  EHBOND  =         0.0000  RESTRAINT  =       174.8989
 EAMBER (non-restraint)  =    -43705.4704
 ------------------------------------------------------------------------------

wrapping first mol.:       20.29907       28.70721       49.72235
wrapping first mol.:       20.29907       28.70721       49.72235

 NSTEP =    25500   TIME(PS) =     491.000  TEMP(K) =   303.70  PRESS =     0.0
 Etot   =    -34337.1246  EKtot   =      9291.2588  EPtot      =    -43628.3834
 BOND   =       319.8666  ANGLE   =      1026.2781  DIHED      =      1348.3425
 1-4 NB =       469.0450  1-4 EEL =      6340.2981  VDWAALS    =      4910.2604
 EELEC  =    -58215.8827  EHBOND  =         0.0000  RESTRAINT  =       173.4086
 EAMBER (non-restraint)  =    -43801.7920
 ------------------------------------------------------------------------------

wrapping first mol.:       20.29907       28.70721       49.72235
wrapping first mol.:       20.29907       28.70721       49.72235

 NSTEP =    26000   TIME(PS) =     492.000  TEMP(K) =   303.58  PRESS =     0.0
 Etot   =    -34176.8035  EKtot   =      9287.7852  EPtot      =    -43464.5886
 BOND   =       335.8818  ANGLE   =      1056.9123  DIHED      =      1361.6661
 1-4 NB =       454.7639  1-4 EEL =      6283.1690  VDWAALS    =      4769.2615
 EELEC  =    -57894.5663  EHBOND  =         0.0000  RESTRAINT  =       168.3232
 EAMBER (non-restraint)  =    -43632.9119
 ------------------------------------------------------------------------------

wrapping first mol.:       20.29907       28.70721       49.72235
wrapping first mol.:       20.29907       28.70721       49.72235

 NSTEP =    26500   TIME(PS) =     493.000  TEMP(K) =   301.73  PRESS =     0.0
 Etot   =    -34577.8524  EKtot   =      9231.2051  EPtot      =    -43809.0574
 BOND   =       332.4609  ANGLE   =      1060.8854  DIHED      =      1362.6136
 1-4 NB =       461.5449  1-4 EEL =      6283.2551  VDWAALS    =      4742.7391
 EELEC  =    -58224.2740  EHBOND  =         0.0000  RESTRAINT  =       171.7174
 EAMBER (non-restraint)  =    -43980.7749
 ------------------------------------------------------------------------------

wrapping first mol.:       20.29907       28.70721       49.72235
wrapping first mol.:       20.29907       28.70721       49.72235

 NSTEP =    27000   TIME(PS) =     494.000  TEMP(K) =   301.06  PRESS =     0.0
 Etot   =    -34493.1590  EKtot   =      9210.4404  EPtot      =    -43703.5994
 BOND   =       330.4334  ANGLE   =      1060.1555  DIHED      =      1353.0708
 1-4 NB =       452.9712  1-4 EEL =      6283.7984  VDWAALS    =      4618.7164
 EELEC  =    -57964.0234  EHBOND  =         0.0000  RESTRAINT  =       161.2783
 EAMBER (non-restraint)  =    -43864.8777
 ------------------------------------------------------------------------------

wrapping first mol.:       20.29907       28.70721       49.72235
wrapping first mol.:       20.29907       28.70721       49.72235

 NSTEP =    27500   TIME(PS) =     495.000  TEMP(K) =   300.92  PRESS =     0.0
 Etot   =    -34334.7346  EKtot   =      9206.4414  EPtot      =    -43541.1760
 BOND   =       337.8496  ANGLE   =      1046.6619  DIHED      =      1353.8331
 1-4 NB =       465.9826  1-4 EEL =      6287.5606  VDWAALS    =      4724.8728
 EELEC  =    -57932.8862  EHBOND  =         0.0000  RESTRAINT  =       174.9495
 EAMBER (non-restraint)  =    -43716.1256
 ------------------------------------------------------------------------------

wrapping first mol.:       20.29907       28.70721       49.72235
wrapping first mol.:       20.29907       28.70721       49.72235

 NSTEP =    28000   TIME(PS) =     496.000  TEMP(K) =   299.18  PRESS =     0.0
 Etot   =    -34546.1714  EKtot   =      9153.1934  EPtot      =    -43699.3647
 BOND   =       323.7283  ANGLE   =      1061.5904  DIHED      =      1361.6640
 1-4 NB =       458.1243  1-4 EEL =      6284.1435  VDWAALS    =      4717.0629
 EELEC  =    -58059.5893  EHBOND  =         0.0000  RESTRAINT  =       153.9110
 EAMBER (non-restraint)  =    -43853.2757
 ------------------------------------------------------------------------------

wrapping first mol.:       20.29907       28.70721       49.72235
wrapping first mol.:       20.29907       28.70721       49.72235

 NSTEP =    28500   TIME(PS) =     497.000  TEMP(K) =   300.92  PRESS =     0.0
 Etot   =    -34484.9988  EKtot   =      9206.3350  EPtot      =    -43691.3337
 BOND   =       338.7431  ANGLE   =      1027.1125  DIHED      =      1367.8131
 1-4 NB =       451.9910  1-4 EEL =      6299.9784  VDWAALS    =      4672.9581
 EELEC  =    -58019.2979  EHBOND  =         0.0000  RESTRAINT  =       169.3680
 EAMBER (non-restraint)  =    -43860.7017
 ------------------------------------------------------------------------------

wrapping first mol.:       20.29907       28.70721       49.72235
wrapping first mol.:       20.29907       28.70721       49.72235

 NSTEP =    29000   TIME(PS) =     498.000  TEMP(K) =   297.16  PRESS =     0.0
 Etot   =    -34460.0352  EKtot   =      9091.3418  EPtot      =    -43551.3770
 BOND   =       345.8058  ANGLE   =      1069.6908  DIHED      =      1370.0143
 1-4 NB =       463.5098  1-4 EEL =      6287.2709  VDWAALS    =      4734.8254
 EELEC  =    -57995.6631  EHBOND  =         0.0000  RESTRAINT  =       173.1691
 EAMBER (non-restraint)  =    -43724.5461
 ------------------------------------------------------------------------------

wrapping first mol.:       20.29907       28.70721       49.72235
wrapping first mol.:       20.29907       28.70721       49.72235

 NSTEP =    29500   TIME(PS) =     499.000  TEMP(K) =   298.89  PRESS =     0.0
 Etot   =    -34307.5206  EKtot   =      9144.1172  EPtot      =    -43451.6378
 BOND   =       333.3098  ANGLE   =      1062.2462  DIHED      =      1392.8279
 1-4 NB =       460.8250  1-4 EEL =      6329.3632  VDWAALS    =      4797.3914
 EELEC  =    -57994.7369  EHBOND  =         0.0000  RESTRAINT  =       167.1358
 EAMBER (non-restraint)  =    -43618.7735
 ------------------------------------------------------------------------------

wrapping first mol.:       20.29907       28.70721       49.72235
wrapping first mol.:       20.29907       28.70721       49.72235

 NSTEP =    30000   TIME(PS) =     500.000  TEMP(K) =   300.82  PRESS =     0.0
 Etot   =    -34417.9952  EKtot   =      9203.2998  EPtot      =    -43621.2950
 BOND   =       321.5223  ANGLE   =      1047.2589  DIHED      =      1354.4674
 1-4 NB =       454.8800  1-4 EEL =      6297.0558  VDWAALS    =      4733.1951
 EELEC  =    -57995.8300  EHBOND  =         0.0000  RESTRAINT  =       166.1555
 EAMBER (non-restraint)  =    -43787.4505
 ------------------------------------------------------------------------------

wrapping first mol.:       20.29907       28.70721       49.72235
wrapping first mol.:       20.29907       28.70721       49.72235

 NSTEP =    30500   TIME(PS) =     501.000  TEMP(K) =   301.75  PRESS =     0.0
 Etot   =    -34475.6837  EKtot   =      9231.7129  EPtot      =    -43707.3966
 BOND   =       336.3467  ANGLE   =      1011.8546  DIHED      =      1357.0348
 1-4 NB =       454.5758  1-4 EEL =      6283.3709  VDWAALS    =      4539.3596
 EELEC  =    -57851.7269  EHBOND  =         0.0000  RESTRAINT  =       161.7879
 EAMBER (non-restraint)  =    -43869.1845
 ------------------------------------------------------------------------------

wrapping first mol.:       20.29907       28.70721       49.72235
wrapping first mol.:       20.29907       28.70721       49.72235

 NSTEP =    31000   TIME(PS) =     502.000  TEMP(K) =   299.21  PRESS =     0.0
 Etot   =    -34517.0540  EKtot   =      9154.0615  EPtot      =    -43671.1155
 BOND   =       331.3766  ANGLE   =      1080.5181  DIHED      =      1368.5527
 1-4 NB =       457.3469  1-4 EEL =      6313.6516  VDWAALS    =      4596.0994
 EELEC  =    -57973.5205  EHBOND  =         0.0000  RESTRAINT  =       154.8597
 EAMBER (non-restraint)  =    -43825.9752
 ------------------------------------------------------------------------------

wrapping first mol.:       20.29907       28.70721       49.72235
wrapping first mol.:       20.29907       28.70721       49.72235

 NSTEP =    31500   TIME(PS) =     503.000  TEMP(K) =   300.69  PRESS =     0.0
 Etot   =    -34415.7189  EKtot   =      9199.2373  EPtot      =    -43614.9562
 BOND   =       328.2450  ANGLE   =      1067.6195  DIHED      =      1375.1418
 1-4 NB =       461.9726  1-4 EEL =      6301.5854  VDWAALS    =      4778.1986
 EELEC  =    -58092.0525  EHBOND  =         0.0000  RESTRAINT  =       164.3334
 EAMBER (non-restraint)  =    -43779.2896
 ------------------------------------------------------------------------------

wrapping first mol.:       20.29907       28.70721       49.72235
wrapping first mol.:       20.29907       28.70721       49.72235

 NSTEP =    32000   TIME(PS) =     504.000  TEMP(K) =   300.56  PRESS =     0.0
 Etot   =    -34508.8908  EKtot   =      9195.1973  EPtot      =    -43704.0881
 BOND   =       368.2717  ANGLE   =      1037.5461  DIHED      =      1357.0199
 1-4 NB =       445.7520  1-4 EEL =      6290.8765  VDWAALS    =      4805.7976
 EELEC  =    -58175.5834  EHBOND  =         0.0000  RESTRAINT  =       166.2314
 EAMBER (non-restraint)  =    -43870.3195
 ------------------------------------------------------------------------------

wrapping first mol.:       20.29907       28.70721       49.72235
wrapping first mol.:       20.29907       28.70721       49.72235

 NSTEP =    32500   TIME(PS) =     505.000  TEMP(K) =   298.20  PRESS =     0.0
 Etot   =    -34433.6723  EKtot   =      9122.9473  EPtot      =    -43556.6195
 BOND   =       363.6256  ANGLE   =      1014.4199  DIHED      =      1351.5022
 1-4 NB =       452.5292  1-4 EEL =      6292.9128  VDWAALS    =      4665.0692
 EELEC  =    -57868.4874  EHBOND  =         0.0000  RESTRAINT  =       171.8090
 EAMBER (non-restraint)  =    -43728.4285
 ------------------------------------------------------------------------------

wrapping first mol.:       20.29907       28.70721       49.72235
wrapping first mol.:       20.29907       28.70721       49.72235

 NSTEP =    33000   TIME(PS) =     506.000  TEMP(K) =   301.77  PRESS =     0.0
 Etot   =    -34252.0669  EKtot   =      9232.2061  EPtot      =    -43484.2729
 BOND   =       343.6427  ANGLE   =      1019.3108  DIHED      =      1362.7391
 1-4 NB =       459.6403  1-4 EEL =      6321.1615  VDWAALS    =      4794.2827
 EELEC  =    -57961.8444  EHBOND  =         0.0000  RESTRAINT  =       176.7945
 EAMBER (non-restraint)  =    -43661.0674
 ------------------------------------------------------------------------------

wrapping first mol.:       20.29907       28.70721       49.72235
wrapping first mol.:       20.29907       28.70721       49.72235

 NSTEP =    33500   TIME(PS) =     507.000  TEMP(K) =   300.93  PRESS =     0.0
 Etot   =    -34302.1590  EKtot   =      9206.7119  EPtot      =    -43508.8709
 BOND   =       326.4392  ANGLE   =      1067.3659  DIHED      =      1354.6320
 1-4 NB =       469.1749  1-4 EEL =      6278.8024  VDWAALS    =      4734.7962
 EELEC  =    -57902.6340  EHBOND  =         0.0000  RESTRAINT  =       162.5524
 EAMBER (non-restraint)  =    -43671.4233
 ------------------------------------------------------------------------------

wrapping first mol.:       20.29907       28.70721       49.72235
wrapping first mol.:       20.29907       28.70721       49.72235

 NSTEP =    34000   TIME(PS) =     508.000  TEMP(K) =   298.02  PRESS =     0.0
 Etot   =    -34438.6322  EKtot   =      9117.4834  EPtot      =    -43556.1156
 BOND   =       333.3616  ANGLE   =      1003.8109  DIHED      =      1361.8543
 1-4 NB =       457.9726  1-4 EEL =      6304.4798  VDWAALS    =      4838.7980
 EELEC  =    -58025.9965  EHBOND  =         0.0000  RESTRAINT  =       169.6036
 EAMBER (non-restraint)  =    -43725.7192
 ------------------------------------------------------------------------------

wrapping first mol.:       20.29907       28.70721       49.72235
wrapping first mol.:       20.29907       28.70721       49.72235

 NSTEP =    34500   TIME(PS) =     509.000  TEMP(K) =   298.24  PRESS =     0.0
 Etot   =    -34509.6966  EKtot   =      9124.2051  EPtot      =    -43633.9016
 BOND   =       333.6155  ANGLE   =      1015.3709  DIHED      =      1367.6047
 1-4 NB =       459.1965  1-4 EEL =      6314.8713  VDWAALS    =      4926.5197
 EELEC  =    -58214.8435  EHBOND  =         0.0000  RESTRAINT  =       163.7633
 EAMBER (non-restraint)  =    -43797.6649
 ------------------------------------------------------------------------------

wrapping first mol.:       20.29907       28.70721       49.72235
wrapping first mol.:       20.29907       28.70721       49.72235

 NSTEP =    35000   TIME(PS) =     510.000  TEMP(K) =   300.79  PRESS =     0.0
 Etot   =    -34458.7507  EKtot   =      9202.3730  EPtot      =    -43661.1238
 BOND   =       344.6582  ANGLE   =      1056.9594  DIHED      =      1362.0622
 1-4 NB =       443.1817  1-4 EEL =      6280.6554  VDWAALS    =      4814.3008
 EELEC  =    -58123.3492  EHBOND  =         0.0000  RESTRAINT  =       160.4077
 EAMBER (non-restraint)  =    -43821.5315
 ------------------------------------------------------------------------------

wrapping first mol.:       20.29907       28.70721       49.72235
wrapping first mol.:       20.29907       28.70721       49.72235

 NSTEP =    35500   TIME(PS) =     511.000  TEMP(K) =   299.53  PRESS =     0.0
 Etot   =    -34384.6067  EKtot   =      9163.6807  EPtot      =    -43548.2874
 BOND   =       357.7050  ANGLE   =      1047.6184  DIHED      =      1359.4591
 1-4 NB =       452.0567  1-4 EEL =      6292.7130  VDWAALS    =      4807.2822
 EELEC  =    -58060.8685  EHBOND  =         0.0000  RESTRAINT  =       195.7469
 EAMBER (non-restraint)  =    -43744.0343
 ------------------------------------------------------------------------------

wrapping first mol.:       20.29907       28.70721       49.72235
wrapping first mol.:       20.29907       28.70721       49.72235

 NSTEP =    36000   TIME(PS) =     512.000  TEMP(K) =   300.25  PRESS =     0.0
 Etot   =    -34539.5304  EKtot   =      9185.6885  EPtot      =    -43725.2189
 BOND   =       308.8309  ANGLE   =      1049.1198  DIHED      =      1352.2720
 1-4 NB =       453.4408  1-4 EEL =      6307.3372  VDWAALS    =      4929.6522
 EELEC  =    -58277.0819  EHBOND  =         0.0000  RESTRAINT  =       151.2101
 EAMBER (non-restraint)  =    -43876.4290
 ------------------------------------------------------------------------------

wrapping first mol.:       20.29907       28.70721       49.72235
wrapping first mol.:       20.29907       28.70721       49.72235

 NSTEP =    36500   TIME(PS) =     513.000  TEMP(K) =   298.53  PRESS =     0.0
 Etot   =    -34519.5966  EKtot   =      9133.2412  EPtot      =    -43652.8378
 BOND   =       326.9005  ANGLE   =      1050.0394  DIHED      =      1367.2056
 1-4 NB =       458.4587  1-4 EEL =      6293.8781  VDWAALS    =      4705.7069
 EELEC  =    -58004.6633  EHBOND  =         0.0000  RESTRAINT  =       149.6363
 EAMBER (non-restraint)  =    -43802.4741
 ------------------------------------------------------------------------------

wrapping first mol.:       20.29907       28.70721       49.72235
wrapping first mol.:       20.29907       28.70721       49.72235

 NSTEP =    37000   TIME(PS) =     514.000  TEMP(K) =   301.66  PRESS =     0.0
 Etot   =    -34253.9456  EKtot   =      9228.7949  EPtot      =    -43482.7405
 BOND   =       342.6393  ANGLE   =      1109.5709  DIHED      =      1390.7909
 1-4 NB =       440.1241  1-4 EEL =      6262.2233  VDWAALS    =      4769.2764
 EELEC  =    -57969.6719  EHBOND  =         0.0000  RESTRAINT  =       172.3065
 EAMBER (non-restraint)  =    -43655.0470
 ------------------------------------------------------------------------------

wrapping first mol.:       20.29907       28.70721       49.72235
wrapping first mol.:       20.29907       28.70721       49.72235

 NSTEP =    37500   TIME(PS) =     515.000  TEMP(K) =   299.28  PRESS =     0.0
 Etot   =    -34324.9399  EKtot   =      9156.0186  EPtot      =    -43480.9584
 BOND   =       359.2784  ANGLE   =      1042.1050  DIHED      =      1373.0425
 1-4 NB =       453.3427  1-4 EEL =      6287.6244  VDWAALS    =      4863.5213
 EELEC  =    -58028.2106  EHBOND  =         0.0000  RESTRAINT  =       168.3380
 EAMBER (non-restraint)  =    -43649.2964
 ------------------------------------------------------------------------------

wrapping first mol.:       20.29907       28.70721       49.72235
wrapping first mol.:       20.29907       28.70721       49.72235

 NSTEP =    38000   TIME(PS) =     516.000  TEMP(K) =   299.95  PRESS =     0.0
 Etot   =    -34314.9384  EKtot   =      9176.6680  EPtot      =    -43491.6063
 BOND   =       330.3757  ANGLE   =      1059.7232  DIHED      =      1366.9884
 1-4 NB =       460.5030  1-4 EEL =      6314.8481  VDWAALS    =      4612.2049
 EELEC  =    -57792.5639  EHBOND  =         0.0000  RESTRAINT  =       156.3142
 EAMBER (non-restraint)  =    -43647.9205
 ------------------------------------------------------------------------------

wrapping first mol.:       20.29907       28.70721       49.72235
wrapping first mol.:       20.29907       28.70721       49.72235

 NSTEP =    38500   TIME(PS) =     517.000  TEMP(K) =   301.44  PRESS =     0.0
 Etot   =    -34574.1911  EKtot   =      9222.0723  EPtot      =    -43796.2634
 BOND   =       338.4790  ANGLE   =       993.5921  DIHED      =      1344.8223
 1-4 NB =       449.3482  1-4 EEL =      6316.1652  VDWAALS    =      4916.0541
 EELEC  =    -58331.3162  EHBOND  =         0.0000  RESTRAINT  =       176.5919
 EAMBER (non-restraint)  =    -43972.8553
 ------------------------------------------------------------------------------

wrapping first mol.:       20.29907       28.70721       49.72235
wrapping first mol.:       20.29907       28.70721       49.72235

 NSTEP =    39000   TIME(PS) =     518.000  TEMP(K) =   294.68  PRESS =     0.0
 Etot   =    -34589.7513  EKtot   =      9015.3643  EPtot      =    -43605.1155
 BOND   =       326.8369  ANGLE   =      1032.5315  DIHED      =      1360.8647
 1-4 NB =       462.7989  1-4 EEL =      6284.0790  VDWAALS    =      4839.2277
 EELEC  =    -58077.5845  EHBOND  =         0.0000  RESTRAINT  =       166.1304
 EAMBER (non-restraint)  =    -43771.2459
 ------------------------------------------------------------------------------

wrapping first mol.:       20.29907       28.70721       49.72235
wrapping first mol.:       20.29907       28.70721       49.72235

 NSTEP =    39500   TIME(PS) =     519.000  TEMP(K) =   299.92  PRESS =     0.0
 Etot   =    -34505.9226  EKtot   =      9175.7246  EPtot      =    -43681.6472
 BOND   =       324.8186  ANGLE   =      1045.2310  DIHED      =      1390.1436
 1-4 NB =       461.2940  1-4 EEL =      6309.5760  VDWAALS    =      4747.9802
 EELEC  =    -58122.8425  EHBOND  =         0.0000  RESTRAINT  =       162.1519
 EAMBER (non-restraint)  =    -43843.7991
 ------------------------------------------------------------------------------

wrapping first mol.:       20.29907       28.70721       49.72235
wrapping first mol.:       20.29907       28.70721       49.72235

 NSTEP =    40000   TIME(PS) =     520.000  TEMP(K) =   299.67  PRESS =     0.0
 Etot   =    -34449.5204  EKtot   =      9167.9053  EPtot      =    -43617.4257
 BOND   =       336.3413  ANGLE   =      1017.0195  DIHED      =      1374.4695
 1-4 NB =       455.3469  1-4 EEL =      6295.6588  VDWAALS    =      4743.3146
 EELEC  =    -57991.3655  EHBOND  =         0.0000  RESTRAINT  =       151.7892
 EAMBER (non-restraint)  =    -43769.2149
 ------------------------------------------------------------------------------

wrapping first mol.:       20.29907       28.70721       49.72235
wrapping first mol.:       20.29907       28.70721       49.72235

 NSTEP =    40500   TIME(PS) =     521.000  TEMP(K) =   300.74  PRESS =     0.0
 Etot   =    -34546.9542  EKtot   =      9200.6484  EPtot      =    -43747.6027
 BOND   =       342.7478  ANGLE   =      1020.5110  DIHED      =      1357.9284
 1-4 NB =       463.8135  1-4 EEL =      6265.2952  VDWAALS    =      4921.6425
 EELEC  =    -58273.6991  EHBOND  =         0.0000  RESTRAINT  =       154.1580
 EAMBER (non-restraint)  =    -43901.7607
 ------------------------------------------------------------------------------

wrapping first mol.:       20.29907       28.70721       49.72235
wrapping first mol.:       20.29907       28.70721       49.72235

 NSTEP =    41000   TIME(PS) =     522.000  TEMP(K) =   300.62  PRESS =     0.0
 Etot   =    -34427.1510  EKtot   =      9196.9629  EPtot      =    -43624.1139
 BOND   =       357.6681  ANGLE   =      1056.1791  DIHED      =      1364.3373
 1-4 NB =       461.9047  1-4 EEL =      6269.8236  VDWAALS    =      4709.8338
 EELEC  =    -58013.7931  EHBOND  =         0.0000  RESTRAINT  =       169.9326
 EAMBER (non-restraint)  =    -43794.0465
 ------------------------------------------------------------------------------

wrapping first mol.:       20.29907       28.70721       49.72235
wrapping first mol.:       20.29907       28.70721       49.72235

 NSTEP =    41500   TIME(PS) =     523.000  TEMP(K) =   300.79  PRESS =     0.0
 Etot   =    -34397.4100  EKtot   =      9202.1660  EPtot      =    -43599.5761
 BOND   =       314.0693  ANGLE   =      1056.3186  DIHED      =      1375.2641
 1-4 NB =       451.2323  1-4 EEL =      6266.0970  VDWAALS    =      4751.2020
 EELEC  =    -57982.4015  EHBOND  =         0.0000  RESTRAINT  =       168.6421
 EAMBER (non-restraint)  =    -43768.2181
 ------------------------------------------------------------------------------

wrapping first mol.:       20.29907       28.70721       49.72235
wrapping first mol.:       20.29907       28.70721       49.72235

 NSTEP =    42000   TIME(PS) =     524.000  TEMP(K) =   304.62  PRESS =     0.0
 Etot   =    -34298.7445  EKtot   =      9319.6084  EPtot      =    -43618.3529
 BOND   =       354.0260  ANGLE   =      1049.8540  DIHED      =      1360.4332
 1-4 NB =       454.4533  1-4 EEL =      6294.5367  VDWAALS    =      4710.3323
 EELEC  =    -58014.5243  EHBOND  =         0.0000  RESTRAINT  =       172.5360
 EAMBER (non-restraint)  =    -43790.8889
 ------------------------------------------------------------------------------

wrapping first mol.:       20.29907       28.70721       49.72235
wrapping first mol.:       20.29907       28.70721       49.72235

 NSTEP =    42500   TIME(PS) =     525.000  TEMP(K) =   300.99  PRESS =     0.0
 Etot   =    -34314.8285  EKtot   =      9208.2939  EPtot      =    -43523.1224
 BOND   =       351.3492  ANGLE   =      1041.0903  DIHED      =      1399.1447
 1-4 NB =       451.2383  1-4 EEL =      6274.9657  VDWAALS    =      4601.0167
 EELEC  =    -57798.3934  EHBOND  =         0.0000  RESTRAINT  =       156.4661
 EAMBER (non-restraint)  =    -43679.5885
 ------------------------------------------------------------------------------

wrapping first mol.:       20.29907       28.70721       49.72235
wrapping first mol.:       20.29907       28.70721       49.72235

 NSTEP =    43000   TIME(PS) =     526.000  TEMP(K) =   297.74  PRESS =     0.0
 Etot   =    -34608.5306  EKtot   =      9109.1416  EPtot      =    -43717.6722
 BOND   =       334.8098  ANGLE   =      1052.8176  DIHED      =      1340.6149
 1-4 NB =       472.3521  1-4 EEL =      6286.1644  VDWAALS    =      4825.6964
 EELEC  =    -58190.2351  EHBOND  =         0.0000  RESTRAINT  =       160.1078
 EAMBER (non-restraint)  =    -43877.7800
 ------------------------------------------------------------------------------

wrapping first mol.:       20.29907       28.70721       49.72235
wrapping first mol.:       20.29907       28.70721       49.72235

 NSTEP =    43500   TIME(PS) =     527.000  TEMP(K) =   301.29  PRESS =     0.0
 Etot   =    -34282.5450  EKtot   =      9217.5010  EPtot      =    -43500.0460
 BOND   =       366.2135  ANGLE   =      1092.1880  DIHED      =      1357.4416
 1-4 NB =       458.4875  1-4 EEL =      6251.5534  VDWAALS    =      4649.3293
 EELEC  =    -57843.6066  EHBOND  =         0.0000  RESTRAINT  =       168.3472
 EAMBER (non-restraint)  =    -43668.3932
 ------------------------------------------------------------------------------

wrapping first mol.:       20.29907       28.70721       49.72235
wrapping first mol.:       20.29907       28.70721       49.72235

 NSTEP =    44000   TIME(PS) =     528.000  TEMP(K) =   300.75  PRESS =     0.0
 Etot   =    -34377.6082  EKtot   =      9201.0488  EPtot      =    -43578.6570
 BOND   =       310.1816  ANGLE   =      1051.6665  DIHED      =      1369.6583
 1-4 NB =       469.2408  1-4 EEL =      6262.7814  VDWAALS    =      4669.5446
 EELEC  =    -57887.5147  EHBOND  =         0.0000  RESTRAINT  =       175.7845
 EAMBER (non-restraint)  =    -43754.4415
 ------------------------------------------------------------------------------

wrapping first mol.:       20.29907       28.70721       49.72235
wrapping first mol.:       20.29907       28.70721       49.72235

 NSTEP =    44500   TIME(PS) =     529.000  TEMP(K) =   293.88  PRESS =     0.0
 Etot   =    -34570.9075  EKtot   =      8990.8223  EPtot      =    -43561.7297
 BOND   =       330.9510  ANGLE   =      1053.2353  DIHED      =      1366.1283
 1-4 NB =       469.4901  1-4 EEL =      6302.8507  VDWAALS    =      4717.3399
 EELEC  =    -57963.7761  EHBOND  =         0.0000  RESTRAINT  =       162.0511
 EAMBER (non-restraint)  =    -43723.7808
 ------------------------------------------------------------------------------

wrapping first mol.:       20.29907       28.70721       49.72235
wrapping first mol.:       20.29907       28.70721       49.72235

 NSTEP =    45000   TIME(PS) =     530.000  TEMP(K) =   300.04  PRESS =     0.0
 Etot   =    -34588.4768  EKtot   =      9179.4326  EPtot      =    -43767.9094
 BOND   =       314.2814  ANGLE   =      1030.4716  DIHED      =      1360.8018
 1-4 NB =       469.7638  1-4 EEL =      6279.9536  VDWAALS    =      4821.7657
 EELEC  =    -58205.1082  EHBOND  =         0.0000  RESTRAINT  =       160.1610
 EAMBER (non-restraint)  =    -43928.0704
 ------------------------------------------------------------------------------

wrapping first mol.:       20.29907       28.70721       49.72235
wrapping first mol.:       20.29907       28.70721       49.72235

 NSTEP =    45500   TIME(PS) =     531.000  TEMP(K) =   298.38  PRESS =     0.0
 Etot   =    -34431.2636  EKtot   =      9128.5752  EPtot      =    -43559.8388
 BOND   =       328.4201  ANGLE   =      1055.8063  DIHED      =      1374.9923
 1-4 NB =       462.6772  1-4 EEL =      6304.6889  VDWAALS    =      4635.1411
 EELEC  =    -57893.3282  EHBOND  =         0.0000  RESTRAINT  =       171.7634
 EAMBER (non-restraint)  =    -43731.6022
 ------------------------------------------------------------------------------

wrapping first mol.:       20.29907       28.70721       49.72235
wrapping first mol.:       20.29907       28.70721       49.72235

 NSTEP =    46000   TIME(PS) =     532.000  TEMP(K) =   298.30  PRESS =     0.0
 Etot   =    -34558.3946  EKtot   =      9126.2334  EPtot      =    -43684.6280
 BOND   =       361.5821  ANGLE   =      1037.5978  DIHED      =      1353.7057
 1-4 NB =       459.2618  1-4 EEL =      6263.9568  VDWAALS    =      4887.4057
 EELEC  =    -58198.3484  EHBOND  =         0.0000  RESTRAINT  =       150.2106
 EAMBER (non-restraint)  =    -43834.8386
 ------------------------------------------------------------------------------

wrapping first mol.:       20.29907       28.70721       49.72235
wrapping first mol.:       20.29907       28.70721       49.72235

 NSTEP =    46500   TIME(PS) =     533.000  TEMP(K) =   303.37  PRESS =     0.0
 Etot   =    -34139.4054  EKtot   =      9281.2266  EPtot      =    -43420.6319
 BOND   =       334.7717  ANGLE   =      1106.2583  DIHED      =      1372.6335
 1-4 NB =       467.3858  1-4 EEL =      6224.8009  VDWAALS    =      4794.6709
 EELEC  =    -57894.8303  EHBOND  =         0.0000  RESTRAINT  =       173.6773
 EAMBER (non-restraint)  =    -43594.3092
 ------------------------------------------------------------------------------

wrapping first mol.:       20.29907       28.70721       49.72235
wrapping first mol.:       20.29907       28.70721       49.72235

 NSTEP =    47000   TIME(PS) =     534.000  TEMP(K) =   303.34  PRESS =     0.0
 Etot   =    -34383.2194  EKtot   =      9280.4756  EPtot      =    -43663.6950
 BOND   =       337.9896  ANGLE   =      1059.3935  DIHED      =      1357.0671
 1-4 NB =       442.6803  1-4 EEL =      6266.3099  VDWAALS    =      4838.3959
 EELEC  =    -58143.4680  EHBOND  =         0.0000  RESTRAINT  =       177.9367
 EAMBER (non-restraint)  =    -43841.6317
 ------------------------------------------------------------------------------

wrapping first mol.:       20.29907       28.70721       49.72235
wrapping first mol.:       20.29907       28.70721       49.72235

 NSTEP =    47500   TIME(PS) =     535.000  TEMP(K) =   299.92  PRESS =     0.0
 Etot   =    -34160.0722  EKtot   =      9175.8232  EPtot      =    -43335.8955
 BOND   =       331.3092  ANGLE   =      1066.2201  DIHED      =      1374.7715
 1-4 NB =       455.7291  1-4 EEL =      6306.8248  VDWAALS    =      4593.3722
 EELEC  =    -57642.9624  EHBOND  =         0.0000  RESTRAINT  =       178.8401
 EAMBER (non-restraint)  =    -43514.7355
 ------------------------------------------------------------------------------

wrapping first mol.:       20.29907       28.70721       49.72235
wrapping first mol.:       20.29907       28.70721       49.72235

 NSTEP =    48000   TIME(PS) =     536.000  TEMP(K) =   302.68  PRESS =     0.0
 Etot   =    -34300.7976  EKtot   =      9260.0713  EPtot      =    -43560.8689
 BOND   =       323.2823  ANGLE   =      1069.1638  DIHED      =      1361.4755
 1-4 NB =       472.0874  1-4 EEL =      6269.3540  VDWAALS    =      4842.3447
 EELEC  =    -58060.9317  EHBOND  =         0.0000  RESTRAINT  =       162.3551
 EAMBER (non-restraint)  =    -43723.2240
 ------------------------------------------------------------------------------

wrapping first mol.:       20.29907       28.70721       49.72235
wrapping first mol.:       20.29907       28.70721       49.72235

 NSTEP =    48500   TIME(PS) =     537.000  TEMP(K) =   304.84  PRESS =     0.0
 Etot   =    -34262.3347  EKtot   =      9326.0986  EPtot      =    -43588.4333
 BOND   =       327.3776  ANGLE   =      1071.1959  DIHED      =      1369.0644
 1-4 NB =       453.2518  1-4 EEL =      6243.6983  VDWAALS    =      4727.4919
 EELEC  =    -57949.4340  EHBOND  =         0.0000  RESTRAINT  =       168.9208
 EAMBER (non-restraint)  =    -43757.3541
 ------------------------------------------------------------------------------

wrapping first mol.:       20.29907       28.70721       49.72235
wrapping first mol.:       20.29907       28.70721       49.72235

 NSTEP =    49000   TIME(PS) =     538.000  TEMP(K) =   297.67  PRESS =     0.0
 Etot   =    -34614.6565  EKtot   =      9106.7607  EPtot      =    -43721.4172
 BOND   =       338.0586  ANGLE   =      1026.5625  DIHED      =      1393.9645
 1-4 NB =       462.9900  1-4 EEL =      6264.7969  VDWAALS    =      4892.9326
 EELEC  =    -58271.3161  EHBOND  =         0.0000  RESTRAINT  =       170.5937
 EAMBER (non-restraint)  =    -43892.0109
 ------------------------------------------------------------------------------

wrapping first mol.:       20.29907       28.70721       49.72235
wrapping first mol.:       20.29907       28.70721       49.72235

 NSTEP =    49500   TIME(PS) =     539.000  TEMP(K) =   298.89  PRESS =     0.0
 Etot   =    -34402.3391  EKtot   =      9144.0469  EPtot      =    -43546.3860
 BOND   =       343.6816  ANGLE   =      1021.7538  DIHED      =      1360.5208
 1-4 NB =       456.9488  1-4 EEL =      6282.1385  VDWAALS    =      4805.4058
 EELEC  =    -57974.8035  EHBOND  =         0.0000  RESTRAINT  =       157.9683
 EAMBER (non-restraint)  =    -43704.3543
 ------------------------------------------------------------------------------

wrapping first mol.:       20.29907       28.70721       49.72235
wrapping first mol.:       20.29907       28.70721       49.72235

 NSTEP =    50000   TIME(PS) =     540.000  TEMP(K) =   298.77  PRESS =     0.0
 Etot   =    -34361.6319  EKtot   =      9140.5410  EPtot      =    -43502.1729
 BOND   =       356.0502  ANGLE   =      1058.6930  DIHED      =      1375.4978
 1-4 NB =       465.2747  1-4 EEL =      6263.7447  VDWAALS    =      4636.7690
 EELEC  =    -57821.8417  EHBOND  =         0.0000  RESTRAINT  =       163.6396
 EAMBER (non-restraint)  =    -43665.8124
 ------------------------------------------------------------------------------


      A V E R A G E S   O V E R     100 S T E P S


 NSTEP =    50000   TIME(PS) =     540.000  TEMP(K) =   300.30  PRESS =     0.0
 Etot   =    -34421.7967  EKtot   =      9187.3219  EPtot      =    -43609.1186
 BOND   =       338.5113  ANGLE   =      1048.2468  DIHED      =      1365.8847
 1-4 NB =       457.0068  1-4 EEL =      6294.7848  VDWAALS    =      4755.5316
 EELEC  =    -58033.1459  EHBOND  =         0.0000  RESTRAINT  =       164.0613
 EAMBER (non-restraint)  =    -43773.1799
 ------------------------------------------------------------------------------


      R M S  F L U C T U A T I O N S


 NSTEP =    50000   TIME(PS) =     540.000  TEMP(K) =     2.26  PRESS =     0.0
 Etot   =       124.6023  EKtot   =        69.2288  EPtot      =       107.2099
 BOND   =        14.9767  ANGLE   =        25.4991  DIHED      =        11.6871
 1-4 NB =         7.2947  1-4 EEL =        21.9653  VDWAALS    =        93.3340
 EELEC  =       155.9002  EHBOND  =         0.0000  RESTRAINT  =         8.9393
 EAMBER (non-restraint)  =        98.2706
 ------------------------------------------------------------------------------

--------------------------------------------------------------------------------
   5.  TIMINGS
--------------------------------------------------------------------------------

|  NonSetup CPU Time in Major Routines:
|
|     Routine           Sec        %
|     ------------------------------
|     Nonbond          12.11   32.06
|     Bond              0.00    0.00
|     Angle             0.00    0.00
|     Dihedral          0.00    0.00
|     Shake             0.80    2.11
|     RunMD            24.78   65.58
|     Other             0.10    0.25
|     ------------------------------
|     Total            37.78

|  PME Nonbond Pairlist CPU Time:
|
|     Routine              Sec        %
|     ---------------------------------
|     Set Up Cit           0.00    0.00
|     Build List           0.00    0.00
|     ---------------------------------
|     Total                0.00    0.00

|  PME Direct Force CPU Time:
|
|     Routine              Sec        %
|     ---------------------------------
|     NonBonded Calc       0.00    0.00
|     Exclude Masked       0.00    0.00
|     Other                0.04    0.11
|     ---------------------------------
|     Total                0.04    0.11

|  PME Reciprocal Force CPU Time:
|
|     Routine              Sec        %
|     ---------------------------------
|     1D bspline           0.00    0.00
|     Grid Charges         0.00    0.00
|     Scalar Sum           0.00    0.00
|     Gradient Sum         0.00    0.00
|     FFT                  0.00    0.00
|     ---------------------------------
|     Total                0.00    0.00

|  Final Performance Info:
|     -----------------------------------------------------
|     Average timings for last   49500 steps:
|     Elapsed(s) =      37.50 Per Step(ms) =       0.76
|         ns/day =     228.12   seconds/ns =     378.75
|
|     Average timings for all steps:
|     Elapsed(s) =      37.90 Per Step(ms) =       0.76
|         ns/day =     227.97   seconds/ns =     379.00
|     -----------------------------------------------------

|  Setup CPU time:            3.27 seconds
|  NonSetup CPU time:        37.78 seconds
|  Total CPU time:           41.05 seconds     0.01 hours

|  Setup wall time:           5    seconds
|  NonSetup wall time:       38    seconds
|  Total wall time:          43    seconds     0.01 hours
