
          -------------------------------------------------------
          Amber 16 PMEMD                              2016
          -------------------------------------------------------

| PMEMD implementation of SANDER, Release 16

| Run on 11/17/2017 at 08:12:55

|   Executable path: /apps/amber16/bin/pmemd.cuda
| Working directory: /home/pbarletta
|          Hostname: mordor

  [-O]verwriting output

File Assignments:
|   MDIN: /scratch/pbarletta/cph_obp/run/ctv/mhe/e/5equ.in                      
|  MDOUT: /scratch/pbarletta/cph_obp/run/ctv/mhe/e/5equ.out                     
| INPCRD: /scratch/pbarletta/cph_obp/run/ctv/mhe/e/4ectv.rst7                   
|   PARM: /scratch/pbarletta/cph_obp/top_files/ctv.prmtop                       
| RESTRT: /scratch/pbarletta/cph_obp/run/ctv/mhe/e/5ectv.rst7                   
|   REFC: /scratch/pbarletta/cph_obp/run/ctv/mhe/e/4ectv.rst7                   
|  MDVEL: mdvel                                                                 
|   MDEN: mden                                                                  
|  MDCRD: /scratch/pbarletta/cph_obp/run/ctv/mhe/e/5ectv.nc                     
| MDINFO: mdinfo                                                                
|  MDFRC: mdfrc                                                                 


 Here is the input file:

Equilibration with solute restrictions                                         
&cntrl                                                                         
imin = 0,                           ! No Minimization                          
nmropt = 0,                         ! No NMR restraints read                   
                                                                               
! Nature and format of the input                                               
ntx = 5,                            ! Coordinates but no velocities will be rea
irest = 1,                          ! Do not run a new simulation              
                                                                               
! Nature and format of the output                                              
ntxo = 1,                           ! rstrt file in ASCII format               
ntpr = 500,                         ! inf in output every ntpr steps           
ntwr = 500,                         ! rstrt file every ntwr steps              
ntwx = 500,                         ! mdcrd file every ntwx steps              
ntwv = 0,                           ! mdvel without velocities                 
ntwe = 0,                           ! Energies and temperatures not written in 
idecomp = 0,                        ! No energy decomposition                  
iwrap = 1,                          ! Coordinates of the restart and mdcrd file
                                                                               
! Frozen or restrained atoms                                                   
ibelly = 0,                         ! No frozen atoms                          
ntr=1,                              ! Harmonic potential restraints            
restraint_wt = 20.0,                ! The weight for the positional restraints 
restraintmask = ':1-120@N,CA,C,O',  ! restrained residues                      
                                                                               
! Molecular dynamics                                                           
nstlim = 50000,                     ! Number of MD-steps                       
dt = 0.002,                         ! Time step                                
                                                                               
! Temperature regulation                                                       
ntt = 3,                            ! Langevin thermostat                      
gamma_ln = 5,                       ! Gamma constant for Langevin              
temp0 = 300.0,                      ! Reference T at which the system is to be 
tempi = 300.0,                      ! Initial T                                
ig = -1,                            ! Seed for the RNG                         
                                                                               
! P and V regulation                                                           
ntp = 0,                            ! No pressure control                      
ntb = 1,                            ! Periodic box for constant V              
                                                                               
! SHAKE variables                                                              
ntc = 2,                            ! Bonds involving H are constrained        
ntf = 2,                            ! Bond interaction involving H are ommited.
                                                                               
cut = 10.0,                         ! Nonbonded cutoff                         
                                                                               
/                                                                              
&end                                                                           


Note: ig = -1. Setting random seed to   430789 based on wallclock time in 
      microseconds.
| irandom = 1, using AMBER's internal random number generator (default).
 
|--------------------- INFORMATION ----------------------
| GPU (CUDA) Version of PMEMD in use: NVIDIA GPU IN USE.
|                    Version 16.0.0
| 
|                      02/25/2016
| 
| Implementation by:
|                    Ross C. Walker     (SDSC)
|                    Scott Le Grand     (nVIDIA)
| 
| Precision model in use:
|      [SPFP] - Single Precision Forces, 64-bit Fixed Point
|               Accumulation. (Default)
| 
|--------------------------------------------------------
 
|----------------- CITATION INFORMATION -----------------
|
|    When publishing work that utilized the CUDA version
|    of AMBER, please cite the following in addition to
|    the regular AMBER citations:
|
|  - Romelia Salomon-Ferrer; Andreas W. Goetz; Duncan
|    Poole; Scott Le Grand; Ross C. Walker "Routine
|    microsecond molecular dynamics simulations with
|    AMBER - Part II: Particle Mesh Ewald", J. Chem.
|    Theory Comput., 2013, 9 (9), pp3878-3888,
|    DOI: 10.1021/ct400314y.
|
|  - Andreas W. Goetz; Mark J. Williamson; Dong Xu;
|    Duncan Poole; Scott Le Grand; Ross C. Walker
|    "Routine microsecond molecular dynamics simulations
|    with AMBER - Part I: Generalized Born", J. Chem.
|    Theory Comput., 2012, 8 (5), pp1542-1555.
|
|  - Scott Le Grand; Andreas W. Goetz; Ross C. Walker
|    "SPFP: Speed without compromise - a mixed precision
|    model for GPU accelerated molecular dynamics
|    simulations.", Comp. Phys. Comm., 2013, 184
|    pp374-380, DOI: 10.1016/j.cpc.2012.09.022
|
|--------------------------------------------------------
 
|------------------- GPU DEVICE INFO --------------------
|
|            CUDA_VISIBLE_DEVICES: 1
|   CUDA Capable Devices Detected:      1
|           CUDA Device ID in use:      0
|                CUDA Device Name: GeForce GTX 1080 Ti
|     CUDA Device Global Mem Size:  11172 MB
| CUDA Device Num Multiprocessors:     28
|           CUDA Device Core Freq:   1.58 GHz
|
|--------------------------------------------------------
 
 
| Conditional Compilation Defines Used:
| PUBFFT
| BINTRAJ
| CUDA
| EMIL

| Largest sphere to fit in unit cell has radius =    24.861

| New format PARM file being parsed.
| Version =    1.000 Date = 11/14/17 Time = 21:26:59

| Note: 1-4 EEL scale factors are being read from the topology file.

| Note: 1-4 VDW scale factors are being read from the topology file.
| Duplicated    0 dihedrals

| Duplicated    0 dihedrals

--------------------------------------------------------------------------------
   1.  RESOURCE   USE: 
--------------------------------------------------------------------------------

 getting new box info from bottom of inpcrd
 NATOM  =   14918 NTYPES =      18 NBONH =   13963 MBONA  =     961
 NTHETH =    2368 MTHETA =    1289 NPHIH =    4522 MPHIA  =    3259
 NHPARM =       0 NPARM  =       0 NNB   =   28275 NRES   =    4423
 NBONA  =     961 NTHETA =    1289 NPHIA =    3259 NUMBND =      48
 NUMANG =     101 NPTRA  =      41 NATYP =      33 NPHB   =       1
 IFBOX  =       2 NMXRS  =      26 IFCAP =       0 NEXTRA =       0
 NCOPY  =       0

| Coordinate Index Table dimensions:     9    9    9
| Direct force subcell size =     6.7664    6.7664    6.7664

     BOX TYPE: TRUNCATED OCTAHEDRON

--------------------------------------------------------------------------------
   2.  CONTROL  DATA  FOR  THE  RUN
--------------------------------------------------------------------------------

default_name                                                                    

General flags:
     imin    =       0, nmropt  =       0

Nature and format of input:
     ntx     =       5, irest   =       1, ntrx    =       1

Nature and format of output:
     ntxo    =       1, ntpr    =     500, ntrx    =       1, ntwr    =     500
     iwrap   =       1, ntwx    =     500, ntwv    =       0, ntwe    =       0
     ioutfm  =       1, ntwprt  =       0, idecomp =       0, rbornstat=      0

Potential function:
     ntf     =       2, ntb     =       1, igb     =       0, nsnb    =      25
     ipol    =       0, gbsa    =       0, iesp    =       0
     dielc   =   1.00000, cut     =  10.00000, intdiel =   1.00000

Frozen or restrained atoms:
     ibelly  =       0, ntr     =       1
     restraint_wt =  20.00000

Molecular dynamics:
     nstlim  =     50000, nscm    =         0, nrespa  =         1
     t       =   0.00000, dt      =   0.00200, vlimit  =  -1.00000

Langevin dynamics temperature regulation:
     ig      =  430789
     temp0   = 300.00000, tempi   = 300.00000, gamma_ln=   5.00000

SHAKE:
     ntc     =       2, jfastw  =       0
     tol     =   0.00001

| Intermolecular bonds treatment:
|     no_intermolecular_bonds =       1

| Energy averages sample interval:
|     ene_avg_sampling =     500

Ewald parameters:
     verbose =       0, ew_type =       0, nbflag  =       1, use_pme =       1
     vdwmeth =       1, eedmeth =       1, netfrc  =       1
     Box X =   60.897   Box Y =   60.897   Box Z =   60.897
     Alpha =  109.471   Beta  =  109.471   Gamma =  109.471
     NFFT1 =   64       NFFT2 =   64       NFFT3 =   64
     Cutoff=   10.000   Tol   =0.100E-04
     Ewald Coefficient =  0.27511
     Interpolation order =    4

    LOADING THE CONSTRAINED ATOMS AS GROUPS


   5.  REFERENCE ATOM COORDINATES

  default_name                                                                    
     Mask :1-120@N,CA,C,O; matches   476 atoms

--------------------------------------------------------------------------------
   3.  ATOMIC COORDINATES AND VELOCITIES
--------------------------------------------------------------------------------

default_name                                                                    
 begin time read from input coords =   540.000 ps

 
 Number of triangulated 3-point waters found:     4302

     Sum of charges from parm topology file =   0.00000094
     Forcing neutrality...

| Dynamic Memory, Types Used:
| Reals              578204
| Integers           551472

| Nonbonded Pairs Initial Allocation:     4512322

| GPU memory information (estimate):
| KB of GPU memory in use:    141360
| KB of CPU memory in use:     29328

--------------------------------------------------------------------------------
   4.  RESULTS
--------------------------------------------------------------------------------

 ---------------------------------------------------
 APPROXIMATING switch and d/dx switch using CUBIC SPLINE INTERPOLATION
 using   5000.0 points per unit in tabled values
 TESTING RELATIVE ERROR over r ranging from 0.0 to cutoff
| CHECK switch(x): max rel err =   0.2738E-14   at   2.422500
| CHECK d/dx switch(x): max rel err =   0.8314E-11   at   2.736960
 ---------------------------------------------------
|---------------------------------------------------
| APPROXIMATING direct energy using CUBIC SPLINE INTERPOLATION
|  with   50.0 points per unit in tabled values
| Relative Error Limit not exceeded for r .gt.   2.33
| APPROXIMATING direct force using CUBIC SPLINE INTERPOLATION
|  with   50.0 points per unit in tabled values
| Relative Error Limit not exceeded for r .gt.   2.80
|---------------------------------------------------
wrapping first mol.:       20.29907       28.70721       49.72235
wrapping first mol.:       20.29907       28.70721       49.72235

 NSTEP =      500   TIME(PS) =     541.000  TEMP(K) =   298.16  PRESS =     0.0
 Etot   =    -34486.1384  EKtot   =      9121.8184  EPtot      =    -43607.9567
 BOND   =       317.5355  ANGLE   =      1044.6451  DIHED      =      1370.6306
 1-4 NB =       456.2111  1-4 EEL =      6312.1950  VDWAALS    =      4718.7727
 EELEC  =    -57960.3874  EHBOND  =         0.0000  RESTRAINT  =       132.4407
 EAMBER (non-restraint)  =    -43740.3974
 ------------------------------------------------------------------------------

wrapping first mol.:       20.29907       28.70721       49.72235
wrapping first mol.:       20.29907       28.70721       49.72235

 NSTEP =     1000   TIME(PS) =     542.000  TEMP(K) =   302.89  PRESS =     0.0
 Etot   =    -34220.1824  EKtot   =      9266.5898  EPtot      =    -43486.7722
 BOND   =       353.5034  ANGLE   =       991.2925  DIHED      =      1366.3466
 1-4 NB =       473.6743  1-4 EEL =      6303.0076  VDWAALS    =      4833.7621
 EELEC  =    -57957.9272  EHBOND  =         0.0000  RESTRAINT  =       149.5685
 EAMBER (non-restraint)  =    -43636.3407
 ------------------------------------------------------------------------------

wrapping first mol.:       20.29907       28.70721       49.72235
wrapping first mol.:       20.29907       28.70721       49.72235

 NSTEP =     1500   TIME(PS) =     543.000  TEMP(K) =   299.90  PRESS =     0.0
 Etot   =    -34492.9492  EKtot   =      9175.1963  EPtot      =    -43668.1455
 BOND   =       366.7341  ANGLE   =      1027.0914  DIHED      =      1383.9539
 1-4 NB =       471.0310  1-4 EEL =      6285.5093  VDWAALS    =      4819.3008
 EELEC  =    -58157.8163  EHBOND  =         0.0000  RESTRAINT  =       136.0503
 EAMBER (non-restraint)  =    -43804.1958
 ------------------------------------------------------------------------------

wrapping first mol.:       20.29907       28.70721       49.72235
wrapping first mol.:       20.29907       28.70721       49.72235

 NSTEP =     2000   TIME(PS) =     544.000  TEMP(K) =   301.64  PRESS =     0.0
 Etot   =    -34358.8141  EKtot   =      9228.2197  EPtot      =    -43587.0339
 BOND   =       343.1291  ANGLE   =      1030.2186  DIHED      =      1359.3331
 1-4 NB =       453.0145  1-4 EEL =      6278.0254  VDWAALS    =      4651.5433
 EELEC  =    -57839.1486  EHBOND  =         0.0000  RESTRAINT  =       136.8508
 EAMBER (non-restraint)  =    -43723.8846
 ------------------------------------------------------------------------------

wrapping first mol.:       20.29907       28.70721       49.72235
wrapping first mol.:       20.29907       28.70721       49.72235

 NSTEP =     2500   TIME(PS) =     545.000  TEMP(K) =   300.61  PRESS =     0.0
 Etot   =    -34545.1752  EKtot   =      9196.9551  EPtot      =    -43742.1302
 BOND   =       355.0123  ANGLE   =      1047.5784  DIHED      =      1361.0713
 1-4 NB =       437.5669  1-4 EEL =      6271.9499  VDWAALS    =      4712.3588
 EELEC  =    -58067.6909  EHBOND  =         0.0000  RESTRAINT  =       140.0229
 EAMBER (non-restraint)  =    -43882.1532
 ------------------------------------------------------------------------------

wrapping first mol.:       20.29907       28.70721       49.72235
wrapping first mol.:       20.29907       28.70721       49.72235

 NSTEP =     3000   TIME(PS) =     546.000  TEMP(K) =   301.05  PRESS =     0.0
 Etot   =    -34485.5864  EKtot   =      9210.1514  EPtot      =    -43695.7378
 BOND   =       348.3907  ANGLE   =      1025.5086  DIHED      =      1366.5398
 1-4 NB =       462.7682  1-4 EEL =      6289.7661  VDWAALS    =      4838.5716
 EELEC  =    -58168.0603  EHBOND  =         0.0000  RESTRAINT  =       140.7775
 EAMBER (non-restraint)  =    -43836.5153
 ------------------------------------------------------------------------------

wrapping first mol.:       20.29907       28.70721       49.72235
wrapping first mol.:       20.29907       28.70721       49.72235

 NSTEP =     3500   TIME(PS) =     547.000  TEMP(K) =   296.71  PRESS =     0.0
 Etot   =    -34432.6951  EKtot   =      9077.3633  EPtot      =    -43510.0584
 BOND   =       348.7210  ANGLE   =      1067.1264  DIHED      =      1374.4208
 1-4 NB =       466.4096  1-4 EEL =      6270.6617  VDWAALS    =      4777.8774
 EELEC  =    -57955.2526  EHBOND  =         0.0000  RESTRAINT  =       139.9773
 EAMBER (non-restraint)  =    -43650.0357
 ------------------------------------------------------------------------------

wrapping first mol.:       20.29907       28.70721       49.72235
wrapping first mol.:       20.29907       28.70721       49.72235

 NSTEP =     4000   TIME(PS) =     548.000  TEMP(K) =   301.08  PRESS =     0.0
 Etot   =    -34263.9960  EKtot   =      9211.2734  EPtot      =    -43475.2695
 BOND   =       389.4987  ANGLE   =      1051.9774  DIHED      =      1360.9293
 1-4 NB =       445.0493  1-4 EEL =      6272.9887  VDWAALS    =      4732.7554
 EELEC  =    -57877.1676  EHBOND  =         0.0000  RESTRAINT  =       148.6994
 EAMBER (non-restraint)  =    -43623.9689
 ------------------------------------------------------------------------------

wrapping first mol.:       20.29907       28.70721       49.72235
wrapping first mol.:       20.29907       28.70721       49.72235

 NSTEP =     4500   TIME(PS) =     549.000  TEMP(K) =   301.28  PRESS =     0.0
 Etot   =    -34303.7596  EKtot   =      9217.2363  EPtot      =    -43520.9959
 BOND   =       350.0539  ANGLE   =      1027.2819  DIHED      =      1352.7184
 1-4 NB =       467.4666  1-4 EEL =      6286.9735  VDWAALS    =      4727.0863
 EELEC  =    -57866.1382  EHBOND  =         0.0000  RESTRAINT  =       133.5617
 EAMBER (non-restraint)  =    -43654.5576
 ------------------------------------------------------------------------------

wrapping first mol.:       20.29907       28.70721       49.72235
wrapping first mol.:       20.29907       28.70721       49.72235

 NSTEP =     5000   TIME(PS) =     550.000  TEMP(K) =   300.19  PRESS =     0.0
 Etot   =    -34572.0584  EKtot   =      9183.8818  EPtot      =    -43755.9403
 BOND   =       333.5355  ANGLE   =      1017.7282  DIHED      =      1384.1232
 1-4 NB =       459.5673  1-4 EEL =      6270.8811  VDWAALS    =      4812.4121
 EELEC  =    -58170.1479  EHBOND  =         0.0000  RESTRAINT  =       135.9602
 EAMBER (non-restraint)  =    -43891.9005
 ------------------------------------------------------------------------------

wrapping first mol.:       20.29907       28.70721       49.72235
wrapping first mol.:       20.29907       28.70721       49.72235

 NSTEP =     5500   TIME(PS) =     551.000  TEMP(K) =   299.05  PRESS =     0.0
 Etot   =    -34510.3403  EKtot   =      9149.0957  EPtot      =    -43659.4360
 BOND   =       332.0451  ANGLE   =      1040.3045  DIHED      =      1355.9508
 1-4 NB =       464.6239  1-4 EEL =      6280.9383  VDWAALS    =      4846.3848
 EELEC  =    -58117.2789  EHBOND  =         0.0000  RESTRAINT  =       137.5956
 EAMBER (non-restraint)  =    -43797.0315
 ------------------------------------------------------------------------------

wrapping first mol.:       20.29907       28.70721       49.72235
wrapping first mol.:       20.29907       28.70721       49.72235

 NSTEP =     6000   TIME(PS) =     552.000  TEMP(K) =   297.51  PRESS =     0.0
 Etot   =    -34343.1735  EKtot   =      9101.9951  EPtot      =    -43445.1686
 BOND   =       341.7937  ANGLE   =      1013.9384  DIHED      =      1360.4372
 1-4 NB =       455.7034  1-4 EEL =      6231.5053  VDWAALS    =      4717.9283
 EELEC  =    -57715.9740  EHBOND  =         0.0000  RESTRAINT  =       149.4989
 EAMBER (non-restraint)  =    -43594.6675
 ------------------------------------------------------------------------------

wrapping first mol.:       20.29907       28.70721       49.72235
wrapping first mol.:       20.29907       28.70721       49.72235

 NSTEP =     6500   TIME(PS) =     553.000  TEMP(K) =   300.13  PRESS =     0.0
 Etot   =    -34397.0241  EKtot   =      9182.0947  EPtot      =    -43579.1188
 BOND   =       345.6335  ANGLE   =      1005.1633  DIHED      =      1381.6018
 1-4 NB =       451.5705  1-4 EEL =      6261.9895  VDWAALS    =      4818.3734
 EELEC  =    -57978.2450  EHBOND  =         0.0000  RESTRAINT  =       134.7942
 EAMBER (non-restraint)  =    -43713.9130
 ------------------------------------------------------------------------------

wrapping first mol.:       20.29907       28.70721       49.72235
wrapping first mol.:       20.29907       28.70721       49.72235

 NSTEP =     7000   TIME(PS) =     554.000  TEMP(K) =   304.40  PRESS =     0.0
 Etot   =    -34323.2611  EKtot   =      9312.6426  EPtot      =    -43635.9036
 BOND   =       332.0192  ANGLE   =      1012.6501  DIHED      =      1355.5132
 1-4 NB =       461.6338  1-4 EEL =      6260.5253  VDWAALS    =      4610.9677
 EELEC  =    -57818.9237  EHBOND  =         0.0000  RESTRAINT  =       149.7106
 EAMBER (non-restraint)  =    -43785.6142
 ------------------------------------------------------------------------------

wrapping first mol.:       20.29907       28.70721       49.72235
wrapping first mol.:       20.29907       28.70721       49.72235

 NSTEP =     7500   TIME(PS) =     555.000  TEMP(K) =   297.95  PRESS =     0.0
 Etot   =    -34643.4636  EKtot   =      9115.4883  EPtot      =    -43758.9519
 BOND   =       322.0435  ANGLE   =      1032.5275  DIHED      =      1367.1055
 1-4 NB =       457.7057  1-4 EEL =      6297.6293  VDWAALS    =      4855.6671
 EELEC  =    -58239.3784  EHBOND  =         0.0000  RESTRAINT  =       147.7480
 EAMBER (non-restraint)  =    -43906.6998
 ------------------------------------------------------------------------------

wrapping first mol.:       20.29907       28.70721       49.72235
wrapping first mol.:       20.29907       28.70721       49.72235

 NSTEP =     8000   TIME(PS) =     556.000  TEMP(K) =   301.37  PRESS =     0.0
 Etot   =    -34358.1390  EKtot   =      9220.0322  EPtot      =    -43578.1712
 BOND   =       328.3259  ANGLE   =      1066.7114  DIHED      =      1370.8789
 1-4 NB =       449.4608  1-4 EEL =      6275.8031  VDWAALS    =      4713.5109
 EELEC  =    -57925.5159  EHBOND  =         0.0000  RESTRAINT  =       142.6537
 EAMBER (non-restraint)  =    -43720.8249
 ------------------------------------------------------------------------------

wrapping first mol.:       20.29907       28.70721       49.72235
wrapping first mol.:       20.29907       28.70721       49.72235

 NSTEP =     8500   TIME(PS) =     557.000  TEMP(K) =   300.22  PRESS =     0.0
 Etot   =    -34429.3899  EKtot   =      9184.7881  EPtot      =    -43614.1780
 BOND   =       369.7640  ANGLE   =      1068.8195  DIHED      =      1371.4791
 1-4 NB =       445.9565  1-4 EEL =      6259.8292  VDWAALS    =      4848.4132
 EELEC  =    -58130.6302  EHBOND  =         0.0000  RESTRAINT  =       152.1907
 EAMBER (non-restraint)  =    -43766.3687
 ------------------------------------------------------------------------------

wrapping first mol.:       20.29907       28.70721       49.72235
wrapping first mol.:       20.29907       28.70721       49.72235

 NSTEP =     9000   TIME(PS) =     558.000  TEMP(K) =   302.98  PRESS =     0.0
 Etot   =    -34135.3700  EKtot   =      9269.4180  EPtot      =    -43404.7879
 BOND   =       347.6624  ANGLE   =      1058.8214  DIHED      =      1390.2651
 1-4 NB =       456.2379  1-4 EEL =      6288.5765  VDWAALS    =      4717.6025
 EELEC  =    -57804.6631  EHBOND  =         0.0000  RESTRAINT  =       140.7094
 EAMBER (non-restraint)  =    -43545.4974
 ------------------------------------------------------------------------------

wrapping first mol.:       20.29907       28.70721       49.72235
wrapping first mol.:       20.29907       28.70721       49.72235

 NSTEP =     9500   TIME(PS) =     559.000  TEMP(K) =   297.44  PRESS =     0.0
 Etot   =    -34410.7302  EKtot   =      9099.9258  EPtot      =    -43510.6559
 BOND   =       347.8474  ANGLE   =      1060.6211  DIHED      =      1357.4602
 1-4 NB =       463.7027  1-4 EEL =      6277.4779  VDWAALS    =      4552.7226
 EELEC  =    -57720.1656  EHBOND  =         0.0000  RESTRAINT  =       149.6778
 EAMBER (non-restraint)  =    -43660.3337
 ------------------------------------------------------------------------------

wrapping first mol.:       20.29907       28.70721       49.72235
wrapping first mol.:       20.29907       28.70721       49.72235

 NSTEP =    10000   TIME(PS) =     560.000  TEMP(K) =   302.33  PRESS =     0.0
 Etot   =    -34390.0420  EKtot   =      9249.4805  EPtot      =    -43639.5225
 BOND   =       329.3336  ANGLE   =      1015.3850  DIHED      =      1364.7649
 1-4 NB =       446.7807  1-4 EEL =      6279.8833  VDWAALS    =      4710.3092
 EELEC  =    -57926.4335  EHBOND  =         0.0000  RESTRAINT  =       140.4542
 EAMBER (non-restraint)  =    -43779.9767
 ------------------------------------------------------------------------------

wrapping first mol.:       20.29907       28.70721       49.72235
wrapping first mol.:       20.29907       28.70721       49.72235

 NSTEP =    10500   TIME(PS) =     561.000  TEMP(K) =   303.42  PRESS =     0.0
 Etot   =    -34378.9023  EKtot   =      9282.7051  EPtot      =    -43661.6074
 BOND   =       316.4126  ANGLE   =      1008.8795  DIHED      =      1363.9303
 1-4 NB =       462.4351  1-4 EEL =      6277.9923  VDWAALS    =      4682.5715
 EELEC  =    -57932.0472  EHBOND  =         0.0000  RESTRAINT  =       158.2185
 EAMBER (non-restraint)  =    -43819.8259
 ------------------------------------------------------------------------------

wrapping first mol.:       20.29907       28.70721       49.72235
wrapping first mol.:       20.29907       28.70721       49.72235

 NSTEP =    11000   TIME(PS) =     562.000  TEMP(K) =   301.17  PRESS =     0.0
 Etot   =    -34258.1567  EKtot   =      9213.9990  EPtot      =    -43472.1557
 BOND   =       346.8619  ANGLE   =       989.1200  DIHED      =      1354.9960
 1-4 NB =       446.4249  1-4 EEL =      6281.2155  VDWAALS    =      4627.5687
 EELEC  =    -57670.5192  EHBOND  =         0.0000  RESTRAINT  =       152.1764
 EAMBER (non-restraint)  =    -43624.3321
 ------------------------------------------------------------------------------

wrapping first mol.:       20.29907       28.70721       49.72235
wrapping first mol.:       20.29907       28.70721       49.72235

 NSTEP =    11500   TIME(PS) =     563.000  TEMP(K) =   297.90  PRESS =     0.0
 Etot   =    -34401.4206  EKtot   =      9113.9570  EPtot      =    -43515.3776
 BOND   =       330.6213  ANGLE   =      1091.0770  DIHED      =      1369.8389
 1-4 NB =       458.4091  1-4 EEL =      6292.0779  VDWAALS    =      4803.5573
 EELEC  =    -58004.0687  EHBOND  =         0.0000  RESTRAINT  =       143.1096
 EAMBER (non-restraint)  =    -43658.4872
 ------------------------------------------------------------------------------

wrapping first mol.:       20.29907       28.70721       49.72235
wrapping first mol.:       20.29907       28.70721       49.72235

 NSTEP =    12000   TIME(PS) =     564.000  TEMP(K) =   299.44  PRESS =     0.0
 Etot   =    -34310.0837  EKtot   =      9160.9062  EPtot      =    -43470.9900
 BOND   =       338.5121  ANGLE   =      1075.8677  DIHED      =      1361.3053
 1-4 NB =       450.5192  1-4 EEL =      6280.7064  VDWAALS    =      4607.3114
 EELEC  =    -57733.6738  EHBOND  =         0.0000  RESTRAINT  =       148.4617
 EAMBER (non-restraint)  =    -43619.4517
 ------------------------------------------------------------------------------

wrapping first mol.:       20.29907       28.70721       49.72235
wrapping first mol.:       20.29907       28.70721       49.72235

 NSTEP =    12500   TIME(PS) =     565.000  TEMP(K) =   297.54  PRESS =     0.0
 Etot   =    -34496.9170  EKtot   =      9102.9492  EPtot      =    -43599.8662
 BOND   =       320.1856  ANGLE   =      1054.7566  DIHED      =      1364.5216
 1-4 NB =       448.1796  1-4 EEL =      6281.0601  VDWAALS    =      4702.6189
 EELEC  =    -57918.6522  EHBOND  =         0.0000  RESTRAINT  =       147.4635
 EAMBER (non-restraint)  =    -43747.3297
 ------------------------------------------------------------------------------

wrapping first mol.:       20.29907       28.70721       49.72235
wrapping first mol.:       20.29907       28.70721       49.72235

 NSTEP =    13000   TIME(PS) =     566.000  TEMP(K) =   299.36  PRESS =     0.0
 Etot   =    -34072.3156  EKtot   =      9158.6758  EPtot      =    -43230.9914
 BOND   =       349.7249  ANGLE   =      1063.6912  DIHED      =      1377.8555
 1-4 NB =       449.7945  1-4 EEL =      6259.9320  VDWAALS    =      4546.7520
 EELEC  =    -57422.4830  EHBOND  =         0.0000  RESTRAINT  =       143.7415
 EAMBER (non-restraint)  =    -43374.7328
 ------------------------------------------------------------------------------

wrapping first mol.:       20.29907       28.70721       49.72235
wrapping first mol.:       20.29907       28.70721       49.72235

 NSTEP =    13500   TIME(PS) =     567.000  TEMP(K) =   298.61  PRESS =     0.0
 Etot   =    -34620.2124  EKtot   =      9135.7354  EPtot      =    -43755.9477
 BOND   =       327.0773  ANGLE   =      1036.2650  DIHED      =      1358.2763
 1-4 NB =       448.7254  1-4 EEL =      6270.4414  VDWAALS    =      4785.3400
 EELEC  =    -58129.7458  EHBOND  =         0.0000  RESTRAINT  =       147.6727
 EAMBER (non-restraint)  =    -43903.6204
 ------------------------------------------------------------------------------

wrapping first mol.:       20.29907       28.70721       49.72235
wrapping first mol.:       20.29907       28.70721       49.72235

 NSTEP =    14000   TIME(PS) =     568.000  TEMP(K) =   298.40  PRESS =     0.0
 Etot   =    -34588.7811  EKtot   =      9129.2217  EPtot      =    -43718.0027
 BOND   =       360.0720  ANGLE   =      1077.4100  DIHED      =      1371.5941
 1-4 NB =       439.5569  1-4 EEL =      6246.2567  VDWAALS    =      4839.8992
 EELEC  =    -58196.4712  EHBOND  =         0.0000  RESTRAINT  =       143.6795
 EAMBER (non-restraint)  =    -43861.6822
 ------------------------------------------------------------------------------

wrapping first mol.:       20.29907       28.70721       49.72235
wrapping first mol.:       20.29907       28.70721       49.72235

 NSTEP =    14500   TIME(PS) =     569.000  TEMP(K) =   300.90  PRESS =     0.0
 Etot   =    -34331.9457  EKtot   =      9205.7510  EPtot      =    -43537.6967
 BOND   =       352.2266  ANGLE   =      1077.5111  DIHED      =      1397.5554
 1-4 NB =       456.2960  1-4 EEL =      6284.8847  VDWAALS    =      4697.9808
 EELEC  =    -57938.7919  EHBOND  =         0.0000  RESTRAINT  =       134.6405
 EAMBER (non-restraint)  =    -43672.3372
 ------------------------------------------------------------------------------

wrapping first mol.:       20.29907       28.70721       49.72235
wrapping first mol.:       20.29907       28.70721       49.72235

 NSTEP =    15000   TIME(PS) =     570.000  TEMP(K) =   306.84  PRESS =     0.0
 Etot   =    -34183.6567  EKtot   =      9387.4756  EPtot      =    -43571.1322
 BOND   =       337.6281  ANGLE   =      1080.9829  DIHED      =      1375.5165
 1-4 NB =       440.1334  1-4 EEL =      6287.3001  VDWAALS    =      4611.8393
 EELEC  =    -57849.8469  EHBOND  =         0.0000  RESTRAINT  =       145.3142
 EAMBER (non-restraint)  =    -43716.4464
 ------------------------------------------------------------------------------

wrapping first mol.:       20.29907       28.70721       49.72235
wrapping first mol.:       20.29907       28.70721       49.72235

 NSTEP =    15500   TIME(PS) =     571.000  TEMP(K) =   300.12  PRESS =     0.0
 Etot   =    -34506.1066  EKtot   =      9181.7998  EPtot      =    -43687.9064
 BOND   =       339.2502  ANGLE   =      1037.1547  DIHED      =      1365.3989
 1-4 NB =       466.6254  1-4 EEL =      6313.4929  VDWAALS    =      4678.9201
 EELEC  =    -58030.5786  EHBOND  =         0.0000  RESTRAINT  =       141.8300
 EAMBER (non-restraint)  =    -43829.7364
 ------------------------------------------------------------------------------

wrapping first mol.:       20.29907       28.70721       49.72235
wrapping first mol.:       20.29907       28.70721       49.72235

 NSTEP =    16000   TIME(PS) =     572.000  TEMP(K) =   301.27  PRESS =     0.0
 Etot   =    -34468.0693  EKtot   =      9217.0771  EPtot      =    -43685.1465
 BOND   =       363.5887  ANGLE   =      1044.8425  DIHED      =      1356.1079
 1-4 NB =       454.7378  1-4 EEL =      6300.0911  VDWAALS    =      4942.2539
 EELEC  =    -58284.8230  EHBOND  =         0.0000  RESTRAINT  =       138.0545
 EAMBER (non-restraint)  =    -43823.2010
 ------------------------------------------------------------------------------

wrapping first mol.:       20.29907       28.70721       49.72235
wrapping first mol.:       20.29907       28.70721       49.72235

 NSTEP =    16500   TIME(PS) =     573.000  TEMP(K) =   298.82  PRESS =     0.0
 Etot   =    -34452.0089  EKtot   =      9141.9443  EPtot      =    -43593.9533
 BOND   =       365.0343  ANGLE   =      1039.3339  DIHED      =      1376.2260
 1-4 NB =       455.0136  1-4 EEL =      6300.9283  VDWAALS    =      4692.9051
 EELEC  =    -57965.0518  EHBOND  =         0.0000  RESTRAINT  =       141.6573
 EAMBER (non-restraint)  =    -43735.6106
 ------------------------------------------------------------------------------

wrapping first mol.:       20.29907       28.70721       49.72235
wrapping first mol.:       20.29907       28.70721       49.72235

 NSTEP =    17000   TIME(PS) =     574.000  TEMP(K) =   298.74  PRESS =     0.0
 Etot   =    -34405.8675  EKtot   =      9139.6035  EPtot      =    -43545.4710
 BOND   =       342.9996  ANGLE   =      1032.2885  DIHED      =      1386.9684
 1-4 NB =       439.6374  1-4 EEL =      6235.9526  VDWAALS    =      4642.8007
 EELEC  =    -57764.4184  EHBOND  =         0.0000  RESTRAINT  =       138.3003
 EAMBER (non-restraint)  =    -43683.7713
 ------------------------------------------------------------------------------

wrapping first mol.:       20.29907       28.70721       49.72235
wrapping first mol.:       20.29907       28.70721       49.72235

 NSTEP =    17500   TIME(PS) =     575.000  TEMP(K) =   298.56  PRESS =     0.0
 Etot   =    -34476.4624  EKtot   =      9134.1328  EPtot      =    -43610.5952
 BOND   =       342.6781  ANGLE   =      1036.7527  DIHED      =      1369.0929
 1-4 NB =       449.1886  1-4 EEL =      6290.9590  VDWAALS    =      4828.8905
 EELEC  =    -58073.1095  EHBOND  =         0.0000  RESTRAINT  =       144.9525
 EAMBER (non-restraint)  =    -43755.5477
 ------------------------------------------------------------------------------

wrapping first mol.:       20.29907       28.70721       49.72235
wrapping first mol.:       20.29907       28.70721       49.72235

 NSTEP =    18000   TIME(PS) =     576.000  TEMP(K) =   299.83  PRESS =     0.0
 Etot   =    -34627.0594  EKtot   =      9172.9912  EPtot      =    -43800.0506
 BOND   =       329.0421  ANGLE   =      1077.7130  DIHED      =      1365.0870
 1-4 NB =       461.2369  1-4 EEL =      6276.0605  VDWAALS    =      4945.0300
 EELEC  =    -58397.6598  EHBOND  =         0.0000  RESTRAINT  =       143.4396
 EAMBER (non-restraint)  =    -43943.4902
 ------------------------------------------------------------------------------

wrapping first mol.:       20.29907       28.70721       49.72235
wrapping first mol.:       20.29907       28.70721       49.72235

 NSTEP =    18500   TIME(PS) =     577.000  TEMP(K) =   298.61  PRESS =     0.0
 Etot   =    -34470.4310  EKtot   =      9135.6514  EPtot      =    -43606.0824
 BOND   =       348.1571  ANGLE   =      1083.5747  DIHED      =      1389.9951
 1-4 NB =       451.8816  1-4 EEL =      6302.7665  VDWAALS    =      4828.8794
 EELEC  =    -58145.1327  EHBOND  =         0.0000  RESTRAINT  =       133.7958
 EAMBER (non-restraint)  =    -43739.8782
 ------------------------------------------------------------------------------

wrapping first mol.:       20.29907       28.70721       49.72235
wrapping first mol.:       20.29907       28.70721       49.72235

 NSTEP =    19000   TIME(PS) =     578.000  TEMP(K) =   299.94  PRESS =     0.0
 Etot   =    -34527.8452  EKtot   =      9176.2031  EPtot      =    -43704.0484
 BOND   =       339.3421  ANGLE   =      1072.8112  DIHED      =      1365.9599
 1-4 NB =       455.9576  1-4 EEL =      6264.9176  VDWAALS    =      4903.5218
 EELEC  =    -58257.4436  EHBOND  =         0.0000  RESTRAINT  =       150.8851
 EAMBER (non-restraint)  =    -43854.9334
 ------------------------------------------------------------------------------

wrapping first mol.:       20.29907       28.70721       49.72235
wrapping first mol.:       20.29907       28.70721       49.72235

 NSTEP =    19500   TIME(PS) =     579.000  TEMP(K) =   303.43  PRESS =     0.0
 Etot   =    -34321.0912  EKtot   =      9283.0518  EPtot      =    -43604.1430
 BOND   =       327.6965  ANGLE   =      1024.0881  DIHED      =      1381.5962
 1-4 NB =       452.0133  1-4 EEL =      6307.0003  VDWAALS    =      4612.7735
 EELEC  =    -57840.3900  EHBOND  =         0.0000  RESTRAINT  =       131.0791
 EAMBER (non-restraint)  =    -43735.2221
 ------------------------------------------------------------------------------

wrapping first mol.:       20.29907       28.70721       49.72235
wrapping first mol.:       20.29907       28.70721       49.72235

 NSTEP =    20000   TIME(PS) =     580.000  TEMP(K) =   302.61  PRESS =     0.0
 Etot   =    -34328.9805  EKtot   =      9258.1318  EPtot      =    -43587.1123
 BOND   =       335.4444  ANGLE   =      1053.8301  DIHED      =      1368.4880
 1-4 NB =       464.7535  1-4 EEL =      6259.6900  VDWAALS    =      4916.2367
 EELEC  =    -58128.1407  EHBOND  =         0.0000  RESTRAINT  =       142.5857
 EAMBER (non-restraint)  =    -43729.6980
 ------------------------------------------------------------------------------

wrapping first mol.:       20.29907       28.70721       49.72235
wrapping first mol.:       20.29907       28.70721       49.72235

 NSTEP =    20500   TIME(PS) =     581.000  TEMP(K) =   300.60  PRESS =     0.0
 Etot   =    -34518.7802  EKtot   =      9196.3740  EPtot      =    -43715.1543
 BOND   =       317.0549  ANGLE   =      1038.0052  DIHED      =      1372.1349
 1-4 NB =       458.9637  1-4 EEL =      6293.3735  VDWAALS    =      4692.9497
 EELEC  =    -58023.7049  EHBOND  =         0.0000  RESTRAINT  =       136.0688
 EAMBER (non-restraint)  =    -43851.2230
 ------------------------------------------------------------------------------

wrapping first mol.:       20.29907       28.70721       49.72235
wrapping first mol.:       20.29907       28.70721       49.72235

 NSTEP =    21000   TIME(PS) =     582.000  TEMP(K) =   298.22  PRESS =     0.0
 Etot   =    -34328.3783  EKtot   =      9123.5781  EPtot      =    -43451.9564
 BOND   =       341.2712  ANGLE   =      1059.6541  DIHED      =      1385.2151
 1-4 NB =       454.8898  1-4 EEL =      6230.4902  VDWAALS    =      4812.6466
 EELEC  =    -57881.8603  EHBOND  =         0.0000  RESTRAINT  =       145.7370
 EAMBER (non-restraint)  =    -43597.6934
 ------------------------------------------------------------------------------

wrapping first mol.:       20.29907       28.70721       49.72235
wrapping first mol.:       20.29907       28.70721       49.72235

 NSTEP =    21500   TIME(PS) =     583.000  TEMP(K) =   301.29  PRESS =     0.0
 Etot   =    -34465.7273  EKtot   =      9217.6494  EPtot      =    -43683.3767
 BOND   =       339.3669  ANGLE   =      1059.6544  DIHED      =      1402.8909
 1-4 NB =       452.6324  1-4 EEL =      6260.0056  VDWAALS    =      4750.5406
 EELEC  =    -58091.5114  EHBOND  =         0.0000  RESTRAINT  =       143.0438
 EAMBER (non-restraint)  =    -43826.4205
 ------------------------------------------------------------------------------

wrapping first mol.:       20.29907       28.70721       49.72235
wrapping first mol.:       20.29907       28.70721       49.72235

 NSTEP =    22000   TIME(PS) =     584.000  TEMP(K) =   301.84  PRESS =     0.0
 Etot   =    -34106.6516  EKtot   =      9234.5137  EPtot      =    -43341.1653
 BOND   =       343.1996  ANGLE   =      1056.0333  DIHED      =      1373.2742
 1-4 NB =       465.0023  1-4 EEL =      6278.9803  VDWAALS    =      4737.1957
 EELEC  =    -57735.9943  EHBOND  =         0.0000  RESTRAINT  =       141.1435
 EAMBER (non-restraint)  =    -43482.3088
 ------------------------------------------------------------------------------

wrapping first mol.:       20.29907       28.70721       49.72235
wrapping first mol.:       20.29907       28.70721       49.72235

 NSTEP =    22500   TIME(PS) =     585.000  TEMP(K) =   298.36  PRESS =     0.0
 Etot   =    -34429.1395  EKtot   =      9127.8936  EPtot      =    -43557.0331
 BOND   =       345.3786  ANGLE   =      1036.2859  DIHED      =      1378.5373
 1-4 NB =       457.5250  1-4 EEL =      6289.0416  VDWAALS    =      4895.8448
 EELEC  =    -58105.9385  EHBOND  =         0.0000  RESTRAINT  =       146.2922
 EAMBER (non-restraint)  =    -43703.3253
 ------------------------------------------------------------------------------

wrapping first mol.:       20.29907       28.70721       49.72235
wrapping first mol.:       20.29907       28.70721       49.72235

 NSTEP =    23000   TIME(PS) =     586.000  TEMP(K) =   300.90  PRESS =     0.0
 Etot   =    -34443.0309  EKtot   =      9205.6377  EPtot      =    -43648.6686
 BOND   =       335.3316  ANGLE   =       951.1753  DIHED      =      1362.9895
 1-4 NB =       453.0905  1-4 EEL =      6288.0841  VDWAALS    =      4635.4152
 EELEC  =    -57832.6581  EHBOND  =         0.0000  RESTRAINT  =       157.9033
 EAMBER (non-restraint)  =    -43806.5719
 ------------------------------------------------------------------------------

wrapping first mol.:       20.29907       28.70721       49.72235
wrapping first mol.:       20.29907       28.70721       49.72235

 NSTEP =    23500   TIME(PS) =     587.000  TEMP(K) =   297.79  PRESS =     0.0
 Etot   =    -34392.7239  EKtot   =      9110.5078  EPtot      =    -43503.2317
 BOND   =       343.3652  ANGLE   =      1104.5844  DIHED      =      1375.1476
 1-4 NB =       453.0762  1-4 EEL =      6269.6238  VDWAALS    =      4862.4566
 EELEC  =    -58047.6149  EHBOND  =         0.0000  RESTRAINT  =       136.1294
 EAMBER (non-restraint)  =    -43639.3611
 ------------------------------------------------------------------------------

wrapping first mol.:       20.29907       28.70721       49.72235
wrapping first mol.:       20.29907       28.70721       49.72235

 NSTEP =    24000   TIME(PS) =     588.000  TEMP(K) =   300.95  PRESS =     0.0
 Etot   =    -34378.1759  EKtot   =      9207.2686  EPtot      =    -43585.4444
 BOND   =       330.6493  ANGLE   =      1062.7677  DIHED      =      1366.2974
 1-4 NB =       459.5809  1-4 EEL =      6286.2223  VDWAALS    =      4785.8549
 EELEC  =    -58028.3562  EHBOND  =         0.0000  RESTRAINT  =       151.5393
 EAMBER (non-restraint)  =    -43736.9837
 ------------------------------------------------------------------------------

wrapping first mol.:       20.29907       28.70721       49.72235
wrapping first mol.:       20.29907       28.70721       49.72235

 NSTEP =    24500   TIME(PS) =     589.000  TEMP(K) =   299.27  PRESS =     0.0
 Etot   =    -34482.4496  EKtot   =      9155.8330  EPtot      =    -43638.2826
 BOND   =       348.3563  ANGLE   =      1046.8462  DIHED      =      1365.1275
 1-4 NB =       463.5818  1-4 EEL =      6288.4641  VDWAALS    =      4831.8021
 EELEC  =    -58121.1770  EHBOND  =         0.0000  RESTRAINT  =       138.7164
 EAMBER (non-restraint)  =    -43776.9990
 ------------------------------------------------------------------------------

wrapping first mol.:       20.29907       28.70721       49.72235
wrapping first mol.:       20.29907       28.70721       49.72235

 NSTEP =    25000   TIME(PS) =     590.000  TEMP(K) =   300.59  PRESS =     0.0
 Etot   =    -34347.5806  EKtot   =      9196.2578  EPtot      =    -43543.8384
 BOND   =       331.3500  ANGLE   =      1061.7017  DIHED      =      1369.9053
 1-4 NB =       456.1719  1-4 EEL =      6291.9057  VDWAALS    =      4913.9251
 EELEC  =    -58113.1806  EHBOND  =         0.0000  RESTRAINT  =       144.3826
 EAMBER (non-restraint)  =    -43688.2210
 ------------------------------------------------------------------------------

wrapping first mol.:       20.29907       28.70721       49.72235
wrapping first mol.:       20.29907       28.70721       49.72235

 NSTEP =    25500   TIME(PS) =     591.000  TEMP(K) =   297.71  PRESS =     0.0
 Etot   =    -34493.6543  EKtot   =      9108.2100  EPtot      =    -43601.8643
 BOND   =       333.8084  ANGLE   =      1035.9178  DIHED      =      1362.3061
 1-4 NB =       461.4965  1-4 EEL =      6292.1419  VDWAALS    =      4886.4883
 EELEC  =    -58108.3372  EHBOND  =         0.0000  RESTRAINT  =       134.3139
 EAMBER (non-restraint)  =    -43736.1781
 ------------------------------------------------------------------------------

wrapping first mol.:       20.29907       28.70721       49.72235
wrapping first mol.:       20.29907       28.70721       49.72235

 NSTEP =    26000   TIME(PS) =     592.000  TEMP(K) =   302.21  PRESS =     0.0
 Etot   =    -34300.9945  EKtot   =      9245.7295  EPtot      =    -43546.7240
 BOND   =       337.8912  ANGLE   =      1057.7838  DIHED      =      1388.3547
 1-4 NB =       454.9625  1-4 EEL =      6271.6337  VDWAALS    =      4896.1642
 EELEC  =    -58102.0834  EHBOND  =         0.0000  RESTRAINT  =       148.5692
 EAMBER (non-restraint)  =    -43695.2932
 ------------------------------------------------------------------------------

wrapping first mol.:       20.29907       28.70721       49.72235
wrapping first mol.:       20.29907       28.70721       49.72235

 NSTEP =    26500   TIME(PS) =     593.000  TEMP(K) =   302.84  PRESS =     0.0
 Etot   =    -34301.8524  EKtot   =      9265.0781  EPtot      =    -43566.9305
 BOND   =       356.4633  ANGLE   =      1064.7579  DIHED      =      1379.9454
 1-4 NB =       449.7578  1-4 EEL =      6261.7245  VDWAALS    =      4693.2918
 EELEC  =    -57913.8684  EHBOND  =         0.0000  RESTRAINT  =       140.9972
 EAMBER (non-restraint)  =    -43707.9277
 ------------------------------------------------------------------------------

wrapping first mol.:       20.29907       28.70721       49.72235
wrapping first mol.:       20.29907       28.70721       49.72235

 NSTEP =    27000   TIME(PS) =     594.000  TEMP(K) =   298.38  PRESS =     0.0
 Etot   =    -34421.0907  EKtot   =      9128.4443  EPtot      =    -43549.5350
 BOND   =       347.0212  ANGLE   =      1038.8839  DIHED      =      1356.4736
 1-4 NB =       442.0338  1-4 EEL =      6278.5292  VDWAALS    =      4553.3951
 EELEC  =    -57699.6826  EHBOND  =         0.0000  RESTRAINT  =       133.8107
 EAMBER (non-restraint)  =    -43683.3458
 ------------------------------------------------------------------------------

wrapping first mol.:       20.29907       28.70721       49.72235
wrapping first mol.:       20.29907       28.70721       49.72235

 NSTEP =    27500   TIME(PS) =     595.000  TEMP(K) =   297.79  PRESS =     0.0
 Etot   =    -34177.3852  EKtot   =      9110.6670  EPtot      =    -43288.0522
 BOND   =       350.3388  ANGLE   =      1056.9527  DIHED      =      1363.2635
 1-4 NB =       463.8243  1-4 EEL =      6253.1853  VDWAALS    =      4646.4421
 EELEC  =    -57558.3712  EHBOND  =         0.0000  RESTRAINT  =       136.3122
 EAMBER (non-restraint)  =    -43424.3644
 ------------------------------------------------------------------------------

wrapping first mol.:       20.29907       28.70721       49.72235
wrapping first mol.:       20.29907       28.70721       49.72235

 NSTEP =    28000   TIME(PS) =     596.000  TEMP(K) =   300.49  PRESS =     0.0
 Etot   =    -34249.6062  EKtot   =      9193.0791  EPtot      =    -43442.6853
 BOND   =       329.1277  ANGLE   =      1090.1442  DIHED      =      1366.0000
 1-4 NB =       449.1335  1-4 EEL =      6265.4676  VDWAALS    =      4637.2029
 EELEC  =    -57727.9163  EHBOND  =         0.0000  RESTRAINT  =       148.1552
 EAMBER (non-restraint)  =    -43590.8404
 ------------------------------------------------------------------------------

wrapping first mol.:       20.29907       28.70721       49.72235
wrapping first mol.:       20.29907       28.70721       49.72235

 NSTEP =    28500   TIME(PS) =     597.000  TEMP(K) =   300.55  PRESS =     0.0
 Etot   =    -34273.5504  EKtot   =      9195.0127  EPtot      =    -43468.5631
 BOND   =       347.7432  ANGLE   =      1016.2753  DIHED      =      1362.6232
 1-4 NB =       445.2464  1-4 EEL =      6278.7190  VDWAALS    =      4701.9997
 EELEC  =    -57764.7590  EHBOND  =         0.0000  RESTRAINT  =       143.5891
 EAMBER (non-restraint)  =    -43612.1522
 ------------------------------------------------------------------------------

wrapping first mol.:       20.29907       28.70721       49.72235
wrapping first mol.:       20.29907       28.70721       49.72235

 NSTEP =    29000   TIME(PS) =     598.000  TEMP(K) =   302.11  PRESS =     0.0
 Etot   =    -34260.2519  EKtot   =      9242.7402  EPtot      =    -43502.9921
 BOND   =       363.3190  ANGLE   =      1068.7615  DIHED      =      1385.5182
 1-4 NB =       443.9700  1-4 EEL =      6296.6688  VDWAALS    =      4630.9848
 EELEC  =    -57824.6847  EHBOND  =         0.0000  RESTRAINT  =       132.4702
 EAMBER (non-restraint)  =    -43635.4623
 ------------------------------------------------------------------------------

wrapping first mol.:       20.29907       28.70721       49.72235
wrapping first mol.:       20.29907       28.70721       49.72235

 NSTEP =    29500   TIME(PS) =     599.000  TEMP(K) =   298.42  PRESS =     0.0
 Etot   =    -34588.7283  EKtot   =      9129.6797  EPtot      =    -43718.4080
 BOND   =       351.2174  ANGLE   =      1082.2699  DIHED      =      1370.9404
 1-4 NB =       459.3886  1-4 EEL =      6290.6605  VDWAALS    =      4860.4801
 EELEC  =    -58269.6239  EHBOND  =         0.0000  RESTRAINT  =       136.2591
 EAMBER (non-restraint)  =    -43854.6671
 ------------------------------------------------------------------------------

wrapping first mol.:       20.29907       28.70721       49.72235
wrapping first mol.:       20.29907       28.70721       49.72235

 NSTEP =    30000   TIME(PS) =     600.000  TEMP(K) =   300.13  PRESS =     0.0
 Etot   =    -34267.1617  EKtot   =      9182.0811  EPtot      =    -43449.2428
 BOND   =       330.9085  ANGLE   =      1038.0352  DIHED      =      1376.1765
 1-4 NB =       450.6190  1-4 EEL =      6276.5519  VDWAALS    =      4674.2301
 EELEC  =    -57745.4514  EHBOND  =         0.0000  RESTRAINT  =       149.6874
 EAMBER (non-restraint)  =    -43598.9302
 ------------------------------------------------------------------------------

wrapping first mol.:       20.29907       28.70721       49.72235
wrapping first mol.:       20.29907       28.70721       49.72235

 NSTEP =    30500   TIME(PS) =     601.000  TEMP(K) =   296.86  PRESS =     0.0
 Etot   =    -34409.1072  EKtot   =      9082.0020  EPtot      =    -43491.1091
 BOND   =       366.9961  ANGLE   =      1048.9132  DIHED      =      1370.0323
 1-4 NB =       443.3905  1-4 EEL =      6264.2925  VDWAALS    =      4685.2505
 EELEC  =    -57805.8860  EHBOND  =         0.0000  RESTRAINT  =       135.9017
 EAMBER (non-restraint)  =    -43627.0109
 ------------------------------------------------------------------------------

wrapping first mol.:       20.29907       28.70721       49.72235
wrapping first mol.:       20.29907       28.70721       49.72235

 NSTEP =    31000   TIME(PS) =     602.000  TEMP(K) =   299.00  PRESS =     0.0
 Etot   =    -34451.3078  EKtot   =      9147.4346  EPtot      =    -43598.7424
 BOND   =       328.5288  ANGLE   =      1044.8092  DIHED      =      1386.4486
 1-4 NB =       454.5590  1-4 EEL =      6257.2651  VDWAALS    =      4600.7687
 EELEC  =    -57823.6943  EHBOND  =         0.0000  RESTRAINT  =       152.5725
 EAMBER (non-restraint)  =    -43751.3149
 ------------------------------------------------------------------------------

wrapping first mol.:       20.29907       28.70721       49.72235
wrapping first mol.:       20.29907       28.70721       49.72235

 NSTEP =    31500   TIME(PS) =     603.000  TEMP(K) =   299.22  PRESS =     0.0
 Etot   =    -34476.1845  EKtot   =      9154.1641  EPtot      =    -43630.3486
 BOND   =       338.1424  ANGLE   =      1040.9466  DIHED      =      1369.1327
 1-4 NB =       449.9131  1-4 EEL =      6256.0221  VDWAALS    =      4824.7867
 EELEC  =    -58056.3026  EHBOND  =         0.0000  RESTRAINT  =       147.0103
 EAMBER (non-restraint)  =    -43777.3589
 ------------------------------------------------------------------------------

wrapping first mol.:       20.29907       28.70721       49.72235
wrapping first mol.:       20.29907       28.70721       49.72235

 NSTEP =    32000   TIME(PS) =     604.000  TEMP(K) =   303.18  PRESS =     0.0
 Etot   =    -34274.3780  EKtot   =      9275.3164  EPtot      =    -43549.6944
 BOND   =       323.5600  ANGLE   =      1028.2756  DIHED      =      1368.5396
 1-4 NB =       445.8652  1-4 EEL =      6267.4850  VDWAALS    =      4777.1980
 EELEC  =    -57908.9610  EHBOND  =         0.0000  RESTRAINT  =       148.3432
 EAMBER (non-restraint)  =    -43698.0377
 ------------------------------------------------------------------------------

wrapping first mol.:       20.29907       28.70721       49.72235
wrapping first mol.:       20.29907       28.70721       49.72235

 NSTEP =    32500   TIME(PS) =     605.000  TEMP(K) =   300.02  PRESS =     0.0
 Etot   =    -34445.6621  EKtot   =      9178.8486  EPtot      =    -43624.5107
 BOND   =       351.0787  ANGLE   =      1074.4095  DIHED      =      1377.5920
 1-4 NB =       457.6002  1-4 EEL =      6288.7393  VDWAALS    =      4739.9621
 EELEC  =    -58061.9731  EHBOND  =         0.0000  RESTRAINT  =       148.0806
 EAMBER (non-restraint)  =    -43772.5913
 ------------------------------------------------------------------------------

wrapping first mol.:       20.29907       28.70721       49.72235
wrapping first mol.:       20.29907       28.70721       49.72235

 NSTEP =    33000   TIME(PS) =     606.000  TEMP(K) =   296.96  PRESS =     0.0
 Etot   =    -34404.0367  EKtot   =      9085.0459  EPtot      =    -43489.0826
 BOND   =       318.7300  ANGLE   =      1026.5159  DIHED      =      1372.0881
 1-4 NB =       465.1735  1-4 EEL =      6268.1381  VDWAALS    =      4774.3595
 EELEC  =    -57867.4761  EHBOND  =         0.0000  RESTRAINT  =       153.3884
 EAMBER (non-restraint)  =    -43642.4710
 ------------------------------------------------------------------------------

wrapping first mol.:       20.29907       28.70721       49.72235
wrapping first mol.:       20.29907       28.70721       49.72235

 NSTEP =    33500   TIME(PS) =     607.000  TEMP(K) =   299.10  PRESS =     0.0
 Etot   =    -34523.3938  EKtot   =      9150.5615  EPtot      =    -43673.9553
 BOND   =       323.8663  ANGLE   =      1037.9086  DIHED      =      1387.9993
 1-4 NB =       456.8906  1-4 EEL =      6277.0764  VDWAALS    =      4858.0083
 EELEC  =    -58152.5056  EHBOND  =         0.0000  RESTRAINT  =       136.8007
 EAMBER (non-restraint)  =    -43810.7560
 ------------------------------------------------------------------------------

wrapping first mol.:       20.29907       28.70721       49.72235
wrapping first mol.:       20.29907       28.70721       49.72235

 NSTEP =    34000   TIME(PS) =     608.000  TEMP(K) =   300.06  PRESS =     0.0
 Etot   =    -34551.3293  EKtot   =      9180.0674  EPtot      =    -43731.3967
 BOND   =       338.6992  ANGLE   =      1068.9453  DIHED      =      1373.6368
 1-4 NB =       456.0713  1-4 EEL =      6282.5587  VDWAALS    =      4826.2312
 EELEC  =    -58212.8274  EHBOND  =         0.0000  RESTRAINT  =       135.2883
 EAMBER (non-restraint)  =    -43866.6850
 ------------------------------------------------------------------------------

wrapping first mol.:       20.29907       28.70721       49.72235
wrapping first mol.:       20.29907       28.70721       49.72235

 NSTEP =    34500   TIME(PS) =     609.000  TEMP(K) =   304.15  PRESS =     0.0
 Etot   =    -34194.0112  EKtot   =      9305.2217  EPtot      =    -43499.2329
 BOND   =       323.5621  ANGLE   =      1016.2465  DIHED      =      1359.4859
 1-4 NB =       463.4731  1-4 EEL =      6289.9747  VDWAALS    =      4819.7831
 EELEC  =    -57922.3366  EHBOND  =         0.0000  RESTRAINT  =       150.5781
 EAMBER (non-restraint)  =    -43649.8110
 ------------------------------------------------------------------------------

wrapping first mol.:       20.29907       28.70721       49.72235
wrapping first mol.:       20.29907       28.70721       49.72235

 NSTEP =    35000   TIME(PS) =     610.000  TEMP(K) =   302.63  PRESS =     0.0
 Etot   =    -34362.5717  EKtot   =      9258.5225  EPtot      =    -43621.0942
 BOND   =       326.3757  ANGLE   =      1052.2253  DIHED      =      1374.5898
 1-4 NB =       464.2040  1-4 EEL =      6312.2623  VDWAALS    =      4558.1797
 EELEC  =    -57859.0964  EHBOND  =         0.0000  RESTRAINT  =       150.1654
 EAMBER (non-restraint)  =    -43771.2595
 ------------------------------------------------------------------------------

wrapping first mol.:       20.29907       28.70721       49.72235
wrapping first mol.:       20.29907       28.70721       49.72235

 NSTEP =    35500   TIME(PS) =     611.000  TEMP(K) =   300.84  PRESS =     0.0
 Etot   =    -34450.6891  EKtot   =      9203.8877  EPtot      =    -43654.5768
 BOND   =       348.8675  ANGLE   =      1084.6961  DIHED      =      1378.4126
 1-4 NB =       458.7716  1-4 EEL =      6287.2680  VDWAALS    =      4844.8357
 EELEC  =    -58211.5628  EHBOND  =         0.0000  RESTRAINT  =       154.1345
 EAMBER (non-restraint)  =    -43808.7113
 ------------------------------------------------------------------------------

wrapping first mol.:       20.29907       28.70721       49.72235
wrapping first mol.:       20.29907       28.70721       49.72235

 NSTEP =    36000   TIME(PS) =     612.000  TEMP(K) =   302.17  PRESS =     0.0
 Etot   =    -34326.8539  EKtot   =      9244.4014  EPtot      =    -43571.2553
 BOND   =       342.0909  ANGLE   =      1026.7566  DIHED      =      1394.7392
 1-4 NB =       457.9858  1-4 EEL =      6265.7063  VDWAALS    =      4794.2965
 EELEC  =    -58001.3281  EHBOND  =         0.0000  RESTRAINT  =       148.4974
 EAMBER (non-restraint)  =    -43719.7527
 ------------------------------------------------------------------------------

wrapping first mol.:       20.29907       28.70721       49.72235
wrapping first mol.:       20.29907       28.70721       49.72235

 NSTEP =    36500   TIME(PS) =     613.000  TEMP(K) =   298.18  PRESS =     0.0
 Etot   =    -34440.4219  EKtot   =      9122.5508  EPtot      =    -43562.9726
 BOND   =       333.9292  ANGLE   =      1072.7139  DIHED      =      1397.5734
 1-4 NB =       457.6417  1-4 EEL =      6267.1536  VDWAALS    =      4836.4742
 EELEC  =    -58070.9280  EHBOND  =         0.0000  RESTRAINT  =       142.4693
 EAMBER (non-restraint)  =    -43705.4419
 ------------------------------------------------------------------------------

wrapping first mol.:       20.29907       28.70721       49.72235
wrapping first mol.:       20.29907       28.70721       49.72235

 NSTEP =    37000   TIME(PS) =     614.000  TEMP(K) =   299.08  PRESS =     0.0
 Etot   =    -34407.9717  EKtot   =      9149.8906  EPtot      =    -43557.8623
 BOND   =       331.0267  ANGLE   =      1022.8106  DIHED      =      1379.0291
 1-4 NB =       453.8728  1-4 EEL =      6273.7185  VDWAALS    =      4574.6879
 EELEC  =    -57751.7638  EHBOND  =         0.0000  RESTRAINT  =       158.7560
 EAMBER (non-restraint)  =    -43716.6183
 ------------------------------------------------------------------------------

wrapping first mol.:       20.29907       28.70721       49.72235
wrapping first mol.:       20.29907       28.70721       49.72235

 NSTEP =    37500   TIME(PS) =     615.000  TEMP(K) =   302.51  PRESS =     0.0
 Etot   =    -34251.0793  EKtot   =      9254.8477  EPtot      =    -43505.9269
 BOND   =       355.1861  ANGLE   =      1090.4783  DIHED      =      1372.3872
 1-4 NB =       453.4408  1-4 EEL =      6265.5795  VDWAALS    =      4825.4469
 EELEC  =    -58017.3390  EHBOND  =         0.0000  RESTRAINT  =       148.8932
 EAMBER (non-restraint)  =    -43654.8201
 ------------------------------------------------------------------------------

wrapping first mol.:       20.29907       28.70721       49.72235
wrapping first mol.:       20.29907       28.70721       49.72235

 NSTEP =    38000   TIME(PS) =     616.000  TEMP(K) =   302.46  PRESS =     0.0
 Etot   =    -34273.8454  EKtot   =      9253.5098  EPtot      =    -43527.3551
 BOND   =       339.9395  ANGLE   =      1013.4622  DIHED      =      1376.6723
 1-4 NB =       460.1684  1-4 EEL =      6287.9678  VDWAALS    =      4665.4767
 EELEC  =    -57809.5095  EHBOND  =         0.0000  RESTRAINT  =       138.4674
 EAMBER (non-restraint)  =    -43665.8226
 ------------------------------------------------------------------------------

wrapping first mol.:       20.29907       28.70721       49.72235
wrapping first mol.:       20.29907       28.70721       49.72235

 NSTEP =    38500   TIME(PS) =     617.000  TEMP(K) =   302.69  PRESS =     0.0
 Etot   =    -34313.4038  EKtot   =      9260.5557  EPtot      =    -43573.9595
 BOND   =       347.8416  ANGLE   =      1018.3001  DIHED      =      1363.0977
 1-4 NB =       451.2605  1-4 EEL =      6297.8788  VDWAALS    =      4716.2207
 EELEC  =    -57920.2760  EHBOND  =         0.0000  RESTRAINT  =       151.7170
 EAMBER (non-restraint)  =    -43725.6765
 ------------------------------------------------------------------------------

wrapping first mol.:       20.29907       28.70721       49.72235
wrapping first mol.:       20.29907       28.70721       49.72235

 NSTEP =    39000   TIME(PS) =     618.000  TEMP(K) =   299.08  PRESS =     0.0
 Etot   =    -34337.7927  EKtot   =      9150.0156  EPtot      =    -43487.8083
 BOND   =       331.1356  ANGLE   =      1023.4058  DIHED      =      1362.1018
 1-4 NB =       454.0440  1-4 EEL =      6266.3073  VDWAALS    =      4784.6736
 EELEC  =    -57853.6644  EHBOND  =         0.0000  RESTRAINT  =       144.1879
 EAMBER (non-restraint)  =    -43631.9962
 ------------------------------------------------------------------------------

wrapping first mol.:       20.29907       28.70721       49.72235
wrapping first mol.:       20.29907       28.70721       49.72235

 NSTEP =    39500   TIME(PS) =     619.000  TEMP(K) =   299.69  PRESS =     0.0
 Etot   =    -34326.2229  EKtot   =      9168.6709  EPtot      =    -43494.8938
 BOND   =       342.6323  ANGLE   =      1043.0227  DIHED      =      1355.5126
 1-4 NB =       453.2850  1-4 EEL =      6271.4534  VDWAALS    =      4659.1312
 EELEC  =    -57752.8591  EHBOND  =         0.0000  RESTRAINT  =       132.9280
 EAMBER (non-restraint)  =    -43627.8218
 ------------------------------------------------------------------------------

wrapping first mol.:       20.29907       28.70721       49.72235
wrapping first mol.:       20.29907       28.70721       49.72235

 NSTEP =    40000   TIME(PS) =     620.000  TEMP(K) =   298.45  PRESS =     0.0
 Etot   =    -34466.3623  EKtot   =      9130.8623  EPtot      =    -43597.2246
 BOND   =       362.7857  ANGLE   =      1038.8433  DIHED      =      1363.7252
 1-4 NB =       457.9588  1-4 EEL =      6294.9473  VDWAALS    =      4544.6877
 EELEC  =    -57803.3874  EHBOND  =         0.0000  RESTRAINT  =       143.2147
 EAMBER (non-restraint)  =    -43740.4394
 ------------------------------------------------------------------------------

wrapping first mol.:       20.29907       28.70721       49.72235
wrapping first mol.:       20.29907       28.70721       49.72235

 NSTEP =    40500   TIME(PS) =     621.000  TEMP(K) =   300.89  PRESS =     0.0
 Etot   =    -34304.9013  EKtot   =      9205.4639  EPtot      =    -43510.3652
 BOND   =       349.0346  ANGLE   =      1063.2339  DIHED      =      1353.2837
 1-4 NB =       454.6361  1-4 EEL =      6268.2445  VDWAALS    =      4797.8819
 EELEC  =    -57951.2391  EHBOND  =         0.0000  RESTRAINT  =       154.5591
 EAMBER (non-restraint)  =    -43664.9243
 ------------------------------------------------------------------------------

wrapping first mol.:       20.29907       28.70721       49.72235
wrapping first mol.:       20.29907       28.70721       49.72235

 NSTEP =    41000   TIME(PS) =     622.000  TEMP(K) =   305.51  PRESS =     0.0
 Etot   =    -34273.5288  EKtot   =      9346.5771  EPtot      =    -43620.1059
 BOND   =       351.0567  ANGLE   =      1053.6313  DIHED      =      1377.0379
 1-4 NB =       462.8795  1-4 EEL =      6276.5345  VDWAALS    =      4786.1907
 EELEC  =    -58067.3823  EHBOND  =         0.0000  RESTRAINT  =       139.9458
 EAMBER (non-restraint)  =    -43760.0517
 ------------------------------------------------------------------------------

wrapping first mol.:       20.29907       28.70721       49.72235
wrapping first mol.:       20.29907       28.70721       49.72235

 NSTEP =    41500   TIME(PS) =     623.000  TEMP(K) =   299.64  PRESS =     0.0
 Etot   =    -34470.5721  EKtot   =      9167.1572  EPtot      =    -43637.7293
 BOND   =       354.3954  ANGLE   =      1036.4722  DIHED      =      1368.3820
 1-4 NB =       448.8023  1-4 EEL =      6263.2867  VDWAALS    =      4635.2274
 EELEC  =    -57880.2846  EHBOND  =         0.0000  RESTRAINT  =       135.9894
 EAMBER (non-restraint)  =    -43773.7187
 ------------------------------------------------------------------------------

wrapping first mol.:       20.29907       28.70721       49.72235
wrapping first mol.:       20.29907       28.70721       49.72235

 NSTEP =    42000   TIME(PS) =     624.000  TEMP(K) =   302.01  PRESS =     0.0
 Etot   =    -34424.0857  EKtot   =      9239.6641  EPtot      =    -43663.7497
 BOND   =       334.9863  ANGLE   =      1042.3146  DIHED      =      1356.9917
 1-4 NB =       457.0900  1-4 EEL =      6295.7419  VDWAALS    =      4782.1483
 EELEC  =    -58070.2581  EHBOND  =         0.0000  RESTRAINT  =       137.2356
 EAMBER (non-restraint)  =    -43800.9853
 ------------------------------------------------------------------------------

wrapping first mol.:       20.29907       28.70721       49.72235
wrapping first mol.:       20.29907       28.70721       49.72235

 NSTEP =    42500   TIME(PS) =     625.000  TEMP(K) =   297.83  PRESS =     0.0
 Etot   =    -34502.6794  EKtot   =      9111.7451  EPtot      =    -43614.4245
 BOND   =       326.8919  ANGLE   =      1023.8284  DIHED      =      1356.1606
 1-4 NB =       460.9275  1-4 EEL =      6326.9136  VDWAALS    =      4832.1516
 EELEC  =    -58077.8334  EHBOND  =         0.0000  RESTRAINT  =       136.5353
 EAMBER (non-restraint)  =    -43750.9599
 ------------------------------------------------------------------------------

wrapping first mol.:       20.29907       28.70721       49.72235
wrapping first mol.:       20.29907       28.70721       49.72235

 NSTEP =    43000   TIME(PS) =     626.000  TEMP(K) =   301.71  PRESS =     0.0
 Etot   =    -34448.6735  EKtot   =      9230.4893  EPtot      =    -43679.1628
 BOND   =       354.2519  ANGLE   =      1005.0276  DIHED      =      1350.0697
 1-4 NB =       465.5043  1-4 EEL =      6294.1799  VDWAALS    =      4783.9688
 EELEC  =    -58063.7862  EHBOND  =         0.0000  RESTRAINT  =       131.6214
 EAMBER (non-restraint)  =    -43810.7842
 ------------------------------------------------------------------------------

wrapping first mol.:       20.29907       28.70721       49.72235
wrapping first mol.:       20.29907       28.70721       49.72235

 NSTEP =    43500   TIME(PS) =     627.000  TEMP(K) =   300.99  PRESS =     0.0
 Etot   =    -34402.1957  EKtot   =      9208.4785  EPtot      =    -43610.6742
 BOND   =       334.3013  ANGLE   =      1061.0088  DIHED      =      1384.9064
 1-4 NB =       464.1139  1-4 EEL =      6308.9593  VDWAALS    =      4877.2015
 EELEC  =    -58177.4145  EHBOND  =         0.0000  RESTRAINT  =       136.2491
 EAMBER (non-restraint)  =    -43746.9233
 ------------------------------------------------------------------------------

wrapping first mol.:       20.29907       28.70721       49.72235
wrapping first mol.:       20.29907       28.70721       49.72235

 NSTEP =    44000   TIME(PS) =     628.000  TEMP(K) =   303.98  PRESS =     0.0
 Etot   =    -34335.7356  EKtot   =      9299.7783  EPtot      =    -43635.5139
 BOND   =       348.9077  ANGLE   =      1041.0575  DIHED      =      1379.9837
 1-4 NB =       449.2759  1-4 EEL =      6284.5426  VDWAALS    =      4722.9515
 EELEC  =    -57989.1455  EHBOND  =         0.0000  RESTRAINT  =       126.9127
 EAMBER (non-restraint)  =    -43762.4266
 ------------------------------------------------------------------------------

wrapping first mol.:       20.29907       28.70721       49.72235
wrapping first mol.:       20.29907       28.70721       49.72235

 NSTEP =    44500   TIME(PS) =     629.000  TEMP(K) =   301.78  PRESS =     0.0
 Etot   =    -34167.6639  EKtot   =      9232.5371  EPtot      =    -43400.2010
 BOND   =       350.5387  ANGLE   =      1061.2615  DIHED      =      1397.4116
 1-4 NB =       440.1111  1-4 EEL =      6272.0016  VDWAALS    =      4707.2738
 EELEC  =    -57766.3646  EHBOND  =         0.0000  RESTRAINT  =       137.5654
 EAMBER (non-restraint)  =    -43537.7664
 ------------------------------------------------------------------------------

wrapping first mol.:       20.29907       28.70721       49.72235
wrapping first mol.:       20.29907       28.70721       49.72235

 NSTEP =    45000   TIME(PS) =     630.000  TEMP(K) =   297.39  PRESS =     0.0
 Etot   =    -34405.1834  EKtot   =      9098.1768  EPtot      =    -43503.3601
 BOND   =       314.3917  ANGLE   =      1019.6154  DIHED      =      1383.5304
 1-4 NB =       452.2662  1-4 EEL =      6272.6984  VDWAALS    =      4776.9405
 EELEC  =    -57873.1886  EHBOND  =         0.0000  RESTRAINT  =       150.3860
 EAMBER (non-restraint)  =    -43653.7461
 ------------------------------------------------------------------------------

wrapping first mol.:       20.29907       28.70721       49.72235
wrapping first mol.:       20.29907       28.70721       49.72235

 NSTEP =    45500   TIME(PS) =     631.000  TEMP(K) =   297.91  PRESS =     0.0
 Etot   =    -34330.2311  EKtot   =      9114.2363  EPtot      =    -43444.4674
 BOND   =       349.9161  ANGLE   =      1078.5629  DIHED      =      1352.6657
 1-4 NB =       447.2277  1-4 EEL =      6318.9550  VDWAALS    =      4727.0847
 EELEC  =    -57857.1256  EHBOND  =         0.0000  RESTRAINT  =       138.2462
 EAMBER (non-restraint)  =    -43582.7136
 ------------------------------------------------------------------------------

wrapping first mol.:       20.29907       28.70721       49.72235
wrapping first mol.:       20.29907       28.70721       49.72235

 NSTEP =    46000   TIME(PS) =     632.000  TEMP(K) =   298.52  PRESS =     0.0
 Etot   =    -34464.2191  EKtot   =      9132.8477  EPtot      =    -43597.0668
 BOND   =       333.6169  ANGLE   =      1046.6490  DIHED      =      1362.7826
 1-4 NB =       456.5107  1-4 EEL =      6294.9508  VDWAALS    =      4717.9685
 EELEC  =    -57959.4656  EHBOND  =         0.0000  RESTRAINT  =       149.9203
 EAMBER (non-restraint)  =    -43746.9871
 ------------------------------------------------------------------------------

wrapping first mol.:       20.29907       28.70721       49.72235
wrapping first mol.:       20.29907       28.70721       49.72235

 NSTEP =    46500   TIME(PS) =     633.000  TEMP(K) =   298.58  PRESS =     0.0
 Etot   =    -34443.0641  EKtot   =      9134.6191  EPtot      =    -43577.6833
 BOND   =       339.7966  ANGLE   =      1045.9675  DIHED      =      1361.2039
 1-4 NB =       457.1261  1-4 EEL =      6246.6132  VDWAALS    =      4850.7563
 EELEC  =    -58028.3685  EHBOND  =         0.0000  RESTRAINT  =       149.2216
 EAMBER (non-restraint)  =    -43726.9049
 ------------------------------------------------------------------------------

wrapping first mol.:       20.29907       28.70721       49.72235
wrapping first mol.:       20.29907       28.70721       49.72235

 NSTEP =    47000   TIME(PS) =     634.000  TEMP(K) =   297.90  PRESS =     0.0
 Etot   =    -34318.7142  EKtot   =      9114.0293  EPtot      =    -43432.7435
 BOND   =       339.2035  ANGLE   =      1100.0604  DIHED      =      1374.8299
 1-4 NB =       460.1688  1-4 EEL =      6283.7672  VDWAALS    =      4700.8706
 EELEC  =    -57834.9724  EHBOND  =         0.0000  RESTRAINT  =       143.3285
 EAMBER (non-restraint)  =    -43576.0720
 ------------------------------------------------------------------------------

wrapping first mol.:       20.29907       28.70721       49.72235
wrapping first mol.:       20.29907       28.70721       49.72235

 NSTEP =    47500   TIME(PS) =     635.000  TEMP(K) =   295.70  PRESS =     0.0
 Etot   =    -34631.3633  EKtot   =      9046.6035  EPtot      =    -43677.9668
 BOND   =       341.7351  ANGLE   =      1032.4931  DIHED      =      1360.3341
 1-4 NB =       452.8435  1-4 EEL =      6284.9044  VDWAALS    =      4711.5940
 EELEC  =    -57997.5536  EHBOND  =         0.0000  RESTRAINT  =       135.6825
 EAMBER (non-restraint)  =    -43813.6494
 ------------------------------------------------------------------------------

wrapping first mol.:       20.29907       28.70721       49.72235
wrapping first mol.:       20.29907       28.70721       49.72235

 NSTEP =    48000   TIME(PS) =     636.000  TEMP(K) =   293.20  PRESS =     0.0
 Etot   =    -34588.4554  EKtot   =      8969.9951  EPtot      =    -43558.4505
 BOND   =       363.0680  ANGLE   =      1050.5740  DIHED      =      1357.8033
 1-4 NB =       433.8392  1-4 EEL =      6279.2860  VDWAALS    =      4712.3279
 EELEC  =    -57897.6123  EHBOND  =         0.0000  RESTRAINT  =       142.2635
 EAMBER (non-restraint)  =    -43700.7140
 ------------------------------------------------------------------------------

wrapping first mol.:       20.29907       28.70721       49.72235
wrapping first mol.:       20.29907       28.70721       49.72235

 NSTEP =    48500   TIME(PS) =     637.000  TEMP(K) =   298.75  PRESS =     0.0
 Etot   =    -34350.8779  EKtot   =      9139.9238  EPtot      =    -43490.8017
 BOND   =       347.5840  ANGLE   =      1040.6344  DIHED      =      1352.4210
 1-4 NB =       464.7404  1-4 EEL =      6315.2037  VDWAALS    =      4927.3106
 EELEC  =    -58083.1393  EHBOND  =         0.0000  RESTRAINT  =       144.4436
 EAMBER (non-restraint)  =    -43635.2453
 ------------------------------------------------------------------------------

wrapping first mol.:       20.29907       28.70721       49.72235
wrapping first mol.:       20.29907       28.70721       49.72235

 NSTEP =    49000   TIME(PS) =     638.000  TEMP(K) =   297.55  PRESS =     0.0
 Etot   =    -34367.0084  EKtot   =      9103.2051  EPtot      =    -43470.2135
 BOND   =       363.0537  ANGLE   =      1034.9193  DIHED      =      1352.0052
 1-4 NB =       459.7121  1-4 EEL =      6294.0025  VDWAALS    =      4697.1884
 EELEC  =    -57810.6709  EHBOND  =         0.0000  RESTRAINT  =       139.5763
 EAMBER (non-restraint)  =    -43609.7898
 ------------------------------------------------------------------------------

wrapping first mol.:       20.29907       28.70721       49.72235
wrapping first mol.:       20.29907       28.70721       49.72235

 NSTEP =    49500   TIME(PS) =     639.000  TEMP(K) =   300.98  PRESS =     0.0
 Etot   =    -34191.1088  EKtot   =      9207.9922  EPtot      =    -43399.1010
 BOND   =       349.2226  ANGLE   =      1080.1449  DIHED      =      1378.4187
 1-4 NB =       455.8297  1-4 EEL =      6264.7101  VDWAALS    =      4744.2935
 EELEC  =    -57816.0692  EHBOND  =         0.0000  RESTRAINT  =       144.3486
 EAMBER (non-restraint)  =    -43543.4496
 ------------------------------------------------------------------------------

wrapping first mol.:       20.29907       28.70721       49.72235
wrapping first mol.:       20.29907       28.70721       49.72235

 NSTEP =    50000   TIME(PS) =     640.000  TEMP(K) =   302.17  PRESS =     0.0
 Etot   =    -34283.3526  EKtot   =      9244.3799  EPtot      =    -43527.7325
 BOND   =       347.9264  ANGLE   =      1059.7965  DIHED      =      1388.7714
 1-4 NB =       460.4951  1-4 EEL =      6244.5035  VDWAALS    =      4763.8982
 EELEC  =    -57944.5712  EHBOND  =         0.0000  RESTRAINT  =       151.4477
 EAMBER (non-restraint)  =    -43679.1802
 ------------------------------------------------------------------------------


      A V E R A G E S   O V E R     100 S T E P S


 NSTEP =    50000   TIME(PS) =     640.000  TEMP(K) =   300.12  PRESS =     0.0
 Etot   =    -34389.4576  EKtot   =      9181.8612  EPtot      =    -43571.3188
 BOND   =       342.0715  ANGLE   =      1046.4077  DIHED      =      1370.7074
 1-4 NB =       455.1227  1-4 EEL =      6279.4311  VDWAALS    =      4749.7897
 EELEC  =    -57957.8689  EHBOND  =         0.0000  RESTRAINT  =       143.0199
 EAMBER (non-restraint)  =    -43714.3387
 ------------------------------------------------------------------------------


      R M S  F L U C T U A T I O N S


 NSTEP =    50000   TIME(PS) =     640.000  TEMP(K) =     2.20  PRESS =     0.0
 Etot   =       119.4580  EKtot   =        67.4509  EPtot      =       102.2933
 BOND   =        13.4208  ANGLE   =        25.7589  DIHED      =        11.8766
 1-4 NB =         7.6258  1-4 EEL =        18.2667  VDWAALS    =        98.1330
 EELEC  =       169.2789  EHBOND  =         0.0000  RESTRAINT  =         6.8468
 EAMBER (non-restraint)  =        95.4464
 ------------------------------------------------------------------------------

--------------------------------------------------------------------------------
   5.  TIMINGS
--------------------------------------------------------------------------------

|  NonSetup CPU Time in Major Routines:
|
|     Routine           Sec        %
|     ------------------------------
|     Nonbond          12.01   31.62
|     Bond              0.00    0.00
|     Angle             0.00    0.00
|     Dihedral          0.00    0.00
|     Shake             0.67    1.76
|     RunMD            25.21   66.35
|     Other             0.10    0.27
|     ------------------------------
|     Total            37.99

|  PME Nonbond Pairlist CPU Time:
|
|     Routine              Sec        %
|     ---------------------------------
|     Set Up Cit           0.00    0.00
|     Build List           0.00    0.00
|     ---------------------------------
|     Total                0.00    0.00

|  PME Direct Force CPU Time:
|
|     Routine              Sec        %
|     ---------------------------------
|     NonBonded Calc       0.00    0.00
|     Exclude Masked       0.00    0.00
|     Other                0.02    0.05
|     ---------------------------------
|     Total                0.02    0.05

|  PME Reciprocal Force CPU Time:
|
|     Routine              Sec        %
|     ---------------------------------
|     1D bspline           0.00    0.00
|     Grid Charges         0.00    0.00
|     Scalar Sum           0.00    0.00
|     Gradient Sum         0.00    0.00
|     FFT                  0.00    0.00
|     ---------------------------------
|     Total                0.00    0.00

|  Final Performance Info:
|     -----------------------------------------------------
|     Average timings for last   49500 steps:
|     Elapsed(s) =      37.73 Per Step(ms) =       0.76
|         ns/day =     226.68   seconds/ns =     381.15
|
|     Average timings for all steps:
|     Elapsed(s) =      38.15 Per Step(ms) =       0.76
|         ns/day =     226.49   seconds/ns =     381.47
|     -----------------------------------------------------

|  Setup CPU time:            2.98 seconds
|  NonSetup CPU time:        37.99 seconds
|  Total CPU time:           40.97 seconds     0.01 hours

|  Setup wall time:           4    seconds
|  NonSetup wall time:       38    seconds
|  Total wall time:          42    seconds     0.01 hours
