
          -------------------------------------------------------
          Amber 16 PMEMD                              2016
          -------------------------------------------------------

| PMEMD implementation of SANDER, Release 16

| Run on 11/17/2017 at 08:14:18

|   Executable path: /apps/amber16/bin/pmemd.cuda
| Working directory: /home/pbarletta
|          Hostname: mordor

  [-O]verwriting output

File Assignments:
|   MDIN: /scratch/pbarletta/cph_obp/run/ctv/mhe/e/7equ.in                      
|  MDOUT: /scratch/pbarletta/cph_obp/run/ctv/mhe/e/7equ.out                     
| INPCRD: /scratch/pbarletta/cph_obp/run/ctv/mhe/e/6ectv.rst7                   
|   PARM: /scratch/pbarletta/cph_obp/top_files/ctv.prmtop                       
| RESTRT: /scratch/pbarletta/cph_obp/run/ctv/mhe/e/7ectv.rst7                   
|   REFC: /scratch/pbarletta/cph_obp/run/ctv/mhe/e/6ectv.rst7                   
|  MDVEL: mdvel                                                                 
|   MDEN: mden                                                                  
|  MDCRD: /scratch/pbarletta/cph_obp/run/ctv/mhe/e/7ectv.nc                     
| MDINFO: mdinfo                                                                
|  MDFRC: mdfrc                                                                 


 Here is the input file:

Equilibration with solute restrictions                                         
&cntrl                                                                         
imin = 0,                           ! No Minimization                          
nmropt = 0,                         ! No NMR restraints read                   
                                                                               
! Nature and format of the input                                               
ntx = 5,                            ! Coordinates but no velocities will be rea
irest = 1,                          ! Do not run a new simulation              
                                                                               
! Nature and format of the output                                              
ntxo = 1,                           ! rstrt file in ASCII format               
ntpr = 500,                         ! inf in output every ntpr steps           
ntwr = 500,                         ! rstrt file every ntwr steps              
ntwx = 500,                         ! mdcrd file every ntwx steps              
ntwv = 0,                           ! mdvel without velocities                 
ntwe = 0,                           ! Energies and temperatures not written in 
idecomp = 0,                        ! No energy decomposition                  
iwrap = 1,                          ! Coordinates of the restart and mdcrd file
                                                                               
! Frozen or restrained atoms                                                   
ibelly = 0,                         ! No frozen atoms                          
ntr=1,                              ! Harmonic potential restraints            
restraint_wt = 10.0,                ! The weight for the positional restraints 
restraintmask = ':1-120@N,CA,C,O',  ! restrained residues                      
                                                                               
! Molecular dynamics                                                           
nstlim = 50000,                     ! Number of MD-steps                       
dt = 0.002,                         ! Time step                                
                                                                               
! Temperature regulation                                                       
ntt = 3,                            ! Langevin thermostat                      
gamma_ln = 5,                       ! Gamma constant for Langevin              
temp0 = 300.0,                      ! Reference T at which the system is to be 
tempi = 300.0,                      ! Initial T                                
ig = -1,                            ! Seed for the RNG                         
                                                                               
! P and V regulation                                                           
ntp = 0,                            ! No pressure control                      
ntb = 1,                            ! Periodic box for constant V              
                                                                               
! SHAKE variables                                                              
ntc = 2,                            ! Bonds involving H are constrained        
ntf = 2,                            ! Bond interaction involving H are ommited.
                                                                               
cut = 10.0,                         ! Nonbonded cutoff                         
                                                                               
/                                                                              
&end                                                                           


Note: ig = -1. Setting random seed to   635729 based on wallclock time in 
      microseconds.
| irandom = 1, using AMBER's internal random number generator (default).
 
|--------------------- INFORMATION ----------------------
| GPU (CUDA) Version of PMEMD in use: NVIDIA GPU IN USE.
|                    Version 16.0.0
| 
|                      02/25/2016
| 
| Implementation by:
|                    Ross C. Walker     (SDSC)
|                    Scott Le Grand     (nVIDIA)
| 
| Precision model in use:
|      [SPFP] - Single Precision Forces, 64-bit Fixed Point
|               Accumulation. (Default)
| 
|--------------------------------------------------------
 
|----------------- CITATION INFORMATION -----------------
|
|    When publishing work that utilized the CUDA version
|    of AMBER, please cite the following in addition to
|    the regular AMBER citations:
|
|  - Romelia Salomon-Ferrer; Andreas W. Goetz; Duncan
|    Poole; Scott Le Grand; Ross C. Walker "Routine
|    microsecond molecular dynamics simulations with
|    AMBER - Part II: Particle Mesh Ewald", J. Chem.
|    Theory Comput., 2013, 9 (9), pp3878-3888,
|    DOI: 10.1021/ct400314y.
|
|  - Andreas W. Goetz; Mark J. Williamson; Dong Xu;
|    Duncan Poole; Scott Le Grand; Ross C. Walker
|    "Routine microsecond molecular dynamics simulations
|    with AMBER - Part I: Generalized Born", J. Chem.
|    Theory Comput., 2012, 8 (5), pp1542-1555.
|
|  - Scott Le Grand; Andreas W. Goetz; Ross C. Walker
|    "SPFP: Speed without compromise - a mixed precision
|    model for GPU accelerated molecular dynamics
|    simulations.", Comp. Phys. Comm., 2013, 184
|    pp374-380, DOI: 10.1016/j.cpc.2012.09.022
|
|--------------------------------------------------------
 
|------------------- GPU DEVICE INFO --------------------
|
|            CUDA_VISIBLE_DEVICES: 1
|   CUDA Capable Devices Detected:      1
|           CUDA Device ID in use:      0
|                CUDA Device Name: GeForce GTX 1080 Ti
|     CUDA Device Global Mem Size:  11172 MB
| CUDA Device Num Multiprocessors:     28
|           CUDA Device Core Freq:   1.58 GHz
|
|--------------------------------------------------------
 
 
| Conditional Compilation Defines Used:
| PUBFFT
| BINTRAJ
| CUDA
| EMIL

| Largest sphere to fit in unit cell has radius =    24.861

| New format PARM file being parsed.
| Version =    1.000 Date = 11/14/17 Time = 21:26:59

| Note: 1-4 EEL scale factors are being read from the topology file.

| Note: 1-4 VDW scale factors are being read from the topology file.
| Duplicated    0 dihedrals

| Duplicated    0 dihedrals

--------------------------------------------------------------------------------
   1.  RESOURCE   USE: 
--------------------------------------------------------------------------------

 getting new box info from bottom of inpcrd
 NATOM  =   14918 NTYPES =      18 NBONH =   13963 MBONA  =     961
 NTHETH =    2368 MTHETA =    1289 NPHIH =    4522 MPHIA  =    3259
 NHPARM =       0 NPARM  =       0 NNB   =   28275 NRES   =    4423
 NBONA  =     961 NTHETA =    1289 NPHIA =    3259 NUMBND =      48
 NUMANG =     101 NPTRA  =      41 NATYP =      33 NPHB   =       1
 IFBOX  =       2 NMXRS  =      26 IFCAP =       0 NEXTRA =       0
 NCOPY  =       0

| Coordinate Index Table dimensions:     9    9    9
| Direct force subcell size =     6.7664    6.7664    6.7664

     BOX TYPE: TRUNCATED OCTAHEDRON

--------------------------------------------------------------------------------
   2.  CONTROL  DATA  FOR  THE  RUN
--------------------------------------------------------------------------------

default_name                                                                    

General flags:
     imin    =       0, nmropt  =       0

Nature and format of input:
     ntx     =       5, irest   =       1, ntrx    =       1

Nature and format of output:
     ntxo    =       1, ntpr    =     500, ntrx    =       1, ntwr    =     500
     iwrap   =       1, ntwx    =     500, ntwv    =       0, ntwe    =       0
     ioutfm  =       1, ntwprt  =       0, idecomp =       0, rbornstat=      0

Potential function:
     ntf     =       2, ntb     =       1, igb     =       0, nsnb    =      25
     ipol    =       0, gbsa    =       0, iesp    =       0
     dielc   =   1.00000, cut     =  10.00000, intdiel =   1.00000

Frozen or restrained atoms:
     ibelly  =       0, ntr     =       1
     restraint_wt =  10.00000

Molecular dynamics:
     nstlim  =     50000, nscm    =         0, nrespa  =         1
     t       =   0.00000, dt      =   0.00200, vlimit  =  -1.00000

Langevin dynamics temperature regulation:
     ig      =  635729
     temp0   = 300.00000, tempi   = 300.00000, gamma_ln=   5.00000

SHAKE:
     ntc     =       2, jfastw  =       0
     tol     =   0.00001

| Intermolecular bonds treatment:
|     no_intermolecular_bonds =       1

| Energy averages sample interval:
|     ene_avg_sampling =     500

Ewald parameters:
     verbose =       0, ew_type =       0, nbflag  =       1, use_pme =       1
     vdwmeth =       1, eedmeth =       1, netfrc  =       1
     Box X =   60.897   Box Y =   60.897   Box Z =   60.897
     Alpha =  109.471   Beta  =  109.471   Gamma =  109.471
     NFFT1 =   64       NFFT2 =   64       NFFT3 =   64
     Cutoff=   10.000   Tol   =0.100E-04
     Ewald Coefficient =  0.27511
     Interpolation order =    4

    LOADING THE CONSTRAINED ATOMS AS GROUPS


   5.  REFERENCE ATOM COORDINATES

  default_name                                                                    
     Mask :1-120@N,CA,C,O; matches   476 atoms

--------------------------------------------------------------------------------
   3.  ATOMIC COORDINATES AND VELOCITIES
--------------------------------------------------------------------------------

default_name                                                                    
 begin time read from input coords =   740.000 ps

 
 Number of triangulated 3-point waters found:     4302

     Sum of charges from parm topology file =   0.00000094
     Forcing neutrality...

| Dynamic Memory, Types Used:
| Reals              578204
| Integers           551472

| Nonbonded Pairs Initial Allocation:     4512322

| GPU memory information (estimate):
| KB of GPU memory in use:    141360
| KB of CPU memory in use:     29328

--------------------------------------------------------------------------------
   4.  RESULTS
--------------------------------------------------------------------------------

 ---------------------------------------------------
 APPROXIMATING switch and d/dx switch using CUBIC SPLINE INTERPOLATION
 using   5000.0 points per unit in tabled values
 TESTING RELATIVE ERROR over r ranging from 0.0 to cutoff
| CHECK switch(x): max rel err =   0.2738E-14   at   2.422500
| CHECK d/dx switch(x): max rel err =   0.8314E-11   at   2.736960
 ---------------------------------------------------
|---------------------------------------------------
| APPROXIMATING direct energy using CUBIC SPLINE INTERPOLATION
|  with   50.0 points per unit in tabled values
| Relative Error Limit not exceeded for r .gt.   2.33
| APPROXIMATING direct force using CUBIC SPLINE INTERPOLATION
|  with   50.0 points per unit in tabled values
| Relative Error Limit not exceeded for r .gt.   2.80
|---------------------------------------------------
wrapping first mol.:       20.29907       28.70721       49.72235
wrapping first mol.:       20.29907       28.70721       49.72235

 NSTEP =      500   TIME(PS) =     741.000  TEMP(K) =   298.88  PRESS =     0.0
 Etot   =    -34256.7931  EKtot   =      9143.7393  EPtot      =    -43400.5324
 BOND   =       354.0823  ANGLE   =      1036.5819  DIHED      =      1374.4945
 1-4 NB =       467.1650  1-4 EEL =      6327.5919  VDWAALS    =      4769.8953
 EELEC  =    -57845.1730  EHBOND  =         0.0000  RESTRAINT  =       114.8296
 EAMBER (non-restraint)  =    -43515.3620
 ------------------------------------------------------------------------------

wrapping first mol.:       20.29907       28.70721       49.72235
wrapping first mol.:       20.29907       28.70721       49.72235

 NSTEP =     1000   TIME(PS) =     742.000  TEMP(K) =   296.53  PRESS =     0.0
 Etot   =    -34535.3608  EKtot   =      9071.9297  EPtot      =    -43607.2905
 BOND   =       323.3886  ANGLE   =      1094.5410  DIHED      =      1366.1597
 1-4 NB =       459.7765  1-4 EEL =      6293.6980  VDWAALS    =      4906.0055
 EELEC  =    -58157.8320  EHBOND  =         0.0000  RESTRAINT  =       106.9722
 EAMBER (non-restraint)  =    -43714.2627
 ------------------------------------------------------------------------------

wrapping first mol.:       20.29907       28.70721       49.72235
wrapping first mol.:       20.29907       28.70721       49.72235

 NSTEP =     1500   TIME(PS) =     743.000  TEMP(K) =   296.08  PRESS =     0.0
 Etot   =    -34624.8177  EKtot   =      9058.2549  EPtot      =    -43683.0726
 BOND   =       354.4395  ANGLE   =      1070.0556  DIHED      =      1365.8224
 1-4 NB =       442.8126  1-4 EEL =      6288.6786  VDWAALS    =      4727.0940
 EELEC  =    -58052.1632  EHBOND  =         0.0000  RESTRAINT  =       120.1879
 EAMBER (non-restraint)  =    -43803.2605
 ------------------------------------------------------------------------------

wrapping first mol.:       20.29907       28.70721       49.72235
wrapping first mol.:       20.29907       28.70721       49.72235

 NSTEP =     2000   TIME(PS) =     744.000  TEMP(K) =   296.80  PRESS =     0.0
 Etot   =    -34671.4814  EKtot   =      9080.2334  EPtot      =    -43751.7148
 BOND   =       322.0881  ANGLE   =      1012.6451  DIHED      =      1362.1758
 1-4 NB =       452.8989  1-4 EEL =      6303.4515  VDWAALS    =      4594.5989
 EELEC  =    -57912.7584  EHBOND  =         0.0000  RESTRAINT  =       113.1854
 EAMBER (non-restraint)  =    -43864.9002
 ------------------------------------------------------------------------------

wrapping first mol.:       20.29907       28.70721       49.72235
wrapping first mol.:       20.29907       28.70721       49.72235

 NSTEP =     2500   TIME(PS) =     745.000  TEMP(K) =   298.51  PRESS =     0.0
 Etot   =    -34509.1944  EKtot   =      9132.5781  EPtot      =    -43641.7725
 BOND   =       344.2748  ANGLE   =      1043.0687  DIHED      =      1352.4370
 1-4 NB =       456.3941  1-4 EEL =      6298.7422  VDWAALS    =      4849.6288
 EELEC  =    -58092.4670  EHBOND  =         0.0000  RESTRAINT  =       106.1488
 EAMBER (non-restraint)  =    -43747.9213
 ------------------------------------------------------------------------------

wrapping first mol.:       20.29907       28.70721       49.72235
wrapping first mol.:       20.29907       28.70721       49.72235

 NSTEP =     3000   TIME(PS) =     746.000  TEMP(K) =   297.50  PRESS =     0.0
 Etot   =    -34552.8290  EKtot   =      9101.7852  EPtot      =    -43654.6141
 BOND   =       336.5910  ANGLE   =      1043.9720  DIHED      =      1366.4941
 1-4 NB =       442.6193  1-4 EEL =      6288.3184  VDWAALS    =      4794.9218
 EELEC  =    -58038.6294  EHBOND  =         0.0000  RESTRAINT  =       111.0986
 EAMBER (non-restraint)  =    -43765.7128
 ------------------------------------------------------------------------------

wrapping first mol.:       20.29907       28.70721       49.72235
wrapping first mol.:       20.29907       28.70721       49.72235

 NSTEP =     3500   TIME(PS) =     747.000  TEMP(K) =   299.03  PRESS =     0.0
 Etot   =    -34297.7604  EKtot   =      9148.3848  EPtot      =    -43446.1451
 BOND   =       357.1994  ANGLE   =      1076.6592  DIHED      =      1380.8437
 1-4 NB =       457.1128  1-4 EEL =      6295.0814  VDWAALS    =      4762.7733
 EELEC  =    -57891.7260  EHBOND  =         0.0000  RESTRAINT  =       115.9111
 EAMBER (non-restraint)  =    -43562.0563
 ------------------------------------------------------------------------------

wrapping first mol.:       20.29907       28.70721       49.72235
wrapping first mol.:       20.29907       28.70721       49.72235

 NSTEP =     4000   TIME(PS) =     748.000  TEMP(K) =   298.84  PRESS =     0.0
 Etot   =    -34380.1495  EKtot   =      9142.7490  EPtot      =    -43522.8985
 BOND   =       358.5323  ANGLE   =      1060.1708  DIHED      =      1340.8685
 1-4 NB =       456.3284  1-4 EEL =      6275.8985  VDWAALS    =      4860.9061
 EELEC  =    -57980.7554  EHBOND  =         0.0000  RESTRAINT  =       105.1522
 EAMBER (non-restraint)  =    -43628.0507
 ------------------------------------------------------------------------------

wrapping first mol.:       20.29907       28.70721       49.72235
wrapping first mol.:       20.29907       28.70721       49.72235

 NSTEP =     4500   TIME(PS) =     749.000  TEMP(K) =   300.42  PRESS =     0.0
 Etot   =    -34423.9208  EKtot   =      9190.9238  EPtot      =    -43614.8446
 BOND   =       343.2691  ANGLE   =      1086.8448  DIHED      =      1386.7794
 1-4 NB =       454.7284  1-4 EEL =      6273.7412  VDWAALS    =      4869.9124
 EELEC  =    -58149.1272  EHBOND  =         0.0000  RESTRAINT  =       119.0072
 EAMBER (non-restraint)  =    -43733.8518
 ------------------------------------------------------------------------------

wrapping first mol.:       20.29907       28.70721       49.72235
wrapping first mol.:       20.29907       28.70721       49.72235

 NSTEP =     5000   TIME(PS) =     750.000  TEMP(K) =   304.51  PRESS =     0.0
 Etot   =    -34311.8093  EKtot   =      9316.0127  EPtot      =    -43627.8220
 BOND   =       371.8571  ANGLE   =      1014.8670  DIHED      =      1369.7210
 1-4 NB =       452.8294  1-4 EEL =      6285.8364  VDWAALS    =      4817.6416
 EELEC  =    -58059.3908  EHBOND  =         0.0000  RESTRAINT  =       118.8164
 EAMBER (non-restraint)  =    -43746.6384
 ------------------------------------------------------------------------------

wrapping first mol.:       20.29907       28.70721       49.72235
wrapping first mol.:       20.29907       28.70721       49.72235

 NSTEP =     5500   TIME(PS) =     751.000  TEMP(K) =   299.33  PRESS =     0.0
 Etot   =    -34568.8164  EKtot   =      9157.6719  EPtot      =    -43726.4883
 BOND   =       330.2227  ANGLE   =      1055.1646  DIHED      =      1355.1805
 1-4 NB =       461.5404  1-4 EEL =      6298.5474  VDWAALS    =      4855.5564
 EELEC  =    -58201.2740  EHBOND  =         0.0000  RESTRAINT  =       118.5736
 EAMBER (non-restraint)  =    -43845.0619
 ------------------------------------------------------------------------------

wrapping first mol.:       20.29907       28.70721       49.72235
wrapping first mol.:       20.29907       28.70721       49.72235

 NSTEP =     6000   TIME(PS) =     752.000  TEMP(K) =   303.28  PRESS =     0.0
 Etot   =    -34442.3398  EKtot   =      9278.4688  EPtot      =    -43720.8085
 BOND   =       321.8614  ANGLE   =      1042.4330  DIHED      =      1369.2887
 1-4 NB =       468.8831  1-4 EEL =      6277.9382  VDWAALS    =      4824.9462
 EELEC  =    -58141.1584  EHBOND  =         0.0000  RESTRAINT  =       114.9991
 EAMBER (non-restraint)  =    -43835.8077
 ------------------------------------------------------------------------------

wrapping first mol.:       20.29907       28.70721       49.72235
wrapping first mol.:       20.29907       28.70721       49.72235

 NSTEP =     6500   TIME(PS) =     753.000  TEMP(K) =   299.21  PRESS =     0.0
 Etot   =    -34398.5016  EKtot   =      9153.9043  EPtot      =    -43552.4059
 BOND   =       347.8286  ANGLE   =      1028.5912  DIHED      =      1377.6999
 1-4 NB =       449.5661  1-4 EEL =      6288.0725  VDWAALS    =      4657.3071
 EELEC  =    -57813.9730  EHBOND  =         0.0000  RESTRAINT  =       112.5017
 EAMBER (non-restraint)  =    -43664.9076
 ------------------------------------------------------------------------------

wrapping first mol.:       20.29907       28.70721       49.72235
wrapping first mol.:       20.29907       28.70721       49.72235

 NSTEP =     7000   TIME(PS) =     754.000  TEMP(K) =   300.69  PRESS =     0.0
 Etot   =    -34573.1614  EKtot   =      9199.3760  EPtot      =    -43772.5374
 BOND   =       366.7520  ANGLE   =      1028.3717  DIHED      =      1361.3720
 1-4 NB =       446.9113  1-4 EEL =      6308.8541  VDWAALS    =      4908.8597
 EELEC  =    -58300.3312  EHBOND  =         0.0000  RESTRAINT  =       106.6731
 EAMBER (non-restraint)  =    -43879.2105
 ------------------------------------------------------------------------------

wrapping first mol.:       20.29907       28.70721       49.72235
wrapping first mol.:       20.29907       28.70721       49.72235

 NSTEP =     7500   TIME(PS) =     755.000  TEMP(K) =   300.47  PRESS =     0.0
 Etot   =    -34570.1001  EKtot   =      9192.4033  EPtot      =    -43762.5034
 BOND   =       356.6705  ANGLE   =      1089.4048  DIHED      =      1368.5257
 1-4 NB =       463.7597  1-4 EEL =      6248.2450  VDWAALS    =      4740.8040
 EELEC  =    -58144.1794  EHBOND  =         0.0000  RESTRAINT  =       114.2662
 EAMBER (non-restraint)  =    -43876.7696
 ------------------------------------------------------------------------------

wrapping first mol.:       20.29907       28.70721       49.72235
wrapping first mol.:       20.29907       28.70721       49.72235

 NSTEP =     8000   TIME(PS) =     756.000  TEMP(K) =   301.29  PRESS =     0.0
 Etot   =    -34426.0920  EKtot   =      9217.7441  EPtot      =    -43643.8361
 BOND   =       384.1719  ANGLE   =      1080.8467  DIHED      =      1375.4132
 1-4 NB =       444.4690  1-4 EEL =      6277.3032  VDWAALS    =      4767.5894
 EELEC  =    -58072.9517  EHBOND  =         0.0000  RESTRAINT  =        99.3223
 EAMBER (non-restraint)  =    -43743.1584
 ------------------------------------------------------------------------------

wrapping first mol.:       20.29907       28.70721       49.72235
wrapping first mol.:       20.29907       28.70721       49.72235

 NSTEP =     8500   TIME(PS) =     757.000  TEMP(K) =   301.25  PRESS =     0.0
 Etot   =    -34415.4830  EKtot   =      9216.4463  EPtot      =    -43631.9293
 BOND   =       363.0477  ANGLE   =      1027.0619  DIHED      =      1394.5522
 1-4 NB =       450.5183  1-4 EEL =      6314.0019  VDWAALS    =      4731.3665
 EELEC  =    -58019.9655  EHBOND  =         0.0000  RESTRAINT  =       107.4877
 EAMBER (non-restraint)  =    -43739.4170
 ------------------------------------------------------------------------------

wrapping first mol.:       20.29907       28.70721       49.72235
wrapping first mol.:       20.29907       28.70721       49.72235

 NSTEP =     9000   TIME(PS) =     758.000  TEMP(K) =   301.79  PRESS =     0.0
 Etot   =    -34151.2355  EKtot   =      9232.8008  EPtot      =    -43384.0363
 BOND   =       339.4247  ANGLE   =      1052.3485  DIHED      =      1387.9760
 1-4 NB =       448.6745  1-4 EEL =      6301.3479  VDWAALS    =      4578.9813
 EELEC  =    -57593.1661  EHBOND  =         0.0000  RESTRAINT  =       100.3770
 EAMBER (non-restraint)  =    -43484.4133
 ------------------------------------------------------------------------------

wrapping first mol.:       20.29907       28.70721       49.72235
wrapping first mol.:       20.29907       28.70721       49.72235

 NSTEP =     9500   TIME(PS) =     759.000  TEMP(K) =   301.65  PRESS =     0.0
 Etot   =    -34358.4551  EKtot   =      9228.7686  EPtot      =    -43587.2237
 BOND   =       346.3220  ANGLE   =      1053.6188  DIHED      =      1363.2478
 1-4 NB =       444.0290  1-4 EEL =      6290.8953  VDWAALS    =      4719.6784
 EELEC  =    -57915.0580  EHBOND  =         0.0000  RESTRAINT  =       110.0431
 EAMBER (non-restraint)  =    -43697.2668
 ------------------------------------------------------------------------------

wrapping first mol.:       20.29907       28.70721       49.72235
wrapping first mol.:       20.29907       28.70721       49.72235

 NSTEP =    10000   TIME(PS) =     760.000  TEMP(K) =   300.76  PRESS =     0.0
 Etot   =    -34258.0030  EKtot   =      9201.4229  EPtot      =    -43459.4258
 BOND   =       373.3466  ANGLE   =      1058.2706  DIHED      =      1367.6182
 1-4 NB =       456.2114  1-4 EEL =      6302.0979  VDWAALS    =      4812.3312
 EELEC  =    -57930.2884  EHBOND  =         0.0000  RESTRAINT  =       100.9867
 EAMBER (non-restraint)  =    -43560.4125
 ------------------------------------------------------------------------------

wrapping first mol.:       20.29907       28.70721       49.72235
wrapping first mol.:       20.29907       28.70721       49.72235

 NSTEP =    10500   TIME(PS) =     761.000  TEMP(K) =   305.11  PRESS =     0.0
 Etot   =    -34095.7733  EKtot   =      9334.4746  EPtot      =    -43430.2479
 BOND   =       339.2831  ANGLE   =      1078.1598  DIHED      =      1360.7013
 1-4 NB =       468.2452  1-4 EEL =      6259.8239  VDWAALS    =      4861.0038
 EELEC  =    -57915.6660  EHBOND  =         0.0000  RESTRAINT  =       118.2009
 EAMBER (non-restraint)  =    -43548.4489
 ------------------------------------------------------------------------------

wrapping first mol.:       20.29907       28.70721       49.72235
wrapping first mol.:       20.29907       28.70721       49.72235

 NSTEP =    11000   TIME(PS) =     762.000  TEMP(K) =   300.65  PRESS =     0.0
 Etot   =    -34330.3593  EKtot   =      9198.0703  EPtot      =    -43528.4296
 BOND   =       341.3434  ANGLE   =      1067.6568  DIHED      =      1364.4475
 1-4 NB =       446.8641  1-4 EEL =      6290.1499  VDWAALS    =      4638.2011
 EELEC  =    -57805.4948  EHBOND  =         0.0000  RESTRAINT  =       128.4023
 EAMBER (non-restraint)  =    -43656.8319
 ------------------------------------------------------------------------------

wrapping first mol.:       20.29907       28.70721       49.72235
wrapping first mol.:       20.29907       28.70721       49.72235

 NSTEP =    11500   TIME(PS) =     763.000  TEMP(K) =   299.09  PRESS =     0.0
 Etot   =    -34764.2394  EKtot   =      9150.3262  EPtot      =    -43914.5656
 BOND   =       332.2368  ANGLE   =       984.1440  DIHED      =      1372.7307
 1-4 NB =       466.2078  1-4 EEL =      6295.2202  VDWAALS    =      4916.5162
 EELEC  =    -58390.2197  EHBOND  =         0.0000  RESTRAINT  =       108.5985
 EAMBER (non-restraint)  =    -44023.1641
 ------------------------------------------------------------------------------

wrapping first mol.:       20.29907       28.70721       49.72235
wrapping first mol.:       20.29907       28.70721       49.72235

 NSTEP =    12000   TIME(PS) =     764.000  TEMP(K) =   298.25  PRESS =     0.0
 Etot   =    -34449.9666  EKtot   =      9124.6494  EPtot      =    -43574.6160
 BOND   =       367.3992  ANGLE   =      1055.7547  DIHED      =      1374.8560
 1-4 NB =       451.2446  1-4 EEL =      6288.4609  VDWAALS    =      4848.9814
 EELEC  =    -58065.2650  EHBOND  =         0.0000  RESTRAINT  =       103.9521
 EAMBER (non-restraint)  =    -43678.5681
 ------------------------------------------------------------------------------

wrapping first mol.:       20.29907       28.70721       49.72235
wrapping first mol.:       20.29907       28.70721       49.72235

 NSTEP =    12500   TIME(PS) =     765.000  TEMP(K) =   299.56  PRESS =     0.0
 Etot   =    -34201.7971  EKtot   =      9164.5830  EPtot      =    -43366.3801
 BOND   =       364.7809  ANGLE   =      1022.7050  DIHED      =      1353.2607
 1-4 NB =       446.1944  1-4 EEL =      6294.5165  VDWAALS    =      4650.2499
 EELEC  =    -57614.8809  EHBOND  =         0.0000  RESTRAINT  =       116.7934
 EAMBER (non-restraint)  =    -43483.1734
 ------------------------------------------------------------------------------

wrapping first mol.:       20.29907       28.70721       49.72235
wrapping first mol.:       20.29907       28.70721       49.72235

 NSTEP =    13000   TIME(PS) =     766.000  TEMP(K) =   302.93  PRESS =     0.0
 Etot   =    -34360.9008  EKtot   =      9267.8105  EPtot      =    -43628.7113
 BOND   =       334.4771  ANGLE   =       995.0221  DIHED      =      1355.6116
 1-4 NB =       455.4801  1-4 EEL =      6315.7776  VDWAALS    =      4666.7366
 EELEC  =    -57858.4962  EHBOND  =         0.0000  RESTRAINT  =       106.6799
 EAMBER (non-restraint)  =    -43735.3912
 ------------------------------------------------------------------------------

wrapping first mol.:       20.29907       28.70721       49.72235
wrapping first mol.:       20.29907       28.70721       49.72235

 NSTEP =    13500   TIME(PS) =     767.000  TEMP(K) =   299.77  PRESS =     0.0
 Etot   =    -34453.1533  EKtot   =      9171.1240  EPtot      =    -43624.2774
 BOND   =       354.8107  ANGLE   =      1054.5064  DIHED      =      1372.7081
 1-4 NB =       450.4204  1-4 EEL =      6319.0591  VDWAALS    =      4747.0597
 EELEC  =    -58044.6828  EHBOND  =         0.0000  RESTRAINT  =       121.8412
 EAMBER (non-restraint)  =    -43746.1185
 ------------------------------------------------------------------------------

wrapping first mol.:       20.29907       28.70721       49.72235
wrapping first mol.:       20.29907       28.70721       49.72235

 NSTEP =    14000   TIME(PS) =     768.000  TEMP(K) =   298.24  PRESS =     0.0
 Etot   =    -34481.5292  EKtot   =      9124.2256  EPtot      =    -43605.7547
 BOND   =       364.4138  ANGLE   =      1015.9164  DIHED      =      1384.3178
 1-4 NB =       453.6573  1-4 EEL =      6332.3497  VDWAALS    =      4850.2631
 EELEC  =    -58121.7116  EHBOND  =         0.0000  RESTRAINT  =       115.0388
 EAMBER (non-restraint)  =    -43720.7936
 ------------------------------------------------------------------------------

wrapping first mol.:       20.29907       28.70721       49.72235
wrapping first mol.:       20.29907       28.70721       49.72235

 NSTEP =    14500   TIME(PS) =     769.000  TEMP(K) =   303.06  PRESS =     0.0
 Etot   =    -34231.2839  EKtot   =      9271.7266  EPtot      =    -43503.0105
 BOND   =       334.1035  ANGLE   =      1065.9211  DIHED      =      1351.7143
 1-4 NB =       465.4125  1-4 EEL =      6309.3902  VDWAALS    =      4668.6211
 EELEC  =    -57818.6854  EHBOND  =         0.0000  RESTRAINT  =       120.5123
 EAMBER (non-restraint)  =    -43623.5228
 ------------------------------------------------------------------------------

wrapping first mol.:       20.29907       28.70721       49.72235
wrapping first mol.:       20.29907       28.70721       49.72235

 NSTEP =    15000   TIME(PS) =     770.000  TEMP(K) =   297.16  PRESS =     0.0
 Etot   =    -34423.6910  EKtot   =      9091.2070  EPtot      =    -43514.8980
 BOND   =       381.1952  ANGLE   =      1055.0712  DIHED      =      1371.7486
 1-4 NB =       441.4032  1-4 EEL =      6303.0678  VDWAALS    =      4727.3571
 EELEC  =    -57901.8497  EHBOND  =         0.0000  RESTRAINT  =       107.1086
 EAMBER (non-restraint)  =    -43622.0066
 ------------------------------------------------------------------------------

wrapping first mol.:       20.29907       28.70721       49.72235
wrapping first mol.:       20.29907       28.70721       49.72235

 NSTEP =    15500   TIME(PS) =     771.000  TEMP(K) =   301.72  PRESS =     0.0
 Etot   =    -34303.4331  EKtot   =      9230.6113  EPtot      =    -43534.0445
 BOND   =       351.8468  ANGLE   =      1038.4484  DIHED      =      1353.1478
 1-4 NB =       461.3946  1-4 EEL =      6298.9922  VDWAALS    =      4699.9555
 EELEC  =    -57855.5466  EHBOND  =         0.0000  RESTRAINT  =       117.7168
 EAMBER (non-restraint)  =    -43651.7613
 ------------------------------------------------------------------------------

wrapping first mol.:       20.29907       28.70721       49.72235
wrapping first mol.:       20.29907       28.70721       49.72235

 NSTEP =    16000   TIME(PS) =     772.000  TEMP(K) =   298.17  PRESS =     0.0
 Etot   =    -34309.1391  EKtot   =      9122.2529  EPtot      =    -43431.3920
 BOND   =       339.0260  ANGLE   =      1120.2490  DIHED      =      1371.1066
 1-4 NB =       450.5547  1-4 EEL =      6272.9036  VDWAALS    =      4775.9428
 EELEC  =    -57871.9318  EHBOND  =         0.0000  RESTRAINT  =       110.7570
 EAMBER (non-restraint)  =    -43542.1491
 ------------------------------------------------------------------------------

wrapping first mol.:       20.29907       28.70721       49.72235
wrapping first mol.:       20.29907       28.70721       49.72235

 NSTEP =    16500   TIME(PS) =     773.000  TEMP(K) =   297.67  PRESS =     0.0
 Etot   =    -34527.3148  EKtot   =      9106.7939  EPtot      =    -43634.1088
 BOND   =       345.9387  ANGLE   =      1063.4241  DIHED      =      1362.3671
 1-4 NB =       461.5488  1-4 EEL =      6329.6532  VDWAALS    =      4692.3248
 EELEC  =    -57990.5736  EHBOND  =         0.0000  RESTRAINT  =       101.2082
 EAMBER (non-restraint)  =    -43735.3170
 ------------------------------------------------------------------------------

wrapping first mol.:       20.29907       28.70721       49.72235
wrapping first mol.:       20.29907       28.70721       49.72235

 NSTEP =    17000   TIME(PS) =     774.000  TEMP(K) =   301.07  PRESS =     0.0
 Etot   =    -34423.9798  EKtot   =      9210.8848  EPtot      =    -43634.8645
 BOND   =       356.8128  ANGLE   =      1058.1906  DIHED      =      1370.1438
 1-4 NB =       443.3467  1-4 EEL =      6314.0592  VDWAALS    =      4682.9612
 EELEC  =    -57971.0758  EHBOND  =         0.0000  RESTRAINT  =       110.6968
 EAMBER (non-restraint)  =    -43745.5613
 ------------------------------------------------------------------------------

wrapping first mol.:       20.29907       28.70721       49.72235
wrapping first mol.:       20.29907       28.70721       49.72235

 NSTEP =    17500   TIME(PS) =     775.000  TEMP(K) =   300.11  PRESS =     0.0
 Etot   =    -34346.4811  EKtot   =      9181.5713  EPtot      =    -43528.0524
 BOND   =       326.2086  ANGLE   =      1060.3125  DIHED      =      1380.1772
 1-4 NB =       465.5021  1-4 EEL =      6325.3350  VDWAALS    =      4512.7376
 EELEC  =    -57704.5943  EHBOND  =         0.0000  RESTRAINT  =       106.2691
 EAMBER (non-restraint)  =    -43634.3215
 ------------------------------------------------------------------------------

wrapping first mol.:       20.29907       28.70721       49.72235
wrapping first mol.:       20.29907       28.70721       49.72235

 NSTEP =    18000   TIME(PS) =     776.000  TEMP(K) =   296.55  PRESS =     0.0
 Etot   =    -34491.8459  EKtot   =      9072.7021  EPtot      =    -43564.5481
 BOND   =       340.6890  ANGLE   =       994.5636  DIHED      =      1394.1051
 1-4 NB =       466.3293  1-4 EEL =      6338.2207  VDWAALS    =      4845.9794
 EELEC  =    -58064.5373  EHBOND  =         0.0000  RESTRAINT  =       120.1020
 EAMBER (non-restraint)  =    -43684.6501
 ------------------------------------------------------------------------------

wrapping first mol.:       20.29907       28.70721       49.72235
wrapping first mol.:       20.29907       28.70721       49.72235

 NSTEP =    18500   TIME(PS) =     777.000  TEMP(K) =   299.85  PRESS =     0.0
 Etot   =    -34552.6651  EKtot   =      9173.4316  EPtot      =    -43726.0967
 BOND   =       352.7170  ANGLE   =      1062.4052  DIHED      =      1354.5577
 1-4 NB =       467.8189  1-4 EEL =      6287.4351  VDWAALS    =      4852.1439
 EELEC  =    -58222.7968  EHBOND  =         0.0000  RESTRAINT  =       119.6223
 EAMBER (non-restraint)  =    -43845.7190
 ------------------------------------------------------------------------------

wrapping first mol.:       20.29907       28.70721       49.72235
wrapping first mol.:       20.29907       28.70721       49.72235

 NSTEP =    19000   TIME(PS) =     778.000  TEMP(K) =   303.12  PRESS =     0.0
 Etot   =    -34369.6778  EKtot   =      9273.4844  EPtot      =    -43643.1622
 BOND   =       363.4401  ANGLE   =      1060.6057  DIHED      =      1375.5910
 1-4 NB =       450.6086  1-4 EEL =      6320.1170  VDWAALS    =      4695.0253
 EELEC  =    -58019.1304  EHBOND  =         0.0000  RESTRAINT  =       110.5804
 EAMBER (non-restraint)  =    -43753.7426
 ------------------------------------------------------------------------------

wrapping first mol.:       20.29907       28.70721       49.72235
wrapping first mol.:       20.29907       28.70721       49.72235

 NSTEP =    19500   TIME(PS) =     779.000  TEMP(K) =   299.15  PRESS =     0.0
 Etot   =    -34480.4142  EKtot   =      9151.9902  EPtot      =    -43632.4044
 BOND   =       357.4368  ANGLE   =      1081.0267  DIHED      =      1364.5567
 1-4 NB =       450.7283  1-4 EEL =      6321.0289  VDWAALS    =      4753.6386
 EELEC  =    -58078.0798  EHBOND  =         0.0000  RESTRAINT  =       117.2593
 EAMBER (non-restraint)  =    -43749.6638
 ------------------------------------------------------------------------------

wrapping first mol.:       20.29907       28.70721       49.72235
wrapping first mol.:       20.29907       28.70721       49.72235

 NSTEP =    20000   TIME(PS) =     780.000  TEMP(K) =   300.42  PRESS =     0.0
 Etot   =    -34375.3251  EKtot   =      9190.9609  EPtot      =    -43566.2860
 BOND   =       352.6066  ANGLE   =      1068.7314  DIHED      =      1348.8669
 1-4 NB =       460.3977  1-4 EEL =      6299.0145  VDWAALS    =      4620.6558
 EELEC  =    -57826.1386  EHBOND  =         0.0000  RESTRAINT  =       109.5797
 EAMBER (non-restraint)  =    -43675.8657
 ------------------------------------------------------------------------------

wrapping first mol.:       20.29907       28.70721       49.72235
wrapping first mol.:       20.29907       28.70721       49.72235

 NSTEP =    20500   TIME(PS) =     781.000  TEMP(K) =   302.55  PRESS =     0.0
 Etot   =    -34294.3665  EKtot   =      9256.2275  EPtot      =    -43550.5940
 BOND   =       336.2086  ANGLE   =      1053.9638  DIHED      =      1378.6969
 1-4 NB =       451.2048  1-4 EEL =      6296.1190  VDWAALS    =      4771.4626
 EELEC  =    -57951.9771  EHBOND  =         0.0000  RESTRAINT  =       113.7275
 EAMBER (non-restraint)  =    -43664.3215
 ------------------------------------------------------------------------------

wrapping first mol.:       20.29907       28.70721       49.72235
wrapping first mol.:       20.29907       28.70721       49.72235

 NSTEP =    21000   TIME(PS) =     782.000  TEMP(K) =   300.34  PRESS =     0.0
 Etot   =    -34415.7685  EKtot   =      9188.4619  EPtot      =    -43604.2304
 BOND   =       334.7991  ANGLE   =      1047.7443  DIHED      =      1373.5044
 1-4 NB =       463.4080  1-4 EEL =      6312.9840  VDWAALS    =      4619.7290
 EELEC  =    -57870.4494  EHBOND  =         0.0000  RESTRAINT  =       114.0502
 EAMBER (non-restraint)  =    -43718.2806
 ------------------------------------------------------------------------------

wrapping first mol.:       20.29907       28.70721       49.72235
wrapping first mol.:       20.29907       28.70721       49.72235

 NSTEP =    21500   TIME(PS) =     783.000  TEMP(K) =   309.04  PRESS =     0.0
 Etot   =    -34312.8992  EKtot   =      9454.7656  EPtot      =    -43767.6649
 BOND   =       333.4462  ANGLE   =      1050.9789  DIHED      =      1385.7903
 1-4 NB =       452.6332  1-4 EEL =      6292.0656  VDWAALS    =      4714.6603
 EELEC  =    -58108.0477  EHBOND  =         0.0000  RESTRAINT  =       110.8083
 EAMBER (non-restraint)  =    -43878.4731
 ------------------------------------------------------------------------------

wrapping first mol.:       20.29907       28.70721       49.72235
wrapping first mol.:       20.29907       28.70721       49.72235

 NSTEP =    22000   TIME(PS) =     784.000  TEMP(K) =   307.12  PRESS =     0.0
 Etot   =    -34170.0514  EKtot   =      9396.0195  EPtot      =    -43566.0709
 BOND   =       348.0528  ANGLE   =      1023.1468  DIHED      =      1362.1713
 1-4 NB =       457.4834  1-4 EEL =      6309.9919  VDWAALS    =      4767.7818
 EELEC  =    -57956.8105  EHBOND  =         0.0000  RESTRAINT  =       122.1115
 EAMBER (non-restraint)  =    -43688.1824
 ------------------------------------------------------------------------------

wrapping first mol.:       20.29907       28.70721       49.72235
wrapping first mol.:       20.29907       28.70721       49.72235

 NSTEP =    22500   TIME(PS) =     785.000  TEMP(K) =   302.57  PRESS =     0.0
 Etot   =    -34356.2220  EKtot   =      9256.6533  EPtot      =    -43612.8753
 BOND   =       342.6190  ANGLE   =      1066.7040  DIHED      =      1343.9087
 1-4 NB =       454.2003  1-4 EEL =      6325.2417  VDWAALS    =      4669.2385
 EELEC  =    -57921.1008  EHBOND  =         0.0000  RESTRAINT  =       106.3132
 EAMBER (non-restraint)  =    -43719.1885
 ------------------------------------------------------------------------------

wrapping first mol.:       20.29907       28.70721       49.72235
wrapping first mol.:       20.29907       28.70721       49.72235

 NSTEP =    23000   TIME(PS) =     786.000  TEMP(K) =   298.86  PRESS =     0.0
 Etot   =    -34489.2177  EKtot   =      9143.1514  EPtot      =    -43632.3691
 BOND   =       322.2904  ANGLE   =      1070.3982  DIHED      =      1376.9897
 1-4 NB =       479.4103  1-4 EEL =      6313.5837  VDWAALS    =      4688.2282
 EELEC  =    -57994.4829  EHBOND  =         0.0000  RESTRAINT  =       111.2132
 EAMBER (non-restraint)  =    -43743.5823
 ------------------------------------------------------------------------------

wrapping first mol.:       20.29907       28.70721       49.72235
wrapping first mol.:       20.29907       28.70721       49.72235

 NSTEP =    23500   TIME(PS) =     787.000  TEMP(K) =   301.93  PRESS =     0.0
 Etot   =    -34286.9336  EKtot   =      9237.1016  EPtot      =    -43524.0351
 BOND   =       340.3643  ANGLE   =      1036.6126  DIHED      =      1373.6375
 1-4 NB =       443.9295  1-4 EEL =      6332.2306  VDWAALS    =      4765.0252
 EELEC  =    -57923.0846  EHBOND  =         0.0000  RESTRAINT  =       107.2497
 EAMBER (non-restraint)  =    -43631.2848
 ------------------------------------------------------------------------------

wrapping first mol.:       20.29907       28.70721       49.72235
wrapping first mol.:       20.29907       28.70721       49.72235

 NSTEP =    24000   TIME(PS) =     788.000  TEMP(K) =   300.22  PRESS =     0.0
 Etot   =    -34319.1688  EKtot   =      9184.9082  EPtot      =    -43504.0770
 BOND   =       325.9751  ANGLE   =      1024.6231  DIHED      =      1369.0919
 1-4 NB =       461.9948  1-4 EEL =      6299.8317  VDWAALS    =      4775.4553
 EELEC  =    -57863.6111  EHBOND  =         0.0000  RESTRAINT  =       102.5621
 EAMBER (non-restraint)  =    -43606.6391
 ------------------------------------------------------------------------------

wrapping first mol.:       20.29907       28.70721       49.72235
wrapping first mol.:       20.29907       28.70721       49.72235

 NSTEP =    24500   TIME(PS) =     789.000  TEMP(K) =   298.01  PRESS =     0.0
 Etot   =    -34559.4565  EKtot   =      9117.3252  EPtot      =    -43676.7817
 BOND   =       343.0449  ANGLE   =      1055.5491  DIHED      =      1345.7037
 1-4 NB =       453.1531  1-4 EEL =      6315.8257  VDWAALS    =      4670.0140
 EELEC  =    -57963.7992  EHBOND  =         0.0000  RESTRAINT  =       103.7269
 EAMBER (non-restraint)  =    -43780.5086
 ------------------------------------------------------------------------------

wrapping first mol.:       20.29907       28.70721       49.72235
wrapping first mol.:       20.29907       28.70721       49.72235

 NSTEP =    25000   TIME(PS) =     790.000  TEMP(K) =   295.82  PRESS =     0.0
 Etot   =    -34512.8939  EKtot   =      9050.3145  EPtot      =    -43563.2083
 BOND   =       343.7359  ANGLE   =      1091.8449  DIHED      =      1351.3877
 1-4 NB =       461.6884  1-4 EEL =      6303.5066  VDWAALS    =      4614.2722
 EELEC  =    -57839.8795  EHBOND  =         0.0000  RESTRAINT  =       110.2355
 EAMBER (non-restraint)  =    -43673.4438
 ------------------------------------------------------------------------------

wrapping first mol.:       20.29907       28.70721       49.72235
wrapping first mol.:       20.29907       28.70721       49.72235

 NSTEP =    25500   TIME(PS) =     791.000  TEMP(K) =   299.24  PRESS =     0.0
 Etot   =    -34599.7394  EKtot   =      9154.8633  EPtot      =    -43754.6027
 BOND   =       345.9189  ANGLE   =      1004.2099  DIHED      =      1377.9664
 1-4 NB =       458.8672  1-4 EEL =      6318.9037  VDWAALS    =      4875.4825
 EELEC  =    -58258.3074  EHBOND  =         0.0000  RESTRAINT  =       122.3561
 EAMBER (non-restraint)  =    -43876.9588
 ------------------------------------------------------------------------------

wrapping first mol.:       20.29907       28.70721       49.72235
wrapping first mol.:       20.29907       28.70721       49.72235

 NSTEP =    26000   TIME(PS) =     792.000  TEMP(K) =   297.61  PRESS =     0.0
 Etot   =    -34515.9167  EKtot   =      9104.9990  EPtot      =    -43620.9158
 BOND   =       334.9968  ANGLE   =      1074.1333  DIHED      =      1382.7057
 1-4 NB =       449.7776  1-4 EEL =      6326.3753  VDWAALS    =      4962.5926
 EELEC  =    -58267.3730  EHBOND  =         0.0000  RESTRAINT  =       115.8758
 EAMBER (non-restraint)  =    -43736.7916
 ------------------------------------------------------------------------------

wrapping first mol.:       20.29907       28.70721       49.72235
wrapping first mol.:       20.29907       28.70721       49.72235

 NSTEP =    26500   TIME(PS) =     793.000  TEMP(K) =   300.62  PRESS =     0.0
 Etot   =    -34375.6160  EKtot   =      9197.2393  EPtot      =    -43572.8552
 BOND   =       347.0497  ANGLE   =      1071.5661  DIHED      =      1348.7716
 1-4 NB =       470.4375  1-4 EEL =      6305.0582  VDWAALS    =      4793.5206
 EELEC  =    -58020.8726  EHBOND  =         0.0000  RESTRAINT  =       111.6136
 EAMBER (non-restraint)  =    -43684.4689
 ------------------------------------------------------------------------------

wrapping first mol.:       20.29907       28.70721       49.72235
wrapping first mol.:       20.29907       28.70721       49.72235

 NSTEP =    27000   TIME(PS) =     794.000  TEMP(K) =   300.54  PRESS =     0.0
 Etot   =    -34282.0220  EKtot   =      9194.7539  EPtot      =    -43476.7759
 BOND   =       338.7424  ANGLE   =      1094.3940  DIHED      =      1364.4790
 1-4 NB =       450.9208  1-4 EEL =      6306.4732  VDWAALS    =      4652.9642
 EELEC  =    -57803.8613  EHBOND  =         0.0000  RESTRAINT  =       119.1117
 EAMBER (non-restraint)  =    -43595.8877
 ------------------------------------------------------------------------------

wrapping first mol.:       20.29907       28.70721       49.72235
wrapping first mol.:       20.29907       28.70721       49.72235

 NSTEP =    27500   TIME(PS) =     795.000  TEMP(K) =   299.61  PRESS =     0.0
 Etot   =    -34455.0614  EKtot   =      9166.2617  EPtot      =    -43621.3231
 BOND   =       354.1855  ANGLE   =      1037.5768  DIHED      =      1360.7458
 1-4 NB =       465.4912  1-4 EEL =      6305.1481  VDWAALS    =      4866.0720
 EELEC  =    -58127.6254  EHBOND  =         0.0000  RESTRAINT  =       117.0829
 EAMBER (non-restraint)  =    -43738.4060
 ------------------------------------------------------------------------------

wrapping first mol.:       20.29907       28.70721       49.72235
wrapping first mol.:       20.29907       28.70721       49.72235

 NSTEP =    28000   TIME(PS) =     796.000  TEMP(K) =   299.93  PRESS =     0.0
 Etot   =    -34424.3076  EKtot   =      9175.9639  EPtot      =    -43600.2715
 BOND   =       358.8689  ANGLE   =      1045.6031  DIHED      =      1375.0351
 1-4 NB =       463.3711  1-4 EEL =      6300.5134  VDWAALS    =      4863.2377
 EELEC  =    -58109.9848  EHBOND  =         0.0000  RESTRAINT  =       103.0840
 EAMBER (non-restraint)  =    -43703.3555
 ------------------------------------------------------------------------------

wrapping first mol.:       20.29907       28.70721       49.72235
wrapping first mol.:       20.29907       28.70721       49.72235

 NSTEP =    28500   TIME(PS) =     797.000  TEMP(K) =   299.76  PRESS =     0.0
 Etot   =    -34630.3724  EKtot   =      9170.7441  EPtot      =    -43801.1165
 BOND   =       314.4360  ANGLE   =      1034.0579  DIHED      =      1340.9778
 1-4 NB =       471.5420  1-4 EEL =      6318.6011  VDWAALS    =      4877.0800
 EELEC  =    -58262.5988  EHBOND  =         0.0000  RESTRAINT  =       104.7876
 EAMBER (non-restraint)  =    -43905.9041
 ------------------------------------------------------------------------------

wrapping first mol.:       20.29907       28.70721       49.72235
wrapping first mol.:       20.29907       28.70721       49.72235

 NSTEP =    29000   TIME(PS) =     798.000  TEMP(K) =   299.79  PRESS =     0.0
 Etot   =    -34586.9285  EKtot   =      9171.6934  EPtot      =    -43758.6218
 BOND   =       359.6256  ANGLE   =      1084.2730  DIHED      =      1364.5816
 1-4 NB =       453.6238  1-4 EEL =      6276.0447  VDWAALS    =      4724.6842
 EELEC  =    -58133.3042  EHBOND  =         0.0000  RESTRAINT  =       111.8495
 EAMBER (non-restraint)  =    -43870.4713
 ------------------------------------------------------------------------------

wrapping first mol.:       20.29907       28.70721       49.72235
wrapping first mol.:       20.29907       28.70721       49.72235

 NSTEP =    29500   TIME(PS) =     799.000  TEMP(K) =   299.42  PRESS =     0.0
 Etot   =    -34558.4811  EKtot   =      9160.4004  EPtot      =    -43718.8815
 BOND   =       352.5351  ANGLE   =      1029.0208  DIHED      =      1351.9434
 1-4 NB =       461.8624  1-4 EEL =      6338.9697  VDWAALS    =      4716.2755
 EELEC  =    -58079.3213  EHBOND  =         0.0000  RESTRAINT  =       109.8329
 EAMBER (non-restraint)  =    -43828.7144
 ------------------------------------------------------------------------------

wrapping first mol.:       20.29907       28.70721       49.72235
wrapping first mol.:       20.29907       28.70721       49.72235

 NSTEP =    30000   TIME(PS) =     800.000  TEMP(K) =   297.26  PRESS =     0.0
 Etot   =    -34589.9251  EKtot   =      9094.3887  EPtot      =    -43684.3138
 BOND   =       340.2034  ANGLE   =      1051.4530  DIHED      =      1378.1705
 1-4 NB =       449.7218  1-4 EEL =      6268.6520  VDWAALS    =      4925.9958
 EELEC  =    -58212.9788  EHBOND  =         0.0000  RESTRAINT  =       114.4686
 EAMBER (non-restraint)  =    -43798.7824
 ------------------------------------------------------------------------------

wrapping first mol.:       20.29907       28.70721       49.72235
wrapping first mol.:       20.29907       28.70721       49.72235

 NSTEP =    30500   TIME(PS) =     801.000  TEMP(K) =   300.11  PRESS =     0.0
 Etot   =    -34263.1937  EKtot   =      9181.4482  EPtot      =    -43444.6420
 BOND   =       378.7458  ANGLE   =       996.0478  DIHED      =      1359.0957
 1-4 NB =       443.7984  1-4 EEL =      6307.5711  VDWAALS    =      4513.5077
 EELEC  =    -57551.0940  EHBOND  =         0.0000  RESTRAINT  =       107.6855
 EAMBER (non-restraint)  =    -43552.3274
 ------------------------------------------------------------------------------

wrapping first mol.:       20.29907       28.70721       49.72235
wrapping first mol.:       20.29907       28.70721       49.72235

 NSTEP =    31000   TIME(PS) =     802.000  TEMP(K) =   301.32  PRESS =     0.0
 Etot   =    -34222.0323  EKtot   =      9218.4912  EPtot      =    -43440.5235
 BOND   =       330.0522  ANGLE   =      1080.6975  DIHED      =      1369.0628
 1-4 NB =       452.7207  1-4 EEL =      6280.2282  VDWAALS    =      4804.8573
 EELEC  =    -57868.3019  EHBOND  =         0.0000  RESTRAINT  =       110.1597
 EAMBER (non-restraint)  =    -43550.6832
 ------------------------------------------------------------------------------

wrapping first mol.:       20.29907       28.70721       49.72235
wrapping first mol.:       20.29907       28.70721       49.72235

 NSTEP =    31500   TIME(PS) =     803.000  TEMP(K) =   299.48  PRESS =     0.0
 Etot   =    -34302.7297  EKtot   =      9162.2168  EPtot      =    -43464.9465
 BOND   =       359.1905  ANGLE   =      1054.4550  DIHED      =      1380.4194
 1-4 NB =       464.5793  1-4 EEL =      6317.9496  VDWAALS    =      4709.3463
 EELEC  =    -57856.1457  EHBOND  =         0.0000  RESTRAINT  =       105.2592
 EAMBER (non-restraint)  =    -43570.2056
 ------------------------------------------------------------------------------

wrapping first mol.:       20.29907       28.70721       49.72235
wrapping first mol.:       20.29907       28.70721       49.72235

 NSTEP =    32000   TIME(PS) =     804.000  TEMP(K) =   297.65  PRESS =     0.0
 Etot   =    -34526.6840  EKtot   =      9106.3281  EPtot      =    -43633.0121
 BOND   =       378.5902  ANGLE   =      1057.1605  DIHED      =      1362.6755
 1-4 NB =       444.2871  1-4 EEL =      6305.4911  VDWAALS    =      4819.2332
 EELEC  =    -58106.3651  EHBOND  =         0.0000  RESTRAINT  =       105.9153
 EAMBER (non-restraint)  =    -43738.9274
 ------------------------------------------------------------------------------

wrapping first mol.:       20.29907       28.70721       49.72235
wrapping first mol.:       20.29907       28.70721       49.72235

 NSTEP =    32500   TIME(PS) =     805.000  TEMP(K) =   303.84  PRESS =     0.0
 Etot   =    -34548.9160  EKtot   =      9295.5254  EPtot      =    -43844.4414
 BOND   =       346.3990  ANGLE   =      1037.8995  DIHED      =      1359.8888
 1-4 NB =       439.8723  1-4 EEL =      6276.0136  VDWAALS    =      4866.9052
 EELEC  =    -58288.9707  EHBOND  =         0.0000  RESTRAINT  =       117.5509
 EAMBER (non-restraint)  =    -43961.9923
 ------------------------------------------------------------------------------

wrapping first mol.:       20.29907       28.70721       49.72235
wrapping first mol.:       20.29907       28.70721       49.72235

 NSTEP =    33000   TIME(PS) =     806.000  TEMP(K) =   300.66  PRESS =     0.0
 Etot   =    -34349.1969  EKtot   =      9198.3662  EPtot      =    -43547.5631
 BOND   =       339.4422  ANGLE   =      1070.9870  DIHED      =      1360.3764
 1-4 NB =       462.4709  1-4 EEL =      6317.4673  VDWAALS    =      4722.2870
 EELEC  =    -57933.3760  EHBOND  =         0.0000  RESTRAINT  =       112.7821
 EAMBER (non-restraint)  =    -43660.3452
 ------------------------------------------------------------------------------

wrapping first mol.:       20.29907       28.70721       49.72235
wrapping first mol.:       20.29907       28.70721       49.72235

 NSTEP =    33500   TIME(PS) =     807.000  TEMP(K) =   300.24  PRESS =     0.0
 Etot   =    -34435.4110  EKtot   =      9185.6055  EPtot      =    -43621.0165
 BOND   =       351.2174  ANGLE   =       997.9163  DIHED      =      1366.2446
 1-4 NB =       462.8844  1-4 EEL =      6286.0833  VDWAALS    =      4486.4041
 EELEC  =    -57676.4312  EHBOND  =         0.0000  RESTRAINT  =       104.6646
 EAMBER (non-restraint)  =    -43725.6811
 ------------------------------------------------------------------------------

wrapping first mol.:       20.29907       28.70721       49.72235
wrapping first mol.:       20.29907       28.70721       49.72235

 NSTEP =    34000   TIME(PS) =     808.000  TEMP(K) =   297.98  PRESS =     0.0
 Etot   =    -34650.7252  EKtot   =      9116.2002  EPtot      =    -43766.9254
 BOND   =       336.7903  ANGLE   =      1019.1386  DIHED      =      1335.3895
 1-4 NB =       454.7161  1-4 EEL =      6325.0338  VDWAALS    =      4833.0434
 EELEC  =    -58171.3422  EHBOND  =         0.0000  RESTRAINT  =       100.3052
 EAMBER (non-restraint)  =    -43867.2306
 ------------------------------------------------------------------------------

wrapping first mol.:       20.29907       28.70721       49.72235
wrapping first mol.:       20.29907       28.70721       49.72235

 NSTEP =    34500   TIME(PS) =     809.000  TEMP(K) =   299.03  PRESS =     0.0
 Etot   =    -34583.4368  EKtot   =      9148.4648  EPtot      =    -43731.9016
 BOND   =       339.6399  ANGLE   =      1064.1397  DIHED      =      1353.8391
 1-4 NB =       451.6649  1-4 EEL =      6301.0589  VDWAALS    =      4859.6001
 EELEC  =    -58205.0918  EHBOND  =         0.0000  RESTRAINT  =       103.2475
 EAMBER (non-restraint)  =    -43835.1492
 ------------------------------------------------------------------------------

wrapping first mol.:       20.29907       28.70721       49.72235
wrapping first mol.:       20.29907       28.70721       49.72235

 NSTEP =    35000   TIME(PS) =     810.000  TEMP(K) =   299.52  PRESS =     0.0
 Etot   =    -34499.6423  EKtot   =      9163.3555  EPtot      =    -43662.9978
 BOND   =       320.6471  ANGLE   =      1060.5400  DIHED      =      1353.5251
 1-4 NB =       469.0446  1-4 EEL =      6309.7411  VDWAALS    =      4748.4104
 EELEC  =    -58037.5445  EHBOND  =         0.0000  RESTRAINT  =       112.6383
 EAMBER (non-restraint)  =    -43775.6361
 ------------------------------------------------------------------------------

wrapping first mol.:       20.29907       28.70721       49.72235
wrapping first mol.:       20.29907       28.70721       49.72235

 NSTEP =    35500   TIME(PS) =     811.000  TEMP(K) =   300.84  PRESS =     0.0
 Etot   =    -34333.6760  EKtot   =      9203.6953  EPtot      =    -43537.3713
 BOND   =       372.4454  ANGLE   =      1063.7295  DIHED      =      1352.5800
 1-4 NB =       452.2248  1-4 EEL =      6254.8752  VDWAALS    =      4698.0358
 EELEC  =    -57837.7753  EHBOND  =         0.0000  RESTRAINT  =       106.5132
 EAMBER (non-restraint)  =    -43643.8845
 ------------------------------------------------------------------------------

wrapping first mol.:       20.29907       28.70721       49.72235
wrapping first mol.:       20.29907       28.70721       49.72235

 NSTEP =    36000   TIME(PS) =     812.000  TEMP(K) =   300.31  PRESS =     0.0
 Etot   =    -34542.1766  EKtot   =      9187.4834  EPtot      =    -43729.6600
 BOND   =       357.0206  ANGLE   =      1066.6596  DIHED      =      1358.0721
 1-4 NB =       460.4586  1-4 EEL =      6289.8316  VDWAALS    =      4720.4008
 EELEC  =    -58086.6232  EHBOND  =         0.0000  RESTRAINT  =       104.5199
 EAMBER (non-restraint)  =    -43834.1799
 ------------------------------------------------------------------------------

wrapping first mol.:       20.29907       28.70721       49.72235
wrapping first mol.:       20.29907       28.70721       49.72235

 NSTEP =    36500   TIME(PS) =     813.000  TEMP(K) =   301.44  PRESS =     0.0
 Etot   =    -34415.4403  EKtot   =      9222.2656  EPtot      =    -43637.7059
 BOND   =       326.6302  ANGLE   =      1046.3897  DIHED      =      1352.0460
 1-4 NB =       449.6338  1-4 EEL =      6305.4143  VDWAALS    =      4785.0233
 EELEC  =    -58017.8637  EHBOND  =         0.0000  RESTRAINT  =       115.0205
 EAMBER (non-restraint)  =    -43752.7264
 ------------------------------------------------------------------------------

wrapping first mol.:       20.29907       28.70721       49.72235
wrapping first mol.:       20.29907       28.70721       49.72235

 NSTEP =    37000   TIME(PS) =     814.000  TEMP(K) =   298.81  PRESS =     0.0
 Etot   =    -34320.5363  EKtot   =      9141.7070  EPtot      =    -43462.2433
 BOND   =       342.4023  ANGLE   =      1063.8326  DIHED      =      1365.2770
 1-4 NB =       450.6310  1-4 EEL =      6300.6118  VDWAALS    =      4833.5211
 EELEC  =    -57926.2357  EHBOND  =         0.0000  RESTRAINT  =       107.7166
 EAMBER (non-restraint)  =    -43569.9599
 ------------------------------------------------------------------------------

wrapping first mol.:       20.29907       28.70721       49.72235
wrapping first mol.:       20.29907       28.70721       49.72235

 NSTEP =    37500   TIME(PS) =     815.000  TEMP(K) =   301.11  PRESS =     0.0
 Etot   =    -34295.1579  EKtot   =      9211.9727  EPtot      =    -43507.1306
 BOND   =       377.0601  ANGLE   =      1030.8298  DIHED      =      1355.4183
 1-4 NB =       460.4943  1-4 EEL =      6314.5288  VDWAALS    =      4890.0458
 EELEC  =    -58045.7704  EHBOND  =         0.0000  RESTRAINT  =       110.2628
 EAMBER (non-restraint)  =    -43617.3934
 ------------------------------------------------------------------------------

wrapping first mol.:       20.29907       28.70721       49.72235
wrapping first mol.:       20.29907       28.70721       49.72235

 NSTEP =    38000   TIME(PS) =     816.000  TEMP(K) =   301.01  PRESS =     0.0
 Etot   =    -34351.3994  EKtot   =      9209.1680  EPtot      =    -43560.5674
 BOND   =       332.5840  ANGLE   =      1067.2955  DIHED      =      1356.0765
 1-4 NB =       449.0158  1-4 EEL =      6287.5737  VDWAALS    =      4824.1551
 EELEC  =    -57990.6036  EHBOND  =         0.0000  RESTRAINT  =       113.3355
 EAMBER (non-restraint)  =    -43673.9029
 ------------------------------------------------------------------------------

wrapping first mol.:       20.29907       28.70721       49.72235
wrapping first mol.:       20.29907       28.70721       49.72235

 NSTEP =    38500   TIME(PS) =     817.000  TEMP(K) =   298.35  PRESS =     0.0
 Etot   =    -34413.7614  EKtot   =      9127.7578  EPtot      =    -43541.5192
 BOND   =       323.4376  ANGLE   =      1092.3554  DIHED      =      1363.7777
 1-4 NB =       453.9430  1-4 EEL =      6268.7982  VDWAALS    =      4821.7149
 EELEC  =    -57977.1648  EHBOND  =         0.0000  RESTRAINT  =       111.6188
 EAMBER (non-restraint)  =    -43653.1379
 ------------------------------------------------------------------------------

wrapping first mol.:       20.29907       28.70721       49.72235
wrapping first mol.:       20.29907       28.70721       49.72235

 NSTEP =    39000   TIME(PS) =     818.000  TEMP(K) =   300.68  PRESS =     0.0
 Etot   =    -34328.9369  EKtot   =      9198.9004  EPtot      =    -43527.8373
 BOND   =       370.0397  ANGLE   =      1066.5847  DIHED      =      1373.3554
 1-4 NB =       451.3489  1-4 EEL =      6305.5503  VDWAALS    =      4812.6426
 EELEC  =    -58024.7729  EHBOND  =         0.0000  RESTRAINT  =       117.4140
 EAMBER (non-restraint)  =    -43645.2513
 ------------------------------------------------------------------------------

wrapping first mol.:       20.29907       28.70721       49.72235
wrapping first mol.:       20.29907       28.70721       49.72235

 NSTEP =    39500   TIME(PS) =     819.000  TEMP(K) =   301.55  PRESS =     0.0
 Etot   =    -34496.1353  EKtot   =      9225.6436  EPtot      =    -43721.7789
 BOND   =       341.0471  ANGLE   =      1048.1666  DIHED      =      1376.0348
 1-4 NB =       434.8885  1-4 EEL =      6286.6382  VDWAALS    =      4607.9046
 EELEC  =    -57938.0085  EHBOND  =         0.0000  RESTRAINT  =       121.5500
 EAMBER (non-restraint)  =    -43843.3289
 ------------------------------------------------------------------------------

wrapping first mol.:       20.29907       28.70721       49.72235
wrapping first mol.:       20.29907       28.70721       49.72235

 NSTEP =    40000   TIME(PS) =     820.000  TEMP(K) =   298.71  PRESS =     0.0
 Etot   =    -34536.4788  EKtot   =      9138.7715  EPtot      =    -43675.2502
 BOND   =       370.8946  ANGLE   =      1043.4673  DIHED      =      1365.6662
 1-4 NB =       455.4182  1-4 EEL =      6303.6984  VDWAALS    =      4650.4404
 EELEC  =    -57974.8146  EHBOND  =         0.0000  RESTRAINT  =       109.9793
 EAMBER (non-restraint)  =    -43785.2295
 ------------------------------------------------------------------------------

wrapping first mol.:       20.29907       28.70721       49.72235
wrapping first mol.:       20.29907       28.70721       49.72235

 NSTEP =    40500   TIME(PS) =     821.000  TEMP(K) =   301.46  PRESS =     0.0
 Etot   =    -34416.1969  EKtot   =      9222.7910  EPtot      =    -43638.9879
 BOND   =       345.9276  ANGLE   =      1061.2395  DIHED      =      1360.0923
 1-4 NB =       436.9011  1-4 EEL =      6302.5737  VDWAALS    =      4861.8579
 EELEC  =    -58107.7550  EHBOND  =         0.0000  RESTRAINT  =       100.1750
 EAMBER (non-restraint)  =    -43739.1629
 ------------------------------------------------------------------------------

wrapping first mol.:       20.29907       28.70721       49.72235
wrapping first mol.:       20.29907       28.70721       49.72235

 NSTEP =    41000   TIME(PS) =     822.000  TEMP(K) =   301.78  PRESS =     0.0
 Etot   =    -34533.3167  EKtot   =      9232.6133  EPtot      =    -43765.9300
 BOND   =       343.8043  ANGLE   =      1055.4595  DIHED      =      1361.5330
 1-4 NB =       447.3082  1-4 EEL =      6315.3685  VDWAALS    =      4805.8801
 EELEC  =    -58210.8149  EHBOND  =         0.0000  RESTRAINT  =       115.5313
 EAMBER (non-restraint)  =    -43881.4613
 ------------------------------------------------------------------------------

wrapping first mol.:       20.29907       28.70721       49.72235
wrapping first mol.:       20.29907       28.70721       49.72235

 NSTEP =    41500   TIME(PS) =     823.000  TEMP(K) =   297.76  PRESS =     0.0
 Etot   =    -34569.0099  EKtot   =      9109.4990  EPtot      =    -43678.5089
 BOND   =       363.4764  ANGLE   =      1045.4619  DIHED      =      1368.5856
 1-4 NB =       442.9452  1-4 EEL =      6285.5823  VDWAALS    =      4866.7889
 EELEC  =    -58162.1141  EHBOND  =         0.0000  RESTRAINT  =       110.7649
 EAMBER (non-restraint)  =    -43789.2738
 ------------------------------------------------------------------------------

wrapping first mol.:       20.29907       28.70721       49.72235
wrapping first mol.:       20.29907       28.70721       49.72235

 NSTEP =    42000   TIME(PS) =     824.000  TEMP(K) =   299.10  PRESS =     0.0
 Etot   =    -34572.9629  EKtot   =      9150.4766  EPtot      =    -43723.4394
 BOND   =       351.6074  ANGLE   =      1072.1794  DIHED      =      1384.1207
 1-4 NB =       447.8362  1-4 EEL =      6308.0496  VDWAALS    =      5000.4517
 EELEC  =    -58392.1475  EHBOND  =         0.0000  RESTRAINT  =       104.4631
 EAMBER (non-restraint)  =    -43827.9025
 ------------------------------------------------------------------------------

wrapping first mol.:       20.29907       28.70721       49.72235
wrapping first mol.:       20.29907       28.70721       49.72235

 NSTEP =    42500   TIME(PS) =     825.000  TEMP(K) =   297.60  PRESS =     0.0
 Etot   =    -34637.1675  EKtot   =      9104.8359  EPtot      =    -43742.0035
 BOND   =       335.8244  ANGLE   =      1089.5802  DIHED      =      1367.1304
 1-4 NB =       460.5633  1-4 EEL =      6299.0921  VDWAALS    =      4757.9881
 EELEC  =    -58157.1325  EHBOND  =         0.0000  RESTRAINT  =       104.9505
 EAMBER (non-restraint)  =    -43846.9540
 ------------------------------------------------------------------------------

wrapping first mol.:       20.29907       28.70721       49.72235
wrapping first mol.:       20.29907       28.70721       49.72235

 NSTEP =    43000   TIME(PS) =     826.000  TEMP(K) =   297.73  PRESS =     0.0
 Etot   =    -34570.6922  EKtot   =      9108.5420  EPtot      =    -43679.2342
 BOND   =       341.1791  ANGLE   =      1061.1408  DIHED      =      1369.4905
 1-4 NB =       458.2864  1-4 EEL =      6337.5266  VDWAALS    =      4716.9293
 EELEC  =    -58074.3642  EHBOND  =         0.0000  RESTRAINT  =       110.5774
 EAMBER (non-restraint)  =    -43789.8116
 ------------------------------------------------------------------------------

wrapping first mol.:       20.29907       28.70721       49.72235
wrapping first mol.:       20.29907       28.70721       49.72235

 NSTEP =    43500   TIME(PS) =     827.000  TEMP(K) =   297.25  PRESS =     0.0
 Etot   =    -34386.7515  EKtot   =      9094.0713  EPtot      =    -43480.8228
 BOND   =       347.5776  ANGLE   =      1085.8878  DIHED      =      1363.7429
 1-4 NB =       462.4780  1-4 EEL =      6357.2384  VDWAALS    =      4622.8414
 EELEC  =    -57833.1165  EHBOND  =         0.0000  RESTRAINT  =       112.5277
 EAMBER (non-restraint)  =    -43593.3504
 ------------------------------------------------------------------------------

wrapping first mol.:       20.29907       28.70721       49.72235
wrapping first mol.:       20.29907       28.70721       49.72235

 NSTEP =    44000   TIME(PS) =     828.000  TEMP(K) =   296.00  PRESS =     0.0
 Etot   =    -34530.8963  EKtot   =      9055.8936  EPtot      =    -43586.7899
 BOND   =       343.6851  ANGLE   =      1067.3913  DIHED      =      1381.8811
 1-4 NB =       455.1454  1-4 EEL =      6299.7148  VDWAALS    =      4701.3030
 EELEC  =    -57938.1913  EHBOND  =         0.0000  RESTRAINT  =       102.2809
 EAMBER (non-restraint)  =    -43689.0708
 ------------------------------------------------------------------------------

wrapping first mol.:       20.29907       28.70721       49.72235
wrapping first mol.:       20.29907       28.70721       49.72235

 NSTEP =    44500   TIME(PS) =     829.000  TEMP(K) =   302.14  PRESS =     0.0
 Etot   =    -34369.6774  EKtot   =      9243.7090  EPtot      =    -43613.3864
 BOND   =       339.3367  ANGLE   =      1097.4000  DIHED      =      1364.2508
 1-4 NB =       448.2311  1-4 EEL =      6291.6378  VDWAALS    =      4622.4596
 EELEC  =    -57885.0527  EHBOND  =         0.0000  RESTRAINT  =       108.3503
 EAMBER (non-restraint)  =    -43721.7367
 ------------------------------------------------------------------------------

wrapping first mol.:       20.29907       28.70721       49.72235
wrapping first mol.:       20.29907       28.70721       49.72235

 NSTEP =    45000   TIME(PS) =     830.000  TEMP(K) =   303.25  PRESS =     0.0
 Etot   =    -34354.0299  EKtot   =      9277.6162  EPtot      =    -43631.6462
 BOND   =       336.4157  ANGLE   =      1039.1547  DIHED      =      1369.3646
 1-4 NB =       456.1203  1-4 EEL =      6320.4257  VDWAALS    =      4617.2605
 EELEC  =    -57881.9789  EHBOND  =         0.0000  RESTRAINT  =       111.5912
 EAMBER (non-restraint)  =    -43743.2374
 ------------------------------------------------------------------------------

wrapping first mol.:       20.29907       28.70721       49.72235
wrapping first mol.:       20.29907       28.70721       49.72235

 NSTEP =    45500   TIME(PS) =     831.000  TEMP(K) =   295.86  PRESS =     0.0
 Etot   =    -34626.4751  EKtot   =      9051.3809  EPtot      =    -43677.8560
 BOND   =       365.3452  ANGLE   =      1056.1649  DIHED      =      1363.2030
 1-4 NB =       456.2646  1-4 EEL =      6295.8771  VDWAALS    =      4813.6883
 EELEC  =    -58136.8826  EHBOND  =         0.0000  RESTRAINT  =       108.4833
 EAMBER (non-restraint)  =    -43786.3393
 ------------------------------------------------------------------------------

wrapping first mol.:       20.29907       28.70721       49.72235
wrapping first mol.:       20.29907       28.70721       49.72235

 NSTEP =    46000   TIME(PS) =     832.000  TEMP(K) =   303.12  PRESS =     0.0
 Etot   =    -34298.5719  EKtot   =      9273.5928  EPtot      =    -43572.1647
 BOND   =       347.6754  ANGLE   =      1066.2351  DIHED      =      1368.7656
 1-4 NB =       453.6816  1-4 EEL =      6344.2424  VDWAALS    =      4802.5884
 EELEC  =    -58071.0751  EHBOND  =         0.0000  RESTRAINT  =       115.7217
 EAMBER (non-restraint)  =    -43687.8864
 ------------------------------------------------------------------------------

wrapping first mol.:       20.29907       28.70721       49.72235
wrapping first mol.:       20.29907       28.70721       49.72235

 NSTEP =    46500   TIME(PS) =     833.000  TEMP(K) =   301.85  PRESS =     0.0
 Etot   =    -34473.0438  EKtot   =      9234.8262  EPtot      =    -43707.8699
 BOND   =       344.8043  ANGLE   =      1055.9272  DIHED      =      1368.5064
 1-4 NB =       461.1337  1-4 EEL =      6296.2333  VDWAALS    =      4597.5305
 EELEC  =    -57945.4869  EHBOND  =         0.0000  RESTRAINT  =       113.4816
 EAMBER (non-restraint)  =    -43821.3515
 ------------------------------------------------------------------------------

wrapping first mol.:       20.29907       28.70721       49.72235
wrapping first mol.:       20.29907       28.70721       49.72235

 NSTEP =    47000   TIME(PS) =     834.000  TEMP(K) =   302.13  PRESS =     0.0
 Etot   =    -34417.9953  EKtot   =      9243.3496  EPtot      =    -43661.3449
 BOND   =       311.5802  ANGLE   =      1026.0982  DIHED      =      1382.0155
 1-4 NB =       465.1370  1-4 EEL =      6366.6190  VDWAALS    =      4585.5479
 EELEC  =    -57901.9980  EHBOND  =         0.0000  RESTRAINT  =       103.6553
 EAMBER (non-restraint)  =    -43765.0002
 ------------------------------------------------------------------------------

wrapping first mol.:       20.29907       28.70721       49.72235
wrapping first mol.:       20.29907       28.70721       49.72235

 NSTEP =    47500   TIME(PS) =     835.000  TEMP(K) =   301.62  PRESS =     0.0
 Etot   =    -34333.1550  EKtot   =      9227.7656  EPtot      =    -43560.9206
 BOND   =       346.3796  ANGLE   =      1073.8154  DIHED      =      1342.6033
 1-4 NB =       445.8089  1-4 EEL =      6282.9097  VDWAALS    =      4681.8814
 EELEC  =    -57857.7333  EHBOND  =         0.0000  RESTRAINT  =       123.4143
 EAMBER (non-restraint)  =    -43684.3350
 ------------------------------------------------------------------------------

wrapping first mol.:       20.29907       28.70721       49.72235
wrapping first mol.:       20.29907       28.70721       49.72235

 NSTEP =    48000   TIME(PS) =     836.000  TEMP(K) =   300.70  PRESS =     0.0
 Etot   =    -34601.4406  EKtot   =      9199.6123  EPtot      =    -43801.0529
 BOND   =       328.7862  ANGLE   =      1041.7625  DIHED      =      1375.2869
 1-4 NB =       466.0862  1-4 EEL =      6321.5193  VDWAALS    =      5047.7252
 EELEC  =    -58492.4807  EHBOND  =         0.0000  RESTRAINT  =       110.2615
 EAMBER (non-restraint)  =    -43911.3144
 ------------------------------------------------------------------------------

wrapping first mol.:       20.29907       28.70721       49.72235
wrapping first mol.:       20.29907       28.70721       49.72235

 NSTEP =    48500   TIME(PS) =     837.000  TEMP(K) =   299.87  PRESS =     0.0
 Etot   =    -34517.9162  EKtot   =      9174.2422  EPtot      =    -43692.1584
 BOND   =       373.3636  ANGLE   =      1022.5739  DIHED      =      1387.2252
 1-4 NB =       449.4958  1-4 EEL =      6302.5245  VDWAALS    =      4807.9647
 EELEC  =    -58155.8741  EHBOND  =         0.0000  RESTRAINT  =       120.5679
 EAMBER (non-restraint)  =    -43812.7263
 ------------------------------------------------------------------------------

wrapping first mol.:       20.29907       28.70721       49.72235
wrapping first mol.:       20.29907       28.70721       49.72235

 NSTEP =    49000   TIME(PS) =     838.000  TEMP(K) =   299.10  PRESS =     0.0
 Etot   =    -34350.3035  EKtot   =      9150.5059  EPtot      =    -43500.8094
 BOND   =       342.4272  ANGLE   =      1078.0708  DIHED      =      1339.1298
 1-4 NB =       458.0595  1-4 EEL =      6323.4437  VDWAALS    =      4854.3702
 EELEC  =    -57995.9410  EHBOND  =         0.0000  RESTRAINT  =        99.6304
 EAMBER (non-restraint)  =    -43600.4398
 ------------------------------------------------------------------------------

wrapping first mol.:       20.29907       28.70721       49.72235
wrapping first mol.:       20.29907       28.70721       49.72235

 NSTEP =    49500   TIME(PS) =     839.000  TEMP(K) =   296.87  PRESS =     0.0
 Etot   =    -34559.8028  EKtot   =      9082.2500  EPtot      =    -43642.0528
 BOND   =       356.6701  ANGLE   =      1037.4813  DIHED      =      1360.8828
 1-4 NB =       458.9866  1-4 EEL =      6326.8920  VDWAALS    =      4677.2179
 EELEC  =    -57968.5429  EHBOND  =         0.0000  RESTRAINT  =       108.3593
 EAMBER (non-restraint)  =    -43750.4121
 ------------------------------------------------------------------------------

wrapping first mol.:       20.29907       28.70721       49.72235
wrapping first mol.:       20.29907       28.70721       49.72235

 NSTEP =    50000   TIME(PS) =     840.000  TEMP(K) =   299.26  PRESS =     0.0
 Etot   =    -34502.5362  EKtot   =      9155.4189  EPtot      =    -43657.9552
 BOND   =       351.2187  ANGLE   =      1038.7274  DIHED      =      1369.0321
 1-4 NB =       467.5136  1-4 EEL =      6311.6910  VDWAALS    =      4780.6087
 EELEC  =    -58081.4621  EHBOND  =         0.0000  RESTRAINT  =       104.7153
 EAMBER (non-restraint)  =    -43762.6705
 ------------------------------------------------------------------------------


      A V E R A G E S   O V E R     100 S T E P S


 NSTEP =    50000   TIME(PS) =     840.000  TEMP(K) =   300.06  PRESS =     0.0
 Etot   =    -34434.7223  EKtot   =      9179.9107  EPtot      =    -43614.6331
 BOND   =       347.2460  ANGLE   =      1053.0623  DIHED      =      1365.9531
 1-4 NB =       455.3739  1-4 EEL =      6303.5236  VDWAALS    =      4758.0129
 EELEC  =    -58008.8764  EHBOND  =         0.0000  RESTRAINT  =       111.0716
 EAMBER (non-restraint)  =    -43725.7047
 ------------------------------------------------------------------------------


      R M S  F L U C T U A T I O N S


 NSTEP =    50000   TIME(PS) =     840.000  TEMP(K) =     2.29  PRESS =     0.0
 Etot   =       128.5527  EKtot   =        70.1837  EPtot      =       106.5035
 BOND   =        15.5250  ANGLE   =        25.3463  DIHED      =        12.2272
 1-4 NB =         8.4589  1-4 EEL =        20.4323  VDWAALS    =       106.6805
 EELEC  =       166.9682  EHBOND  =         0.0000  RESTRAINT  =         6.2666
 EAMBER (non-restraint)  =       100.2369
 ------------------------------------------------------------------------------

--------------------------------------------------------------------------------
   5.  TIMINGS
--------------------------------------------------------------------------------

|  NonSetup CPU Time in Major Routines:
|
|     Routine           Sec        %
|     ------------------------------
|     Nonbond          12.65   33.16
|     Bond              0.00    0.00
|     Angle             0.00    0.00
|     Dihedral          0.00    0.00
|     Shake             0.87    2.27
|     RunMD            24.55   64.34
|     Other             0.09    0.23
|     ------------------------------
|     Total            38.16

|  PME Nonbond Pairlist CPU Time:
|
|     Routine              Sec        %
|     ---------------------------------
|     Set Up Cit           0.00    0.00
|     Build List           0.00    0.00
|     ---------------------------------
|     Total                0.00    0.00

|  PME Direct Force CPU Time:
|
|     Routine              Sec        %
|     ---------------------------------
|     NonBonded Calc       0.00    0.00
|     Exclude Masked       0.00    0.00
|     Other                0.04    0.10
|     ---------------------------------
|     Total                0.04    0.10

|  PME Reciprocal Force CPU Time:
|
|     Routine              Sec        %
|     ---------------------------------
|     1D bspline           0.00    0.00
|     Grid Charges         0.00    0.00
|     Scalar Sum           0.00    0.00
|     Gradient Sum         0.00    0.00
|     FFT                  0.00    0.00
|     ---------------------------------
|     Total                0.00    0.00

|  Final Performance Info:
|     -----------------------------------------------------
|     Average timings for last   49500 steps:
|     Elapsed(s) =      37.76 Per Step(ms) =       0.76
|         ns/day =     226.51   seconds/ns =     381.45
|
|     Average timings for all steps:
|     Elapsed(s) =      38.18 Per Step(ms) =       0.76
|         ns/day =     226.30   seconds/ns =     381.79
|     -----------------------------------------------------

|  Setup CPU time:            2.87 seconds
|  NonSetup CPU time:        38.16 seconds
|  Total CPU time:           41.03 seconds     0.01 hours

|  Setup wall time:           3    seconds
|  NonSetup wall time:       38    seconds
|  Total wall time:          41    seconds     0.01 hours
