
          -------------------------------------------------------
          Amber 16 PMEMD                              2016
          -------------------------------------------------------

| PMEMD implementation of SANDER, Release 16

| Run on 11/17/2017 at 08:15:42

|   Executable path: /apps/amber16/bin/pmemd.cuda
| Working directory: /home/pbarletta
|          Hostname: mordor

  [-O]verwriting output

File Assignments:
|   MDIN: /scratch/pbarletta/cph_obp/run/ctv/mhe/e/9equ.in                      
|  MDOUT: /scratch/pbarletta/cph_obp/run/ctv/mhe/e/9equ.out                     
| INPCRD: /scratch/pbarletta/cph_obp/run/ctv/mhe/e/8ectv.rst7                   
|   PARM: /scratch/pbarletta/cph_obp/top_files/ctv.prmtop                       
| RESTRT: /scratch/pbarletta/cph_obp/run/ctv/mhe/e/9ectv.rst7                   
|   REFC: /scratch/pbarletta/cph_obp/run/ctv/mhe/e/8ectv.rst7                   
|  MDVEL: mdvel                                                                 
|   MDEN: mden                                                                  
|  MDCRD: /scratch/pbarletta/cph_obp/run/ctv/mhe/e/9ectv.nc                     
| MDINFO: mdinfo                                                                
|  MDFRC: mdfrc                                                                 


 Here is the input file:

Equilibration with solute restrictions                                         
&cntrl                                                                         
imin = 0,                           ! No Minimization                          
nmropt = 0,                         ! No NMR restraints read                   
                                                                               
! Nature and format of the input                                               
ntx = 5,                            ! Coordinates but no velocities will be rea
irest = 1,                          ! Do not run a new simulation              
                                                                               
! Nature and format of the output                                              
ntxo = 1,                           ! rstrt file in ASCII format               
ntpr = 500,                         ! inf in output every ntpr steps           
ntwr = 500,                         ! rstrt file every ntwr steps              
ntwx = 500,                         ! mdcrd file every ntwx steps              
ntwv = 0,                           ! mdvel without velocities                 
ntwe = 0,                           ! Energies and temperatures not written in 
idecomp = 0,                        ! No energy decomposition                  
iwrap = 1,                          ! Coordinates of the restart and mdcrd file
                                                                               
! Frozen or restrained atoms                                                   
ibelly = 0,                         ! No frozen atoms                          
ntr=1,                              ! Harmonic potential restraints            
restraint_wt = 8.0,                ! The weight for the positional restraints  
restraintmask = ':1-120@N,CA,C,O',  ! restrained residues                      
                                                                               
! Molecular dynamics                                                           
nstlim = 50000,                     ! Number of MD-steps                       
dt = 0.002,                         ! Time step                                
                                                                               
! Temperature regulation                                                       
ntt = 3,                            ! Langevin thermostat                      
gamma_ln = 5,                       ! Gamma constant for Langevin              
temp0 = 300.0,                      ! Reference T at which the system is to be 
tempi = 300.0,                      ! Initial T                                
ig = -1,                            ! Seed for the RNG                         
                                                                               
! P and V regulation                                                           
ntp = 0,                            ! No pressure control                      
ntb = 1,                            ! Periodic box for constant V              
                                                                               
! SHAKE variables                                                              
ntc = 2,                            ! Bonds involving H are constrained        
ntf = 2,                            ! Bond interaction involving H are ommited.
                                                                               
cut = 10.0,                         ! Nonbonded cutoff                         
                                                                               
/                                                                              
&end                                                                           


Note: ig = -1. Setting random seed to    56498 based on wallclock time in 
      microseconds.
| irandom = 1, using AMBER's internal random number generator (default).
 
|--------------------- INFORMATION ----------------------
| GPU (CUDA) Version of PMEMD in use: NVIDIA GPU IN USE.
|                    Version 16.0.0
| 
|                      02/25/2016
| 
| Implementation by:
|                    Ross C. Walker     (SDSC)
|                    Scott Le Grand     (nVIDIA)
| 
| Precision model in use:
|      [SPFP] - Single Precision Forces, 64-bit Fixed Point
|               Accumulation. (Default)
| 
|--------------------------------------------------------
 
|----------------- CITATION INFORMATION -----------------
|
|    When publishing work that utilized the CUDA version
|    of AMBER, please cite the following in addition to
|    the regular AMBER citations:
|
|  - Romelia Salomon-Ferrer; Andreas W. Goetz; Duncan
|    Poole; Scott Le Grand; Ross C. Walker "Routine
|    microsecond molecular dynamics simulations with
|    AMBER - Part II: Particle Mesh Ewald", J. Chem.
|    Theory Comput., 2013, 9 (9), pp3878-3888,
|    DOI: 10.1021/ct400314y.
|
|  - Andreas W. Goetz; Mark J. Williamson; Dong Xu;
|    Duncan Poole; Scott Le Grand; Ross C. Walker
|    "Routine microsecond molecular dynamics simulations
|    with AMBER - Part I: Generalized Born", J. Chem.
|    Theory Comput., 2012, 8 (5), pp1542-1555.
|
|  - Scott Le Grand; Andreas W. Goetz; Ross C. Walker
|    "SPFP: Speed without compromise - a mixed precision
|    model for GPU accelerated molecular dynamics
|    simulations.", Comp. Phys. Comm., 2013, 184
|    pp374-380, DOI: 10.1016/j.cpc.2012.09.022
|
|--------------------------------------------------------
 
|------------------- GPU DEVICE INFO --------------------
|
|            CUDA_VISIBLE_DEVICES: 1
|   CUDA Capable Devices Detected:      1
|           CUDA Device ID in use:      0
|                CUDA Device Name: GeForce GTX 1080 Ti
|     CUDA Device Global Mem Size:  11172 MB
| CUDA Device Num Multiprocessors:     28
|           CUDA Device Core Freq:   1.58 GHz
|
|--------------------------------------------------------
 
 
| Conditional Compilation Defines Used:
| PUBFFT
| BINTRAJ
| CUDA
| EMIL

| Largest sphere to fit in unit cell has radius =    24.861

| New format PARM file being parsed.
| Version =    1.000 Date = 11/14/17 Time = 21:26:59

| Note: 1-4 EEL scale factors are being read from the topology file.

| Note: 1-4 VDW scale factors are being read from the topology file.
| Duplicated    0 dihedrals

| Duplicated    0 dihedrals

--------------------------------------------------------------------------------
   1.  RESOURCE   USE: 
--------------------------------------------------------------------------------

 getting new box info from bottom of inpcrd
 NATOM  =   14918 NTYPES =      18 NBONH =   13963 MBONA  =     961
 NTHETH =    2368 MTHETA =    1289 NPHIH =    4522 MPHIA  =    3259
 NHPARM =       0 NPARM  =       0 NNB   =   28275 NRES   =    4423
 NBONA  =     961 NTHETA =    1289 NPHIA =    3259 NUMBND =      48
 NUMANG =     101 NPTRA  =      41 NATYP =      33 NPHB   =       1
 IFBOX  =       2 NMXRS  =      26 IFCAP =       0 NEXTRA =       0
 NCOPY  =       0

| Coordinate Index Table dimensions:     9    9    9
| Direct force subcell size =     6.7664    6.7664    6.7664

     BOX TYPE: TRUNCATED OCTAHEDRON

--------------------------------------------------------------------------------
   2.  CONTROL  DATA  FOR  THE  RUN
--------------------------------------------------------------------------------

default_name                                                                    

General flags:
     imin    =       0, nmropt  =       0

Nature and format of input:
     ntx     =       5, irest   =       1, ntrx    =       1

Nature and format of output:
     ntxo    =       1, ntpr    =     500, ntrx    =       1, ntwr    =     500
     iwrap   =       1, ntwx    =     500, ntwv    =       0, ntwe    =       0
     ioutfm  =       1, ntwprt  =       0, idecomp =       0, rbornstat=      0

Potential function:
     ntf     =       2, ntb     =       1, igb     =       0, nsnb    =      25
     ipol    =       0, gbsa    =       0, iesp    =       0
     dielc   =   1.00000, cut     =  10.00000, intdiel =   1.00000

Frozen or restrained atoms:
     ibelly  =       0, ntr     =       1
     restraint_wt =   8.00000

Molecular dynamics:
     nstlim  =     50000, nscm    =         0, nrespa  =         1
     t       =   0.00000, dt      =   0.00200, vlimit  =  -1.00000

Langevin dynamics temperature regulation:
     ig      =   56498
     temp0   = 300.00000, tempi   = 300.00000, gamma_ln=   5.00000

SHAKE:
     ntc     =       2, jfastw  =       0
     tol     =   0.00001

| Intermolecular bonds treatment:
|     no_intermolecular_bonds =       1

| Energy averages sample interval:
|     ene_avg_sampling =     500

Ewald parameters:
     verbose =       0, ew_type =       0, nbflag  =       1, use_pme =       1
     vdwmeth =       1, eedmeth =       1, netfrc  =       1
     Box X =   60.897   Box Y =   60.897   Box Z =   60.897
     Alpha =  109.471   Beta  =  109.471   Gamma =  109.471
     NFFT1 =   64       NFFT2 =   64       NFFT3 =   64
     Cutoff=   10.000   Tol   =0.100E-04
     Ewald Coefficient =  0.27511
     Interpolation order =    4

    LOADING THE CONSTRAINED ATOMS AS GROUPS


   5.  REFERENCE ATOM COORDINATES

  default_name                                                                    
     Mask :1-120@N,CA,C,O; matches   476 atoms

--------------------------------------------------------------------------------
   3.  ATOMIC COORDINATES AND VELOCITIES
--------------------------------------------------------------------------------

default_name                                                                    
 begin time read from input coords =   940.000 ps

 
 Number of triangulated 3-point waters found:     4302

     Sum of charges from parm topology file =   0.00000094
     Forcing neutrality...

| Dynamic Memory, Types Used:
| Reals              578204
| Integers           551472

| Nonbonded Pairs Initial Allocation:     4512322

| GPU memory information (estimate):
| KB of GPU memory in use:    141360
| KB of CPU memory in use:     29328

--------------------------------------------------------------------------------
   4.  RESULTS
--------------------------------------------------------------------------------

 ---------------------------------------------------
 APPROXIMATING switch and d/dx switch using CUBIC SPLINE INTERPOLATION
 using   5000.0 points per unit in tabled values
 TESTING RELATIVE ERROR over r ranging from 0.0 to cutoff
| CHECK switch(x): max rel err =   0.2738E-14   at   2.422500
| CHECK d/dx switch(x): max rel err =   0.8314E-11   at   2.736960
 ---------------------------------------------------
|---------------------------------------------------
| APPROXIMATING direct energy using CUBIC SPLINE INTERPOLATION
|  with   50.0 points per unit in tabled values
| Relative Error Limit not exceeded for r .gt.   2.33
| APPROXIMATING direct force using CUBIC SPLINE INTERPOLATION
|  with   50.0 points per unit in tabled values
| Relative Error Limit not exceeded for r .gt.   2.80
|---------------------------------------------------
wrapping first mol.:       20.29907       28.70721       49.72235
wrapping first mol.:       20.29907       28.70721       49.72235

 NSTEP =      500   TIME(PS) =     941.000  TEMP(K) =   300.92  PRESS =     0.0
 Etot   =    -34639.7963  EKtot   =      9206.4316  EPtot      =    -43846.2279
 BOND   =       350.0645  ANGLE   =      1009.6653  DIHED      =      1360.6282
 1-4 NB =       448.1746  1-4 EEL =      6302.9255  VDWAALS    =      4789.7517
 EELEC  =    -58201.6955  EHBOND  =         0.0000  RESTRAINT  =        94.2577
 EAMBER (non-restraint)  =    -43940.4856
 ------------------------------------------------------------------------------

wrapping first mol.:       20.29907       28.70721       49.72235
wrapping first mol.:       20.29907       28.70721       49.72235

 NSTEP =     1000   TIME(PS) =     942.000  TEMP(K) =   302.22  PRESS =     0.0
 Etot   =    -34463.6426  EKtot   =      9246.1973  EPtot      =    -43709.8399
 BOND   =       352.4622  ANGLE   =      1059.7033  DIHED      =      1366.7130
 1-4 NB =       452.0893  1-4 EEL =      6310.7456  VDWAALS    =      4878.0134
 EELEC  =    -58249.6640  EHBOND  =         0.0000  RESTRAINT  =       120.0973
 EAMBER (non-restraint)  =    -43829.9372
 ------------------------------------------------------------------------------

wrapping first mol.:       20.29907       28.70721       49.72235
wrapping first mol.:       20.29907       28.70721       49.72235

 NSTEP =     1500   TIME(PS) =     943.000  TEMP(K) =   301.23  PRESS =     0.0
 Etot   =    -34665.3730  EKtot   =      9215.7441  EPtot      =    -43881.1171
 BOND   =       327.8530  ANGLE   =      1084.7109  DIHED      =      1370.5484
 1-4 NB =       450.0675  1-4 EEL =      6291.7763  VDWAALS    =      4811.9301
 EELEC  =    -58325.2352  EHBOND  =         0.0000  RESTRAINT  =       107.2318
 EAMBER (non-restraint)  =    -43988.3490
 ------------------------------------------------------------------------------

wrapping first mol.:       20.29907       28.70721       49.72235
wrapping first mol.:       20.29907       28.70721       49.72235

 NSTEP =     2000   TIME(PS) =     944.000  TEMP(K) =   303.48  PRESS =     0.0
 Etot   =    -34476.6021  EKtot   =      9284.5996  EPtot      =    -43761.2017
 BOND   =       351.0652  ANGLE   =      1026.7514  DIHED      =      1371.4266
 1-4 NB =       471.0982  1-4 EEL =      6305.9884  VDWAALS    =      4746.6113
 EELEC  =    -58138.9430  EHBOND  =         0.0000  RESTRAINT  =       104.8003
 EAMBER (non-restraint)  =    -43866.0020
 ------------------------------------------------------------------------------

wrapping first mol.:       20.29907       28.70721       49.72235
wrapping first mol.:       20.29907       28.70721       49.72235

 NSTEP =     2500   TIME(PS) =     945.000  TEMP(K) =   301.06  PRESS =     0.0
 Etot   =    -34533.2349  EKtot   =      9210.5459  EPtot      =    -43743.7808
 BOND   =       336.0791  ANGLE   =      1083.9866  DIHED      =      1381.6989
 1-4 NB =       459.0517  1-4 EEL =      6303.3964  VDWAALS    =      4790.5923
 EELEC  =    -58200.4493  EHBOND  =         0.0000  RESTRAINT  =       101.8635
 EAMBER (non-restraint)  =    -43845.6443
 ------------------------------------------------------------------------------

wrapping first mol.:       20.29907       28.70721       49.72235
wrapping first mol.:       20.29907       28.70721       49.72235

 NSTEP =     3000   TIME(PS) =     946.000  TEMP(K) =   296.50  PRESS =     0.0
 Etot   =    -34703.5511  EKtot   =      9071.0850  EPtot      =    -43774.6360
 BOND   =       327.8385  ANGLE   =      1071.3507  DIHED      =      1373.2386
 1-4 NB =       454.5018  1-4 EEL =      6291.7554  VDWAALS    =      4905.8013
 EELEC  =    -58298.6661  EHBOND  =         0.0000  RESTRAINT  =        99.5439
 EAMBER (non-restraint)  =    -43874.1799
 ------------------------------------------------------------------------------

wrapping first mol.:       20.29907       28.70721       49.72235
wrapping first mol.:       20.29907       28.70721       49.72235

 NSTEP =     3500   TIME(PS) =     947.000  TEMP(K) =   301.18  PRESS =     0.0
 Etot   =    -34536.0509  EKtot   =      9214.3594  EPtot      =    -43750.4103
 BOND   =       329.4356  ANGLE   =      1076.0530  DIHED      =      1387.7624
 1-4 NB =       446.6904  1-4 EEL =      6271.7677  VDWAALS    =      4873.4548
 EELEC  =    -58238.1257  EHBOND  =         0.0000  RESTRAINT  =       102.5514
 EAMBER (non-restraint)  =    -43852.9617
 ------------------------------------------------------------------------------

wrapping first mol.:       20.29907       28.70721       49.72235
wrapping first mol.:       20.29907       28.70721       49.72235

 NSTEP =     4000   TIME(PS) =     948.000  TEMP(K) =   304.69  PRESS =     0.0
 Etot   =    -34363.3277  EKtot   =      9321.7080  EPtot      =    -43685.0357
 BOND   =       371.9022  ANGLE   =      1067.5653  DIHED      =      1361.4361
 1-4 NB =       447.2553  1-4 EEL =      6311.5808  VDWAALS    =      4846.2319
 EELEC  =    -58203.0452  EHBOND  =         0.0000  RESTRAINT  =       112.0380
 EAMBER (non-restraint)  =    -43797.0737
 ------------------------------------------------------------------------------

wrapping first mol.:       20.29907       28.70721       49.72235
wrapping first mol.:       20.29907       28.70721       49.72235

 NSTEP =     4500   TIME(PS) =     949.000  TEMP(K) =   296.81  PRESS =     0.0
 Etot   =    -34614.5207  EKtot   =      9080.6309  EPtot      =    -43695.1516
 BOND   =       355.6222  ANGLE   =      1055.1906  DIHED      =      1360.0733
 1-4 NB =       468.2453  1-4 EEL =      6345.4195  VDWAALS    =      4688.5794
 EELEC  =    -58073.4739  EHBOND  =         0.0000  RESTRAINT  =       105.1920
 EAMBER (non-restraint)  =    -43800.3436
 ------------------------------------------------------------------------------

wrapping first mol.:       20.29907       28.70721       49.72235
wrapping first mol.:       20.29907       28.70721       49.72235

 NSTEP =     5000   TIME(PS) =     950.000  TEMP(K) =   305.26  PRESS =     0.0
 Etot   =    -34418.5205  EKtot   =      9339.0156  EPtot      =    -43757.5362
 BOND   =       371.1970  ANGLE   =      1056.9486  DIHED      =      1360.7985
 1-4 NB =       448.2699  1-4 EEL =      6260.0383  VDWAALS    =      4781.9718
 EELEC  =    -58139.1820  EHBOND  =         0.0000  RESTRAINT  =       102.4218
 EAMBER (non-restraint)  =    -43859.9579
 ------------------------------------------------------------------------------

wrapping first mol.:       20.29907       28.70721       49.72235
wrapping first mol.:       20.29907       28.70721       49.72235

 NSTEP =     5500   TIME(PS) =     951.000  TEMP(K) =   303.00  PRESS =     0.0
 Etot   =    -34311.8409  EKtot   =      9269.9297  EPtot      =    -43581.7706
 BOND   =       355.9577  ANGLE   =      1105.2752  DIHED      =      1367.9887
 1-4 NB =       464.0118  1-4 EEL =      6318.8829  VDWAALS    =      4610.7355
 EELEC  =    -57900.4702  EHBOND  =         0.0000  RESTRAINT  =        95.8477
 EAMBER (non-restraint)  =    -43677.6183
 ------------------------------------------------------------------------------

wrapping first mol.:       20.29907       28.70721       49.72235
wrapping first mol.:       20.29907       28.70721       49.72235

 NSTEP =     6000   TIME(PS) =     952.000  TEMP(K) =   297.15  PRESS =     0.0
 Etot   =    -34651.9737  EKtot   =      9090.8096  EPtot      =    -43742.7833
 BOND   =       327.9922  ANGLE   =       994.3658  DIHED      =      1358.5576
 1-4 NB =       450.8417  1-4 EEL =      6286.7977  VDWAALS    =      4767.8242
 EELEC  =    -58044.0691  EHBOND  =         0.0000  RESTRAINT  =       114.9068
 EAMBER (non-restraint)  =    -43857.6900
 ------------------------------------------------------------------------------

wrapping first mol.:       20.29907       28.70721       49.72235
wrapping first mol.:       20.29907       28.70721       49.72235

 NSTEP =     6500   TIME(PS) =     953.000  TEMP(K) =   299.32  PRESS =     0.0
 Etot   =    -34405.6099  EKtot   =      9157.3018  EPtot      =    -43562.9116
 BOND   =       346.6828  ANGLE   =      1052.0763  DIHED      =      1372.6328
 1-4 NB =       467.0215  1-4 EEL =      6303.6681  VDWAALS    =      4633.6375
 EELEC  =    -57839.0083  EHBOND  =         0.0000  RESTRAINT  =       100.3777
 EAMBER (non-restraint)  =    -43663.2894
 ------------------------------------------------------------------------------

wrapping first mol.:       20.29907       28.70721       49.72235
wrapping first mol.:       20.29907       28.70721       49.72235

 NSTEP =     7000   TIME(PS) =     954.000  TEMP(K) =   295.65  PRESS =     0.0
 Etot   =    -34419.6299  EKtot   =      9045.1572  EPtot      =    -43464.7871
 BOND   =       344.2126  ANGLE   =      1050.7299  DIHED      =      1385.5076
 1-4 NB =       475.4596  1-4 EEL =      6285.9468  VDWAALS    =      4795.0684
 EELEC  =    -57907.4902  EHBOND  =         0.0000  RESTRAINT  =       105.7782
 EAMBER (non-restraint)  =    -43570.5653
 ------------------------------------------------------------------------------

wrapping first mol.:       20.29907       28.70721       49.72235
wrapping first mol.:       20.29907       28.70721       49.72235

 NSTEP =     7500   TIME(PS) =     955.000  TEMP(K) =   298.20  PRESS =     0.0
 Etot   =    -34508.6395  EKtot   =      9123.1133  EPtot      =    -43631.7528
 BOND   =       354.1665  ANGLE   =      1015.8378  DIHED      =      1381.4194
 1-4 NB =       448.1355  1-4 EEL =      6275.7040  VDWAALS    =      4881.8666
 EELEC  =    -58105.8675  EHBOND  =         0.0000  RESTRAINT  =       116.9850
 EAMBER (non-restraint)  =    -43748.7377
 ------------------------------------------------------------------------------

wrapping first mol.:       20.29907       28.70721       49.72235
wrapping first mol.:       20.29907       28.70721       49.72235

 NSTEP =     8000   TIME(PS) =     956.000  TEMP(K) =   301.94  PRESS =     0.0
 Etot   =    -34506.3091  EKtot   =      9237.5771  EPtot      =    -43743.8862
 BOND   =       332.9222  ANGLE   =      1062.9056  DIHED      =      1341.0990
 1-4 NB =       447.2470  1-4 EEL =      6270.7092  VDWAALS    =      4785.6450
 EELEC  =    -58088.6778  EHBOND  =         0.0000  RESTRAINT  =       104.2634
 EAMBER (non-restraint)  =    -43848.1497
 ------------------------------------------------------------------------------

wrapping first mol.:       20.29907       28.70721       49.72235
wrapping first mol.:       20.29907       28.70721       49.72235

 NSTEP =     8500   TIME(PS) =     957.000  TEMP(K) =   300.53  PRESS =     0.0
 Etot   =    -34582.6370  EKtot   =      9194.3086  EPtot      =    -43776.9456
 BOND   =       376.2295  ANGLE   =      1039.8543  DIHED      =      1365.1592
 1-4 NB =       454.3083  1-4 EEL =      6281.8767  VDWAALS    =      4630.3458
 EELEC  =    -58026.1648  EHBOND  =         0.0000  RESTRAINT  =       101.4453
 EAMBER (non-restraint)  =    -43878.3909
 ------------------------------------------------------------------------------

wrapping first mol.:       20.29907       28.70721       49.72235
wrapping first mol.:       20.29907       28.70721       49.72235

 NSTEP =     9000   TIME(PS) =     958.000  TEMP(K) =   296.31  PRESS =     0.0
 Etot   =    -34691.7311  EKtot   =      9065.2578  EPtot      =    -43756.9889
 BOND   =       339.4540  ANGLE   =      1040.7560  DIHED      =      1363.8101
 1-4 NB =       439.6085  1-4 EEL =      6272.1487  VDWAALS    =      4661.5397
 EELEC  =    -57987.4906  EHBOND  =         0.0000  RESTRAINT  =       113.1849
 EAMBER (non-restraint)  =    -43870.1738
 ------------------------------------------------------------------------------

wrapping first mol.:       20.29907       28.70721       49.72235
wrapping first mol.:       20.29907       28.70721       49.72235

 NSTEP =     9500   TIME(PS) =     959.000  TEMP(K) =   297.09  PRESS =     0.0
 Etot   =    -34570.3326  EKtot   =      9089.0146  EPtot      =    -43659.3472
 BOND   =       322.6296  ANGLE   =      1069.9498  DIHED      =      1384.5663
 1-4 NB =       451.3054  1-4 EEL =      6296.0421  VDWAALS    =      4742.4703
 EELEC  =    -58021.5289  EHBOND  =         0.0000  RESTRAINT  =        95.2183
 EAMBER (non-restraint)  =    -43754.5655
 ------------------------------------------------------------------------------

wrapping first mol.:       20.29907       28.70721       49.72235
wrapping first mol.:       20.29907       28.70721       49.72235

 NSTEP =    10000   TIME(PS) =     960.000  TEMP(K) =   301.88  PRESS =     0.0
 Etot   =    -34331.0098  EKtot   =      9235.7314  EPtot      =    -43566.7412
 BOND   =       327.5669  ANGLE   =      1052.2603  DIHED      =      1356.5772
 1-4 NB =       458.2869  1-4 EEL =      6291.9384  VDWAALS    =      4566.4261
 EELEC  =    -57714.3550  EHBOND  =         0.0000  RESTRAINT  =        94.5582
 EAMBER (non-restraint)  =    -43661.2994
 ------------------------------------------------------------------------------

wrapping first mol.:       20.29907       28.70721       49.72235
wrapping first mol.:       20.29907       28.70721       49.72235

 NSTEP =    10500   TIME(PS) =     961.000  TEMP(K) =   299.05  PRESS =     0.0
 Etot   =    -34249.2048  EKtot   =      9149.0527  EPtot      =    -43398.2576
 BOND   =       340.4984  ANGLE   =      1056.4877  DIHED      =      1390.4214
 1-4 NB =       451.2962  1-4 EEL =      6286.3418  VDWAALS    =      4575.4841
 EELEC  =    -57606.3545  EHBOND  =         0.0000  RESTRAINT  =       107.5672
 EAMBER (non-restraint)  =    -43505.8248
 ------------------------------------------------------------------------------

wrapping first mol.:       20.29907       28.70721       49.72235
wrapping first mol.:       20.29907       28.70721       49.72235

 NSTEP =    11000   TIME(PS) =     962.000  TEMP(K) =   306.57  PRESS =     0.0
 Etot   =    -34194.3374  EKtot   =      9379.0645  EPtot      =    -43573.4018
 BOND   =       360.0027  ANGLE   =      1071.7874  DIHED      =      1361.3389
 1-4 NB =       442.8683  1-4 EEL =      6274.8275  VDWAALS    =      4844.6440
 EELEC  =    -58028.2596  EHBOND  =         0.0000  RESTRAINT  =        99.3889
 EAMBER (non-restraint)  =    -43672.7907
 ------------------------------------------------------------------------------

wrapping first mol.:       20.29907       28.70721       49.72235
wrapping first mol.:       20.29907       28.70721       49.72235

 NSTEP =    11500   TIME(PS) =     963.000  TEMP(K) =   298.99  PRESS =     0.0
 Etot   =    -34464.0673  EKtot   =      9147.3076  EPtot      =    -43611.3749
 BOND   =       357.0124  ANGLE   =      1001.3010  DIHED      =      1371.7111
 1-4 NB =       434.1739  1-4 EEL =      6265.5450  VDWAALS    =      4828.2208
 EELEC  =    -57974.4975  EHBOND  =         0.0000  RESTRAINT  =       105.1583
 EAMBER (non-restraint)  =    -43716.5332
 ------------------------------------------------------------------------------

wrapping first mol.:       20.29907       28.70721       49.72235
wrapping first mol.:       20.29907       28.70721       49.72235

 NSTEP =    12000   TIME(PS) =     964.000  TEMP(K) =   302.69  PRESS =     0.0
 Etot   =    -34393.8726  EKtot   =      9260.5225  EPtot      =    -43654.3951
 BOND   =       322.4552  ANGLE   =      1056.0387  DIHED      =      1357.9026
 1-4 NB =       454.5612  1-4 EEL =      6278.0825  VDWAALS    =      4811.7087
 EELEC  =    -58037.5702  EHBOND  =         0.0000  RESTRAINT  =       102.4261
 EAMBER (non-restraint)  =    -43756.8212
 ------------------------------------------------------------------------------

wrapping first mol.:       20.29907       28.70721       49.72235
wrapping first mol.:       20.29907       28.70721       49.72235

 NSTEP =    12500   TIME(PS) =     965.000  TEMP(K) =   299.13  PRESS =     0.0
 Etot   =    -34358.0567  EKtot   =      9151.5420  EPtot      =    -43509.5987
 BOND   =       352.9338  ANGLE   =      1088.1644  DIHED      =      1368.4549
 1-4 NB =       452.3385  1-4 EEL =      6258.1809  VDWAALS    =      4770.2103
 EELEC  =    -57903.2771  EHBOND  =         0.0000  RESTRAINT  =       103.3956
 EAMBER (non-restraint)  =    -43612.9943
 ------------------------------------------------------------------------------

wrapping first mol.:       20.29907       28.70721       49.72235
wrapping first mol.:       20.29907       28.70721       49.72235

 NSTEP =    13000   TIME(PS) =     966.000  TEMP(K) =   299.94  PRESS =     0.0
 Etot   =    -34452.9188  EKtot   =      9176.4277  EPtot      =    -43629.3465
 BOND   =       352.1041  ANGLE   =      1054.4077  DIHED      =      1391.3428
 1-4 NB =       439.3044  1-4 EEL =      6272.3901  VDWAALS    =      4656.6919
 EELEC  =    -57885.9997  EHBOND  =         0.0000  RESTRAINT  =        90.4121
 EAMBER (non-restraint)  =    -43719.7586
 ------------------------------------------------------------------------------

wrapping first mol.:       20.29907       28.70721       49.72235
wrapping first mol.:       20.29907       28.70721       49.72235

 NSTEP =    13500   TIME(PS) =     967.000  TEMP(K) =   296.84  PRESS =     0.0
 Etot   =    -34491.2694  EKtot   =      9081.5898  EPtot      =    -43572.8592
 BOND   =       361.7711  ANGLE   =      1049.8501  DIHED      =      1358.7577
 1-4 NB =       450.5293  1-4 EEL =      6263.5994  VDWAALS    =      4745.6073
 EELEC  =    -57903.4553  EHBOND  =         0.0000  RESTRAINT  =       100.4812
 EAMBER (non-restraint)  =    -43673.3405
 ------------------------------------------------------------------------------

wrapping first mol.:       20.29907       28.70721       49.72235
wrapping first mol.:       20.29907       28.70721       49.72235

 NSTEP =    14000   TIME(PS) =     968.000  TEMP(K) =   298.41  PRESS =     0.0
 Etot   =    -34520.7016  EKtot   =      9129.6367  EPtot      =    -43650.3383
 BOND   =       331.1946  ANGLE   =      1081.2901  DIHED      =      1365.4001
 1-4 NB =       457.5078  1-4 EEL =      6304.4590  VDWAALS    =      4677.5954
 EELEC  =    -57987.1983  EHBOND  =         0.0000  RESTRAINT  =       119.4129
 EAMBER (non-restraint)  =    -43769.7513
 ------------------------------------------------------------------------------

wrapping first mol.:       20.29907       28.70721       49.72235
wrapping first mol.:       20.29907       28.70721       49.72235

 NSTEP =    14500   TIME(PS) =     969.000  TEMP(K) =   295.54  PRESS =     0.0
 Etot   =    -34711.5096  EKtot   =      9041.7754  EPtot      =    -43753.2850
 BOND   =       328.0880  ANGLE   =      1046.6715  DIHED      =      1381.8637
 1-4 NB =       465.4161  1-4 EEL =      6311.8592  VDWAALS    =      4820.9541
 EELEC  =    -58209.2700  EHBOND  =         0.0000  RESTRAINT  =       101.1323
 EAMBER (non-restraint)  =    -43854.4173
 ------------------------------------------------------------------------------

wrapping first mol.:       20.29907       28.70721       49.72235
wrapping first mol.:       20.29907       28.70721       49.72235

 NSTEP =    15000   TIME(PS) =     970.000  TEMP(K) =   297.72  PRESS =     0.0
 Etot   =    -34552.1046  EKtot   =      9108.2949  EPtot      =    -43660.3995
 BOND   =       333.2463  ANGLE   =      1088.0875  DIHED      =      1346.2634
 1-4 NB =       466.4296  1-4 EEL =      6306.2856  VDWAALS    =      4909.2067
 EELEC  =    -58218.9780  EHBOND  =         0.0000  RESTRAINT  =       109.0594
 EAMBER (non-restraint)  =    -43769.4589
 ------------------------------------------------------------------------------

wrapping first mol.:       20.29907       28.70721       49.72235
wrapping first mol.:       20.29907       28.70721       49.72235

 NSTEP =    15500   TIME(PS) =     971.000  TEMP(K) =   298.28  PRESS =     0.0
 Etot   =    -34379.1981  EKtot   =      9125.5928  EPtot      =    -43504.7909
 BOND   =       353.0435  ANGLE   =      1053.5592  DIHED      =      1375.3152
 1-4 NB =       452.9706  1-4 EEL =      6296.7993  VDWAALS    =      4770.2881
 EELEC  =    -57918.4617  EHBOND  =         0.0000  RESTRAINT  =       111.6950
 EAMBER (non-restraint)  =    -43616.4859
 ------------------------------------------------------------------------------

wrapping first mol.:       20.29907       28.70721       49.72235
wrapping first mol.:       20.29907       28.70721       49.72235

 NSTEP =    16000   TIME(PS) =     972.000  TEMP(K) =   304.86  PRESS =     0.0
 Etot   =    -34326.4751  EKtot   =      9326.8496  EPtot      =    -43653.3247
 BOND   =       370.0477  ANGLE   =      1094.1611  DIHED      =      1376.1211
 1-4 NB =       443.7035  1-4 EEL =      6283.9227  VDWAALS    =      4759.8994
 EELEC  =    -58090.7949  EHBOND  =         0.0000  RESTRAINT  =       109.6148
 EAMBER (non-restraint)  =    -43762.9395
 ------------------------------------------------------------------------------

wrapping first mol.:       20.29907       28.70721       49.72235
wrapping first mol.:       20.29907       28.70721       49.72235

 NSTEP =    16500   TIME(PS) =     973.000  TEMP(K) =   301.46  PRESS =     0.0
 Etot   =    -34508.9511  EKtot   =      9222.7686  EPtot      =    -43731.7197
 BOND   =       347.2107  ANGLE   =      1047.6148  DIHED      =      1369.5886
 1-4 NB =       444.8912  1-4 EEL =      6299.4621  VDWAALS    =      4757.6926
 EELEC  =    -58104.2741  EHBOND  =         0.0000  RESTRAINT  =       106.0945
 EAMBER (non-restraint)  =    -43837.8142
 ------------------------------------------------------------------------------

wrapping first mol.:       20.29907       28.70721       49.72235
wrapping first mol.:       20.29907       28.70721       49.72235

 NSTEP =    17000   TIME(PS) =     974.000  TEMP(K) =   292.34  PRESS =     0.0
 Etot   =    -34812.4317  EKtot   =      8943.9365  EPtot      =    -43756.3682
 BOND   =       357.7821  ANGLE   =      1047.1311  DIHED      =      1373.6502
 1-4 NB =       460.5582  1-4 EEL =      6290.7582  VDWAALS    =      4782.8116
 EELEC  =    -58173.2153  EHBOND  =         0.0000  RESTRAINT  =       104.1556
 EAMBER (non-restraint)  =    -43860.5238
 ------------------------------------------------------------------------------

wrapping first mol.:       20.29907       28.70721       49.72235
wrapping first mol.:       20.29907       28.70721       49.72235

 NSTEP =    17500   TIME(PS) =     975.000  TEMP(K) =   296.25  PRESS =     0.0
 Etot   =    -34786.8932  EKtot   =      9063.5205  EPtot      =    -43850.4137
 BOND   =       336.1808  ANGLE   =      1096.9782  DIHED      =      1389.4195
 1-4 NB =       457.4127  1-4 EEL =      6265.3015  VDWAALS    =      4812.4059
 EELEC  =    -58313.5231  EHBOND  =         0.0000  RESTRAINT  =       105.4107
 EAMBER (non-restraint)  =    -43955.8244
 ------------------------------------------------------------------------------

wrapping first mol.:       20.29907       28.70721       49.72235
wrapping first mol.:       20.29907       28.70721       49.72235

 NSTEP =    18000   TIME(PS) =     976.000  TEMP(K) =   305.14  PRESS =     0.0
 Etot   =    -34402.6883  EKtot   =      9335.5332  EPtot      =    -43738.2215
 BOND   =       324.2643  ANGLE   =      1060.9426  DIHED      =      1363.7414
 1-4 NB =       444.7087  1-4 EEL =      6299.7025  VDWAALS    =      4659.3966
 EELEC  =    -57993.4042  EHBOND  =         0.0000  RESTRAINT  =       102.4267
 EAMBER (non-restraint)  =    -43840.6482
 ------------------------------------------------------------------------------

wrapping first mol.:       20.29907       28.70721       49.72235
wrapping first mol.:       20.29907       28.70721       49.72235

 NSTEP =    18500   TIME(PS) =     977.000  TEMP(K) =   298.60  PRESS =     0.0
 Etot   =    -34344.7351  EKtot   =      9135.3564  EPtot      =    -43480.0915
 BOND   =       358.4855  ANGLE   =      1055.0661  DIHED      =      1372.2072
 1-4 NB =       468.5717  1-4 EEL =      6274.9361  VDWAALS    =      4745.8733
 EELEC  =    -57861.5597  EHBOND  =         0.0000  RESTRAINT  =       106.3283
 EAMBER (non-restraint)  =    -43586.4198
 ------------------------------------------------------------------------------

wrapping first mol.:       20.29907       28.70721       49.72235
wrapping first mol.:       20.29907       28.70721       49.72235

 NSTEP =    19000   TIME(PS) =     978.000  TEMP(K) =   299.30  PRESS =     0.0
 Etot   =    -34368.4779  EKtot   =      9156.6191  EPtot      =    -43525.0970
 BOND   =       342.9523  ANGLE   =      1089.1264  DIHED      =      1381.3445
 1-4 NB =       470.0292  1-4 EEL =      6261.3436  VDWAALS    =      4600.0631
 EELEC  =    -57779.1744  EHBOND  =         0.0000  RESTRAINT  =       109.2183
 EAMBER (non-restraint)  =    -43634.3154
 ------------------------------------------------------------------------------

wrapping first mol.:       20.29907       28.70721       49.72235
wrapping first mol.:       20.29907       28.70721       49.72235

 NSTEP =    19500   TIME(PS) =     979.000  TEMP(K) =   296.71  PRESS =     0.0
 Etot   =    -34458.4543  EKtot   =      9077.5049  EPtot      =    -43535.9592
 BOND   =       366.0806  ANGLE   =      1041.3889  DIHED      =      1386.2951
 1-4 NB =       444.4504  1-4 EEL =      6277.8142  VDWAALS    =      4545.8131
 EELEC  =    -57695.2628  EHBOND  =         0.0000  RESTRAINT  =        97.4613
 EAMBER (non-restraint)  =    -43633.4205
 ------------------------------------------------------------------------------

wrapping first mol.:       20.29907       28.70721       49.72235
wrapping first mol.:       20.29907       28.70721       49.72235

 NSTEP =    20000   TIME(PS) =     980.000  TEMP(K) =   294.59  PRESS =     0.0
 Etot   =    -34664.2742  EKtot   =      9012.6094  EPtot      =    -43676.8836
 BOND   =       339.4732  ANGLE   =       998.3922  DIHED      =      1360.6513
 1-4 NB =       456.4640  1-4 EEL =      6311.8453  VDWAALS    =      4722.3499
 EELEC  =    -57962.7060  EHBOND  =         0.0000  RESTRAINT  =        96.6464
 EAMBER (non-restraint)  =    -43773.5300
 ------------------------------------------------------------------------------

wrapping first mol.:       20.29907       28.70721       49.72235
wrapping first mol.:       20.29907       28.70721       49.72235

 NSTEP =    20500   TIME(PS) =     981.000  TEMP(K) =   297.29  PRESS =     0.0
 Etot   =    -34736.5169  EKtot   =      9095.2686  EPtot      =    -43831.7854
 BOND   =       348.3356  ANGLE   =      1054.4158  DIHED      =      1381.3675
 1-4 NB =       458.0933  1-4 EEL =      6280.2086  VDWAALS    =      4791.3332
 EELEC  =    -58251.5555  EHBOND  =         0.0000  RESTRAINT  =       106.0160
 EAMBER (non-restraint)  =    -43937.8014
 ------------------------------------------------------------------------------

wrapping first mol.:       20.29907       28.70721       49.72235
wrapping first mol.:       20.29907       28.70721       49.72235

 NSTEP =    21000   TIME(PS) =     982.000  TEMP(K) =   302.36  PRESS =     0.0
 Etot   =    -34442.7518  EKtot   =      9250.2607  EPtot      =    -43693.0126
 BOND   =       335.1841  ANGLE   =      1043.2029  DIHED      =      1379.0870
 1-4 NB =       462.8504  1-4 EEL =      6291.0686  VDWAALS    =      4825.8308
 EELEC  =    -58132.8305  EHBOND  =         0.0000  RESTRAINT  =       102.5942
 EAMBER (non-restraint)  =    -43795.6067
 ------------------------------------------------------------------------------

wrapping first mol.:       20.29907       28.70721       49.72235
wrapping first mol.:       20.29907       28.70721       49.72235

 NSTEP =    21500   TIME(PS) =     983.000  TEMP(K) =   301.01  PRESS =     0.0
 Etot   =    -34198.8877  EKtot   =      9209.0273  EPtot      =    -43407.9150
 BOND   =       338.0993  ANGLE   =      1083.7299  DIHED      =      1366.6506
 1-4 NB =       463.1589  1-4 EEL =      6304.9619  VDWAALS    =      4742.8462
 EELEC  =    -57811.5850  EHBOND  =         0.0000  RESTRAINT  =       104.2230
 EAMBER (non-restraint)  =    -43512.1381
 ------------------------------------------------------------------------------

wrapping first mol.:       20.29907       28.70721       49.72235
wrapping first mol.:       20.29907       28.70721       49.72235

 NSTEP =    22000   TIME(PS) =     984.000  TEMP(K) =   296.34  PRESS =     0.0
 Etot   =    -34548.1808  EKtot   =      9066.0166  EPtot      =    -43614.1974
 BOND   =       328.5789  ANGLE   =      1052.7277  DIHED      =      1379.9775
 1-4 NB =       461.0150  1-4 EEL =      6298.1586  VDWAALS    =      4494.8136
 EELEC  =    -57730.0944  EHBOND  =         0.0000  RESTRAINT  =       100.6257
 EAMBER (non-restraint)  =    -43714.8231
 ------------------------------------------------------------------------------

wrapping first mol.:       20.29907       28.70721       49.72235
wrapping first mol.:       20.29907       28.70721       49.72235

 NSTEP =    22500   TIME(PS) =     985.000  TEMP(K) =   303.54  PRESS =     0.0
 Etot   =    -34306.9537  EKtot   =      9286.4961  EPtot      =    -43593.4498
 BOND   =       376.1041  ANGLE   =      1070.0145  DIHED      =      1369.6321
 1-4 NB =       446.3014  1-4 EEL =      6248.3193  VDWAALS    =      4776.8803
 EELEC  =    -57990.1216  EHBOND  =         0.0000  RESTRAINT  =       109.4201
 EAMBER (non-restraint)  =    -43702.8699
 ------------------------------------------------------------------------------

wrapping first mol.:       20.29907       28.70721       49.72235
wrapping first mol.:       20.29907       28.70721       49.72235

 NSTEP =    23000   TIME(PS) =     986.000  TEMP(K) =   300.44  PRESS =     0.0
 Etot   =    -34403.6968  EKtot   =      9191.5049  EPtot      =    -43595.2017
 BOND   =       333.2667  ANGLE   =      1047.4065  DIHED      =      1378.4660
 1-4 NB =       442.2306  1-4 EEL =      6264.6459  VDWAALS    =      4847.2087
 EELEC  =    -58022.9049  EHBOND  =         0.0000  RESTRAINT  =       114.4787
 EAMBER (non-restraint)  =    -43709.6804
 ------------------------------------------------------------------------------

wrapping first mol.:       20.29907       28.70721       49.72235
wrapping first mol.:       20.29907       28.70721       49.72235

 NSTEP =    23500   TIME(PS) =     987.000  TEMP(K) =   299.72  PRESS =     0.0
 Etot   =    -34384.1588  EKtot   =      9169.5566  EPtot      =    -43553.7155
 BOND   =       319.5416  ANGLE   =      1077.9253  DIHED      =      1386.5256
 1-4 NB =       455.0474  1-4 EEL =      6324.5209  VDWAALS    =      4638.1560
 EELEC  =    -57864.1504  EHBOND  =         0.0000  RESTRAINT  =       108.7181
 EAMBER (non-restraint)  =    -43662.4336
 ------------------------------------------------------------------------------

wrapping first mol.:       20.29907       28.70721       49.72235
wrapping first mol.:       20.29907       28.70721       49.72235

 NSTEP =    24000   TIME(PS) =     988.000  TEMP(K) =   303.35  PRESS =     0.0
 Etot   =    -34241.2723  EKtot   =      9280.6318  EPtot      =    -43521.9041
 BOND   =       339.7371  ANGLE   =      1046.7417  DIHED      =      1379.8152
 1-4 NB =       451.8007  1-4 EEL =      6298.3734  VDWAALS    =      4767.8300
 EELEC  =    -57911.6766  EHBOND  =         0.0000  RESTRAINT  =       105.4742
 EAMBER (non-restraint)  =    -43627.3783
 ------------------------------------------------------------------------------

wrapping first mol.:       20.29907       28.70721       49.72235
wrapping first mol.:       20.29907       28.70721       49.72235

 NSTEP =    24500   TIME(PS) =     989.000  TEMP(K) =   299.50  PRESS =     0.0
 Etot   =    -34605.1867  EKtot   =      9162.7764  EPtot      =    -43767.9631
 BOND   =       342.4840  ANGLE   =      1033.6182  DIHED      =      1392.3724
 1-4 NB =       458.8454  1-4 EEL =      6300.8788  VDWAALS    =      4801.1249
 EELEC  =    -58194.2329  EHBOND  =         0.0000  RESTRAINT  =        96.9460
 EAMBER (non-restraint)  =    -43864.9091
 ------------------------------------------------------------------------------

wrapping first mol.:       20.29907       28.70721       49.72235
wrapping first mol.:       20.29907       28.70721       49.72235

 NSTEP =    25000   TIME(PS) =     990.000  TEMP(K) =   301.04  PRESS =     0.0
 Etot   =    -34553.8005  EKtot   =      9209.8711  EPtot      =    -43763.6716
 BOND   =       351.1924  ANGLE   =      1008.4229  DIHED      =      1366.6695
 1-4 NB =       447.4159  1-4 EEL =      6288.8873  VDWAALS    =      4803.0461
 EELEC  =    -58136.2280  EHBOND  =         0.0000  RESTRAINT  =       106.9223
 EAMBER (non-restraint)  =    -43870.5938
 ------------------------------------------------------------------------------

wrapping first mol.:       20.29907       28.70721       49.72235
wrapping first mol.:       20.29907       28.70721       49.72235

 NSTEP =    25500   TIME(PS) =     991.000  TEMP(K) =   301.94  PRESS =     0.0
 Etot   =    -34455.0137  EKtot   =      9237.5312  EPtot      =    -43692.5449
 BOND   =       340.4749  ANGLE   =      1065.4572  DIHED      =      1357.8225
 1-4 NB =       437.6373  1-4 EEL =      6254.5917  VDWAALS    =      4798.6067
 EELEC  =    -58050.5604  EHBOND  =         0.0000  RESTRAINT  =       103.4251
 EAMBER (non-restraint)  =    -43795.9700
 ------------------------------------------------------------------------------

wrapping first mol.:       20.29907       28.70721       49.72235
wrapping first mol.:       20.29907       28.70721       49.72235

 NSTEP =    26000   TIME(PS) =     992.000  TEMP(K) =   301.36  PRESS =     0.0
 Etot   =    -34511.3893  EKtot   =      9219.6475  EPtot      =    -43731.0368
 BOND   =       338.7456  ANGLE   =      1043.9109  DIHED      =      1393.0526
 1-4 NB =       470.6412  1-4 EEL =      6313.8690  VDWAALS    =      4830.6563
 EELEC  =    -58218.5411  EHBOND  =         0.0000  RESTRAINT  =        96.6287
 EAMBER (non-restraint)  =    -43827.6655
 ------------------------------------------------------------------------------

wrapping first mol.:       20.29907       28.70721       49.72235
wrapping first mol.:       20.29907       28.70721       49.72235

 NSTEP =    26500   TIME(PS) =     993.000  TEMP(K) =   303.42  PRESS =     0.0
 Etot   =    -34223.9579  EKtot   =      9282.8525  EPtot      =    -43506.8104
 BOND   =       340.1097  ANGLE   =      1091.7973  DIHED      =      1362.8869
 1-4 NB =       448.2812  1-4 EEL =      6250.0291  VDWAALS    =      4712.1947
 EELEC  =    -57822.7657  EHBOND  =         0.0000  RESTRAINT  =       110.6564
 EAMBER (non-restraint)  =    -43617.4668
 ------------------------------------------------------------------------------

wrapping first mol.:       20.29907       28.70721       49.72235
wrapping first mol.:       20.29907       28.70721       49.72235

 NSTEP =    27000   TIME(PS) =     994.000  TEMP(K) =   302.08  PRESS =     0.0
 Etot   =    -34347.0161  EKtot   =      9241.6738  EPtot      =    -43588.6899
 BOND   =       358.1562  ANGLE   =      1053.1645  DIHED      =      1385.2165
 1-4 NB =       465.5767  1-4 EEL =      6330.3824  VDWAALS    =      4522.8378
 EELEC  =    -57814.3162  EHBOND  =         0.0000  RESTRAINT  =       110.2922
 EAMBER (non-restraint)  =    -43698.9821
 ------------------------------------------------------------------------------

wrapping first mol.:       20.29907       28.70721       49.72235
wrapping first mol.:       20.29907       28.70721       49.72235

 NSTEP =    27500   TIME(PS) =     995.000  TEMP(K) =   297.91  PRESS =     0.0
 Etot   =    -34355.7145  EKtot   =      9114.2510  EPtot      =    -43469.9654
 BOND   =       347.5247  ANGLE   =      1048.0811  DIHED      =      1346.8327
 1-4 NB =       466.3860  1-4 EEL =      6297.9109  VDWAALS    =      4732.6550
 EELEC  =    -57804.3921  EHBOND  =         0.0000  RESTRAINT  =        95.0362
 EAMBER (non-restraint)  =    -43565.0016
 ------------------------------------------------------------------------------

wrapping first mol.:       20.29907       28.70721       49.72235
wrapping first mol.:       20.29907       28.70721       49.72235

 NSTEP =    28000   TIME(PS) =     996.000  TEMP(K) =   301.01  PRESS =     0.0
 Etot   =    -34252.0435  EKtot   =      9208.9785  EPtot      =    -43461.0220
 BOND   =       360.5688  ANGLE   =      1057.2429  DIHED      =      1385.2630
 1-4 NB =       448.3304  1-4 EEL =      6294.4959  VDWAALS    =      4796.1697
 EELEC  =    -57911.9170  EHBOND  =         0.0000  RESTRAINT  =       108.8242
 EAMBER (non-restraint)  =    -43569.8462
 ------------------------------------------------------------------------------

wrapping first mol.:       20.29907       28.70721       49.72235
wrapping first mol.:       20.29907       28.70721       49.72235

 NSTEP =    28500   TIME(PS) =     997.000  TEMP(K) =   300.69  PRESS =     0.0
 Etot   =    -34481.4407  EKtot   =      9199.1572  EPtot      =    -43680.5979
 BOND   =       363.9636  ANGLE   =      1042.3726  DIHED      =      1371.9135
 1-4 NB =       444.9699  1-4 EEL =      6279.6610  VDWAALS    =      4807.4877
 EELEC  =    -58090.4687  EHBOND  =         0.0000  RESTRAINT  =        99.5024
 EAMBER (non-restraint)  =    -43780.1003
 ------------------------------------------------------------------------------

wrapping first mol.:       20.29907       28.70721       49.72235
wrapping first mol.:       20.29907       28.70721       49.72235

 NSTEP =    29000   TIME(PS) =     998.000  TEMP(K) =   300.14  PRESS =     0.0
 Etot   =    -34533.7653  EKtot   =      9182.5664  EPtot      =    -43716.3317
 BOND   =       352.1566  ANGLE   =      1027.4033  DIHED      =      1362.6807
 1-4 NB =       454.7624  1-4 EEL =      6262.1884  VDWAALS    =      4642.6109
 EELEC  =    -57916.8895  EHBOND  =         0.0000  RESTRAINT  =        98.7555
 EAMBER (non-restraint)  =    -43815.0872
 ------------------------------------------------------------------------------

wrapping first mol.:       20.29907       28.70721       49.72235
wrapping first mol.:       20.29907       28.70721       49.72235

 NSTEP =    29500   TIME(PS) =     999.000  TEMP(K) =   299.43  PRESS =     0.0
 Etot   =    -34436.2547  EKtot   =      9160.8223  EPtot      =    -43597.0770
 BOND   =       363.2520  ANGLE   =      1059.4584  DIHED      =      1367.5618
 1-4 NB =       447.4596  1-4 EEL =      6257.5488  VDWAALS    =      4770.5660
 EELEC  =    -57959.1904  EHBOND  =         0.0000  RESTRAINT  =        96.2669
 EAMBER (non-restraint)  =    -43693.3439
 ------------------------------------------------------------------------------

wrapping first mol.:       20.29907       28.70721       49.72235
wrapping first mol.:       20.29907       28.70721       49.72235

 NSTEP =    30000   TIME(PS) =    1000.000  TEMP(K) =   304.46  PRESS =     0.0
 Etot   =    -34282.0811  EKtot   =      9314.4668  EPtot      =    -43596.5479
 BOND   =       335.0184  ANGLE   =      1080.8814  DIHED      =      1368.6915
 1-4 NB =       453.1616  1-4 EEL =      6274.8368  VDWAALS    =      4724.2665
 EELEC  =    -57940.8199  EHBOND  =         0.0000  RESTRAINT  =       107.4157
 EAMBER (non-restraint)  =    -43703.9637
 ------------------------------------------------------------------------------

wrapping first mol.:       20.29907       28.70721       49.72235
wrapping first mol.:       20.29907       28.70721       49.72235

 NSTEP =    30500   TIME(PS) =    1001.000  TEMP(K) =   294.97  PRESS =     0.0
 Etot   =    -34589.5072  EKtot   =      9024.2715  EPtot      =    -43613.7787
 BOND   =       359.5916  ANGLE   =      1009.1387  DIHED      =      1378.3115
 1-4 NB =       445.0517  1-4 EEL =      6291.2897  VDWAALS    =      4487.6119
 EELEC  =    -57683.4318  EHBOND  =         0.0000  RESTRAINT  =        98.6580
 EAMBER (non-restraint)  =    -43712.4366
 ------------------------------------------------------------------------------

wrapping first mol.:       20.29907       28.70721       49.72235
wrapping first mol.:       20.29907       28.70721       49.72235

 NSTEP =    31000   TIME(PS) =    1002.000  TEMP(K) =   295.11  PRESS =     0.0
 Etot   =    -34650.7320  EKtot   =      9028.4336  EPtot      =    -43679.1656
 BOND   =       316.9541  ANGLE   =      1043.7905  DIHED      =      1354.1221
 1-4 NB =       457.6315  1-4 EEL =      6308.7541  VDWAALS    =      4508.9519
 EELEC  =    -57776.5309  EHBOND  =         0.0000  RESTRAINT  =       107.1611
 EAMBER (non-restraint)  =    -43786.3267
 ------------------------------------------------------------------------------

wrapping first mol.:       20.29907       28.70721       49.72235
wrapping first mol.:       20.29907       28.70721       49.72235

 NSTEP =    31500   TIME(PS) =    1003.000  TEMP(K) =   302.69  PRESS =     0.0
 Etot   =    -34307.7079  EKtot   =      9260.3467  EPtot      =    -43568.0546
 BOND   =       348.5628  ANGLE   =      1010.7672  DIHED      =      1362.6958
 1-4 NB =       445.4799  1-4 EEL =      6282.6104  VDWAALS    =      4609.6422
 EELEC  =    -57753.4297  EHBOND  =         0.0000  RESTRAINT  =       125.6168
 EAMBER (non-restraint)  =    -43693.6714
 ------------------------------------------------------------------------------

wrapping first mol.:       20.29907       28.70721       49.72235
wrapping first mol.:       20.29907       28.70721       49.72235

 NSTEP =    32000   TIME(PS) =    1004.000  TEMP(K) =   301.78  PRESS =     0.0
 Etot   =    -34185.9101  EKtot   =      9232.7178  EPtot      =    -43418.6279
 BOND   =       364.0079  ANGLE   =      1063.7611  DIHED      =      1397.1656
 1-4 NB =       436.9213  1-4 EEL =      6282.2352  VDWAALS    =      4756.9405
 EELEC  =    -57828.3681  EHBOND  =         0.0000  RESTRAINT  =       108.7086
 EAMBER (non-restraint)  =    -43527.3365
 ------------------------------------------------------------------------------

wrapping first mol.:       20.29907       28.70721       49.72235
wrapping first mol.:       20.29907       28.70721       49.72235

 NSTEP =    32500   TIME(PS) =    1005.000  TEMP(K) =   295.88  PRESS =     0.0
 Etot   =    -34635.4711  EKtot   =      9052.1924  EPtot      =    -43687.6635
 BOND   =       333.0796  ANGLE   =      1082.2007  DIHED      =      1373.6739
 1-4 NB =       458.7214  1-4 EEL =      6283.0666  VDWAALS    =      4850.2395
 EELEC  =    -58168.7776  EHBOND  =         0.0000  RESTRAINT  =       100.1323
 EAMBER (non-restraint)  =    -43787.7958
 ------------------------------------------------------------------------------

wrapping first mol.:       20.29907       28.70721       49.72235
wrapping first mol.:       20.29907       28.70721       49.72235

 NSTEP =    33000   TIME(PS) =    1006.000  TEMP(K) =   300.59  PRESS =     0.0
 Etot   =    -34473.5970  EKtot   =      9196.1113  EPtot      =    -43669.7083
 BOND   =       354.2456  ANGLE   =      1064.0058  DIHED      =      1383.5800
 1-4 NB =       454.8575  1-4 EEL =      6258.9571  VDWAALS    =      4722.8634
 EELEC  =    -58021.4585  EHBOND  =         0.0000  RESTRAINT  =       113.2406
 EAMBER (non-restraint)  =    -43782.9490
 ------------------------------------------------------------------------------

wrapping first mol.:       20.29907       28.70721       49.72235
wrapping first mol.:       20.29907       28.70721       49.72235

 NSTEP =    33500   TIME(PS) =    1007.000  TEMP(K) =   297.22  PRESS =     0.0
 Etot   =    -34563.7187  EKtot   =      9093.0342  EPtot      =    -43656.7529
 BOND   =       344.2522  ANGLE   =      1078.3712  DIHED      =      1385.5296
 1-4 NB =       450.6796  1-4 EEL =      6234.7489  VDWAALS    =      4960.2775
 EELEC  =    -58222.8442  EHBOND  =         0.0000  RESTRAINT  =       112.2321
 EAMBER (non-restraint)  =    -43768.9850
 ------------------------------------------------------------------------------

wrapping first mol.:       20.29907       28.70721       49.72235
wrapping first mol.:       20.29907       28.70721       49.72235

 NSTEP =    34000   TIME(PS) =    1008.000  TEMP(K) =   294.22  PRESS =     0.0
 Etot   =    -34535.6264  EKtot   =      9001.4443  EPtot      =    -43537.0707
 BOND   =       344.2886  ANGLE   =      1049.3212  DIHED      =      1382.5084
 1-4 NB =       452.5398  1-4 EEL =      6256.5225  VDWAALS    =      4779.3226
 EELEC  =    -57914.8706  EHBOND  =         0.0000  RESTRAINT  =       113.2969
 EAMBER (non-restraint)  =    -43650.3676
 ------------------------------------------------------------------------------

wrapping first mol.:       20.29907       28.70721       49.72235
wrapping first mol.:       20.29907       28.70721       49.72235

 NSTEP =    34500   TIME(PS) =    1009.000  TEMP(K) =   305.82  PRESS =     0.0
 Etot   =    -34262.6784  EKtot   =      9356.2412  EPtot      =    -43618.9196
 BOND   =       339.0171  ANGLE   =      1073.6101  DIHED      =      1358.0525
 1-4 NB =       450.6159  1-4 EEL =      6284.2353  VDWAALS    =      4752.4868
 EELEC  =    -57986.2974  EHBOND  =         0.0000  RESTRAINT  =       109.3600
 EAMBER (non-restraint)  =    -43728.2795
 ------------------------------------------------------------------------------

wrapping first mol.:       20.29907       28.70721       49.72235
wrapping first mol.:       20.29907       28.70721       49.72235

 NSTEP =    35000   TIME(PS) =    1010.000  TEMP(K) =   299.22  PRESS =     0.0
 Etot   =    -34471.5568  EKtot   =      9154.2412  EPtot      =    -43625.7980
 BOND   =       345.0977  ANGLE   =      1060.0916  DIHED      =      1351.4933
 1-4 NB =       447.8616  1-4 EEL =      6285.7529  VDWAALS    =      4732.9020
 EELEC  =    -57950.5399  EHBOND  =         0.0000  RESTRAINT  =       101.5428
 EAMBER (non-restraint)  =    -43727.3408
 ------------------------------------------------------------------------------

wrapping first mol.:       20.29907       28.70721       49.72235
wrapping first mol.:       20.29907       28.70721       49.72235

 NSTEP =    35500   TIME(PS) =    1011.000  TEMP(K) =   300.09  PRESS =     0.0
 Etot   =    -34364.9953  EKtot   =      9180.9717  EPtot      =    -43545.9670
 BOND   =       350.9471  ANGLE   =      1069.3834  DIHED      =      1374.9559
 1-4 NB =       451.3003  1-4 EEL =      6317.4221  VDWAALS    =      4584.8905
 EELEC  =    -57790.0958  EHBOND  =         0.0000  RESTRAINT  =        95.2294
 EAMBER (non-restraint)  =    -43641.1964
 ------------------------------------------------------------------------------

wrapping first mol.:       20.29907       28.70721       49.72235
wrapping first mol.:       20.29907       28.70721       49.72235

 NSTEP =    36000   TIME(PS) =    1012.000  TEMP(K) =   304.48  PRESS =     0.0
 Etot   =    -34390.6325  EKtot   =      9315.2773  EPtot      =    -43705.9098
 BOND   =       349.9482  ANGLE   =       993.1172  DIHED      =      1375.5715
 1-4 NB =       461.9573  1-4 EEL =      6262.6955  VDWAALS    =      4891.1827
 EELEC  =    -58140.3925  EHBOND  =         0.0000  RESTRAINT  =       100.0101
 EAMBER (non-restraint)  =    -43805.9200
 ------------------------------------------------------------------------------

wrapping first mol.:       20.29907       28.70721       49.72235
wrapping first mol.:       20.29907       28.70721       49.72235

 NSTEP =    36500   TIME(PS) =    1013.000  TEMP(K) =   299.11  PRESS =     0.0
 Etot   =    -34454.6941  EKtot   =      9151.0195  EPtot      =    -43605.7137
 BOND   =       322.0959  ANGLE   =      1078.7205  DIHED      =      1361.2170
 1-4 NB =       445.6965  1-4 EEL =      6266.7264  VDWAALS    =      4857.4734
 EELEC  =    -58045.3945  EHBOND  =         0.0000  RESTRAINT  =       107.7511
 EAMBER (non-restraint)  =    -43713.4648
 ------------------------------------------------------------------------------

wrapping first mol.:       20.29907       28.70721       49.72235
wrapping first mol.:       20.29907       28.70721       49.72235

 NSTEP =    37000   TIME(PS) =    1014.000  TEMP(K) =   299.42  PRESS =     0.0
 Etot   =    -34369.5732  EKtot   =      9160.2686  EPtot      =    -43529.8418
 BOND   =       355.4408  ANGLE   =      1022.2111  DIHED      =      1368.7991
 1-4 NB =       453.8525  1-4 EEL =      6259.4068  VDWAALS    =      4609.4281
 EELEC  =    -57702.4635  EHBOND  =         0.0000  RESTRAINT  =       103.4834
 EAMBER (non-restraint)  =    -43633.3251
 ------------------------------------------------------------------------------

wrapping first mol.:       20.29907       28.70721       49.72235
wrapping first mol.:       20.29907       28.70721       49.72235

 NSTEP =    37500   TIME(PS) =    1015.000  TEMP(K) =   301.20  PRESS =     0.0
 Etot   =    -34323.0475  EKtot   =      9214.7266  EPtot      =    -43537.7740
 BOND   =       324.4167  ANGLE   =      1031.6123  DIHED      =      1381.7843
 1-4 NB =       463.5091  1-4 EEL =      6273.7511  VDWAALS    =      4824.7794
 EELEC  =    -57947.7575  EHBOND  =         0.0000  RESTRAINT  =       110.1306
 EAMBER (non-restraint)  =    -43647.9046
 ------------------------------------------------------------------------------

wrapping first mol.:       20.29907       28.70721       49.72235
wrapping first mol.:       20.29907       28.70721       49.72235

 NSTEP =    38000   TIME(PS) =    1016.000  TEMP(K) =   301.45  PRESS =     0.0
 Etot   =    -34402.5938  EKtot   =      9222.4482  EPtot      =    -43625.0420
 BOND   =       365.4771  ANGLE   =      1047.4561  DIHED      =      1359.1466
 1-4 NB =       456.8280  1-4 EEL =      6264.5884  VDWAALS    =      4772.4638
 EELEC  =    -57997.8638  EHBOND  =         0.0000  RESTRAINT  =       106.8618
 EAMBER (non-restraint)  =    -43731.9038
 ------------------------------------------------------------------------------

wrapping first mol.:       20.29907       28.70721       49.72235
wrapping first mol.:       20.29907       28.70721       49.72235

 NSTEP =    38500   TIME(PS) =    1017.000  TEMP(K) =   302.35  PRESS =     0.0
 Etot   =    -34196.5950  EKtot   =      9250.0967  EPtot      =    -43446.6917
 BOND   =       343.4636  ANGLE   =      1038.5924  DIHED      =      1381.9150
 1-4 NB =       453.0883  1-4 EEL =      6278.1834  VDWAALS    =      4758.9163
 EELEC  =    -57812.5125  EHBOND  =         0.0000  RESTRAINT  =       111.6618
 EAMBER (non-restraint)  =    -43558.3535
 ------------------------------------------------------------------------------

wrapping first mol.:       20.29907       28.70721       49.72235
wrapping first mol.:       20.29907       28.70721       49.72235

 NSTEP =    39000   TIME(PS) =    1018.000  TEMP(K) =   302.15  PRESS =     0.0
 Etot   =    -34319.9719  EKtot   =      9243.7783  EPtot      =    -43563.7503
 BOND   =       347.5215  ANGLE   =      1045.3160  DIHED      =      1382.5896
 1-4 NB =       448.1227  1-4 EEL =      6252.3964  VDWAALS    =      4832.0819
 EELEC  =    -57988.7748  EHBOND  =         0.0000  RESTRAINT  =       116.9963
 EAMBER (non-restraint)  =    -43680.7466
 ------------------------------------------------------------------------------

wrapping first mol.:       20.29907       28.70721       49.72235
wrapping first mol.:       20.29907       28.70721       49.72235

 NSTEP =    39500   TIME(PS) =    1019.000  TEMP(K) =   300.17  PRESS =     0.0
 Etot   =    -34346.5623  EKtot   =      9183.4551  EPtot      =    -43530.0174
 BOND   =       322.8288  ANGLE   =      1011.1547  DIHED      =      1377.2084
 1-4 NB =       471.1722  1-4 EEL =      6289.7853  VDWAALS    =      4545.1115
 EELEC  =    -57656.8276  EHBOND  =         0.0000  RESTRAINT  =       109.5494
 EAMBER (non-restraint)  =    -43639.5668
 ------------------------------------------------------------------------------

wrapping first mol.:       20.29907       28.70721       49.72235
wrapping first mol.:       20.29907       28.70721       49.72235

 NSTEP =    40000   TIME(PS) =    1020.000  TEMP(K) =   298.28  PRESS =     0.0
 Etot   =    -34523.9082  EKtot   =      9125.5273  EPtot      =    -43649.4355
 BOND   =       342.0836  ANGLE   =      1073.5831  DIHED      =      1372.8076
 1-4 NB =       455.5211  1-4 EEL =      6288.2170  VDWAALS    =      4781.4501
 EELEC  =    -58069.4942  EHBOND  =         0.0000  RESTRAINT  =       106.3962
 EAMBER (non-restraint)  =    -43755.8317
 ------------------------------------------------------------------------------

wrapping first mol.:       20.29907       28.70721       49.72235
wrapping first mol.:       20.29907       28.70721       49.72235

 NSTEP =    40500   TIME(PS) =    1021.000  TEMP(K) =   292.68  PRESS =     0.0
 Etot   =    -34498.6538  EKtot   =      8954.1543  EPtot      =    -43452.8081
 BOND   =       371.3354  ANGLE   =      1053.0625  DIHED      =      1380.1836
 1-4 NB =       458.1368  1-4 EEL =      6299.9991  VDWAALS    =      4601.3197
 EELEC  =    -57721.7400  EHBOND  =         0.0000  RESTRAINT  =       104.8947
 EAMBER (non-restraint)  =    -43557.7029
 ------------------------------------------------------------------------------

wrapping first mol.:       20.29907       28.70721       49.72235
wrapping first mol.:       20.29907       28.70721       49.72235

 NSTEP =    41000   TIME(PS) =    1022.000  TEMP(K) =   301.04  PRESS =     0.0
 Etot   =    -34534.1923  EKtot   =      9209.8779  EPtot      =    -43744.0702
 BOND   =       341.5178  ANGLE   =      1084.7610  DIHED      =      1374.3945
 1-4 NB =       465.6432  1-4 EEL =      6298.7313  VDWAALS    =      4891.0373
 EELEC  =    -58302.0516  EHBOND  =         0.0000  RESTRAINT  =       101.8963
 EAMBER (non-restraint)  =    -43845.9665
 ------------------------------------------------------------------------------

wrapping first mol.:       20.29907       28.70721       49.72235
wrapping first mol.:       20.29907       28.70721       49.72235

 NSTEP =    41500   TIME(PS) =    1023.000  TEMP(K) =   301.09  PRESS =     0.0
 Etot   =    -34395.5068  EKtot   =      9211.6270  EPtot      =    -43607.1337
 BOND   =       347.2138  ANGLE   =      1082.8519  DIHED      =      1384.0603
 1-4 NB =       464.4067  1-4 EEL =      6300.9118  VDWAALS    =      5059.6687
 EELEC  =    -58343.8025  EHBOND  =         0.0000  RESTRAINT  =        97.5555
 EAMBER (non-restraint)  =    -43704.6892
 ------------------------------------------------------------------------------

wrapping first mol.:       20.29907       28.70721       49.72235
wrapping first mol.:       20.29907       28.70721       49.72235

 NSTEP =    42000   TIME(PS) =    1024.000  TEMP(K) =   300.07  PRESS =     0.0
 Etot   =    -34588.3542  EKtot   =      9180.3691  EPtot      =    -43768.7233
 BOND   =       334.3887  ANGLE   =      1077.0584  DIHED      =      1359.2139
 1-4 NB =       465.8157  1-4 EEL =      6299.3303  VDWAALS    =      4966.9854
 EELEC  =    -58377.8752  EHBOND  =         0.0000  RESTRAINT  =       106.3594
 EAMBER (non-restraint)  =    -43875.0828
 ------------------------------------------------------------------------------

wrapping first mol.:       20.29907       28.70721       49.72235
wrapping first mol.:       20.29907       28.70721       49.72235

 NSTEP =    42500   TIME(PS) =    1025.000  TEMP(K) =   300.83  PRESS =     0.0
 Etot   =    -34351.5350  EKtot   =      9203.6143  EPtot      =    -43555.1493
 BOND   =       321.7978  ANGLE   =      1068.6958  DIHED      =      1377.1346
 1-4 NB =       452.7420  1-4 EEL =      6311.3114  VDWAALS    =      4728.3358
 EELEC  =    -57931.7082  EHBOND  =         0.0000  RESTRAINT  =       116.5415
 EAMBER (non-restraint)  =    -43671.6908
 ------------------------------------------------------------------------------

wrapping first mol.:       20.29907       28.70721       49.72235
wrapping first mol.:       20.29907       28.70721       49.72235

 NSTEP =    43000   TIME(PS) =    1026.000  TEMP(K) =   304.23  PRESS =     0.0
 Etot   =    -34090.5236  EKtot   =      9307.4980  EPtot      =    -43398.0217
 BOND   =       346.8289  ANGLE   =      1093.8492  DIHED      =      1379.7831
 1-4 NB =       446.7062  1-4 EEL =      6292.0272  VDWAALS    =      4709.8054
 EELEC  =    -57783.6837  EHBOND  =         0.0000  RESTRAINT  =       116.6620
 EAMBER (non-restraint)  =    -43514.6837
 ------------------------------------------------------------------------------

wrapping first mol.:       20.29907       28.70721       49.72235
wrapping first mol.:       20.29907       28.70721       49.72235

 NSTEP =    43500   TIME(PS) =    1027.000  TEMP(K) =   300.26  PRESS =     0.0
 Etot   =    -34326.9358  EKtot   =      9186.2168  EPtot      =    -43513.1526
 BOND   =       356.3495  ANGLE   =      1093.7272  DIHED      =      1371.1937
 1-4 NB =       442.8612  1-4 EEL =      6247.2649  VDWAALS    =      4601.9535
 EELEC  =    -57723.7401  EHBOND  =         0.0000  RESTRAINT  =        97.2375
 EAMBER (non-restraint)  =    -43610.3901
 ------------------------------------------------------------------------------

wrapping first mol.:       20.29907       28.70721       49.72235
wrapping first mol.:       20.29907       28.70721       49.72235

 NSTEP =    44000   TIME(PS) =    1028.000  TEMP(K) =   301.47  PRESS =     0.0
 Etot   =    -34501.0336  EKtot   =      9222.9893  EPtot      =    -43724.0229
 BOND   =       340.3264  ANGLE   =      1039.9880  DIHED      =      1366.8970
 1-4 NB =       462.6257  1-4 EEL =      6298.4084  VDWAALS    =      4773.6326
 EELEC  =    -58110.1337  EHBOND  =         0.0000  RESTRAINT  =       104.2329
 EAMBER (non-restraint)  =    -43828.2557
 ------------------------------------------------------------------------------

wrapping first mol.:       20.29907       28.70721       49.72235
wrapping first mol.:       20.29907       28.70721       49.72235

 NSTEP =    44500   TIME(PS) =    1029.000  TEMP(K) =   297.42  PRESS =     0.0
 Etot   =    -34406.3882  EKtot   =      9099.1768  EPtot      =    -43505.5650
 BOND   =       319.8989  ANGLE   =      1067.0039  DIHED      =      1386.9826
 1-4 NB =       448.9276  1-4 EEL =      6293.8901  VDWAALS    =      4701.3058
 EELEC  =    -57832.3095  EHBOND  =         0.0000  RESTRAINT  =       108.7357
 EAMBER (non-restraint)  =    -43614.3007
 ------------------------------------------------------------------------------

wrapping first mol.:       20.29907       28.70721       49.72235
wrapping first mol.:       20.29907       28.70721       49.72235

 NSTEP =    45000   TIME(PS) =    1030.000  TEMP(K) =   302.10  PRESS =     0.0
 Etot   =    -34435.6387  EKtot   =      9242.4336  EPtot      =    -43678.0723
 BOND   =       371.6993  ANGLE   =      1004.3011  DIHED      =      1383.5322
 1-4 NB =       452.2307  1-4 EEL =      6285.5780  VDWAALS    =      4775.5212
 EELEC  =    -58052.8576  EHBOND  =         0.0000  RESTRAINT  =       101.9227
 EAMBER (non-restraint)  =    -43779.9951
 ------------------------------------------------------------------------------

wrapping first mol.:       20.29907       28.70721       49.72235
wrapping first mol.:       20.29907       28.70721       49.72235

 NSTEP =    45500   TIME(PS) =    1031.000  TEMP(K) =   299.78  PRESS =     0.0
 Etot   =    -34122.4848  EKtot   =      9171.3193  EPtot      =    -43293.8041
 BOND   =       345.5845  ANGLE   =      1115.5636  DIHED      =      1373.0141
 1-4 NB =       456.7308  1-4 EEL =      6267.5808  VDWAALS    =      4652.6175
 EELEC  =    -57616.8414  EHBOND  =         0.0000  RESTRAINT  =       111.9459
 EAMBER (non-restraint)  =    -43405.7500
 ------------------------------------------------------------------------------

wrapping first mol.:       20.29907       28.70721       49.72235
wrapping first mol.:       20.29907       28.70721       49.72235

 NSTEP =    46000   TIME(PS) =    1032.000  TEMP(K) =   296.68  PRESS =     0.0
 Etot   =    -34673.5112  EKtot   =      9076.4268  EPtot      =    -43749.9379
 BOND   =       315.4790  ANGLE   =      1101.2207  DIHED      =      1356.7594
 1-4 NB =       455.7502  1-4 EEL =      6288.5968  VDWAALS    =      4907.1578
 EELEC  =    -58274.7025  EHBOND  =         0.0000  RESTRAINT  =        99.8007
 EAMBER (non-restraint)  =    -43849.7386
 ------------------------------------------------------------------------------

wrapping first mol.:       20.29907       28.70721       49.72235
wrapping first mol.:       20.29907       28.70721       49.72235

 NSTEP =    46500   TIME(PS) =    1033.000  TEMP(K) =   299.59  PRESS =     0.0
 Etot   =    -34554.9963  EKtot   =      9165.6162  EPtot      =    -43720.6126
 BOND   =       357.4981  ANGLE   =      1066.8456  DIHED      =      1374.2695
 1-4 NB =       463.8915  1-4 EEL =      6316.4217  VDWAALS    =      4663.2503
 EELEC  =    -58063.8436  EHBOND  =         0.0000  RESTRAINT  =       101.0545
 EAMBER (non-restraint)  =    -43821.6670
 ------------------------------------------------------------------------------

wrapping first mol.:       20.29907       28.70721       49.72235
wrapping first mol.:       20.29907       28.70721       49.72235

 NSTEP =    47000   TIME(PS) =    1034.000  TEMP(K) =   298.72  PRESS =     0.0
 Etot   =    -34423.8103  EKtot   =      9138.9736  EPtot      =    -43562.7839
 BOND   =       336.9657  ANGLE   =      1079.7764  DIHED      =      1375.5549
 1-4 NB =       447.0411  1-4 EEL =      6284.7327  VDWAALS    =      4750.5699
 EELEC  =    -57943.7026  EHBOND  =         0.0000  RESTRAINT  =       106.2780
 EAMBER (non-restraint)  =    -43669.0619
 ------------------------------------------------------------------------------

wrapping first mol.:       20.29907       28.70721       49.72235
wrapping first mol.:       20.29907       28.70721       49.72235

 NSTEP =    47500   TIME(PS) =    1035.000  TEMP(K) =   297.67  PRESS =     0.0
 Etot   =    -34294.0750  EKtot   =      9106.8184  EPtot      =    -43400.8933
 BOND   =       341.5779  ANGLE   =      1070.4207  DIHED      =      1384.4582
 1-4 NB =       455.2571  1-4 EEL =      6293.8511  VDWAALS    =      4653.7152
 EELEC  =    -57704.3311  EHBOND  =         0.0000  RESTRAINT  =       104.1575
 EAMBER (non-restraint)  =    -43505.0508
 ------------------------------------------------------------------------------

wrapping first mol.:       20.29907       28.70721       49.72235
wrapping first mol.:       20.29907       28.70721       49.72235

 NSTEP =    48000   TIME(PS) =    1036.000  TEMP(K) =   300.56  PRESS =     0.0
 Etot   =    -34434.6675  EKtot   =      9195.2930  EPtot      =    -43629.9605
 BOND   =       331.9208  ANGLE   =      1046.2377  DIHED      =      1382.3060
 1-4 NB =       452.9504  1-4 EEL =      6297.4341  VDWAALS    =      4841.2407
 EELEC  =    -58085.1104  EHBOND  =         0.0000  RESTRAINT  =       103.0602
 EAMBER (non-restraint)  =    -43733.0207
 ------------------------------------------------------------------------------

wrapping first mol.:       20.29907       28.70721       49.72235
wrapping first mol.:       20.29907       28.70721       49.72235

 NSTEP =    48500   TIME(PS) =    1037.000  TEMP(K) =   302.09  PRESS =     0.0
 Etot   =    -34244.1258  EKtot   =      9242.0850  EPtot      =    -43486.2108
 BOND   =       346.6898  ANGLE   =      1116.1421  DIHED      =      1378.3649
 1-4 NB =       454.6409  1-4 EEL =      6263.0348  VDWAALS    =      4794.2298
 EELEC  =    -57947.2531  EHBOND  =         0.0000  RESTRAINT  =       107.9400
 EAMBER (non-restraint)  =    -43594.1508
 ------------------------------------------------------------------------------

wrapping first mol.:       20.29907       28.70721       49.72235
wrapping first mol.:       20.29907       28.70721       49.72235

 NSTEP =    49000   TIME(PS) =    1038.000  TEMP(K) =   303.58  PRESS =     0.0
 Etot   =    -34370.6545  EKtot   =      9287.5215  EPtot      =    -43658.1760
 BOND   =       342.1404  ANGLE   =      1052.5557  DIHED      =      1370.1420
 1-4 NB =       472.3848  1-4 EEL =      6291.5741  VDWAALS    =      4725.1368
 EELEC  =    -58030.0982  EHBOND  =         0.0000  RESTRAINT  =       117.9884
 EAMBER (non-restraint)  =    -43776.1644
 ------------------------------------------------------------------------------

wrapping first mol.:       20.29907       28.70721       49.72235
wrapping first mol.:       20.29907       28.70721       49.72235

 NSTEP =    49500   TIME(PS) =    1039.000  TEMP(K) =   294.91  PRESS =     0.0
 Etot   =    -34576.4466  EKtot   =      9022.3486  EPtot      =    -43598.7952
 BOND   =       341.1994  ANGLE   =      1076.3741  DIHED      =      1373.9375
 1-4 NB =       450.2320  1-4 EEL =      6276.3719  VDWAALS    =      4768.3744
 EELEC  =    -57996.9677  EHBOND  =         0.0000  RESTRAINT  =       111.6831
 EAMBER (non-restraint)  =    -43710.4783
 ------------------------------------------------------------------------------

wrapping first mol.:       20.29907       28.70721       49.72235
wrapping first mol.:       20.29907       28.70721       49.72235

 NSTEP =    50000   TIME(PS) =    1040.000  TEMP(K) =   301.48  PRESS =     0.0
 Etot   =    -34421.3732  EKtot   =      9223.3486  EPtot      =    -43644.7218
 BOND   =       373.8286  ANGLE   =      1104.1966  DIHED      =      1375.8553
 1-4 NB =       445.2889  1-4 EEL =      6308.8738  VDWAALS    =      4840.9573
 EELEC  =    -58192.1640  EHBOND  =         0.0000  RESTRAINT  =        98.4418
 EAMBER (non-restraint)  =    -43743.1636
 ------------------------------------------------------------------------------


      A V E R A G E S   O V E R     100 S T E P S


 NSTEP =    50000   TIME(PS) =    1040.000  TEMP(K) =   299.96  PRESS =     0.0
 Etot   =    -34447.4902  EKtot   =      9177.0169  EPtot      =    -43624.5072
 BOND   =       345.0622  ANGLE   =      1057.8320  DIHED      =      1372.6708
 1-4 NB =       454.1949  1-4 EEL =      6286.1537  VDWAALS    =      4748.3837
 EELEC  =    -57994.1912  EHBOND  =         0.0000  RESTRAINT  =       105.3868
 EAMBER (non-restraint)  =    -43729.8940
 ------------------------------------------------------------------------------


      R M S  F L U C T U A T I O N S


 NSTEP =    50000   TIME(PS) =    1040.000  TEMP(K) =     2.94  PRESS =     0.0
 Etot   =       146.3338  EKtot   =        90.0713  EPtot      =       114.7991
 BOND   =        14.5648  ANGLE   =        26.7892  DIHED      =        11.2421
 1-4 NB =         8.7239  1-4 EEL =        20.2040  VDWAALS    =       107.7506
 EELEC  =       181.2969  EHBOND  =         0.0000  RESTRAINT  =         6.5615
 EAMBER (non-restraint)  =       108.2376
 ------------------------------------------------------------------------------

--------------------------------------------------------------------------------
   5.  TIMINGS
--------------------------------------------------------------------------------

|  NonSetup CPU Time in Major Routines:
|
|     Routine           Sec        %
|     ------------------------------
|     Nonbond          12.00   31.41
|     Bond              0.00    0.00
|     Angle             0.00    0.00
|     Dihedral          0.00    0.00
|     Shake             0.83    2.17
|     RunMD            25.30   66.23
|     Other             0.08    0.20
|     ------------------------------
|     Total            38.21

|  PME Nonbond Pairlist CPU Time:
|
|     Routine              Sec        %
|     ---------------------------------
|     Set Up Cit           0.00    0.00
|     Build List           0.00    0.00
|     ---------------------------------
|     Total                0.00    0.00

|  PME Direct Force CPU Time:
|
|     Routine              Sec        %
|     ---------------------------------
|     NonBonded Calc       0.00    0.00
|     Exclude Masked       0.00    0.00
|     Other                0.04    0.09
|     ---------------------------------
|     Total                0.04    0.09

|  PME Reciprocal Force CPU Time:
|
|     Routine              Sec        %
|     ---------------------------------
|     1D bspline           0.00    0.00
|     Grid Charges         0.00    0.00
|     Scalar Sum           0.00    0.00
|     Gradient Sum         0.00    0.00
|     FFT                  0.00    0.00
|     ---------------------------------
|     Total                0.00    0.00

|  Final Performance Info:
|     -----------------------------------------------------
|     Average timings for last   49500 steps:
|     Elapsed(s) =      37.80 Per Step(ms) =       0.76
|         ns/day =     226.29   seconds/ns =     381.81
|
|     Average timings for all steps:
|     Elapsed(s) =      38.22 Per Step(ms) =       0.76
|         ns/day =     226.07   seconds/ns =     382.18
|     -----------------------------------------------------

|  Setup CPU time:            2.93 seconds
|  NonSetup CPU time:        38.21 seconds
|  Total CPU time:           41.14 seconds     0.01 hours

|  Setup wall time:           3    seconds
|  NonSetup wall time:       39    seconds
|  Total wall time:          42    seconds     0.01 hours
