----------------------------------------
Begin Torque Prologue on nid25254
at Sun Nov 19 22:09:02 CST 2017
Job Id:			7846656.bw
Username:		barletta
Group:			PRAC_gk4
Job name:		ctv_pdt_cph_
Requested resources:	neednodes=10:ppn=1:xk,nodes=10:ppn=1:xk,walltime=24:00:00
Queue:			normal
Account:		gk4
End Torque Prologue:  0.105 elapsed
----------------------------------------





 Running multipmemd version of pmemd Amber16
    Total processors =    10
    Number of groups =    10

Note: The following floating-point exceptions are signalling: IEEE_DIVIDE_BY_ZERO IEEE_UNDERFLOW_FLAG IEEE_DENORMAL
Note: The following floating-point exceptions are signalling: IEEE_DIVIDE_BY_ZERO IEEE_UNDERFLOW_FLAG IEEE_DENORMAL
Note: The following floating-point exceptions are signalling: IEEE_DIVIDE_BY_ZERO IEEE_UNDERFLOW_FLAG IEEE_DENORMAL
Note: The following floating-point exceptions are signalling: IEEE_DIVIDE_BY_ZERO IEEE_UNDERFLOW_FLAG IEEE_DENORMAL
Note: The following floating-point exceptions are signalling: IEEE_DIVIDE_BY_ZERO IEEE_UNDERFLOW_FLAG IEEE_DENORMAL
Note: The following floating-point exceptions are signalling: IEEE_DIVIDE_BY_ZERO IEEE_UNDERFLOW_FLAG IEEE_DENORMAL
Note: The following floating-point exceptions are signalling: IEEE_DIVIDE_BY_ZERO IEEE_UNDERFLOW_FLAG IEEE_DENORMAL
Note: The following floating-point exceptions are signalling: IEEE_DIVIDE_BY_ZERO IEEE_UNDERFLOW_FLAG IEEE_DENORMAL
Note: The following floating-point exceptions are signalling: IEEE_DIVIDE_BY_ZERO IEEE_UNDERFLOW_FLAG IEEE_DENORMAL
Note: The following floating-point exceptions are signalling: IEEE_DIVIDE_BY_ZERO IEEE_UNDERFLOW_FLAG IEEE_DENORMAL
Application 63421540 network quiesced: 5 nodes quiesced, 00:04:54 node-seconds
Application 63421540 resources: utime ~544405s, stime ~47068s, Rss ~333664, inblocks ~240892256, outblocks ~257910918
