
          -------------------------------------------------------
          Amber 16 PMEMD                              2016
          -------------------------------------------------------

| PMEMD implementation of SANDER, Release 16

| Run on 11/17/2017 at 08:23:52

|   Executable path: /apps/amber16/bin/pmemd.cuda
| Working directory: /home/pbarletta
|          Hostname: mordor

  [-O]verwriting output

File Assignments:
|   MDIN: /scratch/pbarletta/cph_obp/run/eol/mhe/e/11equ.in                     
|  MDOUT: /scratch/pbarletta/cph_obp/run/eol/mhe/e/11equ.out                    
| INPCRD: /scratch/pbarletta/cph_obp/run/eol/mhe/e/10eeol.rst7                  
|   PARM: /scratch/pbarletta/cph_obp/top_files/eol.prmtop                       
| RESTRT: /scratch/pbarletta/cph_obp/run/eol/mhe/e/11eeol.rst7                  
|   REFC: /scratch/pbarletta/cph_obp/run/eol/mhe/e/10eeol.rst7                  
|  MDVEL: mdvel                                                                 
|   MDEN: mden                                                                  
|  MDCRD: /scratch/pbarletta/cph_obp/run/eol/mhe/e/11eeol.nc                    
| MDINFO: mdinfo                                                                
|  MDFRC: mdfrc                                                                 


 Here is the input file:

Equilibration with solute restrictions                                         
&cntrl                                                                         
imin = 0,                           ! No Minimization                          
nmropt = 0,                         ! No NMR restraints read                   
                                                                               
! Nature and format of the input                                               
ntx = 5,                            ! Coordinates but no velocities will be rea
irest = 1,                          ! Do not run a new simulation              
                                                                               
! Nature and format of the output                                              
ntxo = 1,                           ! rstrt file in ASCII format               
ntpr = 500,                         ! inf in output every ntpr steps           
ntwr = 500,                         ! rstrt file every ntwr steps              
ntwx = 500,                         ! mdcrd file every ntwx steps              
ntwv = 0,                           ! mdvel without velocities                 
ntwe = 0,                           ! Energies and temperatures not written in 
idecomp = 0,                        ! No energy decomposition                  
iwrap = 1,                          ! Coordinates of the restart and mdcrd file
                                                                               
! Frozen or restrained atoms                                                   
ibelly = 0,                         ! No frozen atoms                          
ntr=1,                              ! Harmonic potential restraints            
restraint_wt = 6.0,                ! The weight for the positional restraints  
restraintmask = ':1-120@N,CA,C,O',  ! restrained residues                      
                                                                               
! Molecular dynamics                                                           
nstlim = 50000,                     ! Number of MD-steps                       
dt = 0.002,                         ! Time step                                
                                                                               
! Temperature regulation                                                       
ntt = 3,                            ! Langevin thermostat                      
gamma_ln = 5,                       ! Gamma constant for Langevin              
temp0 = 300.0,                      ! Reference T at which the system is to be 
tempi = 300.0,                      ! Initial T                                
ig = -1,                            ! Seed for the RNG                         
                                                                               
! P and V regulation                                                           
ntp = 0,                            ! No pressure control                      
ntb = 1,                            ! Periodic box for constant V              
                                                                               
! SHAKE variables                                                              
ntc = 2,                            ! Bonds involving H are constrained        
ntf = 2,                            ! Bond interaction involving H are ommited.
                                                                               
cut = 10.0,                         ! Nonbonded cutoff                         
                                                                               
/                                                                              
&end                                                                           


Note: ig = -1. Setting random seed to   307931 based on wallclock time in 
      microseconds.
| irandom = 1, using AMBER's internal random number generator (default).
 
|--------------------- INFORMATION ----------------------
| GPU (CUDA) Version of PMEMD in use: NVIDIA GPU IN USE.
|                    Version 16.0.0
| 
|                      02/25/2016
| 
| Implementation by:
|                    Ross C. Walker     (SDSC)
|                    Scott Le Grand     (nVIDIA)
| 
| Precision model in use:
|      [SPFP] - Single Precision Forces, 64-bit Fixed Point
|               Accumulation. (Default)
| 
|--------------------------------------------------------
 
|----------------- CITATION INFORMATION -----------------
|
|    When publishing work that utilized the CUDA version
|    of AMBER, please cite the following in addition to
|    the regular AMBER citations:
|
|  - Romelia Salomon-Ferrer; Andreas W. Goetz; Duncan
|    Poole; Scott Le Grand; Ross C. Walker "Routine
|    microsecond molecular dynamics simulations with
|    AMBER - Part II: Particle Mesh Ewald", J. Chem.
|    Theory Comput., 2013, 9 (9), pp3878-3888,
|    DOI: 10.1021/ct400314y.
|
|  - Andreas W. Goetz; Mark J. Williamson; Dong Xu;
|    Duncan Poole; Scott Le Grand; Ross C. Walker
|    "Routine microsecond molecular dynamics simulations
|    with AMBER - Part I: Generalized Born", J. Chem.
|    Theory Comput., 2012, 8 (5), pp1542-1555.
|
|  - Scott Le Grand; Andreas W. Goetz; Ross C. Walker
|    "SPFP: Speed without compromise - a mixed precision
|    model for GPU accelerated molecular dynamics
|    simulations.", Comp. Phys. Comm., 2013, 184
|    pp374-380, DOI: 10.1016/j.cpc.2012.09.022
|
|--------------------------------------------------------
 
|------------------- GPU DEVICE INFO --------------------
|
|            CUDA_VISIBLE_DEVICES: 2
|   CUDA Capable Devices Detected:      1
|           CUDA Device ID in use:      0
|                CUDA Device Name: GeForce GTX 1080 Ti
|     CUDA Device Global Mem Size:  11172 MB
| CUDA Device Num Multiprocessors:     28
|           CUDA Device Core Freq:   1.58 GHz
|
|--------------------------------------------------------
 
 
| Conditional Compilation Defines Used:
| PUBFFT
| BINTRAJ
| CUDA
| EMIL

| Largest sphere to fit in unit cell has radius =    25.573

| New format PARM file being parsed.
| Version =    1.000 Date = 11/14/17 Time = 21:40:14

| Note: 1-4 EEL scale factors are being read from the topology file.

| Note: 1-4 VDW scale factors are being read from the topology file.
| Duplicated    0 dihedrals

| Duplicated    0 dihedrals

--------------------------------------------------------------------------------
   1.  RESOURCE   USE: 
--------------------------------------------------------------------------------

 getting new box info from bottom of inpcrd
 NATOM  =   16335 NTYPES =      18 NBONH =   15379 MBONA  =     963
 NTHETH =    2359 MTHETA =    1293 NPHIH =    4500 MPHIA  =    3265
 NHPARM =       0 NPARM  =       0 NNB   =   30156 NRES   =    4896
 NBONA  =     963 NTHETA =    1293 NPHIA =    3265 NUMBND =      51
 NUMANG =     105 NPTRA  =      41 NATYP =      35 NPHB   =       1
 IFBOX  =       2 NMXRS  =      24 IFCAP =       0 NEXTRA =       0
 NCOPY  =       0

| Coordinate Index Table dimensions:    10   10   10
| Direct force subcell size =     6.2641    6.2641    6.2641

     BOX TYPE: TRUNCATED OCTAHEDRON

--------------------------------------------------------------------------------
   2.  CONTROL  DATA  FOR  THE  RUN
--------------------------------------------------------------------------------

default_name                                                                    

General flags:
     imin    =       0, nmropt  =       0

Nature and format of input:
     ntx     =       5, irest   =       1, ntrx    =       1

Nature and format of output:
     ntxo    =       1, ntpr    =     500, ntrx    =       1, ntwr    =     500
     iwrap   =       1, ntwx    =     500, ntwv    =       0, ntwe    =       0
     ioutfm  =       1, ntwprt  =       0, idecomp =       0, rbornstat=      0

Potential function:
     ntf     =       2, ntb     =       1, igb     =       0, nsnb    =      25
     ipol    =       0, gbsa    =       0, iesp    =       0
     dielc   =   1.00000, cut     =  10.00000, intdiel =   1.00000

Frozen or restrained atoms:
     ibelly  =       0, ntr     =       1
     restraint_wt =   6.00000

Molecular dynamics:
     nstlim  =     50000, nscm    =         0, nrespa  =         1
     t       =   0.00000, dt      =   0.00200, vlimit  =  -1.00000

Langevin dynamics temperature regulation:
     ig      =  307931
     temp0   = 300.00000, tempi   = 300.00000, gamma_ln=   5.00000

SHAKE:
     ntc     =       2, jfastw  =       0
     tol     =   0.00001

| Intermolecular bonds treatment:
|     no_intermolecular_bonds =       1

| Energy averages sample interval:
|     ene_avg_sampling =     500

Ewald parameters:
     verbose =       0, ew_type =       0, nbflag  =       1, use_pme =       1
     vdwmeth =       1, eedmeth =       1, netfrc  =       1
     Box X =   62.641   Box Y =   62.641   Box Z =   62.641
     Alpha =  109.471   Beta  =  109.471   Gamma =  109.471
     NFFT1 =   64       NFFT2 =   64       NFFT3 =   64
     Cutoff=   10.000   Tol   =0.100E-04
     Ewald Coefficient =  0.27511
     Interpolation order =    4

    LOADING THE CONSTRAINED ATOMS AS GROUPS


   5.  REFERENCE ATOM COORDINATES

  default_name                                                                    
     Mask :1-120@N,CA,C,O; matches   476 atoms

--------------------------------------------------------------------------------
   3.  ATOMIC COORDINATES AND VELOCITIES
--------------------------------------------------------------------------------

default_name                                                                    
 begin time read from input coords =  1140.000 ps

 
 Number of triangulated 3-point waters found:     4775

     Sum of charges from parm topology file =  -0.00000006
     Forcing neutrality...

| Dynamic Memory, Types Used:
| Reals              619308
| Integers           586628

| Nonbonded Pairs Initial Allocation:     4940929

| GPU memory information (estimate):
| KB of GPU memory in use:    123232
| KB of CPU memory in use:     26926

--------------------------------------------------------------------------------
   4.  RESULTS
--------------------------------------------------------------------------------

 ---------------------------------------------------
 APPROXIMATING switch and d/dx switch using CUBIC SPLINE INTERPOLATION
 using   5000.0 points per unit in tabled values
 TESTING RELATIVE ERROR over r ranging from 0.0 to cutoff
| CHECK switch(x): max rel err =   0.2738E-14   at   2.422500
| CHECK d/dx switch(x): max rel err =   0.8314E-11   at   2.736960
 ---------------------------------------------------
|---------------------------------------------------
| APPROXIMATING direct energy using CUBIC SPLINE INTERPOLATION
|  with   50.0 points per unit in tabled values
| Relative Error Limit not exceeded for r .gt.   2.33
| APPROXIMATING direct force using CUBIC SPLINE INTERPOLATION
|  with   50.0 points per unit in tabled values
| Relative Error Limit not exceeded for r .gt.   2.80
|---------------------------------------------------
wrapping first mol.:       20.88048       29.52946       51.14652
wrapping first mol.:       20.88048       29.52946       51.14652

 NSTEP =      500   TIME(PS) =    1141.000  TEMP(K) =   300.91  PRESS =     0.0
 Etot   =    -37890.4207  EKtot   =     10053.5361  EPtot      =    -47943.9568
 BOND   =       368.0532  ANGLE   =      1029.5303  DIHED      =      1340.7009
 1-4 NB =       457.2438  1-4 EEL =      6301.7614  VDWAALS    =      5230.1121
 EELEC  =    -62762.4450  EHBOND  =         0.0000  RESTRAINT  =        91.0865
 EAMBER (non-restraint)  =    -48035.0433
 ------------------------------------------------------------------------------

wrapping first mol.:       20.88048       29.52946       51.14652
wrapping first mol.:       20.88048       29.52946       51.14652

 NSTEP =     1000   TIME(PS) =    1142.000  TEMP(K) =   300.32  PRESS =     0.0
 Etot   =    -38182.0223  EKtot   =     10034.0264  EPtot      =    -48216.0487
 BOND   =       343.0399  ANGLE   =      1020.2768  DIHED      =      1320.6913
 1-4 NB =       451.7808  1-4 EEL =      6303.6147  VDWAALS    =      5333.8224
 EELEC  =    -63080.5811  EHBOND  =         0.0000  RESTRAINT  =        91.3065
 EAMBER (non-restraint)  =    -48307.3552
 ------------------------------------------------------------------------------

wrapping first mol.:       20.88048       29.52946       51.14652
wrapping first mol.:       20.88048       29.52946       51.14652

 NSTEP =     1500   TIME(PS) =    1143.000  TEMP(K) =   297.94  PRESS =     0.0
 Etot   =    -38258.3716  EKtot   =      9954.4512  EPtot      =    -48212.8227
 BOND   =       326.8982  ANGLE   =      1029.8148  DIHED      =      1344.7862
 1-4 NB =       450.3705  1-4 EEL =      6308.8902  VDWAALS    =      5336.6647
 EELEC  =    -63098.0960  EHBOND  =         0.0000  RESTRAINT  =        87.8487
 EAMBER (non-restraint)  =    -48300.6715
 ------------------------------------------------------------------------------

wrapping first mol.:       20.88048       29.52946       51.14652
wrapping first mol.:       20.88048       29.52946       51.14652

 NSTEP =     2000   TIME(PS) =    1144.000  TEMP(K) =   302.64  PRESS =     0.0
 Etot   =    -37914.0826  EKtot   =     10111.3203  EPtot      =    -48025.4029
 BOND   =       336.7765  ANGLE   =      1031.1478  DIHED      =      1336.3378
 1-4 NB =       449.6893  1-4 EEL =      6338.9317  VDWAALS    =      5467.6980
 EELEC  =    -63072.5457  EHBOND  =         0.0000  RESTRAINT  =        86.5618
 EAMBER (non-restraint)  =    -48111.9647
 ------------------------------------------------------------------------------

wrapping first mol.:       20.88048       29.52946       51.14652
wrapping first mol.:       20.88048       29.52946       51.14652

 NSTEP =     2500   TIME(PS) =    1145.000  TEMP(K) =   298.22  PRESS =     0.0
 Etot   =    -38088.8835  EKtot   =      9963.6846  EPtot      =    -48052.5681
 BOND   =       359.8702  ANGLE   =      1030.4345  DIHED      =      1360.2002
 1-4 NB =       453.9111  1-4 EEL =      6320.7670  VDWAALS    =      5312.3467
 EELEC  =    -62984.0148  EHBOND  =         0.0000  RESTRAINT  =        93.9170
 EAMBER (non-restraint)  =    -48146.4851
 ------------------------------------------------------------------------------

wrapping first mol.:       20.88048       29.52946       51.14652
wrapping first mol.:       20.88048       29.52946       51.14652

 NSTEP =     3000   TIME(PS) =    1146.000  TEMP(K) =   300.14  PRESS =     0.0
 Etot   =    -38047.3658  EKtot   =     10027.8965  EPtot      =    -48075.2623
 BOND   =       367.2455  ANGLE   =      1033.8990  DIHED      =      1363.2443
 1-4 NB =       455.2919  1-4 EEL =      6328.9152  VDWAALS    =      5546.5811
 EELEC  =    -63261.9225  EHBOND  =         0.0000  RESTRAINT  =        91.4831
 EAMBER (non-restraint)  =    -48166.7454
 ------------------------------------------------------------------------------

wrapping first mol.:       20.88048       29.52946       51.14652
wrapping first mol.:       20.88048       29.52946       51.14652

 NSTEP =     3500   TIME(PS) =    1147.000  TEMP(K) =   298.32  PRESS =     0.0
 Etot   =    -37999.9993  EKtot   =      9967.0869  EPtot      =    -47967.0862
 BOND   =       329.9930  ANGLE   =      1031.3637  DIHED      =      1360.5026
 1-4 NB =       441.9636  1-4 EEL =      6293.1587  VDWAALS    =      5185.0894
 EELEC  =    -62690.6420  EHBOND  =         0.0000  RESTRAINT  =        81.4848
 EAMBER (non-restraint)  =    -48048.5711
 ------------------------------------------------------------------------------

wrapping first mol.:       20.88048       29.52946       51.14652
wrapping first mol.:       20.88048       29.52946       51.14652

 NSTEP =     4000   TIME(PS) =    1148.000  TEMP(K) =   302.03  PRESS =     0.0
 Etot   =    -37942.6184  EKtot   =     10090.8936  EPtot      =    -48033.5120
 BOND   =       342.5991  ANGLE   =      1053.7654  DIHED      =      1343.7163
 1-4 NB =       477.4910  1-4 EEL =      6343.5212  VDWAALS    =      5424.6585
 EELEC  =    -63115.6647  EHBOND  =         0.0000  RESTRAINT  =        96.4012
 EAMBER (non-restraint)  =    -48129.9132
 ------------------------------------------------------------------------------

wrapping first mol.:       20.88048       29.52946       51.14652
wrapping first mol.:       20.88048       29.52946       51.14652

 NSTEP =     4500   TIME(PS) =    1149.000  TEMP(K) =   300.26  PRESS =     0.0
 Etot   =    -38047.6452  EKtot   =     10032.0391  EPtot      =    -48079.6843
 BOND   =       323.3283  ANGLE   =      1092.3346  DIHED      =      1359.8344
 1-4 NB =       448.4299  1-4 EEL =      6314.3331  VDWAALS    =      5362.6783
 EELEC  =    -63068.9138  EHBOND  =         0.0000  RESTRAINT  =        88.2909
 EAMBER (non-restraint)  =    -48167.9752
 ------------------------------------------------------------------------------

wrapping first mol.:       20.88048       29.52946       51.14652
wrapping first mol.:       20.88048       29.52946       51.14652

 NSTEP =     5000   TIME(PS) =    1150.000  TEMP(K) =   298.16  PRESS =     0.0
 Etot   =    -38186.9685  EKtot   =      9961.6465  EPtot      =    -48148.6150
 BOND   =       364.5935  ANGLE   =      1034.4196  DIHED      =      1338.1011
 1-4 NB =       451.8282  1-4 EEL =      6317.0121  VDWAALS    =      5392.8905
 EELEC  =    -63138.8917  EHBOND  =         0.0000  RESTRAINT  =        91.4316
 EAMBER (non-restraint)  =    -48240.0466
 ------------------------------------------------------------------------------

wrapping first mol.:       20.88048       29.52946       51.14652
wrapping first mol.:       20.88048       29.52946       51.14652

 NSTEP =     5500   TIME(PS) =    1151.000  TEMP(K) =   301.23  PRESS =     0.0
 Etot   =    -38032.1433  EKtot   =     10064.4043  EPtot      =    -48096.5476
 BOND   =       385.4213  ANGLE   =      1081.9705  DIHED      =      1351.6877
 1-4 NB =       436.1947  1-4 EEL =      6285.0321  VDWAALS    =      5327.5913
 EELEC  =    -63044.7844  EHBOND  =         0.0000  RESTRAINT  =        80.3391
 EAMBER (non-restraint)  =    -48176.8867
 ------------------------------------------------------------------------------

wrapping first mol.:       20.88048       29.52946       51.14652
wrapping first mol.:       20.88048       29.52946       51.14652

 NSTEP =     6000   TIME(PS) =    1152.000  TEMP(K) =   298.69  PRESS =     0.0
 Etot   =    -37903.8069  EKtot   =      9979.2725  EPtot      =    -47883.0793
 BOND   =       391.0602  ANGLE   =      1035.3736  DIHED      =      1344.6842
 1-4 NB =       454.5101  1-4 EEL =      6299.9360  VDWAALS    =      5451.4333
 EELEC  =    -62952.6621  EHBOND  =         0.0000  RESTRAINT  =        92.5854
 EAMBER (non-restraint)  =    -47975.6647
 ------------------------------------------------------------------------------

wrapping first mol.:       20.88048       29.52946       51.14652
wrapping first mol.:       20.88048       29.52946       51.14652

 NSTEP =     6500   TIME(PS) =    1153.000  TEMP(K) =   302.75  PRESS =     0.0
 Etot   =    -37851.1484  EKtot   =     10114.9336  EPtot      =    -47966.0820
 BOND   =       361.9207  ANGLE   =      1035.1103  DIHED      =      1372.2713
 1-4 NB =       460.6683  1-4 EEL =      6343.8364  VDWAALS    =      5275.3718
 EELEC  =    -62919.3557  EHBOND  =         0.0000  RESTRAINT  =       104.0949
 EAMBER (non-restraint)  =    -48070.1769
 ------------------------------------------------------------------------------

wrapping first mol.:       20.88048       29.52946       51.14652
wrapping first mol.:       20.88048       29.52946       51.14652

 NSTEP =     7000   TIME(PS) =    1154.000  TEMP(K) =   299.35  PRESS =     0.0
 Etot   =    -38060.2160  EKtot   =     10001.6240  EPtot      =    -48061.8400
 BOND   =       372.6339  ANGLE   =      1054.2980  DIHED      =      1341.5589
 1-4 NB =       445.0544  1-4 EEL =      6314.2708  VDWAALS    =      5462.2982
 EELEC  =    -63151.8850  EHBOND  =         0.0000  RESTRAINT  =        99.9307
 EAMBER (non-restraint)  =    -48161.7707
 ------------------------------------------------------------------------------

wrapping first mol.:       20.88048       29.52946       51.14652
wrapping first mol.:       20.88048       29.52946       51.14652

 NSTEP =     7500   TIME(PS) =    1155.000  TEMP(K) =   301.60  PRESS =     0.0
 Etot   =    -37957.8506  EKtot   =     10076.4951  EPtot      =    -48034.3457
 BOND   =       348.1331  ANGLE   =      1050.4831  DIHED      =      1350.1756
 1-4 NB =       454.3656  1-4 EEL =      6291.2178  VDWAALS    =      5180.6102
 EELEC  =    -62801.7369  EHBOND  =         0.0000  RESTRAINT  =        92.4060
 EAMBER (non-restraint)  =    -48126.7517
 ------------------------------------------------------------------------------

wrapping first mol.:       20.88048       29.52946       51.14652
wrapping first mol.:       20.88048       29.52946       51.14652

 NSTEP =     8000   TIME(PS) =    1156.000  TEMP(K) =   300.96  PRESS =     0.0
 Etot   =    -38150.4334  EKtot   =     10055.1699  EPtot      =    -48205.6033
 BOND   =       355.8391  ANGLE   =      1033.6218  DIHED      =      1330.5968
 1-4 NB =       455.2581  1-4 EEL =      6325.7753  VDWAALS    =      5479.3617
 EELEC  =    -63270.9249  EHBOND  =         0.0000  RESTRAINT  =        84.8687
 EAMBER (non-restraint)  =    -48290.4720
 ------------------------------------------------------------------------------

wrapping first mol.:       20.88048       29.52946       51.14652
wrapping first mol.:       20.88048       29.52946       51.14652

 NSTEP =     8500   TIME(PS) =    1157.000  TEMP(K) =   303.55  PRESS =     0.0
 Etot   =    -38036.5604  EKtot   =     10141.9414  EPtot      =    -48178.5019
 BOND   =       340.8521  ANGLE   =      1043.2692  DIHED      =      1351.8998
 1-4 NB =       439.7227  1-4 EEL =      6339.5106  VDWAALS    =      5423.2440
 EELEC  =    -63227.9135  EHBOND  =         0.0000  RESTRAINT  =       110.9132
 EAMBER (non-restraint)  =    -48289.4151
 ------------------------------------------------------------------------------

wrapping first mol.:       20.88048       29.52946       51.14652
wrapping first mol.:       20.88048       29.52946       51.14652

 NSTEP =     9000   TIME(PS) =    1158.000  TEMP(K) =   302.36  PRESS =     0.0
 Etot   =    -37987.2181  EKtot   =     10101.9482  EPtot      =    -48089.1663
 BOND   =       370.6012  ANGLE   =      1064.3725  DIHED      =      1347.9598
 1-4 NB =       453.2417  1-4 EEL =      6325.3745  VDWAALS    =      5518.8339
 EELEC  =    -63264.4068  EHBOND  =         0.0000  RESTRAINT  =        94.8570
 EAMBER (non-restraint)  =    -48184.0233
 ------------------------------------------------------------------------------

wrapping first mol.:       20.88048       29.52946       51.14652
wrapping first mol.:       20.88048       29.52946       51.14652

 NSTEP =     9500   TIME(PS) =    1159.000  TEMP(K) =   301.14  PRESS =     0.0
 Etot   =    -38180.4832  EKtot   =     10061.1641  EPtot      =    -48241.6473
 BOND   =       335.3221  ANGLE   =      1054.3746  DIHED      =      1344.0159
 1-4 NB =       476.2243  1-4 EEL =      6316.2982  VDWAALS    =      5513.3184
 EELEC  =    -63373.7012  EHBOND  =         0.0000  RESTRAINT  =        92.5004
 EAMBER (non-restraint)  =    -48334.1477
 ------------------------------------------------------------------------------

wrapping first mol.:       20.88048       29.52946       51.14652
wrapping first mol.:       20.88048       29.52946       51.14652

 NSTEP =    10000   TIME(PS) =    1160.000  TEMP(K) =   305.76  PRESS =     0.0
 Etot   =    -38009.0156  EKtot   =     10215.6123  EPtot      =    -48224.6279
 BOND   =       359.3123  ANGLE   =      1081.4620  DIHED      =      1349.8789
 1-4 NB =       442.2508  1-4 EEL =      6325.6371  VDWAALS    =      5515.6240
 EELEC  =    -63392.3913  EHBOND  =         0.0000  RESTRAINT  =        93.5983
 EAMBER (non-restraint)  =    -48318.2262
 ------------------------------------------------------------------------------

wrapping first mol.:       20.88048       29.52946       51.14652
wrapping first mol.:       20.88048       29.52946       51.14652

 NSTEP =    10500   TIME(PS) =    1161.000  TEMP(K) =   298.09  PRESS =     0.0
 Etot   =    -38170.4145  EKtot   =      9959.3076  EPtot      =    -48129.7221
 BOND   =       343.5920  ANGLE   =      1050.4620  DIHED      =      1366.8250
 1-4 NB =       466.9848  1-4 EEL =      6321.3324  VDWAALS    =      5493.8165
 EELEC  =    -63267.3836  EHBOND  =         0.0000  RESTRAINT  =        94.6487
 EAMBER (non-restraint)  =    -48224.3708
 ------------------------------------------------------------------------------

wrapping first mol.:       20.88048       29.52946       51.14652
wrapping first mol.:       20.88048       29.52946       51.14652

 NSTEP =    11000   TIME(PS) =    1162.000  TEMP(K) =   298.07  PRESS =     0.0
 Etot   =    -38299.8681  EKtot   =      9958.7168  EPtot      =    -48258.5849
 BOND   =       356.8628  ANGLE   =      1097.5345  DIHED      =      1358.3217
 1-4 NB =       459.2180  1-4 EEL =      6321.4791  VDWAALS    =      5254.1656
 EELEC  =    -63194.3961  EHBOND  =         0.0000  RESTRAINT  =        88.2295
 EAMBER (non-restraint)  =    -48346.8144
 ------------------------------------------------------------------------------

wrapping first mol.:       20.88048       29.52946       51.14652
wrapping first mol.:       20.88048       29.52946       51.14652

 NSTEP =    11500   TIME(PS) =    1163.000  TEMP(K) =   301.23  PRESS =     0.0
 Etot   =    -38050.6836  EKtot   =     10064.3037  EPtot      =    -48114.9874
 BOND   =       338.3290  ANGLE   =      1060.0838  DIHED      =      1354.2289
 1-4 NB =       430.1358  1-4 EEL =      6329.8640  VDWAALS    =      5433.0485
 EELEC  =    -63151.1941  EHBOND  =         0.0000  RESTRAINT  =        90.5169
 EAMBER (non-restraint)  =    -48205.5042
 ------------------------------------------------------------------------------

wrapping first mol.:       20.88048       29.52946       51.14652
wrapping first mol.:       20.88048       29.52946       51.14652

 NSTEP =    12000   TIME(PS) =    1164.000  TEMP(K) =   301.64  PRESS =     0.0
 Etot   =    -38238.9025  EKtot   =     10078.0537  EPtot      =    -48316.9562
 BOND   =       337.8887  ANGLE   =      1030.9553  DIHED      =      1371.3096
 1-4 NB =       450.7303  1-4 EEL =      6327.8491  VDWAALS    =      5235.9462
 EELEC  =    -63158.7859  EHBOND  =         0.0000  RESTRAINT  =        87.1505
 EAMBER (non-restraint)  =    -48404.1066
 ------------------------------------------------------------------------------

wrapping first mol.:       20.88048       29.52946       51.14652
wrapping first mol.:       20.88048       29.52946       51.14652

 NSTEP =    12500   TIME(PS) =    1165.000  TEMP(K) =   298.34  PRESS =     0.0
 Etot   =    -38203.0821  EKtot   =      9967.6035  EPtot      =    -48170.6856
 BOND   =       360.4794  ANGLE   =      1056.7529  DIHED      =      1361.5802
 1-4 NB =       448.8201  1-4 EEL =      6298.5213  VDWAALS    =      5575.5980
 EELEC  =    -63364.1724  EHBOND  =         0.0000  RESTRAINT  =        91.7349
 EAMBER (non-restraint)  =    -48262.4205
 ------------------------------------------------------------------------------

wrapping first mol.:       20.88048       29.52946       51.14652
wrapping first mol.:       20.88048       29.52946       51.14652

 NSTEP =    13000   TIME(PS) =    1166.000  TEMP(K) =   302.90  PRESS =     0.0
 Etot   =    -38063.8804  EKtot   =     10120.1387  EPtot      =    -48184.0190
 BOND   =       344.3484  ANGLE   =      1078.1113  DIHED      =      1355.3904
 1-4 NB =       454.1137  1-4 EEL =      6292.5475  VDWAALS    =      5449.4587
 EELEC  =    -63243.9939  EHBOND  =         0.0000  RESTRAINT  =        86.0048
 EAMBER (non-restraint)  =    -48270.0238
 ------------------------------------------------------------------------------

wrapping first mol.:       20.88048       29.52946       51.14652
wrapping first mol.:       20.88048       29.52946       51.14652

 NSTEP =    13500   TIME(PS) =    1167.000  TEMP(K) =   301.09  PRESS =     0.0
 Etot   =    -38004.5671  EKtot   =     10059.4863  EPtot      =    -48064.0534
 BOND   =       332.9100  ANGLE   =      1070.1946  DIHED      =      1354.3265
 1-4 NB =       436.1291  1-4 EEL =      6304.2806  VDWAALS    =      5274.5808
 EELEC  =    -62928.5606  EHBOND  =         0.0000  RESTRAINT  =        92.0855
 EAMBER (non-restraint)  =    -48156.1389
 ------------------------------------------------------------------------------

wrapping first mol.:       20.88048       29.52946       51.14652
wrapping first mol.:       20.88048       29.52946       51.14652

 NSTEP =    14000   TIME(PS) =    1168.000  TEMP(K) =   300.25  PRESS =     0.0
 Etot   =    -38107.6562  EKtot   =     10031.5078  EPtot      =    -48139.1640
 BOND   =       366.8336  ANGLE   =      1051.9054  DIHED      =      1364.8611
 1-4 NB =       462.4321  1-4 EEL =      6291.5379  VDWAALS    =      5545.4678
 EELEC  =    -63318.6309  EHBOND  =         0.0000  RESTRAINT  =        96.4290
 EAMBER (non-restraint)  =    -48235.5930
 ------------------------------------------------------------------------------

wrapping first mol.:       20.88048       29.52946       51.14652
wrapping first mol.:       20.88048       29.52946       51.14652

 NSTEP =    14500   TIME(PS) =    1169.000  TEMP(K) =   300.66  PRESS =     0.0
 Etot   =    -38096.0793  EKtot   =     10045.0850  EPtot      =    -48141.1643
 BOND   =       343.3594  ANGLE   =      1048.9030  DIHED      =      1354.4017
 1-4 NB =       437.6222  1-4 EEL =      6291.5402  VDWAALS    =      5473.9497
 EELEC  =    -63177.4351  EHBOND  =         0.0000  RESTRAINT  =        86.4945
 EAMBER (non-restraint)  =    -48227.6588
 ------------------------------------------------------------------------------

wrapping first mol.:       20.88048       29.52946       51.14652
wrapping first mol.:       20.88048       29.52946       51.14652

 NSTEP =    15000   TIME(PS) =    1170.000  TEMP(K) =   295.92  PRESS =     0.0
 Etot   =    -38139.0137  EKtot   =      9887.0381  EPtot      =    -48026.0518
 BOND   =       326.3891  ANGLE   =      1049.0900  DIHED      =      1359.8140
 1-4 NB =       450.1288  1-4 EEL =      6335.3168  VDWAALS    =      5483.6561
 EELEC  =    -63123.9456  EHBOND  =         0.0000  RESTRAINT  =        93.4989
 EAMBER (non-restraint)  =    -48119.5507
 ------------------------------------------------------------------------------

wrapping first mol.:       20.88048       29.52946       51.14652
wrapping first mol.:       20.88048       29.52946       51.14652

 NSTEP =    15500   TIME(PS) =    1171.000  TEMP(K) =   299.26  PRESS =     0.0
 Etot   =    -38120.5525  EKtot   =      9998.4990  EPtot      =    -48119.0516
 BOND   =       350.7895  ANGLE   =      1090.2826  DIHED      =      1365.8425
 1-4 NB =       431.5238  1-4 EEL =      6280.1920  VDWAALS    =      5336.2010
 EELEC  =    -63067.3427  EHBOND  =         0.0000  RESTRAINT  =        93.4598
 EAMBER (non-restraint)  =    -48212.5114
 ------------------------------------------------------------------------------

wrapping first mol.:       20.88048       29.52946       51.14652
wrapping first mol.:       20.88048       29.52946       51.14652

 NSTEP =    16000   TIME(PS) =    1172.000  TEMP(K) =   298.76  PRESS =     0.0
 Etot   =    -38447.6492  EKtot   =      9981.8613  EPtot      =    -48429.5105
 BOND   =       354.4472  ANGLE   =      1011.8026  DIHED      =      1341.0406
 1-4 NB =       463.1524  1-4 EEL =      6314.4951  VDWAALS    =      5304.2575
 EELEC  =    -63310.5502  EHBOND  =         0.0000  RESTRAINT  =        91.8444
 EAMBER (non-restraint)  =    -48521.3549
 ------------------------------------------------------------------------------

wrapping first mol.:       20.88048       29.52946       51.14652
wrapping first mol.:       20.88048       29.52946       51.14652

 NSTEP =    16500   TIME(PS) =    1173.000  TEMP(K) =   304.23  PRESS =     0.0
 Etot   =    -38099.0297  EKtot   =     10164.4814  EPtot      =    -48263.5111
 BOND   =       334.2718  ANGLE   =      1071.1699  DIHED      =      1350.9131
 1-4 NB =       436.1039  1-4 EEL =      6294.2925  VDWAALS    =      5556.6031
 EELEC  =    -63397.1961  EHBOND  =         0.0000  RESTRAINT  =        90.3306
 EAMBER (non-restraint)  =    -48353.8418
 ------------------------------------------------------------------------------

wrapping first mol.:       20.88048       29.52946       51.14652
wrapping first mol.:       20.88048       29.52946       51.14652

 NSTEP =    17000   TIME(PS) =    1174.000  TEMP(K) =   303.02  PRESS =     0.0
 Etot   =    -37980.6044  EKtot   =     10124.1387  EPtot      =    -48104.7431
 BOND   =       346.2756  ANGLE   =      1062.3508  DIHED      =      1334.8298
 1-4 NB =       442.3583  1-4 EEL =      6329.1200  VDWAALS    =      5291.5784
 EELEC  =    -63002.9955  EHBOND  =         0.0000  RESTRAINT  =        91.7396
 EAMBER (non-restraint)  =    -48196.4827
 ------------------------------------------------------------------------------

wrapping first mol.:       20.88048       29.52946       51.14652
wrapping first mol.:       20.88048       29.52946       51.14652

 NSTEP =    17500   TIME(PS) =    1175.000  TEMP(K) =   298.02  PRESS =     0.0
 Etot   =    -38145.9290  EKtot   =      9956.9531  EPtot      =    -48102.8821
 BOND   =       336.7950  ANGLE   =      1022.5963  DIHED      =      1342.3389
 1-4 NB =       450.3944  1-4 EEL =      6302.8222  VDWAALS    =      5301.6271
 EELEC  =    -62956.9790  EHBOND  =         0.0000  RESTRAINT  =        97.5229
 EAMBER (non-restraint)  =    -48200.4051
 ------------------------------------------------------------------------------

wrapping first mol.:       20.88048       29.52946       51.14652
wrapping first mol.:       20.88048       29.52946       51.14652

 NSTEP =    18000   TIME(PS) =    1176.000  TEMP(K) =   300.76  PRESS =     0.0
 Etot   =    -37943.8831  EKtot   =     10048.6504  EPtot      =    -47992.5335
 BOND   =       343.7525  ANGLE   =      1086.3193  DIHED      =      1362.8574
 1-4 NB =       438.0726  1-4 EEL =      6278.7320  VDWAALS    =      5388.7254
 EELEC  =    -62993.7245  EHBOND  =         0.0000  RESTRAINT  =       102.7318
 EAMBER (non-restraint)  =    -48095.2653
 ------------------------------------------------------------------------------

wrapping first mol.:       20.88048       29.52946       51.14652
wrapping first mol.:       20.88048       29.52946       51.14652

 NSTEP =    18500   TIME(PS) =    1177.000  TEMP(K) =   302.09  PRESS =     0.0
 Etot   =    -37848.0145  EKtot   =     10093.1592  EPtot      =    -47941.1737
 BOND   =       351.7528  ANGLE   =      1040.0365  DIHED      =      1367.3566
 1-4 NB =       448.8881  1-4 EEL =      6313.0438  VDWAALS    =      5265.3192
 EELEC  =    -62826.5882  EHBOND  =         0.0000  RESTRAINT  =        99.0175
 EAMBER (non-restraint)  =    -48040.1913
 ------------------------------------------------------------------------------

wrapping first mol.:       20.88048       29.52946       51.14652
wrapping first mol.:       20.88048       29.52946       51.14652

 NSTEP =    19000   TIME(PS) =    1178.000  TEMP(K) =   301.99  PRESS =     0.0
 Etot   =    -37886.0668  EKtot   =     10089.6445  EPtot      =    -47975.7114
 BOND   =       360.3379  ANGLE   =      1075.7036  DIHED      =      1357.8504
 1-4 NB =       446.6527  1-4 EEL =      6320.1074  VDWAALS    =      5210.0255
 EELEC  =    -62843.1967  EHBOND  =         0.0000  RESTRAINT  =        96.8078
 EAMBER (non-restraint)  =    -48072.5192
 ------------------------------------------------------------------------------

wrapping first mol.:       20.88048       29.52946       51.14652
wrapping first mol.:       20.88048       29.52946       51.14652

 NSTEP =    19500   TIME(PS) =    1179.000  TEMP(K) =   300.95  PRESS =     0.0
 Etot   =    -38057.5321  EKtot   =     10055.0361  EPtot      =    -48112.5682
 BOND   =       355.8815  ANGLE   =      1046.9172  DIHED      =      1348.0317
 1-4 NB =       444.2502  1-4 EEL =      6301.0810  VDWAALS    =      5506.2475
 EELEC  =    -63215.2522  EHBOND  =         0.0000  RESTRAINT  =       100.2750
 EAMBER (non-restraint)  =    -48212.8432
 ------------------------------------------------------------------------------

wrapping first mol.:       20.88048       29.52946       51.14652
wrapping first mol.:       20.88048       29.52946       51.14652

 NSTEP =    20000   TIME(PS) =    1180.000  TEMP(K) =   301.16  PRESS =     0.0
 Etot   =    -37976.5851  EKtot   =     10061.8223  EPtot      =    -48038.4074
 BOND   =       368.0268  ANGLE   =      1065.6813  DIHED      =      1345.3145
 1-4 NB =       450.8221  1-4 EEL =      6321.8158  VDWAALS    =      5393.1071
 EELEC  =    -63081.5241  EHBOND  =         0.0000  RESTRAINT  =        98.3491
 EAMBER (non-restraint)  =    -48136.7565
 ------------------------------------------------------------------------------

wrapping first mol.:       20.88048       29.52946       51.14652
wrapping first mol.:       20.88048       29.52946       51.14652

 NSTEP =    20500   TIME(PS) =    1181.000  TEMP(K) =   301.10  PRESS =     0.0
 Etot   =    -38187.7405  EKtot   =     10060.0000  EPtot      =    -48247.7405
 BOND   =       344.2983  ANGLE   =      1046.5080  DIHED      =      1348.1515
 1-4 NB =       436.8046  1-4 EEL =      6282.8862  VDWAALS    =      5538.8772
 EELEC  =    -63336.5062  EHBOND  =         0.0000  RESTRAINT  =        91.2399
 EAMBER (non-restraint)  =    -48338.9804
 ------------------------------------------------------------------------------

wrapping first mol.:       20.88048       29.52946       51.14652
wrapping first mol.:       20.88048       29.52946       51.14652

 NSTEP =    21000   TIME(PS) =    1182.000  TEMP(K) =   296.81  PRESS =     0.0
 Etot   =    -38057.0106  EKtot   =      9916.7559  EPtot      =    -47973.7665
 BOND   =       323.7173  ANGLE   =      1044.5597  DIHED      =      1370.7648
 1-4 NB =       451.2502  1-4 EEL =      6343.9190  VDWAALS    =      5470.8323
 EELEC  =    -63076.2696  EHBOND  =         0.0000  RESTRAINT  =        97.4598
 EAMBER (non-restraint)  =    -48071.2263
 ------------------------------------------------------------------------------

wrapping first mol.:       20.88048       29.52946       51.14652
wrapping first mol.:       20.88048       29.52946       51.14652

 NSTEP =    21500   TIME(PS) =    1183.000  TEMP(K) =   299.30  PRESS =     0.0
 Etot   =    -38007.8468  EKtot   =      9999.9297  EPtot      =    -48007.7765
 BOND   =       363.4800  ANGLE   =      1039.8837  DIHED      =      1335.1522
 1-4 NB =       452.2809  1-4 EEL =      6324.0347  VDWAALS    =      5261.0526
 EELEC  =    -62875.7280  EHBOND  =         0.0000  RESTRAINT  =        92.0674
 EAMBER (non-restraint)  =    -48099.8439
 ------------------------------------------------------------------------------

wrapping first mol.:       20.88048       29.52946       51.14652
wrapping first mol.:       20.88048       29.52946       51.14652

 NSTEP =    22000   TIME(PS) =    1184.000  TEMP(K) =   297.18  PRESS =     0.0
 Etot   =    -38212.7983  EKtot   =      9928.9775  EPtot      =    -48141.7759
 BOND   =       386.6527  ANGLE   =      1067.7058  DIHED      =      1350.0090
 1-4 NB =       449.2052  1-4 EEL =      6337.9469  VDWAALS    =      5463.4219
 EELEC  =    -63298.6656  EHBOND  =         0.0000  RESTRAINT  =       101.9483
 EAMBER (non-restraint)  =    -48243.7242
 ------------------------------------------------------------------------------

wrapping first mol.:       20.88048       29.52946       51.14652
wrapping first mol.:       20.88048       29.52946       51.14652

 NSTEP =    22500   TIME(PS) =    1185.000  TEMP(K) =   303.41  PRESS =     0.0
 Etot   =    -38069.1210  EKtot   =     10137.2529  EPtot      =    -48206.3739
 BOND   =       341.8545  ANGLE   =      1067.6350  DIHED      =      1341.1136
 1-4 NB =       456.8020  1-4 EEL =      6354.6110  VDWAALS    =      5527.0415
 EELEC  =    -63389.9347  EHBOND  =         0.0000  RESTRAINT  =        94.5032
 EAMBER (non-restraint)  =    -48300.8771
 ------------------------------------------------------------------------------

wrapping first mol.:       20.88048       29.52946       51.14652
wrapping first mol.:       20.88048       29.52946       51.14652

 NSTEP =    23000   TIME(PS) =    1186.000  TEMP(K) =   300.51  PRESS =     0.0
 Etot   =    -38166.3754  EKtot   =     10040.1221  EPtot      =    -48206.4974
 BOND   =       374.9529  ANGLE   =      1028.0649  DIHED      =      1357.0421
 1-4 NB =       457.4607  1-4 EEL =      6323.1457  VDWAALS    =      5436.3324
 EELEC  =    -63283.1018  EHBOND  =         0.0000  RESTRAINT  =        99.6057
 EAMBER (non-restraint)  =    -48306.1031
 ------------------------------------------------------------------------------

wrapping first mol.:       20.88048       29.52946       51.14652
wrapping first mol.:       20.88048       29.52946       51.14652

 NSTEP =    23500   TIME(PS) =    1187.000  TEMP(K) =   299.17  PRESS =     0.0
 Etot   =    -37959.3603  EKtot   =      9995.4707  EPtot      =    -47954.8310
 BOND   =       368.1310  ANGLE   =      1030.7799  DIHED      =      1360.1692
 1-4 NB =       443.5432  1-4 EEL =      6331.9223  VDWAALS    =      5341.2692
 EELEC  =    -62929.0711  EHBOND  =         0.0000  RESTRAINT  =        98.4254
 EAMBER (non-restraint)  =    -48053.2564
 ------------------------------------------------------------------------------

wrapping first mol.:       20.88048       29.52946       51.14652
wrapping first mol.:       20.88048       29.52946       51.14652

 NSTEP =    24000   TIME(PS) =    1188.000  TEMP(K) =   299.83  PRESS =     0.0
 Etot   =    -37945.3570  EKtot   =     10017.4268  EPtot      =    -47962.7837
 BOND   =       358.3185  ANGLE   =      1074.3722  DIHED      =      1353.7505
 1-4 NB =       462.5219  1-4 EEL =      6325.7826  VDWAALS    =      5584.4714
 EELEC  =    -63220.7860  EHBOND  =         0.0000  RESTRAINT  =        98.7853
 EAMBER (non-restraint)  =    -48061.5690
 ------------------------------------------------------------------------------

wrapping first mol.:       20.88048       29.52946       51.14652
wrapping first mol.:       20.88048       29.52946       51.14652

 NSTEP =    24500   TIME(PS) =    1189.000  TEMP(K) =   302.42  PRESS =     0.0
 Etot   =    -38170.6683  EKtot   =     10104.0312  EPtot      =    -48274.6995
 BOND   =       335.9893  ANGLE   =      1060.0077  DIHED      =      1343.9291
 1-4 NB =       443.6519  1-4 EEL =      6303.4460  VDWAALS    =      5481.7105
 EELEC  =    -63341.8262  EHBOND  =         0.0000  RESTRAINT  =        98.3921
 EAMBER (non-restraint)  =    -48373.0916
 ------------------------------------------------------------------------------

wrapping first mol.:       20.88048       29.52946       51.14652
wrapping first mol.:       20.88048       29.52946       51.14652

 NSTEP =    25000   TIME(PS) =    1190.000  TEMP(K) =   297.72  PRESS =     0.0
 Etot   =    -38237.0659  EKtot   =      9947.1533  EPtot      =    -48184.2192
 BOND   =       369.1881  ANGLE   =      1061.0888  DIHED      =      1342.3063
 1-4 NB =       441.6924  1-4 EEL =      6281.3270  VDWAALS    =      5390.5542
 EELEC  =    -63158.3787  EHBOND  =         0.0000  RESTRAINT  =        88.0027
 EAMBER (non-restraint)  =    -48272.2219
 ------------------------------------------------------------------------------

wrapping first mol.:       20.88048       29.52946       51.14652
wrapping first mol.:       20.88048       29.52946       51.14652

 NSTEP =    25500   TIME(PS) =    1191.000  TEMP(K) =   300.04  PRESS =     0.0
 Etot   =    -37974.0808  EKtot   =     10024.4844  EPtot      =    -47998.5651
 BOND   =       338.6792  ANGLE   =      1057.9389  DIHED      =      1337.9264
 1-4 NB =       451.6722  1-4 EEL =      6328.1489  VDWAALS    =      5298.9510
 EELEC  =    -62895.7385  EHBOND  =         0.0000  RESTRAINT  =        83.8568
 EAMBER (non-restraint)  =    -48082.4219
 ------------------------------------------------------------------------------

wrapping first mol.:       20.88048       29.52946       51.14652
wrapping first mol.:       20.88048       29.52946       51.14652

 NSTEP =    26000   TIME(PS) =    1192.000  TEMP(K) =   299.29  PRESS =     0.0
 Etot   =    -38074.4556  EKtot   =      9999.6289  EPtot      =    -48074.0845
 BOND   =       343.8381  ANGLE   =      1045.2547  DIHED      =      1344.0952
 1-4 NB =       440.3887  1-4 EEL =      6305.6279  VDWAALS    =      5337.8466
 EELEC  =    -62974.5736  EHBOND  =         0.0000  RESTRAINT  =        83.4379
 EAMBER (non-restraint)  =    -48157.5223
 ------------------------------------------------------------------------------

wrapping first mol.:       20.88048       29.52946       51.14652
wrapping first mol.:       20.88048       29.52946       51.14652

 NSTEP =    26500   TIME(PS) =    1193.000  TEMP(K) =   299.31  PRESS =     0.0
 Etot   =    -38029.1109  EKtot   =     10000.2578  EPtot      =    -48029.3687
 BOND   =       357.5269  ANGLE   =      1102.1894  DIHED      =      1367.9489
 1-4 NB =       437.5077  1-4 EEL =      6320.5339  VDWAALS    =      5310.6880
 EELEC  =    -63018.4484  EHBOND  =         0.0000  RESTRAINT  =        92.6849
 EAMBER (non-restraint)  =    -48122.0536
 ------------------------------------------------------------------------------

wrapping first mol.:       20.88048       29.52946       51.14652
wrapping first mol.:       20.88048       29.52946       51.14652

 NSTEP =    27000   TIME(PS) =    1194.000  TEMP(K) =   297.57  PRESS =     0.0
 Etot   =    -37971.2053  EKtot   =      9941.9639  EPtot      =    -47913.1692
 BOND   =       366.3752  ANGLE   =      1086.1292  DIHED      =      1363.4999
 1-4 NB =       444.9335  1-4 EEL =      6292.1603  VDWAALS    =      5377.0618
 EELEC  =    -62938.7721  EHBOND  =         0.0000  RESTRAINT  =        95.4429
 EAMBER (non-restraint)  =    -48008.6121
 ------------------------------------------------------------------------------

wrapping first mol.:       20.88048       29.52946       51.14652
wrapping first mol.:       20.88048       29.52946       51.14652

 NSTEP =    27500   TIME(PS) =    1195.000  TEMP(K) =   300.24  PRESS =     0.0
 Etot   =    -38274.3889  EKtot   =     10031.3691  EPtot      =    -48305.7580
 BOND   =       381.8782  ANGLE   =      1066.0770  DIHED      =      1342.9058
 1-4 NB =       439.0366  1-4 EEL =      6324.5499  VDWAALS    =      5578.9239
 EELEC  =    -63523.1950  EHBOND  =         0.0000  RESTRAINT  =        84.0654
 EAMBER (non-restraint)  =    -48389.8235
 ------------------------------------------------------------------------------

wrapping first mol.:       20.88048       29.52946       51.14652
wrapping first mol.:       20.88048       29.52946       51.14652

 NSTEP =    28000   TIME(PS) =    1196.000  TEMP(K) =   305.87  PRESS =     0.0
 Etot   =    -37857.5592  EKtot   =     10219.4199  EPtot      =    -48076.9791
 BOND   =       400.2345  ANGLE   =      1074.7595  DIHED      =      1349.0466
 1-4 NB =       446.6958  1-4 EEL =      6323.0880  VDWAALS    =      5560.4139
 EELEC  =    -63321.3204  EHBOND  =         0.0000  RESTRAINT  =        90.1030
 EAMBER (non-restraint)  =    -48167.0821
 ------------------------------------------------------------------------------

wrapping first mol.:       20.88048       29.52946       51.14652
wrapping first mol.:       20.88048       29.52946       51.14652

 NSTEP =    28500   TIME(PS) =    1197.000  TEMP(K) =   302.91  PRESS =     0.0
 Etot   =    -38165.1691  EKtot   =     10120.4844  EPtot      =    -48285.6535
 BOND   =       363.8413  ANGLE   =      1064.7605  DIHED      =      1327.9513
 1-4 NB =       428.6990  1-4 EEL =      6299.0583  VDWAALS    =      5456.3245
 EELEC  =    -63315.1462  EHBOND  =         0.0000  RESTRAINT  =        88.8578
 EAMBER (non-restraint)  =    -48374.5113
 ------------------------------------------------------------------------------

wrapping first mol.:       20.88048       29.52946       51.14652
wrapping first mol.:       20.88048       29.52946       51.14652

 NSTEP =    29000   TIME(PS) =    1198.000  TEMP(K) =   298.81  PRESS =     0.0
 Etot   =    -38170.3151  EKtot   =      9983.3086  EPtot      =    -48153.6237
 BOND   =       404.0750  ANGLE   =      1069.0036  DIHED      =      1369.6224
 1-4 NB =       439.4246  1-4 EEL =      6314.7875  VDWAALS    =      5459.0857
 EELEC  =    -63298.2571  EHBOND  =         0.0000  RESTRAINT  =        88.6346
 EAMBER (non-restraint)  =    -48242.2583
 ------------------------------------------------------------------------------

wrapping first mol.:       20.88048       29.52946       51.14652
wrapping first mol.:       20.88048       29.52946       51.14652

 NSTEP =    29500   TIME(PS) =    1199.000  TEMP(K) =   301.21  PRESS =     0.0
 Etot   =    -38031.1623  EKtot   =     10063.5000  EPtot      =    -48094.6623
 BOND   =       362.9244  ANGLE   =      1023.1621  DIHED      =      1357.6118
 1-4 NB =       445.4595  1-4 EEL =      6333.6494  VDWAALS    =      5264.7263
 EELEC  =    -62972.3886  EHBOND  =         0.0000  RESTRAINT  =        90.1928
 EAMBER (non-restraint)  =    -48184.8550
 ------------------------------------------------------------------------------

wrapping first mol.:       20.88048       29.52946       51.14652
wrapping first mol.:       20.88048       29.52946       51.14652

 NSTEP =    30000   TIME(PS) =    1200.000  TEMP(K) =   299.75  PRESS =     0.0
 Etot   =    -38091.9092  EKtot   =     10014.9805  EPtot      =    -48106.8897
 BOND   =       370.7110  ANGLE   =      1018.0546  DIHED      =      1328.8572
 1-4 NB =       459.1938  1-4 EEL =      6320.7716  VDWAALS    =      5250.5079
 EELEC  =    -62950.3718  EHBOND  =         0.0000  RESTRAINT  =        95.3861
 EAMBER (non-restraint)  =    -48202.2758
 ------------------------------------------------------------------------------

wrapping first mol.:       20.88048       29.52946       51.14652
wrapping first mol.:       20.88048       29.52946       51.14652

 NSTEP =    30500   TIME(PS) =    1201.000  TEMP(K) =   297.63  PRESS =     0.0
 Etot   =    -38135.8002  EKtot   =      9944.0801  EPtot      =    -48079.8802
 BOND   =       340.8906  ANGLE   =      1024.6022  DIHED      =      1331.0705
 1-4 NB =       451.5533  1-4 EEL =      6342.6931  VDWAALS    =      5368.6219
 EELEC  =    -63028.2083  EHBOND  =         0.0000  RESTRAINT  =        88.8965
 EAMBER (non-restraint)  =    -48168.7768
 ------------------------------------------------------------------------------

wrapping first mol.:       20.88048       29.52946       51.14652
wrapping first mol.:       20.88048       29.52946       51.14652

 NSTEP =    31000   TIME(PS) =    1202.000  TEMP(K) =   299.89  PRESS =     0.0
 Etot   =    -38241.8197  EKtot   =     10019.4912  EPtot      =    -48261.3109
 BOND   =       325.7012  ANGLE   =      1064.9228  DIHED      =      1348.0663
 1-4 NB =       445.2064  1-4 EEL =      6293.4581  VDWAALS    =      5496.2000
 EELEC  =    -63342.7025  EHBOND  =         0.0000  RESTRAINT  =       107.8367
 EAMBER (non-restraint)  =    -48369.1476
 ------------------------------------------------------------------------------

wrapping first mol.:       20.88048       29.52946       51.14652
wrapping first mol.:       20.88048       29.52946       51.14652

 NSTEP =    31500   TIME(PS) =    1203.000  TEMP(K) =   299.10  PRESS =     0.0
 Etot   =    -38077.2061  EKtot   =      9993.2910  EPtot      =    -48070.4971
 BOND   =       357.8692  ANGLE   =      1048.3648  DIHED      =      1355.9774
 1-4 NB =       457.4080  1-4 EEL =      6349.1051  VDWAALS    =      5287.2718
 EELEC  =    -63014.8317  EHBOND  =         0.0000  RESTRAINT  =        88.3383
 EAMBER (non-restraint)  =    -48158.8354
 ------------------------------------------------------------------------------

wrapping first mol.:       20.88048       29.52946       51.14652
wrapping first mol.:       20.88048       29.52946       51.14652

 NSTEP =    32000   TIME(PS) =    1204.000  TEMP(K) =   301.25  PRESS =     0.0
 Etot   =    -38122.8042  EKtot   =     10065.0879  EPtot      =    -48187.8921
 BOND   =       345.3132  ANGLE   =      1077.5352  DIHED      =      1352.8140
 1-4 NB =       454.8481  1-4 EEL =      6325.8597  VDWAALS    =      5515.7869
 EELEC  =    -63344.2247  EHBOND  =         0.0000  RESTRAINT  =        84.1755
 EAMBER (non-restraint)  =    -48272.0676
 ------------------------------------------------------------------------------

wrapping first mol.:       20.88048       29.52946       51.14652
wrapping first mol.:       20.88048       29.52946       51.14652

 NSTEP =    32500   TIME(PS) =    1205.000  TEMP(K) =   296.64  PRESS =     0.0
 Etot   =    -37982.1073  EKtot   =      9910.9785  EPtot      =    -47893.0858
 BOND   =       354.3910  ANGLE   =      1061.4118  DIHED      =      1343.4440
 1-4 NB =       462.9709  1-4 EEL =      6330.4934  VDWAALS    =      5341.5651
 EELEC  =    -62884.0056  EHBOND  =         0.0000  RESTRAINT  =        96.6435
 EAMBER (non-restraint)  =    -47989.7293
 ------------------------------------------------------------------------------

wrapping first mol.:       20.88048       29.52946       51.14652
wrapping first mol.:       20.88048       29.52946       51.14652

 NSTEP =    33000   TIME(PS) =    1206.000  TEMP(K) =   301.57  PRESS =     0.0
 Etot   =    -37933.2323  EKtot   =     10075.6807  EPtot      =    -48008.9130
 BOND   =       345.5178  ANGLE   =      1105.4261  DIHED      =      1352.6367
 1-4 NB =       459.2952  1-4 EEL =      6346.9972  VDWAALS    =      5456.9013
 EELEC  =    -63165.0748  EHBOND  =         0.0000  RESTRAINT  =        89.3874
 EAMBER (non-restraint)  =    -48098.3004
 ------------------------------------------------------------------------------

wrapping first mol.:       20.88048       29.52946       51.14652
wrapping first mol.:       20.88048       29.52946       51.14652

 NSTEP =    33500   TIME(PS) =    1207.000  TEMP(K) =   300.42  PRESS =     0.0
 Etot   =    -38052.4075  EKtot   =     10037.3057  EPtot      =    -48089.7132
 BOND   =       357.7932  ANGLE   =      1035.7781  DIHED      =      1354.7607
 1-4 NB =       455.8653  1-4 EEL =      6308.5991  VDWAALS    =      5415.8802
 EELEC  =    -63122.6707  EHBOND  =         0.0000  RESTRAINT  =       104.2809
 EAMBER (non-restraint)  =    -48193.9941
 ------------------------------------------------------------------------------

wrapping first mol.:       20.88048       29.52946       51.14652
wrapping first mol.:       20.88048       29.52946       51.14652

 NSTEP =    34000   TIME(PS) =    1208.000  TEMP(K) =   295.96  PRESS =     0.0
 Etot   =    -37914.7922  EKtot   =      9888.2539  EPtot      =    -47803.0461
 BOND   =       357.3601  ANGLE   =      1081.6234  DIHED      =      1367.6636
 1-4 NB =       462.9653  1-4 EEL =      6310.6901  VDWAALS    =      5386.7700
 EELEC  =    -62874.8014  EHBOND  =         0.0000  RESTRAINT  =       104.6827
 EAMBER (non-restraint)  =    -47907.7287
 ------------------------------------------------------------------------------

wrapping first mol.:       20.88048       29.52946       51.14652
wrapping first mol.:       20.88048       29.52946       51.14652

 NSTEP =    34500   TIME(PS) =    1209.000  TEMP(K) =   298.21  PRESS =     0.0
 Etot   =    -38096.9254  EKtot   =      9963.3574  EPtot      =    -48060.2829
 BOND   =       356.6652  ANGLE   =      1049.3619  DIHED      =      1336.1222
 1-4 NB =       441.5535  1-4 EEL =      6339.8784  VDWAALS    =      5487.6330
 EELEC  =    -63157.0527  EHBOND  =         0.0000  RESTRAINT  =        85.5556
 EAMBER (non-restraint)  =    -48145.8384
 ------------------------------------------------------------------------------

wrapping first mol.:       20.88048       29.52946       51.14652
wrapping first mol.:       20.88048       29.52946       51.14652

 NSTEP =    35000   TIME(PS) =    1210.000  TEMP(K) =   300.04  PRESS =     0.0
 Etot   =    -38233.3899  EKtot   =     10024.4834  EPtot      =    -48257.8733
 BOND   =       325.7368  ANGLE   =      1043.1541  DIHED      =      1354.4080
 1-4 NB =       441.6876  1-4 EEL =      6288.6267  VDWAALS    =      5549.0014
 EELEC  =    -63348.7884  EHBOND  =         0.0000  RESTRAINT  =        88.3004
 EAMBER (non-restraint)  =    -48346.1738
 ------------------------------------------------------------------------------

wrapping first mol.:       20.88048       29.52946       51.14652
wrapping first mol.:       20.88048       29.52946       51.14652

 NSTEP =    35500   TIME(PS) =    1211.000  TEMP(K) =   302.25  PRESS =     0.0
 Etot   =    -38009.2373  EKtot   =     10098.2041  EPtot      =    -48107.4414
 BOND   =       332.8206  ANGLE   =      1053.5985  DIHED      =      1362.1354
 1-4 NB =       456.7525  1-4 EEL =      6338.4499  VDWAALS    =      5388.8597
 EELEC  =    -63135.0400  EHBOND  =         0.0000  RESTRAINT  =        94.9820
 EAMBER (non-restraint)  =    -48202.4234
 ------------------------------------------------------------------------------

wrapping first mol.:       20.88048       29.52946       51.14652
wrapping first mol.:       20.88048       29.52946       51.14652

 NSTEP =    36000   TIME(PS) =    1212.000  TEMP(K) =   302.68  PRESS =     0.0
 Etot   =    -37995.3615  EKtot   =     10112.8066  EPtot      =    -48108.1681
 BOND   =       363.1475  ANGLE   =      1058.2475  DIHED      =      1374.8651
 1-4 NB =       446.3947  1-4 EEL =      6314.6158  VDWAALS    =      5230.0605
 EELEC  =    -62987.3609  EHBOND  =         0.0000  RESTRAINT  =        91.8618
 EAMBER (non-restraint)  =    -48200.0299
 ------------------------------------------------------------------------------

wrapping first mol.:       20.88048       29.52946       51.14652
wrapping first mol.:       20.88048       29.52946       51.14652

 NSTEP =    36500   TIME(PS) =    1213.000  TEMP(K) =   301.18  PRESS =     0.0
 Etot   =    -38239.9692  EKtot   =     10062.6924  EPtot      =    -48302.6616
 BOND   =       355.9105  ANGLE   =       986.4961  DIHED      =      1352.7185
 1-4 NB =       456.4638  1-4 EEL =      6339.7315  VDWAALS    =      5450.4168
 EELEC  =    -63334.1289  EHBOND  =         0.0000  RESTRAINT  =        89.7301
 EAMBER (non-restraint)  =    -48392.3917
 ------------------------------------------------------------------------------

wrapping first mol.:       20.88048       29.52946       51.14652
wrapping first mol.:       20.88048       29.52946       51.14652

 NSTEP =    37000   TIME(PS) =    1214.000  TEMP(K) =   299.14  PRESS =     0.0
 Etot   =    -38082.3638  EKtot   =      9994.6025  EPtot      =    -48076.9663
 BOND   =       364.7531  ANGLE   =      1009.1232  DIHED      =      1371.1288
 1-4 NB =       460.2968  1-4 EEL =      6351.7146  VDWAALS    =      5468.8728
 EELEC  =    -63202.8227  EHBOND  =         0.0000  RESTRAINT  =        99.9670
 EAMBER (non-restraint)  =    -48176.9333
 ------------------------------------------------------------------------------

wrapping first mol.:       20.88048       29.52946       51.14652
wrapping first mol.:       20.88048       29.52946       51.14652

 NSTEP =    37500   TIME(PS) =    1215.000  TEMP(K) =   299.78  PRESS =     0.0
 Etot   =    -38145.0396  EKtot   =     10015.9199  EPtot      =    -48160.9595
 BOND   =       349.0003  ANGLE   =      1054.9908  DIHED      =      1361.3078
 1-4 NB =       451.3861  1-4 EEL =      6321.3677  VDWAALS    =      5610.0675
 EELEC  =    -63401.9622  EHBOND  =         0.0000  RESTRAINT  =        92.8825
 EAMBER (non-restraint)  =    -48253.8420
 ------------------------------------------------------------------------------

wrapping first mol.:       20.88048       29.52946       51.14652
wrapping first mol.:       20.88048       29.52946       51.14652

 NSTEP =    38000   TIME(PS) =    1216.000  TEMP(K) =   296.46  PRESS =     0.0
 Etot   =    -38182.4734  EKtot   =      9904.8965  EPtot      =    -48087.3698
 BOND   =       313.8031  ANGLE   =      1061.1126  DIHED      =      1377.5669
 1-4 NB =       439.4353  1-4 EEL =      6274.9116  VDWAALS    =      5236.4903
 EELEC  =    -62878.9895  EHBOND  =         0.0000  RESTRAINT  =        88.2998
 EAMBER (non-restraint)  =    -48175.6696
 ------------------------------------------------------------------------------

wrapping first mol.:       20.88048       29.52946       51.14652
wrapping first mol.:       20.88048       29.52946       51.14652

 NSTEP =    38500   TIME(PS) =    1217.000  TEMP(K) =   296.88  PRESS =     0.0
 Etot   =    -38139.0451  EKtot   =      9919.0283  EPtot      =    -48058.0734
 BOND   =       338.5274  ANGLE   =      1077.2731  DIHED      =      1365.7218
 1-4 NB =       456.1151  1-4 EEL =      6311.4498  VDWAALS    =      5355.2719
 EELEC  =    -63062.2455  EHBOND  =         0.0000  RESTRAINT  =        99.8130
 EAMBER (non-restraint)  =    -48157.8864
 ------------------------------------------------------------------------------

wrapping first mol.:       20.88048       29.52946       51.14652
wrapping first mol.:       20.88048       29.52946       51.14652

 NSTEP =    39000   TIME(PS) =    1218.000  TEMP(K) =   296.87  PRESS =     0.0
 Etot   =    -38157.0043  EKtot   =      9918.4844  EPtot      =    -48075.4887
 BOND   =       327.8834  ANGLE   =      1048.5464  DIHED      =      1338.8908
 1-4 NB =       447.7015  1-4 EEL =      6339.7643  VDWAALS    =      5513.9195
 EELEC  =    -63181.3480  EHBOND  =         0.0000  RESTRAINT  =        89.1535
 EAMBER (non-restraint)  =    -48164.6422
 ------------------------------------------------------------------------------

wrapping first mol.:       20.88048       29.52946       51.14652
wrapping first mol.:       20.88048       29.52946       51.14652

 NSTEP =    39500   TIME(PS) =    1219.000  TEMP(K) =   292.91  PRESS =     0.0
 Etot   =    -38509.5455  EKtot   =      9786.3037  EPtot      =    -48295.8492
 BOND   =       351.8386  ANGLE   =      1064.4870  DIHED      =      1332.3677
 1-4 NB =       440.5810  1-4 EEL =      6325.8816  VDWAALS    =      5457.4483
 EELEC  =    -63359.1993  EHBOND  =         0.0000  RESTRAINT  =        90.7459
 EAMBER (non-restraint)  =    -48386.5951
 ------------------------------------------------------------------------------

wrapping first mol.:       20.88048       29.52946       51.14652
wrapping first mol.:       20.88048       29.52946       51.14652

 NSTEP =    40000   TIME(PS) =    1220.000  TEMP(K) =   299.49  PRESS =     0.0
 Etot   =    -38178.2662  EKtot   =     10006.0371  EPtot      =    -48184.3033
 BOND   =       369.7478  ANGLE   =      1001.8121  DIHED      =      1344.5437
 1-4 NB =       451.6161  1-4 EEL =      6340.9222  VDWAALS    =      5250.4547
 EELEC  =    -63036.1904  EHBOND  =         0.0000  RESTRAINT  =        92.7906
 EAMBER (non-restraint)  =    -48277.0938
 ------------------------------------------------------------------------------

wrapping first mol.:       20.88048       29.52946       51.14652
wrapping first mol.:       20.88048       29.52946       51.14652

 NSTEP =    40500   TIME(PS) =    1221.000  TEMP(K) =   301.82  PRESS =     0.0
 Etot   =    -38027.7678  EKtot   =     10084.1104  EPtot      =    -48111.8782
 BOND   =       336.3549  ANGLE   =      1070.1466  DIHED      =      1340.8229
 1-4 NB =       461.0248  1-4 EEL =      6309.6812  VDWAALS    =      5424.3152
 EELEC  =    -63133.9568  EHBOND  =         0.0000  RESTRAINT  =        79.7331
 EAMBER (non-restraint)  =    -48191.6113
 ------------------------------------------------------------------------------

wrapping first mol.:       20.88048       29.52946       51.14652
wrapping first mol.:       20.88048       29.52946       51.14652

 NSTEP =    41000   TIME(PS) =    1222.000  TEMP(K) =   299.27  PRESS =     0.0
 Etot   =    -38239.0833  EKtot   =      9998.7988  EPtot      =    -48237.8822
 BOND   =       355.9863  ANGLE   =      1030.2399  DIHED      =      1352.9997
 1-4 NB =       438.6278  1-4 EEL =      6297.4774  VDWAALS    =      5353.8503
 EELEC  =    -63161.7374  EHBOND  =         0.0000  RESTRAINT  =        94.6737
 EAMBER (non-restraint)  =    -48332.5559
 ------------------------------------------------------------------------------

wrapping first mol.:       20.88048       29.52946       51.14652
wrapping first mol.:       20.88048       29.52946       51.14652

 NSTEP =    41500   TIME(PS) =    1223.000  TEMP(K) =   299.11  PRESS =     0.0
 Etot   =    -38122.0862  EKtot   =      9993.5566  EPtot      =    -48115.6428
 BOND   =       339.6584  ANGLE   =      1093.8736  DIHED      =      1360.4614
 1-4 NB =       453.5285  1-4 EEL =      6325.5394  VDWAALS    =      5309.5693
 EELEC  =    -63098.5634  EHBOND  =         0.0000  RESTRAINT  =       100.2901
 EAMBER (non-restraint)  =    -48215.9329
 ------------------------------------------------------------------------------

wrapping first mol.:       20.88048       29.52946       51.14652
wrapping first mol.:       20.88048       29.52946       51.14652

 NSTEP =    42000   TIME(PS) =    1224.000  TEMP(K) =   301.07  PRESS =     0.0
 Etot   =    -37984.7006  EKtot   =     10059.0254  EPtot      =    -48043.7260
 BOND   =       371.8158  ANGLE   =      1072.0485  DIHED      =      1375.0778
 1-4 NB =       445.5302  1-4 EEL =      6331.5473  VDWAALS    =      5391.4015
 EELEC  =    -63127.8520  EHBOND  =         0.0000  RESTRAINT  =        96.7048
 EAMBER (non-restraint)  =    -48140.4309
 ------------------------------------------------------------------------------

wrapping first mol.:       20.88048       29.52946       51.14652
wrapping first mol.:       20.88048       29.52946       51.14652

 NSTEP =    42500   TIME(PS) =    1225.000  TEMP(K) =   303.52  PRESS =     0.0
 Etot   =    -37847.6554  EKtot   =     10140.6367  EPtot      =    -47988.2921
 BOND   =       358.4854  ANGLE   =      1076.1759  DIHED      =      1364.2377
 1-4 NB =       439.8457  1-4 EEL =      6297.9881  VDWAALS    =      5163.3284
 EELEC  =    -62774.6169  EHBOND  =         0.0000  RESTRAINT  =        86.2637
 EAMBER (non-restraint)  =    -48074.5558
 ------------------------------------------------------------------------------

wrapping first mol.:       20.88048       29.52946       51.14652
wrapping first mol.:       20.88048       29.52946       51.14652

 NSTEP =    43000   TIME(PS) =    1226.000  TEMP(K) =   301.96  PRESS =     0.0
 Etot   =    -37918.4005  EKtot   =     10088.5889  EPtot      =    -48006.9893
 BOND   =       361.0802  ANGLE   =      1051.1408  DIHED      =      1347.8767
 1-4 NB =       438.6190  1-4 EEL =      6280.6660  VDWAALS    =      5354.6512
 EELEC  =    -62942.8970  EHBOND  =         0.0000  RESTRAINT  =       101.8738
 EAMBER (non-restraint)  =    -48108.8631
 ------------------------------------------------------------------------------

wrapping first mol.:       20.88048       29.52946       51.14652
wrapping first mol.:       20.88048       29.52946       51.14652

 NSTEP =    43500   TIME(PS) =    1227.000  TEMP(K) =   299.67  PRESS =     0.0
 Etot   =    -38128.8512  EKtot   =     10012.3301  EPtot      =    -48141.1813
 BOND   =       363.4306  ANGLE   =      1055.0894  DIHED      =      1343.7829
 1-4 NB =       445.9861  1-4 EEL =      6328.5667  VDWAALS    =      5575.9411
 EELEC  =    -63335.5055  EHBOND  =         0.0000  RESTRAINT  =        81.5275
 EAMBER (non-restraint)  =    -48222.7088
 ------------------------------------------------------------------------------

wrapping first mol.:       20.88048       29.52946       51.14652
wrapping first mol.:       20.88048       29.52946       51.14652

 NSTEP =    44000   TIME(PS) =    1228.000  TEMP(K) =   302.91  PRESS =     0.0
 Etot   =    -37779.6221  EKtot   =     10120.5742  EPtot      =    -47900.1963
 BOND   =       364.6553  ANGLE   =      1059.9639  DIHED      =      1370.5468
 1-4 NB =       463.5397  1-4 EEL =      6334.4184  VDWAALS    =      5341.4173
 EELEC  =    -62928.8812  EHBOND  =         0.0000  RESTRAINT  =        94.1435
 EAMBER (non-restraint)  =    -47994.3398
 ------------------------------------------------------------------------------

wrapping first mol.:       20.88048       29.52946       51.14652
wrapping first mol.:       20.88048       29.52946       51.14652

 NSTEP =    44500   TIME(PS) =    1229.000  TEMP(K) =   306.24  PRESS =     0.0
 Etot   =    -37895.5123  EKtot   =     10231.5713  EPtot      =    -48127.0836
 BOND   =       370.7328  ANGLE   =      1049.9413  DIHED      =      1335.1263
 1-4 NB =       455.5984  1-4 EEL =      6313.4659  VDWAALS    =      5453.2781
 EELEC  =    -63195.9880  EHBOND  =         0.0000  RESTRAINT  =        90.7616
 EAMBER (non-restraint)  =    -48217.8452
 ------------------------------------------------------------------------------

wrapping first mol.:       20.88048       29.52946       51.14652
wrapping first mol.:       20.88048       29.52946       51.14652

 NSTEP =    45000   TIME(PS) =    1230.000  TEMP(K) =   300.78  PRESS =     0.0
 Etot   =    -38023.8674  EKtot   =     10049.2871  EPtot      =    -48073.1545
 BOND   =       317.7615  ANGLE   =      1061.3981  DIHED      =      1335.7812
 1-4 NB =       464.7659  1-4 EEL =      6342.3524  VDWAALS    =      5620.5624
 EELEC  =    -63309.0641  EHBOND  =         0.0000  RESTRAINT  =        93.2880
 EAMBER (non-restraint)  =    -48166.4425
 ------------------------------------------------------------------------------

wrapping first mol.:       20.88048       29.52946       51.14652
wrapping first mol.:       20.88048       29.52946       51.14652

 NSTEP =    45500   TIME(PS) =    1231.000  TEMP(K) =   305.90  PRESS =     0.0
 Etot   =    -37975.0806  EKtot   =     10220.3242  EPtot      =    -48195.4049
 BOND   =       333.9571  ANGLE   =      1077.8495  DIHED      =      1331.5688
 1-4 NB =       462.6190  1-4 EEL =      6334.9830  VDWAALS    =      5390.4079
 EELEC  =    -63212.6930  EHBOND  =         0.0000  RESTRAINT  =        85.9030
 EAMBER (non-restraint)  =    -48281.3079
 ------------------------------------------------------------------------------

wrapping first mol.:       20.88048       29.52946       51.14652
wrapping first mol.:       20.88048       29.52946       51.14652

 NSTEP =    46000   TIME(PS) =    1232.000  TEMP(K) =   301.23  PRESS =     0.0
 Etot   =    -38042.3040  EKtot   =     10064.2139  EPtot      =    -48106.5179
 BOND   =       361.9776  ANGLE   =      1045.4930  DIHED      =      1340.2192
 1-4 NB =       454.5238  1-4 EEL =      6332.2225  VDWAALS    =      5227.2966
 EELEC  =    -62959.5614  EHBOND  =         0.0000  RESTRAINT  =        91.3109
 EAMBER (non-restraint)  =    -48197.8287
 ------------------------------------------------------------------------------

wrapping first mol.:       20.88048       29.52946       51.14652
wrapping first mol.:       20.88048       29.52946       51.14652

 NSTEP =    46500   TIME(PS) =    1233.000  TEMP(K) =   298.51  PRESS =     0.0
 Etot   =    -38443.3232  EKtot   =      9973.4775  EPtot      =    -48416.8008
 BOND   =       350.6939  ANGLE   =      1039.7026  DIHED      =      1339.7413
 1-4 NB =       446.9713  1-4 EEL =      6320.2089  VDWAALS    =      5501.3003
 EELEC  =    -63509.7911  EHBOND  =         0.0000  RESTRAINT  =        94.3720
 EAMBER (non-restraint)  =    -48511.1728
 ------------------------------------------------------------------------------

wrapping first mol.:       20.88048       29.52946       51.14652
wrapping first mol.:       20.88048       29.52946       51.14652

 NSTEP =    47000   TIME(PS) =    1234.000  TEMP(K) =   299.56  PRESS =     0.0
 Etot   =    -38239.4141  EKtot   =     10008.5303  EPtot      =    -48247.9444
 BOND   =       334.9721  ANGLE   =      1022.1692  DIHED      =      1331.5257
 1-4 NB =       446.4476  1-4 EEL =      6312.5454  VDWAALS    =      5645.9377
 EELEC  =    -63435.6058  EHBOND  =         0.0000  RESTRAINT  =        94.0636
 EAMBER (non-restraint)  =    -48342.0080
 ------------------------------------------------------------------------------

wrapping first mol.:       20.88048       29.52946       51.14652
wrapping first mol.:       20.88048       29.52946       51.14652

 NSTEP =    47500   TIME(PS) =    1235.000  TEMP(K) =   300.95  PRESS =     0.0
 Etot   =    -38157.9988  EKtot   =     10055.0713  EPtot      =    -48213.0701
 BOND   =       339.4109  ANGLE   =      1082.6319  DIHED      =      1348.1345
 1-4 NB =       457.0658  1-4 EEL =      6306.1238  VDWAALS    =      5436.4710
 EELEC  =    -63278.8957  EHBOND  =         0.0000  RESTRAINT  =        95.9877
 EAMBER (non-restraint)  =    -48309.0578
 ------------------------------------------------------------------------------

wrapping first mol.:       20.88048       29.52946       51.14652
wrapping first mol.:       20.88048       29.52946       51.14652

 NSTEP =    48000   TIME(PS) =    1236.000  TEMP(K) =   299.78  PRESS =     0.0
 Etot   =    -38347.4617  EKtot   =     10015.9082  EPtot      =    -48363.3699
 BOND   =       343.2660  ANGLE   =      1086.5349  DIHED      =      1339.3281
 1-4 NB =       456.9255  1-4 EEL =      6308.0685  VDWAALS    =      5415.7932
 EELEC  =    -63398.8355  EHBOND  =         0.0000  RESTRAINT  =        85.5494
 EAMBER (non-restraint)  =    -48448.9193
 ------------------------------------------------------------------------------

wrapping first mol.:       20.88048       29.52946       51.14652
wrapping first mol.:       20.88048       29.52946       51.14652

 NSTEP =    48500   TIME(PS) =    1237.000  TEMP(K) =   298.64  PRESS =     0.0
 Etot   =    -38085.6927  EKtot   =      9977.6162  EPtot      =    -48063.3089
 BOND   =       358.7430  ANGLE   =      1049.5124  DIHED      =      1351.2949
 1-4 NB =       439.3618  1-4 EEL =      6304.3039  VDWAALS    =      5340.9971
 EELEC  =    -63005.7855  EHBOND  =         0.0000  RESTRAINT  =        98.2634
 EAMBER (non-restraint)  =    -48161.5723
 ------------------------------------------------------------------------------

wrapping first mol.:       20.88048       29.52946       51.14652
wrapping first mol.:       20.88048       29.52946       51.14652

 NSTEP =    49000   TIME(PS) =    1238.000  TEMP(K) =   301.61  PRESS =     0.0
 Etot   =    -38036.4097  EKtot   =     10076.8438  EPtot      =    -48113.2534
 BOND   =       340.7331  ANGLE   =      1022.3988  DIHED      =      1360.6757
 1-4 NB =       457.5813  1-4 EEL =      6350.5268  VDWAALS    =      5474.0053
 EELEC  =    -63209.0919  EHBOND  =         0.0000  RESTRAINT  =        89.9175
 EAMBER (non-restraint)  =    -48203.1710
 ------------------------------------------------------------------------------

wrapping first mol.:       20.88048       29.52946       51.14652
wrapping first mol.:       20.88048       29.52946       51.14652

 NSTEP =    49500   TIME(PS) =    1239.000  TEMP(K) =   301.12  PRESS =     0.0
 Etot   =    -38125.1993  EKtot   =     10060.6377  EPtot      =    -48185.8370
 BOND   =       354.5198  ANGLE   =      1092.3098  DIHED      =      1361.3838
 1-4 NB =       450.7006  1-4 EEL =      6361.3902  VDWAALS    =      5393.3844
 EELEC  =    -63282.0907  EHBOND  =         0.0000  RESTRAINT  =        82.5651
 EAMBER (non-restraint)  =    -48268.4021
 ------------------------------------------------------------------------------

wrapping first mol.:       20.88048       29.52946       51.14652
wrapping first mol.:       20.88048       29.52946       51.14652

 NSTEP =    50000   TIME(PS) =    1240.000  TEMP(K) =   299.73  PRESS =     0.0
 Etot   =    -37927.0281  EKtot   =     10014.0449  EPtot      =    -47941.0731
 BOND   =       359.1200  ANGLE   =      1096.8866  DIHED      =      1373.6968
 1-4 NB =       445.4046  1-4 EEL =      6300.6486  VDWAALS    =      5326.3475
 EELEC  =    -62927.2110  EHBOND  =         0.0000  RESTRAINT  =        84.0338
 EAMBER (non-restraint)  =    -48025.1069
 ------------------------------------------------------------------------------


      A V E R A G E S   O V E R     100 S T E P S


 NSTEP =    50000   TIME(PS) =    1240.000  TEMP(K) =   300.29  PRESS =     0.0
 Etot   =    -38080.3620  EKtot   =     10032.8728  EPtot      =    -48113.2348
 BOND   =       352.4551  ANGLE   =      1054.5948  DIHED      =      1351.4462
 1-4 NB =       449.9701  1-4 EEL =      6317.6710  VDWAALS    =      5403.1145
 EELEC  =    -63135.0608  EHBOND  =         0.0000  RESTRAINT  =        92.5742
 EAMBER (non-restraint)  =    -48205.8090
 ------------------------------------------------------------------------------


      R M S  F L U C T U A T I O N S


 NSTEP =    50000   TIME(PS) =    1240.000  TEMP(K) =     2.28  PRESS =     0.0
 Etot   =       133.7847  EKtot   =        76.2026  EPtot      =       117.7069
 BOND   =        17.1753  ANGLE   =        23.3984  DIHED      =        12.5751
 1-4 NB =         9.3318  1-4 EEL =        19.4504  VDWAALS    =       111.1820
 EELEC  =       182.5256  EHBOND  =         0.0000  RESTRAINT  =         6.0650
 EAMBER (non-restraint)  =       111.6419
 ------------------------------------------------------------------------------

--------------------------------------------------------------------------------
   5.  TIMINGS
--------------------------------------------------------------------------------

|  NonSetup CPU Time in Major Routines:
|
|     Routine           Sec        %
|     ------------------------------
|     Nonbond          13.47   35.04
|     Bond              0.00    0.00
|     Angle             0.00    0.00
|     Dihedral          0.00    0.00
|     Shake             0.77    2.00
|     RunMD            24.12   62.77
|     Other             0.07    0.19
|     ------------------------------
|     Total            38.43

|  PME Nonbond Pairlist CPU Time:
|
|     Routine              Sec        %
|     ---------------------------------
|     Set Up Cit           0.00    0.00
|     Build List           0.00    0.00
|     ---------------------------------
|     Total                0.00    0.00

|  PME Direct Force CPU Time:
|
|     Routine              Sec        %
|     ---------------------------------
|     NonBonded Calc       0.00    0.00
|     Exclude Masked       0.00    0.00
|     Other                0.02    0.06
|     ---------------------------------
|     Total                0.02    0.06

|  PME Reciprocal Force CPU Time:
|
|     Routine              Sec        %
|     ---------------------------------
|     1D bspline           0.00    0.00
|     Grid Charges         0.00    0.00
|     Scalar Sum           0.00    0.00
|     Gradient Sum         0.00    0.00
|     FFT                  0.00    0.00
|     ---------------------------------
|     Total                0.00    0.00

|  Final Performance Info:
|     -----------------------------------------------------
|     Average timings for last   49500 steps:
|     Elapsed(s) =      38.04 Per Step(ms) =       0.77
|         ns/day =     224.85   seconds/ns =     384.26
|
|     Average timings for all steps:
|     Elapsed(s) =      38.44 Per Step(ms) =       0.77
|         ns/day =     224.76   seconds/ns =     384.42
|     -----------------------------------------------------

|  Setup CPU time:            3.18 seconds
|  NonSetup CPU time:        38.43 seconds
|  Total CPU time:           41.62 seconds     0.01 hours

|  Setup wall time:           4    seconds
|  NonSetup wall time:       38    seconds
|  Total wall time:          42    seconds     0.01 hours
