
          -------------------------------------------------------
          Amber 16 PMEMD                              2016
          -------------------------------------------------------

| PMEMD implementation of SANDER, Release 16

| Run on 11/17/2017 at 08:24:34

|   Executable path: /apps/amber16/bin/pmemd.cuda
| Working directory: /home/pbarletta
|          Hostname: mordor

  [-O]verwriting output

File Assignments:
|   MDIN: /scratch/pbarletta/cph_obp/run/eol/mhe/e/12equ.in                     
|  MDOUT: /scratch/pbarletta/cph_obp/run/eol/mhe/e/12equ.out                    
| INPCRD: /scratch/pbarletta/cph_obp/run/eol/mhe/e/11eeol.rst7                  
|   PARM: /scratch/pbarletta/cph_obp/top_files/eol.prmtop                       
| RESTRT: /scratch/pbarletta/cph_obp/run/eol/mhe/e/12eeol.rst7                  
|   REFC: /scratch/pbarletta/cph_obp/run/eol/mhe/e/11eeol.rst7                  
|  MDVEL: mdvel                                                                 
|   MDEN: mden                                                                  
|  MDCRD: /scratch/pbarletta/cph_obp/run/eol/mhe/e/12eeol.nc                    
| MDINFO: mdinfo                                                                
|  MDFRC: mdfrc                                                                 


 Here is the input file:

Equilibration with solute restrictions                                         
&cntrl                                                                         
imin = 0,                           ! No Minimization                          
nmropt = 0,                         ! No NMR restraints read                   
                                                                               
! Nature and format of the input                                               
ntx = 5,                            ! Coordinates but no velocities will be rea
irest = 1,                          ! Do not run a new simulation              
                                                                               
! Nature and format of the output                                              
ntxo = 1,                           ! rstrt file in ASCII format               
ntpr = 500,                         ! inf in output every ntpr steps           
ntwr = 500,                         ! rstrt file every ntwr steps              
ntwx = 500,                         ! mdcrd file every ntwx steps              
ntwv = 0,                           ! mdvel without velocities                 
ntwe = 0,                           ! Energies and temperatures not written in 
idecomp = 0,                        ! No energy decomposition                  
iwrap = 1,                          ! Coordinates of the restart and mdcrd file
                                                                               
! Frozen or restrained atoms                                                   
ibelly = 0,                         ! No frozen atoms                          
ntr=1,                              ! Harmonic potential restraints            
restraint_wt = 5.0,                ! The weight for the positional restraints  
restraintmask = ':1-120@N,CA,C,O',  ! restrained residues                      
                                                                               
! Molecular dynamics                                                           
nstlim = 50000,                     ! Number of MD-steps                       
dt = 0.002,                         ! Time step                                
                                                                               
! Temperature regulation                                                       
ntt = 3,                            ! Langevin thermostat                      
gamma_ln = 5,                       ! Gamma constant for Langevin              
temp0 = 300.0,                      ! Reference T at which the system is to be 
tempi = 300.0,                      ! Initial T                                
ig = -1,                            ! Seed for the RNG                         
                                                                               
! P and V regulation                                                           
ntp = 0,                            ! No pressure control                      
ntb = 1,                            ! Periodic box for constant V              
                                                                               
! SHAKE variables                                                              
ntc = 2,                            ! Bonds involving H are constrained        
ntf = 2,                            ! Bond interaction involving H are ommited.
                                                                               
cut = 10.0,                         ! Nonbonded cutoff                         
                                                                               
/                                                                              
&end                                                                           


Note: ig = -1. Setting random seed to   569363 based on wallclock time in 
      microseconds.
| irandom = 1, using AMBER's internal random number generator (default).
 
|--------------------- INFORMATION ----------------------
| GPU (CUDA) Version of PMEMD in use: NVIDIA GPU IN USE.
|                    Version 16.0.0
| 
|                      02/25/2016
| 
| Implementation by:
|                    Ross C. Walker     (SDSC)
|                    Scott Le Grand     (nVIDIA)
| 
| Precision model in use:
|      [SPFP] - Single Precision Forces, 64-bit Fixed Point
|               Accumulation. (Default)
| 
|--------------------------------------------------------
 
|----------------- CITATION INFORMATION -----------------
|
|    When publishing work that utilized the CUDA version
|    of AMBER, please cite the following in addition to
|    the regular AMBER citations:
|
|  - Romelia Salomon-Ferrer; Andreas W. Goetz; Duncan
|    Poole; Scott Le Grand; Ross C. Walker "Routine
|    microsecond molecular dynamics simulations with
|    AMBER - Part II: Particle Mesh Ewald", J. Chem.
|    Theory Comput., 2013, 9 (9), pp3878-3888,
|    DOI: 10.1021/ct400314y.
|
|  - Andreas W. Goetz; Mark J. Williamson; Dong Xu;
|    Duncan Poole; Scott Le Grand; Ross C. Walker
|    "Routine microsecond molecular dynamics simulations
|    with AMBER - Part I: Generalized Born", J. Chem.
|    Theory Comput., 2012, 8 (5), pp1542-1555.
|
|  - Scott Le Grand; Andreas W. Goetz; Ross C. Walker
|    "SPFP: Speed without compromise - a mixed precision
|    model for GPU accelerated molecular dynamics
|    simulations.", Comp. Phys. Comm., 2013, 184
|    pp374-380, DOI: 10.1016/j.cpc.2012.09.022
|
|--------------------------------------------------------
 
|------------------- GPU DEVICE INFO --------------------
|
|            CUDA_VISIBLE_DEVICES: 2
|   CUDA Capable Devices Detected:      1
|           CUDA Device ID in use:      0
|                CUDA Device Name: GeForce GTX 1080 Ti
|     CUDA Device Global Mem Size:  11172 MB
| CUDA Device Num Multiprocessors:     28
|           CUDA Device Core Freq:   1.58 GHz
|
|--------------------------------------------------------
 
 
| Conditional Compilation Defines Used:
| PUBFFT
| BINTRAJ
| CUDA
| EMIL

| Largest sphere to fit in unit cell has radius =    25.573

| New format PARM file being parsed.
| Version =    1.000 Date = 11/14/17 Time = 21:40:14

| Note: 1-4 EEL scale factors are being read from the topology file.

| Note: 1-4 VDW scale factors are being read from the topology file.
| Duplicated    0 dihedrals

| Duplicated    0 dihedrals

--------------------------------------------------------------------------------
   1.  RESOURCE   USE: 
--------------------------------------------------------------------------------

 getting new box info from bottom of inpcrd
 NATOM  =   16335 NTYPES =      18 NBONH =   15379 MBONA  =     963
 NTHETH =    2359 MTHETA =    1293 NPHIH =    4500 MPHIA  =    3265
 NHPARM =       0 NPARM  =       0 NNB   =   30156 NRES   =    4896
 NBONA  =     963 NTHETA =    1293 NPHIA =    3265 NUMBND =      51
 NUMANG =     105 NPTRA  =      41 NATYP =      35 NPHB   =       1
 IFBOX  =       2 NMXRS  =      24 IFCAP =       0 NEXTRA =       0
 NCOPY  =       0

| Coordinate Index Table dimensions:    10   10   10
| Direct force subcell size =     6.2641    6.2641    6.2641

     BOX TYPE: TRUNCATED OCTAHEDRON

--------------------------------------------------------------------------------
   2.  CONTROL  DATA  FOR  THE  RUN
--------------------------------------------------------------------------------

default_name                                                                    

General flags:
     imin    =       0, nmropt  =       0

Nature and format of input:
     ntx     =       5, irest   =       1, ntrx    =       1

Nature and format of output:
     ntxo    =       1, ntpr    =     500, ntrx    =       1, ntwr    =     500
     iwrap   =       1, ntwx    =     500, ntwv    =       0, ntwe    =       0
     ioutfm  =       1, ntwprt  =       0, idecomp =       0, rbornstat=      0

Potential function:
     ntf     =       2, ntb     =       1, igb     =       0, nsnb    =      25
     ipol    =       0, gbsa    =       0, iesp    =       0
     dielc   =   1.00000, cut     =  10.00000, intdiel =   1.00000

Frozen or restrained atoms:
     ibelly  =       0, ntr     =       1
     restraint_wt =   5.00000

Molecular dynamics:
     nstlim  =     50000, nscm    =         0, nrespa  =         1
     t       =   0.00000, dt      =   0.00200, vlimit  =  -1.00000

Langevin dynamics temperature regulation:
     ig      =  569363
     temp0   = 300.00000, tempi   = 300.00000, gamma_ln=   5.00000

SHAKE:
     ntc     =       2, jfastw  =       0
     tol     =   0.00001

| Intermolecular bonds treatment:
|     no_intermolecular_bonds =       1

| Energy averages sample interval:
|     ene_avg_sampling =     500

Ewald parameters:
     verbose =       0, ew_type =       0, nbflag  =       1, use_pme =       1
     vdwmeth =       1, eedmeth =       1, netfrc  =       1
     Box X =   62.641   Box Y =   62.641   Box Z =   62.641
     Alpha =  109.471   Beta  =  109.471   Gamma =  109.471
     NFFT1 =   64       NFFT2 =   64       NFFT3 =   64
     Cutoff=   10.000   Tol   =0.100E-04
     Ewald Coefficient =  0.27511
     Interpolation order =    4

    LOADING THE CONSTRAINED ATOMS AS GROUPS


   5.  REFERENCE ATOM COORDINATES

  default_name                                                                    
     Mask :1-120@N,CA,C,O; matches   476 atoms

--------------------------------------------------------------------------------
   3.  ATOMIC COORDINATES AND VELOCITIES
--------------------------------------------------------------------------------

default_name                                                                    
 begin time read from input coords =  1240.000 ps

 
 Number of triangulated 3-point waters found:     4775

     Sum of charges from parm topology file =  -0.00000006
     Forcing neutrality...

| Dynamic Memory, Types Used:
| Reals              619308
| Integers           586628

| Nonbonded Pairs Initial Allocation:     4940929

| GPU memory information (estimate):
| KB of GPU memory in use:    123232
| KB of CPU memory in use:     26926

--------------------------------------------------------------------------------
   4.  RESULTS
--------------------------------------------------------------------------------

 ---------------------------------------------------
 APPROXIMATING switch and d/dx switch using CUBIC SPLINE INTERPOLATION
 using   5000.0 points per unit in tabled values
 TESTING RELATIVE ERROR over r ranging from 0.0 to cutoff
| CHECK switch(x): max rel err =   0.2738E-14   at   2.422500
| CHECK d/dx switch(x): max rel err =   0.8314E-11   at   2.736960
 ---------------------------------------------------
|---------------------------------------------------
| APPROXIMATING direct energy using CUBIC SPLINE INTERPOLATION
|  with   50.0 points per unit in tabled values
| Relative Error Limit not exceeded for r .gt.   2.33
| APPROXIMATING direct force using CUBIC SPLINE INTERPOLATION
|  with   50.0 points per unit in tabled values
| Relative Error Limit not exceeded for r .gt.   2.80
|---------------------------------------------------
wrapping first mol.:       20.88048       29.52946       51.14652
wrapping first mol.:       20.88048       29.52946       51.14652

 NSTEP =      500   TIME(PS) =    1241.000  TEMP(K) =   297.86  PRESS =     0.0
 Etot   =    -38081.4332  EKtot   =      9951.5723  EPtot      =    -48033.0055
 BOND   =       356.7928  ANGLE   =      1046.6504  DIHED      =      1334.8358
 1-4 NB =       449.4686  1-4 EEL =      6283.6536  VDWAALS    =      5497.6029
 EELEC  =    -63079.0630  EHBOND  =         0.0000  RESTRAINT  =        77.0533
 EAMBER (non-restraint)  =    -48110.0588
 ------------------------------------------------------------------------------

wrapping first mol.:       20.88048       29.52946       51.14652
wrapping first mol.:       20.88048       29.52946       51.14652

 NSTEP =     1000   TIME(PS) =    1242.000  TEMP(K) =   304.92  PRESS =     0.0
 Etot   =    -37896.2582  EKtot   =     10187.4834  EPtot      =    -48083.7416
 BOND   =       365.2257  ANGLE   =      1092.0851  DIHED      =      1364.5287
 1-4 NB =       458.7646  1-4 EEL =      6287.7034  VDWAALS    =      5448.5643
 EELEC  =    -63185.5376  EHBOND  =         0.0000  RESTRAINT  =        84.9243
 EAMBER (non-restraint)  =    -48168.6659
 ------------------------------------------------------------------------------

wrapping first mol.:       20.88048       29.52946       51.14652
wrapping first mol.:       20.88048       29.52946       51.14652

 NSTEP =     1500   TIME(PS) =    1243.000  TEMP(K) =   303.81  PRESS =     0.0
 Etot   =    -38165.4673  EKtot   =     10150.5068  EPtot      =    -48315.9742
 BOND   =       336.8705  ANGLE   =      1071.2329  DIHED      =      1348.9009
 1-4 NB =       459.1671  1-4 EEL =      6361.8103  VDWAALS    =      5330.9171
 EELEC  =    -63308.3907  EHBOND  =         0.0000  RESTRAINT  =        83.5178
 EAMBER (non-restraint)  =    -48399.4919
 ------------------------------------------------------------------------------

wrapping first mol.:       20.88048       29.52946       51.14652
wrapping first mol.:       20.88048       29.52946       51.14652

 NSTEP =     2000   TIME(PS) =    1244.000  TEMP(K) =   299.37  PRESS =     0.0
 Etot   =    -38227.0114  EKtot   =     10002.0508  EPtot      =    -48229.0622
 BOND   =       371.3947  ANGLE   =      1029.7457  DIHED      =      1345.4493
 1-4 NB =       453.7758  1-4 EEL =      6334.9254  VDWAALS    =      5336.7380
 EELEC  =    -63188.5408  EHBOND  =         0.0000  RESTRAINT  =        87.4496
 EAMBER (non-restraint)  =    -48316.5118
 ------------------------------------------------------------------------------

wrapping first mol.:       20.88048       29.52946       51.14652
wrapping first mol.:       20.88048       29.52946       51.14652

 NSTEP =     2500   TIME(PS) =    1245.000  TEMP(K) =   301.72  PRESS =     0.0
 Etot   =    -38033.2874  EKtot   =     10080.6074  EPtot      =    -48113.8948
 BOND   =       383.9275  ANGLE   =      1026.2831  DIHED      =      1359.0355
 1-4 NB =       442.5677  1-4 EEL =      6306.0897  VDWAALS    =      5360.4019
 EELEC  =    -63081.0271  EHBOND  =         0.0000  RESTRAINT  =        88.8268
 EAMBER (non-restraint)  =    -48202.7216
 ------------------------------------------------------------------------------

wrapping first mol.:       20.88048       29.52946       51.14652
wrapping first mol.:       20.88048       29.52946       51.14652

 NSTEP =     3000   TIME(PS) =    1246.000  TEMP(K) =   301.73  PRESS =     0.0
 Etot   =    -38063.0151  EKtot   =     10081.1133  EPtot      =    -48144.1284
 BOND   =       363.4534  ANGLE   =      1054.4766  DIHED      =      1332.9490
 1-4 NB =       447.8308  1-4 EEL =      6293.5832  VDWAALS    =      5459.1479
 EELEC  =    -63182.3264  EHBOND  =         0.0000  RESTRAINT  =        86.7572
 EAMBER (non-restraint)  =    -48230.8855
 ------------------------------------------------------------------------------

wrapping first mol.:       20.88048       29.52946       51.14652
wrapping first mol.:       20.88048       29.52946       51.14652

 NSTEP =     3500   TIME(PS) =    1247.000  TEMP(K) =   300.17  PRESS =     0.0
 Etot   =    -38130.0483  EKtot   =     10028.9414  EPtot      =    -48158.9897
 BOND   =       362.5093  ANGLE   =      1036.9548  DIHED      =      1357.9049
 1-4 NB =       443.1030  1-4 EEL =      6287.5083  VDWAALS    =      5315.8740
 EELEC  =    -63061.0721  EHBOND  =         0.0000  RESTRAINT  =        98.2282
 EAMBER (non-restraint)  =    -48257.2179
 ------------------------------------------------------------------------------

wrapping first mol.:       20.88048       29.52946       51.14652
wrapping first mol.:       20.88048       29.52946       51.14652

 NSTEP =     4000   TIME(PS) =    1248.000  TEMP(K) =   302.22  PRESS =     0.0
 Etot   =    -38004.7607  EKtot   =     10097.4062  EPtot      =    -48102.1669
 BOND   =       355.4446  ANGLE   =      1089.1308  DIHED      =      1351.8417
 1-4 NB =       443.9067  1-4 EEL =      6309.3905  VDWAALS    =      5476.0889
 EELEC  =    -63221.4355  EHBOND  =         0.0000  RESTRAINT  =        93.4654
 EAMBER (non-restraint)  =    -48195.6323
 ------------------------------------------------------------------------------

wrapping first mol.:       20.88048       29.52946       51.14652
wrapping first mol.:       20.88048       29.52946       51.14652

 NSTEP =     4500   TIME(PS) =    1249.000  TEMP(K) =   302.58  PRESS =     0.0
 Etot   =    -38093.4322  EKtot   =     10109.4688  EPtot      =    -48202.9009
 BOND   =       348.4998  ANGLE   =      1069.2933  DIHED      =      1361.9758
 1-4 NB =       448.5291  1-4 EEL =      6275.4754  VDWAALS    =      5556.0626
 EELEC  =    -63341.4171  EHBOND  =         0.0000  RESTRAINT  =        78.6802
 EAMBER (non-restraint)  =    -48281.5812
 ------------------------------------------------------------------------------

wrapping first mol.:       20.88048       29.52946       51.14652
wrapping first mol.:       20.88048       29.52946       51.14652

 NSTEP =     5000   TIME(PS) =    1250.000  TEMP(K) =   302.76  PRESS =     0.0
 Etot   =    -38143.9009  EKtot   =     10115.4004  EPtot      =    -48259.3013
 BOND   =       363.2852  ANGLE   =      1048.2880  DIHED      =      1357.3250
 1-4 NB =       427.4541  1-4 EEL =      6292.3886  VDWAALS    =      5602.6779
 EELEC  =    -63437.3902  EHBOND  =         0.0000  RESTRAINT  =        86.6702
 EAMBER (non-restraint)  =    -48345.9714
 ------------------------------------------------------------------------------

wrapping first mol.:       20.88048       29.52946       51.14652
wrapping first mol.:       20.88048       29.52946       51.14652

 NSTEP =     5500   TIME(PS) =    1251.000  TEMP(K) =   295.03  PRESS =     0.0
 Etot   =    -38263.5599  EKtot   =      9857.1953  EPtot      =    -48120.7552
 BOND   =       358.8799  ANGLE   =      1042.8957  DIHED      =      1347.9452
 1-4 NB =       444.9951  1-4 EEL =      6296.3417  VDWAALS    =      5529.5990
 EELEC  =    -63230.0122  EHBOND  =         0.0000  RESTRAINT  =        88.6005
 EAMBER (non-restraint)  =    -48209.3557
 ------------------------------------------------------------------------------

wrapping first mol.:       20.88048       29.52946       51.14652
wrapping first mol.:       20.88048       29.52946       51.14652

 NSTEP =     6000   TIME(PS) =    1252.000  TEMP(K) =   302.87  PRESS =     0.0
 Etot   =    -37928.5797  EKtot   =     10119.0967  EPtot      =    -48047.6764
 BOND   =       334.7475  ANGLE   =      1045.5932  DIHED      =      1375.8478
 1-4 NB =       456.8478  1-4 EEL =      6295.4629  VDWAALS    =      5354.1626
 EELEC  =    -62997.0185  EHBOND  =         0.0000  RESTRAINT  =        86.6804
 EAMBER (non-restraint)  =    -48134.3568
 ------------------------------------------------------------------------------

wrapping first mol.:       20.88048       29.52946       51.14652
wrapping first mol.:       20.88048       29.52946       51.14652

 NSTEP =     6500   TIME(PS) =    1253.000  TEMP(K) =   296.87  PRESS =     0.0
 Etot   =    -38235.0032  EKtot   =      9918.6299  EPtot      =    -48153.6331
 BOND   =       352.2744  ANGLE   =      1070.8716  DIHED      =      1348.3886
 1-4 NB =       449.1394  1-4 EEL =      6286.4414  VDWAALS    =      5378.0128
 EELEC  =    -63119.5182  EHBOND  =         0.0000  RESTRAINT  =        80.7570
 EAMBER (non-restraint)  =    -48234.3901
 ------------------------------------------------------------------------------

wrapping first mol.:       20.88048       29.52946       51.14652
wrapping first mol.:       20.88048       29.52946       51.14652

 NSTEP =     7000   TIME(PS) =    1254.000  TEMP(K) =   300.62  PRESS =     0.0
 Etot   =    -38084.4974  EKtot   =     10043.7930  EPtot      =    -48128.2904
 BOND   =       333.5248  ANGLE   =      1082.5918  DIHED      =      1349.2592
 1-4 NB =       454.7513  1-4 EEL =      6308.5963  VDWAALS    =      5518.7633
 EELEC  =    -63271.9672  EHBOND  =         0.0000  RESTRAINT  =        96.1902
 EAMBER (non-restraint)  =    -48224.4806
 ------------------------------------------------------------------------------

wrapping first mol.:       20.88048       29.52946       51.14652
wrapping first mol.:       20.88048       29.52946       51.14652

 NSTEP =     7500   TIME(PS) =    1255.000  TEMP(K) =   301.28  PRESS =     0.0
 Etot   =    -38271.1243  EKtot   =     10065.8027  EPtot      =    -48336.9271
 BOND   =       309.1796  ANGLE   =      1031.8270  DIHED      =      1359.0425
 1-4 NB =       452.2590  1-4 EEL =      6336.2197  VDWAALS    =      5468.2657
 EELEC  =    -63383.0027  EHBOND  =         0.0000  RESTRAINT  =        89.2822
 EAMBER (non-restraint)  =    -48426.2092
 ------------------------------------------------------------------------------

wrapping first mol.:       20.88048       29.52946       51.14652
wrapping first mol.:       20.88048       29.52946       51.14652

 NSTEP =     8000   TIME(PS) =    1256.000  TEMP(K) =   301.57  PRESS =     0.0
 Etot   =    -38212.4649  EKtot   =     10075.6797  EPtot      =    -48288.1445
 BOND   =       342.5541  ANGLE   =      1074.9982  DIHED      =      1371.1498
 1-4 NB =       449.3878  1-4 EEL =      6316.7898  VDWAALS    =      5664.9598
 EELEC  =    -63590.4313  EHBOND  =         0.0000  RESTRAINT  =        82.4472
 EAMBER (non-restraint)  =    -48370.5918
 ------------------------------------------------------------------------------

wrapping first mol.:       20.88048       29.52946       51.14652
wrapping first mol.:       20.88048       29.52946       51.14652

 NSTEP =     8500   TIME(PS) =    1257.000  TEMP(K) =   300.40  PRESS =     0.0
 Etot   =    -38203.4969  EKtot   =     10036.4414  EPtot      =    -48239.9383
 BOND   =       363.7704  ANGLE   =      1063.0467  DIHED      =      1360.8100
 1-4 NB =       458.0463  1-4 EEL =      6335.3569  VDWAALS    =      5461.9060
 EELEC  =    -63370.8874  EHBOND  =         0.0000  RESTRAINT  =        88.0128
 EAMBER (non-restraint)  =    -48327.9511
 ------------------------------------------------------------------------------

wrapping first mol.:       20.88048       29.52946       51.14652
wrapping first mol.:       20.88048       29.52946       51.14652

 NSTEP =     9000   TIME(PS) =    1258.000  TEMP(K) =   299.67  PRESS =     0.0
 Etot   =    -38107.3316  EKtot   =     10012.0400  EPtot      =    -48119.3716
 BOND   =       331.7282  ANGLE   =      1095.0132  DIHED      =      1347.3052
 1-4 NB =       446.3252  1-4 EEL =      6303.2509  VDWAALS    =      5444.7887
 EELEC  =    -63174.6146  EHBOND  =         0.0000  RESTRAINT  =        86.8316
 EAMBER (non-restraint)  =    -48206.2033
 ------------------------------------------------------------------------------

wrapping first mol.:       20.88048       29.52946       51.14652
wrapping first mol.:       20.88048       29.52946       51.14652

 NSTEP =     9500   TIME(PS) =    1259.000  TEMP(K) =   300.30  PRESS =     0.0
 Etot   =    -38162.3727  EKtot   =     10033.1465  EPtot      =    -48195.5191
 BOND   =       359.7371  ANGLE   =      1030.5571  DIHED      =      1371.4068
 1-4 NB =       467.2242  1-4 EEL =      6318.3009  VDWAALS    =      5527.5201
 EELEC  =    -63352.0849  EHBOND  =         0.0000  RESTRAINT  =        81.8194
 EAMBER (non-restraint)  =    -48277.3386
 ------------------------------------------------------------------------------

wrapping first mol.:       20.88048       29.52946       51.14652
wrapping first mol.:       20.88048       29.52946       51.14652

 NSTEP =    10000   TIME(PS) =    1260.000  TEMP(K) =   299.56  PRESS =     0.0
 Etot   =    -38298.8789  EKtot   =     10008.5693  EPtot      =    -48307.4482
 BOND   =       369.2151  ANGLE   =      1055.2233  DIHED      =      1344.4260
 1-4 NB =       436.9276  1-4 EEL =      6302.4332  VDWAALS    =      5395.9810
 EELEC  =    -63303.3688  EHBOND  =         0.0000  RESTRAINT  =        91.7144
 EAMBER (non-restraint)  =    -48399.1626
 ------------------------------------------------------------------------------

wrapping first mol.:       20.88048       29.52946       51.14652
wrapping first mol.:       20.88048       29.52946       51.14652

 NSTEP =    10500   TIME(PS) =    1261.000  TEMP(K) =   298.32  PRESS =     0.0
 Etot   =    -38162.9828  EKtot   =      9967.1436  EPtot      =    -48130.1264
 BOND   =       339.2633  ANGLE   =      1070.5867  DIHED      =      1364.4932
 1-4 NB =       435.8138  1-4 EEL =      6302.0470  VDWAALS    =      5418.6374
 EELEC  =    -63145.5216  EHBOND  =         0.0000  RESTRAINT  =        84.5539
 EAMBER (non-restraint)  =    -48214.6803
 ------------------------------------------------------------------------------

wrapping first mol.:       20.88048       29.52946       51.14652
wrapping first mol.:       20.88048       29.52946       51.14652

 NSTEP =    11000   TIME(PS) =    1262.000  TEMP(K) =   300.05  PRESS =     0.0
 Etot   =    -38294.5216  EKtot   =     10024.9326  EPtot      =    -48319.4543
 BOND   =       372.5802  ANGLE   =      1051.0377  DIHED      =      1366.6272
 1-4 NB =       445.3290  1-4 EEL =      6329.6209  VDWAALS    =      5579.7300
 EELEC  =    -63546.3008  EHBOND  =         0.0000  RESTRAINT  =        81.9214
 EAMBER (non-restraint)  =    -48401.3757
 ------------------------------------------------------------------------------

wrapping first mol.:       20.88048       29.52946       51.14652
wrapping first mol.:       20.88048       29.52946       51.14652

 NSTEP =    11500   TIME(PS) =    1263.000  TEMP(K) =   304.82  PRESS =     0.0
 Etot   =    -37921.4143  EKtot   =     10184.4014  EPtot      =    -48105.8157
 BOND   =       358.7187  ANGLE   =      1045.7318  DIHED      =      1374.2776
 1-4 NB =       459.6476  1-4 EEL =      6345.2713  VDWAALS    =      5324.6733
 EELEC  =    -63111.3360  EHBOND  =         0.0000  RESTRAINT  =        97.2000
 EAMBER (non-restraint)  =    -48203.0157
 ------------------------------------------------------------------------------

wrapping first mol.:       20.88048       29.52946       51.14652
wrapping first mol.:       20.88048       29.52946       51.14652

 NSTEP =    12000   TIME(PS) =    1264.000  TEMP(K) =   297.08  PRESS =     0.0
 Etot   =    -38322.5792  EKtot   =      9925.5576  EPtot      =    -48248.1368
 BOND   =       377.4996  ANGLE   =      1017.9259  DIHED      =      1343.8129
 1-4 NB =       447.6023  1-4 EEL =      6309.3775  VDWAALS    =      5454.1535
 EELEC  =    -63288.0773  EHBOND  =         0.0000  RESTRAINT  =        89.5687
 EAMBER (non-restraint)  =    -48337.7055
 ------------------------------------------------------------------------------

wrapping first mol.:       20.88048       29.52946       51.14652
wrapping first mol.:       20.88048       29.52946       51.14652

 NSTEP =    12500   TIME(PS) =    1265.000  TEMP(K) =   295.80  PRESS =     0.0
 Etot   =    -38063.6055  EKtot   =      9882.7109  EPtot      =    -47946.3165
 BOND   =       337.9273  ANGLE   =      1076.8658  DIHED      =      1333.2933
 1-4 NB =       455.9111  1-4 EEL =      6301.3698  VDWAALS    =      5316.9479
 EELEC  =    -62857.6542  EHBOND  =         0.0000  RESTRAINT  =        89.0226
 EAMBER (non-restraint)  =    -48035.3391
 ------------------------------------------------------------------------------

wrapping first mol.:       20.88048       29.52946       51.14652
wrapping first mol.:       20.88048       29.52946       51.14652

 NSTEP =    13000   TIME(PS) =    1266.000  TEMP(K) =   303.67  PRESS =     0.0
 Etot   =    -37828.9293  EKtot   =     10145.9561  EPtot      =    -47974.8853
 BOND   =       353.8805  ANGLE   =      1075.1804  DIHED      =      1356.9664
 1-4 NB =       443.9209  1-4 EEL =      6287.7036  VDWAALS    =      5324.2775
 EELEC  =    -62901.3956  EHBOND  =         0.0000  RESTRAINT  =        84.5810
 EAMBER (non-restraint)  =    -48059.4663
 ------------------------------------------------------------------------------

wrapping first mol.:       20.88048       29.52946       51.14652
wrapping first mol.:       20.88048       29.52946       51.14652

 NSTEP =    13500   TIME(PS) =    1267.000  TEMP(K) =   298.51  PRESS =     0.0
 Etot   =    -38179.6893  EKtot   =      9973.4580  EPtot      =    -48153.1473
 BOND   =       328.3964  ANGLE   =      1071.4799  DIHED      =      1367.9559
 1-4 NB =       457.6877  1-4 EEL =      6340.6881  VDWAALS    =      5372.2733
 EELEC  =    -63176.7166  EHBOND  =         0.0000  RESTRAINT  =        85.0880
 EAMBER (non-restraint)  =    -48238.2353
 ------------------------------------------------------------------------------

wrapping first mol.:       20.88048       29.52946       51.14652
wrapping first mol.:       20.88048       29.52946       51.14652

 NSTEP =    14000   TIME(PS) =    1268.000  TEMP(K) =   298.89  PRESS =     0.0
 Etot   =    -38134.1975  EKtot   =      9986.2031  EPtot      =    -48120.4006
 BOND   =       370.2567  ANGLE   =      1055.3494  DIHED      =      1351.0218
 1-4 NB =       439.6873  1-4 EEL =      6321.5553  VDWAALS    =      5423.6587
 EELEC  =    -63167.8029  EHBOND  =         0.0000  RESTRAINT  =        85.8730
 EAMBER (non-restraint)  =    -48206.2737
 ------------------------------------------------------------------------------

wrapping first mol.:       20.88048       29.52946       51.14652
wrapping first mol.:       20.88048       29.52946       51.14652

 NSTEP =    14500   TIME(PS) =    1269.000  TEMP(K) =   298.13  PRESS =     0.0
 Etot   =    -38226.2535  EKtot   =      9960.6191  EPtot      =    -48186.8726
 BOND   =       359.0052  ANGLE   =      1089.1044  DIHED      =      1377.2038
 1-4 NB =       445.8562  1-4 EEL =      6275.2691  VDWAALS    =      5501.6862
 EELEC  =    -63324.3878  EHBOND  =         0.0000  RESTRAINT  =        89.3903
 EAMBER (non-restraint)  =    -48276.2629
 ------------------------------------------------------------------------------

wrapping first mol.:       20.88048       29.52946       51.14652
wrapping first mol.:       20.88048       29.52946       51.14652

 NSTEP =    15000   TIME(PS) =    1270.000  TEMP(K) =   298.35  PRESS =     0.0
 Etot   =    -38114.9364  EKtot   =      9968.0039  EPtot      =    -48082.9403
 BOND   =       358.1413  ANGLE   =      1087.0887  DIHED      =      1366.4047
 1-4 NB =       443.5887  1-4 EEL =      6295.8370  VDWAALS    =      5424.5372
 EELEC  =    -63151.8670  EHBOND  =         0.0000  RESTRAINT  =        93.3293
 EAMBER (non-restraint)  =    -48176.2695
 ------------------------------------------------------------------------------

wrapping first mol.:       20.88048       29.52946       51.14652
wrapping first mol.:       20.88048       29.52946       51.14652

 NSTEP =    15500   TIME(PS) =    1271.000  TEMP(K) =   300.74  PRESS =     0.0
 Etot   =    -38137.7000  EKtot   =     10048.0498  EPtot      =    -48185.7498
 BOND   =       323.8008  ANGLE   =      1096.9720  DIHED      =      1343.3728
 1-4 NB =       460.1616  1-4 EEL =      6317.1136  VDWAALS    =      5205.9327
 EELEC  =    -63028.3869  EHBOND  =         0.0000  RESTRAINT  =        95.2835
 EAMBER (non-restraint)  =    -48281.0333
 ------------------------------------------------------------------------------

wrapping first mol.:       20.88048       29.52946       51.14652
wrapping first mol.:       20.88048       29.52946       51.14652

 NSTEP =    16000   TIME(PS) =    1272.000  TEMP(K) =   304.82  PRESS =     0.0
 Etot   =    -37923.7702  EKtot   =     10184.1367  EPtot      =    -48107.9069
 BOND   =       354.9641  ANGLE   =      1107.1935  DIHED      =      1342.7658
 1-4 NB =       443.6439  1-4 EEL =      6294.8560  VDWAALS    =      5524.4749
 EELEC  =    -63270.3533  EHBOND  =         0.0000  RESTRAINT  =        94.5482
 EAMBER (non-restraint)  =    -48202.4551
 ------------------------------------------------------------------------------

wrapping first mol.:       20.88048       29.52946       51.14652
wrapping first mol.:       20.88048       29.52946       51.14652

 NSTEP =    16500   TIME(PS) =    1273.000  TEMP(K) =   301.06  PRESS =     0.0
 Etot   =    -38114.6638  EKtot   =     10058.5186  EPtot      =    -48173.1824
 BOND   =       365.9534  ANGLE   =      1050.8813  DIHED      =      1339.8497
 1-4 NB =       440.9100  1-4 EEL =      6321.7236  VDWAALS    =      5421.9124
 EELEC  =    -63208.9038  EHBOND  =         0.0000  RESTRAINT  =        94.4909
 EAMBER (non-restraint)  =    -48267.6733
 ------------------------------------------------------------------------------

wrapping first mol.:       20.88048       29.52946       51.14652
wrapping first mol.:       20.88048       29.52946       51.14652

 NSTEP =    17000   TIME(PS) =    1274.000  TEMP(K) =   298.56  PRESS =     0.0
 Etot   =    -37827.9138  EKtot   =      9974.9736  EPtot      =    -47802.8874
 BOND   =       339.9664  ANGLE   =      1074.6372  DIHED      =      1330.3004
 1-4 NB =       459.1580  1-4 EEL =      6344.4565  VDWAALS    =      5483.2484
 EELEC  =    -62924.0759  EHBOND  =         0.0000  RESTRAINT  =        89.4214
 EAMBER (non-restraint)  =    -47892.3089
 ------------------------------------------------------------------------------

wrapping first mol.:       20.88048       29.52946       51.14652
wrapping first mol.:       20.88048       29.52946       51.14652

 NSTEP =    17500   TIME(PS) =    1275.000  TEMP(K) =   299.20  PRESS =     0.0
 Etot   =    -37869.3806  EKtot   =      9996.4375  EPtot      =    -47865.8181
 BOND   =       330.3728  ANGLE   =      1093.5909  DIHED      =      1343.3428
 1-4 NB =       445.8091  1-4 EEL =      6328.1395  VDWAALS    =      5316.3552
 EELEC  =    -62809.2181  EHBOND  =         0.0000  RESTRAINT  =        85.7897
 EAMBER (non-restraint)  =    -47951.6078
 ------------------------------------------------------------------------------

wrapping first mol.:       20.88048       29.52946       51.14652
wrapping first mol.:       20.88048       29.52946       51.14652

 NSTEP =    18000   TIME(PS) =    1276.000  TEMP(K) =   299.36  PRESS =     0.0
 Etot   =    -37927.7484  EKtot   =     10001.9580  EPtot      =    -47929.7064
 BOND   =       364.8335  ANGLE   =      1030.0012  DIHED      =      1363.6053
 1-4 NB =       445.2257  1-4 EEL =      6308.9511  VDWAALS    =      5298.0933
 EELEC  =    -62824.1222  EHBOND  =         0.0000  RESTRAINT  =        83.7056
 EAMBER (non-restraint)  =    -48013.4120
 ------------------------------------------------------------------------------

wrapping first mol.:       20.88048       29.52946       51.14652
wrapping first mol.:       20.88048       29.52946       51.14652

 NSTEP =    18500   TIME(PS) =    1277.000  TEMP(K) =   295.71  PRESS =     0.0
 Etot   =    -38083.8385  EKtot   =      9879.9736  EPtot      =    -47963.8121
 BOND   =       356.1217  ANGLE   =      1065.8730  DIHED      =      1358.5153
 1-4 NB =       448.2294  1-4 EEL =      6312.2620  VDWAALS    =      5499.2160
 EELEC  =    -63092.7606  EHBOND  =         0.0000  RESTRAINT  =        88.7310
 EAMBER (non-restraint)  =    -48052.5431
 ------------------------------------------------------------------------------

wrapping first mol.:       20.88048       29.52946       51.14652
wrapping first mol.:       20.88048       29.52946       51.14652

 NSTEP =    19000   TIME(PS) =    1278.000  TEMP(K) =   295.50  PRESS =     0.0
 Etot   =    -38195.7221  EKtot   =      9872.9805  EPtot      =    -48068.7026
 BOND   =       366.6599  ANGLE   =      1051.1167  DIHED      =      1356.4092
 1-4 NB =       437.3012  1-4 EEL =      6318.4368  VDWAALS    =      5265.2552
 EELEC  =    -62951.3482  EHBOND  =         0.0000  RESTRAINT  =        87.4666
 EAMBER (non-restraint)  =    -48156.1692
 ------------------------------------------------------------------------------

wrapping first mol.:       20.88048       29.52946       51.14652
wrapping first mol.:       20.88048       29.52946       51.14652

 NSTEP =    19500   TIME(PS) =    1279.000  TEMP(K) =   300.08  PRESS =     0.0
 Etot   =    -38033.8656  EKtot   =     10025.8359  EPtot      =    -48059.7016
 BOND   =       344.2456  ANGLE   =      1068.6854  DIHED      =      1347.3052
 1-4 NB =       455.0892  1-4 EEL =      6303.2470  VDWAALS    =      5396.2906
 EELEC  =    -63056.2499  EHBOND  =         0.0000  RESTRAINT  =        81.6852
 EAMBER (non-restraint)  =    -48141.3868
 ------------------------------------------------------------------------------

wrapping first mol.:       20.88048       29.52946       51.14652
wrapping first mol.:       20.88048       29.52946       51.14652

 NSTEP =    20000   TIME(PS) =    1280.000  TEMP(K) =   301.49  PRESS =     0.0
 Etot   =    -37994.2421  EKtot   =     10073.0391  EPtot      =    -48067.2812
 BOND   =       321.3216  ANGLE   =      1053.6745  DIHED      =      1356.1492
 1-4 NB =       460.3978  1-4 EEL =      6313.5770  VDWAALS    =      5516.5059
 EELEC  =    -63167.8169  EHBOND  =         0.0000  RESTRAINT  =        78.9096
 EAMBER (non-restraint)  =    -48146.1909
 ------------------------------------------------------------------------------

wrapping first mol.:       20.88048       29.52946       51.14652
wrapping first mol.:       20.88048       29.52946       51.14652

 NSTEP =    20500   TIME(PS) =    1281.000  TEMP(K) =   301.79  PRESS =     0.0
 Etot   =    -37986.0011  EKtot   =     10082.8486  EPtot      =    -48068.8497
 BOND   =       382.2653  ANGLE   =      1086.2331  DIHED      =      1335.2475
 1-4 NB =       455.0792  1-4 EEL =      6292.3569  VDWAALS    =      5475.2511
 EELEC  =    -63187.9762  EHBOND  =         0.0000  RESTRAINT  =        92.6934
 EAMBER (non-restraint)  =    -48161.5431
 ------------------------------------------------------------------------------

wrapping first mol.:       20.88048       29.52946       51.14652
wrapping first mol.:       20.88048       29.52946       51.14652

 NSTEP =    21000   TIME(PS) =    1282.000  TEMP(K) =   300.77  PRESS =     0.0
 Etot   =    -38049.4640  EKtot   =     10049.0176  EPtot      =    -48098.4815
 BOND   =       346.9734  ANGLE   =      1032.0978  DIHED      =      1334.9020
 1-4 NB =       446.6471  1-4 EEL =      6293.1980  VDWAALS    =      5362.7574
 EELEC  =    -63001.0733  EHBOND  =         0.0000  RESTRAINT  =        86.0161
 EAMBER (non-restraint)  =    -48184.4976
 ------------------------------------------------------------------------------

wrapping first mol.:       20.88048       29.52946       51.14652
wrapping first mol.:       20.88048       29.52946       51.14652

 NSTEP =    21500   TIME(PS) =    1283.000  TEMP(K) =   301.57  PRESS =     0.0
 Etot   =    -38143.3172  EKtot   =     10075.6543  EPtot      =    -48218.9715
 BOND   =       326.5199  ANGLE   =      1048.7968  DIHED      =      1346.0759
 1-4 NB =       447.3840  1-4 EEL =      6317.7898  VDWAALS    =      5392.2560
 EELEC  =    -63183.3955  EHBOND  =         0.0000  RESTRAINT  =        85.6016
 EAMBER (non-restraint)  =    -48304.5731
 ------------------------------------------------------------------------------

wrapping first mol.:       20.88048       29.52946       51.14652
wrapping first mol.:       20.88048       29.52946       51.14652

 NSTEP =    22000   TIME(PS) =    1284.000  TEMP(K) =   300.62  PRESS =     0.0
 Etot   =    -38006.4747  EKtot   =     10043.9424  EPtot      =    -48050.4171
 BOND   =       347.1324  ANGLE   =      1064.3301  DIHED      =      1353.3587
 1-4 NB =       447.5616  1-4 EEL =      6324.2662  VDWAALS    =      5474.1263
 EELEC  =    -63139.2743  EHBOND  =         0.0000  RESTRAINT  =        78.0819
 EAMBER (non-restraint)  =    -48128.4990
 ------------------------------------------------------------------------------

wrapping first mol.:       20.88048       29.52946       51.14652
wrapping first mol.:       20.88048       29.52946       51.14652

 NSTEP =    22500   TIME(PS) =    1285.000  TEMP(K) =   299.82  PRESS =     0.0
 Etot   =    -37975.5080  EKtot   =     10017.0781  EPtot      =    -47992.5862
 BOND   =       341.8353  ANGLE   =      1039.6498  DIHED      =      1363.4351
 1-4 NB =       452.9360  1-4 EEL =      6317.5487  VDWAALS    =      5356.1454
 EELEC  =    -62953.8060  EHBOND  =         0.0000  RESTRAINT  =        89.6696
 EAMBER (non-restraint)  =    -48082.2557
 ------------------------------------------------------------------------------

wrapping first mol.:       20.88048       29.52946       51.14652
wrapping first mol.:       20.88048       29.52946       51.14652

 NSTEP =    23000   TIME(PS) =    1286.000  TEMP(K) =   299.73  PRESS =     0.0
 Etot   =    -38007.3666  EKtot   =     10014.1387  EPtot      =    -48021.5053
 BOND   =       364.3275  ANGLE   =      1070.8551  DIHED      =      1350.1756
 1-4 NB =       438.3666  1-4 EEL =      6323.4306  VDWAALS    =      5369.0826
 EELEC  =    -63036.5509  EHBOND  =         0.0000  RESTRAINT  =        98.8075
 EAMBER (non-restraint)  =    -48120.3128
 ------------------------------------------------------------------------------

wrapping first mol.:       20.88048       29.52946       51.14652
wrapping first mol.:       20.88048       29.52946       51.14652

 NSTEP =    23500   TIME(PS) =    1287.000  TEMP(K) =   298.38  PRESS =     0.0
 Etot   =    -38254.9141  EKtot   =      9968.9541  EPtot      =    -48223.8682
 BOND   =       341.8159  ANGLE   =      1059.0694  DIHED      =      1373.9517
 1-4 NB =       434.5313  1-4 EEL =      6286.7295  VDWAALS    =      5478.9076
 EELEC  =    -63290.1867  EHBOND  =         0.0000  RESTRAINT  =        91.3131
 EAMBER (non-restraint)  =    -48315.1813
 ------------------------------------------------------------------------------

wrapping first mol.:       20.88048       29.52946       51.14652
wrapping first mol.:       20.88048       29.52946       51.14652

 NSTEP =    24000   TIME(PS) =    1288.000  TEMP(K) =   300.02  PRESS =     0.0
 Etot   =    -38157.7610  EKtot   =     10023.7930  EPtot      =    -48181.5540
 BOND   =       337.6474  ANGLE   =      1046.1979  DIHED      =      1360.0819
 1-4 NB =       449.1945  1-4 EEL =      6279.4861  VDWAALS    =      5401.2244
 EELEC  =    -63142.0755  EHBOND  =         0.0000  RESTRAINT  =        86.6893
 EAMBER (non-restraint)  =    -48268.2432
 ------------------------------------------------------------------------------

wrapping first mol.:       20.88048       29.52946       51.14652
wrapping first mol.:       20.88048       29.52946       51.14652

 NSTEP =    24500   TIME(PS) =    1289.000  TEMP(K) =   299.70  PRESS =     0.0
 Etot   =    -38050.4020  EKtot   =     10013.2305  EPtot      =    -48063.6325
 BOND   =       343.5846  ANGLE   =      1048.0111  DIHED      =      1374.3334
 1-4 NB =       462.3964  1-4 EEL =      6317.0299  VDWAALS    =      5517.4509
 EELEC  =    -63215.0963  EHBOND  =         0.0000  RESTRAINT  =        88.6575
 EAMBER (non-restraint)  =    -48152.2900
 ------------------------------------------------------------------------------

wrapping first mol.:       20.88048       29.52946       51.14652
wrapping first mol.:       20.88048       29.52946       51.14652

 NSTEP =    25000   TIME(PS) =    1290.000  TEMP(K) =   299.68  PRESS =     0.0
 Etot   =    -38017.2288  EKtot   =     10012.6299  EPtot      =    -48029.8587
 BOND   =       377.7601  ANGLE   =      1042.2723  DIHED      =      1357.5776
 1-4 NB =       437.5808  1-4 EEL =      6306.8395  VDWAALS    =      5432.8248
 EELEC  =    -63083.0986  EHBOND  =         0.0000  RESTRAINT  =        98.3848
 EAMBER (non-restraint)  =    -48128.2435
 ------------------------------------------------------------------------------

wrapping first mol.:       20.88048       29.52946       51.14652
wrapping first mol.:       20.88048       29.52946       51.14652

 NSTEP =    25500   TIME(PS) =    1291.000  TEMP(K) =   302.74  PRESS =     0.0
 Etot   =    -38159.3972  EKtot   =     10114.6504  EPtot      =    -48274.0476
 BOND   =       362.6488  ANGLE   =      1020.6819  DIHED      =      1345.4909
 1-4 NB =       444.5405  1-4 EEL =      6298.1909  VDWAALS    =      5529.4966
 EELEC  =    -63362.1597  EHBOND  =         0.0000  RESTRAINT  =        87.0625
 EAMBER (non-restraint)  =    -48361.1101
 ------------------------------------------------------------------------------

wrapping first mol.:       20.88048       29.52946       51.14652
wrapping first mol.:       20.88048       29.52946       51.14652

 NSTEP =    26000   TIME(PS) =    1292.000  TEMP(K) =   303.04  PRESS =     0.0
 Etot   =    -38034.3150  EKtot   =     10124.8613  EPtot      =    -48159.1763
 BOND   =       365.1016  ANGLE   =      1071.0224  DIHED      =      1349.1626
 1-4 NB =       433.0824  1-4 EEL =      6323.3563  VDWAALS    =      5333.3564
 EELEC  =    -63117.2159  EHBOND  =         0.0000  RESTRAINT  =        82.9580
 EAMBER (non-restraint)  =    -48242.1342
 ------------------------------------------------------------------------------

wrapping first mol.:       20.88048       29.52946       51.14652
wrapping first mol.:       20.88048       29.52946       51.14652

 NSTEP =    26500   TIME(PS) =    1293.000  TEMP(K) =   298.35  PRESS =     0.0
 Etot   =    -38101.3222  EKtot   =      9968.1924  EPtot      =    -48069.5146
 BOND   =       319.4757  ANGLE   =      1077.4922  DIHED      =      1338.0028
 1-4 NB =       446.3246  1-4 EEL =      6294.2835  VDWAALS    =      5321.1930
 EELEC  =    -62955.4581  EHBOND  =         0.0000  RESTRAINT  =        89.1717
 EAMBER (non-restraint)  =    -48158.6863
 ------------------------------------------------------------------------------

wrapping first mol.:       20.88048       29.52946       51.14652
wrapping first mol.:       20.88048       29.52946       51.14652

 NSTEP =    27000   TIME(PS) =    1294.000  TEMP(K) =   300.77  PRESS =     0.0
 Etot   =    -38268.2771  EKtot   =     10048.9668  EPtot      =    -48317.2439
 BOND   =       358.1788  ANGLE   =      1038.8927  DIHED      =      1361.0054
 1-4 NB =       435.1787  1-4 EEL =      6312.3026  VDWAALS    =      5456.3183
 EELEC  =    -63376.3315  EHBOND  =         0.0000  RESTRAINT  =        97.2111
 EAMBER (non-restraint)  =    -48414.4550
 ------------------------------------------------------------------------------

wrapping first mol.:       20.88048       29.52946       51.14652
wrapping first mol.:       20.88048       29.52946       51.14652

 NSTEP =    27500   TIME(PS) =    1295.000  TEMP(K) =   300.00  PRESS =     0.0
 Etot   =    -38195.6374  EKtot   =     10023.1055  EPtot      =    -48218.7429
 BOND   =       351.9622  ANGLE   =      1028.4086  DIHED      =      1344.9348
 1-4 NB =       436.0753  1-4 EEL =      6313.9961  VDWAALS    =      5384.8347
 EELEC  =    -63179.5631  EHBOND  =         0.0000  RESTRAINT  =       100.6085
 EAMBER (non-restraint)  =    -48319.3514
 ------------------------------------------------------------------------------

wrapping first mol.:       20.88048       29.52946       51.14652
wrapping first mol.:       20.88048       29.52946       51.14652

 NSTEP =    28000   TIME(PS) =    1296.000  TEMP(K) =   297.95  PRESS =     0.0
 Etot   =    -38318.2213  EKtot   =      9954.8018  EPtot      =    -48273.0231
 BOND   =       330.6395  ANGLE   =      1064.8269  DIHED      =      1369.3405
 1-4 NB =       448.2816  1-4 EEL =      6301.0645  VDWAALS    =      5319.1424
 EELEC  =    -63190.5379  EHBOND  =         0.0000  RESTRAINT  =        84.2195
 EAMBER (non-restraint)  =    -48357.2425
 ------------------------------------------------------------------------------

wrapping first mol.:       20.88048       29.52946       51.14652
wrapping first mol.:       20.88048       29.52946       51.14652

 NSTEP =    28500   TIME(PS) =    1297.000  TEMP(K) =   297.00  PRESS =     0.0
 Etot   =    -38179.0318  EKtot   =      9922.8008  EPtot      =    -48101.8326
 BOND   =       349.2620  ANGLE   =      1035.7707  DIHED      =      1345.9690
 1-4 NB =       449.4867  1-4 EEL =      6321.9568  VDWAALS    =      5380.7509
 EELEC  =    -63069.9487  EHBOND  =         0.0000  RESTRAINT  =        84.9201
 EAMBER (non-restraint)  =    -48186.7527
 ------------------------------------------------------------------------------

wrapping first mol.:       20.88048       29.52946       51.14652
wrapping first mol.:       20.88048       29.52946       51.14652

 NSTEP =    29000   TIME(PS) =    1298.000  TEMP(K) =   298.18  PRESS =     0.0
 Etot   =    -38223.6857  EKtot   =      9962.4414  EPtot      =    -48186.1271
 BOND   =       340.8770  ANGLE   =      1007.4803  DIHED      =      1351.8812
 1-4 NB =       444.7629  1-4 EEL =      6306.6734  VDWAALS    =      5513.8453
 EELEC  =    -63248.4384  EHBOND  =         0.0000  RESTRAINT  =        96.7913
 EAMBER (non-restraint)  =    -48282.9184
 ------------------------------------------------------------------------------

wrapping first mol.:       20.88048       29.52946       51.14652
wrapping first mol.:       20.88048       29.52946       51.14652

 NSTEP =    29500   TIME(PS) =    1299.000  TEMP(K) =   301.51  PRESS =     0.0
 Etot   =    -37896.3769  EKtot   =     10073.5293  EPtot      =    -47969.9062
 BOND   =       349.0843  ANGLE   =      1072.6055  DIHED      =      1347.5666
 1-4 NB =       431.5784  1-4 EEL =      6305.0552  VDWAALS    =      5458.1982
 EELEC  =    -63025.0167  EHBOND  =         0.0000  RESTRAINT  =        91.0224
 EAMBER (non-restraint)  =    -48060.9286
 ------------------------------------------------------------------------------

wrapping first mol.:       20.88048       29.52946       51.14652
wrapping first mol.:       20.88048       29.52946       51.14652

 NSTEP =    30000   TIME(PS) =    1300.000  TEMP(K) =   303.54  PRESS =     0.0
 Etot   =    -37873.0351  EKtot   =     10141.4697  EPtot      =    -48014.5049
 BOND   =       327.7992  ANGLE   =      1094.1572  DIHED      =      1348.1324
 1-4 NB =       450.8610  1-4 EEL =      6330.4995  VDWAALS    =      5362.7131
 EELEC  =    -63020.9483  EHBOND  =         0.0000  RESTRAINT  =        92.2810
 EAMBER (non-restraint)  =    -48106.7859
 ------------------------------------------------------------------------------

wrapping first mol.:       20.88048       29.52946       51.14652
wrapping first mol.:       20.88048       29.52946       51.14652

 NSTEP =    30500   TIME(PS) =    1301.000  TEMP(K) =   295.58  PRESS =     0.0
 Etot   =    -38121.2190  EKtot   =      9875.6494  EPtot      =    -47996.8684
 BOND   =       357.1060  ANGLE   =      1032.8361  DIHED      =      1345.8019
 1-4 NB =       447.4284  1-4 EEL =      6310.3108  VDWAALS    =      5257.0867
 EELEC  =    -62834.2213  EHBOND  =         0.0000  RESTRAINT  =        86.7830
 EAMBER (non-restraint)  =    -48083.6514
 ------------------------------------------------------------------------------

wrapping first mol.:       20.88048       29.52946       51.14652
wrapping first mol.:       20.88048       29.52946       51.14652

 NSTEP =    31000   TIME(PS) =    1302.000  TEMP(K) =   297.61  PRESS =     0.0
 Etot   =    -38276.2042  EKtot   =      9943.2803  EPtot      =    -48219.4845
 BOND   =       359.8660  ANGLE   =      1021.8033  DIHED      =      1371.2013
 1-4 NB =       441.9230  1-4 EEL =      6320.0351  VDWAALS    =      5585.5580
 EELEC  =    -63407.5925  EHBOND  =         0.0000  RESTRAINT  =        87.7213
 EAMBER (non-restraint)  =    -48307.2058
 ------------------------------------------------------------------------------

wrapping first mol.:       20.88048       29.52946       51.14652
wrapping first mol.:       20.88048       29.52946       51.14652

 NSTEP =    31500   TIME(PS) =    1303.000  TEMP(K) =   298.65  PRESS =     0.0
 Etot   =    -38168.7045  EKtot   =      9977.9580  EPtot      =    -48146.6625
 BOND   =       340.7638  ANGLE   =      1042.6025  DIHED      =      1356.3905
 1-4 NB =       458.5167  1-4 EEL =      6313.4998  VDWAALS    =      5673.9028
 EELEC  =    -63420.4354  EHBOND  =         0.0000  RESTRAINT  =        88.0967
 EAMBER (non-restraint)  =    -48234.7592
 ------------------------------------------------------------------------------

wrapping first mol.:       20.88048       29.52946       51.14652
wrapping first mol.:       20.88048       29.52946       51.14652

 NSTEP =    32000   TIME(PS) =    1304.000  TEMP(K) =   294.63  PRESS =     0.0
 Etot   =    -38265.4400  EKtot   =      9843.8369  EPtot      =    -48109.2769
 BOND   =       339.0806  ANGLE   =      1066.1511  DIHED      =      1327.8309
 1-4 NB =       447.8010  1-4 EEL =      6318.0378  VDWAALS    =      5405.3736
 EELEC  =    -63102.5894  EHBOND  =         0.0000  RESTRAINT  =        89.0374
 EAMBER (non-restraint)  =    -48198.3143
 ------------------------------------------------------------------------------

wrapping first mol.:       20.88048       29.52946       51.14652
wrapping first mol.:       20.88048       29.52946       51.14652

 NSTEP =    32500   TIME(PS) =    1305.000  TEMP(K) =   297.05  PRESS =     0.0
 Etot   =    -38023.3739  EKtot   =      9924.6230  EPtot      =    -47947.9970
 BOND   =       353.1034  ANGLE   =      1100.6467  DIHED      =      1358.2018
 1-4 NB =       450.9052  1-4 EEL =      6315.0740  VDWAALS    =      5454.1711
 EELEC  =    -63074.2695  EHBOND  =         0.0000  RESTRAINT  =        94.1704
 EAMBER (non-restraint)  =    -48042.1674
 ------------------------------------------------------------------------------

wrapping first mol.:       20.88048       29.52946       51.14652
wrapping first mol.:       20.88048       29.52946       51.14652

 NSTEP =    33000   TIME(PS) =    1306.000  TEMP(K) =   301.04  PRESS =     0.0
 Etot   =    -38056.4654  EKtot   =     10057.8643  EPtot      =    -48114.3296
 BOND   =       335.1619  ANGLE   =      1048.5948  DIHED      =      1357.2967
 1-4 NB =       451.9177  1-4 EEL =      6333.3902  VDWAALS    =      5412.0913
 EELEC  =    -63148.6627  EHBOND  =         0.0000  RESTRAINT  =        95.8805
 EAMBER (non-restraint)  =    -48210.2101
 ------------------------------------------------------------------------------

wrapping first mol.:       20.88048       29.52946       51.14652
wrapping first mol.:       20.88048       29.52946       51.14652

 NSTEP =    33500   TIME(PS) =    1307.000  TEMP(K) =   301.54  PRESS =     0.0
 Etot   =    -37777.4348  EKtot   =     10074.6133  EPtot      =    -47852.0481
 BOND   =       369.7938  ANGLE   =      1061.5713  DIHED      =      1360.0938
 1-4 NB =       447.4120  1-4 EEL =      6317.2094  VDWAALS    =      5278.3169
 EELEC  =    -62767.5798  EHBOND  =         0.0000  RESTRAINT  =        81.1345
 EAMBER (non-restraint)  =    -47933.1826
 ------------------------------------------------------------------------------

wrapping first mol.:       20.88048       29.52946       51.14652
wrapping first mol.:       20.88048       29.52946       51.14652

 NSTEP =    34000   TIME(PS) =    1308.000  TEMP(K) =   302.20  PRESS =     0.0
 Etot   =    -37630.0928  EKtot   =     10096.7754  EPtot      =    -47726.8682
 BOND   =       343.3174  ANGLE   =      1086.6601  DIHED      =      1348.8434
 1-4 NB =       457.1612  1-4 EEL =      6314.6205  VDWAALS    =      5376.5272
 EELEC  =    -62748.4884  EHBOND  =         0.0000  RESTRAINT  =        94.4904
 EAMBER (non-restraint)  =    -47821.3587
 ------------------------------------------------------------------------------

wrapping first mol.:       20.88048       29.52946       51.14652
wrapping first mol.:       20.88048       29.52946       51.14652

 NSTEP =    34500   TIME(PS) =    1309.000  TEMP(K) =   298.70  PRESS =     0.0
 Etot   =    -38078.0691  EKtot   =      9979.6240  EPtot      =    -48057.6932
 BOND   =       350.9519  ANGLE   =      1022.0055  DIHED      =      1348.6722
 1-4 NB =       456.2471  1-4 EEL =      6353.0868  VDWAALS    =      5248.2715
 EELEC  =    -62924.7322  EHBOND  =         0.0000  RESTRAINT  =        87.8040
 EAMBER (non-restraint)  =    -48145.4971
 ------------------------------------------------------------------------------

wrapping first mol.:       20.88048       29.52946       51.14652
wrapping first mol.:       20.88048       29.52946       51.14652

 NSTEP =    35000   TIME(PS) =    1310.000  TEMP(K) =   300.98  PRESS =     0.0
 Etot   =    -37800.9840  EKtot   =     10055.8887  EPtot      =    -47856.8727
 BOND   =       370.1693  ANGLE   =      1094.6450  DIHED      =      1351.8179
 1-4 NB =       444.1325  1-4 EEL =      6293.9938  VDWAALS    =      5291.6106
 EELEC  =    -62779.5247  EHBOND  =         0.0000  RESTRAINT  =        76.2830
 EAMBER (non-restraint)  =    -47933.1556
 ------------------------------------------------------------------------------

wrapping first mol.:       20.88048       29.52946       51.14652
wrapping first mol.:       20.88048       29.52946       51.14652

 NSTEP =    35500   TIME(PS) =    1311.000  TEMP(K) =   300.78  PRESS =     0.0
 Etot   =    -38004.3503  EKtot   =     10049.1191  EPtot      =    -48053.4695
 BOND   =       360.4731  ANGLE   =      1022.8009  DIHED      =      1341.0655
 1-4 NB =       446.7758  1-4 EEL =      6328.7420  VDWAALS    =      5516.8110
 EELEC  =    -63149.3326  EHBOND  =         0.0000  RESTRAINT  =        79.1948
 EAMBER (non-restraint)  =    -48132.6643
 ------------------------------------------------------------------------------

wrapping first mol.:       20.88048       29.52946       51.14652
wrapping first mol.:       20.88048       29.52946       51.14652

 NSTEP =    36000   TIME(PS) =    1312.000  TEMP(K) =   298.11  PRESS =     0.0
 Etot   =    -38085.7344  EKtot   =      9960.1631  EPtot      =    -48045.8975
 BOND   =       369.6809  ANGLE   =      1049.1252  DIHED      =      1355.8796
 1-4 NB =       436.6306  1-4 EEL =      6301.6438  VDWAALS    =      5452.0941
 EELEC  =    -63106.0430  EHBOND  =         0.0000  RESTRAINT  =        95.0913
 EAMBER (non-restraint)  =    -48140.9888
 ------------------------------------------------------------------------------

wrapping first mol.:       20.88048       29.52946       51.14652
wrapping first mol.:       20.88048       29.52946       51.14652

 NSTEP =    36500   TIME(PS) =    1313.000  TEMP(K) =   298.72  PRESS =     0.0
 Etot   =    -38117.1382  EKtot   =      9980.3623  EPtot      =    -48097.5005
 BOND   =       351.4028  ANGLE   =      1039.9512  DIHED      =      1346.5777
 1-4 NB =       462.8841  1-4 EEL =      6347.9789  VDWAALS    =      5400.7439
 EELEC  =    -63131.3132  EHBOND  =         0.0000  RESTRAINT  =        84.2742
 EAMBER (non-restraint)  =    -48181.7747
 ------------------------------------------------------------------------------

wrapping first mol.:       20.88048       29.52946       51.14652
wrapping first mol.:       20.88048       29.52946       51.14652

 NSTEP =    37000   TIME(PS) =    1314.000  TEMP(K) =   302.29  PRESS =     0.0
 Etot   =    -37958.9592  EKtot   =     10099.5586  EPtot      =    -48058.5178
 BOND   =       348.5831  ANGLE   =      1059.3665  DIHED      =      1347.5413
 1-4 NB =       439.5809  1-4 EEL =      6331.0505  VDWAALS    =      5452.9090
 EELEC  =    -63124.6111  EHBOND  =         0.0000  RESTRAINT  =        87.0619
 EAMBER (non-restraint)  =    -48145.5798
 ------------------------------------------------------------------------------

wrapping first mol.:       20.88048       29.52946       51.14652
wrapping first mol.:       20.88048       29.52946       51.14652

 NSTEP =    37500   TIME(PS) =    1315.000  TEMP(K) =   304.91  PRESS =     0.0
 Etot   =    -37960.7868  EKtot   =     10187.2891  EPtot      =    -48148.0759
 BOND   =       368.9472  ANGLE   =      1048.5105  DIHED      =      1360.1780
 1-4 NB =       439.6925  1-4 EEL =      6315.8265  VDWAALS    =      5316.9245
 EELEC  =    -63088.5127  EHBOND  =         0.0000  RESTRAINT  =        90.3577
 EAMBER (non-restraint)  =    -48238.4336
 ------------------------------------------------------------------------------

wrapping first mol.:       20.88048       29.52946       51.14652
wrapping first mol.:       20.88048       29.52946       51.14652

 NSTEP =    38000   TIME(PS) =    1316.000  TEMP(K) =   302.03  PRESS =     0.0
 Etot   =    -37970.7332  EKtot   =     10091.0254  EPtot      =    -48061.7586
 BOND   =       367.3317  ANGLE   =      1037.0737  DIHED      =      1358.1619
 1-4 NB =       438.4569  1-4 EEL =      6289.2900  VDWAALS    =      5404.3717
 EELEC  =    -63040.7870  EHBOND  =         0.0000  RESTRAINT  =        84.3424
 EAMBER (non-restraint)  =    -48146.1011
 ------------------------------------------------------------------------------

wrapping first mol.:       20.88048       29.52946       51.14652
wrapping first mol.:       20.88048       29.52946       51.14652

 NSTEP =    38500   TIME(PS) =    1317.000  TEMP(K) =   301.85  PRESS =     0.0
 Etot   =    -38102.9408  EKtot   =     10085.0176  EPtot      =    -48187.9584
 BOND   =       364.5022  ANGLE   =      1088.4979  DIHED      =      1332.6928
 1-4 NB =       449.6409  1-4 EEL =      6271.3332  VDWAALS    =      5374.8960
 EELEC  =    -63150.1944  EHBOND  =         0.0000  RESTRAINT  =        80.6730
 EAMBER (non-restraint)  =    -48268.6314
 ------------------------------------------------------------------------------

wrapping first mol.:       20.88048       29.52946       51.14652
wrapping first mol.:       20.88048       29.52946       51.14652

 NSTEP =    39000   TIME(PS) =    1318.000  TEMP(K) =   302.39  PRESS =     0.0
 Etot   =    -38124.0801  EKtot   =     10103.0928  EPtot      =    -48227.1728
 BOND   =       332.9920  ANGLE   =      1046.1351  DIHED      =      1360.0748
 1-4 NB =       448.0809  1-4 EEL =      6323.3702  VDWAALS    =      5649.1209
 EELEC  =    -63472.4041  EHBOND  =         0.0000  RESTRAINT  =        85.4575
 EAMBER (non-restraint)  =    -48312.6303
 ------------------------------------------------------------------------------

wrapping first mol.:       20.88048       29.52946       51.14652
wrapping first mol.:       20.88048       29.52946       51.14652

 NSTEP =    39500   TIME(PS) =    1319.000  TEMP(K) =   300.64  PRESS =     0.0
 Etot   =    -37975.7103  EKtot   =     10044.5303  EPtot      =    -48020.2405
 BOND   =       379.6765  ANGLE   =      1051.3507  DIHED      =      1369.2768
 1-4 NB =       448.3581  1-4 EEL =      6317.9492  VDWAALS    =      5398.8258
 EELEC  =    -63082.3553  EHBOND  =         0.0000  RESTRAINT  =        96.6777
 EAMBER (non-restraint)  =    -48116.9182
 ------------------------------------------------------------------------------

wrapping first mol.:       20.88048       29.52946       51.14652
wrapping first mol.:       20.88048       29.52946       51.14652

 NSTEP =    40000   TIME(PS) =    1320.000  TEMP(K) =   297.17  PRESS =     0.0
 Etot   =    -38148.9917  EKtot   =      9928.4873  EPtot      =    -48077.4790
 BOND   =       364.5490  ANGLE   =      1024.3107  DIHED      =      1355.3256
 1-4 NB =       459.9695  1-4 EEL =      6316.0511  VDWAALS    =      5323.0949
 EELEC  =    -63011.1247  EHBOND  =         0.0000  RESTRAINT  =        90.3450
 EAMBER (non-restraint)  =    -48167.8239
 ------------------------------------------------------------------------------

wrapping first mol.:       20.88048       29.52946       51.14652
wrapping first mol.:       20.88048       29.52946       51.14652

 NSTEP =    40500   TIME(PS) =    1321.000  TEMP(K) =   299.20  PRESS =     0.0
 Etot   =    -38005.8583  EKtot   =      9996.6123  EPtot      =    -48002.4706
 BOND   =       360.4070  ANGLE   =      1095.8648  DIHED      =      1345.7072
 1-4 NB =       441.4942  1-4 EEL =      6276.1398  VDWAALS    =      5261.0974
 EELEC  =    -62872.5737  EHBOND  =         0.0000  RESTRAINT  =        89.3928
 EAMBER (non-restraint)  =    -48091.8634
 ------------------------------------------------------------------------------

wrapping first mol.:       20.88048       29.52946       51.14652
wrapping first mol.:       20.88048       29.52946       51.14652

 NSTEP =    41000   TIME(PS) =    1322.000  TEMP(K) =   297.96  PRESS =     0.0
 Etot   =    -38053.8384  EKtot   =      9955.1055  EPtot      =    -48008.9438
 BOND   =       358.4244  ANGLE   =      1080.9826  DIHED      =      1348.3812
 1-4 NB =       459.4174  1-4 EEL =      6324.8207  VDWAALS    =      5303.2751
 EELEC  =    -62974.5243  EHBOND  =         0.0000  RESTRAINT  =        90.2791
 EAMBER (non-restraint)  =    -48099.2230
 ------------------------------------------------------------------------------

wrapping first mol.:       20.88048       29.52946       51.14652
wrapping first mol.:       20.88048       29.52946       51.14652

 NSTEP =    41500   TIME(PS) =    1323.000  TEMP(K) =   304.89  PRESS =     0.0
 Etot   =    -37978.8100  EKtot   =     10186.7266  EPtot      =    -48165.5365
 BOND   =       347.4602  ANGLE   =      1028.5636  DIHED      =      1353.9513
 1-4 NB =       462.0626  1-4 EEL =      6328.4894  VDWAALS    =      5397.3950
 EELEC  =    -63172.7560  EHBOND  =         0.0000  RESTRAINT  =        89.2975
 EAMBER (non-restraint)  =    -48254.8340
 ------------------------------------------------------------------------------

wrapping first mol.:       20.88048       29.52946       51.14652
wrapping first mol.:       20.88048       29.52946       51.14652

 NSTEP =    42000   TIME(PS) =    1324.000  TEMP(K) =   295.49  PRESS =     0.0
 Etot   =    -38160.0404  EKtot   =      9872.6016  EPtot      =    -48032.6420
 BOND   =       352.1599  ANGLE   =      1065.2894  DIHED      =      1348.2290
 1-4 NB =       450.4779  1-4 EEL =      6303.3751  VDWAALS    =      5453.7438
 EELEC  =    -63099.7640  EHBOND  =         0.0000  RESTRAINT  =        93.8469
 EAMBER (non-restraint)  =    -48126.4889
 ------------------------------------------------------------------------------

wrapping first mol.:       20.88048       29.52946       51.14652
wrapping first mol.:       20.88048       29.52946       51.14652

 NSTEP =    42500   TIME(PS) =    1325.000  TEMP(K) =   303.64  PRESS =     0.0
 Etot   =    -37943.4432  EKtot   =     10144.8027  EPtot      =    -48088.2459
 BOND   =       340.7102  ANGLE   =      1051.6385  DIHED      =      1359.2518
 1-4 NB =       462.1858  1-4 EEL =      6339.0344  VDWAALS    =      5448.5666
 EELEC  =    -63178.3778  EHBOND  =         0.0000  RESTRAINT  =        88.7447
 EAMBER (non-restraint)  =    -48176.9906
 ------------------------------------------------------------------------------

wrapping first mol.:       20.88048       29.52946       51.14652
wrapping first mol.:       20.88048       29.52946       51.14652

 NSTEP =    43000   TIME(PS) =    1326.000  TEMP(K) =   301.92  PRESS =     0.0
 Etot   =    -38017.2249  EKtot   =     10087.4570  EPtot      =    -48104.6819
 BOND   =       336.1458  ANGLE   =      1052.3234  DIHED      =      1362.1371
 1-4 NB =       443.6439  1-4 EEL =      6292.0570  VDWAALS    =      5518.8699
 EELEC  =    -63195.4814  EHBOND  =         0.0000  RESTRAINT  =        85.6224
 EAMBER (non-restraint)  =    -48190.3043
 ------------------------------------------------------------------------------

wrapping first mol.:       20.88048       29.52946       51.14652
wrapping first mol.:       20.88048       29.52946       51.14652

 NSTEP =    43500   TIME(PS) =    1327.000  TEMP(K) =   301.27  PRESS =     0.0
 Etot   =    -37933.6995  EKtot   =     10065.5645  EPtot      =    -47999.2639
 BOND   =       339.0933  ANGLE   =      1079.1867  DIHED      =      1345.3512
 1-4 NB =       451.5423  1-4 EEL =      6318.5523  VDWAALS    =      5285.7755
 EELEC  =    -62908.5357  EHBOND  =         0.0000  RESTRAINT  =        89.7704
 EAMBER (non-restraint)  =    -48089.0343
 ------------------------------------------------------------------------------

wrapping first mol.:       20.88048       29.52946       51.14652
wrapping first mol.:       20.88048       29.52946       51.14652

 NSTEP =    44000   TIME(PS) =    1328.000  TEMP(K) =   299.03  PRESS =     0.0
 Etot   =    -37918.2286  EKtot   =      9990.8516  EPtot      =    -47909.0802
 BOND   =       368.9121  ANGLE   =      1070.3152  DIHED      =      1344.8143
 1-4 NB =       443.9985  1-4 EEL =      6320.0579  VDWAALS    =      5326.3079
 EELEC  =    -62864.9572  EHBOND  =         0.0000  RESTRAINT  =        81.4712
 EAMBER (non-restraint)  =    -47990.5513
 ------------------------------------------------------------------------------

wrapping first mol.:       20.88048       29.52946       51.14652
wrapping first mol.:       20.88048       29.52946       51.14652

 NSTEP =    44500   TIME(PS) =    1329.000  TEMP(K) =   298.74  PRESS =     0.0
 Etot   =    -38057.2516  EKtot   =      9981.0654  EPtot      =    -48038.3170
 BOND   =       361.8622  ANGLE   =      1037.3366  DIHED      =      1346.0152
 1-4 NB =       446.0147  1-4 EEL =      6307.3163  VDWAALS    =      5360.7824
 EELEC  =    -62976.3623  EHBOND  =         0.0000  RESTRAINT  =        78.7179
 EAMBER (non-restraint)  =    -48117.0349
 ------------------------------------------------------------------------------

wrapping first mol.:       20.88048       29.52946       51.14652
wrapping first mol.:       20.88048       29.52946       51.14652

 NSTEP =    45000   TIME(PS) =    1330.000  TEMP(K) =   302.60  PRESS =     0.0
 Etot   =    -37861.3821  EKtot   =     10109.9316  EPtot      =    -47971.3137
 BOND   =       344.1361  ANGLE   =      1070.5755  DIHED      =      1375.0511
 1-4 NB =       453.3658  1-4 EEL =      6322.3114  VDWAALS    =      5402.2563
 EELEC  =    -63026.5657  EHBOND  =         0.0000  RESTRAINT  =        87.5557
 EAMBER (non-restraint)  =    -48058.8694
 ------------------------------------------------------------------------------

wrapping first mol.:       20.88048       29.52946       51.14652
wrapping first mol.:       20.88048       29.52946       51.14652

 NSTEP =    45500   TIME(PS) =    1331.000  TEMP(K) =   300.40  PRESS =     0.0
 Etot   =    -38212.5512  EKtot   =     10036.5596  EPtot      =    -48249.1108
 BOND   =       362.0139  ANGLE   =      1031.1195  DIHED      =      1345.7332
 1-4 NB =       432.0102  1-4 EEL =      6343.3596  VDWAALS    =      5409.8802
 EELEC  =    -63265.3117  EHBOND  =         0.0000  RESTRAINT  =        92.0843
 EAMBER (non-restraint)  =    -48341.1950
 ------------------------------------------------------------------------------

wrapping first mol.:       20.88048       29.52946       51.14652
wrapping first mol.:       20.88048       29.52946       51.14652

 NSTEP =    46000   TIME(PS) =    1332.000  TEMP(K) =   300.01  PRESS =     0.0
 Etot   =    -38018.2624  EKtot   =     10023.4473  EPtot      =    -48041.7097
 BOND   =       338.7719  ANGLE   =      1085.5476  DIHED      =      1363.7093
 1-4 NB =       444.4573  1-4 EEL =      6329.0179  VDWAALS    =      5306.8487
 EELEC  =    -63001.6634  EHBOND  =         0.0000  RESTRAINT  =        91.6009
 EAMBER (non-restraint)  =    -48133.3106
 ------------------------------------------------------------------------------

wrapping first mol.:       20.88048       29.52946       51.14652
wrapping first mol.:       20.88048       29.52946       51.14652

 NSTEP =    46500   TIME(PS) =    1333.000  TEMP(K) =   298.11  PRESS =     0.0
 Etot   =    -37948.3840  EKtot   =      9960.1738  EPtot      =    -47908.5579
 BOND   =       371.6598  ANGLE   =      1060.7556  DIHED      =      1354.3878
 1-4 NB =       449.1443  1-4 EEL =      6294.2238  VDWAALS    =      5372.5649
 EELEC  =    -62907.8991  EHBOND  =         0.0000  RESTRAINT  =        96.6050
 EAMBER (non-restraint)  =    -48005.1629
 ------------------------------------------------------------------------------

wrapping first mol.:       20.88048       29.52946       51.14652
wrapping first mol.:       20.88048       29.52946       51.14652

 NSTEP =    47000   TIME(PS) =    1334.000  TEMP(K) =   299.09  PRESS =     0.0
 Etot   =    -37966.2984  EKtot   =      9992.8867  EPtot      =    -47959.1851
 BOND   =       339.9142  ANGLE   =      1054.3108  DIHED      =      1341.8138
 1-4 NB =       451.7158  1-4 EEL =      6316.8896  VDWAALS    =      5140.4078
 EELEC  =    -62693.7959  EHBOND  =         0.0000  RESTRAINT  =        89.5588
 EAMBER (non-restraint)  =    -48048.7439
 ------------------------------------------------------------------------------

wrapping first mol.:       20.88048       29.52946       51.14652
wrapping first mol.:       20.88048       29.52946       51.14652

 NSTEP =    47500   TIME(PS) =    1335.000  TEMP(K) =   298.13  PRESS =     0.0
 Etot   =    -38086.2444  EKtot   =      9960.8828  EPtot      =    -48047.1272
 BOND   =       340.3413  ANGLE   =      1044.0227  DIHED      =      1346.8731
 1-4 NB =       454.2899  1-4 EEL =      6325.9798  VDWAALS    =      5493.1802
 EELEC  =    -63139.1022  EHBOND  =         0.0000  RESTRAINT  =        87.2880
 EAMBER (non-restraint)  =    -48134.4152
 ------------------------------------------------------------------------------

wrapping first mol.:       20.88048       29.52946       51.14652
wrapping first mol.:       20.88048       29.52946       51.14652

 NSTEP =    48000   TIME(PS) =    1336.000  TEMP(K) =   299.95  PRESS =     0.0
 Etot   =    -38015.8169  EKtot   =     10021.4355  EPtot      =    -48037.2524
 BOND   =       350.9150  ANGLE   =      1041.4947  DIHED      =      1356.2044
 1-4 NB =       453.3889  1-4 EEL =      6317.1374  VDWAALS    =      5406.8813
 EELEC  =    -63052.2320  EHBOND  =         0.0000  RESTRAINT  =        88.9579
 EAMBER (non-restraint)  =    -48126.2104
 ------------------------------------------------------------------------------

wrapping first mol.:       20.88048       29.52946       51.14652
wrapping first mol.:       20.88048       29.52946       51.14652

 NSTEP =    48500   TIME(PS) =    1337.000  TEMP(K) =   299.51  PRESS =     0.0
 Etot   =    -37966.5532  EKtot   =     10006.9209  EPtot      =    -47973.4741
 BOND   =       364.1142  ANGLE   =      1034.9252  DIHED      =      1359.7689
 1-4 NB =       447.9482  1-4 EEL =      6320.8018  VDWAALS    =      5255.6436
 EELEC  =    -62844.4501  EHBOND  =         0.0000  RESTRAINT  =        87.7741
 EAMBER (non-restraint)  =    -48061.2482
 ------------------------------------------------------------------------------

wrapping first mol.:       20.88048       29.52946       51.14652
wrapping first mol.:       20.88048       29.52946       51.14652

 NSTEP =    49000   TIME(PS) =    1338.000  TEMP(K) =   301.28  PRESS =     0.0
 Etot   =    -38189.2865  EKtot   =     10066.0928  EPtot      =    -48255.3793
 BOND   =       342.2998  ANGLE   =      1029.0361  DIHED      =      1351.4767
 1-4 NB =       467.9621  1-4 EEL =      6367.5088  VDWAALS    =      5599.7564
 EELEC  =    -63496.0950  EHBOND  =         0.0000  RESTRAINT  =        82.6758
 EAMBER (non-restraint)  =    -48338.0551
 ------------------------------------------------------------------------------

wrapping first mol.:       20.88048       29.52946       51.14652
wrapping first mol.:       20.88048       29.52946       51.14652

 NSTEP =    49500   TIME(PS) =    1339.000  TEMP(K) =   303.90  PRESS =     0.0
 Etot   =    -37904.3356  EKtot   =     10153.6406  EPtot      =    -48057.9762
 BOND   =       351.0267  ANGLE   =      1037.0770  DIHED      =      1357.8200
 1-4 NB =       443.1902  1-4 EEL =      6315.9903  VDWAALS    =      5397.7352
 EELEC  =    -63044.8552  EHBOND  =         0.0000  RESTRAINT  =        84.0396
 EAMBER (non-restraint)  =    -48142.0158
 ------------------------------------------------------------------------------

wrapping first mol.:       20.88048       29.52946       51.14652
wrapping first mol.:       20.88048       29.52946       51.14652

 NSTEP =    50000   TIME(PS) =    1340.000  TEMP(K) =   298.39  PRESS =     0.0
 Etot   =    -38265.7473  EKtot   =      9969.4717  EPtot      =    -48235.2190
 BOND   =       355.8007  ANGLE   =      1029.3870  DIHED      =      1351.4150
 1-4 NB =       444.0045  1-4 EEL =      6332.3589  VDWAALS    =      5472.6842
 EELEC  =    -63307.1486  EHBOND  =         0.0000  RESTRAINT  =        86.2792
 EAMBER (non-restraint)  =    -48321.4982
 ------------------------------------------------------------------------------


      A V E R A G E S   O V E R     100 S T E P S


 NSTEP =    50000   TIME(PS) =    1340.000  TEMP(K) =   300.11  PRESS =     0.0
 Etot   =    -38070.1229  EKtot   =     10026.8693  EPtot      =    -48096.9922
 BOND   =       352.0544  ANGLE   =      1056.6298  DIHED      =      1353.3564
 1-4 NB =       448.2912  1-4 EEL =      6312.9719  VDWAALS    =      5414.0212
 EELEC  =    -63122.4878  EHBOND  =         0.0000  RESTRAINT  =        88.1707
 EAMBER (non-restraint)  =    -48185.1628
 ------------------------------------------------------------------------------


      R M S  F L U C T U A T I O N S


 NSTEP =    50000   TIME(PS) =    1340.000  TEMP(K) =     2.36  PRESS =     0.0
 Etot   =       134.2184  EKtot   =        78.9030  EPtot      =       119.3793
 BOND   =        15.0826  ANGLE   =        22.6615  DIHED      =        10.9681
 1-4 NB =         8.2216  1-4 EEL =        18.9431  VDWAALS    =        99.5043
 EELEC  =       180.4486  EHBOND  =         0.0000  RESTRAINT  =         5.2885
 EAMBER (non-restraint)  =       114.0909
 ------------------------------------------------------------------------------

--------------------------------------------------------------------------------
   5.  TIMINGS
--------------------------------------------------------------------------------

|  NonSetup CPU Time in Major Routines:
|
|     Routine           Sec        %
|     ------------------------------
|     Nonbond          13.86   35.72
|     Bond              0.00    0.00
|     Angle             0.00    0.00
|     Dihedral          0.00    0.00
|     Shake             0.90    2.31
|     RunMD            23.97   61.76
|     Other             0.08    0.21
|     ------------------------------
|     Total            38.81

|  PME Nonbond Pairlist CPU Time:
|
|     Routine              Sec        %
|     ---------------------------------
|     Set Up Cit           0.00    0.00
|     Build List           0.00    0.00
|     ---------------------------------
|     Total                0.00    0.00

|  PME Direct Force CPU Time:
|
|     Routine              Sec        %
|     ---------------------------------
|     NonBonded Calc       0.00    0.00
|     Exclude Masked       0.00    0.00
|     Other                0.03    0.08
|     ---------------------------------
|     Total                0.03    0.08

|  PME Reciprocal Force CPU Time:
|
|     Routine              Sec        %
|     ---------------------------------
|     1D bspline           0.00    0.00
|     Grid Charges         0.00    0.00
|     Scalar Sum           0.00    0.00
|     Gradient Sum         0.00    0.00
|     FFT                  0.00    0.00
|     ---------------------------------
|     Total                0.00    0.00

|  Final Performance Info:
|     -----------------------------------------------------
|     Average timings for last   49500 steps:
|     Elapsed(s) =      38.49 Per Step(ms) =       0.78
|         ns/day =     222.22   seconds/ns =     388.81
|
|     Average timings for all steps:
|     Elapsed(s) =      38.91 Per Step(ms) =       0.78
|         ns/day =     222.08   seconds/ns =     389.05
|     -----------------------------------------------------

|  Setup CPU time:            2.58 seconds
|  NonSetup CPU time:        38.81 seconds
|  Total CPU time:           41.38 seconds     0.01 hours

|  Setup wall time:           2    seconds
|  NonSetup wall time:       39    seconds
|  Total wall time:          41    seconds     0.01 hours
