
          -------------------------------------------------------
          Amber 16 PMEMD                              2016
          -------------------------------------------------------

| PMEMD implementation of SANDER, Release 16

| Run on 11/17/2017 at 08:25:16

|   Executable path: /apps/amber16/bin/pmemd.cuda
| Working directory: /home/pbarletta
|          Hostname: mordor

  [-O]verwriting output

File Assignments:
|   MDIN: /scratch/pbarletta/cph_obp/run/eol/mhe/e/13equ.in                     
|  MDOUT: /scratch/pbarletta/cph_obp/run/eol/mhe/e/13equ.out                    
| INPCRD: /scratch/pbarletta/cph_obp/run/eol/mhe/e/12eeol.rst7                  
|   PARM: /scratch/pbarletta/cph_obp/top_files/eol.prmtop                       
| RESTRT: /scratch/pbarletta/cph_obp/run/eol/mhe/e/13eeol.rst7                  
|   REFC: /scratch/pbarletta/cph_obp/run/eol/mhe/e/12eeol.rst7                  
|  MDVEL: mdvel                                                                 
|   MDEN: mden                                                                  
|  MDCRD: /scratch/pbarletta/cph_obp/run/eol/mhe/e/13eeol.nc                    
| MDINFO: mdinfo                                                                
|  MDFRC: mdfrc                                                                 


 Here is the input file:

Equilibration with solute restrictions                                         
&cntrl                                                                         
imin = 0,                           ! No Minimization                          
nmropt = 0,                         ! No NMR restraints read                   
                                                                               
! Nature and format of the input                                               
ntx = 5,                            ! Coordinates but no velocities will be rea
irest = 1,                          ! Do not run a new simulation              
                                                                               
! Nature and format of the output                                              
ntxo = 1,                           ! rstrt file in ASCII format               
ntpr = 500,                         ! inf in output every ntpr steps           
ntwr = 500,                         ! rstrt file every ntwr steps              
ntwx = 500,                         ! mdcrd file every ntwx steps              
ntwv = 0,                           ! mdvel without velocities                 
ntwe = 0,                           ! Energies and temperatures not written in 
idecomp = 0,                        ! No energy decomposition                  
iwrap = 1,                          ! Coordinates of the restart and mdcrd file
                                                                               
! Frozen or restrained atoms                                                   
ibelly = 0,                         ! No frozen atoms                          
ntr=1,                              ! Harmonic potential restraints            
restraint_wt = 4.0,                ! The weight for the positional restraints  
restraintmask = ':1-120@N,CA,C,O',  ! restrained residues                      
                                                                               
! Molecular dynamics                                                           
nstlim = 50000,                     ! Number of MD-steps                       
dt = 0.002,                         ! Time step                                
                                                                               
! Temperature regulation                                                       
ntt = 3,                            ! Langevin thermostat                      
gamma_ln = 5,                       ! Gamma constant for Langevin              
temp0 = 300.0,                      ! Reference T at which the system is to be 
tempi = 300.0,                      ! Initial T                                
ig = -1,                            ! Seed for the RNG                         
                                                                               
! P and V regulation                                                           
ntp = 0,                            ! No pressure control                      
ntb = 1,                            ! Periodic box for constant V              
                                                                               
! SHAKE variables                                                              
ntc = 2,                            ! Bonds involving H are constrained        
ntf = 2,                            ! Bond interaction involving H are ommited.
                                                                               
cut = 10.0,                         ! Nonbonded cutoff                         
                                                                               
/                                                                              
&end                                                                           


Note: ig = -1. Setting random seed to   690326 based on wallclock time in 
      microseconds.
| irandom = 1, using AMBER's internal random number generator (default).
 
|--------------------- INFORMATION ----------------------
| GPU (CUDA) Version of PMEMD in use: NVIDIA GPU IN USE.
|                    Version 16.0.0
| 
|                      02/25/2016
| 
| Implementation by:
|                    Ross C. Walker     (SDSC)
|                    Scott Le Grand     (nVIDIA)
| 
| Precision model in use:
|      [SPFP] - Single Precision Forces, 64-bit Fixed Point
|               Accumulation. (Default)
| 
|--------------------------------------------------------
 
|----------------- CITATION INFORMATION -----------------
|
|    When publishing work that utilized the CUDA version
|    of AMBER, please cite the following in addition to
|    the regular AMBER citations:
|
|  - Romelia Salomon-Ferrer; Andreas W. Goetz; Duncan
|    Poole; Scott Le Grand; Ross C. Walker "Routine
|    microsecond molecular dynamics simulations with
|    AMBER - Part II: Particle Mesh Ewald", J. Chem.
|    Theory Comput., 2013, 9 (9), pp3878-3888,
|    DOI: 10.1021/ct400314y.
|
|  - Andreas W. Goetz; Mark J. Williamson; Dong Xu;
|    Duncan Poole; Scott Le Grand; Ross C. Walker
|    "Routine microsecond molecular dynamics simulations
|    with AMBER - Part I: Generalized Born", J. Chem.
|    Theory Comput., 2012, 8 (5), pp1542-1555.
|
|  - Scott Le Grand; Andreas W. Goetz; Ross C. Walker
|    "SPFP: Speed without compromise - a mixed precision
|    model for GPU accelerated molecular dynamics
|    simulations.", Comp. Phys. Comm., 2013, 184
|    pp374-380, DOI: 10.1016/j.cpc.2012.09.022
|
|--------------------------------------------------------
 
|------------------- GPU DEVICE INFO --------------------
|
|            CUDA_VISIBLE_DEVICES: 2
|   CUDA Capable Devices Detected:      1
|           CUDA Device ID in use:      0
|                CUDA Device Name: GeForce GTX 1080 Ti
|     CUDA Device Global Mem Size:  11172 MB
| CUDA Device Num Multiprocessors:     28
|           CUDA Device Core Freq:   1.58 GHz
|
|--------------------------------------------------------
 
 
| Conditional Compilation Defines Used:
| PUBFFT
| BINTRAJ
| CUDA
| EMIL

| Largest sphere to fit in unit cell has radius =    25.573

| New format PARM file being parsed.
| Version =    1.000 Date = 11/14/17 Time = 21:40:14

| Note: 1-4 EEL scale factors are being read from the topology file.

| Note: 1-4 VDW scale factors are being read from the topology file.
| Duplicated    0 dihedrals

| Duplicated    0 dihedrals

--------------------------------------------------------------------------------
   1.  RESOURCE   USE: 
--------------------------------------------------------------------------------

 getting new box info from bottom of inpcrd
 NATOM  =   16335 NTYPES =      18 NBONH =   15379 MBONA  =     963
 NTHETH =    2359 MTHETA =    1293 NPHIH =    4500 MPHIA  =    3265
 NHPARM =       0 NPARM  =       0 NNB   =   30156 NRES   =    4896
 NBONA  =     963 NTHETA =    1293 NPHIA =    3265 NUMBND =      51
 NUMANG =     105 NPTRA  =      41 NATYP =      35 NPHB   =       1
 IFBOX  =       2 NMXRS  =      24 IFCAP =       0 NEXTRA =       0
 NCOPY  =       0

| Coordinate Index Table dimensions:    10   10   10
| Direct force subcell size =     6.2641    6.2641    6.2641

     BOX TYPE: TRUNCATED OCTAHEDRON

--------------------------------------------------------------------------------
   2.  CONTROL  DATA  FOR  THE  RUN
--------------------------------------------------------------------------------

default_name                                                                    

General flags:
     imin    =       0, nmropt  =       0

Nature and format of input:
     ntx     =       5, irest   =       1, ntrx    =       1

Nature and format of output:
     ntxo    =       1, ntpr    =     500, ntrx    =       1, ntwr    =     500
     iwrap   =       1, ntwx    =     500, ntwv    =       0, ntwe    =       0
     ioutfm  =       1, ntwprt  =       0, idecomp =       0, rbornstat=      0

Potential function:
     ntf     =       2, ntb     =       1, igb     =       0, nsnb    =      25
     ipol    =       0, gbsa    =       0, iesp    =       0
     dielc   =   1.00000, cut     =  10.00000, intdiel =   1.00000

Frozen or restrained atoms:
     ibelly  =       0, ntr     =       1
     restraint_wt =   4.00000

Molecular dynamics:
     nstlim  =     50000, nscm    =         0, nrespa  =         1
     t       =   0.00000, dt      =   0.00200, vlimit  =  -1.00000

Langevin dynamics temperature regulation:
     ig      =  690326
     temp0   = 300.00000, tempi   = 300.00000, gamma_ln=   5.00000

SHAKE:
     ntc     =       2, jfastw  =       0
     tol     =   0.00001

| Intermolecular bonds treatment:
|     no_intermolecular_bonds =       1

| Energy averages sample interval:
|     ene_avg_sampling =     500

Ewald parameters:
     verbose =       0, ew_type =       0, nbflag  =       1, use_pme =       1
     vdwmeth =       1, eedmeth =       1, netfrc  =       1
     Box X =   62.641   Box Y =   62.641   Box Z =   62.641
     Alpha =  109.471   Beta  =  109.471   Gamma =  109.471
     NFFT1 =   64       NFFT2 =   64       NFFT3 =   64
     Cutoff=   10.000   Tol   =0.100E-04
     Ewald Coefficient =  0.27511
     Interpolation order =    4

    LOADING THE CONSTRAINED ATOMS AS GROUPS


   5.  REFERENCE ATOM COORDINATES

  default_name                                                                    
     Mask :1-120@N,CA,C,O; matches   476 atoms

--------------------------------------------------------------------------------
   3.  ATOMIC COORDINATES AND VELOCITIES
--------------------------------------------------------------------------------

default_name                                                                    
 begin time read from input coords =  1340.000 ps

 
 Number of triangulated 3-point waters found:     4775

     Sum of charges from parm topology file =  -0.00000006
     Forcing neutrality...

| Dynamic Memory, Types Used:
| Reals              619308
| Integers           586628

| Nonbonded Pairs Initial Allocation:     4940929

| GPU memory information (estimate):
| KB of GPU memory in use:    123232
| KB of CPU memory in use:     26926

--------------------------------------------------------------------------------
   4.  RESULTS
--------------------------------------------------------------------------------

 ---------------------------------------------------
 APPROXIMATING switch and d/dx switch using CUBIC SPLINE INTERPOLATION
 using   5000.0 points per unit in tabled values
 TESTING RELATIVE ERROR over r ranging from 0.0 to cutoff
| CHECK switch(x): max rel err =   0.2738E-14   at   2.422500
| CHECK d/dx switch(x): max rel err =   0.8314E-11   at   2.736960
 ---------------------------------------------------
|---------------------------------------------------
| APPROXIMATING direct energy using CUBIC SPLINE INTERPOLATION
|  with   50.0 points per unit in tabled values
| Relative Error Limit not exceeded for r .gt.   2.33
| APPROXIMATING direct force using CUBIC SPLINE INTERPOLATION
|  with   50.0 points per unit in tabled values
| Relative Error Limit not exceeded for r .gt.   2.80
|---------------------------------------------------
wrapping first mol.:       20.88048       29.52946       51.14652
wrapping first mol.:       20.88048       29.52946       51.14652

 NSTEP =      500   TIME(PS) =    1341.000  TEMP(K) =   300.31  PRESS =     0.0
 Etot   =    -37987.8577  EKtot   =     10033.6260  EPtot      =    -48021.4837
 BOND   =       350.4368  ANGLE   =      1018.2897  DIHED      =      1383.2379
 1-4 NB =       450.1158  1-4 EEL =      6333.1485  VDWAALS    =      5296.8050
 EELEC  =    -62929.0398  EHBOND  =         0.0000  RESTRAINT  =        75.5225
 EAMBER (non-restraint)  =    -48097.0062
 ------------------------------------------------------------------------------

wrapping first mol.:       20.88048       29.52946       51.14652
wrapping first mol.:       20.88048       29.52946       51.14652

 NSTEP =     1000   TIME(PS) =    1342.000  TEMP(K) =   300.69  PRESS =     0.0
 Etot   =    -38099.5185  EKtot   =     10046.4111  EPtot      =    -48145.9297
 BOND   =       317.6640  ANGLE   =      1049.6973  DIHED      =      1353.7403
 1-4 NB =       454.8747  1-4 EEL =      6338.1994  VDWAALS    =      5434.4956
 EELEC  =    -63176.5274  EHBOND  =         0.0000  RESTRAINT  =        81.9264
 EAMBER (non-restraint)  =    -48227.8561
 ------------------------------------------------------------------------------

wrapping first mol.:       20.88048       29.52946       51.14652
wrapping first mol.:       20.88048       29.52946       51.14652

 NSTEP =     1500   TIME(PS) =    1343.000  TEMP(K) =   303.80  PRESS =     0.0
 Etot   =    -37966.7508  EKtot   =     10150.2178  EPtot      =    -48116.9685
 BOND   =       341.1444  ANGLE   =      1089.9198  DIHED      =      1337.7082
 1-4 NB =       447.6200  1-4 EEL =      6322.7081  VDWAALS    =      5481.6849
 EELEC  =    -63224.1135  EHBOND  =         0.0000  RESTRAINT  =        86.3595
 EAMBER (non-restraint)  =    -48203.3281
 ------------------------------------------------------------------------------

wrapping first mol.:       20.88048       29.52946       51.14652
wrapping first mol.:       20.88048       29.52946       51.14652

 NSTEP =     2000   TIME(PS) =    1344.000  TEMP(K) =   299.32  PRESS =     0.0
 Etot   =    -38001.3810  EKtot   =     10000.4883  EPtot      =    -48001.8693
 BOND   =       367.7836  ANGLE   =      1083.2695  DIHED      =      1351.3637
 1-4 NB =       452.1666  1-4 EEL =      6319.9957  VDWAALS    =      5243.8150
 EELEC  =    -62901.9693  EHBOND  =         0.0000  RESTRAINT  =        81.7059
 EAMBER (non-restraint)  =    -48083.5752
 ------------------------------------------------------------------------------

wrapping first mol.:       20.88048       29.52946       51.14652
wrapping first mol.:       20.88048       29.52946       51.14652

 NSTEP =     2500   TIME(PS) =    1345.000  TEMP(K) =   299.12  PRESS =     0.0
 Etot   =    -37904.9905  EKtot   =      9993.7432  EPtot      =    -47898.7337
 BOND   =       349.0991  ANGLE   =      1049.5063  DIHED      =      1369.4082
 1-4 NB =       458.0206  1-4 EEL =      6348.6648  VDWAALS    =      5366.4463
 EELEC  =    -62912.8045  EHBOND  =         0.0000  RESTRAINT  =        72.9255
 EAMBER (non-restraint)  =    -47971.6591
 ------------------------------------------------------------------------------

wrapping first mol.:       20.88048       29.52946       51.14652
wrapping first mol.:       20.88048       29.52946       51.14652

 NSTEP =     3000   TIME(PS) =    1346.000  TEMP(K) =   300.05  PRESS =     0.0
 Etot   =    -38032.1264  EKtot   =     10024.8936  EPtot      =    -48057.0200
 BOND   =       368.3790  ANGLE   =      1051.1463  DIHED      =      1365.5119
 1-4 NB =       441.0640  1-4 EEL =      6305.1350  VDWAALS    =      5415.9752
 EELEC  =    -63080.3893  EHBOND  =         0.0000  RESTRAINT  =        76.1581
 EAMBER (non-restraint)  =    -48133.1780
 ------------------------------------------------------------------------------

wrapping first mol.:       20.88048       29.52946       51.14652
wrapping first mol.:       20.88048       29.52946       51.14652

 NSTEP =     3500   TIME(PS) =    1347.000  TEMP(K) =   298.07  PRESS =     0.0
 Etot   =    -38152.5528  EKtot   =      9958.8184  EPtot      =    -48111.3712
 BOND   =       308.8952  ANGLE   =      1020.4334  DIHED      =      1355.3855
 1-4 NB =       454.4268  1-4 EEL =      6291.2805  VDWAALS    =      5443.0423
 EELEC  =    -63062.5101  EHBOND  =         0.0000  RESTRAINT  =        77.6752
 EAMBER (non-restraint)  =    -48189.0464
 ------------------------------------------------------------------------------

wrapping first mol.:       20.88048       29.52946       51.14652
wrapping first mol.:       20.88048       29.52946       51.14652

 NSTEP =     4000   TIME(PS) =    1348.000  TEMP(K) =   299.57  PRESS =     0.0
 Etot   =    -38138.9321  EKtot   =     10008.8516  EPtot      =    -48147.7837
 BOND   =       353.6835  ANGLE   =      1088.4891  DIHED      =      1353.7267
 1-4 NB =       473.5616  1-4 EEL =      6339.2751  VDWAALS    =      5562.4534
 EELEC  =    -63405.9030  EHBOND  =         0.0000  RESTRAINT  =        86.9299
 EAMBER (non-restraint)  =    -48234.7135
 ------------------------------------------------------------------------------

wrapping first mol.:       20.88048       29.52946       51.14652
wrapping first mol.:       20.88048       29.52946       51.14652

 NSTEP =     4500   TIME(PS) =    1349.000  TEMP(K) =   303.41  PRESS =     0.0
 Etot   =    -37971.8330  EKtot   =     10136.9893  EPtot      =    -48108.8222
 BOND   =       382.0894  ANGLE   =      1053.6738  DIHED      =      1336.4572
 1-4 NB =       456.4814  1-4 EEL =      6303.0778  VDWAALS    =      5468.8523
 EELEC  =    -63185.3474  EHBOND  =         0.0000  RESTRAINT  =        75.8933
 EAMBER (non-restraint)  =    -48184.7155
 ------------------------------------------------------------------------------

wrapping first mol.:       20.88048       29.52946       51.14652
wrapping first mol.:       20.88048       29.52946       51.14652

 NSTEP =     5000   TIME(PS) =    1350.000  TEMP(K) =   298.08  PRESS =     0.0
 Etot   =    -38198.2016  EKtot   =      9958.9023  EPtot      =    -48157.1039
 BOND   =       375.9820  ANGLE   =      1094.4530  DIHED      =      1366.4695
 1-4 NB =       455.0492  1-4 EEL =      6303.8438  VDWAALS    =      5521.7233
 EELEC  =    -63360.2353  EHBOND  =         0.0000  RESTRAINT  =        85.6105
 EAMBER (non-restraint)  =    -48242.7145
 ------------------------------------------------------------------------------

wrapping first mol.:       20.88048       29.52946       51.14652
wrapping first mol.:       20.88048       29.52946       51.14652

 NSTEP =     5500   TIME(PS) =    1351.000  TEMP(K) =   292.68  PRESS =     0.0
 Etot   =    -38369.2205  EKtot   =      9778.6816  EPtot      =    -48147.9021
 BOND   =       363.2687  ANGLE   =      1042.8287  DIHED      =      1342.4087
 1-4 NB =       446.3009  1-4 EEL =      6322.3100  VDWAALS    =      5399.4318
 EELEC  =    -63141.9915  EHBOND  =         0.0000  RESTRAINT  =        77.5407
 EAMBER (non-restraint)  =    -48225.4428
 ------------------------------------------------------------------------------

wrapping first mol.:       20.88048       29.52946       51.14652
wrapping first mol.:       20.88048       29.52946       51.14652

 NSTEP =     6000   TIME(PS) =    1352.000  TEMP(K) =   300.11  PRESS =     0.0
 Etot   =    -38124.6194  EKtot   =     10026.7344  EPtot      =    -48151.3538
 BOND   =       311.6584  ANGLE   =      1078.1724  DIHED      =      1354.2912
 1-4 NB =       455.8370  1-4 EEL =      6304.5202  VDWAALS    =      5490.3833
 EELEC  =    -63227.2025  EHBOND  =         0.0000  RESTRAINT  =        80.9863
 EAMBER (non-restraint)  =    -48232.3401
 ------------------------------------------------------------------------------

wrapping first mol.:       20.88048       29.52946       51.14652
wrapping first mol.:       20.88048       29.52946       51.14652

 NSTEP =     6500   TIME(PS) =    1353.000  TEMP(K) =   299.59  PRESS =     0.0
 Etot   =    -38222.2231  EKtot   =     10009.4746  EPtot      =    -48231.6977
 BOND   =       351.7038  ANGLE   =      1055.9193  DIHED      =      1351.3995
 1-4 NB =       457.0020  1-4 EEL =      6282.3134  VDWAALS    =      5410.0617
 EELEC  =    -63214.1231  EHBOND  =         0.0000  RESTRAINT  =        74.0256
 EAMBER (non-restraint)  =    -48305.7234
 ------------------------------------------------------------------------------

wrapping first mol.:       20.88048       29.52946       51.14652
wrapping first mol.:       20.88048       29.52946       51.14652

 NSTEP =     7000   TIME(PS) =    1354.000  TEMP(K) =   299.89  PRESS =     0.0
 Etot   =    -37976.3851  EKtot   =     10019.4893  EPtot      =    -47995.8744
 BOND   =       350.2536  ANGLE   =      1101.4168  DIHED      =      1364.8456
 1-4 NB =       448.7402  1-4 EEL =      6288.8382  VDWAALS    =      5271.6340
 EELEC  =    -62902.1755  EHBOND  =         0.0000  RESTRAINT  =        80.5726
 EAMBER (non-restraint)  =    -48076.4471
 ------------------------------------------------------------------------------

wrapping first mol.:       20.88048       29.52946       51.14652
wrapping first mol.:       20.88048       29.52946       51.14652

 NSTEP =     7500   TIME(PS) =    1355.000  TEMP(K) =   299.32  PRESS =     0.0
 Etot   =    -38095.6678  EKtot   =     10000.3506  EPtot      =    -48096.0184
 BOND   =       340.0707  ANGLE   =      1105.1514  DIHED      =      1372.9175
 1-4 NB =       438.1003  1-4 EEL =      6277.0202  VDWAALS    =      5297.5638
 EELEC  =    -63003.1374  EHBOND  =         0.0000  RESTRAINT  =        76.2951
 EAMBER (non-restraint)  =    -48172.3135
 ------------------------------------------------------------------------------

wrapping first mol.:       20.88048       29.52946       51.14652
wrapping first mol.:       20.88048       29.52946       51.14652

 NSTEP =     8000   TIME(PS) =    1356.000  TEMP(K) =   301.31  PRESS =     0.0
 Etot   =    -38177.7487  EKtot   =     10067.0449  EPtot      =    -48244.7937
 BOND   =       359.2408  ANGLE   =      1054.7811  DIHED      =      1336.0579
 1-4 NB =       452.3496  1-4 EEL =      6304.2386  VDWAALS    =      5566.6701
 EELEC  =    -63390.7182  EHBOND  =         0.0000  RESTRAINT  =        72.5865
 EAMBER (non-restraint)  =    -48317.3801
 ------------------------------------------------------------------------------

wrapping first mol.:       20.88048       29.52946       51.14652
wrapping first mol.:       20.88048       29.52946       51.14652

 NSTEP =     8500   TIME(PS) =    1357.000  TEMP(K) =   299.60  PRESS =     0.0
 Etot   =    -37945.3874  EKtot   =     10009.7715  EPtot      =    -47955.1588
 BOND   =       341.3183  ANGLE   =      1083.1783  DIHED      =      1358.3444
 1-4 NB =       448.3876  1-4 EEL =      6311.5677  VDWAALS    =      5519.6787
 EELEC  =    -63097.7668  EHBOND  =         0.0000  RESTRAINT  =        80.1331
 EAMBER (non-restraint)  =    -48035.2919
 ------------------------------------------------------------------------------

wrapping first mol.:       20.88048       29.52946       51.14652
wrapping first mol.:       20.88048       29.52946       51.14652

 NSTEP =     9000   TIME(PS) =    1358.000  TEMP(K) =   297.68  PRESS =     0.0
 Etot   =    -38153.9763  EKtot   =      9945.6123  EPtot      =    -48099.5886
 BOND   =       367.9052  ANGLE   =      1059.5596  DIHED      =      1351.6624
 1-4 NB =       452.7507  1-4 EEL =      6313.6564  VDWAALS    =      5418.5568
 EELEC  =    -63145.8855  EHBOND  =         0.0000  RESTRAINT  =        82.2059
 EAMBER (non-restraint)  =    -48181.7945
 ------------------------------------------------------------------------------

wrapping first mol.:       20.88048       29.52946       51.14652
wrapping first mol.:       20.88048       29.52946       51.14652

 NSTEP =     9500   TIME(PS) =    1359.000  TEMP(K) =   298.20  PRESS =     0.0
 Etot   =    -38171.8481  EKtot   =      9963.1709  EPtot      =    -48135.0190
 BOND   =       355.4597  ANGLE   =      1068.9603  DIHED      =      1361.2113
 1-4 NB =       440.5177  1-4 EEL =      6231.5020  VDWAALS    =      5414.2063
 EELEC  =    -63089.8223  EHBOND  =         0.0000  RESTRAINT  =        82.9461
 EAMBER (non-restraint)  =    -48217.9650
 ------------------------------------------------------------------------------

wrapping first mol.:       20.88048       29.52946       51.14652
wrapping first mol.:       20.88048       29.52946       51.14652

 NSTEP =    10000   TIME(PS) =    1360.000  TEMP(K) =   301.21  PRESS =     0.0
 Etot   =    -38199.7666  EKtot   =     10063.6953  EPtot      =    -48263.4619
 BOND   =       339.7432  ANGLE   =      1013.8504  DIHED      =      1340.5583
 1-4 NB =       464.8300  1-4 EEL =      6328.4738  VDWAALS    =      5522.2524
 EELEC  =    -63356.4006  EHBOND  =         0.0000  RESTRAINT  =        83.2304
 EAMBER (non-restraint)  =    -48346.6924
 ------------------------------------------------------------------------------

wrapping first mol.:       20.88048       29.52946       51.14652
wrapping first mol.:       20.88048       29.52946       51.14652

 NSTEP =    10500   TIME(PS) =    1361.000  TEMP(K) =   298.41  PRESS =     0.0
 Etot   =    -37906.7712  EKtot   =      9970.0820  EPtot      =    -47876.8533
 BOND   =       364.9410  ANGLE   =      1093.5570  DIHED      =      1352.4489
 1-4 NB =       432.6951  1-4 EEL =      6306.2527  VDWAALS    =      5470.3266
 EELEC  =    -62975.1473  EHBOND  =         0.0000  RESTRAINT  =        78.0727
 EAMBER (non-restraint)  =    -47954.9259
 ------------------------------------------------------------------------------

wrapping first mol.:       20.88048       29.52946       51.14652
wrapping first mol.:       20.88048       29.52946       51.14652

 NSTEP =    11000   TIME(PS) =    1362.000  TEMP(K) =   300.35  PRESS =     0.0
 Etot   =    -37981.6836  EKtot   =     10034.8545  EPtot      =    -48016.5381
 BOND   =       336.7540  ANGLE   =      1069.0783  DIHED      =      1364.6453
 1-4 NB =       438.7960  1-4 EEL =      6314.6322  VDWAALS    =      5365.0524
 EELEC  =    -62996.5701  EHBOND  =         0.0000  RESTRAINT  =        91.0738
 EAMBER (non-restraint)  =    -48107.6120
 ------------------------------------------------------------------------------

wrapping first mol.:       20.88048       29.52946       51.14652
wrapping first mol.:       20.88048       29.52946       51.14652

 NSTEP =    11500   TIME(PS) =    1363.000  TEMP(K) =   301.10  PRESS =     0.0
 Etot   =    -38085.5583  EKtot   =     10060.0791  EPtot      =    -48145.6374
 BOND   =       364.5286  ANGLE   =      1061.8721  DIHED      =      1365.1419
 1-4 NB =       455.5242  1-4 EEL =      6318.5089  VDWAALS    =      5674.1941
 EELEC  =    -63462.1501  EHBOND  =         0.0000  RESTRAINT  =        76.7428
 EAMBER (non-restraint)  =    -48222.3802
 ------------------------------------------------------------------------------

wrapping first mol.:       20.88048       29.52946       51.14652
wrapping first mol.:       20.88048       29.52946       51.14652

 NSTEP =    12000   TIME(PS) =    1364.000  TEMP(K) =   298.68  PRESS =     0.0
 Etot   =    -38254.3848  EKtot   =      9979.0488  EPtot      =    -48233.4336
 BOND   =       366.6884  ANGLE   =      1035.2861  DIHED      =      1332.7615
 1-4 NB =       448.4464  1-4 EEL =      6326.5498  VDWAALS    =      5355.0338
 EELEC  =    -63165.8338  EHBOND  =         0.0000  RESTRAINT  =        67.6342
 EAMBER (non-restraint)  =    -48301.0678
 ------------------------------------------------------------------------------

wrapping first mol.:       20.88048       29.52946       51.14652
wrapping first mol.:       20.88048       29.52946       51.14652

 NSTEP =    12500   TIME(PS) =    1365.000  TEMP(K) =   297.10  PRESS =     0.0
 Etot   =    -38325.5143  EKtot   =      9926.4258  EPtot      =    -48251.9401
 BOND   =       308.1676  ANGLE   =      1045.2595  DIHED      =      1342.2094
 1-4 NB =       460.1421  1-4 EEL =      6324.8961  VDWAALS    =      5492.9403
 EELEC  =    -63305.3816  EHBOND  =         0.0000  RESTRAINT  =        79.8266
 EAMBER (non-restraint)  =    -48331.7667
 ------------------------------------------------------------------------------

wrapping first mol.:       20.88048       29.52946       51.14652
wrapping first mol.:       20.88048       29.52946       51.14652

 NSTEP =    13000   TIME(PS) =    1366.000  TEMP(K) =   300.25  PRESS =     0.0
 Etot   =    -37999.6483  EKtot   =     10031.7051  EPtot      =    -48031.3534
 BOND   =       395.9936  ANGLE   =      1100.2104  DIHED      =      1353.8020
 1-4 NB =       437.3655  1-4 EEL =      6289.2897  VDWAALS    =      5535.2487
 EELEC  =    -63227.2729  EHBOND  =         0.0000  RESTRAINT  =        84.0096
 EAMBER (non-restraint)  =    -48115.3630
 ------------------------------------------------------------------------------

wrapping first mol.:       20.88048       29.52946       51.14652
wrapping first mol.:       20.88048       29.52946       51.14652

 NSTEP =    13500   TIME(PS) =    1367.000  TEMP(K) =   300.06  PRESS =     0.0
 Etot   =    -38044.9484  EKtot   =     10025.0908  EPtot      =    -48070.0392
 BOND   =       362.3817  ANGLE   =      1043.3198  DIHED      =      1360.3253
 1-4 NB =       454.7220  1-4 EEL =      6333.5405  VDWAALS    =      5361.1496
 EELEC  =    -63070.1813  EHBOND  =         0.0000  RESTRAINT  =        84.7033
 EAMBER (non-restraint)  =    -48154.7425
 ------------------------------------------------------------------------------

wrapping first mol.:       20.88048       29.52946       51.14652
wrapping first mol.:       20.88048       29.52946       51.14652

 NSTEP =    14000   TIME(PS) =    1368.000  TEMP(K) =   304.13  PRESS =     0.0
 Etot   =    -38086.2077  EKtot   =     10161.3066  EPtot      =    -48247.5143
 BOND   =       355.6682  ANGLE   =      1067.2774  DIHED      =      1343.2593
 1-4 NB =       445.1174  1-4 EEL =      6307.6016  VDWAALS    =      5421.8237
 EELEC  =    -63267.7568  EHBOND  =         0.0000  RESTRAINT  =        79.4949
 EAMBER (non-restraint)  =    -48327.0092
 ------------------------------------------------------------------------------

wrapping first mol.:       20.88048       29.52946       51.14652
wrapping first mol.:       20.88048       29.52946       51.14652

 NSTEP =    14500   TIME(PS) =    1369.000  TEMP(K) =   302.00  PRESS =     0.0
 Etot   =    -37920.9903  EKtot   =     10090.0479  EPtot      =    -48011.0382
 BOND   =       368.7572  ANGLE   =      1066.7770  DIHED      =      1355.9864
 1-4 NB =       462.0727  1-4 EEL =      6310.8338  VDWAALS    =      5481.1978
 EELEC  =    -63134.4056  EHBOND  =         0.0000  RESTRAINT  =        77.7425
 EAMBER (non-restraint)  =    -48088.7807
 ------------------------------------------------------------------------------

wrapping first mol.:       20.88048       29.52946       51.14652
wrapping first mol.:       20.88048       29.52946       51.14652

 NSTEP =    15000   TIME(PS) =    1370.000  TEMP(K) =   300.36  PRESS =     0.0
 Etot   =    -38031.9967  EKtot   =     10035.2246  EPtot      =    -48067.2213
 BOND   =       370.0237  ANGLE   =      1043.1754  DIHED      =      1367.9911
 1-4 NB =       448.5824  1-4 EEL =      6313.7685  VDWAALS    =      5497.3227
 EELEC  =    -63195.3741  EHBOND  =         0.0000  RESTRAINT  =        87.2889
 EAMBER (non-restraint)  =    -48154.5102
 ------------------------------------------------------------------------------

wrapping first mol.:       20.88048       29.52946       51.14652
wrapping first mol.:       20.88048       29.52946       51.14652

 NSTEP =    15500   TIME(PS) =    1371.000  TEMP(K) =   301.55  PRESS =     0.0
 Etot   =    -38044.1059  EKtot   =     10074.8818  EPtot      =    -48118.9877
 BOND   =       363.9641  ANGLE   =      1078.1528  DIHED      =      1364.4514
 1-4 NB =       472.6065  1-4 EEL =      6311.1063  VDWAALS    =      5531.7991
 EELEC  =    -63326.7225  EHBOND  =         0.0000  RESTRAINT  =        85.6545
 EAMBER (non-restraint)  =    -48204.6422
 ------------------------------------------------------------------------------

wrapping first mol.:       20.88048       29.52946       51.14652
wrapping first mol.:       20.88048       29.52946       51.14652

 NSTEP =    16000   TIME(PS) =    1372.000  TEMP(K) =   298.80  PRESS =     0.0
 Etot   =    -38200.2043  EKtot   =      9983.1211  EPtot      =    -48183.3254
 BOND   =       353.4784  ANGLE   =      1086.9144  DIHED      =      1355.4962
 1-4 NB =       437.9391  1-4 EEL =      6257.2266  VDWAALS    =      5621.0339
 EELEC  =    -63371.1032  EHBOND  =         0.0000  RESTRAINT  =        75.6893
 EAMBER (non-restraint)  =    -48259.0147
 ------------------------------------------------------------------------------

wrapping first mol.:       20.88048       29.52946       51.14652
wrapping first mol.:       20.88048       29.52946       51.14652

 NSTEP =    16500   TIME(PS) =    1373.000  TEMP(K) =   301.65  PRESS =     0.0
 Etot   =    -38118.4371  EKtot   =     10078.2949  EPtot      =    -48196.7320
 BOND   =       360.3141  ANGLE   =      1005.0899  DIHED      =      1366.6650
 1-4 NB =       442.9280  1-4 EEL =      6292.6895  VDWAALS    =      5433.0453
 EELEC  =    -63168.0564  EHBOND  =         0.0000  RESTRAINT  =        70.5925
 EAMBER (non-restraint)  =    -48267.3246
 ------------------------------------------------------------------------------

wrapping first mol.:       20.88048       29.52946       51.14652
wrapping first mol.:       20.88048       29.52946       51.14652

 NSTEP =    17000   TIME(PS) =    1374.000  TEMP(K) =   298.68  PRESS =     0.0
 Etot   =    -37954.1799  EKtot   =      9979.1699  EPtot      =    -47933.3498
 BOND   =       361.7111  ANGLE   =      1057.5583  DIHED      =      1360.1392
 1-4 NB =       435.6501  1-4 EEL =      6297.5414  VDWAALS    =      5261.1750
 EELEC  =    -62794.2992  EHBOND  =         0.0000  RESTRAINT  =        87.1743
 EAMBER (non-restraint)  =    -48020.5241
 ------------------------------------------------------------------------------

wrapping first mol.:       20.88048       29.52946       51.14652
wrapping first mol.:       20.88048       29.52946       51.14652

 NSTEP =    17500   TIME(PS) =    1375.000  TEMP(K) =   299.92  PRESS =     0.0
 Etot   =    -37966.0996  EKtot   =     10020.4297  EPtot      =    -47986.5293
 BOND   =       356.8276  ANGLE   =      1017.9834  DIHED      =      1338.9438
 1-4 NB =       455.3257  1-4 EEL =      6316.1672  VDWAALS    =      5339.5178
 EELEC  =    -62893.5647  EHBOND  =         0.0000  RESTRAINT  =        82.2698
 EAMBER (non-restraint)  =    -48068.7991
 ------------------------------------------------------------------------------

wrapping first mol.:       20.88048       29.52946       51.14652
wrapping first mol.:       20.88048       29.52946       51.14652

 NSTEP =    18000   TIME(PS) =    1376.000  TEMP(K) =   299.49  PRESS =     0.0
 Etot   =    -38130.0132  EKtot   =     10006.1826  EPtot      =    -48136.1958
 BOND   =       358.7732  ANGLE   =      1115.1839  DIHED      =      1344.0272
 1-4 NB =       454.0774  1-4 EEL =      6298.8524  VDWAALS    =      5328.3930
 EELEC  =    -63112.3476  EHBOND  =         0.0000  RESTRAINT  =        76.8446
 EAMBER (non-restraint)  =    -48213.0404
 ------------------------------------------------------------------------------

wrapping first mol.:       20.88048       29.52946       51.14652
wrapping first mol.:       20.88048       29.52946       51.14652

 NSTEP =    18500   TIME(PS) =    1377.000  TEMP(K) =   296.95  PRESS =     0.0
 Etot   =    -38176.4071  EKtot   =      9921.2607  EPtot      =    -48097.6679
 BOND   =       317.2956  ANGLE   =      1019.0630  DIHED      =      1346.2814
 1-4 NB =       453.2197  1-4 EEL =      6323.4701  VDWAALS    =      5562.8961
 EELEC  =    -63202.1528  EHBOND  =         0.0000  RESTRAINT  =        82.2590
 EAMBER (non-restraint)  =    -48179.9269
 ------------------------------------------------------------------------------

wrapping first mol.:       20.88048       29.52946       51.14652
wrapping first mol.:       20.88048       29.52946       51.14652

 NSTEP =    19000   TIME(PS) =    1378.000  TEMP(K) =   296.11  PRESS =     0.0
 Etot   =    -38355.0952  EKtot   =      9893.1641  EPtot      =    -48248.2593
 BOND   =       327.2704  ANGLE   =      1051.3404  DIHED      =      1326.5924
 1-4 NB =       454.3891  1-4 EEL =      6302.0297  VDWAALS    =      5230.7735
 EELEC  =    -63024.6873  EHBOND  =         0.0000  RESTRAINT  =        84.0324
 EAMBER (non-restraint)  =    -48332.2917
 ------------------------------------------------------------------------------

wrapping first mol.:       20.88048       29.52946       51.14652
wrapping first mol.:       20.88048       29.52946       51.14652

 NSTEP =    19500   TIME(PS) =    1379.000  TEMP(K) =   298.71  PRESS =     0.0
 Etot   =    -38039.2132  EKtot   =      9979.9600  EPtot      =    -48019.1731
 BOND   =       347.0931  ANGLE   =      1083.3186  DIHED      =      1355.5987
 1-4 NB =       453.5634  1-4 EEL =      6295.3106  VDWAALS    =      5552.4575
 EELEC  =    -63191.0146  EHBOND  =         0.0000  RESTRAINT  =        84.4996
 EAMBER (non-restraint)  =    -48103.6728
 ------------------------------------------------------------------------------

wrapping first mol.:       20.88048       29.52946       51.14652
wrapping first mol.:       20.88048       29.52946       51.14652

 NSTEP =    20000   TIME(PS) =    1380.000  TEMP(K) =   299.97  PRESS =     0.0
 Etot   =    -37974.0845  EKtot   =     10022.1152  EPtot      =    -47996.1997
 BOND   =       347.1004  ANGLE   =      1078.8241  DIHED      =      1321.6571
 1-4 NB =       447.1164  1-4 EEL =      6299.6357  VDWAALS    =      5402.9412
 EELEC  =    -62967.7437  EHBOND  =         0.0000  RESTRAINT  =        74.2691
 EAMBER (non-restraint)  =    -48070.4688
 ------------------------------------------------------------------------------

wrapping first mol.:       20.88048       29.52946       51.14652
wrapping first mol.:       20.88048       29.52946       51.14652

 NSTEP =    20500   TIME(PS) =    1381.000  TEMP(K) =   296.31  PRESS =     0.0
 Etot   =    -38190.3853  EKtot   =      9899.7852  EPtot      =    -48090.1705
 BOND   =       360.2550  ANGLE   =      1025.3518  DIHED      =      1332.7274
 1-4 NB =       457.1280  1-4 EEL =      6308.1536  VDWAALS    =      5321.7957
 EELEC  =    -62976.1538  EHBOND  =         0.0000  RESTRAINT  =        80.5717
 EAMBER (non-restraint)  =    -48170.7421
 ------------------------------------------------------------------------------

wrapping first mol.:       20.88048       29.52946       51.14652
wrapping first mol.:       20.88048       29.52946       51.14652

 NSTEP =    21000   TIME(PS) =    1382.000  TEMP(K) =   301.44  PRESS =     0.0
 Etot   =    -38070.5043  EKtot   =     10071.2197  EPtot      =    -48141.7240
 BOND   =       347.6673  ANGLE   =      1047.3672  DIHED      =      1364.2310
 1-4 NB =       447.4543  1-4 EEL =      6335.9543  VDWAALS    =      5391.1307
 EELEC  =    -63158.7296  EHBOND  =         0.0000  RESTRAINT  =        83.2007
 EAMBER (non-restraint)  =    -48224.9247
 ------------------------------------------------------------------------------

wrapping first mol.:       20.88048       29.52946       51.14652
wrapping first mol.:       20.88048       29.52946       51.14652

 NSTEP =    21500   TIME(PS) =    1383.000  TEMP(K) =   295.81  PRESS =     0.0
 Etot   =    -38247.2952  EKtot   =      9883.2783  EPtot      =    -48130.5735
 BOND   =       338.7786  ANGLE   =      1038.9172  DIHED      =      1372.6880
 1-4 NB =       456.5618  1-4 EEL =      6327.4506  VDWAALS    =      5546.8538
 EELEC  =    -63293.5829  EHBOND  =         0.0000  RESTRAINT  =        81.7593
 EAMBER (non-restraint)  =    -48212.3329
 ------------------------------------------------------------------------------

wrapping first mol.:       20.88048       29.52946       51.14652
wrapping first mol.:       20.88048       29.52946       51.14652

 NSTEP =    22000   TIME(PS) =    1384.000  TEMP(K) =   299.47  PRESS =     0.0
 Etot   =    -38103.5460  EKtot   =     10005.6426  EPtot      =    -48109.1886
 BOND   =       366.3806  ANGLE   =      1012.9645  DIHED      =      1359.6647
 1-4 NB =       446.2283  1-4 EEL =      6334.7786  VDWAALS    =      5379.7614
 EELEC  =    -63094.6023  EHBOND  =         0.0000  RESTRAINT  =        85.6358
 EAMBER (non-restraint)  =    -48194.8244
 ------------------------------------------------------------------------------

wrapping first mol.:       20.88048       29.52946       51.14652
wrapping first mol.:       20.88048       29.52946       51.14652

 NSTEP =    22500   TIME(PS) =    1385.000  TEMP(K) =   301.26  PRESS =     0.0
 Etot   =    -38022.3866  EKtot   =     10065.4434  EPtot      =    -48087.8300
 BOND   =       346.0665  ANGLE   =      1058.7614  DIHED      =      1367.1276
 1-4 NB =       440.1861  1-4 EEL =      6282.8935  VDWAALS    =      5278.7355
 EELEC  =    -62945.1592  EHBOND  =         0.0000  RESTRAINT  =        83.5586
 EAMBER (non-restraint)  =    -48171.3886
 ------------------------------------------------------------------------------

wrapping first mol.:       20.88048       29.52946       51.14652
wrapping first mol.:       20.88048       29.52946       51.14652

 NSTEP =    23000   TIME(PS) =    1386.000  TEMP(K) =   300.03  PRESS =     0.0
 Etot   =    -37954.9405  EKtot   =     10024.3242  EPtot      =    -47979.2647
 BOND   =       343.4574  ANGLE   =      1087.7071  DIHED      =      1349.1631
 1-4 NB =       448.0100  1-4 EEL =      6335.2849  VDWAALS    =      5325.3319
 EELEC  =    -62941.7335  EHBOND  =         0.0000  RESTRAINT  =        73.5144
 EAMBER (non-restraint)  =    -48052.7792
 ------------------------------------------------------------------------------

wrapping first mol.:       20.88048       29.52946       51.14652
wrapping first mol.:       20.88048       29.52946       51.14652

 NSTEP =    23500   TIME(PS) =    1387.000  TEMP(K) =   301.34  PRESS =     0.0
 Etot   =    -37926.5619  EKtot   =     10067.8516  EPtot      =    -47994.4135
 BOND   =       333.2223  ANGLE   =      1072.1621  DIHED      =      1340.4278
 1-4 NB =       444.8097  1-4 EEL =      6315.4456  VDWAALS    =      5544.8370
 EELEC  =    -63139.0918  EHBOND  =         0.0000  RESTRAINT  =        93.7738
 EAMBER (non-restraint)  =    -48088.1873
 ------------------------------------------------------------------------------

wrapping first mol.:       20.88048       29.52946       51.14652
wrapping first mol.:       20.88048       29.52946       51.14652

 NSTEP =    24000   TIME(PS) =    1388.000  TEMP(K) =   300.49  PRESS =     0.0
 Etot   =    -38186.0406  EKtot   =     10039.4980  EPtot      =    -48225.5386
 BOND   =       337.9153  ANGLE   =      1022.0253  DIHED      =      1345.7767
 1-4 NB =       457.0223  1-4 EEL =      6317.1954  VDWAALS    =      5437.1715
 EELEC  =    -63231.3484  EHBOND  =         0.0000  RESTRAINT  =        88.7032
 EAMBER (non-restraint)  =    -48314.2418
 ------------------------------------------------------------------------------

wrapping first mol.:       20.88048       29.52946       51.14652
wrapping first mol.:       20.88048       29.52946       51.14652

 NSTEP =    24500   TIME(PS) =    1389.000  TEMP(K) =   301.62  PRESS =     0.0
 Etot   =    -38123.5816  EKtot   =     10077.4590  EPtot      =    -48201.0406
 BOND   =       345.3374  ANGLE   =      1086.8958  DIHED      =      1361.0936
 1-4 NB =       454.0031  1-4 EEL =      6295.7200  VDWAALS    =      5292.4174
 EELEC  =    -63125.1444  EHBOND  =         0.0000  RESTRAINT  =        88.6364
 EAMBER (non-restraint)  =    -48289.6770
 ------------------------------------------------------------------------------

wrapping first mol.:       20.88048       29.52946       51.14652
wrapping first mol.:       20.88048       29.52946       51.14652

 NSTEP =    25000   TIME(PS) =    1390.000  TEMP(K) =   302.30  PRESS =     0.0
 Etot   =    -37839.1656  EKtot   =     10099.9941  EPtot      =    -47939.1597
 BOND   =       358.2324  ANGLE   =      1130.5114  DIHED      =      1360.2919
 1-4 NB =       451.5076  1-4 EEL =      6266.6086  VDWAALS    =      5486.6057
 EELEC  =    -63078.3084  EHBOND  =         0.0000  RESTRAINT  =        85.3910
 EAMBER (non-restraint)  =    -48024.5507
 ------------------------------------------------------------------------------

wrapping first mol.:       20.88048       29.52946       51.14652
wrapping first mol.:       20.88048       29.52946       51.14652

 NSTEP =    25500   TIME(PS) =    1391.000  TEMP(K) =   303.15  PRESS =     0.0
 Etot   =    -37993.7655  EKtot   =     10128.5713  EPtot      =    -48122.3368
 BOND   =       344.1928  ANGLE   =      1056.4574  DIHED      =      1344.3082
 1-4 NB =       456.5703  1-4 EEL =      6310.1921  VDWAALS    =      5457.5871
 EELEC  =    -63167.6430  EHBOND  =         0.0000  RESTRAINT  =        75.9983
 EAMBER (non-restraint)  =    -48198.3351
 ------------------------------------------------------------------------------

wrapping first mol.:       20.88048       29.52946       51.14652
wrapping first mol.:       20.88048       29.52946       51.14652

 NSTEP =    26000   TIME(PS) =    1392.000  TEMP(K) =   297.73  PRESS =     0.0
 Etot   =    -37935.4461  EKtot   =      9947.3105  EPtot      =    -47882.7566
 BOND   =       366.7986  ANGLE   =      1045.4868  DIHED      =      1359.1125
 1-4 NB =       451.1871  1-4 EEL =      6303.8957  VDWAALS    =      5391.5911
 EELEC  =    -62885.2531  EHBOND  =         0.0000  RESTRAINT  =        84.4247
 EAMBER (non-restraint)  =    -47967.1813
 ------------------------------------------------------------------------------

wrapping first mol.:       20.88048       29.52946       51.14652
wrapping first mol.:       20.88048       29.52946       51.14652

 NSTEP =    26500   TIME(PS) =    1393.000  TEMP(K) =   301.46  PRESS =     0.0
 Etot   =    -38133.7381  EKtot   =     10071.9189  EPtot      =    -48205.6570
 BOND   =       344.1450  ANGLE   =      1095.7571  DIHED      =      1355.8664
 1-4 NB =       444.1558  1-4 EEL =      6287.2706  VDWAALS    =      5323.2292
 EELEC  =    -63133.0909  EHBOND  =         0.0000  RESTRAINT  =        77.0098
 EAMBER (non-restraint)  =    -48282.6668
 ------------------------------------------------------------------------------

wrapping first mol.:       20.88048       29.52946       51.14652
wrapping first mol.:       20.88048       29.52946       51.14652

 NSTEP =    27000   TIME(PS) =    1394.000  TEMP(K) =   302.78  PRESS =     0.0
 Etot   =    -37816.3446  EKtot   =     10116.0469  EPtot      =    -47932.3914
 BOND   =       338.2473  ANGLE   =      1041.8138  DIHED      =      1359.0007
 1-4 NB =       456.8527  1-4 EEL =      6293.6663  VDWAALS    =      5517.5340
 EELEC  =    -63017.4954  EHBOND  =         0.0000  RESTRAINT  =        77.9892
 EAMBER (non-restraint)  =    -48010.3806
 ------------------------------------------------------------------------------

wrapping first mol.:       20.88048       29.52946       51.14652
wrapping first mol.:       20.88048       29.52946       51.14652

 NSTEP =    27500   TIME(PS) =    1395.000  TEMP(K) =   297.01  PRESS =     0.0
 Etot   =    -38035.8583  EKtot   =      9923.2832  EPtot      =    -47959.1415
 BOND   =       380.7291  ANGLE   =      1011.8052  DIHED      =      1335.4946
 1-4 NB =       449.3561  1-4 EEL =      6329.7731  VDWAALS    =      5262.9991
 EELEC  =    -62817.8174  EHBOND  =         0.0000  RESTRAINT  =        88.5188
 EAMBER (non-restraint)  =    -48047.6603
 ------------------------------------------------------------------------------

wrapping first mol.:       20.88048       29.52946       51.14652
wrapping first mol.:       20.88048       29.52946       51.14652

 NSTEP =    28000   TIME(PS) =    1396.000  TEMP(K) =   299.11  PRESS =     0.0
 Etot   =    -38233.3467  EKtot   =      9993.5889  EPtot      =    -48226.9356
 BOND   =       331.8021  ANGLE   =      1055.8115  DIHED      =      1362.5580
 1-4 NB =       468.2033  1-4 EEL =      6343.6218  VDWAALS    =      5618.8539
 EELEC  =    -63490.0107  EHBOND  =         0.0000  RESTRAINT  =        82.2244
 EAMBER (non-restraint)  =    -48309.1600
 ------------------------------------------------------------------------------

wrapping first mol.:       20.88048       29.52946       51.14652
wrapping first mol.:       20.88048       29.52946       51.14652

 NSTEP =    28500   TIME(PS) =    1397.000  TEMP(K) =   297.95  PRESS =     0.0
 Etot   =    -37953.3311  EKtot   =      9954.6846  EPtot      =    -47908.0157
 BOND   =       351.6975  ANGLE   =      1056.4089  DIHED      =      1335.6339
 1-4 NB =       454.1923  1-4 EEL =      6345.4063  VDWAALS    =      5362.4968
 EELEC  =    -62888.8689  EHBOND  =         0.0000  RESTRAINT  =        75.0174
 EAMBER (non-restraint)  =    -47983.0331
 ------------------------------------------------------------------------------

wrapping first mol.:       20.88048       29.52946       51.14652
wrapping first mol.:       20.88048       29.52946       51.14652

 NSTEP =    29000   TIME(PS) =    1398.000  TEMP(K) =   301.35  PRESS =     0.0
 Etot   =    -37910.1010  EKtot   =     10068.3076  EPtot      =    -47978.4086
 BOND   =       344.3399  ANGLE   =      1038.8672  DIHED      =      1375.2659
 1-4 NB =       460.7753  1-4 EEL =      6303.7627  VDWAALS    =      5392.4949
 EELEC  =    -62975.6119  EHBOND  =         0.0000  RESTRAINT  =        81.6974
 EAMBER (non-restraint)  =    -48060.1061
 ------------------------------------------------------------------------------

wrapping first mol.:       20.88048       29.52946       51.14652
wrapping first mol.:       20.88048       29.52946       51.14652

 NSTEP =    29500   TIME(PS) =    1399.000  TEMP(K) =   299.25  PRESS =     0.0
 Etot   =    -38007.1750  EKtot   =      9998.1650  EPtot      =    -48005.3401
 BOND   =       367.1970  ANGLE   =      1068.7631  DIHED      =      1357.1172
 1-4 NB =       451.4940  1-4 EEL =      6289.7263  VDWAALS    =      5364.8939
 EELEC  =    -62989.6866  EHBOND  =         0.0000  RESTRAINT  =        85.1551
 EAMBER (non-restraint)  =    -48090.4951
 ------------------------------------------------------------------------------

wrapping first mol.:       20.88048       29.52946       51.14652
wrapping first mol.:       20.88048       29.52946       51.14652

 NSTEP =    30000   TIME(PS) =    1400.000  TEMP(K) =   301.86  PRESS =     0.0
 Etot   =    -38078.0250  EKtot   =     10085.2256  EPtot      =    -48163.2506
 BOND   =       359.3685  ANGLE   =      1122.2722  DIHED      =      1377.8958
 1-4 NB =       445.2469  1-4 EEL =      6292.8412  VDWAALS    =      5397.8500
 EELEC  =    -63245.9646  EHBOND  =         0.0000  RESTRAINT  =        87.2394
 EAMBER (non-restraint)  =    -48250.4901
 ------------------------------------------------------------------------------

wrapping first mol.:       20.88048       29.52946       51.14652
wrapping first mol.:       20.88048       29.52946       51.14652

 NSTEP =    30500   TIME(PS) =    1401.000  TEMP(K) =   296.29  PRESS =     0.0
 Etot   =    -38190.8344  EKtot   =      9899.2266  EPtot      =    -48090.0610
 BOND   =       348.5068  ANGLE   =      1074.2428  DIHED      =      1373.2631
 1-4 NB =       455.6570  1-4 EEL =      6287.1221  VDWAALS    =      5552.9308
 EELEC  =    -63267.2816  EHBOND  =         0.0000  RESTRAINT  =        85.4980
 EAMBER (non-restraint)  =    -48175.5590
 ------------------------------------------------------------------------------

wrapping first mol.:       20.88048       29.52946       51.14652
wrapping first mol.:       20.88048       29.52946       51.14652

 NSTEP =    31000   TIME(PS) =    1402.000  TEMP(K) =   299.32  PRESS =     0.0
 Etot   =    -38058.2797  EKtot   =     10000.3633  EPtot      =    -48058.6430
 BOND   =       351.5969  ANGLE   =      1042.5647  DIHED      =      1344.6924
 1-4 NB =       442.7432  1-4 EEL =      6293.0019  VDWAALS    =      5255.5614
 EELEC  =    -62866.6328  EHBOND  =         0.0000  RESTRAINT  =        77.8294
 EAMBER (non-restraint)  =    -48136.4723
 ------------------------------------------------------------------------------

wrapping first mol.:       20.88048       29.52946       51.14652
wrapping first mol.:       20.88048       29.52946       51.14652

 NSTEP =    31500   TIME(PS) =    1403.000  TEMP(K) =   296.22  PRESS =     0.0
 Etot   =    -38192.2446  EKtot   =      9896.7656  EPtot      =    -48089.0102
 BOND   =       374.4139  ANGLE   =      1039.7742  DIHED      =      1333.5125
 1-4 NB =       447.1967  1-4 EEL =      6303.4077  VDWAALS    =      5416.8087
 EELEC  =    -63077.4879  EHBOND  =         0.0000  RESTRAINT  =        73.3639
 EAMBER (non-restraint)  =    -48162.3742
 ------------------------------------------------------------------------------

wrapping first mol.:       20.88048       29.52946       51.14652
wrapping first mol.:       20.88048       29.52946       51.14652

 NSTEP =    32000   TIME(PS) =    1404.000  TEMP(K) =   300.19  PRESS =     0.0
 Etot   =    -37971.2757  EKtot   =     10029.4414  EPtot      =    -48000.7171
 BOND   =       352.0717  ANGLE   =      1060.5658  DIHED      =      1342.8155
 1-4 NB =       441.8713  1-4 EEL =      6316.1689  VDWAALS    =      5445.5679
 EELEC  =    -63049.9894  EHBOND  =         0.0000  RESTRAINT  =        90.2112
 EAMBER (non-restraint)  =    -48090.9283
 ------------------------------------------------------------------------------

wrapping first mol.:       20.88048       29.52946       51.14652
wrapping first mol.:       20.88048       29.52946       51.14652

 NSTEP =    32500   TIME(PS) =    1405.000  TEMP(K) =   299.82  PRESS =     0.0
 Etot   =    -38081.3434  EKtot   =     10017.0781  EPtot      =    -48098.4215
 BOND   =       350.3393  ANGLE   =      1054.6973  DIHED      =      1346.9618
 1-4 NB =       448.5073  1-4 EEL =      6310.4547  VDWAALS    =      5469.1463
 EELEC  =    -63154.3768  EHBOND  =         0.0000  RESTRAINT  =        75.8486
 EAMBER (non-restraint)  =    -48174.2702
 ------------------------------------------------------------------------------

wrapping first mol.:       20.88048       29.52946       51.14652
wrapping first mol.:       20.88048       29.52946       51.14652

 NSTEP =    33000   TIME(PS) =    1406.000  TEMP(K) =   302.87  PRESS =     0.0
 Etot   =    -38029.4628  EKtot   =     10118.9277  EPtot      =    -48148.3905
 BOND   =       348.2023  ANGLE   =      1039.3500  DIHED      =      1359.2448
 1-4 NB =       449.1040  1-4 EEL =      6289.2679  VDWAALS    =      5527.6843
 EELEC  =    -63245.3785  EHBOND  =         0.0000  RESTRAINT  =        84.1347
 EAMBER (non-restraint)  =    -48232.5252
 ------------------------------------------------------------------------------

wrapping first mol.:       20.88048       29.52946       51.14652
wrapping first mol.:       20.88048       29.52946       51.14652

 NSTEP =    33500   TIME(PS) =    1407.000  TEMP(K) =   296.78  PRESS =     0.0
 Etot   =    -38255.5028  EKtot   =      9915.6680  EPtot      =    -48171.1708
 BOND   =       361.4018  ANGLE   =      1035.9383  DIHED      =      1388.3644
 1-4 NB =       447.0367  1-4 EEL =      6311.8724  VDWAALS    =      5373.3274
 EELEC  =    -63161.3003  EHBOND  =         0.0000  RESTRAINT  =        72.1885
 EAMBER (non-restraint)  =    -48243.3593
 ------------------------------------------------------------------------------

wrapping first mol.:       20.88048       29.52946       51.14652
wrapping first mol.:       20.88048       29.52946       51.14652

 NSTEP =    34000   TIME(PS) =    1408.000  TEMP(K) =   302.69  PRESS =     0.0
 Etot   =    -38029.4294  EKtot   =     10113.0703  EPtot      =    -48142.4997
 BOND   =       322.4008  ANGLE   =      1042.7477  DIHED      =      1339.5330
 1-4 NB =       459.9016  1-4 EEL =      6283.6150  VDWAALS    =      5346.0688
 EELEC  =    -63016.1692  EHBOND  =         0.0000  RESTRAINT  =        79.4025
 EAMBER (non-restraint)  =    -48221.9022
 ------------------------------------------------------------------------------

wrapping first mol.:       20.88048       29.52946       51.14652
wrapping first mol.:       20.88048       29.52946       51.14652

 NSTEP =    34500   TIME(PS) =    1409.000  TEMP(K) =   301.38  PRESS =     0.0
 Etot   =    -37945.9212  EKtot   =     10069.2607  EPtot      =    -48015.1820
 BOND   =       337.0490  ANGLE   =      1061.4064  DIHED      =      1337.8984
 1-4 NB =       447.5861  1-4 EEL =      6288.0838  VDWAALS    =      5439.7728
 EELEC  =    -63010.5437  EHBOND  =         0.0000  RESTRAINT  =        83.5652
 EAMBER (non-restraint)  =    -48098.7472
 ------------------------------------------------------------------------------

wrapping first mol.:       20.88048       29.52946       51.14652
wrapping first mol.:       20.88048       29.52946       51.14652

 NSTEP =    35000   TIME(PS) =    1410.000  TEMP(K) =   303.07  PRESS =     0.0
 Etot   =    -37795.9678  EKtot   =     10125.9170  EPtot      =    -47921.8847
 BOND   =       379.8189  ANGLE   =      1043.5416  DIHED      =      1352.4716
 1-4 NB =       436.3643  1-4 EEL =      6270.3455  VDWAALS    =      5205.6060
 EELEC  =    -62698.6043  EHBOND  =         0.0000  RESTRAINT  =        88.5716
 EAMBER (non-restraint)  =    -48010.4563
 ------------------------------------------------------------------------------

wrapping first mol.:       20.88048       29.52946       51.14652
wrapping first mol.:       20.88048       29.52946       51.14652

 NSTEP =    35500   TIME(PS) =    1411.000  TEMP(K) =   301.14  PRESS =     0.0
 Etot   =    -37728.4758  EKtot   =     10061.1855  EPtot      =    -47789.6614
 BOND   =       310.3819  ANGLE   =      1094.0246  DIHED      =      1376.2899
 1-4 NB =       456.2455  1-4 EEL =      6324.9943  VDWAALS    =      5265.3683
 EELEC  =    -62701.4668  EHBOND  =         0.0000  RESTRAINT  =        84.5010
 EAMBER (non-restraint)  =    -47874.1624
 ------------------------------------------------------------------------------

wrapping first mol.:       20.88048       29.52946       51.14652
wrapping first mol.:       20.88048       29.52946       51.14652

 NSTEP =    36000   TIME(PS) =    1412.000  TEMP(K) =   299.48  PRESS =     0.0
 Etot   =    -37980.0426  EKtot   =     10005.6787  EPtot      =    -47985.7214
 BOND   =       329.6509  ANGLE   =      1044.2394  DIHED      =      1337.9668
 1-4 NB =       462.8726  1-4 EEL =      6315.2010  VDWAALS    =      5368.8509
 EELEC  =    -62929.0420  EHBOND  =         0.0000  RESTRAINT  =        84.5391
 EAMBER (non-restraint)  =    -48070.2605
 ------------------------------------------------------------------------------

wrapping first mol.:       20.88048       29.52946       51.14652
wrapping first mol.:       20.88048       29.52946       51.14652

 NSTEP =    36500   TIME(PS) =    1413.000  TEMP(K) =   296.85  PRESS =     0.0
 Etot   =    -38049.9973  EKtot   =      9918.0791  EPtot      =    -47968.0764
 BOND   =       363.9230  ANGLE   =      1041.9396  DIHED      =      1348.2058
 1-4 NB =       457.7882  1-4 EEL =      6306.6219  VDWAALS    =      5301.8967
 EELEC  =    -62870.6338  EHBOND  =         0.0000  RESTRAINT  =        82.1822
 EAMBER (non-restraint)  =    -48050.2585
 ------------------------------------------------------------------------------

wrapping first mol.:       20.88048       29.52946       51.14652
wrapping first mol.:       20.88048       29.52946       51.14652

 NSTEP =    37000   TIME(PS) =    1414.000  TEMP(K) =   297.43  PRESS =     0.0
 Etot   =    -38071.7174  EKtot   =      9937.4463  EPtot      =    -48009.1637
 BOND   =       348.7812  ANGLE   =      1068.0706  DIHED      =      1347.9004
 1-4 NB =       455.2007  1-4 EEL =      6315.6572  VDWAALS    =      5580.9848
 EELEC  =    -63201.7168  EHBOND  =         0.0000  RESTRAINT  =        75.9582
 EAMBER (non-restraint)  =    -48085.1219
 ------------------------------------------------------------------------------

wrapping first mol.:       20.88048       29.52946       51.14652
wrapping first mol.:       20.88048       29.52946       51.14652

 NSTEP =    37500   TIME(PS) =    1415.000  TEMP(K) =   304.90  PRESS =     0.0
 Etot   =    -37903.3756  EKtot   =     10186.7461  EPtot      =    -48090.1217
 BOND   =       366.8540  ANGLE   =      1069.8671  DIHED      =      1377.3726
 1-4 NB =       433.1357  1-4 EEL =      6280.2218  VDWAALS    =      5439.4064
 EELEC  =    -63132.2691  EHBOND  =         0.0000  RESTRAINT  =        75.2898
 EAMBER (non-restraint)  =    -48165.4115
 ------------------------------------------------------------------------------

wrapping first mol.:       20.88048       29.52946       51.14652
wrapping first mol.:       20.88048       29.52946       51.14652

 NSTEP =    38000   TIME(PS) =    1416.000  TEMP(K) =   302.94  PRESS =     0.0
 Etot   =    -37976.6291  EKtot   =     10121.5146  EPtot      =    -48098.1438
 BOND   =       356.7272  ANGLE   =      1060.4187  DIHED      =      1365.1596
 1-4 NB =       445.1124  1-4 EEL =      6304.3895  VDWAALS    =      5310.6237
 EELEC  =    -63021.4576  EHBOND  =         0.0000  RESTRAINT  =        80.8828
 EAMBER (non-restraint)  =    -48179.0265
 ------------------------------------------------------------------------------

wrapping first mol.:       20.88048       29.52946       51.14652
wrapping first mol.:       20.88048       29.52946       51.14652

 NSTEP =    38500   TIME(PS) =    1417.000  TEMP(K) =   304.03  PRESS =     0.0
 Etot   =    -37862.9033  EKtot   =     10157.7129  EPtot      =    -48020.6162
 BOND   =       350.9913  ANGLE   =      1032.6412  DIHED      =      1325.2478
 1-4 NB =       448.8089  1-4 EEL =      6312.5032  VDWAALS    =      5440.8554
 EELEC  =    -63021.1088  EHBOND  =         0.0000  RESTRAINT  =        89.4448
 EAMBER (non-restraint)  =    -48110.0610
 ------------------------------------------------------------------------------

wrapping first mol.:       20.88048       29.52946       51.14652
wrapping first mol.:       20.88048       29.52946       51.14652

 NSTEP =    39000   TIME(PS) =    1418.000  TEMP(K) =   300.33  PRESS =     0.0
 Etot   =    -38172.5787  EKtot   =     10034.3867  EPtot      =    -48206.9654
 BOND   =       362.5582  ANGLE   =      1018.5101  DIHED      =      1357.7135
 1-4 NB =       459.1016  1-4 EEL =      6304.1646  VDWAALS    =      5409.9382
 EELEC  =    -63203.9518  EHBOND  =         0.0000  RESTRAINT  =        85.0002
 EAMBER (non-restraint)  =    -48291.9656
 ------------------------------------------------------------------------------

wrapping first mol.:       20.88048       29.52946       51.14652
wrapping first mol.:       20.88048       29.52946       51.14652

 NSTEP =    39500   TIME(PS) =    1419.000  TEMP(K) =   300.59  PRESS =     0.0
 Etot   =    -38204.7152  EKtot   =     10042.8242  EPtot      =    -48247.5394
 BOND   =       363.0801  ANGLE   =      1055.2617  DIHED      =      1340.6906
 1-4 NB =       451.9365  1-4 EEL =      6359.3759  VDWAALS    =      5612.4441
 EELEC  =    -63516.1819  EHBOND  =         0.0000  RESTRAINT  =        85.8537
 EAMBER (non-restraint)  =    -48333.3931
 ------------------------------------------------------------------------------

wrapping first mol.:       20.88048       29.52946       51.14652
wrapping first mol.:       20.88048       29.52946       51.14652

 NSTEP =    40000   TIME(PS) =    1420.000  TEMP(K) =   300.60  PRESS =     0.0
 Etot   =    -38133.8838  EKtot   =     10043.2178  EPtot      =    -48177.1015
 BOND   =       332.3094  ANGLE   =      1022.8283  DIHED      =      1362.6561
 1-4 NB =       446.1366  1-4 EEL =      6294.8491  VDWAALS    =      5461.9926
 EELEC  =    -63176.8599  EHBOND  =         0.0000  RESTRAINT  =        78.9863
 EAMBER (non-restraint)  =    -48256.0878
 ------------------------------------------------------------------------------

wrapping first mol.:       20.88048       29.52946       51.14652
wrapping first mol.:       20.88048       29.52946       51.14652

 NSTEP =    40500   TIME(PS) =    1421.000  TEMP(K) =   299.31  PRESS =     0.0
 Etot   =    -37895.8707  EKtot   =     10000.2480  EPtot      =    -47896.1187
 BOND   =       370.3833  ANGLE   =      1103.5475  DIHED      =      1372.3106
 1-4 NB =       446.5119  1-4 EEL =      6264.0442  VDWAALS    =      5494.3153
 EELEC  =    -63027.4536  EHBOND  =         0.0000  RESTRAINT  =        80.2221
 EAMBER (non-restraint)  =    -47976.3409
 ------------------------------------------------------------------------------

wrapping first mol.:       20.88048       29.52946       51.14652
wrapping first mol.:       20.88048       29.52946       51.14652

 NSTEP =    41000   TIME(PS) =    1422.000  TEMP(K) =   298.03  PRESS =     0.0
 Etot   =    -38270.3757  EKtot   =      9957.4453  EPtot      =    -48227.8210
 BOND   =       334.1233  ANGLE   =      1074.0464  DIHED      =      1359.6848
 1-4 NB =       445.0763  1-4 EEL =      6280.2895  VDWAALS    =      5472.2636
 EELEC  =    -63271.8877  EHBOND  =         0.0000  RESTRAINT  =        78.5827
 EAMBER (non-restraint)  =    -48306.4037
 ------------------------------------------------------------------------------

wrapping first mol.:       20.88048       29.52946       51.14652
wrapping first mol.:       20.88048       29.52946       51.14652

 NSTEP =    41500   TIME(PS) =    1423.000  TEMP(K) =   303.19  PRESS =     0.0
 Etot   =    -38047.2111  EKtot   =     10129.8877  EPtot      =    -48177.0988
 BOND   =       344.4943  ANGLE   =      1050.1046  DIHED      =      1357.0721
 1-4 NB =       442.8096  1-4 EEL =      6299.4109  VDWAALS    =      5524.6548
 EELEC  =    -63281.2533  EHBOND  =         0.0000  RESTRAINT  =        85.6083
 EAMBER (non-restraint)  =    -48262.7071
 ------------------------------------------------------------------------------

wrapping first mol.:       20.88048       29.52946       51.14652
wrapping first mol.:       20.88048       29.52946       51.14652

 NSTEP =    42000   TIME(PS) =    1424.000  TEMP(K) =   299.61  PRESS =     0.0
 Etot   =    -37991.6838  EKtot   =     10010.2197  EPtot      =    -48001.9035
 BOND   =       335.6236  ANGLE   =      1072.0071  DIHED      =      1354.6822
 1-4 NB =       452.8236  1-4 EEL =      6309.4982  VDWAALS    =      5301.9829
 EELEC  =    -62913.9194  EHBOND  =         0.0000  RESTRAINT  =        85.3983
 EAMBER (non-restraint)  =    -48087.3018
 ------------------------------------------------------------------------------

wrapping first mol.:       20.88048       29.52946       51.14652
wrapping first mol.:       20.88048       29.52946       51.14652

 NSTEP =    42500   TIME(PS) =    1425.000  TEMP(K) =   299.82  PRESS =     0.0
 Etot   =    -37985.8199  EKtot   =     10017.0156  EPtot      =    -48002.8355
 BOND   =       362.4209  ANGLE   =      1048.0953  DIHED      =      1334.4649
 1-4 NB =       453.2353  1-4 EEL =      6315.0939  VDWAALS    =      5573.4998
 EELEC  =    -63173.9094  EHBOND  =         0.0000  RESTRAINT  =        84.2638
 EAMBER (non-restraint)  =    -48087.0993
 ------------------------------------------------------------------------------

wrapping first mol.:       20.88048       29.52946       51.14652
wrapping first mol.:       20.88048       29.52946       51.14652

 NSTEP =    43000   TIME(PS) =    1426.000  TEMP(K) =   301.42  PRESS =     0.0
 Etot   =    -38020.3164  EKtot   =     10070.6064  EPtot      =    -48090.9228
 BOND   =       346.3977  ANGLE   =      1074.3269  DIHED      =      1346.6802
 1-4 NB =       453.8614  1-4 EEL =      6311.4158  VDWAALS    =      5548.1768
 EELEC  =    -63261.5180  EHBOND  =         0.0000  RESTRAINT  =        89.7364
 EAMBER (non-restraint)  =    -48180.6592
 ------------------------------------------------------------------------------

wrapping first mol.:       20.88048       29.52946       51.14652
wrapping first mol.:       20.88048       29.52946       51.14652

 NSTEP =    43500   TIME(PS) =    1427.000  TEMP(K) =   300.90  PRESS =     0.0
 Etot   =    -37940.7400  EKtot   =     10053.2539  EPtot      =    -47993.9939
 BOND   =       343.4309  ANGLE   =      1085.2264  DIHED      =      1370.3908
 1-4 NB =       445.0622  1-4 EEL =      6314.7087  VDWAALS    =      5548.0385
 EELEC  =    -63176.2106  EHBOND  =         0.0000  RESTRAINT  =        75.3592
 EAMBER (non-restraint)  =    -48069.3531
 ------------------------------------------------------------------------------

wrapping first mol.:       20.88048       29.52946       51.14652
wrapping first mol.:       20.88048       29.52946       51.14652

 NSTEP =    44000   TIME(PS) =    1428.000  TEMP(K) =   295.71  PRESS =     0.0
 Etot   =    -38253.9086  EKtot   =      9879.7207  EPtot      =    -48133.6293
 BOND   =       365.5974  ANGLE   =      1053.9072  DIHED      =      1372.5006
 1-4 NB =       448.3407  1-4 EEL =      6305.3764  VDWAALS    =      5597.7498
 EELEC  =    -63357.2701  EHBOND  =         0.0000  RESTRAINT  =        80.1687
 EAMBER (non-restraint)  =    -48213.7979
 ------------------------------------------------------------------------------

wrapping first mol.:       20.88048       29.52946       51.14652
wrapping first mol.:       20.88048       29.52946       51.14652

 NSTEP =    44500   TIME(PS) =    1429.000  TEMP(K) =   298.12  PRESS =     0.0
 Etot   =    -38106.8335  EKtot   =      9960.4170  EPtot      =    -48067.2505
 BOND   =       350.0559  ANGLE   =      1094.9172  DIHED      =      1344.9898
 1-4 NB =       439.1406  1-4 EEL =      6297.7864  VDWAALS    =      5413.8079
 EELEC  =    -63089.3681  EHBOND  =         0.0000  RESTRAINT  =        81.4197
 EAMBER (non-restraint)  =    -48148.6702
 ------------------------------------------------------------------------------

wrapping first mol.:       20.88048       29.52946       51.14652
wrapping first mol.:       20.88048       29.52946       51.14652

 NSTEP =    45000   TIME(PS) =    1430.000  TEMP(K) =   305.54  PRESS =     0.0
 Etot   =    -38078.9353  EKtot   =     10208.4141  EPtot      =    -48287.3494
 BOND   =       320.5926  ANGLE   =      1098.2140  DIHED      =      1350.0399
 1-4 NB =       443.6203  1-4 EEL =      6318.4696  VDWAALS    =      5258.2239
 EELEC  =    -63153.3794  EHBOND  =         0.0000  RESTRAINT  =        76.8698
 EAMBER (non-restraint)  =    -48364.2191
 ------------------------------------------------------------------------------

wrapping first mol.:       20.88048       29.52946       51.14652
wrapping first mol.:       20.88048       29.52946       51.14652

 NSTEP =    45500   TIME(PS) =    1431.000  TEMP(K) =   297.96  PRESS =     0.0
 Etot   =    -38206.6055  EKtot   =      9955.1611  EPtot      =    -48161.7666
 BOND   =       346.9292  ANGLE   =      1050.4422  DIHED      =      1379.5182
 1-4 NB =       431.4763  1-4 EEL =      6272.3804  VDWAALS    =      5330.5482
 EELEC  =    -63056.2127  EHBOND  =         0.0000  RESTRAINT  =        83.1516
 EAMBER (non-restraint)  =    -48244.9182
 ------------------------------------------------------------------------------

wrapping first mol.:       20.88048       29.52946       51.14652
wrapping first mol.:       20.88048       29.52946       51.14652

 NSTEP =    46000   TIME(PS) =    1432.000  TEMP(K) =   303.32  PRESS =     0.0
 Etot   =    -38087.4163  EKtot   =     10134.2510  EPtot      =    -48221.6672
 BOND   =       347.3028  ANGLE   =      1040.4882  DIHED      =      1341.9758
 1-4 NB =       451.4118  1-4 EEL =      6280.4411  VDWAALS    =      5425.5218
 EELEC  =    -63188.2829  EHBOND  =         0.0000  RESTRAINT  =        79.4743
 EAMBER (non-restraint)  =    -48301.1416
 ------------------------------------------------------------------------------

wrapping first mol.:       20.88048       29.52946       51.14652
wrapping first mol.:       20.88048       29.52946       51.14652

 NSTEP =    46500   TIME(PS) =    1433.000  TEMP(K) =   298.35  PRESS =     0.0
 Etot   =    -38113.6265  EKtot   =      9968.1387  EPtot      =    -48081.7651
 BOND   =       351.8157  ANGLE   =      1064.9155  DIHED      =      1358.3563
 1-4 NB =       465.6195  1-4 EEL =      6318.2590  VDWAALS    =      5403.6215
 EELEC  =    -63123.6419  EHBOND  =         0.0000  RESTRAINT  =        79.2893
 EAMBER (non-restraint)  =    -48161.0544
 ------------------------------------------------------------------------------

wrapping first mol.:       20.88048       29.52946       51.14652
wrapping first mol.:       20.88048       29.52946       51.14652

 NSTEP =    47000   TIME(PS) =    1434.000  TEMP(K) =   300.54  PRESS =     0.0
 Etot   =    -38104.2146  EKtot   =     10041.2324  EPtot      =    -48145.4471
 BOND   =       343.0084  ANGLE   =      1058.4168  DIHED      =      1355.3332
 1-4 NB =       445.4153  1-4 EEL =      6289.8939  VDWAALS    =      5283.2543
 EELEC  =    -63000.1073  EHBOND  =         0.0000  RESTRAINT  =        79.3383
 EAMBER (non-restraint)  =    -48224.7854
 ------------------------------------------------------------------------------

wrapping first mol.:       20.88048       29.52946       51.14652
wrapping first mol.:       20.88048       29.52946       51.14652

 NSTEP =    47500   TIME(PS) =    1435.000  TEMP(K) =   300.36  PRESS =     0.0
 Etot   =    -37939.9640  EKtot   =     10035.1504  EPtot      =    -47975.1143
 BOND   =       365.0847  ANGLE   =      1045.8006  DIHED      =      1368.0178
 1-4 NB =       446.6090  1-4 EEL =      6296.0300  VDWAALS    =      5638.4438
 EELEC  =    -63218.3700  EHBOND  =         0.0000  RESTRAINT  =        83.2697
 EAMBER (non-restraint)  =    -48058.3840
 ------------------------------------------------------------------------------

wrapping first mol.:       20.88048       29.52946       51.14652
wrapping first mol.:       20.88048       29.52946       51.14652

 NSTEP =    48000   TIME(PS) =    1436.000  TEMP(K) =   300.34  PRESS =     0.0
 Etot   =    -37927.0017  EKtot   =     10034.5898  EPtot      =    -47961.5915
 BOND   =       359.6291  ANGLE   =      1120.9918  DIHED      =      1357.3006
 1-4 NB =       433.0017  1-4 EEL =      6302.4516  VDWAALS    =      5358.0869
 EELEC  =    -62973.6586  EHBOND  =         0.0000  RESTRAINT  =        80.6053
 EAMBER (non-restraint)  =    -48042.1968
 ------------------------------------------------------------------------------

wrapping first mol.:       20.88048       29.52946       51.14652
wrapping first mol.:       20.88048       29.52946       51.14652

 NSTEP =    48500   TIME(PS) =    1437.000  TEMP(K) =   298.19  PRESS =     0.0
 Etot   =    -38144.6443  EKtot   =      9962.8555  EPtot      =    -48107.4998
 BOND   =       352.3047  ANGLE   =      1016.3853  DIHED      =      1355.8663
 1-4 NB =       450.5111  1-4 EEL =      6335.9163  VDWAALS    =      5583.8438
 EELEC  =    -63286.8298  EHBOND  =         0.0000  RESTRAINT  =        84.5024
 EAMBER (non-restraint)  =    -48192.0023
 ------------------------------------------------------------------------------

wrapping first mol.:       20.88048       29.52946       51.14652
wrapping first mol.:       20.88048       29.52946       51.14652

 NSTEP =    49000   TIME(PS) =    1438.000  TEMP(K) =   300.09  PRESS =     0.0
 Etot   =    -38024.7558  EKtot   =     10026.0928  EPtot      =    -48050.8485
 BOND   =       389.0662  ANGLE   =      1099.9863  DIHED      =      1356.8592
 1-4 NB =       439.7214  1-4 EEL =      6274.6365  VDWAALS    =      5533.6635
 EELEC  =    -63225.5149  EHBOND  =         0.0000  RESTRAINT  =        80.7333
 EAMBER (non-restraint)  =    -48131.5819
 ------------------------------------------------------------------------------

wrapping first mol.:       20.88048       29.52946       51.14652
wrapping first mol.:       20.88048       29.52946       51.14652

 NSTEP =    49500   TIME(PS) =    1439.000  TEMP(K) =   302.13  PRESS =     0.0
 Etot   =    -38194.1917  EKtot   =     10094.3984  EPtot      =    -48288.5901
 BOND   =       321.9258  ANGLE   =      1010.4474  DIHED      =      1366.1890
 1-4 NB =       465.1559  1-4 EEL =      6353.2002  VDWAALS    =      5567.8410
 EELEC  =    -63452.1512  EHBOND  =         0.0000  RESTRAINT  =        78.8019
 EAMBER (non-restraint)  =    -48367.3920
 ------------------------------------------------------------------------------

wrapping first mol.:       20.88048       29.52946       51.14652
wrapping first mol.:       20.88048       29.52946       51.14652

 NSTEP =    50000   TIME(PS) =    1440.000  TEMP(K) =   301.08  PRESS =     0.0
 Etot   =    -38146.1904  EKtot   =     10059.1436  EPtot      =    -48205.3339
 BOND   =       317.0951  ANGLE   =      1062.0573  DIHED      =      1339.4758
 1-4 NB =       437.4886  1-4 EEL =      6301.4465  VDWAALS    =      5284.1040
 EELEC  =    -63021.6389  EHBOND  =         0.0000  RESTRAINT  =        74.6376
 EAMBER (non-restraint)  =    -48279.9715
 ------------------------------------------------------------------------------


      A V E R A G E S   O V E R     100 S T E P S


 NSTEP =    50000   TIME(PS) =    1440.000  TEMP(K) =   299.99  PRESS =     0.0
 Etot   =    -38063.6296  EKtot   =     10022.8376  EPtot      =    -48086.4672
 BOND   =       350.6768  ANGLE   =      1059.8500  DIHED      =      1354.4024
 1-4 NB =       450.0862  1-4 EEL =      6306.4138  VDWAALS    =      5429.2470
 EELEC  =    -63118.3016  EHBOND  =         0.0000  RESTRAINT  =        81.1581
 EAMBER (non-restraint)  =    -48167.6253
 ------------------------------------------------------------------------------


      R M S  F L U C T U A T I O N S


 NSTEP =    50000   TIME(PS) =    1440.000  TEMP(K) =     2.22  PRESS =     0.0
 Etot   =       123.8442  EKtot   =        74.1518  EPtot      =       106.3030
 BOND   =        17.4240  ANGLE   =        27.4699  DIHED      =        13.5895
 1-4 NB =         8.4302  1-4 EEL =        21.3268  VDWAALS    =       107.7014
 EELEC  =       165.9330  EHBOND  =         0.0000  RESTRAINT  =         4.9858
 EAMBER (non-restraint)  =       101.3173
 ------------------------------------------------------------------------------

--------------------------------------------------------------------------------
   5.  TIMINGS
--------------------------------------------------------------------------------

|  NonSetup CPU Time in Major Routines:
|
|     Routine           Sec        %
|     ------------------------------
|     Nonbond          13.74   35.80
|     Bond              0.00    0.00
|     Angle             0.00    0.00
|     Dihedral          0.00    0.00
|     Shake             0.91    2.37
|     RunMD            23.68   61.70
|     Other             0.05    0.14
|     ------------------------------
|     Total            38.37

|  PME Nonbond Pairlist CPU Time:
|
|     Routine              Sec        %
|     ---------------------------------
|     Set Up Cit           0.00    0.00
|     Build List           0.00    0.00
|     ---------------------------------
|     Total                0.00    0.00

|  PME Direct Force CPU Time:
|
|     Routine              Sec        %
|     ---------------------------------
|     NonBonded Calc       0.00    0.00
|     Exclude Masked       0.00    0.00
|     Other                0.02    0.04
|     ---------------------------------
|     Total                0.02    0.04

|  PME Reciprocal Force CPU Time:
|
|     Routine              Sec        %
|     ---------------------------------
|     1D bspline           0.00    0.00
|     Grid Charges         0.00    0.00
|     Scalar Sum           0.00    0.00
|     Gradient Sum         0.00    0.00
|     FFT                  0.00    0.00
|     ---------------------------------
|     Total                0.00    0.00

|  Final Performance Info:
|     -----------------------------------------------------
|     Average timings for last   49500 steps:
|     Elapsed(s) =      37.98 Per Step(ms) =       0.77
|         ns/day =     225.21   seconds/ns =     383.64
|
|     Average timings for all steps:
|     Elapsed(s) =      38.39 Per Step(ms) =       0.77
|         ns/day =     225.08   seconds/ns =     383.87
|     -----------------------------------------------------

|  Setup CPU time:            2.72 seconds
|  NonSetup CPU time:        38.37 seconds
|  Total CPU time:           41.09 seconds     0.01 hours

|  Setup wall time:           3    seconds
|  NonSetup wall time:       38    seconds
|  Total wall time:          41    seconds     0.01 hours
