
          -------------------------------------------------------
          Amber 16 PMEMD                              2016
          -------------------------------------------------------

| PMEMD implementation of SANDER, Release 16

| Run on 11/17/2017 at 08:25:58

|   Executable path: /apps/amber16/bin/pmemd.cuda
| Working directory: /home/pbarletta
|          Hostname: mordor

  [-O]verwriting output

File Assignments:
|   MDIN: /scratch/pbarletta/cph_obp/run/eol/mhe/e/14equ.in                     
|  MDOUT: /scratch/pbarletta/cph_obp/run/eol/mhe/e/14equ.out                    
| INPCRD: /scratch/pbarletta/cph_obp/run/eol/mhe/e/13eeol.rst7                  
|   PARM: /scratch/pbarletta/cph_obp/top_files/eol.prmtop                       
| RESTRT: /scratch/pbarletta/cph_obp/run/eol/mhe/e/14eeol.rst7                  
|   REFC: /scratch/pbarletta/cph_obp/run/eol/mhe/e/13eeol.rst7                  
|  MDVEL: mdvel                                                                 
|   MDEN: mden                                                                  
|  MDCRD: /scratch/pbarletta/cph_obp/run/eol/mhe/e/14eeol.nc                    
| MDINFO: mdinfo                                                                
|  MDFRC: mdfrc                                                                 


 Here is the input file:

Equilibration with solute restrictions                                         
&cntrl                                                                         
imin = 0,                           ! No Minimization                          
nmropt = 0,                         ! No NMR restraints read                   
                                                                               
! Nature and format of the input                                               
ntx = 5,                            ! Coordinates but no velocities will be rea
irest = 1,                          ! Do not run a new simulation              
                                                                               
! Nature and format of the output                                              
ntxo = 1,                           ! rstrt file in ASCII format               
ntpr = 500,                         ! inf in output every ntpr steps           
ntwr = 500,                         ! rstrt file every ntwr steps              
ntwx = 500,                         ! mdcrd file every ntwx steps              
ntwv = 0,                           ! mdvel without velocities                 
ntwe = 0,                           ! Energies and temperatures not written in 
idecomp = 0,                        ! No energy decomposition                  
iwrap = 1,                          ! Coordinates of the restart and mdcrd file
                                                                               
! Frozen or restrained atoms                                                   
ibelly = 0,                         ! No frozen atoms                          
ntr=1,                              ! Harmonic potential restraints            
restraint_wt = 3.0,                ! The weight for the positional restraints  
restraintmask = ':1-120@N,CA,C,O',  ! restrained residues                      
                                                                               
! Molecular dynamics                                                           
nstlim = 50000,                     ! Number of MD-steps                       
dt = 0.002,                         ! Time step                                
                                                                               
! Temperature regulation                                                       
ntt = 3,                            ! Langevin thermostat                      
gamma_ln = 5,                       ! Gamma constant for Langevin              
temp0 = 300.0,                      ! Reference T at which the system is to be 
tempi = 300.0,                      ! Initial T                                
ig = -1,                            ! Seed for the RNG                         
                                                                               
! P and V regulation                                                           
ntp = 0,                            ! No pressure control                      
ntb = 1,                            ! Periodic box for constant V              
                                                                               
! SHAKE variables                                                              
ntc = 2,                            ! Bonds involving H are constrained        
ntf = 2,                            ! Bond interaction involving H are ommited.
                                                                               
cut = 10.0,                         ! Nonbonded cutoff                         
                                                                               
/                                                                              
&end                                                                           


Note: ig = -1. Setting random seed to   418341 based on wallclock time in 
      microseconds.
| irandom = 1, using AMBER's internal random number generator (default).
 
|--------------------- INFORMATION ----------------------
| GPU (CUDA) Version of PMEMD in use: NVIDIA GPU IN USE.
|                    Version 16.0.0
| 
|                      02/25/2016
| 
| Implementation by:
|                    Ross C. Walker     (SDSC)
|                    Scott Le Grand     (nVIDIA)
| 
| Precision model in use:
|      [SPFP] - Single Precision Forces, 64-bit Fixed Point
|               Accumulation. (Default)
| 
|--------------------------------------------------------
 
|----------------- CITATION INFORMATION -----------------
|
|    When publishing work that utilized the CUDA version
|    of AMBER, please cite the following in addition to
|    the regular AMBER citations:
|
|  - Romelia Salomon-Ferrer; Andreas W. Goetz; Duncan
|    Poole; Scott Le Grand; Ross C. Walker "Routine
|    microsecond molecular dynamics simulations with
|    AMBER - Part II: Particle Mesh Ewald", J. Chem.
|    Theory Comput., 2013, 9 (9), pp3878-3888,
|    DOI: 10.1021/ct400314y.
|
|  - Andreas W. Goetz; Mark J. Williamson; Dong Xu;
|    Duncan Poole; Scott Le Grand; Ross C. Walker
|    "Routine microsecond molecular dynamics simulations
|    with AMBER - Part I: Generalized Born", J. Chem.
|    Theory Comput., 2012, 8 (5), pp1542-1555.
|
|  - Scott Le Grand; Andreas W. Goetz; Ross C. Walker
|    "SPFP: Speed without compromise - a mixed precision
|    model for GPU accelerated molecular dynamics
|    simulations.", Comp. Phys. Comm., 2013, 184
|    pp374-380, DOI: 10.1016/j.cpc.2012.09.022
|
|--------------------------------------------------------
 
|------------------- GPU DEVICE INFO --------------------
|
|            CUDA_VISIBLE_DEVICES: 2
|   CUDA Capable Devices Detected:      1
|           CUDA Device ID in use:      0
|                CUDA Device Name: GeForce GTX 1080 Ti
|     CUDA Device Global Mem Size:  11172 MB
| CUDA Device Num Multiprocessors:     28
|           CUDA Device Core Freq:   1.58 GHz
|
|--------------------------------------------------------
 
 
| Conditional Compilation Defines Used:
| PUBFFT
| BINTRAJ
| CUDA
| EMIL

| Largest sphere to fit in unit cell has radius =    25.573

| New format PARM file being parsed.
| Version =    1.000 Date = 11/14/17 Time = 21:40:14

| Note: 1-4 EEL scale factors are being read from the topology file.

| Note: 1-4 VDW scale factors are being read from the topology file.
| Duplicated    0 dihedrals

| Duplicated    0 dihedrals

--------------------------------------------------------------------------------
   1.  RESOURCE   USE: 
--------------------------------------------------------------------------------

 getting new box info from bottom of inpcrd
 NATOM  =   16335 NTYPES =      18 NBONH =   15379 MBONA  =     963
 NTHETH =    2359 MTHETA =    1293 NPHIH =    4500 MPHIA  =    3265
 NHPARM =       0 NPARM  =       0 NNB   =   30156 NRES   =    4896
 NBONA  =     963 NTHETA =    1293 NPHIA =    3265 NUMBND =      51
 NUMANG =     105 NPTRA  =      41 NATYP =      35 NPHB   =       1
 IFBOX  =       2 NMXRS  =      24 IFCAP =       0 NEXTRA =       0
 NCOPY  =       0

| Coordinate Index Table dimensions:    10   10   10
| Direct force subcell size =     6.2641    6.2641    6.2641

     BOX TYPE: TRUNCATED OCTAHEDRON

--------------------------------------------------------------------------------
   2.  CONTROL  DATA  FOR  THE  RUN
--------------------------------------------------------------------------------

default_name                                                                    

General flags:
     imin    =       0, nmropt  =       0

Nature and format of input:
     ntx     =       5, irest   =       1, ntrx    =       1

Nature and format of output:
     ntxo    =       1, ntpr    =     500, ntrx    =       1, ntwr    =     500
     iwrap   =       1, ntwx    =     500, ntwv    =       0, ntwe    =       0
     ioutfm  =       1, ntwprt  =       0, idecomp =       0, rbornstat=      0

Potential function:
     ntf     =       2, ntb     =       1, igb     =       0, nsnb    =      25
     ipol    =       0, gbsa    =       0, iesp    =       0
     dielc   =   1.00000, cut     =  10.00000, intdiel =   1.00000

Frozen or restrained atoms:
     ibelly  =       0, ntr     =       1
     restraint_wt =   3.00000

Molecular dynamics:
     nstlim  =     50000, nscm    =         0, nrespa  =         1
     t       =   0.00000, dt      =   0.00200, vlimit  =  -1.00000

Langevin dynamics temperature regulation:
     ig      =  418341
     temp0   = 300.00000, tempi   = 300.00000, gamma_ln=   5.00000

SHAKE:
     ntc     =       2, jfastw  =       0
     tol     =   0.00001

| Intermolecular bonds treatment:
|     no_intermolecular_bonds =       1

| Energy averages sample interval:
|     ene_avg_sampling =     500

Ewald parameters:
     verbose =       0, ew_type =       0, nbflag  =       1, use_pme =       1
     vdwmeth =       1, eedmeth =       1, netfrc  =       1
     Box X =   62.641   Box Y =   62.641   Box Z =   62.641
     Alpha =  109.471   Beta  =  109.471   Gamma =  109.471
     NFFT1 =   64       NFFT2 =   64       NFFT3 =   64
     Cutoff=   10.000   Tol   =0.100E-04
     Ewald Coefficient =  0.27511
     Interpolation order =    4

    LOADING THE CONSTRAINED ATOMS AS GROUPS


   5.  REFERENCE ATOM COORDINATES

  default_name                                                                    
     Mask :1-120@N,CA,C,O; matches   476 atoms

--------------------------------------------------------------------------------
   3.  ATOMIC COORDINATES AND VELOCITIES
--------------------------------------------------------------------------------

default_name                                                                    
 begin time read from input coords =  1440.000 ps

 
 Number of triangulated 3-point waters found:     4775

     Sum of charges from parm topology file =  -0.00000006
     Forcing neutrality...

| Dynamic Memory, Types Used:
| Reals              619308
| Integers           586628

| Nonbonded Pairs Initial Allocation:     4940929

| GPU memory information (estimate):
| KB of GPU memory in use:    123232
| KB of CPU memory in use:     26926

--------------------------------------------------------------------------------
   4.  RESULTS
--------------------------------------------------------------------------------

 ---------------------------------------------------
 APPROXIMATING switch and d/dx switch using CUBIC SPLINE INTERPOLATION
 using   5000.0 points per unit in tabled values
 TESTING RELATIVE ERROR over r ranging from 0.0 to cutoff
| CHECK switch(x): max rel err =   0.2738E-14   at   2.422500
| CHECK d/dx switch(x): max rel err =   0.8314E-11   at   2.736960
 ---------------------------------------------------
|---------------------------------------------------
| APPROXIMATING direct energy using CUBIC SPLINE INTERPOLATION
|  with   50.0 points per unit in tabled values
| Relative Error Limit not exceeded for r .gt.   2.33
| APPROXIMATING direct force using CUBIC SPLINE INTERPOLATION
|  with   50.0 points per unit in tabled values
| Relative Error Limit not exceeded for r .gt.   2.80
|---------------------------------------------------
wrapping first mol.:       20.88048       29.52946       51.14652
wrapping first mol.:       20.88048       29.52946       51.14652

 NSTEP =      500   TIME(PS) =    1441.000  TEMP(K) =   299.94  PRESS =     0.0
 Etot   =    -38216.6407  EKtot   =     10021.2686  EPtot      =    -48237.9093
 BOND   =       328.5795  ANGLE   =      1040.3693  DIHED      =      1350.9616
 1-4 NB =       465.5450  1-4 EEL =      6326.1869  VDWAALS    =      5424.7680
 EELEC  =    -63250.0131  EHBOND  =         0.0000  RESTRAINT  =        75.6936
 EAMBER (non-restraint)  =    -48313.6029
 ------------------------------------------------------------------------------

wrapping first mol.:       20.88048       29.52946       51.14652
wrapping first mol.:       20.88048       29.52946       51.14652

 NSTEP =     1000   TIME(PS) =    1442.000  TEMP(K) =   303.49  PRESS =     0.0
 Etot   =    -37848.6377  EKtot   =     10139.9346  EPtot      =    -47988.5723
 BOND   =       360.9518  ANGLE   =      1080.1524  DIHED      =      1342.8144
 1-4 NB =       453.3950  1-4 EEL =      6314.9629  VDWAALS    =      5578.2660
 EELEC  =    -63189.1034  EHBOND  =         0.0000  RESTRAINT  =        69.9886
 EAMBER (non-restraint)  =    -48058.5609
 ------------------------------------------------------------------------------

wrapping first mol.:       20.88048       29.52946       51.14652
wrapping first mol.:       20.88048       29.52946       51.14652

 NSTEP =     1500   TIME(PS) =    1443.000  TEMP(K) =   304.16  PRESS =     0.0
 Etot   =    -37950.7536  EKtot   =     10162.2490  EPtot      =    -48113.0026
 BOND   =       377.1540  ANGLE   =      1063.9225  DIHED      =      1343.0170
 1-4 NB =       441.9530  1-4 EEL =      6309.0420  VDWAALS    =      5421.4947
 EELEC  =    -63139.0355  EHBOND  =         0.0000  RESTRAINT  =        69.4497
 EAMBER (non-restraint)  =    -48182.4523
 ------------------------------------------------------------------------------

wrapping first mol.:       20.88048       29.52946       51.14652
wrapping first mol.:       20.88048       29.52946       51.14652

 NSTEP =     2000   TIME(PS) =    1444.000  TEMP(K) =   302.92  PRESS =     0.0
 Etot   =    -37916.9827  EKtot   =     10120.8965  EPtot      =    -48037.8792
 BOND   =       390.4048  ANGLE   =      1078.4670  DIHED      =      1350.2292
 1-4 NB =       442.6418  1-4 EEL =      6302.5283  VDWAALS    =      5303.9694
 EELEC  =    -62972.8899  EHBOND  =         0.0000  RESTRAINT  =        66.7702
 EAMBER (non-restraint)  =    -48104.6494
 ------------------------------------------------------------------------------

wrapping first mol.:       20.88048       29.52946       51.14652
wrapping first mol.:       20.88048       29.52946       51.14652

 NSTEP =     2500   TIME(PS) =    1445.000  TEMP(K) =   297.88  PRESS =     0.0
 Etot   =    -38084.2956  EKtot   =      9952.3848  EPtot      =    -48036.6803
 BOND   =       372.4003  ANGLE   =      1050.2223  DIHED      =      1357.5605
 1-4 NB =       445.1177  1-4 EEL =      6315.3645  VDWAALS    =      5270.8083
 EELEC  =    -62923.5235  EHBOND  =         0.0000  RESTRAINT  =        75.3696
 EAMBER (non-restraint)  =    -48112.0500
 ------------------------------------------------------------------------------

wrapping first mol.:       20.88048       29.52946       51.14652
wrapping first mol.:       20.88048       29.52946       51.14652

 NSTEP =     3000   TIME(PS) =    1446.000  TEMP(K) =   299.44  PRESS =     0.0
 Etot   =    -38115.8596  EKtot   =     10004.3662  EPtot      =    -48120.2258
 BOND   =       385.1249  ANGLE   =      1068.7043  DIHED      =      1355.6591
 1-4 NB =       441.0083  1-4 EEL =      6306.8543  VDWAALS    =      5657.6946
 EELEC  =    -63397.5867  EHBOND  =         0.0000  RESTRAINT  =        62.3154
 EAMBER (non-restraint)  =    -48182.5412
 ------------------------------------------------------------------------------

wrapping first mol.:       20.88048       29.52946       51.14652
wrapping first mol.:       20.88048       29.52946       51.14652

 NSTEP =     3500   TIME(PS) =    1447.000  TEMP(K) =   299.61  PRESS =     0.0
 Etot   =    -38080.3313  EKtot   =     10010.1133  EPtot      =    -48090.4445
 BOND   =       347.1051  ANGLE   =      1103.2245  DIHED      =      1345.8272
 1-4 NB =       471.7164  1-4 EEL =      6293.0298  VDWAALS    =      5542.2396
 EELEC  =    -63252.1100  EHBOND  =         0.0000  RESTRAINT  =        58.5229
 EAMBER (non-restraint)  =    -48148.9674
 ------------------------------------------------------------------------------

wrapping first mol.:       20.88048       29.52946       51.14652
wrapping first mol.:       20.88048       29.52946       51.14652

 NSTEP =     4000   TIME(PS) =    1448.000  TEMP(K) =   300.55  PRESS =     0.0
 Etot   =    -38184.7593  EKtot   =     10041.7100  EPtot      =    -48226.4692
 BOND   =       339.7801  ANGLE   =      1060.9088  DIHED      =      1352.2540
 1-4 NB =       455.8477  1-4 EEL =      6301.6725  VDWAALS    =      5516.8160
 EELEC  =    -63318.4571  EHBOND  =         0.0000  RESTRAINT  =        64.7089
 EAMBER (non-restraint)  =    -48291.1781
 ------------------------------------------------------------------------------

wrapping first mol.:       20.88048       29.52946       51.14652
wrapping first mol.:       20.88048       29.52946       51.14652

 NSTEP =     4500   TIME(PS) =    1449.000  TEMP(K) =   300.94  PRESS =     0.0
 Etot   =    -37924.3274  EKtot   =     10054.7314  EPtot      =    -47979.0588
 BOND   =       348.0735  ANGLE   =      1053.8377  DIHED      =      1367.7667
 1-4 NB =       454.1917  1-4 EEL =      6329.7702  VDWAALS    =      5454.7663
 EELEC  =    -63051.9086  EHBOND  =         0.0000  RESTRAINT  =        64.4438
 EAMBER (non-restraint)  =    -48043.5026
 ------------------------------------------------------------------------------

wrapping first mol.:       20.88048       29.52946       51.14652
wrapping first mol.:       20.88048       29.52946       51.14652

 NSTEP =     5000   TIME(PS) =    1450.000  TEMP(K) =   298.81  PRESS =     0.0
 Etot   =    -38158.7073  EKtot   =      9983.2832  EPtot      =    -48141.9905
 BOND   =       344.6537  ANGLE   =      1089.6460  DIHED      =      1342.5500
 1-4 NB =       452.3443  1-4 EEL =      6299.0063  VDWAALS    =      5375.0319
 EELEC  =    -63116.4903  EHBOND  =         0.0000  RESTRAINT  =        71.2674
 EAMBER (non-restraint)  =    -48213.2580
 ------------------------------------------------------------------------------

wrapping first mol.:       20.88048       29.52946       51.14652
wrapping first mol.:       20.88048       29.52946       51.14652

 NSTEP =     5500   TIME(PS) =    1451.000  TEMP(K) =   299.70  PRESS =     0.0
 Etot   =    -38252.9698  EKtot   =     10013.2764  EPtot      =    -48266.2462
 BOND   =       342.9044  ANGLE   =      1014.3306  DIHED      =      1378.2717
 1-4 NB =       457.8327  1-4 EEL =      6342.5793  VDWAALS    =      5345.4447
 EELEC  =    -63213.1744  EHBOND  =         0.0000  RESTRAINT  =        65.5648
 EAMBER (non-restraint)  =    -48331.8110
 ------------------------------------------------------------------------------

wrapping first mol.:       20.88048       29.52946       51.14652
wrapping first mol.:       20.88048       29.52946       51.14652

 NSTEP =     6000   TIME(PS) =    1452.000  TEMP(K) =   297.07  PRESS =     0.0
 Etot   =    -38241.7341  EKtot   =      9925.2656  EPtot      =    -48166.9997
 BOND   =       347.5895  ANGLE   =      1072.4067  DIHED      =      1345.7252
 1-4 NB =       451.8585  1-4 EEL =      6307.7427  VDWAALS    =      5606.4580
 EELEC  =    -63369.8927  EHBOND  =         0.0000  RESTRAINT  =        71.1124
 EAMBER (non-restraint)  =    -48238.1121
 ------------------------------------------------------------------------------

wrapping first mol.:       20.88048       29.52946       51.14652
wrapping first mol.:       20.88048       29.52946       51.14652

 NSTEP =     6500   TIME(PS) =    1453.000  TEMP(K) =   298.00  PRESS =     0.0
 Etot   =    -38204.6379  EKtot   =      9956.2236  EPtot      =    -48160.8615
 BOND   =       346.7791  ANGLE   =      1064.6529  DIHED      =      1355.1794
 1-4 NB =       453.9586  1-4 EEL =      6311.9755  VDWAALS    =      5431.5573
 EELEC  =    -63194.4491  EHBOND  =         0.0000  RESTRAINT  =        69.4848
 EAMBER (non-restraint)  =    -48230.3463
 ------------------------------------------------------------------------------

wrapping first mol.:       20.88048       29.52946       51.14652
wrapping first mol.:       20.88048       29.52946       51.14652

 NSTEP =     7000   TIME(PS) =    1454.000  TEMP(K) =   300.52  PRESS =     0.0
 Etot   =    -38108.5356  EKtot   =     10040.7344  EPtot      =    -48149.2699
 BOND   =       366.7163  ANGLE   =      1081.1651  DIHED      =      1324.7062
 1-4 NB =       449.9813  1-4 EEL =      6289.3054  VDWAALS    =      5453.0119
 EELEC  =    -63187.0620  EHBOND  =         0.0000  RESTRAINT  =        72.9058
 EAMBER (non-restraint)  =    -48222.1757
 ------------------------------------------------------------------------------

wrapping first mol.:       20.88048       29.52946       51.14652
wrapping first mol.:       20.88048       29.52946       51.14652

 NSTEP =     7500   TIME(PS) =    1455.000  TEMP(K) =   302.11  PRESS =     0.0
 Etot   =    -37980.4874  EKtot   =     10093.8428  EPtot      =    -48074.3302
 BOND   =       337.0376  ANGLE   =      1058.7632  DIHED      =      1360.4438
 1-4 NB =       449.7484  1-4 EEL =      6321.9197  VDWAALS    =      5266.9705
 EELEC  =    -62939.2969  EHBOND  =         0.0000  RESTRAINT  =        70.0835
 EAMBER (non-restraint)  =    -48144.4137
 ------------------------------------------------------------------------------

wrapping first mol.:       20.88048       29.52946       51.14652
wrapping first mol.:       20.88048       29.52946       51.14652

 NSTEP =     8000   TIME(PS) =    1456.000  TEMP(K) =   305.00  PRESS =     0.0
 Etot   =    -38061.8763  EKtot   =     10190.2471  EPtot      =    -48252.1233
 BOND   =       346.5606  ANGLE   =       981.6072  DIHED      =      1348.1532
 1-4 NB =       447.4883  1-4 EEL =      6288.3823  VDWAALS    =      5563.0309
 EELEC  =    -63300.7540  EHBOND  =         0.0000  RESTRAINT  =        73.4081
 EAMBER (non-restraint)  =    -48325.5314
 ------------------------------------------------------------------------------

wrapping first mol.:       20.88048       29.52946       51.14652
wrapping first mol.:       20.88048       29.52946       51.14652

 NSTEP =     8500   TIME(PS) =    1457.000  TEMP(K) =   301.57  PRESS =     0.0
 Etot   =    -38045.8358  EKtot   =     10075.8154  EPtot      =    -48121.6512
 BOND   =       363.6354  ANGLE   =      1082.0023  DIHED      =      1347.1105
 1-4 NB =       432.1929  1-4 EEL =      6293.1236  VDWAALS    =      5348.1089
 EELEC  =    -63069.7560  EHBOND  =         0.0000  RESTRAINT  =        81.9312
 EAMBER (non-restraint)  =    -48203.5824
 ------------------------------------------------------------------------------

wrapping first mol.:       20.88048       29.52946       51.14652
wrapping first mol.:       20.88048       29.52946       51.14652

 NSTEP =     9000   TIME(PS) =    1458.000  TEMP(K) =   296.71  PRESS =     0.0
 Etot   =    -37949.9898  EKtot   =      9913.1133  EPtot      =    -47863.1031
 BOND   =       354.3892  ANGLE   =      1071.4763  DIHED      =      1347.2696
 1-4 NB =       445.4661  1-4 EEL =      6308.3087  VDWAALS    =      5145.4498
 EELEC  =    -62605.9996  EHBOND  =         0.0000  RESTRAINT  =        70.5369
 EAMBER (non-restraint)  =    -47933.6400
 ------------------------------------------------------------------------------

wrapping first mol.:       20.88048       29.52946       51.14652
wrapping first mol.:       20.88048       29.52946       51.14652

 NSTEP =     9500   TIME(PS) =    1459.000  TEMP(K) =   300.06  PRESS =     0.0
 Etot   =    -38088.8422  EKtot   =     10025.0605  EPtot      =    -48113.9028
 BOND   =       371.6628  ANGLE   =      1094.3796  DIHED      =      1360.8045
 1-4 NB =       446.0529  1-4 EEL =      6310.6260  VDWAALS    =      5403.1170
 EELEC  =    -63172.3258  EHBOND  =         0.0000  RESTRAINT  =        71.7803
 EAMBER (non-restraint)  =    -48185.6831
 ------------------------------------------------------------------------------

wrapping first mol.:       20.88048       29.52946       51.14652
wrapping first mol.:       20.88048       29.52946       51.14652

 NSTEP =    10000   TIME(PS) =    1460.000  TEMP(K) =   295.43  PRESS =     0.0
 Etot   =    -38335.8579  EKtot   =      9870.4688  EPtot      =    -48206.3267
 BOND   =       349.7950  ANGLE   =      1050.7563  DIHED      =      1336.3624
 1-4 NB =       457.5618  1-4 EEL =      6313.3021  VDWAALS    =      5446.9198
 EELEC  =    -63241.1630  EHBOND  =         0.0000  RESTRAINT  =        80.1389
 EAMBER (non-restraint)  =    -48286.4656
 ------------------------------------------------------------------------------

wrapping first mol.:       20.88048       29.52946       51.14652
wrapping first mol.:       20.88048       29.52946       51.14652

 NSTEP =    10500   TIME(PS) =    1461.000  TEMP(K) =   298.74  PRESS =     0.0
 Etot   =    -38124.1354  EKtot   =      9981.2295  EPtot      =    -48105.3649
 BOND   =       373.1850  ANGLE   =      1032.9537  DIHED      =      1320.6052
 1-4 NB =       450.9477  1-4 EEL =      6321.2692  VDWAALS    =      5559.5548
 EELEC  =    -63237.6015  EHBOND  =         0.0000  RESTRAINT  =        73.7210
 EAMBER (non-restraint)  =    -48179.0859
 ------------------------------------------------------------------------------

wrapping first mol.:       20.88048       29.52946       51.14652
wrapping first mol.:       20.88048       29.52946       51.14652

 NSTEP =    11000   TIME(PS) =    1462.000  TEMP(K) =   297.09  PRESS =     0.0
 Etot   =    -38217.2756  EKtot   =      9925.8496  EPtot      =    -48143.1252
 BOND   =       348.8939  ANGLE   =      1040.8125  DIHED      =      1355.4578
 1-4 NB =       451.1665  1-4 EEL =      6336.9831  VDWAALS    =      5169.3132
 EELEC  =    -62910.5612  EHBOND  =         0.0000  RESTRAINT  =        64.8090
 EAMBER (non-restraint)  =    -48207.9342
 ------------------------------------------------------------------------------

wrapping first mol.:       20.88048       29.52946       51.14652
wrapping first mol.:       20.88048       29.52946       51.14652

 NSTEP =    11500   TIME(PS) =    1463.000  TEMP(K) =   300.89  PRESS =     0.0
 Etot   =    -37890.2830  EKtot   =     10053.0791  EPtot      =    -47943.3621
 BOND   =       372.6820  ANGLE   =      1072.9684  DIHED      =      1361.0189
 1-4 NB =       435.1924  1-4 EEL =      6340.2461  VDWAALS    =      5386.4179
 EELEC  =    -62984.4291  EHBOND  =         0.0000  RESTRAINT  =        72.5413
 EAMBER (non-restraint)  =    -48015.9034
 ------------------------------------------------------------------------------

wrapping first mol.:       20.88048       29.52946       51.14652
wrapping first mol.:       20.88048       29.52946       51.14652

 NSTEP =    12000   TIME(PS) =    1464.000  TEMP(K) =   306.06  PRESS =     0.0
 Etot   =    -37803.4481  EKtot   =     10225.7354  EPtot      =    -48029.1834
 BOND   =       350.4895  ANGLE   =      1045.2065  DIHED      =      1348.1167
 1-4 NB =       450.3869  1-4 EEL =      6336.0115  VDWAALS    =      5258.3038
 EELEC  =    -62889.7413  EHBOND  =         0.0000  RESTRAINT  =        72.0429
 EAMBER (non-restraint)  =    -48101.2263
 ------------------------------------------------------------------------------

wrapping first mol.:       20.88048       29.52946       51.14652
wrapping first mol.:       20.88048       29.52946       51.14652

 NSTEP =    12500   TIME(PS) =    1465.000  TEMP(K) =   297.16  PRESS =     0.0
 Etot   =    -38089.8776  EKtot   =      9928.2051  EPtot      =    -48018.0827
 BOND   =       369.3843  ANGLE   =      1046.6393  DIHED      =      1332.5680
 1-4 NB =       440.9547  1-4 EEL =      6329.3468  VDWAALS    =      5518.4880
 EELEC  =    -63126.0189  EHBOND  =         0.0000  RESTRAINT  =        70.5550
 EAMBER (non-restraint)  =    -48088.6377
 ------------------------------------------------------------------------------

wrapping first mol.:       20.88048       29.52946       51.14652
wrapping first mol.:       20.88048       29.52946       51.14652

 NSTEP =    13000   TIME(PS) =    1466.000  TEMP(K) =   296.64  PRESS =     0.0
 Etot   =    -38077.0717  EKtot   =      9910.9189  EPtot      =    -47987.9906
 BOND   =       336.0053  ANGLE   =      1140.6084  DIHED      =      1335.9040
 1-4 NB =       429.5878  1-4 EEL =      6259.3633  VDWAALS    =      5439.1593
 EELEC  =    -62995.5039  EHBOND  =         0.0000  RESTRAINT  =        66.8853
 EAMBER (non-restraint)  =    -48054.8759
 ------------------------------------------------------------------------------

wrapping first mol.:       20.88048       29.52946       51.14652
wrapping first mol.:       20.88048       29.52946       51.14652

 NSTEP =    13500   TIME(PS) =    1467.000  TEMP(K) =   301.01  PRESS =     0.0
 Etot   =    -38050.8177  EKtot   =     10057.0352  EPtot      =    -48107.8528
 BOND   =       407.8027  ANGLE   =      1031.5758  DIHED      =      1348.4376
 1-4 NB =       460.2029  1-4 EEL =      6329.4703  VDWAALS    =      5431.1710
 EELEC  =    -63188.6129  EHBOND  =         0.0000  RESTRAINT  =        72.0999
 EAMBER (non-restraint)  =    -48179.9527
 ------------------------------------------------------------------------------

wrapping first mol.:       20.88048       29.52946       51.14652
wrapping first mol.:       20.88048       29.52946       51.14652

 NSTEP =    14000   TIME(PS) =    1468.000  TEMP(K) =   300.83  PRESS =     0.0
 Etot   =    -38153.8320  EKtot   =     10050.9834  EPtot      =    -48204.8154
 BOND   =       341.1565  ANGLE   =      1124.6791  DIHED      =      1331.8423
 1-4 NB =       468.9690  1-4 EEL =      6301.4564  VDWAALS    =      5495.8996
 EELEC  =    -63342.2408  EHBOND  =         0.0000  RESTRAINT  =        73.4225
 EAMBER (non-restraint)  =    -48278.2379
 ------------------------------------------------------------------------------

wrapping first mol.:       20.88048       29.52946       51.14652
wrapping first mol.:       20.88048       29.52946       51.14652

 NSTEP =    14500   TIME(PS) =    1469.000  TEMP(K) =   300.96  PRESS =     0.0
 Etot   =    -38005.3414  EKtot   =     10055.1650  EPtot      =    -48060.5064
 BOND   =       390.6653  ANGLE   =      1055.1043  DIHED      =      1333.4860
 1-4 NB =       434.7549  1-4 EEL =      6298.1268  VDWAALS    =      5249.2019
 EELEC  =    -62897.5488  EHBOND  =         0.0000  RESTRAINT  =        75.7032
 EAMBER (non-restraint)  =    -48136.2096
 ------------------------------------------------------------------------------

wrapping first mol.:       20.88048       29.52946       51.14652
wrapping first mol.:       20.88048       29.52946       51.14652

 NSTEP =    15000   TIME(PS) =    1470.000  TEMP(K) =   301.26  PRESS =     0.0
 Etot   =    -38034.4596  EKtot   =     10065.1299  EPtot      =    -48099.5895
 BOND   =       355.9305  ANGLE   =      1063.1901  DIHED      =      1340.0327
 1-4 NB =       441.0820  1-4 EEL =      6304.1354  VDWAALS    =      5397.0069
 EELEC  =    -63062.0294  EHBOND  =         0.0000  RESTRAINT  =        61.0623
 EAMBER (non-restraint)  =    -48160.6518
 ------------------------------------------------------------------------------

wrapping first mol.:       20.88048       29.52946       51.14652
wrapping first mol.:       20.88048       29.52946       51.14652

 NSTEP =    15500   TIME(PS) =    1471.000  TEMP(K) =   300.08  PRESS =     0.0
 Etot   =    -38126.4647  EKtot   =     10025.7598  EPtot      =    -48152.2244
 BOND   =       387.8549  ANGLE   =      1023.6703  DIHED      =      1357.4166
 1-4 NB =       426.2685  1-4 EEL =      6277.7821  VDWAALS    =      5339.2878
 EELEC  =    -63030.5071  EHBOND  =         0.0000  RESTRAINT  =        66.0024
 EAMBER (non-restraint)  =    -48218.2268
 ------------------------------------------------------------------------------

wrapping first mol.:       20.88048       29.52946       51.14652
wrapping first mol.:       20.88048       29.52946       51.14652

 NSTEP =    16000   TIME(PS) =    1472.000  TEMP(K) =   304.26  PRESS =     0.0
 Etot   =    -38036.4307  EKtot   =     10165.5322  EPtot      =    -48201.9629
 BOND   =       351.5073  ANGLE   =      1025.7769  DIHED      =      1363.5688
 1-4 NB =       462.4440  1-4 EEL =      6311.6818  VDWAALS    =      5513.0621
 EELEC  =    -63308.4837  EHBOND  =         0.0000  RESTRAINT  =        78.4800
 EAMBER (non-restraint)  =    -48280.4429
 ------------------------------------------------------------------------------

wrapping first mol.:       20.88048       29.52946       51.14652
wrapping first mol.:       20.88048       29.52946       51.14652

 NSTEP =    16500   TIME(PS) =    1473.000  TEMP(K) =   302.18  PRESS =     0.0
 Etot   =    -38120.1287  EKtot   =     10096.1504  EPtot      =    -48216.2791
 BOND   =       343.6076  ANGLE   =      1031.1025  DIHED      =      1334.0335
 1-4 NB =       450.9560  1-4 EEL =      6276.6044  VDWAALS    =      5326.0122
 EELEC  =    -63044.8022  EHBOND  =         0.0000  RESTRAINT  =        66.2069
 EAMBER (non-restraint)  =    -48282.4860
 ------------------------------------------------------------------------------

wrapping first mol.:       20.88048       29.52946       51.14652
wrapping first mol.:       20.88048       29.52946       51.14652

 NSTEP =    17000   TIME(PS) =    1474.000  TEMP(K) =   303.54  PRESS =     0.0
 Etot   =    -38015.3853  EKtot   =     10141.6279  EPtot      =    -48157.0133
 BOND   =       347.9481  ANGLE   =      1082.8745  DIHED      =      1369.7474
 1-4 NB =       435.2097  1-4 EEL =      6282.9678  VDWAALS    =      5423.6164
 EELEC  =    -63171.1350  EHBOND  =         0.0000  RESTRAINT  =        71.7578
 EAMBER (non-restraint)  =    -48228.7710
 ------------------------------------------------------------------------------

wrapping first mol.:       20.88048       29.52946       51.14652
wrapping first mol.:       20.88048       29.52946       51.14652

 NSTEP =    17500   TIME(PS) =    1475.000  TEMP(K) =   301.39  PRESS =     0.0
 Etot   =    -38153.6546  EKtot   =     10069.7266  EPtot      =    -48223.3812
 BOND   =       358.4516  ANGLE   =      1045.5280  DIHED      =      1348.9319
 1-4 NB =       428.3634  1-4 EEL =      6282.9673  VDWAALS    =      5255.0765
 EELEC  =    -63006.0913  EHBOND  =         0.0000  RESTRAINT  =        63.3915
 EAMBER (non-restraint)  =    -48286.7726
 ------------------------------------------------------------------------------

wrapping first mol.:       20.88048       29.52946       51.14652
wrapping first mol.:       20.88048       29.52946       51.14652

 NSTEP =    18000   TIME(PS) =    1476.000  TEMP(K) =   295.98  PRESS =     0.0
 Etot   =    -38167.4285  EKtot   =      9888.9834  EPtot      =    -48056.4119
 BOND   =       357.0969  ANGLE   =      1064.2605  DIHED      =      1350.2490
 1-4 NB =       441.5273  1-4 EEL =      6264.9268  VDWAALS    =      5450.3208
 EELEC  =    -63060.0614  EHBOND  =         0.0000  RESTRAINT  =        75.2683
 EAMBER (non-restraint)  =    -48131.6802
 ------------------------------------------------------------------------------

wrapping first mol.:       20.88048       29.52946       51.14652
wrapping first mol.:       20.88048       29.52946       51.14652

 NSTEP =    18500   TIME(PS) =    1477.000  TEMP(K) =   298.11  PRESS =     0.0
 Etot   =    -38206.7612  EKtot   =      9960.0137  EPtot      =    -48166.7748
 BOND   =       336.7465  ANGLE   =      1049.9117  DIHED      =      1366.7989
 1-4 NB =       446.9419  1-4 EEL =      6297.2812  VDWAALS    =      5353.9695
 EELEC  =    -63083.6972  EHBOND  =         0.0000  RESTRAINT  =        65.2727
 EAMBER (non-restraint)  =    -48232.0475
 ------------------------------------------------------------------------------

wrapping first mol.:       20.88048       29.52946       51.14652
wrapping first mol.:       20.88048       29.52946       51.14652

 NSTEP =    19000   TIME(PS) =    1478.000  TEMP(K) =   303.74  PRESS =     0.0
 Etot   =    -37684.6640  EKtot   =     10148.0215  EPtot      =    -47832.6855
 BOND   =       394.0133  ANGLE   =      1072.3905  DIHED      =      1337.2359
 1-4 NB =       431.7022  1-4 EEL =      6281.0374  VDWAALS    =      5213.0139
 EELEC  =    -62634.2820  EHBOND  =         0.0000  RESTRAINT  =        72.2033
 EAMBER (non-restraint)  =    -47904.8888
 ------------------------------------------------------------------------------

wrapping first mol.:       20.88048       29.52946       51.14652
wrapping first mol.:       20.88048       29.52946       51.14652

 NSTEP =    19500   TIME(PS) =    1479.000  TEMP(K) =   301.23  PRESS =     0.0
 Etot   =    -37904.5319  EKtot   =     10064.4033  EPtot      =    -47968.9352
 BOND   =       331.1552  ANGLE   =      1019.0603  DIHED      =      1357.4491
 1-4 NB =       467.3412  1-4 EEL =      6278.1859  VDWAALS    =      5157.1155
 EELEC  =    -62651.5818  EHBOND  =         0.0000  RESTRAINT  =        72.3393
 EAMBER (non-restraint)  =    -48041.2745
 ------------------------------------------------------------------------------

wrapping first mol.:       20.88048       29.52946       51.14652
wrapping first mol.:       20.88048       29.52946       51.14652

 NSTEP =    20000   TIME(PS) =    1480.000  TEMP(K) =   300.72  PRESS =     0.0
 Etot   =    -37781.1055  EKtot   =     10047.3809  EPtot      =    -47828.4864
 BOND   =       330.1264  ANGLE   =      1097.1825  DIHED      =      1341.9687
 1-4 NB =       446.4435  1-4 EEL =      6283.1665  VDWAALS    =      5485.0252
 EELEC  =    -62881.1274  EHBOND  =         0.0000  RESTRAINT  =        68.7282
 EAMBER (non-restraint)  =    -47897.2146
 ------------------------------------------------------------------------------

wrapping first mol.:       20.88048       29.52946       51.14652
wrapping first mol.:       20.88048       29.52946       51.14652

 NSTEP =    20500   TIME(PS) =    1481.000  TEMP(K) =   297.11  PRESS =     0.0
 Etot   =    -38153.4928  EKtot   =      9926.5752  EPtot      =    -48080.0680
 BOND   =       357.4403  ANGLE   =      1032.9137  DIHED      =      1358.8584
 1-4 NB =       436.7235  1-4 EEL =      6287.0417  VDWAALS    =      5724.9990
 EELEC  =    -63341.3690  EHBOND  =         0.0000  RESTRAINT  =        63.3245
 EAMBER (non-restraint)  =    -48143.3925
 ------------------------------------------------------------------------------

wrapping first mol.:       20.88048       29.52946       51.14652
wrapping first mol.:       20.88048       29.52946       51.14652

 NSTEP =    21000   TIME(PS) =    1482.000  TEMP(K) =   300.75  PRESS =     0.0
 Etot   =    -38119.9682  EKtot   =     10048.1533  EPtot      =    -48168.1215
 BOND   =       345.8016  ANGLE   =      1038.2297  DIHED      =      1326.0696
 1-4 NB =       446.1242  1-4 EEL =      6313.7414  VDWAALS    =      5422.5930
 EELEC  =    -63127.6584  EHBOND  =         0.0000  RESTRAINT  =        66.9773
 EAMBER (non-restraint)  =    -48235.0989
 ------------------------------------------------------------------------------

wrapping first mol.:       20.88048       29.52946       51.14652
wrapping first mol.:       20.88048       29.52946       51.14652

 NSTEP =    21500   TIME(PS) =    1483.000  TEMP(K) =   296.89  PRESS =     0.0
 Etot   =    -38065.8181  EKtot   =      9919.1621  EPtot      =    -47984.9802
 BOND   =       326.4406  ANGLE   =      1074.1794  DIHED      =      1332.4495
 1-4 NB =       455.6892  1-4 EEL =      6313.4219  VDWAALS    =      5496.5655
 EELEC  =    -63054.5344  EHBOND  =         0.0000  RESTRAINT  =        70.8080
 EAMBER (non-restraint)  =    -48055.7882
 ------------------------------------------------------------------------------

wrapping first mol.:       20.88048       29.52946       51.14652
wrapping first mol.:       20.88048       29.52946       51.14652

 NSTEP =    22000   TIME(PS) =    1484.000  TEMP(K) =   301.41  PRESS =     0.0
 Etot   =    -37933.1686  EKtot   =     10070.1875  EPtot      =    -48003.3561
 BOND   =       342.2061  ANGLE   =      1054.6277  DIHED      =      1356.3659
 1-4 NB =       466.4237  1-4 EEL =      6300.5113  VDWAALS    =      5290.9383
 EELEC  =    -62890.7586  EHBOND  =         0.0000  RESTRAINT  =        76.3295
 EAMBER (non-restraint)  =    -48079.6856
 ------------------------------------------------------------------------------

wrapping first mol.:       20.88048       29.52946       51.14652
wrapping first mol.:       20.88048       29.52946       51.14652

 NSTEP =    22500   TIME(PS) =    1485.000  TEMP(K) =   299.07  PRESS =     0.0
 Etot   =    -37953.7050  EKtot   =      9992.0947  EPtot      =    -47945.7997
 BOND   =       372.1314  ANGLE   =      1113.6886  DIHED      =      1340.1915
 1-4 NB =       442.3093  1-4 EEL =      6285.1521  VDWAALS    =      5449.9087
 EELEC  =    -63015.4456  EHBOND  =         0.0000  RESTRAINT  =        66.2643
 EAMBER (non-restraint)  =    -48012.0640
 ------------------------------------------------------------------------------

wrapping first mol.:       20.88048       29.52946       51.14652
wrapping first mol.:       20.88048       29.52946       51.14652

 NSTEP =    23000   TIME(PS) =    1486.000  TEMP(K) =   298.97  PRESS =     0.0
 Etot   =    -37905.6693  EKtot   =      9988.8096  EPtot      =    -47894.4789
 BOND   =       340.2531  ANGLE   =      1065.5043  DIHED      =      1385.2281
 1-4 NB =       450.9100  1-4 EEL =      6277.4360  VDWAALS    =      5295.2665
 EELEC  =    -62782.6367  EHBOND  =         0.0000  RESTRAINT  =        73.5598
 EAMBER (non-restraint)  =    -47968.0387
 ------------------------------------------------------------------------------

wrapping first mol.:       20.88048       29.52946       51.14652
wrapping first mol.:       20.88048       29.52946       51.14652

 NSTEP =    23500   TIME(PS) =    1487.000  TEMP(K) =   301.20  PRESS =     0.0
 Etot   =    -37863.7096  EKtot   =     10063.1631  EPtot      =    -47926.8727
 BOND   =       365.6575  ANGLE   =      1106.8086  DIHED      =      1325.9780
 1-4 NB =       448.3497  1-4 EEL =      6285.9665  VDWAALS    =      5230.2078
 EELEC  =    -62760.5106  EHBOND  =         0.0000  RESTRAINT  =        70.6697
 EAMBER (non-restraint)  =    -47997.5423
 ------------------------------------------------------------------------------

wrapping first mol.:       20.88048       29.52946       51.14652
wrapping first mol.:       20.88048       29.52946       51.14652

 NSTEP =    24000   TIME(PS) =    1488.000  TEMP(K) =   301.28  PRESS =     0.0
 Etot   =    -37783.7891  EKtot   =     10065.9863  EPtot      =    -47849.7755
 BOND   =       392.4996  ANGLE   =      1101.5427  DIHED      =      1349.2104
 1-4 NB =       452.8174  1-4 EEL =      6281.9853  VDWAALS    =      5362.0101
 EELEC  =    -62851.4188  EHBOND  =         0.0000  RESTRAINT  =        61.5778
 EAMBER (non-restraint)  =    -47911.3533
 ------------------------------------------------------------------------------

wrapping first mol.:       20.88048       29.52946       51.14652
wrapping first mol.:       20.88048       29.52946       51.14652

 NSTEP =    24500   TIME(PS) =    1489.000  TEMP(K) =   300.41  PRESS =     0.0
 Etot   =    -37980.8624  EKtot   =     10037.0430  EPtot      =    -48017.9053
 BOND   =       367.9457  ANGLE   =      1037.7377  DIHED      =      1337.1526
 1-4 NB =       444.9629  1-4 EEL =      6292.3473  VDWAALS    =      5329.3260
 EELEC  =    -62899.0543  EHBOND  =         0.0000  RESTRAINT  =        71.6767
 EAMBER (non-restraint)  =    -48089.5821
 ------------------------------------------------------------------------------

wrapping first mol.:       20.88048       29.52946       51.14652
wrapping first mol.:       20.88048       29.52946       51.14652

 NSTEP =    25000   TIME(PS) =    1490.000  TEMP(K) =   300.52  PRESS =     0.0
 Etot   =    -38190.8310  EKtot   =     10040.5020  EPtot      =    -48231.3330
 BOND   =       350.4343  ANGLE   =      1050.0003  DIHED      =      1331.6888
 1-4 NB =       438.1038  1-4 EEL =      6301.4201  VDWAALS    =      5363.4996
 EELEC  =    -63133.1779  EHBOND  =         0.0000  RESTRAINT  =        66.6980
 EAMBER (non-restraint)  =    -48298.0310
 ------------------------------------------------------------------------------

wrapping first mol.:       20.88048       29.52946       51.14652
wrapping first mol.:       20.88048       29.52946       51.14652

 NSTEP =    25500   TIME(PS) =    1491.000  TEMP(K) =   300.75  PRESS =     0.0
 Etot   =    -38149.1125  EKtot   =     10048.4062  EPtot      =    -48197.5187
 BOND   =       352.4569  ANGLE   =      1064.9501  DIHED      =      1364.2529
 1-4 NB =       443.7151  1-4 EEL =      6301.5076  VDWAALS    =      5378.2151
 EELEC  =    -63178.1505  EHBOND  =         0.0000  RESTRAINT  =        75.5342
 EAMBER (non-restraint)  =    -48273.0529
 ------------------------------------------------------------------------------

wrapping first mol.:       20.88048       29.52946       51.14652
wrapping first mol.:       20.88048       29.52946       51.14652

 NSTEP =    26000   TIME(PS) =    1492.000  TEMP(K) =   299.06  PRESS =     0.0
 Etot   =    -38098.4798  EKtot   =      9991.8242  EPtot      =    -48090.3040
 BOND   =       362.4676  ANGLE   =      1059.0862  DIHED      =      1318.5032
 1-4 NB =       440.3448  1-4 EEL =      6282.0373  VDWAALS    =      5452.5607
 EELEC  =    -63075.7118  EHBOND  =         0.0000  RESTRAINT  =        70.4080
 EAMBER (non-restraint)  =    -48160.7120
 ------------------------------------------------------------------------------

wrapping first mol.:       20.88048       29.52946       51.14652
wrapping first mol.:       20.88048       29.52946       51.14652

 NSTEP =    26500   TIME(PS) =    1493.000  TEMP(K) =   298.84  PRESS =     0.0
 Etot   =    -38270.9126  EKtot   =      9984.3311  EPtot      =    -48255.2436
 BOND   =       359.2748  ANGLE   =      1076.7486  DIHED      =      1330.6377
 1-4 NB =       461.8828  1-4 EEL =      6313.9968  VDWAALS    =      5381.8984
 EELEC  =    -63254.2422  EHBOND  =         0.0000  RESTRAINT  =        74.5595
 EAMBER (non-restraint)  =    -48329.8031
 ------------------------------------------------------------------------------

wrapping first mol.:       20.88048       29.52946       51.14652
wrapping first mol.:       20.88048       29.52946       51.14652

 NSTEP =    27000   TIME(PS) =    1494.000  TEMP(K) =   298.79  PRESS =     0.0
 Etot   =    -38131.3979  EKtot   =      9982.7861  EPtot      =    -48114.1840
 BOND   =       323.8145  ANGLE   =      1037.7869  DIHED      =      1356.9269
 1-4 NB =       437.6409  1-4 EEL =      6309.5257  VDWAALS    =      5422.9297
 EELEC  =    -63079.8280  EHBOND  =         0.0000  RESTRAINT  =        77.0193
 EAMBER (non-restraint)  =    -48191.2033
 ------------------------------------------------------------------------------

wrapping first mol.:       20.88048       29.52946       51.14652
wrapping first mol.:       20.88048       29.52946       51.14652

 NSTEP =    27500   TIME(PS) =    1495.000  TEMP(K) =   296.57  PRESS =     0.0
 Etot   =    -38179.4294  EKtot   =      9908.5811  EPtot      =    -48088.0104
 BOND   =       338.3092  ANGLE   =      1067.4515  DIHED      =      1332.9033
 1-4 NB =       459.3299  1-4 EEL =      6283.0949  VDWAALS    =      5452.3665
 EELEC  =    -63093.0039  EHBOND  =         0.0000  RESTRAINT  =        71.5381
 EAMBER (non-restraint)  =    -48159.5485
 ------------------------------------------------------------------------------

wrapping first mol.:       20.88048       29.52946       51.14652
wrapping first mol.:       20.88048       29.52946       51.14652

 NSTEP =    28000   TIME(PS) =    1496.000  TEMP(K) =   300.13  PRESS =     0.0
 Etot   =    -37974.2814  EKtot   =     10027.5176  EPtot      =    -48001.7990
 BOND   =       338.0536  ANGLE   =      1073.2296  DIHED      =      1345.6710
 1-4 NB =       457.1010  1-4 EEL =      6309.0127  VDWAALS    =      5533.0088
 EELEC  =    -63133.7643  EHBOND  =         0.0000  RESTRAINT  =        75.8886
 EAMBER (non-restraint)  =    -48077.6876
 ------------------------------------------------------------------------------

wrapping first mol.:       20.88048       29.52946       51.14652
wrapping first mol.:       20.88048       29.52946       51.14652

 NSTEP =    28500   TIME(PS) =    1497.000  TEMP(K) =   302.63  PRESS =     0.0
 Etot   =    -38005.0934  EKtot   =     10111.0703  EPtot      =    -48116.1637
 BOND   =       372.3267  ANGLE   =      1019.5069  DIHED      =      1330.0089
 1-4 NB =       463.0785  1-4 EEL =      6339.9334  VDWAALS    =      5402.6322
 EELEC  =    -63123.2080  EHBOND  =         0.0000  RESTRAINT  =        79.5578
 EAMBER (non-restraint)  =    -48195.7215
 ------------------------------------------------------------------------------

wrapping first mol.:       20.88048       29.52946       51.14652
wrapping first mol.:       20.88048       29.52946       51.14652

 NSTEP =    29000   TIME(PS) =    1498.000  TEMP(K) =   299.45  PRESS =     0.0
 Etot   =    -38054.7932  EKtot   =     10004.9590  EPtot      =    -48059.7522
 BOND   =       373.5141  ANGLE   =      1017.8806  DIHED      =      1349.5003
 1-4 NB =       439.6141  1-4 EEL =      6311.9642  VDWAALS    =      5257.1839
 EELEC  =    -62884.7831  EHBOND  =         0.0000  RESTRAINT  =        75.3737
 EAMBER (non-restraint)  =    -48135.1259
 ------------------------------------------------------------------------------

wrapping first mol.:       20.88048       29.52946       51.14652
wrapping first mol.:       20.88048       29.52946       51.14652

 NSTEP =    29500   TIME(PS) =    1499.000  TEMP(K) =   301.96  PRESS =     0.0
 Etot   =    -38239.5153  EKtot   =     10088.7959  EPtot      =    -48328.3112
 BOND   =       340.6251  ANGLE   =      1072.2101  DIHED      =      1348.7939
 1-4 NB =       444.8096  1-4 EEL =      6292.9517  VDWAALS    =      5533.7828
 EELEC  =    -63432.4685  EHBOND  =         0.0000  RESTRAINT  =        70.9842
 EAMBER (non-restraint)  =    -48399.2953
 ------------------------------------------------------------------------------

wrapping first mol.:       20.88048       29.52946       51.14652
wrapping first mol.:       20.88048       29.52946       51.14652

 NSTEP =    30000   TIME(PS) =    1500.000  TEMP(K) =   300.90  PRESS =     0.0
 Etot   =    -38077.5869  EKtot   =     10053.1787  EPtot      =    -48130.7656
 BOND   =       350.5798  ANGLE   =      1096.2000  DIHED      =      1360.7447
 1-4 NB =       444.3768  1-4 EEL =      6296.3060  VDWAALS    =      5300.2776
 EELEC  =    -63050.6728  EHBOND  =         0.0000  RESTRAINT  =        71.4224
 EAMBER (non-restraint)  =    -48202.1880
 ------------------------------------------------------------------------------

wrapping first mol.:       20.88048       29.52946       51.14652
wrapping first mol.:       20.88048       29.52946       51.14652

 NSTEP =    30500   TIME(PS) =    1501.000  TEMP(K) =   298.35  PRESS =     0.0
 Etot   =    -38008.4543  EKtot   =      9968.1035  EPtot      =    -47976.5578
 BOND   =       349.0380  ANGLE   =      1046.2452  DIHED      =      1355.5751
 1-4 NB =       454.4494  1-4 EEL =      6342.2304  VDWAALS    =      5605.2856
 EELEC  =    -63209.4010  EHBOND  =         0.0000  RESTRAINT  =        80.0194
 EAMBER (non-restraint)  =    -48056.5772
 ------------------------------------------------------------------------------

wrapping first mol.:       20.88048       29.52946       51.14652
wrapping first mol.:       20.88048       29.52946       51.14652

 NSTEP =    31000   TIME(PS) =    1502.000  TEMP(K) =   300.56  PRESS =     0.0
 Etot   =    -37995.3357  EKtot   =     10041.8555  EPtot      =    -48037.1912
 BOND   =       326.7207  ANGLE   =      1087.7776  DIHED      =      1342.8625
 1-4 NB =       451.6144  1-4 EEL =      6318.5722  VDWAALS    =      5423.7629
 EELEC  =    -63060.0392  EHBOND  =         0.0000  RESTRAINT  =        71.5378
 EAMBER (non-restraint)  =    -48108.7290
 ------------------------------------------------------------------------------

wrapping first mol.:       20.88048       29.52946       51.14652
wrapping first mol.:       20.88048       29.52946       51.14652

 NSTEP =    31500   TIME(PS) =    1503.000  TEMP(K) =   301.91  PRESS =     0.0
 Etot   =    -37775.1130  EKtot   =     10086.9766  EPtot      =    -47862.0896
 BOND   =       368.7853  ANGLE   =      1076.5874  DIHED      =      1332.9583
 1-4 NB =       442.6486  1-4 EEL =      6274.4357  VDWAALS    =      5333.0991
 EELEC  =    -62769.7371  EHBOND  =         0.0000  RESTRAINT  =        79.1331
 EAMBER (non-restraint)  =    -47941.2227
 ------------------------------------------------------------------------------

wrapping first mol.:       20.88048       29.52946       51.14652
wrapping first mol.:       20.88048       29.52946       51.14652

 NSTEP =    32000   TIME(PS) =    1504.000  TEMP(K) =   306.22  PRESS =     0.0
 Etot   =    -37955.9300  EKtot   =     10231.1211  EPtot      =    -48187.0511
 BOND   =       344.0078  ANGLE   =      1060.6156  DIHED      =      1374.9369
 1-4 NB =       453.3392  1-4 EEL =      6300.6514  VDWAALS    =      5369.8611
 EELEC  =    -63164.8100  EHBOND  =         0.0000  RESTRAINT  =        74.3468
 EAMBER (non-restraint)  =    -48261.3978
 ------------------------------------------------------------------------------

wrapping first mol.:       20.88048       29.52946       51.14652
wrapping first mol.:       20.88048       29.52946       51.14652

 NSTEP =    32500   TIME(PS) =    1505.000  TEMP(K) =   300.41  PRESS =     0.0
 Etot   =    -38229.0762  EKtot   =     10036.8447  EPtot      =    -48265.9209
 BOND   =       332.5790  ANGLE   =      1047.5034  DIHED      =      1348.7675
 1-4 NB =       458.2792  1-4 EEL =      6343.2082  VDWAALS    =      5455.9461
 EELEC  =    -63319.3127  EHBOND  =         0.0000  RESTRAINT  =        67.1083
 EAMBER (non-restraint)  =    -48333.0293
 ------------------------------------------------------------------------------

wrapping first mol.:       20.88048       29.52946       51.14652
wrapping first mol.:       20.88048       29.52946       51.14652

 NSTEP =    33000   TIME(PS) =    1506.000  TEMP(K) =   300.01  PRESS =     0.0
 Etot   =    -38104.9375  EKtot   =     10023.6504  EPtot      =    -48128.5879
 BOND   =       355.4993  ANGLE   =      1050.8002  DIHED      =      1354.9271
 1-4 NB =       458.1544  1-4 EEL =      6294.7341  VDWAALS    =      5407.2098
 EELEC  =    -63113.7622  EHBOND  =         0.0000  RESTRAINT  =        63.8495
 EAMBER (non-restraint)  =    -48192.4374
 ------------------------------------------------------------------------------

wrapping first mol.:       20.88048       29.52946       51.14652
wrapping first mol.:       20.88048       29.52946       51.14652

 NSTEP =    33500   TIME(PS) =    1507.000  TEMP(K) =   302.86  PRESS =     0.0
 Etot   =    -38079.0040  EKtot   =     10118.6406  EPtot      =    -48197.6447
 BOND   =       360.0652  ANGLE   =      1055.9242  DIHED      =      1366.1914
 1-4 NB =       456.4528  1-4 EEL =      6307.0958  VDWAALS    =      5473.5513
 EELEC  =    -63286.5760  EHBOND  =         0.0000  RESTRAINT  =        69.6507
 EAMBER (non-restraint)  =    -48267.2954
 ------------------------------------------------------------------------------

wrapping first mol.:       20.88048       29.52946       51.14652
wrapping first mol.:       20.88048       29.52946       51.14652

 NSTEP =    34000   TIME(PS) =    1508.000  TEMP(K) =   302.08  PRESS =     0.0
 Etot   =    -38092.8160  EKtot   =     10092.6582  EPtot      =    -48185.4742
 BOND   =       328.8506  ANGLE   =      1079.7865  DIHED      =      1340.7660
 1-4 NB =       439.1892  1-4 EEL =      6286.1733  VDWAALS    =      5584.1215
 EELEC  =    -63312.9011  EHBOND  =         0.0000  RESTRAINT  =        68.5397
 EAMBER (non-restraint)  =    -48254.0140
 ------------------------------------------------------------------------------

wrapping first mol.:       20.88048       29.52946       51.14652
wrapping first mol.:       20.88048       29.52946       51.14652

 NSTEP =    34500   TIME(PS) =    1509.000  TEMP(K) =   300.21  PRESS =     0.0
 Etot   =    -38175.7121  EKtot   =     10030.1602  EPtot      =    -48205.8723
 BOND   =       362.6704  ANGLE   =      1054.7822  DIHED      =      1366.8104
 1-4 NB =       437.4802  1-4 EEL =      6275.8583  VDWAALS    =      5556.9771
 EELEC  =    -63335.2447  EHBOND  =         0.0000  RESTRAINT  =        74.7938
 EAMBER (non-restraint)  =    -48280.6661
 ------------------------------------------------------------------------------

wrapping first mol.:       20.88048       29.52946       51.14652
wrapping first mol.:       20.88048       29.52946       51.14652

 NSTEP =    35000   TIME(PS) =    1510.000  TEMP(K) =   301.34  PRESS =     0.0
 Etot   =    -38224.0018  EKtot   =     10067.9658  EPtot      =    -48291.9676
 BOND   =       354.6939  ANGLE   =      1017.3838  DIHED      =      1355.7992
 1-4 NB =       449.2895  1-4 EEL =      6287.2093  VDWAALS    =      5387.1429
 EELEC  =    -63219.2918  EHBOND  =         0.0000  RESTRAINT  =        75.8056
 EAMBER (non-restraint)  =    -48367.7732
 ------------------------------------------------------------------------------

wrapping first mol.:       20.88048       29.52946       51.14652
wrapping first mol.:       20.88048       29.52946       51.14652

 NSTEP =    35500   TIME(PS) =    1511.000  TEMP(K) =   300.25  PRESS =     0.0
 Etot   =    -38016.4182  EKtot   =     10031.4043  EPtot      =    -48047.8225
 BOND   =       360.0041  ANGLE   =      1065.8946  DIHED      =      1356.7148
 1-4 NB =       445.6466  1-4 EEL =      6286.6705  VDWAALS    =      5405.6787
 EELEC  =    -63026.8365  EHBOND  =         0.0000  RESTRAINT  =        58.4047
 EAMBER (non-restraint)  =    -48106.2272
 ------------------------------------------------------------------------------

wrapping first mol.:       20.88048       29.52946       51.14652
wrapping first mol.:       20.88048       29.52946       51.14652

 NSTEP =    36000   TIME(PS) =    1512.000  TEMP(K) =   302.47  PRESS =     0.0
 Etot   =    -37977.0193  EKtot   =     10105.7393  EPtot      =    -48082.7585
 BOND   =       343.2105  ANGLE   =      1048.3149  DIHED      =      1353.7093
 1-4 NB =       453.3563  1-4 EEL =      6282.1162  VDWAALS    =      5404.2204
 EELEC  =    -63038.8347  EHBOND  =         0.0000  RESTRAINT  =        71.1485
 EAMBER (non-restraint)  =    -48153.9071
 ------------------------------------------------------------------------------

wrapping first mol.:       20.88048       29.52946       51.14652
wrapping first mol.:       20.88048       29.52946       51.14652

 NSTEP =    36500   TIME(PS) =    1513.000  TEMP(K) =   295.74  PRESS =     0.0
 Etot   =    -38266.3149  EKtot   =      9880.8359  EPtot      =    -48147.1508
 BOND   =       356.7589  ANGLE   =      1033.3652  DIHED      =      1373.2715
 1-4 NB =       442.5736  1-4 EEL =      6280.2868  VDWAALS    =      5276.4086
 EELEC  =    -62980.3662  EHBOND  =         0.0000  RESTRAINT  =        70.5508
 EAMBER (non-restraint)  =    -48217.7017
 ------------------------------------------------------------------------------

wrapping first mol.:       20.88048       29.52946       51.14652
wrapping first mol.:       20.88048       29.52946       51.14652

 NSTEP =    37000   TIME(PS) =    1514.000  TEMP(K) =   300.63  PRESS =     0.0
 Etot   =    -37950.7574  EKtot   =     10044.1816  EPtot      =    -47994.9391
 BOND   =       342.1292  ANGLE   =      1046.0539  DIHED      =      1351.9962
 1-4 NB =       455.3538  1-4 EEL =      6316.6568  VDWAALS    =      5327.8111
 EELEC  =    -62908.5164  EHBOND  =         0.0000  RESTRAINT  =        73.5762
 EAMBER (non-restraint)  =    -48068.5153
 ------------------------------------------------------------------------------

wrapping first mol.:       20.88048       29.52946       51.14652
wrapping first mol.:       20.88048       29.52946       51.14652

 NSTEP =    37500   TIME(PS) =    1515.000  TEMP(K) =   297.47  PRESS =     0.0
 Etot   =    -38211.9959  EKtot   =      9938.7656  EPtot      =    -48150.7615
 BOND   =       368.4578  ANGLE   =      1082.0548  DIHED      =      1353.3747
 1-4 NB =       446.5881  1-4 EEL =      6303.6613  VDWAALS    =      5386.1112
 EELEC  =    -63159.8845  EHBOND  =         0.0000  RESTRAINT  =        68.8751
 EAMBER (non-restraint)  =    -48219.6366
 ------------------------------------------------------------------------------

wrapping first mol.:       20.88048       29.52946       51.14652
wrapping first mol.:       20.88048       29.52946       51.14652

 NSTEP =    38000   TIME(PS) =    1516.000  TEMP(K) =   298.60  PRESS =     0.0
 Etot   =    -38217.1282  EKtot   =      9976.4111  EPtot      =    -48193.5393
 BOND   =       352.2062  ANGLE   =      1054.7342  DIHED      =      1342.2075
 1-4 NB =       459.8241  1-4 EEL =      6317.1328  VDWAALS    =      5512.9613
 EELEC  =    -63300.5116  EHBOND  =         0.0000  RESTRAINT  =        67.9061
 EAMBER (non-restraint)  =    -48261.4455
 ------------------------------------------------------------------------------

wrapping first mol.:       20.88048       29.52946       51.14652
wrapping first mol.:       20.88048       29.52946       51.14652

 NSTEP =    38500   TIME(PS) =    1517.000  TEMP(K) =   305.58  PRESS =     0.0
 Etot   =    -37872.6187  EKtot   =     10209.7744  EPtot      =    -48082.3932
 BOND   =       369.2172  ANGLE   =      1023.5366  DIHED      =      1322.0480
 1-4 NB =       457.2139  1-4 EEL =      6319.4644  VDWAALS    =      5346.0615
 EELEC  =    -62991.7262  EHBOND  =         0.0000  RESTRAINT  =        71.7915
 EAMBER (non-restraint)  =    -48154.1847
 ------------------------------------------------------------------------------

wrapping first mol.:       20.88048       29.52946       51.14652
wrapping first mol.:       20.88048       29.52946       51.14652

 NSTEP =    39000   TIME(PS) =    1518.000  TEMP(K) =   297.22  PRESS =     0.0
 Etot   =    -38222.0593  EKtot   =      9930.3662  EPtot      =    -48152.4256
 BOND   =       352.9727  ANGLE   =      1038.9567  DIHED      =      1369.8737
 1-4 NB =       441.3425  1-4 EEL =      6269.8868  VDWAALS    =      5481.1028
 EELEC  =    -63180.7206  EHBOND  =         0.0000  RESTRAINT  =        74.1598
 EAMBER (non-restraint)  =    -48226.5854
 ------------------------------------------------------------------------------

wrapping first mol.:       20.88048       29.52946       51.14652
wrapping first mol.:       20.88048       29.52946       51.14652

 NSTEP =    39500   TIME(PS) =    1519.000  TEMP(K) =   298.26  PRESS =     0.0
 Etot   =    -38094.1759  EKtot   =      9964.9238  EPtot      =    -48059.0997
 BOND   =       359.9955  ANGLE   =      1054.5816  DIHED      =      1356.7571
 1-4 NB =       445.1114  1-4 EEL =      6287.4601  VDWAALS    =      5391.9964
 EELEC  =    -63022.2298  EHBOND  =         0.0000  RESTRAINT  =        67.2279
 EAMBER (non-restraint)  =    -48126.3277
 ------------------------------------------------------------------------------

wrapping first mol.:       20.88048       29.52946       51.14652
wrapping first mol.:       20.88048       29.52946       51.14652

 NSTEP =    40000   TIME(PS) =    1520.000  TEMP(K) =   299.16  PRESS =     0.0
 Etot   =    -38122.2028  EKtot   =      9995.2461  EPtot      =    -48117.4489
 BOND   =       356.3688  ANGLE   =      1037.8048  DIHED      =      1337.1230
 1-4 NB =       451.5428  1-4 EEL =      6303.0790  VDWAALS    =      5323.6622
 EELEC  =    -63001.4974  EHBOND  =         0.0000  RESTRAINT  =        74.4678
 EAMBER (non-restraint)  =    -48191.9167
 ------------------------------------------------------------------------------

wrapping first mol.:       20.88048       29.52946       51.14652
wrapping first mol.:       20.88048       29.52946       51.14652

 NSTEP =    40500   TIME(PS) =    1521.000  TEMP(K) =   297.16  PRESS =     0.0
 Etot   =    -38347.7200  EKtot   =      9928.1436  EPtot      =    -48275.8636
 BOND   =       357.1409  ANGLE   =      1063.9229  DIHED      =      1357.6528
 1-4 NB =       460.4584  1-4 EEL =      6298.5219  VDWAALS    =      5543.7921
 EELEC  =    -63427.8967  EHBOND  =         0.0000  RESTRAINT  =        70.5440
 EAMBER (non-restraint)  =    -48346.4076
 ------------------------------------------------------------------------------

wrapping first mol.:       20.88048       29.52946       51.14652
wrapping first mol.:       20.88048       29.52946       51.14652

 NSTEP =    41000   TIME(PS) =    1522.000  TEMP(K) =   299.05  PRESS =     0.0
 Etot   =    -38216.0482  EKtot   =      9991.3379  EPtot      =    -48207.3861
 BOND   =       345.7435  ANGLE   =      1080.2867  DIHED      =      1359.1939
 1-4 NB =       445.6484  1-4 EEL =      6307.5366  VDWAALS    =      5465.4674
 EELEC  =    -63280.6879  EHBOND  =         0.0000  RESTRAINT  =        69.4254
 EAMBER (non-restraint)  =    -48276.8115
 ------------------------------------------------------------------------------

wrapping first mol.:       20.88048       29.52946       51.14652
wrapping first mol.:       20.88048       29.52946       51.14652

 NSTEP =    41500   TIME(PS) =    1523.000  TEMP(K) =   303.56  PRESS =     0.0
 Etot   =    -37990.1291  EKtot   =     10142.1807  EPtot      =    -48132.3097
 BOND   =       356.1762  ANGLE   =      1078.1374  DIHED      =      1350.2274
 1-4 NB =       445.4215  1-4 EEL =      6277.3117  VDWAALS    =      5319.8070
 EELEC  =    -63031.7285  EHBOND  =         0.0000  RESTRAINT  =        72.3377
 EAMBER (non-restraint)  =    -48204.6475
 ------------------------------------------------------------------------------

wrapping first mol.:       20.88048       29.52946       51.14652
wrapping first mol.:       20.88048       29.52946       51.14652

 NSTEP =    42000   TIME(PS) =    1524.000  TEMP(K) =   300.78  PRESS =     0.0
 Etot   =    -38168.6839  EKtot   =     10049.1963  EPtot      =    -48217.8802
 BOND   =       370.9748  ANGLE   =      1006.8031  DIHED      =      1358.3962
 1-4 NB =       436.0345  1-4 EEL =      6313.4364  VDWAALS    =      5435.7833
 EELEC  =    -63208.9364  EHBOND  =         0.0000  RESTRAINT  =        69.6278
 EAMBER (non-restraint)  =    -48287.5080
 ------------------------------------------------------------------------------

wrapping first mol.:       20.88048       29.52946       51.14652
wrapping first mol.:       20.88048       29.52946       51.14652

 NSTEP =    42500   TIME(PS) =    1525.000  TEMP(K) =   298.44  PRESS =     0.0
 Etot   =    -38164.5669  EKtot   =      9970.9404  EPtot      =    -48135.5073
 BOND   =       390.0961  ANGLE   =      1023.4123  DIHED      =      1362.4832
 1-4 NB =       456.2085  1-4 EEL =      6249.2958  VDWAALS    =      5375.2674
 EELEC  =    -63060.2145  EHBOND  =         0.0000  RESTRAINT  =        67.9439
 EAMBER (non-restraint)  =    -48203.4513
 ------------------------------------------------------------------------------

wrapping first mol.:       20.88048       29.52946       51.14652
wrapping first mol.:       20.88048       29.52946       51.14652

 NSTEP =    43000   TIME(PS) =    1526.000  TEMP(K) =   300.48  PRESS =     0.0
 Etot   =    -38004.2330  EKtot   =     10039.1289  EPtot      =    -48043.3619
 BOND   =       339.3124  ANGLE   =      1064.1577  DIHED      =      1380.2033
 1-4 NB =       456.1316  1-4 EEL =      6299.9871  VDWAALS    =      5467.1566
 EELEC  =    -63117.7430  EHBOND  =         0.0000  RESTRAINT  =        67.4324
 EAMBER (non-restraint)  =    -48110.7943
 ------------------------------------------------------------------------------

wrapping first mol.:       20.88048       29.52946       51.14652
wrapping first mol.:       20.88048       29.52946       51.14652

 NSTEP =    43500   TIME(PS) =    1527.000  TEMP(K) =   299.94  PRESS =     0.0
 Etot   =    -38054.0879  EKtot   =     10021.2871  EPtot      =    -48075.3750
 BOND   =       347.1516  ANGLE   =      1050.4060  DIHED      =      1354.2559
 1-4 NB =       457.0241  1-4 EEL =      6294.4888  VDWAALS    =      5291.0658
 EELEC  =    -62948.7182  EHBOND  =         0.0000  RESTRAINT  =        78.9510
 EAMBER (non-restraint)  =    -48154.3261
 ------------------------------------------------------------------------------

wrapping first mol.:       20.88048       29.52946       51.14652
wrapping first mol.:       20.88048       29.52946       51.14652

 NSTEP =    44000   TIME(PS) =    1528.000  TEMP(K) =   299.22  PRESS =     0.0
 Etot   =    -38163.9578  EKtot   =      9997.1543  EPtot      =    -48161.1121
 BOND   =       346.1245  ANGLE   =      1071.5439  DIHED      =      1359.5984
 1-4 NB =       445.0176  1-4 EEL =      6304.5645  VDWAALS    =      5400.4091
 EELEC  =    -63167.2449  EHBOND  =         0.0000  RESTRAINT  =        78.8749
 EAMBER (non-restraint)  =    -48239.9869
 ------------------------------------------------------------------------------

wrapping first mol.:       20.88048       29.52946       51.14652
wrapping first mol.:       20.88048       29.52946       51.14652

 NSTEP =    44500   TIME(PS) =    1529.000  TEMP(K) =   302.67  PRESS =     0.0
 Etot   =    -38114.7065  EKtot   =     10112.2832  EPtot      =    -48226.9897
 BOND   =       380.1182  ANGLE   =      1058.9541  DIHED      =      1344.9567
 1-4 NB =       446.8899  1-4 EEL =      6312.6897  VDWAALS    =      5467.6040
 EELEC  =    -63305.5671  EHBOND  =         0.0000  RESTRAINT  =        67.3648
 EAMBER (non-restraint)  =    -48294.3545
 ------------------------------------------------------------------------------

wrapping first mol.:       20.88048       29.52946       51.14652
wrapping first mol.:       20.88048       29.52946       51.14652

 NSTEP =    45000   TIME(PS) =    1530.000  TEMP(K) =   300.97  PRESS =     0.0
 Etot   =    -38060.5131  EKtot   =     10055.6797  EPtot      =    -48116.1928
 BOND   =       331.4570  ANGLE   =      1079.8613  DIHED      =      1340.5088
 1-4 NB =       434.9664  1-4 EEL =      6316.6410  VDWAALS    =      5581.6296
 EELEC  =    -63271.9693  EHBOND  =         0.0000  RESTRAINT  =        70.7124
 EAMBER (non-restraint)  =    -48186.9052
 ------------------------------------------------------------------------------

wrapping first mol.:       20.88048       29.52946       51.14652
wrapping first mol.:       20.88048       29.52946       51.14652

 NSTEP =    45500   TIME(PS) =    1531.000  TEMP(K) =   298.31  PRESS =     0.0
 Etot   =    -38097.4497  EKtot   =      9966.6250  EPtot      =    -48064.0747
 BOND   =       329.9671  ANGLE   =      1059.1254  DIHED      =      1351.6969
 1-4 NB =       447.7672  1-4 EEL =      6300.8266  VDWAALS    =      5454.5476
 EELEC  =    -63082.3143  EHBOND  =         0.0000  RESTRAINT  =        74.3088
 EAMBER (non-restraint)  =    -48138.3836
 ------------------------------------------------------------------------------

wrapping first mol.:       20.88048       29.52946       51.14652
wrapping first mol.:       20.88048       29.52946       51.14652

 NSTEP =    46000   TIME(PS) =    1532.000  TEMP(K) =   297.73  PRESS =     0.0
 Etot   =    -38196.0454  EKtot   =      9947.2012  EPtot      =    -48143.2466
 BOND   =       349.6512  ANGLE   =      1051.2419  DIHED      =      1355.5555
 1-4 NB =       452.5437  1-4 EEL =      6301.2650  VDWAALS    =      5500.0546
 EELEC  =    -63225.6484  EHBOND  =         0.0000  RESTRAINT  =        72.0899
 EAMBER (non-restraint)  =    -48215.3366
 ------------------------------------------------------------------------------

wrapping first mol.:       20.88048       29.52946       51.14652
wrapping first mol.:       20.88048       29.52946       51.14652

 NSTEP =    46500   TIME(PS) =    1533.000  TEMP(K) =   300.46  PRESS =     0.0
 Etot   =    -38140.4760  EKtot   =     10038.4707  EPtot      =    -48178.9468
 BOND   =       355.4191  ANGLE   =      1050.1821  DIHED      =      1340.6842
 1-4 NB =       440.8320  1-4 EEL =      6254.4793  VDWAALS    =      5452.0628
 EELEC  =    -63143.3728  EHBOND  =         0.0000  RESTRAINT  =        70.7665
 EAMBER (non-restraint)  =    -48249.7133
 ------------------------------------------------------------------------------

wrapping first mol.:       20.88048       29.52946       51.14652
wrapping first mol.:       20.88048       29.52946       51.14652

 NSTEP =    47000   TIME(PS) =    1534.000  TEMP(K) =   302.23  PRESS =     0.0
 Etot   =    -38054.5676  EKtot   =     10097.6904  EPtot      =    -48152.2581
 BOND   =       361.9608  ANGLE   =      1066.6508  DIHED      =      1390.8650
 1-4 NB =       450.3162  1-4 EEL =      6292.4668  VDWAALS    =      5490.3027
 EELEC  =    -63281.4677  EHBOND  =         0.0000  RESTRAINT  =        76.6472
 EAMBER (non-restraint)  =    -48228.9053
 ------------------------------------------------------------------------------

wrapping first mol.:       20.88048       29.52946       51.14652
wrapping first mol.:       20.88048       29.52946       51.14652

 NSTEP =    47500   TIME(PS) =    1535.000  TEMP(K) =   297.13  PRESS =     0.0
 Etot   =    -38163.5233  EKtot   =      9927.3828  EPtot      =    -48090.9061
 BOND   =       331.9752  ANGLE   =      1031.6480  DIHED      =      1363.5787
 1-4 NB =       452.7014  1-4 EEL =      6297.0607  VDWAALS    =      5406.3539
 EELEC  =    -63052.0603  EHBOND  =         0.0000  RESTRAINT  =        77.8363
 EAMBER (non-restraint)  =    -48168.7425
 ------------------------------------------------------------------------------

wrapping first mol.:       20.88048       29.52946       51.14652
wrapping first mol.:       20.88048       29.52946       51.14652

 NSTEP =    48000   TIME(PS) =    1536.000  TEMP(K) =   303.42  PRESS =     0.0
 Etot   =    -37983.7059  EKtot   =     10137.4658  EPtot      =    -48121.1717
 BOND   =       336.2217  ANGLE   =      1094.9755  DIHED      =      1352.4447
 1-4 NB =       451.4387  1-4 EEL =      6313.0772  VDWAALS    =      5438.9389
 EELEC  =    -63179.4623  EHBOND  =         0.0000  RESTRAINT  =        71.1940
 EAMBER (non-restraint)  =    -48192.3658
 ------------------------------------------------------------------------------

wrapping first mol.:       20.88048       29.52946       51.14652
wrapping first mol.:       20.88048       29.52946       51.14652

 NSTEP =    48500   TIME(PS) =    1537.000  TEMP(K) =   296.71  PRESS =     0.0
 Etot   =    -38005.3000  EKtot   =      9913.2256  EPtot      =    -47918.5256
 BOND   =       359.3465  ANGLE   =      1032.5988  DIHED      =      1352.0823
 1-4 NB =       451.8070  1-4 EEL =      6318.9914  VDWAALS    =      5334.0925
 EELEC  =    -62832.1522  EHBOND  =         0.0000  RESTRAINT  =        64.7081
 EAMBER (non-restraint)  =    -47983.2336
 ------------------------------------------------------------------------------

wrapping first mol.:       20.88048       29.52946       51.14652
wrapping first mol.:       20.88048       29.52946       51.14652

 NSTEP =    49000   TIME(PS) =    1538.000  TEMP(K) =   297.13  PRESS =     0.0
 Etot   =    -38005.1665  EKtot   =      9927.1543  EPtot      =    -47932.3208
 BOND   =       349.4353  ANGLE   =      1067.5115  DIHED      =      1350.0548
 1-4 NB =       455.9598  1-4 EEL =      6290.0914  VDWAALS    =      5495.2747
 EELEC  =    -63010.4544  EHBOND  =         0.0000  RESTRAINT  =        69.8062
 EAMBER (non-restraint)  =    -48002.1269
 ------------------------------------------------------------------------------

wrapping first mol.:       20.88048       29.52946       51.14652
wrapping first mol.:       20.88048       29.52946       51.14652

 NSTEP =    49500   TIME(PS) =    1539.000  TEMP(K) =   301.99  PRESS =     0.0
 Etot   =    -38020.8300  EKtot   =     10089.7461  EPtot      =    -48110.5761
 BOND   =       379.5874  ANGLE   =      1042.7171  DIHED      =      1363.7849
 1-4 NB =       432.1984  1-4 EEL =      6323.6709  VDWAALS    =      5232.8975
 EELEC  =    -62954.7658  EHBOND  =         0.0000  RESTRAINT  =        69.3336
 EAMBER (non-restraint)  =    -48179.9097
 ------------------------------------------------------------------------------

wrapping first mol.:       20.88048       29.52946       51.14652
wrapping first mol.:       20.88048       29.52946       51.14652

 NSTEP =    50000   TIME(PS) =    1540.000  TEMP(K) =   303.14  PRESS =     0.0
 Etot   =    -37836.2052  EKtot   =     10128.1143  EPtot      =    -47964.3194
 BOND   =       386.3497  ANGLE   =      1050.0900  DIHED      =      1326.4516
 1-4 NB =       437.2360  1-4 EEL =      6303.2395  VDWAALS    =      5358.9349
 EELEC  =    -62894.1390  EHBOND  =         0.0000  RESTRAINT  =        67.5179
 EAMBER (non-restraint)  =    -48031.8374
 ------------------------------------------------------------------------------


      A V E R A G E S   O V E R     100 S T E P S


 NSTEP =    50000   TIME(PS) =    1540.000  TEMP(K) =   300.22  PRESS =     0.0
 Etot   =    -38069.0576  EKtot   =     10030.6508  EPtot      =    -48099.7084
 BOND   =       355.2667  ANGLE   =      1058.7370  DIHED      =      1350.0002
 1-4 NB =       448.4670  1-4 EEL =      6301.2427  VDWAALS    =      5410.2152
 EELEC  =    -63094.5219  EHBOND  =         0.0000  RESTRAINT  =        70.8846
 EAMBER (non-restraint)  =    -48170.5930
 ------------------------------------------------------------------------------


      R M S  F L U C T U A T I O N S


 NSTEP =    50000   TIME(PS) =    1540.000  TEMP(K) =     2.35  PRESS =     0.0
 Etot   =       129.6793  EKtot   =        78.4247  EPtot      =       108.2844
 BOND   =        17.4597  ANGLE   =        25.8176  DIHED      =        14.1497
 1-4 NB =         9.3805  1-4 EEL =        19.4533  VDWAALS    =       108.7424
 EELEC  =       172.8876  EHBOND  =         0.0000  RESTRAINT  =         4.7588
 EAMBER (non-restraint)  =       103.5256
 ------------------------------------------------------------------------------

--------------------------------------------------------------------------------
   5.  TIMINGS
--------------------------------------------------------------------------------

|  NonSetup CPU Time in Major Routines:
|
|     Routine           Sec        %
|     ------------------------------
|     Nonbond          14.02   36.03
|     Bond              0.00    0.00
|     Angle             0.00    0.00
|     Dihedral          0.00    0.00
|     Shake             0.74    1.90
|     RunMD            24.04   61.80
|     Other             0.10    0.27
|     ------------------------------
|     Total            38.90

|  PME Nonbond Pairlist CPU Time:
|
|     Routine              Sec        %
|     ---------------------------------
|     Set Up Cit           0.00    0.00
|     Build List           0.00    0.00
|     ---------------------------------
|     Total                0.00    0.00

|  PME Direct Force CPU Time:
|
|     Routine              Sec        %
|     ---------------------------------
|     NonBonded Calc       0.00    0.00
|     Exclude Masked       0.00    0.00
|     Other                0.05    0.13
|     ---------------------------------
|     Total                0.05    0.13

|  PME Reciprocal Force CPU Time:
|
|     Routine              Sec        %
|     ---------------------------------
|     1D bspline           0.00    0.00
|     Grid Charges         0.00    0.00
|     Scalar Sum           0.00    0.00
|     Gradient Sum         0.00    0.00
|     FFT                  0.00    0.00
|     ---------------------------------
|     Total                0.00    0.00

|  Final Performance Info:
|     -----------------------------------------------------
|     Average timings for last   49500 steps:
|     Elapsed(s) =      38.63 Per Step(ms) =       0.78
|         ns/day =     221.40   seconds/ns =     390.25
|
|     Average timings for all steps:
|     Elapsed(s) =      39.04 Per Step(ms) =       0.78
|         ns/day =     221.33   seconds/ns =     390.37
|     -----------------------------------------------------

|  Setup CPU time:            2.35 seconds
|  NonSetup CPU time:        38.90 seconds
|  Total CPU time:           41.26 seconds     0.01 hours

|  Setup wall time:           3    seconds
|  NonSetup wall time:       39    seconds
|  Total wall time:          42    seconds     0.01 hours
