
          -------------------------------------------------------
          Amber 16 PMEMD                              2016
          -------------------------------------------------------

| PMEMD implementation of SANDER, Release 16

| Run on 11/17/2017 at 08:27:20

|   Executable path: /apps/amber16/bin/pmemd.cuda
| Working directory: /home/pbarletta
|          Hostname: mordor

  [-O]verwriting output

File Assignments:
|   MDIN: /scratch/pbarletta/cph_obp/run/eol/mhe/e/16equ.in                     
|  MDOUT: /scratch/pbarletta/cph_obp/run/eol/mhe/e/16equ.out                    
| INPCRD: /scratch/pbarletta/cph_obp/run/eol/mhe/e/15eeol.rst7                  
|   PARM: /scratch/pbarletta/cph_obp/top_files/eol.prmtop                       
| RESTRT: /scratch/pbarletta/cph_obp/run/eol/mhe/e/16eeol.rst7                  
|   REFC: /scratch/pbarletta/cph_obp/run/eol/mhe/e/15eeol.rst7                  
|  MDVEL: mdvel                                                                 
|   MDEN: mden                                                                  
|  MDCRD: /scratch/pbarletta/cph_obp/run/eol/mhe/e/16eeol.nc                    
| MDINFO: mdinfo                                                                
|  MDFRC: mdfrc                                                                 


 Here is the input file:

Equilibration with solute restrictions                                         
&cntrl                                                                         
imin = 0,                           ! No Minimization                          
nmropt = 0,                         ! No NMR restraints read                   
                                                                               
! Nature and format of the input                                               
ntx = 5,                            ! Coordinates but no velocities will be rea
irest = 1,                          ! Do not run a new simulation              
                                                                               
! Nature and format of the output                                              
ntxo = 1,                           ! rstrt file in ASCII format               
ntpr = 500,                         ! inf in output every ntpr steps           
ntwr = 500,                         ! rstrt file every ntwr steps              
ntwx = 500,                         ! mdcrd file every ntwx steps              
ntwv = 0,                           ! mdvel without velocities                 
ntwe = 0,                           ! Energies and temperatures not written in 
idecomp = 0,                        ! No energy decomposition                  
iwrap = 1,                          ! Coordinates of the restart and mdcrd file
                                                                               
! Frozen or restrained atoms                                                   
ibelly = 0,                         ! No frozen atoms                          
ntr=1,                              ! Harmonic potential restraints            
restraint_wt = 1.5,                ! The weight for the positional restraints  
restraintmask = ':1-120@N,CA,C,O',  ! restrained residues                      
                                                                               
! Molecular dynamics                                                           
nstlim = 50000,                     ! Number of MD-steps                       
dt = 0.002,                         ! Time step                                
                                                                               
! Temperature regulation                                                       
ntt = 3,                            ! Langevin thermostat                      
gamma_ln = 5,                       ! Gamma constant for Langevin              
temp0 = 300.0,                      ! Reference T at which the system is to be 
tempi = 300.0,                      ! Initial T                                
ig = -1,                            ! Seed for the RNG                         
                                                                               
! P and V regulation                                                           
ntp = 0,                            ! No pressure control                      
ntb = 1,                            ! Periodic box for constant V              
                                                                               
! SHAKE variables                                                              
ntc = 2,                            ! Bonds involving H are constrained        
ntf = 2,                            ! Bond interaction involving H are ommited.
                                                                               
cut = 10.0,                         ! Nonbonded cutoff                         
                                                                               
/                                                                              
&end                                                                           


Note: ig = -1. Setting random seed to   977887 based on wallclock time in 
      microseconds.
| irandom = 1, using AMBER's internal random number generator (default).
 
|--------------------- INFORMATION ----------------------
| GPU (CUDA) Version of PMEMD in use: NVIDIA GPU IN USE.
|                    Version 16.0.0
| 
|                      02/25/2016
| 
| Implementation by:
|                    Ross C. Walker     (SDSC)
|                    Scott Le Grand     (nVIDIA)
| 
| Precision model in use:
|      [SPFP] - Single Precision Forces, 64-bit Fixed Point
|               Accumulation. (Default)
| 
|--------------------------------------------------------
 
|----------------- CITATION INFORMATION -----------------
|
|    When publishing work that utilized the CUDA version
|    of AMBER, please cite the following in addition to
|    the regular AMBER citations:
|
|  - Romelia Salomon-Ferrer; Andreas W. Goetz; Duncan
|    Poole; Scott Le Grand; Ross C. Walker "Routine
|    microsecond molecular dynamics simulations with
|    AMBER - Part II: Particle Mesh Ewald", J. Chem.
|    Theory Comput., 2013, 9 (9), pp3878-3888,
|    DOI: 10.1021/ct400314y.
|
|  - Andreas W. Goetz; Mark J. Williamson; Dong Xu;
|    Duncan Poole; Scott Le Grand; Ross C. Walker
|    "Routine microsecond molecular dynamics simulations
|    with AMBER - Part I: Generalized Born", J. Chem.
|    Theory Comput., 2012, 8 (5), pp1542-1555.
|
|  - Scott Le Grand; Andreas W. Goetz; Ross C. Walker
|    "SPFP: Speed without compromise - a mixed precision
|    model for GPU accelerated molecular dynamics
|    simulations.", Comp. Phys. Comm., 2013, 184
|    pp374-380, DOI: 10.1016/j.cpc.2012.09.022
|
|--------------------------------------------------------
 
|------------------- GPU DEVICE INFO --------------------
|
|            CUDA_VISIBLE_DEVICES: 2
|   CUDA Capable Devices Detected:      1
|           CUDA Device ID in use:      0
|                CUDA Device Name: GeForce GTX 1080 Ti
|     CUDA Device Global Mem Size:  11172 MB
| CUDA Device Num Multiprocessors:     28
|           CUDA Device Core Freq:   1.58 GHz
|
|--------------------------------------------------------
 
 
| Conditional Compilation Defines Used:
| PUBFFT
| BINTRAJ
| CUDA
| EMIL

| Largest sphere to fit in unit cell has radius =    25.573

| New format PARM file being parsed.
| Version =    1.000 Date = 11/14/17 Time = 21:40:14

| Note: 1-4 EEL scale factors are being read from the topology file.

| Note: 1-4 VDW scale factors are being read from the topology file.
| Duplicated    0 dihedrals

| Duplicated    0 dihedrals

--------------------------------------------------------------------------------
   1.  RESOURCE   USE: 
--------------------------------------------------------------------------------

 getting new box info from bottom of inpcrd
 NATOM  =   16335 NTYPES =      18 NBONH =   15379 MBONA  =     963
 NTHETH =    2359 MTHETA =    1293 NPHIH =    4500 MPHIA  =    3265
 NHPARM =       0 NPARM  =       0 NNB   =   30156 NRES   =    4896
 NBONA  =     963 NTHETA =    1293 NPHIA =    3265 NUMBND =      51
 NUMANG =     105 NPTRA  =      41 NATYP =      35 NPHB   =       1
 IFBOX  =       2 NMXRS  =      24 IFCAP =       0 NEXTRA =       0
 NCOPY  =       0

| Coordinate Index Table dimensions:    10   10   10
| Direct force subcell size =     6.2641    6.2641    6.2641

     BOX TYPE: TRUNCATED OCTAHEDRON

--------------------------------------------------------------------------------
   2.  CONTROL  DATA  FOR  THE  RUN
--------------------------------------------------------------------------------

default_name                                                                    

General flags:
     imin    =       0, nmropt  =       0

Nature and format of input:
     ntx     =       5, irest   =       1, ntrx    =       1

Nature and format of output:
     ntxo    =       1, ntpr    =     500, ntrx    =       1, ntwr    =     500
     iwrap   =       1, ntwx    =     500, ntwv    =       0, ntwe    =       0
     ioutfm  =       1, ntwprt  =       0, idecomp =       0, rbornstat=      0

Potential function:
     ntf     =       2, ntb     =       1, igb     =       0, nsnb    =      25
     ipol    =       0, gbsa    =       0, iesp    =       0
     dielc   =   1.00000, cut     =  10.00000, intdiel =   1.00000

Frozen or restrained atoms:
     ibelly  =       0, ntr     =       1
     restraint_wt =   1.50000

Molecular dynamics:
     nstlim  =     50000, nscm    =         0, nrespa  =         1
     t       =   0.00000, dt      =   0.00200, vlimit  =  -1.00000

Langevin dynamics temperature regulation:
     ig      =  977887
     temp0   = 300.00000, tempi   = 300.00000, gamma_ln=   5.00000

SHAKE:
     ntc     =       2, jfastw  =       0
     tol     =   0.00001

| Intermolecular bonds treatment:
|     no_intermolecular_bonds =       1

| Energy averages sample interval:
|     ene_avg_sampling =     500

Ewald parameters:
     verbose =       0, ew_type =       0, nbflag  =       1, use_pme =       1
     vdwmeth =       1, eedmeth =       1, netfrc  =       1
     Box X =   62.641   Box Y =   62.641   Box Z =   62.641
     Alpha =  109.471   Beta  =  109.471   Gamma =  109.471
     NFFT1 =   64       NFFT2 =   64       NFFT3 =   64
     Cutoff=   10.000   Tol   =0.100E-04
     Ewald Coefficient =  0.27511
     Interpolation order =    4

    LOADING THE CONSTRAINED ATOMS AS GROUPS


   5.  REFERENCE ATOM COORDINATES

  default_name                                                                    
     Mask :1-120@N,CA,C,O; matches   476 atoms

--------------------------------------------------------------------------------
   3.  ATOMIC COORDINATES AND VELOCITIES
--------------------------------------------------------------------------------

default_name                                                                    
 begin time read from input coords =  1640.000 ps

 
 Number of triangulated 3-point waters found:     4775

     Sum of charges from parm topology file =  -0.00000006
     Forcing neutrality...

| Dynamic Memory, Types Used:
| Reals              619308
| Integers           586628

| Nonbonded Pairs Initial Allocation:     4940929

| GPU memory information (estimate):
| KB of GPU memory in use:    123232
| KB of CPU memory in use:     26926

--------------------------------------------------------------------------------
   4.  RESULTS
--------------------------------------------------------------------------------

 ---------------------------------------------------
 APPROXIMATING switch and d/dx switch using CUBIC SPLINE INTERPOLATION
 using   5000.0 points per unit in tabled values
 TESTING RELATIVE ERROR over r ranging from 0.0 to cutoff
| CHECK switch(x): max rel err =   0.2738E-14   at   2.422500
| CHECK d/dx switch(x): max rel err =   0.8314E-11   at   2.736960
 ---------------------------------------------------
|---------------------------------------------------
| APPROXIMATING direct energy using CUBIC SPLINE INTERPOLATION
|  with   50.0 points per unit in tabled values
| Relative Error Limit not exceeded for r .gt.   2.33
| APPROXIMATING direct force using CUBIC SPLINE INTERPOLATION
|  with   50.0 points per unit in tabled values
| Relative Error Limit not exceeded for r .gt.   2.80
|---------------------------------------------------
wrapping first mol.:       20.88048       29.52946       51.14652
wrapping first mol.:       20.88048       29.52946       51.14652

 NSTEP =      500   TIME(PS) =    1641.000  TEMP(K) =   297.26  PRESS =     0.0
 Etot   =    -38044.0105  EKtot   =      9931.4854  EPtot      =    -47975.4958
 BOND   =       357.8493  ANGLE   =      1110.4643  DIHED      =      1353.2899
 1-4 NB =       448.7777  1-4 EEL =      6361.8482  VDWAALS    =      5381.7131
 EELEC  =    -63039.9306  EHBOND  =         0.0000  RESTRAINT  =        50.4923
 EAMBER (non-restraint)  =    -48025.9881
 ------------------------------------------------------------------------------

wrapping first mol.:       20.88048       29.52946       51.14652
wrapping first mol.:       20.88048       29.52946       51.14652

 NSTEP =     1000   TIME(PS) =    1642.000  TEMP(K) =   297.23  PRESS =     0.0
 Etot   =    -38218.7559  EKtot   =      9930.5371  EPtot      =    -48149.2930
 BOND   =       338.4072  ANGLE   =      1069.5660  DIHED      =      1383.9304
 1-4 NB =       436.5757  1-4 EEL =      6279.9078  VDWAALS    =      5598.7219
 EELEC  =    -63305.3108  EHBOND  =         0.0000  RESTRAINT  =        48.9087
 EAMBER (non-restraint)  =    -48198.2017
 ------------------------------------------------------------------------------

wrapping first mol.:       20.88048       29.52946       51.14652
wrapping first mol.:       20.88048       29.52946       51.14652

 NSTEP =     1500   TIME(PS) =    1643.000  TEMP(K) =   300.14  PRESS =     0.0
 Etot   =    -38127.8349  EKtot   =     10027.7295  EPtot      =    -48155.5644
 BOND   =       337.6730  ANGLE   =      1048.7773  DIHED      =      1342.0219
 1-4 NB =       440.1334  1-4 EEL =      6372.8415  VDWAALS    =      5341.8233
 EELEC  =    -63085.4666  EHBOND  =         0.0000  RESTRAINT  =        46.6318
 EAMBER (non-restraint)  =    -48202.1962
 ------------------------------------------------------------------------------

wrapping first mol.:       20.88048       29.52946       51.14652
wrapping first mol.:       20.88048       29.52946       51.14652

 NSTEP =     2000   TIME(PS) =    1644.000  TEMP(K) =   301.59  PRESS =     0.0
 Etot   =    -37952.8652  EKtot   =     10076.4268  EPtot      =    -48029.2919
 BOND   =       355.3419  ANGLE   =      1069.6619  DIHED      =      1355.2318
 1-4 NB =       445.2889  1-4 EEL =      6315.3307  VDWAALS    =      5346.2584
 EELEC  =    -62962.0352  EHBOND  =         0.0000  RESTRAINT  =        45.6296
 EAMBER (non-restraint)  =    -48074.9216
 ------------------------------------------------------------------------------

wrapping first mol.:       20.88048       29.52946       51.14652
wrapping first mol.:       20.88048       29.52946       51.14652

 NSTEP =     2500   TIME(PS) =    1645.000  TEMP(K) =   299.40  PRESS =     0.0
 Etot   =    -38034.3692  EKtot   =     10003.1807  EPtot      =    -48037.5499
 BOND   =       358.4596  ANGLE   =      1042.7676  DIHED      =      1349.1315
 1-4 NB =       436.4377  1-4 EEL =      6330.7913  VDWAALS    =      5253.9837
 EELEC  =    -62859.2361  EHBOND  =         0.0000  RESTRAINT  =        50.1148
 EAMBER (non-restraint)  =    -48087.6647
 ------------------------------------------------------------------------------

wrapping first mol.:       20.88048       29.52946       51.14652
wrapping first mol.:       20.88048       29.52946       51.14652

 NSTEP =     3000   TIME(PS) =    1646.000  TEMP(K) =   299.02  PRESS =     0.0
 Etot   =    -37918.3097  EKtot   =      9990.4736  EPtot      =    -47908.7833
 BOND   =       365.6847  ANGLE   =      1114.3028  DIHED      =      1352.9421
 1-4 NB =       433.2359  1-4 EEL =      6312.3001  VDWAALS    =      5347.8273
 EELEC  =    -62884.8228  EHBOND  =         0.0000  RESTRAINT  =        49.7467
 EAMBER (non-restraint)  =    -47958.5300
 ------------------------------------------------------------------------------

wrapping first mol.:       20.88048       29.52946       51.14652
wrapping first mol.:       20.88048       29.52946       51.14652

 NSTEP =     3500   TIME(PS) =    1647.000  TEMP(K) =   298.13  PRESS =     0.0
 Etot   =    -38002.9700  EKtot   =      9960.7764  EPtot      =    -47963.7464
 BOND   =       339.1314  ANGLE   =      1052.7267  DIHED      =      1345.7358
 1-4 NB =       451.0439  1-4 EEL =      6346.4418  VDWAALS    =      5364.4390
 EELEC  =    -62911.2482  EHBOND  =         0.0000  RESTRAINT  =        47.9832
 EAMBER (non-restraint)  =    -48011.7296
 ------------------------------------------------------------------------------

wrapping first mol.:       20.88048       29.52946       51.14652
wrapping first mol.:       20.88048       29.52946       51.14652

 NSTEP =     4000   TIME(PS) =    1648.000  TEMP(K) =   300.97  PRESS =     0.0
 Etot   =    -37988.0592  EKtot   =     10055.5449  EPtot      =    -48043.6041
 BOND   =       356.5625  ANGLE   =      1031.1336  DIHED      =      1329.3695
 1-4 NB =       446.9756  1-4 EEL =      6323.2361  VDWAALS    =      5441.1705
 EELEC  =    -63027.9101  EHBOND  =         0.0000  RESTRAINT  =        55.8583
 EAMBER (non-restraint)  =    -48099.4625
 ------------------------------------------------------------------------------

wrapping first mol.:       20.88048       29.52946       51.14652
wrapping first mol.:       20.88048       29.52946       51.14652

 NSTEP =     4500   TIME(PS) =    1649.000  TEMP(K) =   299.33  PRESS =     0.0
 Etot   =    -38043.0145  EKtot   =     10000.8652  EPtot      =    -48043.8798
 BOND   =       336.9395  ANGLE   =      1049.2465  DIHED      =      1366.5782
 1-4 NB =       441.0567  1-4 EEL =      6334.3845  VDWAALS    =      5535.0352
 EELEC  =    -63165.6401  EHBOND  =         0.0000  RESTRAINT  =        58.5197
 EAMBER (non-restraint)  =    -48102.3994
 ------------------------------------------------------------------------------

wrapping first mol.:       20.88048       29.52946       51.14652
wrapping first mol.:       20.88048       29.52946       51.14652

 NSTEP =     5000   TIME(PS) =    1650.000  TEMP(K) =   303.83  PRESS =     0.0
 Etot   =    -37975.0279  EKtot   =     10151.2275  EPtot      =    -48126.2554
 BOND   =       362.0178  ANGLE   =      1055.7201  DIHED      =      1356.7599
 1-4 NB =       442.9710  1-4 EEL =      6354.7932  VDWAALS    =      5475.4159
 EELEC  =    -63222.4955  EHBOND  =         0.0000  RESTRAINT  =        48.5621
 EAMBER (non-restraint)  =    -48174.8175
 ------------------------------------------------------------------------------

wrapping first mol.:       20.88048       29.52946       51.14652
wrapping first mol.:       20.88048       29.52946       51.14652

 NSTEP =     5500   TIME(PS) =    1651.000  TEMP(K) =   301.25  PRESS =     0.0
 Etot   =    -38051.8629  EKtot   =     10065.1016  EPtot      =    -48116.9645
 BOND   =       350.4773  ANGLE   =      1038.4151  DIHED      =      1354.6448
 1-4 NB =       461.7376  1-4 EEL =      6330.7280  VDWAALS    =      5319.7932
 EELEC  =    -63019.8379  EHBOND  =         0.0000  RESTRAINT  =        47.0776
 EAMBER (non-restraint)  =    -48164.0420
 ------------------------------------------------------------------------------

wrapping first mol.:       20.88048       29.52946       51.14652
wrapping first mol.:       20.88048       29.52946       51.14652

 NSTEP =     6000   TIME(PS) =    1652.000  TEMP(K) =   299.94  PRESS =     0.0
 Etot   =    -38104.5011  EKtot   =     10021.1729  EPtot      =    -48125.6740
 BOND   =       370.3440  ANGLE   =      1020.9987  DIHED      =      1351.0086
 1-4 NB =       450.9856  1-4 EEL =      6365.0875  VDWAALS    =      5425.0562
 EELEC  =    -63152.2465  EHBOND  =         0.0000  RESTRAINT  =        43.0920
 EAMBER (non-restraint)  =    -48168.7660
 ------------------------------------------------------------------------------

wrapping first mol.:       20.88048       29.52946       51.14652
wrapping first mol.:       20.88048       29.52946       51.14652

 NSTEP =     6500   TIME(PS) =    1653.000  TEMP(K) =   300.56  PRESS =     0.0
 Etot   =    -38060.4908  EKtot   =     10041.7744  EPtot      =    -48102.2652
 BOND   =       329.2443  ANGLE   =      1079.9081  DIHED      =      1365.0669
 1-4 NB =       451.5036  1-4 EEL =      6359.3961  VDWAALS    =      5452.2113
 EELEC  =    -63193.2989  EHBOND  =         0.0000  RESTRAINT  =        53.7034
 EAMBER (non-restraint)  =    -48155.9686
 ------------------------------------------------------------------------------

wrapping first mol.:       20.88048       29.52946       51.14652
wrapping first mol.:       20.88048       29.52946       51.14652

 NSTEP =     7000   TIME(PS) =    1654.000  TEMP(K) =   301.86  PRESS =     0.0
 Etot   =    -37967.3277  EKtot   =     10085.1816  EPtot      =    -48052.5094
 BOND   =       345.8341  ANGLE   =      1073.6635  DIHED      =      1357.6881
 1-4 NB =       454.3501  1-4 EEL =      6326.7306  VDWAALS    =      5470.2092
 EELEC  =    -63131.9696  EHBOND  =         0.0000  RESTRAINT  =        50.9845
 EAMBER (non-restraint)  =    -48103.4939
 ------------------------------------------------------------------------------

wrapping first mol.:       20.88048       29.52946       51.14652
wrapping first mol.:       20.88048       29.52946       51.14652

 NSTEP =     7500   TIME(PS) =    1655.000  TEMP(K) =   302.42  PRESS =     0.0
 Etot   =    -37922.6427  EKtot   =     10104.0781  EPtot      =    -48026.7208
 BOND   =       342.0345  ANGLE   =      1092.8748  DIHED      =      1359.3557
 1-4 NB =       457.5274  1-4 EEL =      6300.8391  VDWAALS    =      5069.3223
 EELEC  =    -62701.7843  EHBOND  =         0.0000  RESTRAINT  =        53.1096
 EAMBER (non-restraint)  =    -48079.8305
 ------------------------------------------------------------------------------

wrapping first mol.:       20.88048       29.52946       51.14652
wrapping first mol.:       20.88048       29.52946       51.14652

 NSTEP =     8000   TIME(PS) =    1656.000  TEMP(K) =   298.29  PRESS =     0.0
 Etot   =    -38176.6170  EKtot   =      9966.2148  EPtot      =    -48142.8318
 BOND   =       359.5014  ANGLE   =      1058.2825  DIHED      =      1359.4527
 1-4 NB =       454.1917  1-4 EEL =      6360.0543  VDWAALS    =      5403.3050
 EELEC  =    -63187.7470  EHBOND  =         0.0000  RESTRAINT  =        50.1277
 EAMBER (non-restraint)  =    -48192.9595
 ------------------------------------------------------------------------------

wrapping first mol.:       20.88048       29.52946       51.14652
wrapping first mol.:       20.88048       29.52946       51.14652

 NSTEP =     8500   TIME(PS) =    1657.000  TEMP(K) =   300.51  PRESS =     0.0
 Etot   =    -38194.9489  EKtot   =     10040.2578  EPtot      =    -48235.2067
 BOND   =       339.3232  ANGLE   =      1082.2953  DIHED      =      1359.0112
 1-4 NB =       447.9624  1-4 EEL =      6330.0282  VDWAALS    =      5375.2539
 EELEC  =    -63231.8314  EHBOND  =         0.0000  RESTRAINT  =        62.7506
 EAMBER (non-restraint)  =    -48297.9573
 ------------------------------------------------------------------------------

wrapping first mol.:       20.88048       29.52946       51.14652
wrapping first mol.:       20.88048       29.52946       51.14652

 NSTEP =     9000   TIME(PS) =    1658.000  TEMP(K) =   301.01  PRESS =     0.0
 Etot   =    -38112.7771  EKtot   =     10056.9102  EPtot      =    -48169.6873
 BOND   =       373.4095  ANGLE   =      1042.3399  DIHED      =      1348.2219
 1-4 NB =       426.5791  1-4 EEL =      6320.0486  VDWAALS    =      5357.9513
 EELEC  =    -63089.3702  EHBOND  =         0.0000  RESTRAINT  =        51.1327
 EAMBER (non-restraint)  =    -48220.8200
 ------------------------------------------------------------------------------

wrapping first mol.:       20.88048       29.52946       51.14652
wrapping first mol.:       20.88048       29.52946       51.14652

 NSTEP =     9500   TIME(PS) =    1659.000  TEMP(K) =   298.76  PRESS =     0.0
 Etot   =    -38138.1904  EKtot   =      9981.7520  EPtot      =    -48119.9424
 BOND   =       380.5927  ANGLE   =      1068.0822  DIHED      =      1356.9057
 1-4 NB =       440.9128  1-4 EEL =      6320.6809  VDWAALS    =      5499.2888
 EELEC  =    -63238.3857  EHBOND  =         0.0000  RESTRAINT  =        51.9801
 EAMBER (non-restraint)  =    -48171.9225
 ------------------------------------------------------------------------------

wrapping first mol.:       20.88048       29.52946       51.14652
wrapping first mol.:       20.88048       29.52946       51.14652

 NSTEP =    10000   TIME(PS) =    1660.000  TEMP(K) =   301.37  PRESS =     0.0
 Etot   =    -37933.6157  EKtot   =     10068.9824  EPtot      =    -48002.5981
 BOND   =       351.4946  ANGLE   =      1102.2843  DIHED      =      1361.6353
 1-4 NB =       450.6745  1-4 EEL =      6348.1189  VDWAALS    =      5455.0864
 EELEC  =    -63121.0585  EHBOND  =         0.0000  RESTRAINT  =        49.1664
 EAMBER (non-restraint)  =    -48051.7645
 ------------------------------------------------------------------------------

wrapping first mol.:       20.88048       29.52946       51.14652
wrapping first mol.:       20.88048       29.52946       51.14652

 NSTEP =    10500   TIME(PS) =    1661.000  TEMP(K) =   299.97  PRESS =     0.0
 Etot   =    -38286.1880  EKtot   =     10022.3105  EPtot      =    -48308.4986
 BOND   =       355.9593  ANGLE   =      1046.8007  DIHED      =      1344.3535
 1-4 NB =       462.9609  1-4 EEL =      6320.9016  VDWAALS    =      5518.3772
 EELEC  =    -63415.2454  EHBOND  =         0.0000  RESTRAINT  =        57.3937
 EAMBER (non-restraint)  =    -48365.8923
 ------------------------------------------------------------------------------

wrapping first mol.:       20.88048       29.52946       51.14652
wrapping first mol.:       20.88048       29.52946       51.14652

 NSTEP =    11000   TIME(PS) =    1662.000  TEMP(K) =   302.14  PRESS =     0.0
 Etot   =    -37853.9224  EKtot   =     10094.6064  EPtot      =    -47948.5289
 BOND   =       364.5606  ANGLE   =      1060.7443  DIHED      =      1366.0231
 1-4 NB =       430.7877  1-4 EEL =      6361.7462  VDWAALS    =      5456.6683
 EELEC  =    -63044.9825  EHBOND  =         0.0000  RESTRAINT  =        55.9234
 EAMBER (non-restraint)  =    -48004.4522
 ------------------------------------------------------------------------------

wrapping first mol.:       20.88048       29.52946       51.14652
wrapping first mol.:       20.88048       29.52946       51.14652

 NSTEP =    11500   TIME(PS) =    1663.000  TEMP(K) =   306.29  PRESS =     0.0
 Etot   =    -37848.3990  EKtot   =     10233.2246  EPtot      =    -48081.6236
 BOND   =       333.4407  ANGLE   =      1045.1719  DIHED      =      1359.2653
 1-4 NB =       451.2282  1-4 EEL =      6356.4193  VDWAALS    =      5313.3512
 EELEC  =    -62995.7912  EHBOND  =         0.0000  RESTRAINT  =        55.2909
 EAMBER (non-restraint)  =    -48136.9145
 ------------------------------------------------------------------------------

wrapping first mol.:       20.88048       29.52946       51.14652
wrapping first mol.:       20.88048       29.52946       51.14652

 NSTEP =    12000   TIME(PS) =    1664.000  TEMP(K) =   303.09  PRESS =     0.0
 Etot   =    -38018.5143  EKtot   =     10126.5391  EPtot      =    -48145.0534
 BOND   =       383.2575  ANGLE   =      1031.7082  DIHED      =      1337.1943
 1-4 NB =       437.7375  1-4 EEL =      6329.2109  VDWAALS    =      5503.8949
 EELEC  =    -63219.7420  EHBOND  =         0.0000  RESTRAINT  =        51.6853
 EAMBER (non-restraint)  =    -48196.7387
 ------------------------------------------------------------------------------

wrapping first mol.:       20.88048       29.52946       51.14652
wrapping first mol.:       20.88048       29.52946       51.14652

 NSTEP =    12500   TIME(PS) =    1665.000  TEMP(K) =   300.90  PRESS =     0.0
 Etot   =    -38073.9667  EKtot   =     10053.2080  EPtot      =    -48127.1747
 BOND   =       358.2756  ANGLE   =      1074.9523  DIHED      =      1333.9999
 1-4 NB =       455.2434  1-4 EEL =      6333.8662  VDWAALS    =      5442.3574
 EELEC  =    -63170.3029  EHBOND  =         0.0000  RESTRAINT  =        44.4335
 EAMBER (non-restraint)  =    -48171.6082
 ------------------------------------------------------------------------------

wrapping first mol.:       20.88048       29.52946       51.14652
wrapping first mol.:       20.88048       29.52946       51.14652

 NSTEP =    13000   TIME(PS) =    1666.000  TEMP(K) =   302.21  PRESS =     0.0
 Etot   =    -37935.6361  EKtot   =     10096.9434  EPtot      =    -48032.5795
 BOND   =       355.1220  ANGLE   =      1080.7511  DIHED      =      1352.6210
 1-4 NB =       440.9228  1-4 EEL =      6287.1288  VDWAALS    =      5442.5423
 EELEC  =    -63041.2592  EHBOND  =         0.0000  RESTRAINT  =        49.5918
 EAMBER (non-restraint)  =    -48082.1713
 ------------------------------------------------------------------------------

wrapping first mol.:       20.88048       29.52946       51.14652
wrapping first mol.:       20.88048       29.52946       51.14652

 NSTEP =    13500   TIME(PS) =    1667.000  TEMP(K) =   301.53  PRESS =     0.0
 Etot   =    -38034.1072  EKtot   =     10074.4658  EPtot      =    -48108.5730
 BOND   =       325.2763  ANGLE   =      1049.4202  DIHED      =      1363.9178
 1-4 NB =       441.6007  1-4 EEL =      6337.0851  VDWAALS    =      5386.6090
 EELEC  =    -63056.4972  EHBOND  =         0.0000  RESTRAINT  =        44.0152
 EAMBER (non-restraint)  =    -48152.5882
 ------------------------------------------------------------------------------

wrapping first mol.:       20.88048       29.52946       51.14652
wrapping first mol.:       20.88048       29.52946       51.14652

 NSTEP =    14000   TIME(PS) =    1668.000  TEMP(K) =   302.52  PRESS =     0.0
 Etot   =    -38037.7106  EKtot   =     10107.2656  EPtot      =    -48144.9762
 BOND   =       329.1890  ANGLE   =      1049.7480  DIHED      =      1348.7221
 1-4 NB =       441.5906  1-4 EEL =      6355.4906  VDWAALS    =      5334.4427
 EELEC  =    -63054.7358  EHBOND  =         0.0000  RESTRAINT  =        50.5763
 EAMBER (non-restraint)  =    -48195.5525
 ------------------------------------------------------------------------------

wrapping first mol.:       20.88048       29.52946       51.14652
wrapping first mol.:       20.88048       29.52946       51.14652

 NSTEP =    14500   TIME(PS) =    1669.000  TEMP(K) =   299.82  PRESS =     0.0
 Etot   =    -38119.8444  EKtot   =     10017.1484  EPtot      =    -48136.9928
 BOND   =       358.0654  ANGLE   =      1057.5547  DIHED      =      1348.2832
 1-4 NB =       435.7886  1-4 EEL =      6306.0788  VDWAALS    =      5354.3835
 EELEC  =    -63054.0467  EHBOND  =         0.0000  RESTRAINT  =        56.8996
 EAMBER (non-restraint)  =    -48193.8925
 ------------------------------------------------------------------------------

wrapping first mol.:       20.88048       29.52946       51.14652
wrapping first mol.:       20.88048       29.52946       51.14652

 NSTEP =    15000   TIME(PS) =    1670.000  TEMP(K) =   300.12  PRESS =     0.0
 Etot   =    -38146.0102  EKtot   =     10027.1553  EPtot      =    -48173.1654
 BOND   =       354.3097  ANGLE   =      1075.6606  DIHED      =      1328.6371
 1-4 NB =       451.0575  1-4 EEL =      6379.3739  VDWAALS    =      5488.8257
 EELEC  =    -63304.3673  EHBOND  =         0.0000  RESTRAINT  =        53.3373
 EAMBER (non-restraint)  =    -48226.5028
 ------------------------------------------------------------------------------

wrapping first mol.:       20.88048       29.52946       51.14652
wrapping first mol.:       20.88048       29.52946       51.14652

 NSTEP =    15500   TIME(PS) =    1671.000  TEMP(K) =   298.62  PRESS =     0.0
 Etot   =    -38268.6391  EKtot   =      9976.9932  EPtot      =    -48245.6323
 BOND   =       358.3158  ANGLE   =      1039.0499  DIHED      =      1356.0052
 1-4 NB =       444.3801  1-4 EEL =      6339.0782  VDWAALS    =      5573.3262
 EELEC  =    -63405.5558  EHBOND  =         0.0000  RESTRAINT  =        49.7681
 EAMBER (non-restraint)  =    -48295.4004
 ------------------------------------------------------------------------------

wrapping first mol.:       20.88048       29.52946       51.14652
wrapping first mol.:       20.88048       29.52946       51.14652

 NSTEP =    16000   TIME(PS) =    1672.000  TEMP(K) =   302.79  PRESS =     0.0
 Etot   =    -38000.9364  EKtot   =     10116.3887  EPtot      =    -48117.3251
 BOND   =       370.4521  ANGLE   =      1091.9055  DIHED      =      1349.7221
 1-4 NB =       444.3428  1-4 EEL =      6310.2501  VDWAALS    =      5366.7881
 EELEC  =    -63108.0849  EHBOND  =         0.0000  RESTRAINT  =        57.2990
 EAMBER (non-restraint)  =    -48174.6242
 ------------------------------------------------------------------------------

wrapping first mol.:       20.88048       29.52946       51.14652
wrapping first mol.:       20.88048       29.52946       51.14652

 NSTEP =    16500   TIME(PS) =    1673.000  TEMP(K) =   304.02  PRESS =     0.0
 Etot   =    -38019.7414  EKtot   =     10157.4023  EPtot      =    -48177.1438
 BOND   =       372.0866  ANGLE   =      1044.9539  DIHED      =      1347.8481
 1-4 NB =       453.7214  1-4 EEL =      6359.6403  VDWAALS    =      5524.5428
 EELEC  =    -63326.8525  EHBOND  =         0.0000  RESTRAINT  =        46.9157
 EAMBER (non-restraint)  =    -48224.0595
 ------------------------------------------------------------------------------

wrapping first mol.:       20.88048       29.52946       51.14652
wrapping first mol.:       20.88048       29.52946       51.14652

 NSTEP =    17000   TIME(PS) =    1674.000  TEMP(K) =   302.61  PRESS =     0.0
 Etot   =    -38013.3645  EKtot   =     10110.3203  EPtot      =    -48123.6848
 BOND   =       379.9395  ANGLE   =      1059.4476  DIHED      =      1346.6636
 1-4 NB =       447.0264  1-4 EEL =      6311.6732  VDWAALS    =      5331.9881
 EELEC  =    -63052.7936  EHBOND  =         0.0000  RESTRAINT  =        52.3704
 EAMBER (non-restraint)  =    -48176.0552
 ------------------------------------------------------------------------------

wrapping first mol.:       20.88048       29.52946       51.14652
wrapping first mol.:       20.88048       29.52946       51.14652

 NSTEP =    17500   TIME(PS) =    1675.000  TEMP(K) =   298.36  PRESS =     0.0
 Etot   =    -38144.0143  EKtot   =      9968.4883  EPtot      =    -48112.5026
 BOND   =       374.7263  ANGLE   =      1105.0079  DIHED      =      1358.6662
 1-4 NB =       448.9838  1-4 EEL =      6315.7297  VDWAALS    =      5387.7510
 EELEC  =    -63153.5403  EHBOND  =         0.0000  RESTRAINT  =        50.1728
 EAMBER (non-restraint)  =    -48162.6754
 ------------------------------------------------------------------------------

wrapping first mol.:       20.88048       29.52946       51.14652
wrapping first mol.:       20.88048       29.52946       51.14652

 NSTEP =    18000   TIME(PS) =    1676.000  TEMP(K) =   300.04  PRESS =     0.0
 Etot   =    -38136.0314  EKtot   =     10024.4385  EPtot      =    -48160.4698
 BOND   =       337.9291  ANGLE   =      1083.4202  DIHED      =      1363.1417
 1-4 NB =       441.1815  1-4 EEL =      6312.4871  VDWAALS    =      5421.0634
 EELEC  =    -63175.9960  EHBOND  =         0.0000  RESTRAINT  =        56.3032
 EAMBER (non-restraint)  =    -48216.7730
 ------------------------------------------------------------------------------

wrapping first mol.:       20.88048       29.52946       51.14652
wrapping first mol.:       20.88048       29.52946       51.14652

 NSTEP =    18500   TIME(PS) =    1677.000  TEMP(K) =   295.93  PRESS =     0.0
 Etot   =    -38118.2391  EKtot   =      9887.2988  EPtot      =    -48005.5379
 BOND   =       369.9032  ANGLE   =      1024.1351  DIHED      =      1359.0068
 1-4 NB =       444.8606  1-4 EEL =      6322.4459  VDWAALS    =      5192.3219
 EELEC  =    -62776.5947  EHBOND  =         0.0000  RESTRAINT  =        58.3834
 EAMBER (non-restraint)  =    -48063.9213
 ------------------------------------------------------------------------------

wrapping first mol.:       20.88048       29.52946       51.14652
wrapping first mol.:       20.88048       29.52946       51.14652

 NSTEP =    19000   TIME(PS) =    1678.000  TEMP(K) =   297.77  PRESS =     0.0
 Etot   =    -38121.9195  EKtot   =      9948.5820  EPtot      =    -48070.5015
 BOND   =       342.4281  ANGLE   =      1076.9729  DIHED      =      1350.0634
 1-4 NB =       432.9085  1-4 EEL =      6355.1119  VDWAALS    =      5333.5314
 EELEC  =    -63018.3579  EHBOND  =         0.0000  RESTRAINT  =        56.8401
 EAMBER (non-restraint)  =    -48127.3416
 ------------------------------------------------------------------------------

wrapping first mol.:       20.88048       29.52946       51.14652
wrapping first mol.:       20.88048       29.52946       51.14652

 NSTEP =    19500   TIME(PS) =    1679.000  TEMP(K) =   304.53  PRESS =     0.0
 Etot   =    -37665.1836  EKtot   =     10174.5352  EPtot      =    -47839.7188
 BOND   =       363.7357  ANGLE   =      1088.5731  DIHED      =      1369.1652
 1-4 NB =       438.2268  1-4 EEL =      6331.6517  VDWAALS    =      5372.7002
 EELEC  =    -62862.9858  EHBOND  =         0.0000  RESTRAINT  =        59.2143
 EAMBER (non-restraint)  =    -47898.9331
 ------------------------------------------------------------------------------

wrapping first mol.:       20.88048       29.52946       51.14652
wrapping first mol.:       20.88048       29.52946       51.14652

 NSTEP =    20000   TIME(PS) =    1680.000  TEMP(K) =   303.66  PRESS =     0.0
 Etot   =    -37742.3625  EKtot   =     10145.5674  EPtot      =    -47887.9299
 BOND   =       366.5635  ANGLE   =      1080.7148  DIHED      =      1362.3225
 1-4 NB =       466.2218  1-4 EEL =      6323.2645  VDWAALS    =      5326.3110
 EELEC  =    -62870.0120  EHBOND  =         0.0000  RESTRAINT  =        56.6841
 EAMBER (non-restraint)  =    -47944.6139
 ------------------------------------------------------------------------------

wrapping first mol.:       20.88048       29.52946       51.14652
wrapping first mol.:       20.88048       29.52946       51.14652

 NSTEP =    20500   TIME(PS) =    1681.000  TEMP(K) =   299.90  PRESS =     0.0
 Etot   =    -37873.0442  EKtot   =     10019.8711  EPtot      =    -47892.9153
 BOND   =       374.3230  ANGLE   =      1108.2672  DIHED      =      1348.7523
 1-4 NB =       458.2473  1-4 EEL =      6356.3725  VDWAALS    =      5226.6843
 EELEC  =    -62822.3384  EHBOND  =         0.0000  RESTRAINT  =        56.7764
 EAMBER (non-restraint)  =    -47949.6917
 ------------------------------------------------------------------------------

wrapping first mol.:       20.88048       29.52946       51.14652
wrapping first mol.:       20.88048       29.52946       51.14652

 NSTEP =    21000   TIME(PS) =    1682.000  TEMP(K) =   298.91  PRESS =     0.0
 Etot   =    -37981.4500  EKtot   =      9986.6240  EPtot      =    -47968.0740
 BOND   =       371.8294  ANGLE   =      1077.8400  DIHED      =      1346.4421
 1-4 NB =       451.8467  1-4 EEL =      6305.7502  VDWAALS    =      5326.5740
 EELEC  =    -62900.3119  EHBOND  =         0.0000  RESTRAINT  =        51.9554
 EAMBER (non-restraint)  =    -48020.0294
 ------------------------------------------------------------------------------

wrapping first mol.:       20.88048       29.52946       51.14652
wrapping first mol.:       20.88048       29.52946       51.14652

 NSTEP =    21500   TIME(PS) =    1683.000  TEMP(K) =   299.96  PRESS =     0.0
 Etot   =    -37951.5112  EKtot   =     10021.9189  EPtot      =    -47973.4302
 BOND   =       360.3470  ANGLE   =      1049.3199  DIHED      =      1339.2464
 1-4 NB =       447.7369  1-4 EEL =      6358.0473  VDWAALS    =      5350.2962
 EELEC  =    -62938.6280  EHBOND  =         0.0000  RESTRAINT  =        60.2041
 EAMBER (non-restraint)  =    -48033.6343
 ------------------------------------------------------------------------------

wrapping first mol.:       20.88048       29.52946       51.14652
wrapping first mol.:       20.88048       29.52946       51.14652

 NSTEP =    22000   TIME(PS) =    1684.000  TEMP(K) =   298.00  PRESS =     0.0
 Etot   =    -38201.0944  EKtot   =      9956.3135  EPtot      =    -48157.4079
 BOND   =       350.0814  ANGLE   =      1039.3868  DIHED      =      1347.6145
 1-4 NB =       455.0913  1-4 EEL =      6367.0938  VDWAALS    =      5457.7663
 EELEC  =    -63232.9999  EHBOND  =         0.0000  RESTRAINT  =        58.5579
 EAMBER (non-restraint)  =    -48215.9657
 ------------------------------------------------------------------------------

wrapping first mol.:       20.88048       29.52946       51.14652
wrapping first mol.:       20.88048       29.52946       51.14652

 NSTEP =    22500   TIME(PS) =    1685.000  TEMP(K) =   294.46  PRESS =     0.0
 Etot   =    -38254.4697  EKtot   =      9837.9551  EPtot      =    -48092.4248
 BOND   =       331.9123  ANGLE   =      1069.4516  DIHED      =      1341.2022
 1-4 NB =       457.6585  1-4 EEL =      6356.9057  VDWAALS    =      5496.6937
 EELEC  =    -63207.9441  EHBOND  =         0.0000  RESTRAINT  =        61.6953
 EAMBER (non-restraint)  =    -48154.1201
 ------------------------------------------------------------------------------

wrapping first mol.:       20.88048       29.52946       51.14652
wrapping first mol.:       20.88048       29.52946       51.14652

 NSTEP =    23000   TIME(PS) =    1686.000  TEMP(K) =   302.03  PRESS =     0.0
 Etot   =    -38140.4534  EKtot   =     10090.9463  EPtot      =    -48231.3996
 BOND   =       331.5341  ANGLE   =      1058.3815  DIHED      =      1327.5010
 1-4 NB =       455.4651  1-4 EEL =      6367.4986  VDWAALS    =      5503.3015
 EELEC  =    -63330.3975  EHBOND  =         0.0000  RESTRAINT  =        55.3161
 EAMBER (non-restraint)  =    -48286.7157
 ------------------------------------------------------------------------------

wrapping first mol.:       20.88048       29.52946       51.14652
wrapping first mol.:       20.88048       29.52946       51.14652

 NSTEP =    23500   TIME(PS) =    1687.000  TEMP(K) =   302.15  PRESS =     0.0
 Etot   =    -37976.9447  EKtot   =     10094.9023  EPtot      =    -48071.8470
 BOND   =       377.8006  ANGLE   =      1047.8154  DIHED      =      1362.2281
 1-4 NB =       462.4180  1-4 EEL =      6356.0096  VDWAALS    =      5253.4338
 EELEC  =    -62980.4536  EHBOND  =         0.0000  RESTRAINT  =        48.9012
 EAMBER (non-restraint)  =    -48120.7482
 ------------------------------------------------------------------------------

wrapping first mol.:       20.88048       29.52946       51.14652
wrapping first mol.:       20.88048       29.52946       51.14652

 NSTEP =    24000   TIME(PS) =    1688.000  TEMP(K) =   296.71  PRESS =     0.0
 Etot   =    -38014.2094  EKtot   =      9913.3906  EPtot      =    -47927.6000
 BOND   =       377.0998  ANGLE   =      1092.8259  DIHED      =      1345.9529
 1-4 NB =       442.8708  1-4 EEL =      6317.1491  VDWAALS    =      5383.9485
 EELEC  =    -62951.8609  EHBOND  =         0.0000  RESTRAINT  =        64.4139
 EAMBER (non-restraint)  =    -47992.0140
 ------------------------------------------------------------------------------

wrapping first mol.:       20.88048       29.52946       51.14652
wrapping first mol.:       20.88048       29.52946       51.14652

 NSTEP =    24500   TIME(PS) =    1689.000  TEMP(K) =   300.12  PRESS =     0.0
 Etot   =    -38153.7599  EKtot   =     10027.0527  EPtot      =    -48180.8127
 BOND   =       344.1348  ANGLE   =      1050.3327  DIHED      =      1366.2533
 1-4 NB =       448.3193  1-4 EEL =      6353.8482  VDWAALS    =      5441.0085
 EELEC  =    -63240.4810  EHBOND  =         0.0000  RESTRAINT  =        55.7715
 EAMBER (non-restraint)  =    -48236.5842
 ------------------------------------------------------------------------------

wrapping first mol.:       20.88048       29.52946       51.14652
wrapping first mol.:       20.88048       29.52946       51.14652

 NSTEP =    25000   TIME(PS) =    1690.000  TEMP(K) =   296.78  PRESS =     0.0
 Etot   =    -38462.7111  EKtot   =      9915.4961  EPtot      =    -48378.2072
 BOND   =       347.2565  ANGLE   =      1027.6677  DIHED      =      1347.8343
 1-4 NB =       442.7176  1-4 EEL =      6326.5950  VDWAALS    =      5305.5264
 EELEC  =    -63223.5123  EHBOND  =         0.0000  RESTRAINT  =        47.7076
 EAMBER (non-restraint)  =    -48425.9148
 ------------------------------------------------------------------------------

wrapping first mol.:       20.88048       29.52946       51.14652
wrapping first mol.:       20.88048       29.52946       51.14652

 NSTEP =    25500   TIME(PS) =    1691.000  TEMP(K) =   298.14  PRESS =     0.0
 Etot   =    -38304.8825  EKtot   =      9960.8945  EPtot      =    -48265.7770
 BOND   =       337.1987  ANGLE   =      1045.9261  DIHED      =      1335.2045
 1-4 NB =       465.3150  1-4 EEL =      6365.5973  VDWAALS    =      5442.5719
 EELEC  =    -63313.3315  EHBOND  =         0.0000  RESTRAINT  =        55.7410
 EAMBER (non-restraint)  =    -48321.5181
 ------------------------------------------------------------------------------

wrapping first mol.:       20.88048       29.52946       51.14652
wrapping first mol.:       20.88048       29.52946       51.14652

 NSTEP =    26000   TIME(PS) =    1692.000  TEMP(K) =   300.21  PRESS =     0.0
 Etot   =    -38184.9362  EKtot   =     10030.3135  EPtot      =    -48215.2497
 BOND   =       361.2386  ANGLE   =      1064.5346  DIHED      =      1358.5692
 1-4 NB =       453.5689  1-4 EEL =      6365.7209  VDWAALS    =      5308.3910
 EELEC  =    -63173.4246  EHBOND  =         0.0000  RESTRAINT  =        46.1518
 EAMBER (non-restraint)  =    -48261.4015
 ------------------------------------------------------------------------------

wrapping first mol.:       20.88048       29.52946       51.14652
wrapping first mol.:       20.88048       29.52946       51.14652

 NSTEP =    26500   TIME(PS) =    1693.000  TEMP(K) =   300.76  PRESS =     0.0
 Etot   =    -38249.8033  EKtot   =     10048.7158  EPtot      =    -48298.5191
 BOND   =       354.1361  ANGLE   =      1028.6977  DIHED      =      1354.0402
 1-4 NB =       447.9087  1-4 EEL =      6359.0159  VDWAALS    =      5327.2735
 EELEC  =    -63222.8923  EHBOND  =         0.0000  RESTRAINT  =        53.3011
 EAMBER (non-restraint)  =    -48351.8201
 ------------------------------------------------------------------------------

wrapping first mol.:       20.88048       29.52946       51.14652
wrapping first mol.:       20.88048       29.52946       51.14652

 NSTEP =    27000   TIME(PS) =    1694.000  TEMP(K) =   300.46  PRESS =     0.0
 Etot   =    -37942.9346  EKtot   =     10038.7178  EPtot      =    -47981.6524
 BOND   =       346.1303  ANGLE   =      1086.3365  DIHED      =      1333.0571
 1-4 NB =       463.9388  1-4 EEL =      6370.8025  VDWAALS    =      5295.3348
 EELEC  =    -62931.1569  EHBOND  =         0.0000  RESTRAINT  =        53.9046
 EAMBER (non-restraint)  =    -48035.5569
 ------------------------------------------------------------------------------

wrapping first mol.:       20.88048       29.52946       51.14652
wrapping first mol.:       20.88048       29.52946       51.14652

 NSTEP =    27500   TIME(PS) =    1695.000  TEMP(K) =   297.28  PRESS =     0.0
 Etot   =    -38295.6809  EKtot   =      9932.3906  EPtot      =    -48228.0716
 BOND   =       324.8269  ANGLE   =      1089.6215  DIHED      =      1361.3383
 1-4 NB =       453.5032  1-4 EEL =      6347.0919  VDWAALS    =      5503.0535
 EELEC  =    -63359.8721  EHBOND  =         0.0000  RESTRAINT  =        52.3651
 EAMBER (non-restraint)  =    -48280.4367
 ------------------------------------------------------------------------------

wrapping first mol.:       20.88048       29.52946       51.14652
wrapping first mol.:       20.88048       29.52946       51.14652

 NSTEP =    28000   TIME(PS) =    1696.000  TEMP(K) =   301.10  PRESS =     0.0
 Etot   =    -38007.9838  EKtot   =     10060.0186  EPtot      =    -48068.0023
 BOND   =       347.7643  ANGLE   =      1035.9634  DIHED      =      1360.3021
 1-4 NB =       429.9028  1-4 EEL =      6336.6000  VDWAALS    =      5437.9844
 EELEC  =    -63073.1979  EHBOND  =         0.0000  RESTRAINT  =        56.6785
 EAMBER (non-restraint)  =    -48124.6808
 ------------------------------------------------------------------------------

wrapping first mol.:       20.88048       29.52946       51.14652
wrapping first mol.:       20.88048       29.52946       51.14652

 NSTEP =    28500   TIME(PS) =    1697.000  TEMP(K) =   297.78  PRESS =     0.0
 Etot   =    -38178.2293  EKtot   =      9949.0928  EPtot      =    -48127.3221
 BOND   =       356.5890  ANGLE   =      1083.2601  DIHED      =      1357.0135
 1-4 NB =       452.9311  1-4 EEL =      6336.2960  VDWAALS    =      5434.2981
 EELEC  =    -63204.0150  EHBOND  =         0.0000  RESTRAINT  =        56.3050
 EAMBER (non-restraint)  =    -48183.6271
 ------------------------------------------------------------------------------

wrapping first mol.:       20.88048       29.52946       51.14652
wrapping first mol.:       20.88048       29.52946       51.14652

 NSTEP =    29000   TIME(PS) =    1698.000  TEMP(K) =   297.89  PRESS =     0.0
 Etot   =    -38074.1083  EKtot   =      9952.5430  EPtot      =    -48026.6513
 BOND   =       341.9827  ANGLE   =      1049.8232  DIHED      =      1394.0304
 1-4 NB =       448.5239  1-4 EEL =      6335.5659  VDWAALS    =      5325.6917
 EELEC  =    -62967.1988  EHBOND  =         0.0000  RESTRAINT  =        44.9296
 EAMBER (non-restraint)  =    -48071.5809
 ------------------------------------------------------------------------------

wrapping first mol.:       20.88048       29.52946       51.14652
wrapping first mol.:       20.88048       29.52946       51.14652

 NSTEP =    29500   TIME(PS) =    1699.000  TEMP(K) =   300.99  PRESS =     0.0
 Etot   =    -38072.1906  EKtot   =     10056.2559  EPtot      =    -48128.4465
 BOND   =       342.4434  ANGLE   =      1091.5646  DIHED      =      1377.3913
 1-4 NB =       451.8563  1-4 EEL =      6331.3629  VDWAALS    =      5416.5843
 EELEC  =    -63194.4777  EHBOND  =         0.0000  RESTRAINT  =        54.8283
 EAMBER (non-restraint)  =    -48183.2748
 ------------------------------------------------------------------------------

wrapping first mol.:       20.88048       29.52946       51.14652
wrapping first mol.:       20.88048       29.52946       51.14652

 NSTEP =    30000   TIME(PS) =    1700.000  TEMP(K) =   298.89  PRESS =     0.0
 Etot   =    -38097.0170  EKtot   =      9985.9648  EPtot      =    -48082.9819
 BOND   =       364.7947  ANGLE   =      1065.0658  DIHED      =      1354.4166
 1-4 NB =       462.7272  1-4 EEL =      6350.5750  VDWAALS    =      5471.2256
 EELEC  =    -63208.3474  EHBOND  =         0.0000  RESTRAINT  =        56.5607
 EAMBER (non-restraint)  =    -48139.5425
 ------------------------------------------------------------------------------

wrapping first mol.:       20.88048       29.52946       51.14652
wrapping first mol.:       20.88048       29.52946       51.14652

 NSTEP =    30500   TIME(PS) =    1701.000  TEMP(K) =   298.54  PRESS =     0.0
 Etot   =    -38384.4173  EKtot   =      9974.3887  EPtot      =    -48358.8060
 BOND   =       371.9550  ANGLE   =      1042.1434  DIHED      =      1359.5374
 1-4 NB =       442.5527  1-4 EEL =      6333.8763  VDWAALS    =      5299.7406
 EELEC  =    -63256.2680  EHBOND  =         0.0000  RESTRAINT  =        47.6567
 EAMBER (non-restraint)  =    -48406.4626
 ------------------------------------------------------------------------------

wrapping first mol.:       20.88048       29.52946       51.14652
wrapping first mol.:       20.88048       29.52946       51.14652

 NSTEP =    31000   TIME(PS) =    1702.000  TEMP(K) =   303.34  PRESS =     0.0
 Etot   =    -38263.2749  EKtot   =     10134.7676  EPtot      =    -48398.0424
 BOND   =       353.9797  ANGLE   =      1036.0009  DIHED      =      1356.9974
 1-4 NB =       453.4754  1-4 EEL =      6348.1663  VDWAALS    =      5609.0941
 EELEC  =    -63603.7314  EHBOND  =         0.0000  RESTRAINT  =        47.9752
 EAMBER (non-restraint)  =    -48446.0176
 ------------------------------------------------------------------------------

wrapping first mol.:       20.88048       29.52946       51.14652
wrapping first mol.:       20.88048       29.52946       51.14652

 NSTEP =    31500   TIME(PS) =    1703.000  TEMP(K) =   304.44  PRESS =     0.0
 Etot   =    -38021.5245  EKtot   =     10171.5508  EPtot      =    -48193.0753
 BOND   =       341.9438  ANGLE   =      1069.3632  DIHED      =      1342.5089
 1-4 NB =       452.3254  1-4 EEL =      6330.7382  VDWAALS    =      5406.5298
 EELEC  =    -63189.3355  EHBOND  =         0.0000  RESTRAINT  =        52.8508
 EAMBER (non-restraint)  =    -48245.9261
 ------------------------------------------------------------------------------

wrapping first mol.:       20.88048       29.52946       51.14652
wrapping first mol.:       20.88048       29.52946       51.14652

 NSTEP =    32000   TIME(PS) =    1704.000  TEMP(K) =   300.02  PRESS =     0.0
 Etot   =    -37889.2057  EKtot   =     10024.0078  EPtot      =    -47913.2136
 BOND   =       354.6116  ANGLE   =      1100.7133  DIHED      =      1355.0321
 1-4 NB =       459.4216  1-4 EEL =      6281.7321  VDWAALS    =      5192.4372
 EELEC  =    -62710.1771  EHBOND  =         0.0000  RESTRAINT  =        53.0156
 EAMBER (non-restraint)  =    -47966.2292
 ------------------------------------------------------------------------------

wrapping first mol.:       20.88048       29.52946       51.14652
wrapping first mol.:       20.88048       29.52946       51.14652

 NSTEP =    32500   TIME(PS) =    1705.000  TEMP(K) =   300.36  PRESS =     0.0
 Etot   =    -37960.3490  EKtot   =     10035.2109  EPtot      =    -47995.5599
 BOND   =       351.9018  ANGLE   =      1013.1222  DIHED      =      1338.6339
 1-4 NB =       454.3594  1-4 EEL =      6371.8044  VDWAALS    =      5150.2787
 EELEC  =    -62732.1307  EHBOND  =         0.0000  RESTRAINT  =        56.4705
 EAMBER (non-restraint)  =    -48052.0304
 ------------------------------------------------------------------------------

wrapping first mol.:       20.88048       29.52946       51.14652
wrapping first mol.:       20.88048       29.52946       51.14652

 NSTEP =    33000   TIME(PS) =    1706.000  TEMP(K) =   294.89  PRESS =     0.0
 Etot   =    -38260.7666  EKtot   =      9852.5117  EPtot      =    -48113.2783
 BOND   =       335.6337  ANGLE   =      1081.1022  DIHED      =      1366.0808
 1-4 NB =       446.6685  1-4 EEL =      6305.4810  VDWAALS    =      5408.1511
 EELEC  =    -63105.9269  EHBOND  =         0.0000  RESTRAINT  =        49.5314
 EAMBER (non-restraint)  =    -48162.8097
 ------------------------------------------------------------------------------

wrapping first mol.:       20.88048       29.52946       51.14652
wrapping first mol.:       20.88048       29.52946       51.14652

 NSTEP =    33500   TIME(PS) =    1707.000  TEMP(K) =   301.39  PRESS =     0.0
 Etot   =    -38069.7853  EKtot   =     10069.6592  EPtot      =    -48139.4445
 BOND   =       361.8815  ANGLE   =      1055.2501  DIHED      =      1336.8851
 1-4 NB =       453.3533  1-4 EEL =      6349.7050  VDWAALS    =      5467.8220
 EELEC  =    -63220.5760  EHBOND  =         0.0000  RESTRAINT  =        56.2344
 EAMBER (non-restraint)  =    -48195.6789
 ------------------------------------------------------------------------------

wrapping first mol.:       20.88048       29.52946       51.14652
wrapping first mol.:       20.88048       29.52946       51.14652

 NSTEP =    34000   TIME(PS) =    1708.000  TEMP(K) =   302.77  PRESS =     0.0
 Etot   =    -37892.0304  EKtot   =     10115.8379  EPtot      =    -48007.8683
 BOND   =       360.5505  ANGLE   =      1101.4073  DIHED      =      1351.9948
 1-4 NB =       452.9766  1-4 EEL =      6314.6899  VDWAALS    =      5307.2804
 EELEC  =    -62955.7943  EHBOND  =         0.0000  RESTRAINT  =        59.0265
 EAMBER (non-restraint)  =    -48066.8948
 ------------------------------------------------------------------------------

wrapping first mol.:       20.88048       29.52946       51.14652
wrapping first mol.:       20.88048       29.52946       51.14652

 NSTEP =    34500   TIME(PS) =    1709.000  TEMP(K) =   297.41  PRESS =     0.0
 Etot   =    -38210.0056  EKtot   =      9936.7246  EPtot      =    -48146.7302
 BOND   =       379.4323  ANGLE   =      1050.5510  DIHED      =      1327.2024
 1-4 NB =       439.7566  1-4 EEL =      6358.8032  VDWAALS    =      5381.5311
 EELEC  =    -63139.6776  EHBOND  =         0.0000  RESTRAINT  =        55.6708
 EAMBER (non-restraint)  =    -48202.4010
 ------------------------------------------------------------------------------

wrapping first mol.:       20.88048       29.52946       51.14652
wrapping first mol.:       20.88048       29.52946       51.14652

 NSTEP =    35000   TIME(PS) =    1710.000  TEMP(K) =   294.45  PRESS =     0.0
 Etot   =    -38276.3911  EKtot   =      9837.7129  EPtot      =    -48114.1040
 BOND   =       340.2564  ANGLE   =      1076.3457  DIHED      =      1376.7715
 1-4 NB =       465.3568  1-4 EEL =      6366.8824  VDWAALS    =      5318.3169
 EELEC  =    -63112.2928  EHBOND  =         0.0000  RESTRAINT  =        54.2590
 EAMBER (non-restraint)  =    -48168.3631
 ------------------------------------------------------------------------------

wrapping first mol.:       20.88048       29.52946       51.14652
wrapping first mol.:       20.88048       29.52946       51.14652

 NSTEP =    35500   TIME(PS) =    1711.000  TEMP(K) =   301.32  PRESS =     0.0
 Etot   =    -38030.6355  EKtot   =     10067.1406  EPtot      =    -48097.7761
 BOND   =       368.6445  ANGLE   =      1066.4849  DIHED      =      1345.2871
 1-4 NB =       437.4712  1-4 EEL =      6331.7033  VDWAALS    =      5444.0035
 EELEC  =    -63138.2220  EHBOND  =         0.0000  RESTRAINT  =        46.8515
 EAMBER (non-restraint)  =    -48144.6276
 ------------------------------------------------------------------------------

wrapping first mol.:       20.88048       29.52946       51.14652
wrapping first mol.:       20.88048       29.52946       51.14652

 NSTEP =    36000   TIME(PS) =    1712.000  TEMP(K) =   296.93  PRESS =     0.0
 Etot   =    -38094.1588  EKtot   =      9920.4668  EPtot      =    -48014.6256
 BOND   =       349.7756  ANGLE   =      1045.8474  DIHED      =      1349.0976
 1-4 NB =       459.7539  1-4 EEL =      6347.8794  VDWAALS    =      5462.9573
 EELEC  =    -63078.3065  EHBOND  =         0.0000  RESTRAINT  =        48.3696
 EAMBER (non-restraint)  =    -48062.9952
 ------------------------------------------------------------------------------

wrapping first mol.:       20.88048       29.52946       51.14652
wrapping first mol.:       20.88048       29.52946       51.14652

 NSTEP =    36500   TIME(PS) =    1713.000  TEMP(K) =   300.56  PRESS =     0.0
 Etot   =    -38144.6182  EKtot   =     10041.9375  EPtot      =    -48186.5557
 BOND   =       346.3916  ANGLE   =      1010.4602  DIHED      =      1334.4155
 1-4 NB =       465.7521  1-4 EEL =      6378.0340  VDWAALS    =      5261.5790
 EELEC  =    -63035.1437  EHBOND  =         0.0000  RESTRAINT  =        51.9555
 EAMBER (non-restraint)  =    -48238.5112
 ------------------------------------------------------------------------------

wrapping first mol.:       20.88048       29.52946       51.14652
wrapping first mol.:       20.88048       29.52946       51.14652

 NSTEP =    37000   TIME(PS) =    1714.000  TEMP(K) =   297.18  PRESS =     0.0
 Etot   =    -38284.5028  EKtot   =      9928.8594  EPtot      =    -48213.3621
 BOND   =       346.4330  ANGLE   =      1068.8459  DIHED      =      1346.4796
 1-4 NB =       450.2193  1-4 EEL =      6366.0550  VDWAALS    =      5470.8736
 EELEC  =    -63310.0480  EHBOND  =         0.0000  RESTRAINT  =        47.7794
 EAMBER (non-restraint)  =    -48261.1415
 ------------------------------------------------------------------------------

wrapping first mol.:       20.88048       29.52946       51.14652
wrapping first mol.:       20.88048       29.52946       51.14652

 NSTEP =    37500   TIME(PS) =    1715.000  TEMP(K) =   301.93  PRESS =     0.0
 Etot   =    -38088.6529  EKtot   =     10087.6230  EPtot      =    -48176.2760
 BOND   =       320.7180  ANGLE   =      1108.5386  DIHED      =      1347.6808
 1-4 NB =       445.6712  1-4 EEL =      6322.4023  VDWAALS    =      5480.0755
 EELEC  =    -63252.2256  EHBOND  =         0.0000  RESTRAINT  =        50.8633
 EAMBER (non-restraint)  =    -48227.1393
 ------------------------------------------------------------------------------

wrapping first mol.:       20.88048       29.52946       51.14652
wrapping first mol.:       20.88048       29.52946       51.14652

 NSTEP =    38000   TIME(PS) =    1716.000  TEMP(K) =   302.11  PRESS =     0.0
 Etot   =    -37993.7398  EKtot   =     10093.6279  EPtot      =    -48087.3678
 BOND   =       336.5176  ANGLE   =      1064.7286  DIHED      =      1357.9806
 1-4 NB =       453.4031  1-4 EEL =      6333.2707  VDWAALS    =      5548.0348
 EELEC  =    -63241.5343  EHBOND  =         0.0000  RESTRAINT  =        60.2310
 EAMBER (non-restraint)  =    -48147.5988
 ------------------------------------------------------------------------------

wrapping first mol.:       20.88048       29.52946       51.14652
wrapping first mol.:       20.88048       29.52946       51.14652

 NSTEP =    38500   TIME(PS) =    1717.000  TEMP(K) =   297.56  PRESS =     0.0
 Etot   =    -38167.9516  EKtot   =      9941.7646  EPtot      =    -48109.7162
 BOND   =       333.2748  ANGLE   =       993.9130  DIHED      =      1368.2608
 1-4 NB =       461.4335  1-4 EEL =      6293.4791  VDWAALS    =      5378.2620
 EELEC  =    -62988.8736  EHBOND  =         0.0000  RESTRAINT  =        50.5342
 EAMBER (non-restraint)  =    -48160.2504
 ------------------------------------------------------------------------------

wrapping first mol.:       20.88048       29.52946       51.14652
wrapping first mol.:       20.88048       29.52946       51.14652

 NSTEP =    39000   TIME(PS) =    1718.000  TEMP(K) =   302.37  PRESS =     0.0
 Etot   =    -38125.5795  EKtot   =     10102.3262  EPtot      =    -48227.9056
 BOND   =       388.9314  ANGLE   =      1033.1416  DIHED      =      1355.3332
 1-4 NB =       452.9349  1-4 EEL =      6309.1716  VDWAALS    =      5200.7488
 EELEC  =    -63013.1333  EHBOND  =         0.0000  RESTRAINT  =        44.9660
 EAMBER (non-restraint)  =    -48272.8717
 ------------------------------------------------------------------------------

wrapping first mol.:       20.88048       29.52946       51.14652
wrapping first mol.:       20.88048       29.52946       51.14652

 NSTEP =    39500   TIME(PS) =    1719.000  TEMP(K) =   300.74  PRESS =     0.0
 Etot   =    -38225.0221  EKtot   =     10047.8809  EPtot      =    -48272.9030
 BOND   =       380.8660  ANGLE   =      1059.2193  DIHED      =      1334.3024
 1-4 NB =       446.3214  1-4 EEL =      6288.1963  VDWAALS    =      5485.4868
 EELEC  =    -63320.1090  EHBOND  =         0.0000  RESTRAINT  =        52.8138
 EAMBER (non-restraint)  =    -48325.7168
 ------------------------------------------------------------------------------

wrapping first mol.:       20.88048       29.52946       51.14652
wrapping first mol.:       20.88048       29.52946       51.14652

 NSTEP =    40000   TIME(PS) =    1720.000  TEMP(K) =   295.50  PRESS =     0.0
 Etot   =    -38276.7786  EKtot   =      9872.7617  EPtot      =    -48149.5404
 BOND   =       346.5386  ANGLE   =      1075.9003  DIHED      =      1381.5671
 1-4 NB =       458.4566  1-4 EEL =      6316.1347  VDWAALS    =      5380.1853
 EELEC  =    -63170.1585  EHBOND  =         0.0000  RESTRAINT  =        61.8355
 EAMBER (non-restraint)  =    -48211.3759
 ------------------------------------------------------------------------------

wrapping first mol.:       20.88048       29.52946       51.14652
wrapping first mol.:       20.88048       29.52946       51.14652

 NSTEP =    40500   TIME(PS) =    1721.000  TEMP(K) =   299.04  PRESS =     0.0
 Etot   =    -38272.4189  EKtot   =      9991.0723  EPtot      =    -48263.4912
 BOND   =       345.8757  ANGLE   =      1099.6462  DIHED      =      1341.9324
 1-4 NB =       436.3126  1-4 EEL =      6308.9638  VDWAALS    =      5409.0070
 EELEC  =    -63258.7329  EHBOND  =         0.0000  RESTRAINT  =        53.5041
 EAMBER (non-restraint)  =    -48316.9952
 ------------------------------------------------------------------------------

wrapping first mol.:       20.88048       29.52946       51.14652
wrapping first mol.:       20.88048       29.52946       51.14652

 NSTEP =    41000   TIME(PS) =    1722.000  TEMP(K) =   295.24  PRESS =     0.0
 Etot   =    -38291.8374  EKtot   =      9864.0791  EPtot      =    -48155.9165
 BOND   =       363.4847  ANGLE   =      1110.0848  DIHED      =      1344.4250
 1-4 NB =       451.2351  1-4 EEL =      6366.5221  VDWAALS    =      5301.6105
 EELEC  =    -63145.8828  EHBOND  =         0.0000  RESTRAINT  =        52.6041
 EAMBER (non-restraint)  =    -48208.5206
 ------------------------------------------------------------------------------

wrapping first mol.:       20.88048       29.52946       51.14652
wrapping first mol.:       20.88048       29.52946       51.14652

 NSTEP =    41500   TIME(PS) =    1723.000  TEMP(K) =   299.34  PRESS =     0.0
 Etot   =    -38070.0293  EKtot   =     10001.2549  EPtot      =    -48071.2842
 BOND   =       357.4908  ANGLE   =      1055.4467  DIHED      =      1354.3150
 1-4 NB =       441.3461  1-4 EEL =      6335.3304  VDWAALS    =      5513.8252
 EELEC  =    -63181.8616  EHBOND  =         0.0000  RESTRAINT  =        52.8232
 EAMBER (non-restraint)  =    -48124.1073
 ------------------------------------------------------------------------------

wrapping first mol.:       20.88048       29.52946       51.14652
wrapping first mol.:       20.88048       29.52946       51.14652

 NSTEP =    42000   TIME(PS) =    1724.000  TEMP(K) =   298.79  PRESS =     0.0
 Etot   =    -38204.3153  EKtot   =      9982.6270  EPtot      =    -48186.9423
 BOND   =       359.6802  ANGLE   =      1087.9040  DIHED      =      1361.2945
 1-4 NB =       431.4948  1-4 EEL =      6307.4137  VDWAALS    =      5311.9531
 EELEC  =    -63098.8971  EHBOND  =         0.0000  RESTRAINT  =        52.2145
 EAMBER (non-restraint)  =    -48239.1568
 ------------------------------------------------------------------------------

wrapping first mol.:       20.88048       29.52946       51.14652
wrapping first mol.:       20.88048       29.52946       51.14652

 NSTEP =    42500   TIME(PS) =    1725.000  TEMP(K) =   300.15  PRESS =     0.0
 Etot   =    -38165.7627  EKtot   =     10028.1992  EPtot      =    -48193.9620
 BOND   =       347.6828  ANGLE   =      1038.1251  DIHED      =      1361.2433
 1-4 NB =       457.6728  1-4 EEL =      6337.9956  VDWAALS    =      5463.4516
 EELEC  =    -63255.8973  EHBOND  =         0.0000  RESTRAINT  =        55.7642
 EAMBER (non-restraint)  =    -48249.7261
 ------------------------------------------------------------------------------

wrapping first mol.:       20.88048       29.52946       51.14652
wrapping first mol.:       20.88048       29.52946       51.14652

 NSTEP =    43000   TIME(PS) =    1726.000  TEMP(K) =   305.87  PRESS =     0.0
 Etot   =    -38145.5246  EKtot   =     10219.1846  EPtot      =    -48364.7091
 BOND   =       334.7188  ANGLE   =      1056.5643  DIHED      =      1344.1702
 1-4 NB =       447.6310  1-4 EEL =      6328.4058  VDWAALS    =      5577.9493
 EELEC  =    -63499.4377  EHBOND  =         0.0000  RESTRAINT  =        45.2891
 EAMBER (non-restraint)  =    -48409.9983
 ------------------------------------------------------------------------------

wrapping first mol.:       20.88048       29.52946       51.14652
wrapping first mol.:       20.88048       29.52946       51.14652

 NSTEP =    43500   TIME(PS) =    1727.000  TEMP(K) =   298.46  PRESS =     0.0
 Etot   =    -38215.3330  EKtot   =      9971.6162  EPtot      =    -48186.9492
 BOND   =       349.5022  ANGLE   =      1037.9466  DIHED      =      1333.5972
 1-4 NB =       447.0069  1-4 EEL =      6327.9973  VDWAALS    =      5359.2852
 EELEC  =    -63099.5324  EHBOND  =         0.0000  RESTRAINT  =        57.2477
 EAMBER (non-restraint)  =    -48244.1969
 ------------------------------------------------------------------------------

wrapping first mol.:       20.88048       29.52946       51.14652
wrapping first mol.:       20.88048       29.52946       51.14652

 NSTEP =    44000   TIME(PS) =    1728.000  TEMP(K) =   302.63  PRESS =     0.0
 Etot   =    -38071.1128  EKtot   =     10110.9395  EPtot      =    -48182.0523
 BOND   =       353.7694  ANGLE   =      1047.2528  DIHED      =      1360.3123
 1-4 NB =       440.3157  1-4 EEL =      6328.0306  VDWAALS    =      5348.2978
 EELEC  =    -63118.9080  EHBOND  =         0.0000  RESTRAINT  =        58.8772
 EAMBER (non-restraint)  =    -48240.9295
 ------------------------------------------------------------------------------

wrapping first mol.:       20.88048       29.52946       51.14652
wrapping first mol.:       20.88048       29.52946       51.14652

 NSTEP =    44500   TIME(PS) =    1729.000  TEMP(K) =   298.37  PRESS =     0.0
 Etot   =    -38204.3496  EKtot   =      9968.5850  EPtot      =    -48172.9345
 BOND   =       363.8973  ANGLE   =      1058.8737  DIHED      =      1360.8057
 1-4 NB =       442.0044  1-4 EEL =      6322.4980  VDWAALS    =      5459.5044
 EELEC  =    -63231.6318  EHBOND  =         0.0000  RESTRAINT  =        51.1138
 EAMBER (non-restraint)  =    -48224.0483
 ------------------------------------------------------------------------------

wrapping first mol.:       20.88048       29.52946       51.14652
wrapping first mol.:       20.88048       29.52946       51.14652

 NSTEP =    45000   TIME(PS) =    1730.000  TEMP(K) =   301.30  PRESS =     0.0
 Etot   =    -38231.7932  EKtot   =     10066.6592  EPtot      =    -48298.4524
 BOND   =       368.4227  ANGLE   =      1071.1029  DIHED      =      1358.7881
 1-4 NB =       440.8159  1-4 EEL =      6334.9071  VDWAALS    =      5591.9024
 EELEC  =    -63520.2377  EHBOND  =         0.0000  RESTRAINT  =        55.8462
 EAMBER (non-restraint)  =    -48354.2986
 ------------------------------------------------------------------------------

wrapping first mol.:       20.88048       29.52946       51.14652
wrapping first mol.:       20.88048       29.52946       51.14652

 NSTEP =    45500   TIME(PS) =    1731.000  TEMP(K) =   298.01  PRESS =     0.0
 Etot   =    -38218.4723  EKtot   =      9956.6963  EPtot      =    -48175.1686
 BOND   =       355.4656  ANGLE   =      1057.8141  DIHED      =      1353.6511
 1-4 NB =       448.5989  1-4 EEL =      6319.6203  VDWAALS    =      5269.5666
 EELEC  =    -63037.6281  EHBOND  =         0.0000  RESTRAINT  =        57.7429
 EAMBER (non-restraint)  =    -48232.9115
 ------------------------------------------------------------------------------

wrapping first mol.:       20.88048       29.52946       51.14652
wrapping first mol.:       20.88048       29.52946       51.14652

 NSTEP =    46000   TIME(PS) =    1732.000  TEMP(K) =   297.81  PRESS =     0.0
 Etot   =    -38291.0792  EKtot   =      9949.9160  EPtot      =    -48240.9952
 BOND   =       362.5611  ANGLE   =      1031.0375  DIHED      =      1345.7091
 1-4 NB =       459.2141  1-4 EEL =      6362.7628  VDWAALS    =      5546.3018
 EELEC  =    -63405.2315  EHBOND  =         0.0000  RESTRAINT  =        56.6498
 EAMBER (non-restraint)  =    -48297.6451
 ------------------------------------------------------------------------------

wrapping first mol.:       20.88048       29.52946       51.14652
wrapping first mol.:       20.88048       29.52946       51.14652

 NSTEP =    46500   TIME(PS) =    1733.000  TEMP(K) =   300.61  PRESS =     0.0
 Etot   =    -38126.2367  EKtot   =     10043.5703  EPtot      =    -48169.8070
 BOND   =       311.9318  ANGLE   =      1048.4789  DIHED      =      1363.8676
 1-4 NB =       451.1290  1-4 EEL =      6379.1768  VDWAALS    =      5412.5534
 EELEC  =    -63193.3231  EHBOND  =         0.0000  RESTRAINT  =        56.3786
 EAMBER (non-restraint)  =    -48226.1856
 ------------------------------------------------------------------------------

wrapping first mol.:       20.88048       29.52946       51.14652
wrapping first mol.:       20.88048       29.52946       51.14652

 NSTEP =    47000   TIME(PS) =    1734.000  TEMP(K) =   297.98  PRESS =     0.0
 Etot   =    -38220.3379  EKtot   =      9955.6045  EPtot      =    -48175.9424
 BOND   =       363.1992  ANGLE   =      1054.1478  DIHED      =      1385.9744
 1-4 NB =       450.5244  1-4 EEL =      6377.0881  VDWAALS    =      5392.9496
 EELEC  =    -63249.6971  EHBOND  =         0.0000  RESTRAINT  =        49.8713
 EAMBER (non-restraint)  =    -48225.8137
 ------------------------------------------------------------------------------

wrapping first mol.:       20.88048       29.52946       51.14652
wrapping first mol.:       20.88048       29.52946       51.14652

 NSTEP =    47500   TIME(PS) =    1735.000  TEMP(K) =   299.34  PRESS =     0.0
 Etot   =    -38350.5438  EKtot   =     10001.2275  EPtot      =    -48351.7714
 BOND   =       323.2771  ANGLE   =      1043.5216  DIHED      =      1354.9117
 1-4 NB =       457.7127  1-4 EEL =      6348.1427  VDWAALS    =      5620.4236
 EELEC  =    -63556.5445  EHBOND  =         0.0000  RESTRAINT  =        56.7837
 EAMBER (non-restraint)  =    -48408.5551
 ------------------------------------------------------------------------------

wrapping first mol.:       20.88048       29.52946       51.14652
wrapping first mol.:       20.88048       29.52946       51.14652

 NSTEP =    48000   TIME(PS) =    1736.000  TEMP(K) =   299.79  PRESS =     0.0
 Etot   =    -38162.7072  EKtot   =     10016.2119  EPtot      =    -48178.9191
 BOND   =       350.9971  ANGLE   =      1023.7516  DIHED      =      1353.8149
 1-4 NB =       448.8428  1-4 EEL =      6327.7909  VDWAALS    =      5346.1514
 EELEC  =    -63088.0016  EHBOND  =         0.0000  RESTRAINT  =        57.7339
 EAMBER (non-restraint)  =    -48236.6530
 ------------------------------------------------------------------------------

wrapping first mol.:       20.88048       29.52946       51.14652
wrapping first mol.:       20.88048       29.52946       51.14652

 NSTEP =    48500   TIME(PS) =    1737.000  TEMP(K) =   300.38  PRESS =     0.0
 Etot   =    -38165.2883  EKtot   =     10035.7500  EPtot      =    -48201.0383
 BOND   =       342.3511  ANGLE   =      1047.8682  DIHED      =      1346.3812
 1-4 NB =       463.4285  1-4 EEL =      6346.5887  VDWAALS    =      5268.0447
 EELEC  =    -63067.5511  EHBOND  =         0.0000  RESTRAINT  =        51.8505
 EAMBER (non-restraint)  =    -48252.8888
 ------------------------------------------------------------------------------

wrapping first mol.:       20.88048       29.52946       51.14652
wrapping first mol.:       20.88048       29.52946       51.14652

 NSTEP =    49000   TIME(PS) =    1738.000  TEMP(K) =   297.86  PRESS =     0.0
 Etot   =    -38187.5080  EKtot   =      9951.7275  EPtot      =    -48139.2356
 BOND   =       322.9568  ANGLE   =      1047.8788  DIHED      =      1370.6819
 1-4 NB =       463.6726  1-4 EEL =      6313.7862  VDWAALS    =      5268.4049
 EELEC  =    -62978.4538  EHBOND  =         0.0000  RESTRAINT  =        51.8371
 EAMBER (non-restraint)  =    -48191.0726
 ------------------------------------------------------------------------------

wrapping first mol.:       20.88048       29.52946       51.14652
wrapping first mol.:       20.88048       29.52946       51.14652

 NSTEP =    49500   TIME(PS) =    1739.000  TEMP(K) =   301.12  PRESS =     0.0
 Etot   =    -38228.5408  EKtot   =     10060.7139  EPtot      =    -48289.2546
 BOND   =       346.9565  ANGLE   =      1078.5066  DIHED      =      1366.5521
 1-4 NB =       455.0441  1-4 EEL =      6339.9513  VDWAALS    =      5492.5042
 EELEC  =    -63423.2700  EHBOND  =         0.0000  RESTRAINT  =        54.5007
 EAMBER (non-restraint)  =    -48343.7554
 ------------------------------------------------------------------------------

wrapping first mol.:       20.88048       29.52946       51.14652
wrapping first mol.:       20.88048       29.52946       51.14652

 NSTEP =    50000   TIME(PS) =    1740.000  TEMP(K) =   303.66  PRESS =     0.0
 Etot   =    -38103.0446  EKtot   =     10145.4727  EPtot      =    -48248.5172
 BOND   =       344.0463  ANGLE   =      1033.8874  DIHED      =      1352.7770
 1-4 NB =       449.7071  1-4 EEL =      6332.2587  VDWAALS    =      5235.0737
 EELEC  =    -63052.5150  EHBOND  =         0.0000  RESTRAINT  =        56.2475
 EAMBER (non-restraint)  =    -48304.7648
 ------------------------------------------------------------------------------


      A V E R A G E S   O V E R     100 S T E P S


 NSTEP =    50000   TIME(PS) =    1740.000  TEMP(K) =   300.02  PRESS =     0.0
 Etot   =    -38105.5596  EKtot   =     10023.7980  EPtot      =    -48129.3576
 BOND   =       352.8579  ANGLE   =      1061.1520  DIHED      =      1353.5925
 1-4 NB =       449.1761  1-4 EEL =      6336.9956  VDWAALS    =      5395.3543
 EELEC  =    -63131.5311  EHBOND  =         0.0000  RESTRAINT  =        53.0451
 EAMBER (non-restraint)  =    -48182.4027
 ------------------------------------------------------------------------------


      R M S  F L U C T U A T I O N S


 NSTEP =    50000   TIME(PS) =    1740.000  TEMP(K) =     2.41  PRESS =     0.0
 Etot   =       137.9444  EKtot   =        80.4445  EPtot      =       112.8532
 BOND   =        15.7411  ANGLE   =        24.7567  DIHED      =        12.5748
 1-4 NB =         8.9432  1-4 EEL =        23.2999  VDWAALS    =       104.6340
 EELEC  =       175.1977  EHBOND  =         0.0000  RESTRAINT  =         4.5550
 EAMBER (non-restraint)  =       108.2982
 ------------------------------------------------------------------------------

--------------------------------------------------------------------------------
   5.  TIMINGS
--------------------------------------------------------------------------------

|  NonSetup CPU Time in Major Routines:
|
|     Routine           Sec        %
|     ------------------------------
|     Nonbond          13.50   35.66
|     Bond              0.00    0.00
|     Angle             0.00    0.00
|     Dihedral          0.00    0.00
|     Shake             0.68    1.81
|     RunMD            23.60   62.37
|     Other             0.06    0.16
|     ------------------------------
|     Total            37.84

|  PME Nonbond Pairlist CPU Time:
|
|     Routine              Sec        %
|     ---------------------------------
|     Set Up Cit           0.00    0.00
|     Build List           0.00    0.00
|     ---------------------------------
|     Total                0.00    0.00

|  PME Direct Force CPU Time:
|
|     Routine              Sec        %
|     ---------------------------------
|     NonBonded Calc       0.00    0.00
|     Exclude Masked       0.00    0.00
|     Other                0.02    0.06
|     ---------------------------------
|     Total                0.02    0.06

|  PME Reciprocal Force CPU Time:
|
|     Routine              Sec        %
|     ---------------------------------
|     1D bspline           0.00    0.00
|     Grid Charges         0.00    0.00
|     Scalar Sum           0.00    0.00
|     Gradient Sum         0.00    0.00
|     FFT                  0.00    0.00
|     ---------------------------------
|     Total                0.00    0.00

|  Final Performance Info:
|     -----------------------------------------------------
|     Average timings for last   49500 steps:
|     Elapsed(s) =      37.42 Per Step(ms) =       0.76
|         ns/day =     228.57   seconds/ns =     378.01
|
|     Average timings for all steps:
|     Elapsed(s) =      37.85 Per Step(ms) =       0.76
|         ns/day =     228.28   seconds/ns =     378.48
|     -----------------------------------------------------

|  Setup CPU time:            2.26 seconds
|  NonSetup CPU time:        37.84 seconds
|  Total CPU time:           40.11 seconds     0.01 hours

|  Setup wall time:           2    seconds
|  NonSetup wall time:       38    seconds
|  Total wall time:          40    seconds     0.01 hours
