
          -------------------------------------------------------
          Amber 16 PMEMD                              2016
          -------------------------------------------------------

| PMEMD implementation of SANDER, Release 16

| Run on 11/17/2017 at 08:28:01

|   Executable path: /apps/amber16/bin/pmemd.cuda
| Working directory: /home/pbarletta
|          Hostname: mordor

  [-O]verwriting output

File Assignments:
|   MDIN: /scratch/pbarletta/cph_obp/run/eol/mhe/e/17equ.in                     
|  MDOUT: /scratch/pbarletta/cph_obp/run/eol/mhe/e/17equ.out                    
| INPCRD: /scratch/pbarletta/cph_obp/run/eol/mhe/e/16eeol.rst7                  
|   PARM: /scratch/pbarletta/cph_obp/top_files/eol.prmtop                       
| RESTRT: /scratch/pbarletta/cph_obp/run/eol/mhe/e/17eeol.rst7                  
|   REFC: /scratch/pbarletta/cph_obp/run/eol/mhe/e/16eeol.rst7                  
|  MDVEL: mdvel                                                                 
|   MDEN: mden                                                                  
|  MDCRD: /scratch/pbarletta/cph_obp/run/eol/mhe/e/17eeol.nc                    
| MDINFO: mdinfo                                                                
|  MDFRC: mdfrc                                                                 


 Here is the input file:

Equilibration with solute restrictions                                         
&cntrl                                                                         
imin = 0,                           ! No Minimization                          
nmropt = 0,                         ! No NMR restraints read                   
                                                                               
! Nature and format of the input                                               
ntx = 5,                            ! Coordinates but no velocities will be rea
irest = 1,                          ! Do not run a new simulation              
                                                                               
! Nature and format of the output                                              
ntxo = 1,                           ! rstrt file in ASCII format               
ntpr = 500,                         ! inf in output every ntpr steps           
ntwr = 500,                         ! rstrt file every ntwr steps              
ntwx = 500,                         ! mdcrd file every ntwx steps              
ntwv = 0,                           ! mdvel without velocities                 
ntwe = 0,                           ! Energies and temperatures not written in 
idecomp = 0,                        ! No energy decomposition                  
iwrap = 1,                          ! Coordinates of the restart and mdcrd file
                                                                               
! Frozen or restrained atoms                                                   
ibelly = 0,                         ! No frozen atoms                          
ntr=1,                              ! Harmonic potential restraints            
restraint_wt = 1.0,                ! The weight for the positional restraints  
restraintmask = ':1-120@N,CA,C,O',  ! restrained residues                      
                                                                               
! Molecular dynamics                                                           
nstlim = 50000,                     ! Number of MD-steps                       
dt = 0.002,                         ! Time step                                
                                                                               
! Temperature regulation                                                       
ntt = 3,                            ! Langevin thermostat                      
gamma_ln = 5,                       ! Gamma constant for Langevin              
temp0 = 300.0,                      ! Reference T at which the system is to be 
tempi = 300.0,                      ! Initial T                                
ig = -1,                            ! Seed for the RNG                         
                                                                               
! P and V regulation                                                           
ntp = 0,                            ! No pressure control                      
ntb = 1,                            ! Periodic box for constant V              
                                                                               
! SHAKE variables                                                              
ntc = 2,                            ! Bonds involving H are constrained        
ntf = 2,                            ! Bond interaction involving H are ommited.
                                                                               
cut = 10.0,                         ! Nonbonded cutoff                         
                                                                               
/                                                                              
&end                                                                           


Note: ig = -1. Setting random seed to   691102 based on wallclock time in 
      microseconds.
| irandom = 1, using AMBER's internal random number generator (default).
 
|--------------------- INFORMATION ----------------------
| GPU (CUDA) Version of PMEMD in use: NVIDIA GPU IN USE.
|                    Version 16.0.0
| 
|                      02/25/2016
| 
| Implementation by:
|                    Ross C. Walker     (SDSC)
|                    Scott Le Grand     (nVIDIA)
| 
| Precision model in use:
|      [SPFP] - Single Precision Forces, 64-bit Fixed Point
|               Accumulation. (Default)
| 
|--------------------------------------------------------
 
|----------------- CITATION INFORMATION -----------------
|
|    When publishing work that utilized the CUDA version
|    of AMBER, please cite the following in addition to
|    the regular AMBER citations:
|
|  - Romelia Salomon-Ferrer; Andreas W. Goetz; Duncan
|    Poole; Scott Le Grand; Ross C. Walker "Routine
|    microsecond molecular dynamics simulations with
|    AMBER - Part II: Particle Mesh Ewald", J. Chem.
|    Theory Comput., 2013, 9 (9), pp3878-3888,
|    DOI: 10.1021/ct400314y.
|
|  - Andreas W. Goetz; Mark J. Williamson; Dong Xu;
|    Duncan Poole; Scott Le Grand; Ross C. Walker
|    "Routine microsecond molecular dynamics simulations
|    with AMBER - Part I: Generalized Born", J. Chem.
|    Theory Comput., 2012, 8 (5), pp1542-1555.
|
|  - Scott Le Grand; Andreas W. Goetz; Ross C. Walker
|    "SPFP: Speed without compromise - a mixed precision
|    model for GPU accelerated molecular dynamics
|    simulations.", Comp. Phys. Comm., 2013, 184
|    pp374-380, DOI: 10.1016/j.cpc.2012.09.022
|
|--------------------------------------------------------
 
|------------------- GPU DEVICE INFO --------------------
|
|            CUDA_VISIBLE_DEVICES: 2
|   CUDA Capable Devices Detected:      1
|           CUDA Device ID in use:      0
|                CUDA Device Name: GeForce GTX 1080 Ti
|     CUDA Device Global Mem Size:  11172 MB
| CUDA Device Num Multiprocessors:     28
|           CUDA Device Core Freq:   1.58 GHz
|
|--------------------------------------------------------
 
 
| Conditional Compilation Defines Used:
| PUBFFT
| BINTRAJ
| CUDA
| EMIL

| Largest sphere to fit in unit cell has radius =    25.573

| New format PARM file being parsed.
| Version =    1.000 Date = 11/14/17 Time = 21:40:14

| Note: 1-4 EEL scale factors are being read from the topology file.

| Note: 1-4 VDW scale factors are being read from the topology file.
| Duplicated    0 dihedrals

| Duplicated    0 dihedrals

--------------------------------------------------------------------------------
   1.  RESOURCE   USE: 
--------------------------------------------------------------------------------

 getting new box info from bottom of inpcrd
 NATOM  =   16335 NTYPES =      18 NBONH =   15379 MBONA  =     963
 NTHETH =    2359 MTHETA =    1293 NPHIH =    4500 MPHIA  =    3265
 NHPARM =       0 NPARM  =       0 NNB   =   30156 NRES   =    4896
 NBONA  =     963 NTHETA =    1293 NPHIA =    3265 NUMBND =      51
 NUMANG =     105 NPTRA  =      41 NATYP =      35 NPHB   =       1
 IFBOX  =       2 NMXRS  =      24 IFCAP =       0 NEXTRA =       0
 NCOPY  =       0

| Coordinate Index Table dimensions:    10   10   10
| Direct force subcell size =     6.2641    6.2641    6.2641

     BOX TYPE: TRUNCATED OCTAHEDRON

--------------------------------------------------------------------------------
   2.  CONTROL  DATA  FOR  THE  RUN
--------------------------------------------------------------------------------

default_name                                                                    

General flags:
     imin    =       0, nmropt  =       0

Nature and format of input:
     ntx     =       5, irest   =       1, ntrx    =       1

Nature and format of output:
     ntxo    =       1, ntpr    =     500, ntrx    =       1, ntwr    =     500
     iwrap   =       1, ntwx    =     500, ntwv    =       0, ntwe    =       0
     ioutfm  =       1, ntwprt  =       0, idecomp =       0, rbornstat=      0

Potential function:
     ntf     =       2, ntb     =       1, igb     =       0, nsnb    =      25
     ipol    =       0, gbsa    =       0, iesp    =       0
     dielc   =   1.00000, cut     =  10.00000, intdiel =   1.00000

Frozen or restrained atoms:
     ibelly  =       0, ntr     =       1
     restraint_wt =   1.00000

Molecular dynamics:
     nstlim  =     50000, nscm    =         0, nrespa  =         1
     t       =   0.00000, dt      =   0.00200, vlimit  =  -1.00000

Langevin dynamics temperature regulation:
     ig      =  691102
     temp0   = 300.00000, tempi   = 300.00000, gamma_ln=   5.00000

SHAKE:
     ntc     =       2, jfastw  =       0
     tol     =   0.00001

| Intermolecular bonds treatment:
|     no_intermolecular_bonds =       1

| Energy averages sample interval:
|     ene_avg_sampling =     500

Ewald parameters:
     verbose =       0, ew_type =       0, nbflag  =       1, use_pme =       1
     vdwmeth =       1, eedmeth =       1, netfrc  =       1
     Box X =   62.641   Box Y =   62.641   Box Z =   62.641
     Alpha =  109.471   Beta  =  109.471   Gamma =  109.471
     NFFT1 =   64       NFFT2 =   64       NFFT3 =   64
     Cutoff=   10.000   Tol   =0.100E-04
     Ewald Coefficient =  0.27511
     Interpolation order =    4

    LOADING THE CONSTRAINED ATOMS AS GROUPS


   5.  REFERENCE ATOM COORDINATES

  default_name                                                                    
     Mask :1-120@N,CA,C,O; matches   476 atoms

--------------------------------------------------------------------------------
   3.  ATOMIC COORDINATES AND VELOCITIES
--------------------------------------------------------------------------------

default_name                                                                    
 begin time read from input coords =  1740.000 ps

 
 Number of triangulated 3-point waters found:     4775

     Sum of charges from parm topology file =  -0.00000006
     Forcing neutrality...

| Dynamic Memory, Types Used:
| Reals              619308
| Integers           586628

| Nonbonded Pairs Initial Allocation:     4940929

| GPU memory information (estimate):
| KB of GPU memory in use:    123232
| KB of CPU memory in use:     26926

--------------------------------------------------------------------------------
   4.  RESULTS
--------------------------------------------------------------------------------

 ---------------------------------------------------
 APPROXIMATING switch and d/dx switch using CUBIC SPLINE INTERPOLATION
 using   5000.0 points per unit in tabled values
 TESTING RELATIVE ERROR over r ranging from 0.0 to cutoff
| CHECK switch(x): max rel err =   0.2738E-14   at   2.422500
| CHECK d/dx switch(x): max rel err =   0.8314E-11   at   2.736960
 ---------------------------------------------------
|---------------------------------------------------
| APPROXIMATING direct energy using CUBIC SPLINE INTERPOLATION
|  with   50.0 points per unit in tabled values
| Relative Error Limit not exceeded for r .gt.   2.33
| APPROXIMATING direct force using CUBIC SPLINE INTERPOLATION
|  with   50.0 points per unit in tabled values
| Relative Error Limit not exceeded for r .gt.   2.80
|---------------------------------------------------
wrapping first mol.:       20.88048       29.52946       51.14652
wrapping first mol.:       20.88048       29.52946       51.14652

 NSTEP =      500   TIME(PS) =    1741.000  TEMP(K) =   300.44  PRESS =     0.0
 Etot   =    -38199.7603  EKtot   =     10037.9941  EPtot      =    -48237.7545
 BOND   =       330.3533  ANGLE   =      1058.9796  DIHED      =      1367.2176
 1-4 NB =       458.4831  1-4 EEL =      6344.1460  VDWAALS    =      5314.7352
 EELEC  =    -63153.1785  EHBOND  =         0.0000  RESTRAINT  =        41.5092
 EAMBER (non-restraint)  =    -48279.2637
 ------------------------------------------------------------------------------

wrapping first mol.:       20.88048       29.52946       51.14652
wrapping first mol.:       20.88048       29.52946       51.14652

 NSTEP =     1000   TIME(PS) =    1742.000  TEMP(K) =   299.52  PRESS =     0.0
 Etot   =    -38054.2362  EKtot   =     10007.0596  EPtot      =    -48061.2958
 BOND   =       347.5932  ANGLE   =      1105.8540  DIHED      =      1362.4368
 1-4 NB =       456.2660  1-4 EEL =      6320.5890  VDWAALS    =      5465.7038
 EELEC  =    -63168.9095  EHBOND  =         0.0000  RESTRAINT  =        49.1710
 EAMBER (non-restraint)  =    -48110.4668
 ------------------------------------------------------------------------------

wrapping first mol.:       20.88048       29.52946       51.14652
wrapping first mol.:       20.88048       29.52946       51.14652

 NSTEP =     1500   TIME(PS) =    1743.000  TEMP(K) =   298.98  PRESS =     0.0
 Etot   =    -38230.8859  EKtot   =      9989.2305  EPtot      =    -48220.1164
 BOND   =       334.1410  ANGLE   =      1066.7859  DIHED      =      1366.3054
 1-4 NB =       453.7003  1-4 EEL =      6323.3002  VDWAALS    =      5247.4897
 EELEC  =    -63052.9635  EHBOND  =         0.0000  RESTRAINT  =        41.1246
 EAMBER (non-restraint)  =    -48261.2409
 ------------------------------------------------------------------------------

wrapping first mol.:       20.88048       29.52946       51.14652
wrapping first mol.:       20.88048       29.52946       51.14652

 NSTEP =     2000   TIME(PS) =    1744.000  TEMP(K) =   303.62  PRESS =     0.0
 Etot   =    -38018.9206  EKtot   =     10144.2949  EPtot      =    -48163.2155
 BOND   =       353.1929  ANGLE   =      1036.5927  DIHED      =      1366.2251
 1-4 NB =       438.1337  1-4 EEL =      6346.5654  VDWAALS    =      5265.9890
 EELEC  =    -63011.8093  EHBOND  =         0.0000  RESTRAINT  =        41.8950
 EAMBER (non-restraint)  =    -48205.1105
 ------------------------------------------------------------------------------

wrapping first mol.:       20.88048       29.52946       51.14652
wrapping first mol.:       20.88048       29.52946       51.14652

 NSTEP =     2500   TIME(PS) =    1745.000  TEMP(K) =   295.54  PRESS =     0.0
 Etot   =    -38068.8075  EKtot   =      9874.3301  EPtot      =    -47943.1376
 BOND   =       359.5890  ANGLE   =      1059.7414  DIHED      =      1363.1120
 1-4 NB =       461.4723  1-4 EEL =      6349.4254  VDWAALS    =      5424.0415
 EELEC  =    -63008.6451  EHBOND  =         0.0000  RESTRAINT  =        48.1258
 EAMBER (non-restraint)  =    -47991.2634
 ------------------------------------------------------------------------------

wrapping first mol.:       20.88048       29.52946       51.14652
wrapping first mol.:       20.88048       29.52946       51.14652

 NSTEP =     3000   TIME(PS) =    1746.000  TEMP(K) =   301.54  PRESS =     0.0
 Etot   =    -38076.4882  EKtot   =     10074.7393  EPtot      =    -48151.2275
 BOND   =       375.8450  ANGLE   =      1051.6214  DIHED      =      1352.6877
 1-4 NB =       445.3074  1-4 EEL =      6351.7876  VDWAALS    =      5342.6465
 EELEC  =    -63111.6872  EHBOND  =         0.0000  RESTRAINT  =        40.5641
 EAMBER (non-restraint)  =    -48191.7916
 ------------------------------------------------------------------------------

wrapping first mol.:       20.88048       29.52946       51.14652
wrapping first mol.:       20.88048       29.52946       51.14652

 NSTEP =     3500   TIME(PS) =    1747.000  TEMP(K) =   299.33  PRESS =     0.0
 Etot   =    -38187.4853  EKtot   =     10000.9131  EPtot      =    -48188.3984
 BOND   =       352.7657  ANGLE   =      1055.6359  DIHED      =      1367.0201
 1-4 NB =       442.7254  1-4 EEL =      6339.5619  VDWAALS    =      5343.8506
 EELEC  =    -63131.2593  EHBOND  =         0.0000  RESTRAINT  =        41.3012
 EAMBER (non-restraint)  =    -48229.6996
 ------------------------------------------------------------------------------

wrapping first mol.:       20.88048       29.52946       51.14652
wrapping first mol.:       20.88048       29.52946       51.14652

 NSTEP =     4000   TIME(PS) =    1748.000  TEMP(K) =   298.46  PRESS =     0.0
 Etot   =    -38392.3508  EKtot   =      9971.7773  EPtot      =    -48364.1282
 BOND   =       333.0112  ANGLE   =      1038.0246  DIHED      =      1324.2735
 1-4 NB =       449.9046  1-4 EEL =      6334.9531  VDWAALS    =      5305.1350
 EELEC  =    -63192.9774  EHBOND  =         0.0000  RESTRAINT  =        43.5473
 EAMBER (non-restraint)  =    -48407.6755
 ------------------------------------------------------------------------------

wrapping first mol.:       20.88048       29.52946       51.14652
wrapping first mol.:       20.88048       29.52946       51.14652

 NSTEP =     4500   TIME(PS) =    1749.000  TEMP(K) =   297.09  PRESS =     0.0
 Etot   =    -38261.6270  EKtot   =      9925.8994  EPtot      =    -48187.5264
 BOND   =       320.0267  ANGLE   =      1095.5414  DIHED      =      1362.9922
 1-4 NB =       454.3530  1-4 EEL =      6312.7886  VDWAALS    =      5419.0642
 EELEC  =    -63194.8901  EHBOND  =         0.0000  RESTRAINT  =        42.5977
 EAMBER (non-restraint)  =    -48230.1241
 ------------------------------------------------------------------------------

wrapping first mol.:       20.88048       29.52946       51.14652
wrapping first mol.:       20.88048       29.52946       51.14652

 NSTEP =     5000   TIME(PS) =    1750.000  TEMP(K) =   301.88  PRESS =     0.0
 Etot   =    -38207.8965  EKtot   =     10085.8896  EPtot      =    -48293.7862
 BOND   =       364.0076  ANGLE   =      1047.2577  DIHED      =      1357.8733
 1-4 NB =       439.3624  1-4 EEL =      6332.7911  VDWAALS    =      5466.0361
 EELEC  =    -63351.7766  EHBOND  =         0.0000  RESTRAINT  =        50.6623
 EAMBER (non-restraint)  =    -48344.4485
 ------------------------------------------------------------------------------

wrapping first mol.:       20.88048       29.52946       51.14652
wrapping first mol.:       20.88048       29.52946       51.14652

 NSTEP =     5500   TIME(PS) =    1751.000  TEMP(K) =   301.15  PRESS =     0.0
 Etot   =    -38086.5186  EKtot   =     10061.5234  EPtot      =    -48148.0420
 BOND   =       353.6414  ANGLE   =      1037.9800  DIHED      =      1347.4895
 1-4 NB =       448.6902  1-4 EEL =      6347.4396  VDWAALS    =      5357.1775
 EELEC  =    -63086.9354  EHBOND  =         0.0000  RESTRAINT  =        46.4751
 EAMBER (non-restraint)  =    -48194.5172
 ------------------------------------------------------------------------------

wrapping first mol.:       20.88048       29.52946       51.14652
wrapping first mol.:       20.88048       29.52946       51.14652

 NSTEP =     6000   TIME(PS) =    1752.000  TEMP(K) =   298.81  PRESS =     0.0
 Etot   =    -38190.1726  EKtot   =      9983.4668  EPtot      =    -48173.6394
 BOND   =       328.2570  ANGLE   =      1055.5999  DIHED      =      1361.1112
 1-4 NB =       442.1371  1-4 EEL =      6302.9774  VDWAALS    =      5269.7323
 EELEC  =    -62979.6589  EHBOND  =         0.0000  RESTRAINT  =        46.2047
 EAMBER (non-restraint)  =    -48219.8440
 ------------------------------------------------------------------------------

wrapping first mol.:       20.88048       29.52946       51.14652
wrapping first mol.:       20.88048       29.52946       51.14652

 NSTEP =     6500   TIME(PS) =    1753.000  TEMP(K) =   303.14  PRESS =     0.0
 Etot   =    -37935.8340  EKtot   =     10128.0791  EPtot      =    -48063.9131
 BOND   =       333.8633  ANGLE   =      1069.1358  DIHED      =      1362.7602
 1-4 NB =       468.2428  1-4 EEL =      6334.4956  VDWAALS    =      5166.9909
 EELEC  =    -62839.3338  EHBOND  =         0.0000  RESTRAINT  =        39.9321
 EAMBER (non-restraint)  =    -48103.8453
 ------------------------------------------------------------------------------

wrapping first mol.:       20.88048       29.52946       51.14652
wrapping first mol.:       20.88048       29.52946       51.14652

 NSTEP =     7000   TIME(PS) =    1754.000  TEMP(K) =   301.62  PRESS =     0.0
 Etot   =    -37930.0603  EKtot   =     10077.2002  EPtot      =    -48007.2604
 BOND   =       371.8770  ANGLE   =      1065.0435  DIHED      =      1367.4710
 1-4 NB =       458.1921  1-4 EEL =      6339.9942  VDWAALS    =      5440.3256
 EELEC  =    -63087.8231  EHBOND  =         0.0000  RESTRAINT  =        37.6592
 EAMBER (non-restraint)  =    -48044.9196
 ------------------------------------------------------------------------------

wrapping first mol.:       20.88048       29.52946       51.14652
wrapping first mol.:       20.88048       29.52946       51.14652

 NSTEP =     7500   TIME(PS) =    1755.000  TEMP(K) =   296.68  PRESS =     0.0
 Etot   =    -38188.5468  EKtot   =      9912.1133  EPtot      =    -48100.6601
 BOND   =       369.2115  ANGLE   =      1104.8715  DIHED      =      1356.5413
 1-4 NB =       442.6257  1-4 EEL =      6320.1851  VDWAALS    =      5375.6269
 EELEC  =    -63114.0725  EHBOND  =         0.0000  RESTRAINT  =        44.3504
 EAMBER (non-restraint)  =    -48145.0105
 ------------------------------------------------------------------------------

wrapping first mol.:       20.88048       29.52946       51.14652
wrapping first mol.:       20.88048       29.52946       51.14652

 NSTEP =     8000   TIME(PS) =    1756.000  TEMP(K) =   300.84  PRESS =     0.0
 Etot   =    -38067.5310  EKtot   =     10051.2451  EPtot      =    -48118.7761
 BOND   =       386.0464  ANGLE   =      1105.3660  DIHED      =      1337.3255
 1-4 NB =       453.8412  1-4 EEL =      6319.7668  VDWAALS    =      5420.3330
 EELEC  =    -63189.8109  EHBOND  =         0.0000  RESTRAINT  =        48.3559
 EAMBER (non-restraint)  =    -48167.1320
 ------------------------------------------------------------------------------

wrapping first mol.:       20.88048       29.52946       51.14652
wrapping first mol.:       20.88048       29.52946       51.14652

 NSTEP =     8500   TIME(PS) =    1757.000  TEMP(K) =   301.97  PRESS =     0.0
 Etot   =    -38045.2153  EKtot   =     10088.9717  EPtot      =    -48134.1870
 BOND   =       334.0780  ANGLE   =      1079.4298  DIHED      =      1349.1689
 1-4 NB =       453.2158  1-4 EEL =      6306.9279  VDWAALS    =      5253.6838
 EELEC  =    -62956.9194  EHBOND  =         0.0000  RESTRAINT  =        46.2282
 EAMBER (non-restraint)  =    -48180.4152
 ------------------------------------------------------------------------------

wrapping first mol.:       20.88048       29.52946       51.14652
wrapping first mol.:       20.88048       29.52946       51.14652

 NSTEP =     9000   TIME(PS) =    1758.000  TEMP(K) =   300.43  PRESS =     0.0
 Etot   =    -38082.0094  EKtot   =     10037.6455  EPtot      =    -48119.6549
 BOND   =       336.4848  ANGLE   =      1032.3238  DIHED      =      1365.5083
 1-4 NB =       437.8480  1-4 EEL =      6384.3436  VDWAALS    =      5307.4208
 EELEC  =    -63025.8709  EHBOND  =         0.0000  RESTRAINT  =        42.2867
 EAMBER (non-restraint)  =    -48161.9416
 ------------------------------------------------------------------------------

wrapping first mol.:       20.88048       29.52946       51.14652
wrapping first mol.:       20.88048       29.52946       51.14652

 NSTEP =     9500   TIME(PS) =    1759.000  TEMP(K) =   302.96  PRESS =     0.0
 Etot   =    -38051.8295  EKtot   =     10121.9502  EPtot      =    -48173.7797
 BOND   =       334.6558  ANGLE   =      1075.6730  DIHED      =      1387.4020
 1-4 NB =       444.1650  1-4 EEL =      6337.5833  VDWAALS    =      5282.7886
 EELEC  =    -63076.1600  EHBOND  =         0.0000  RESTRAINT  =        40.1125
 EAMBER (non-restraint)  =    -48213.8922
 ------------------------------------------------------------------------------

wrapping first mol.:       20.88048       29.52946       51.14652
wrapping first mol.:       20.88048       29.52946       51.14652

 NSTEP =    10000   TIME(PS) =    1760.000  TEMP(K) =   299.16  PRESS =     0.0
 Etot   =    -38218.0435  EKtot   =      9995.1533  EPtot      =    -48213.1968
 BOND   =       347.0114  ANGLE   =      1021.5647  DIHED      =      1359.2858
 1-4 NB =       460.9975  1-4 EEL =      6345.6737  VDWAALS    =      5493.6095
 EELEC  =    -63280.4934  EHBOND  =         0.0000  RESTRAINT  =        39.1541
 EAMBER (non-restraint)  =    -48252.3509
 ------------------------------------------------------------------------------

wrapping first mol.:       20.88048       29.52946       51.14652
wrapping first mol.:       20.88048       29.52946       51.14652

 NSTEP =    10500   TIME(PS) =    1761.000  TEMP(K) =   299.42  PRESS =     0.0
 Etot   =    -38111.9979  EKtot   =     10003.7959  EPtot      =    -48115.7938
 BOND   =       353.3271  ANGLE   =      1092.9995  DIHED      =      1351.8651
 1-4 NB =       440.9605  1-4 EEL =      6290.1780  VDWAALS    =      5414.7710
 EELEC  =    -63103.5351  EHBOND  =         0.0000  RESTRAINT  =        43.6403
 EAMBER (non-restraint)  =    -48159.4341
 ------------------------------------------------------------------------------

wrapping first mol.:       20.88048       29.52946       51.14652
wrapping first mol.:       20.88048       29.52946       51.14652

 NSTEP =    11000   TIME(PS) =    1762.000  TEMP(K) =   303.55  PRESS =     0.0
 Etot   =    -38030.0785  EKtot   =     10141.7510  EPtot      =    -48171.8294
 BOND   =       353.0561  ANGLE   =      1062.6162  DIHED      =      1339.6267
 1-4 NB =       432.2319  1-4 EEL =      6306.9525  VDWAALS    =      5517.1326
 EELEC  =    -63232.8472  EHBOND  =         0.0000  RESTRAINT  =        49.4018
 EAMBER (non-restraint)  =    -48221.2312
 ------------------------------------------------------------------------------

wrapping first mol.:       20.88048       29.52946       51.14652
wrapping first mol.:       20.88048       29.52946       51.14652

 NSTEP =    11500   TIME(PS) =    1763.000  TEMP(K) =   300.67  PRESS =     0.0
 Etot   =    -38171.6087  EKtot   =     10045.4883  EPtot      =    -48217.0970
 BOND   =       343.1848  ANGLE   =      1033.7718  DIHED      =      1364.1507
 1-4 NB =       441.1058  1-4 EEL =      6344.6323  VDWAALS    =      5465.2424
 EELEC  =    -63257.3417  EHBOND  =         0.0000  RESTRAINT  =        48.1571
 EAMBER (non-restraint)  =    -48265.2541
 ------------------------------------------------------------------------------

wrapping first mol.:       20.88048       29.52946       51.14652
wrapping first mol.:       20.88048       29.52946       51.14652

 NSTEP =    12000   TIME(PS) =    1764.000  TEMP(K) =   298.12  PRESS =     0.0
 Etot   =    -38025.5204  EKtot   =      9960.4492  EPtot      =    -47985.9696
 BOND   =       339.9241  ANGLE   =      1070.4341  DIHED      =      1343.3451
 1-4 NB =       459.7660  1-4 EEL =      6321.6239  VDWAALS    =      5447.6748
 EELEC  =    -63010.6752  EHBOND  =         0.0000  RESTRAINT  =        41.9374
 EAMBER (non-restraint)  =    -48027.9071
 ------------------------------------------------------------------------------

wrapping first mol.:       20.88048       29.52946       51.14652
wrapping first mol.:       20.88048       29.52946       51.14652

 NSTEP =    12500   TIME(PS) =    1765.000  TEMP(K) =   298.14  PRESS =     0.0
 Etot   =    -38289.8702  EKtot   =      9961.0459  EPtot      =    -48250.9161
 BOND   =       343.4962  ANGLE   =      1037.6138  DIHED      =      1342.4617
 1-4 NB =       459.6705  1-4 EEL =      6368.1085  VDWAALS    =      5330.6701
 EELEC  =    -63180.0712  EHBOND  =         0.0000  RESTRAINT  =        47.1343
 EAMBER (non-restraint)  =    -48298.0503
 ------------------------------------------------------------------------------

wrapping first mol.:       20.88048       29.52946       51.14652
wrapping first mol.:       20.88048       29.52946       51.14652

 NSTEP =    13000   TIME(PS) =    1766.000  TEMP(K) =   302.04  PRESS =     0.0
 Etot   =    -37923.0359  EKtot   =     10091.3857  EPtot      =    -48014.4217
 BOND   =       352.2597  ANGLE   =      1086.5121  DIHED      =      1351.3401
 1-4 NB =       448.3113  1-4 EEL =      6352.2058  VDWAALS    =      5259.5100
 EELEC  =    -62908.8371  EHBOND  =         0.0000  RESTRAINT  =        44.2764
 EAMBER (non-restraint)  =    -48058.6981
 ------------------------------------------------------------------------------

wrapping first mol.:       20.88048       29.52946       51.14652
wrapping first mol.:       20.88048       29.52946       51.14652

 NSTEP =    13500   TIME(PS) =    1767.000  TEMP(K) =   300.30  PRESS =     0.0
 Etot   =    -38199.7652  EKtot   =     10033.2881  EPtot      =    -48233.0532
 BOND   =       341.5294  ANGLE   =      1057.2870  DIHED      =      1352.4652
 1-4 NB =       456.1620  1-4 EEL =      6290.6208  VDWAALS    =      5313.0826
 EELEC  =    -63087.0720  EHBOND  =         0.0000  RESTRAINT  =        42.8718
 EAMBER (non-restraint)  =    -48275.9251
 ------------------------------------------------------------------------------

wrapping first mol.:       20.88048       29.52946       51.14652
wrapping first mol.:       20.88048       29.52946       51.14652

 NSTEP =    14000   TIME(PS) =    1768.000  TEMP(K) =   302.00  PRESS =     0.0
 Etot   =    -38053.8715  EKtot   =     10089.8652  EPtot      =    -48143.7368
 BOND   =       365.1618  ANGLE   =      1062.6073  DIHED      =      1343.4792
 1-4 NB =       456.4981  1-4 EEL =      6331.9259  VDWAALS    =      5597.4821
 EELEC  =    -63343.6066  EHBOND  =         0.0000  RESTRAINT  =        42.7153
 EAMBER (non-restraint)  =    -48186.4521
 ------------------------------------------------------------------------------

wrapping first mol.:       20.88048       29.52946       51.14652
wrapping first mol.:       20.88048       29.52946       51.14652

 NSTEP =    14500   TIME(PS) =    1769.000  TEMP(K) =   295.82  PRESS =     0.0
 Etot   =    -38157.1821  EKtot   =      9883.6592  EPtot      =    -48040.8413
 BOND   =       359.5200  ANGLE   =      1052.0737  DIHED      =      1353.3230
 1-4 NB =       473.6858  1-4 EEL =      6323.6694  VDWAALS    =      5452.2442
 EELEC  =    -63103.1588  EHBOND  =         0.0000  RESTRAINT  =        47.8014
 EAMBER (non-restraint)  =    -48088.6427
 ------------------------------------------------------------------------------

wrapping first mol.:       20.88048       29.52946       51.14652
wrapping first mol.:       20.88048       29.52946       51.14652

 NSTEP =    15000   TIME(PS) =    1770.000  TEMP(K) =   301.23  PRESS =     0.0
 Etot   =    -38159.7559  EKtot   =     10064.3291  EPtot      =    -48224.0850
 BOND   =       341.2778  ANGLE   =      1046.3687  DIHED      =      1364.2482
 1-4 NB =       441.8704  1-4 EEL =      6314.8487  VDWAALS    =      5534.5587
 EELEC  =    -63309.4714  EHBOND  =         0.0000  RESTRAINT  =        42.2138
 EAMBER (non-restraint)  =    -48266.2989
 ------------------------------------------------------------------------------

wrapping first mol.:       20.88048       29.52946       51.14652
wrapping first mol.:       20.88048       29.52946       51.14652

 NSTEP =    15500   TIME(PS) =    1771.000  TEMP(K) =   300.22  PRESS =     0.0
 Etot   =    -38077.0436  EKtot   =     10030.5547  EPtot      =    -48107.5983
 BOND   =       379.2675  ANGLE   =      1074.2677  DIHED      =      1354.0698
 1-4 NB =       446.8899  1-4 EEL =      6316.5822  VDWAALS    =      5290.4149
 EELEC  =    -63009.6916  EHBOND  =         0.0000  RESTRAINT  =        40.6013
 EAMBER (non-restraint)  =    -48148.1996
 ------------------------------------------------------------------------------

wrapping first mol.:       20.88048       29.52946       51.14652
wrapping first mol.:       20.88048       29.52946       51.14652

 NSTEP =    16000   TIME(PS) =    1772.000  TEMP(K) =   300.59  PRESS =     0.0
 Etot   =    -38147.0835  EKtot   =     10042.9326  EPtot      =    -48190.0162
 BOND   =       321.2643  ANGLE   =      1085.4717  DIHED      =      1343.2909
 1-4 NB =       458.5040  1-4 EEL =      6350.5174  VDWAALS    =      5337.7349
 EELEC  =    -63136.0712  EHBOND  =         0.0000  RESTRAINT  =        49.2718
 EAMBER (non-restraint)  =    -48239.2880
 ------------------------------------------------------------------------------

wrapping first mol.:       20.88048       29.52946       51.14652
wrapping first mol.:       20.88048       29.52946       51.14652

 NSTEP =    16500   TIME(PS) =    1773.000  TEMP(K) =   300.33  PRESS =     0.0
 Etot   =    -38178.1239  EKtot   =     10034.2373  EPtot      =    -48212.3612
 BOND   =       353.8498  ANGLE   =      1056.0738  DIHED      =      1360.5342
 1-4 NB =       441.1449  1-4 EEL =      6337.5904  VDWAALS    =      5497.6456
 EELEC  =    -63301.6892  EHBOND  =         0.0000  RESTRAINT  =        42.4893
 EAMBER (non-restraint)  =    -48254.8506
 ------------------------------------------------------------------------------

wrapping first mol.:       20.88048       29.52946       51.14652
wrapping first mol.:       20.88048       29.52946       51.14652

 NSTEP =    17000   TIME(PS) =    1774.000  TEMP(K) =   299.05  PRESS =     0.0
 Etot   =    -38124.6074  EKtot   =      9991.5615  EPtot      =    -48116.1689
 BOND   =       351.8037  ANGLE   =      1097.7274  DIHED      =      1348.8712
 1-4 NB =       448.1196  1-4 EEL =      6324.6489  VDWAALS    =      5396.0332
 EELEC  =    -63127.7072  EHBOND  =         0.0000  RESTRAINT  =        44.3341
 EAMBER (non-restraint)  =    -48160.5031
 ------------------------------------------------------------------------------

wrapping first mol.:       20.88048       29.52946       51.14652
wrapping first mol.:       20.88048       29.52946       51.14652

 NSTEP =    17500   TIME(PS) =    1775.000  TEMP(K) =   297.10  PRESS =     0.0
 Etot   =    -38338.8525  EKtot   =      9926.3359  EPtot      =    -48265.1884
 BOND   =       340.2972  ANGLE   =      1065.6446  DIHED      =      1355.5230
 1-4 NB =       451.8717  1-4 EEL =      6331.7860  VDWAALS    =      5424.0399
 EELEC  =    -63277.9951  EHBOND  =         0.0000  RESTRAINT  =        43.6442
 EAMBER (non-restraint)  =    -48308.8326
 ------------------------------------------------------------------------------

wrapping first mol.:       20.88048       29.52946       51.14652
wrapping first mol.:       20.88048       29.52946       51.14652

 NSTEP =    18000   TIME(PS) =    1776.000  TEMP(K) =   301.56  PRESS =     0.0
 Etot   =    -38089.7630  EKtot   =     10075.4551  EPtot      =    -48165.2181
 BOND   =       337.8099  ANGLE   =      1051.3473  DIHED      =      1326.5982
 1-4 NB =       437.5662  1-4 EEL =      6336.7976  VDWAALS    =      5480.3741
 EELEC  =    -63184.5746  EHBOND  =         0.0000  RESTRAINT  =        48.8632
 EAMBER (non-restraint)  =    -48214.0813
 ------------------------------------------------------------------------------

wrapping first mol.:       20.88048       29.52946       51.14652
wrapping first mol.:       20.88048       29.52946       51.14652

 NSTEP =    18500   TIME(PS) =    1777.000  TEMP(K) =   299.57  PRESS =     0.0
 Etot   =    -38091.3792  EKtot   =     10008.9219  EPtot      =    -48100.3010
 BOND   =       342.9431  ANGLE   =      1084.5841  DIHED      =      1370.0838
 1-4 NB =       444.8978  1-4 EEL =      6340.7919  VDWAALS    =      5360.6081
 EELEC  =    -63090.3224  EHBOND  =         0.0000  RESTRAINT  =        46.1125
 EAMBER (non-restraint)  =    -48146.4135
 ------------------------------------------------------------------------------

wrapping first mol.:       20.88048       29.52946       51.14652
wrapping first mol.:       20.88048       29.52946       51.14652

 NSTEP =    19000   TIME(PS) =    1778.000  TEMP(K) =   303.21  PRESS =     0.0
 Etot   =    -37976.9108  EKtot   =     10130.5586  EPtot      =    -48107.4693
 BOND   =       358.4402  ANGLE   =      1058.6286  DIHED      =      1364.0569
 1-4 NB =       439.7075  1-4 EEL =      6288.8382  VDWAALS    =      5228.3254
 EELEC  =    -62896.8168  EHBOND  =         0.0000  RESTRAINT  =        51.3506
 EAMBER (non-restraint)  =    -48158.8200
 ------------------------------------------------------------------------------

wrapping first mol.:       20.88048       29.52946       51.14652
wrapping first mol.:       20.88048       29.52946       51.14652

 NSTEP =    19500   TIME(PS) =    1779.000  TEMP(K) =   296.10  PRESS =     0.0
 Etot   =    -38284.9342  EKtot   =      9892.8115  EPtot      =    -48177.7457
 BOND   =       353.5315  ANGLE   =      1035.5100  DIHED      =      1331.0692
 1-4 NB =       464.6180  1-4 EEL =      6347.4358  VDWAALS    =      5374.9708
 EELEC  =    -63128.8271  EHBOND  =         0.0000  RESTRAINT  =        43.9460
 EAMBER (non-restraint)  =    -48221.6917
 ------------------------------------------------------------------------------

wrapping first mol.:       20.88048       29.52946       51.14652
wrapping first mol.:       20.88048       29.52946       51.14652

 NSTEP =    20000   TIME(PS) =    1780.000  TEMP(K) =   298.05  PRESS =     0.0
 Etot   =    -38139.8766  EKtot   =      9958.0742  EPtot      =    -48097.9508
 BOND   =       345.9281  ANGLE   =      1071.2095  DIHED      =      1360.9419
 1-4 NB =       445.8065  1-4 EEL =      6326.2107  VDWAALS    =      5397.1549
 EELEC  =    -63092.3613  EHBOND  =         0.0000  RESTRAINT  =        47.1590
 EAMBER (non-restraint)  =    -48145.1098
 ------------------------------------------------------------------------------

wrapping first mol.:       20.88048       29.52946       51.14652
wrapping first mol.:       20.88048       29.52946       51.14652

 NSTEP =    20500   TIME(PS) =    1781.000  TEMP(K) =   299.67  PRESS =     0.0
 Etot   =    -38069.3156  EKtot   =     10012.2979  EPtot      =    -48081.6135
 BOND   =       339.9346  ANGLE   =      1049.2338  DIHED      =      1352.5472
 1-4 NB =       459.6599  1-4 EEL =      6361.2987  VDWAALS    =      5199.6060
 EELEC  =    -62881.5308  EHBOND  =         0.0000  RESTRAINT  =        37.6372
 EAMBER (non-restraint)  =    -48119.2507
 ------------------------------------------------------------------------------

wrapping first mol.:       20.88048       29.52946       51.14652
wrapping first mol.:       20.88048       29.52946       51.14652

 NSTEP =    21000   TIME(PS) =    1782.000  TEMP(K) =   300.96  PRESS =     0.0
 Etot   =    -37830.9315  EKtot   =     10055.3174  EPtot      =    -47886.2489
 BOND   =       338.4413  ANGLE   =      1090.7980  DIHED      =      1331.8539
 1-4 NB =       447.2697  1-4 EEL =      6346.1626  VDWAALS    =      5335.0696
 EELEC  =    -62818.1270  EHBOND  =         0.0000  RESTRAINT  =        42.2830
 EAMBER (non-restraint)  =    -47928.5319
 ------------------------------------------------------------------------------

wrapping first mol.:       20.88048       29.52946       51.14652
wrapping first mol.:       20.88048       29.52946       51.14652

 NSTEP =    21500   TIME(PS) =    1783.000  TEMP(K) =   298.52  PRESS =     0.0
 Etot   =    -38129.7401  EKtot   =      9973.7090  EPtot      =    -48103.4491
 BOND   =       358.9582  ANGLE   =      1024.1582  DIHED      =      1345.9975
 1-4 NB =       444.7916  1-4 EEL =      6339.5366  VDWAALS    =      5362.1399
 EELEC  =    -63024.4039  EHBOND  =         0.0000  RESTRAINT  =        45.3728
 EAMBER (non-restraint)  =    -48148.8219
 ------------------------------------------------------------------------------

wrapping first mol.:       20.88048       29.52946       51.14652
wrapping first mol.:       20.88048       29.52946       51.14652

 NSTEP =    22000   TIME(PS) =    1784.000  TEMP(K) =   301.30  PRESS =     0.0
 Etot   =    -37968.1799  EKtot   =     10066.7686  EPtot      =    -48034.9484
 BOND   =       345.4529  ANGLE   =      1071.1747  DIHED      =      1344.4856
 1-4 NB =       451.3636  1-4 EEL =      6324.2142  VDWAALS    =      5365.5936
 EELEC  =    -62985.6578  EHBOND  =         0.0000  RESTRAINT  =        48.4248
 EAMBER (non-restraint)  =    -48083.3732
 ------------------------------------------------------------------------------

wrapping first mol.:       20.88048       29.52946       51.14652
wrapping first mol.:       20.88048       29.52946       51.14652

 NSTEP =    22500   TIME(PS) =    1785.000  TEMP(K) =   302.65  PRESS =     0.0
 Etot   =    -37949.6913  EKtot   =     10111.6172  EPtot      =    -48061.3084
 BOND   =       347.7591  ANGLE   =      1036.6620  DIHED      =      1346.1351
 1-4 NB =       467.3275  1-4 EEL =      6319.9836  VDWAALS    =      5101.6213
 EELEC  =    -62728.1828  EHBOND  =         0.0000  RESTRAINT  =        47.3858
 EAMBER (non-restraint)  =    -48108.6942
 ------------------------------------------------------------------------------

wrapping first mol.:       20.88048       29.52946       51.14652
wrapping first mol.:       20.88048       29.52946       51.14652

 NSTEP =    23000   TIME(PS) =    1786.000  TEMP(K) =   300.27  PRESS =     0.0
 Etot   =    -37992.2805  EKtot   =     10032.0859  EPtot      =    -48024.3664
 BOND   =       382.9044  ANGLE   =      1047.6647  DIHED      =      1351.4497
 1-4 NB =       453.3664  1-4 EEL =      6315.2105  VDWAALS    =      5320.8012
 EELEC  =    -62939.4713  EHBOND  =         0.0000  RESTRAINT  =        43.7080
 EAMBER (non-restraint)  =    -48068.0744
 ------------------------------------------------------------------------------

wrapping first mol.:       20.88048       29.52946       51.14652
wrapping first mol.:       20.88048       29.52946       51.14652

 NSTEP =    23500   TIME(PS) =    1787.000  TEMP(K) =   300.08  PRESS =     0.0
 Etot   =    -38134.7887  EKtot   =     10025.7393  EPtot      =    -48160.5280
 BOND   =       379.2098  ANGLE   =      1073.2796  DIHED      =      1355.4848
 1-4 NB =       458.1631  1-4 EEL =      6343.0904  VDWAALS    =      5184.9116
 EELEC  =    -62995.2815  EHBOND  =         0.0000  RESTRAINT  =        40.6142
 EAMBER (non-restraint)  =    -48201.1422
 ------------------------------------------------------------------------------

wrapping first mol.:       20.88048       29.52946       51.14652
wrapping first mol.:       20.88048       29.52946       51.14652

 NSTEP =    24000   TIME(PS) =    1788.000  TEMP(K) =   301.40  PRESS =     0.0
 Etot   =    -37980.4030  EKtot   =     10069.9121  EPtot      =    -48050.3151
 BOND   =       354.0521  ANGLE   =      1068.6921  DIHED      =      1346.9742
 1-4 NB =       458.7413  1-4 EEL =      6343.0340  VDWAALS    =      5340.0975
 EELEC  =    -63002.7811  EHBOND  =         0.0000  RESTRAINT  =        40.8747
 EAMBER (non-restraint)  =    -48091.1898
 ------------------------------------------------------------------------------

wrapping first mol.:       20.88048       29.52946       51.14652
wrapping first mol.:       20.88048       29.52946       51.14652

 NSTEP =    24500   TIME(PS) =    1789.000  TEMP(K) =   301.19  PRESS =     0.0
 Etot   =    -38042.3251  EKtot   =     10063.1143  EPtot      =    -48105.4394
 BOND   =       330.2265  ANGLE   =      1022.9688  DIHED      =      1351.8553
 1-4 NB =       451.7350  1-4 EEL =      6307.4693  VDWAALS    =      5562.7236
 EELEC  =    -63176.9961  EHBOND  =         0.0000  RESTRAINT  =        44.5782
 EAMBER (non-restraint)  =    -48150.0176
 ------------------------------------------------------------------------------

wrapping first mol.:       20.88048       29.52946       51.14652
wrapping first mol.:       20.88048       29.52946       51.14652

 NSTEP =    25000   TIME(PS) =    1790.000  TEMP(K) =   298.51  PRESS =     0.0
 Etot   =    -38226.0880  EKtot   =      9973.3369  EPtot      =    -48199.4249
 BOND   =       338.9724  ANGLE   =      1044.0207  DIHED      =      1350.9202
 1-4 NB =       466.7285  1-4 EEL =      6359.0617  VDWAALS    =      5338.8445
 EELEC  =    -63141.8710  EHBOND  =         0.0000  RESTRAINT  =        43.8980
 EAMBER (non-restraint)  =    -48243.3229
 ------------------------------------------------------------------------------

wrapping first mol.:       20.88048       29.52946       51.14652
wrapping first mol.:       20.88048       29.52946       51.14652

 NSTEP =    25500   TIME(PS) =    1791.000  TEMP(K) =   299.79  PRESS =     0.0
 Etot   =    -38060.1165  EKtot   =     10016.2236  EPtot      =    -48076.3402
 BOND   =       353.9121  ANGLE   =      1075.9396  DIHED      =      1346.8010
 1-4 NB =       468.3614  1-4 EEL =      6309.2689  VDWAALS    =      5397.4358
 EELEC  =    -63081.8008  EHBOND  =         0.0000  RESTRAINT  =        53.7419
 EAMBER (non-restraint)  =    -48130.0820
 ------------------------------------------------------------------------------

wrapping first mol.:       20.88048       29.52946       51.14652
wrapping first mol.:       20.88048       29.52946       51.14652

 NSTEP =    26000   TIME(PS) =    1792.000  TEMP(K) =   294.99  PRESS =     0.0
 Etot   =    -38277.3970  EKtot   =      9855.7900  EPtot      =    -48133.1870
 BOND   =       368.0748  ANGLE   =      1082.8989  DIHED      =      1340.2950
 1-4 NB =       445.2314  1-4 EEL =      6311.6131  VDWAALS    =      5251.0234
 EELEC  =    -62979.8824  EHBOND  =         0.0000  RESTRAINT  =        47.5590
 EAMBER (non-restraint)  =    -48180.7460
 ------------------------------------------------------------------------------

wrapping first mol.:       20.88048       29.52946       51.14652
wrapping first mol.:       20.88048       29.52946       51.14652

 NSTEP =    26500   TIME(PS) =    1793.000  TEMP(K) =   299.87  PRESS =     0.0
 Etot   =    -38187.6974  EKtot   =     10018.8389  EPtot      =    -48206.5363
 BOND   =       352.7673  ANGLE   =      1038.4814  DIHED      =      1376.4866
 1-4 NB =       452.2653  1-4 EEL =      6296.4630  VDWAALS    =      5420.2467
 EELEC  =    -63190.5605  EHBOND  =         0.0000  RESTRAINT  =        47.3139
 EAMBER (non-restraint)  =    -48253.8502
 ------------------------------------------------------------------------------

wrapping first mol.:       20.88048       29.52946       51.14652
wrapping first mol.:       20.88048       29.52946       51.14652

 NSTEP =    27000   TIME(PS) =    1794.000  TEMP(K) =   300.36  PRESS =     0.0
 Etot   =    -38098.9731  EKtot   =     10035.3145  EPtot      =    -48134.2876
 BOND   =       380.3728  ANGLE   =      1068.7307  DIHED      =      1355.5769
 1-4 NB =       456.2716  1-4 EEL =      6345.6051  VDWAALS    =      5568.4914
 EELEC  =    -63359.1095  EHBOND  =         0.0000  RESTRAINT  =        49.7735
 EAMBER (non-restraint)  =    -48184.0611
 ------------------------------------------------------------------------------

wrapping first mol.:       20.88048       29.52946       51.14652
wrapping first mol.:       20.88048       29.52946       51.14652

 NSTEP =    27500   TIME(PS) =    1795.000  TEMP(K) =   301.52  PRESS =     0.0
 Etot   =    -38024.0363  EKtot   =     10074.0410  EPtot      =    -48098.0773
 BOND   =       351.9699  ANGLE   =      1042.0863  DIHED      =      1361.7895
 1-4 NB =       463.1427  1-4 EEL =      6359.6316  VDWAALS    =      5572.8379
 EELEC  =    -63294.7255  EHBOND  =         0.0000  RESTRAINT  =        45.1903
 EAMBER (non-restraint)  =    -48143.2676
 ------------------------------------------------------------------------------

wrapping first mol.:       20.88048       29.52946       51.14652
wrapping first mol.:       20.88048       29.52946       51.14652

 NSTEP =    28000   TIME(PS) =    1796.000  TEMP(K) =   300.31  PRESS =     0.0
 Etot   =    -38002.2199  EKtot   =     10033.4844  EPtot      =    -48035.7043
 BOND   =       367.9576  ANGLE   =      1081.9967  DIHED      =      1352.5787
 1-4 NB =       448.6934  1-4 EEL =      6322.9048  VDWAALS    =      5101.4410
 EELEC  =    -62753.0076  EHBOND  =         0.0000  RESTRAINT  =        41.7311
 EAMBER (non-restraint)  =    -48077.4354
 ------------------------------------------------------------------------------

wrapping first mol.:       20.88048       29.52946       51.14652
wrapping first mol.:       20.88048       29.52946       51.14652

 NSTEP =    28500   TIME(PS) =    1797.000  TEMP(K) =   296.20  PRESS =     0.0
 Etot   =    -38026.6514  EKtot   =      9896.1309  EPtot      =    -47922.7823
 BOND   =       371.6456  ANGLE   =      1063.9028  DIHED      =      1354.7162
 1-4 NB =       452.9856  1-4 EEL =      6316.2455  VDWAALS    =      5357.5988
 EELEC  =    -62885.4117  EHBOND  =         0.0000  RESTRAINT  =        45.5349
 EAMBER (non-restraint)  =    -47968.3172
 ------------------------------------------------------------------------------

wrapping first mol.:       20.88048       29.52946       51.14652
wrapping first mol.:       20.88048       29.52946       51.14652

 NSTEP =    29000   TIME(PS) =    1798.000  TEMP(K) =   300.50  PRESS =     0.0
 Etot   =    -38128.5084  EKtot   =     10039.9248  EPtot      =    -48168.4333
 BOND   =       338.1925  ANGLE   =      1037.6165  DIHED      =      1348.7830
 1-4 NB =       440.1409  1-4 EEL =      6307.1457  VDWAALS    =      5624.4135
 EELEC  =    -63306.9306  EHBOND  =         0.0000  RESTRAINT  =        42.2052
 EAMBER (non-restraint)  =    -48210.6385
 ------------------------------------------------------------------------------

wrapping first mol.:       20.88048       29.52946       51.14652
wrapping first mol.:       20.88048       29.52946       51.14652

 NSTEP =    29500   TIME(PS) =    1799.000  TEMP(K) =   300.67  PRESS =     0.0
 Etot   =    -38048.0027  EKtot   =     10045.4727  EPtot      =    -48093.4754
 BOND   =       334.6460  ANGLE   =      1045.1087  DIHED      =      1359.2450
 1-4 NB =       466.4655  1-4 EEL =      6334.1477  VDWAALS    =      5328.5227
 EELEC  =    -63001.5227  EHBOND  =         0.0000  RESTRAINT  =        39.9116
 EAMBER (non-restraint)  =    -48133.3870
 ------------------------------------------------------------------------------

wrapping first mol.:       20.88048       29.52946       51.14652
wrapping first mol.:       20.88048       29.52946       51.14652

 NSTEP =    30000   TIME(PS) =    1800.000  TEMP(K) =   299.44  PRESS =     0.0
 Etot   =    -37913.3272  EKtot   =     10004.5371  EPtot      =    -47917.8644
 BOND   =       382.5848  ANGLE   =      1092.2748  DIHED      =      1365.6785
 1-4 NB =       449.5556  1-4 EEL =      6316.3370  VDWAALS    =      5515.7299
 EELEC  =    -63088.1860  EHBOND  =         0.0000  RESTRAINT  =        48.1611
 EAMBER (non-restraint)  =    -47966.0255
 ------------------------------------------------------------------------------

wrapping first mol.:       20.88048       29.52946       51.14652
wrapping first mol.:       20.88048       29.52946       51.14652

 NSTEP =    30500   TIME(PS) =    1801.000  TEMP(K) =   300.06  PRESS =     0.0
 Etot   =    -37997.1739  EKtot   =     10025.2764  EPtot      =    -48022.4503
 BOND   =       363.3152  ANGLE   =      1069.5178  DIHED      =      1334.7212
 1-4 NB =       453.9998  1-4 EEL =      6341.4244  VDWAALS    =      5560.2964
 EELEC  =    -63200.8919  EHBOND  =         0.0000  RESTRAINT  =        55.1670
 EAMBER (non-restraint)  =    -48077.6172
 ------------------------------------------------------------------------------

wrapping first mol.:       20.88048       29.52946       51.14652
wrapping first mol.:       20.88048       29.52946       51.14652

 NSTEP =    31000   TIME(PS) =    1802.000  TEMP(K) =   299.17  PRESS =     0.0
 Etot   =    -38147.3650  EKtot   =      9995.3623  EPtot      =    -48142.7273
 BOND   =       343.7075  ANGLE   =      1099.4086  DIHED      =      1374.4720
 1-4 NB =       440.6653  1-4 EEL =      6315.9765  VDWAALS    =      5510.5411
 EELEC  =    -63267.0111  EHBOND  =         0.0000  RESTRAINT  =        39.5129
 EAMBER (non-restraint)  =    -48182.2402
 ------------------------------------------------------------------------------

wrapping first mol.:       20.88048       29.52946       51.14652
wrapping first mol.:       20.88048       29.52946       51.14652

 NSTEP =    31500   TIME(PS) =    1803.000  TEMP(K) =   303.17  PRESS =     0.0
 Etot   =    -38125.3991  EKtot   =     10129.2119  EPtot      =    -48254.6110
 BOND   =       336.1970  ANGLE   =      1059.0602  DIHED      =      1393.7408
 1-4 NB =       444.3447  1-4 EEL =      6353.4559  VDWAALS    =      5330.9230
 EELEC  =    -63217.3047  EHBOND  =         0.0000  RESTRAINT  =        44.9721
 EAMBER (non-restraint)  =    -48299.5832
 ------------------------------------------------------------------------------

wrapping first mol.:       20.88048       29.52946       51.14652
wrapping first mol.:       20.88048       29.52946       51.14652

 NSTEP =    32000   TIME(PS) =    1804.000  TEMP(K) =   299.09  PRESS =     0.0
 Etot   =    -38254.1983  EKtot   =      9992.8721  EPtot      =    -48247.0704
 BOND   =       353.4122  ANGLE   =      1079.4350  DIHED      =      1371.3091
 1-4 NB =       446.1671  1-4 EEL =      6313.3888  VDWAALS    =      5426.2235
 EELEC  =    -63283.2432  EHBOND  =         0.0000  RESTRAINT  =        46.2372
 EAMBER (non-restraint)  =    -48293.3076
 ------------------------------------------------------------------------------

wrapping first mol.:       20.88048       29.52946       51.14652
wrapping first mol.:       20.88048       29.52946       51.14652

 NSTEP =    32500   TIME(PS) =    1805.000  TEMP(K) =   297.26  PRESS =     0.0
 Etot   =    -38223.5180  EKtot   =      9931.7988  EPtot      =    -48155.3169
 BOND   =       364.6439  ANGLE   =      1057.2890  DIHED      =      1349.7382
 1-4 NB =       456.2412  1-4 EEL =      6326.3122  VDWAALS    =      5320.2333
 EELEC  =    -63069.9574  EHBOND  =         0.0000  RESTRAINT  =        40.1827
 EAMBER (non-restraint)  =    -48195.4996
 ------------------------------------------------------------------------------

wrapping first mol.:       20.88048       29.52946       51.14652
wrapping first mol.:       20.88048       29.52946       51.14652

 NSTEP =    33000   TIME(PS) =    1806.000  TEMP(K) =   298.08  PRESS =     0.0
 Etot   =    -38073.1444  EKtot   =      9959.1709  EPtot      =    -48032.3153
 BOND   =       344.8518  ANGLE   =      1119.9185  DIHED      =      1352.2410
 1-4 NB =       454.5116  1-4 EEL =      6326.8233  VDWAALS    =      5393.6106
 EELEC  =    -63071.5509  EHBOND  =         0.0000  RESTRAINT  =        47.2788
 EAMBER (non-restraint)  =    -48079.5941
 ------------------------------------------------------------------------------

wrapping first mol.:       20.88048       29.52946       51.14652
wrapping first mol.:       20.88048       29.52946       51.14652

 NSTEP =    33500   TIME(PS) =    1807.000  TEMP(K) =   299.64  PRESS =     0.0
 Etot   =    -38061.8563  EKtot   =     10011.2549  EPtot      =    -48073.1111
 BOND   =       370.4378  ANGLE   =      1074.6489  DIHED      =      1362.9517
 1-4 NB =       438.6824  1-4 EEL =      6309.9109  VDWAALS    =      5302.2836
 EELEC  =    -62980.3955  EHBOND  =         0.0000  RESTRAINT  =        48.3691
 EAMBER (non-restraint)  =    -48121.4802
 ------------------------------------------------------------------------------

wrapping first mol.:       20.88048       29.52946       51.14652
wrapping first mol.:       20.88048       29.52946       51.14652

 NSTEP =    34000   TIME(PS) =    1808.000  TEMP(K) =   298.54  PRESS =     0.0
 Etot   =    -38059.5874  EKtot   =      9974.5166  EPtot      =    -48034.1040
 BOND   =       369.3211  ANGLE   =      1085.5834  DIHED      =      1334.3354
 1-4 NB =       457.8465  1-4 EEL =      6283.0680  VDWAALS    =      5369.0481
 EELEC  =    -62978.9926  EHBOND  =         0.0000  RESTRAINT  =        45.6860
 EAMBER (non-restraint)  =    -48079.7901
 ------------------------------------------------------------------------------

wrapping first mol.:       20.88048       29.52946       51.14652
wrapping first mol.:       20.88048       29.52946       51.14652

 NSTEP =    34500   TIME(PS) =    1809.000  TEMP(K) =   299.92  PRESS =     0.0
 Etot   =    -37966.0106  EKtot   =     10020.6064  EPtot      =    -47986.6171
 BOND   =       367.2658  ANGLE   =      1115.5059  DIHED      =      1333.6942
 1-4 NB =       438.8599  1-4 EEL =      6310.8564  VDWAALS    =      5214.0855
 EELEC  =    -62813.9727  EHBOND  =         0.0000  RESTRAINT  =        47.0878
 EAMBER (non-restraint)  =    -48033.7049
 ------------------------------------------------------------------------------

wrapping first mol.:       20.88048       29.52946       51.14652
wrapping first mol.:       20.88048       29.52946       51.14652

 NSTEP =    35000   TIME(PS) =    1810.000  TEMP(K) =   300.42  PRESS =     0.0
 Etot   =    -38082.8140  EKtot   =     10037.2676  EPtot      =    -48120.0816
 BOND   =       354.5073  ANGLE   =      1044.3914  DIHED      =      1361.7108
 1-4 NB =       462.6915  1-4 EEL =      6331.0936  VDWAALS    =      5501.1819
 EELEC  =    -63221.0942  EHBOND  =         0.0000  RESTRAINT  =        45.4362
 EAMBER (non-restraint)  =    -48165.5177
 ------------------------------------------------------------------------------

wrapping first mol.:       20.88048       29.52946       51.14652
wrapping first mol.:       20.88048       29.52946       51.14652

 NSTEP =    35500   TIME(PS) =    1811.000  TEMP(K) =   300.43  PRESS =     0.0
 Etot   =    -38071.8166  EKtot   =     10037.6943  EPtot      =    -48109.5109
 BOND   =       373.0288  ANGLE   =      1087.3940  DIHED      =      1355.6567
 1-4 NB =       447.3686  1-4 EEL =      6350.6761  VDWAALS    =      5531.8626
 EELEC  =    -63304.5735  EHBOND  =         0.0000  RESTRAINT  =        49.0758
 EAMBER (non-restraint)  =    -48158.5867
 ------------------------------------------------------------------------------

wrapping first mol.:       20.88048       29.52946       51.14652
wrapping first mol.:       20.88048       29.52946       51.14652

 NSTEP =    36000   TIME(PS) =    1812.000  TEMP(K) =   298.77  PRESS =     0.0
 Etot   =    -38109.7260  EKtot   =      9981.9512  EPtot      =    -48091.6772
 BOND   =       371.9217  ANGLE   =      1059.7957  DIHED      =      1369.2647
 1-4 NB =       442.8261  1-4 EEL =      6325.0963  VDWAALS    =      5354.8190
 EELEC  =    -63055.3991  EHBOND  =         0.0000  RESTRAINT  =        39.9985
 EAMBER (non-restraint)  =    -48131.6757
 ------------------------------------------------------------------------------

wrapping first mol.:       20.88048       29.52946       51.14652
wrapping first mol.:       20.88048       29.52946       51.14652

 NSTEP =    36500   TIME(PS) =    1813.000  TEMP(K) =   298.90  PRESS =     0.0
 Etot   =    -38184.2084  EKtot   =      9986.5977  EPtot      =    -48170.8060
 BOND   =       364.1984  ANGLE   =      1080.4982  DIHED      =      1377.8210
 1-4 NB =       453.9360  1-4 EEL =      6338.1982  VDWAALS    =      5505.5960
 EELEC  =    -63332.2299  EHBOND  =         0.0000  RESTRAINT  =        41.1761
 EAMBER (non-restraint)  =    -48211.9821
 ------------------------------------------------------------------------------

wrapping first mol.:       20.88048       29.52946       51.14652
wrapping first mol.:       20.88048       29.52946       51.14652

 NSTEP =    37000   TIME(PS) =    1814.000  TEMP(K) =   299.76  PRESS =     0.0
 Etot   =    -38058.0338  EKtot   =     10015.1416  EPtot      =    -48073.1754
 BOND   =       361.9270  ANGLE   =      1082.6493  DIHED      =      1357.4161
 1-4 NB =       435.4944  1-4 EEL =      6283.5595  VDWAALS    =      5334.2501
 EELEC  =    -62970.1621  EHBOND  =         0.0000  RESTRAINT  =        41.6903
 EAMBER (non-restraint)  =    -48114.8656
 ------------------------------------------------------------------------------

wrapping first mol.:       20.88048       29.52946       51.14652
wrapping first mol.:       20.88048       29.52946       51.14652

 NSTEP =    37500   TIME(PS) =    1815.000  TEMP(K) =   299.78  PRESS =     0.0
 Etot   =    -38073.5022  EKtot   =     10015.8291  EPtot      =    -48089.3313
 BOND   =       355.6245  ANGLE   =      1070.0675  DIHED      =      1368.3256
 1-4 NB =       455.6236  1-4 EEL =      6362.9100  VDWAALS    =      5349.5252
 EELEC  =    -63097.4848  EHBOND  =         0.0000  RESTRAINT  =        46.0771
 EAMBER (non-restraint)  =    -48135.4083
 ------------------------------------------------------------------------------

wrapping first mol.:       20.88048       29.52946       51.14652
wrapping first mol.:       20.88048       29.52946       51.14652

 NSTEP =    38000   TIME(PS) =    1816.000  TEMP(K) =   304.65  PRESS =     0.0
 Etot   =    -38026.6384  EKtot   =     10178.4092  EPtot      =    -48205.0476
 BOND   =       356.8917  ANGLE   =      1070.6680  DIHED      =      1352.6941
 1-4 NB =       449.3991  1-4 EEL =      6271.0747  VDWAALS    =      5326.7601
 EELEC  =    -63072.8279  EHBOND  =         0.0000  RESTRAINT  =        40.2927
 EAMBER (non-restraint)  =    -48245.3403
 ------------------------------------------------------------------------------

wrapping first mol.:       20.88048       29.52946       51.14652
wrapping first mol.:       20.88048       29.52946       51.14652

 NSTEP =    38500   TIME(PS) =    1817.000  TEMP(K) =   299.24  PRESS =     0.0
 Etot   =    -37907.2317  EKtot   =      9997.7744  EPtot      =    -47905.0061
 BOND   =       352.1495  ANGLE   =      1033.5104  DIHED      =      1348.2408
 1-4 NB =       446.5887  1-4 EEL =      6351.3891  VDWAALS    =      5416.4869
 EELEC  =    -62896.1066  EHBOND  =         0.0000  RESTRAINT  =        42.7352
 EAMBER (non-restraint)  =    -47947.7413
 ------------------------------------------------------------------------------

wrapping first mol.:       20.88048       29.52946       51.14652
wrapping first mol.:       20.88048       29.52946       51.14652

 NSTEP =    39000   TIME(PS) =    1818.000  TEMP(K) =   302.55  PRESS =     0.0
 Etot   =    -37855.7913  EKtot   =     10108.4678  EPtot      =    -47964.2591
 BOND   =       387.4040  ANGLE   =      1070.2609  DIHED      =      1358.4821
 1-4 NB =       451.8639  1-4 EEL =      6326.9776  VDWAALS    =      5236.1450
 EELEC  =    -62835.3419  EHBOND  =         0.0000  RESTRAINT  =        39.9494
 EAMBER (non-restraint)  =    -48004.2084
 ------------------------------------------------------------------------------

wrapping first mol.:       20.88048       29.52946       51.14652
wrapping first mol.:       20.88048       29.52946       51.14652

 NSTEP =    39500   TIME(PS) =    1819.000  TEMP(K) =   298.95  PRESS =     0.0
 Etot   =    -38219.7402  EKtot   =      9988.2725  EPtot      =    -48208.0127
 BOND   =       340.0815  ANGLE   =      1030.2118  DIHED      =      1357.5114
 1-4 NB =       455.8604  1-4 EEL =      6321.4160  VDWAALS    =      5609.3219
 EELEC  =    -63369.0531  EHBOND  =         0.0000  RESTRAINT  =        46.6375
 EAMBER (non-restraint)  =    -48254.6502
 ------------------------------------------------------------------------------

wrapping first mol.:       20.88048       29.52946       51.14652
wrapping first mol.:       20.88048       29.52946       51.14652

 NSTEP =    40000   TIME(PS) =    1820.000  TEMP(K) =   302.92  PRESS =     0.0
 Etot   =    -37949.0778  EKtot   =     10120.6211  EPtot      =    -48069.6989
 BOND   =       343.6556  ANGLE   =      1046.8491  DIHED      =      1351.3261
 1-4 NB =       443.2380  1-4 EEL =      6348.0694  VDWAALS    =      5390.2914
 EELEC  =    -63035.8492  EHBOND  =         0.0000  RESTRAINT  =        42.7207
 EAMBER (non-restraint)  =    -48112.4195
 ------------------------------------------------------------------------------

wrapping first mol.:       20.88048       29.52946       51.14652
wrapping first mol.:       20.88048       29.52946       51.14652

 NSTEP =    40500   TIME(PS) =    1821.000  TEMP(K) =   306.92  PRESS =     0.0
 Etot   =    -37764.0288  EKtot   =     10254.4482  EPtot      =    -48018.4770
 BOND   =       364.9966  ANGLE   =      1098.0540  DIHED      =      1374.1576
 1-4 NB =       450.8136  1-4 EEL =      6334.1107  VDWAALS    =      5342.3493
 EELEC  =    -63027.6267  EHBOND  =         0.0000  RESTRAINT  =        44.6679
 EAMBER (non-restraint)  =    -48063.1448
 ------------------------------------------------------------------------------

wrapping first mol.:       20.88048       29.52946       51.14652
wrapping first mol.:       20.88048       29.52946       51.14652

 NSTEP =    41000   TIME(PS) =    1822.000  TEMP(K) =   301.83  PRESS =     0.0
 Etot   =    -38022.9604  EKtot   =     10084.3525  EPtot      =    -48107.3129
 BOND   =       339.6667  ANGLE   =      1062.4791  DIHED      =      1345.5371
 1-4 NB =       462.1590  1-4 EEL =      6369.2098  VDWAALS    =      5425.0517
 EELEC  =    -63156.1825  EHBOND  =         0.0000  RESTRAINT  =        44.7662
 EAMBER (non-restraint)  =    -48152.0791
 ------------------------------------------------------------------------------

wrapping first mol.:       20.88048       29.52946       51.14652
wrapping first mol.:       20.88048       29.52946       51.14652

 NSTEP =    41500   TIME(PS) =    1823.000  TEMP(K) =   298.28  PRESS =     0.0
 Etot   =    -38039.9844  EKtot   =      9965.7500  EPtot      =    -48005.7344
 BOND   =       372.3454  ANGLE   =      1121.2950  DIHED      =      1364.8059
 1-4 NB =       445.6065  1-4 EEL =      6319.5944  VDWAALS    =      5440.5621
 EELEC  =    -63118.7494  EHBOND  =         0.0000  RESTRAINT  =        48.8057
 EAMBER (non-restraint)  =    -48054.5402
 ------------------------------------------------------------------------------

wrapping first mol.:       20.88048       29.52946       51.14652
wrapping first mol.:       20.88048       29.52946       51.14652

 NSTEP =    42000   TIME(PS) =    1824.000  TEMP(K) =   302.57  PRESS =     0.0
 Etot   =    -38053.7598  EKtot   =     10109.1914  EPtot      =    -48162.9512
 BOND   =       374.7558  ANGLE   =      1081.7761  DIHED      =      1329.4793
 1-4 NB =       447.2325  1-4 EEL =      6346.6125  VDWAALS    =      5498.9863
 EELEC  =    -63290.6430  EHBOND  =         0.0000  RESTRAINT  =        48.8493
 EAMBER (non-restraint)  =    -48211.8005
 ------------------------------------------------------------------------------

wrapping first mol.:       20.88048       29.52946       51.14652
wrapping first mol.:       20.88048       29.52946       51.14652

 NSTEP =    42500   TIME(PS) =    1825.000  TEMP(K) =   299.09  PRESS =     0.0
 Etot   =    -38082.2287  EKtot   =      9992.8193  EPtot      =    -48075.0481
 BOND   =       365.0535  ANGLE   =      1082.3666  DIHED      =      1345.5605
 1-4 NB =       473.5513  1-4 EEL =      6368.0987  VDWAALS    =      5404.0241
 EELEC  =    -63155.2985  EHBOND  =         0.0000  RESTRAINT  =        41.5957
 EAMBER (non-restraint)  =    -48116.6438
 ------------------------------------------------------------------------------

wrapping first mol.:       20.88048       29.52946       51.14652
wrapping first mol.:       20.88048       29.52946       51.14652

 NSTEP =    43000   TIME(PS) =    1826.000  TEMP(K) =   298.65  PRESS =     0.0
 Etot   =    -38112.5051  EKtot   =      9978.2471  EPtot      =    -48090.7522
 BOND   =       336.8764  ANGLE   =      1108.7800  DIHED      =      1339.0885
 1-4 NB =       452.2715  1-4 EEL =      6331.7752  VDWAALS    =      5325.7016
 EELEC  =    -63029.4285  EHBOND  =         0.0000  RESTRAINT  =        44.1830
 EAMBER (non-restraint)  =    -48134.9352
 ------------------------------------------------------------------------------

wrapping first mol.:       20.88048       29.52946       51.14652
wrapping first mol.:       20.88048       29.52946       51.14652

 NSTEP =    43500   TIME(PS) =    1827.000  TEMP(K) =   298.36  PRESS =     0.0
 Etot   =    -38177.5367  EKtot   =      9968.3330  EPtot      =    -48145.8697
 BOND   =       359.8847  ANGLE   =      1046.3284  DIHED      =      1362.0247
 1-4 NB =       454.4300  1-4 EEL =      6325.1152  VDWAALS    =      5404.1248
 EELEC  =    -63144.2241  EHBOND  =         0.0000  RESTRAINT  =        46.4467
 EAMBER (non-restraint)  =    -48192.3164
 ------------------------------------------------------------------------------

wrapping first mol.:       20.88048       29.52946       51.14652
wrapping first mol.:       20.88048       29.52946       51.14652

 NSTEP =    44000   TIME(PS) =    1828.000  TEMP(K) =   298.12  PRESS =     0.0
 Etot   =    -38256.8523  EKtot   =      9960.5078  EPtot      =    -48217.3601
 BOND   =       348.2731  ANGLE   =      1071.3687  DIHED      =      1348.3079
 1-4 NB =       442.3731  1-4 EEL =      6326.0238  VDWAALS    =      5323.0402
 EELEC  =    -63126.1242  EHBOND  =         0.0000  RESTRAINT  =        49.3773
 EAMBER (non-restraint)  =    -48266.7373
 ------------------------------------------------------------------------------

wrapping first mol.:       20.88048       29.52946       51.14652
wrapping first mol.:       20.88048       29.52946       51.14652

 NSTEP =    44500   TIME(PS) =    1829.000  TEMP(K) =   299.19  PRESS =     0.0
 Etot   =    -38202.6968  EKtot   =      9996.0615  EPtot      =    -48198.7583
 BOND   =       349.8991  ANGLE   =      1049.7103  DIHED      =      1358.1652
 1-4 NB =       439.6898  1-4 EEL =      6304.5771  VDWAALS    =      5570.1297
 EELEC  =    -63314.7039  EHBOND  =         0.0000  RESTRAINT  =        43.7744
 EAMBER (non-restraint)  =    -48242.5327
 ------------------------------------------------------------------------------

wrapping first mol.:       20.88048       29.52946       51.14652
wrapping first mol.:       20.88048       29.52946       51.14652

 NSTEP =    45000   TIME(PS) =    1830.000  TEMP(K) =   298.13  PRESS =     0.0
 Etot   =    -37943.4513  EKtot   =      9960.5586  EPtot      =    -47904.0099
 BOND   =       393.6653  ANGLE   =      1086.4988  DIHED      =      1351.6943
 1-4 NB =       443.3453  1-4 EEL =      6333.1655  VDWAALS    =      5303.2246
 EELEC  =    -62856.0608  EHBOND  =         0.0000  RESTRAINT  =        40.4571
 EAMBER (non-restraint)  =    -47944.4670
 ------------------------------------------------------------------------------

wrapping first mol.:       20.88048       29.52946       51.14652
wrapping first mol.:       20.88048       29.52946       51.14652

 NSTEP =    45500   TIME(PS) =    1831.000  TEMP(K) =   294.41  PRESS =     0.0
 Etot   =    -38459.0315  EKtot   =      9836.2998  EPtot      =    -48295.3313
 BOND   =       369.4469  ANGLE   =      1067.4354  DIHED      =      1342.6559
 1-4 NB =       441.6991  1-4 EEL =      6331.9205  VDWAALS    =      5428.4785
 EELEC  =    -63320.4746  EHBOND  =         0.0000  RESTRAINT  =        43.5069
 EAMBER (non-restraint)  =    -48338.8382
 ------------------------------------------------------------------------------

wrapping first mol.:       20.88048       29.52946       51.14652
wrapping first mol.:       20.88048       29.52946       51.14652

 NSTEP =    46000   TIME(PS) =    1832.000  TEMP(K) =   296.61  PRESS =     0.0
 Etot   =    -38347.9278  EKtot   =      9909.8877  EPtot      =    -48257.8155
 BOND   =       344.9138  ANGLE   =      1076.3864  DIHED      =      1361.0634
 1-4 NB =       439.7485  1-4 EEL =      6315.9308  VDWAALS    =      5477.0800
 EELEC  =    -63321.6421  EHBOND  =         0.0000  RESTRAINT  =        48.7037
 EAMBER (non-restraint)  =    -48306.5192
 ------------------------------------------------------------------------------

wrapping first mol.:       20.88048       29.52946       51.14652
wrapping first mol.:       20.88048       29.52946       51.14652

 NSTEP =    46500   TIME(PS) =    1833.000  TEMP(K) =   303.06  PRESS =     0.0
 Etot   =    -38072.6179  EKtot   =     10125.4805  EPtot      =    -48198.0984
 BOND   =       336.8614  ANGLE   =      1081.1859  DIHED      =      1365.8666
 1-4 NB =       448.0177  1-4 EEL =      6326.0159  VDWAALS    =      5488.2610
 EELEC  =    -63288.8420  EHBOND  =         0.0000  RESTRAINT  =        44.5351
 EAMBER (non-restraint)  =    -48242.6335
 ------------------------------------------------------------------------------

wrapping first mol.:       20.88048       29.52946       51.14652
wrapping first mol.:       20.88048       29.52946       51.14652

 NSTEP =    47000   TIME(PS) =    1834.000  TEMP(K) =   297.71  PRESS =     0.0
 Etot   =    -38245.4816  EKtot   =      9946.6650  EPtot      =    -48192.1467
 BOND   =       373.5913  ANGLE   =      1072.8066  DIHED      =      1352.9104
 1-4 NB =       428.2479  1-4 EEL =      6328.9693  VDWAALS    =      5345.3847
 EELEC  =    -63133.2526  EHBOND  =         0.0000  RESTRAINT  =        39.1956
 EAMBER (non-restraint)  =    -48231.3423
 ------------------------------------------------------------------------------

wrapping first mol.:       20.88048       29.52946       51.14652
wrapping first mol.:       20.88048       29.52946       51.14652

 NSTEP =    47500   TIME(PS) =    1835.000  TEMP(K) =   298.78  PRESS =     0.0
 Etot   =    -38316.9084  EKtot   =      9982.4434  EPtot      =    -48299.3518
 BOND   =       373.3405  ANGLE   =      1068.0087  DIHED      =      1354.9715
 1-4 NB =       448.9340  1-4 EEL =      6331.3678  VDWAALS    =      5482.4089
 EELEC  =    -63402.9092  EHBOND  =         0.0000  RESTRAINT  =        44.5262
 EAMBER (non-restraint)  =    -48343.8779
 ------------------------------------------------------------------------------

wrapping first mol.:       20.88048       29.52946       51.14652
wrapping first mol.:       20.88048       29.52946       51.14652

 NSTEP =    48000   TIME(PS) =    1836.000  TEMP(K) =   300.29  PRESS =     0.0
 Etot   =    -38259.7655  EKtot   =     10033.0176  EPtot      =    -48292.7831
 BOND   =       350.6044  ANGLE   =      1070.2715  DIHED      =      1361.7888
 1-4 NB =       457.8015  1-4 EEL =      6310.8585  VDWAALS    =      5558.8113
 EELEC  =    -63446.1865  EHBOND  =         0.0000  RESTRAINT  =        43.2674
 EAMBER (non-restraint)  =    -48336.0505
 ------------------------------------------------------------------------------

wrapping first mol.:       20.88048       29.52946       51.14652
wrapping first mol.:       20.88048       29.52946       51.14652

 NSTEP =    48500   TIME(PS) =    1837.000  TEMP(K) =   299.64  PRESS =     0.0
 Etot   =    -38195.7937  EKtot   =     10011.1543  EPtot      =    -48206.9480
 BOND   =       358.4107  ANGLE   =      1035.4372  DIHED      =      1367.6651
 1-4 NB =       451.8042  1-4 EEL =      6298.5280  VDWAALS    =      5544.1024
 EELEC  =    -63305.7146  EHBOND  =         0.0000  RESTRAINT  =        42.8188
 EAMBER (non-restraint)  =    -48249.7668
 ------------------------------------------------------------------------------

wrapping first mol.:       20.88048       29.52946       51.14652
wrapping first mol.:       20.88048       29.52946       51.14652

 NSTEP =    49000   TIME(PS) =    1838.000  TEMP(K) =   304.47  PRESS =     0.0
 Etot   =    -37775.0955  EKtot   =     10172.5908  EPtot      =    -47947.6863
 BOND   =       339.3320  ANGLE   =      1077.4204  DIHED      =      1352.8536
 1-4 NB =       447.9669  1-4 EEL =      6367.1585  VDWAALS    =      5491.6843
 EELEC  =    -63068.3287  EHBOND  =         0.0000  RESTRAINT  =        44.2268
 EAMBER (non-restraint)  =    -47991.9131
 ------------------------------------------------------------------------------

wrapping first mol.:       20.88048       29.52946       51.14652
wrapping first mol.:       20.88048       29.52946       51.14652

 NSTEP =    49500   TIME(PS) =    1839.000  TEMP(K) =   300.30  PRESS =     0.0
 Etot   =    -38043.2375  EKtot   =     10033.3682  EPtot      =    -48076.6057
 BOND   =       333.2295  ANGLE   =      1090.8334  DIHED      =      1369.2158
 1-4 NB =       436.7922  1-4 EEL =      6358.5858  VDWAALS    =      5393.5436
 EELEC  =    -63106.3546  EHBOND  =         0.0000  RESTRAINT  =        47.5486
 EAMBER (non-restraint)  =    -48124.1544
 ------------------------------------------------------------------------------

wrapping first mol.:       20.88048       29.52946       51.14652
wrapping first mol.:       20.88048       29.52946       51.14652

 NSTEP =    50000   TIME(PS) =    1840.000  TEMP(K) =   298.69  PRESS =     0.0
 Etot   =    -38120.6753  EKtot   =      9979.5889  EPtot      =    -48100.2642
 BOND   =       362.9864  ANGLE   =      1050.6946  DIHED      =      1351.9119
 1-4 NB =       452.1661  1-4 EEL =      6335.1050  VDWAALS    =      5463.2027
 EELEC  =    -63162.5926  EHBOND  =         0.0000  RESTRAINT  =        46.2619
 EAMBER (non-restraint)  =    -48146.5260
 ------------------------------------------------------------------------------


      A V E R A G E S   O V E R     100 S T E P S


 NSTEP =    50000   TIME(PS) =    1840.000  TEMP(K) =   299.95  PRESS =     0.0
 Etot   =    -38100.9553  EKtot   =     10021.4850  EPtot      =    -48122.4402
 BOND   =       353.8423  ANGLE   =      1066.3926  DIHED      =      1355.1058
 1-4 NB =       450.4217  1-4 EEL =      6329.7408  VDWAALS    =      5390.2484
 EELEC  =    -63112.8207  EHBOND  =         0.0000  RESTRAINT  =        44.6288
 EAMBER (non-restraint)  =    -48167.0690
 ------------------------------------------------------------------------------


      R M S  F L U C T U A T I O N S


 NSTEP =    50000   TIME(PS) =    1840.000  TEMP(K) =     2.15  PRESS =     0.0
 Etot   =       124.8562  EKtot   =        71.9092  EPtot      =        96.9502
 BOND   =        15.7789  ANGLE   =        22.4766  DIHED      =        12.3179
 1-4 NB =         9.0968  1-4 EEL =        20.8688  VDWAALS    =       109.4841
 EELEC  =       152.5291  EHBOND  =         0.0000  RESTRAINT  =         3.4778
 EAMBER (non-restraint)  =        93.4724
 ------------------------------------------------------------------------------

--------------------------------------------------------------------------------
   5.  TIMINGS
--------------------------------------------------------------------------------

|  NonSetup CPU Time in Major Routines:
|
|     Routine           Sec        %
|     ------------------------------
|     Nonbond          13.44   35.41
|     Bond              0.00    0.00
|     Angle             0.00    0.00
|     Dihedral          0.00    0.00
|     Shake             0.80    2.12
|     RunMD            23.62   62.23
|     Other             0.09    0.24
|     ------------------------------
|     Total            37.95

|  PME Nonbond Pairlist CPU Time:
|
|     Routine              Sec        %
|     ---------------------------------
|     Set Up Cit           0.00    0.00
|     Build List           0.00    0.00
|     ---------------------------------
|     Total                0.00    0.00

|  PME Direct Force CPU Time:
|
|     Routine              Sec        %
|     ---------------------------------
|     NonBonded Calc       0.00    0.00
|     Exclude Masked       0.00    0.00
|     Other                0.04    0.12
|     ---------------------------------
|     Total                0.04    0.12

|  PME Reciprocal Force CPU Time:
|
|     Routine              Sec        %
|     ---------------------------------
|     1D bspline           0.00    0.00
|     Grid Charges         0.00    0.00
|     Scalar Sum           0.00    0.00
|     Gradient Sum         0.00    0.00
|     FFT                  0.00    0.00
|     ---------------------------------
|     Total                0.00    0.00

|  Final Performance Info:
|     -----------------------------------------------------
|     Average timings for last   49500 steps:
|     Elapsed(s) =      37.53 Per Step(ms) =       0.76
|         ns/day =     227.92   seconds/ns =     379.08
|
|     Average timings for all steps:
|     Elapsed(s) =      37.98 Per Step(ms) =       0.76
|         ns/day =     227.52   seconds/ns =     379.75
|     -----------------------------------------------------

|  Setup CPU time:            2.32 seconds
|  NonSetup CPU time:        37.95 seconds
|  Total CPU time:           40.27 seconds     0.01 hours

|  Setup wall time:           2    seconds
|  NonSetup wall time:       38    seconds
|  Total wall time:          40    seconds     0.01 hours
