
          -------------------------------------------------------
          Amber 16 PMEMD                              2016
          -------------------------------------------------------

| PMEMD implementation of SANDER, Release 16

| Run on 11/17/2017 at 08:28:42

|   Executable path: /apps/amber16/bin/pmemd.cuda
| Working directory: /home/pbarletta
|          Hostname: mordor

  [-O]verwriting output

File Assignments:
|   MDIN: /scratch/pbarletta/cph_obp/run/eol/mhe/e/18equ.in                     
|  MDOUT: /scratch/pbarletta/cph_obp/run/eol/mhe/e/18equ.out                    
| INPCRD: /scratch/pbarletta/cph_obp/run/eol/mhe/e/17eeol.rst7                  
|   PARM: /scratch/pbarletta/cph_obp/top_files/eol.prmtop                       
| RESTRT: /scratch/pbarletta/cph_obp/run/eol/mhe/e/18eeol.rst7                  
|   REFC: /scratch/pbarletta/cph_obp/run/eol/mhe/e/17eeol.rst7                  
|  MDVEL: mdvel                                                                 
|   MDEN: mden                                                                  
|  MDCRD: /scratch/pbarletta/cph_obp/run/eol/mhe/e/18eeol.nc                    
| MDINFO: mdinfo                                                                
|  MDFRC: mdfrc                                                                 


 Here is the input file:

Equilibration with solute restrictions                                         
&cntrl                                                                         
imin = 0,                           ! No Minimization                          
nmropt = 0,                         ! No NMR restraints read                   
                                                                               
! Nature and format of the input                                               
ntx = 5,                            ! Coordinates but no velocities will be rea
irest = 1,                          ! Do not run a new simulation              
                                                                               
! Nature and format of the output                                              
ntxo = 1,                           ! rstrt file in ASCII format               
ntpr = 500,                         ! inf in output every ntpr steps           
ntwr = 500,                         ! rstrt file every ntwr steps              
ntwx = 500,                         ! mdcrd file every ntwx steps              
ntwv = 0,                           ! mdvel without velocities                 
ntwe = 0,                           ! Energies and temperatures not written in 
idecomp = 0,                        ! No energy decomposition                  
iwrap = 1,                          ! Coordinates of the restart and mdcrd file
                                                                               
! Frozen or restrained atoms                                                   
ibelly = 0,                         ! No frozen atoms                          
ntr=1,                              ! Harmonic potential restraints            
restraint_wt = 0.8,                ! The weight for the positional restraints  
restraintmask = ':1-120@N,CA,C,O',  ! restrained residues                      
                                                                               
! Molecular dynamics                                                           
nstlim = 50000,                     ! Number of MD-steps                       
dt = 0.002,                         ! Time step                                
                                                                               
! Temperature regulation                                                       
ntt = 3,                            ! Langevin thermostat                      
gamma_ln = 5,                       ! Gamma constant for Langevin              
temp0 = 300.0,                      ! Reference T at which the system is to be 
tempi = 300.0,                      ! Initial T                                
ig = -1,                            ! Seed for the RNG                         
                                                                               
! P and V regulation                                                           
ntp = 0,                            ! No pressure control                      
ntb = 1,                            ! Periodic box for constant V              
                                                                               
! SHAKE variables                                                              
ntc = 2,                            ! Bonds involving H are constrained        
ntf = 2,                            ! Bond interaction involving H are ommited.
                                                                               
cut = 10.0,                         ! Nonbonded cutoff                         
                                                                               
/                                                                              
&end                                                                           


Note: ig = -1. Setting random seed to   616291 based on wallclock time in 
      microseconds.
| irandom = 1, using AMBER's internal random number generator (default).
 
|--------------------- INFORMATION ----------------------
| GPU (CUDA) Version of PMEMD in use: NVIDIA GPU IN USE.
|                    Version 16.0.0
| 
|                      02/25/2016
| 
| Implementation by:
|                    Ross C. Walker     (SDSC)
|                    Scott Le Grand     (nVIDIA)
| 
| Precision model in use:
|      [SPFP] - Single Precision Forces, 64-bit Fixed Point
|               Accumulation. (Default)
| 
|--------------------------------------------------------
 
|----------------- CITATION INFORMATION -----------------
|
|    When publishing work that utilized the CUDA version
|    of AMBER, please cite the following in addition to
|    the regular AMBER citations:
|
|  - Romelia Salomon-Ferrer; Andreas W. Goetz; Duncan
|    Poole; Scott Le Grand; Ross C. Walker "Routine
|    microsecond molecular dynamics simulations with
|    AMBER - Part II: Particle Mesh Ewald", J. Chem.
|    Theory Comput., 2013, 9 (9), pp3878-3888,
|    DOI: 10.1021/ct400314y.
|
|  - Andreas W. Goetz; Mark J. Williamson; Dong Xu;
|    Duncan Poole; Scott Le Grand; Ross C. Walker
|    "Routine microsecond molecular dynamics simulations
|    with AMBER - Part I: Generalized Born", J. Chem.
|    Theory Comput., 2012, 8 (5), pp1542-1555.
|
|  - Scott Le Grand; Andreas W. Goetz; Ross C. Walker
|    "SPFP: Speed without compromise - a mixed precision
|    model for GPU accelerated molecular dynamics
|    simulations.", Comp. Phys. Comm., 2013, 184
|    pp374-380, DOI: 10.1016/j.cpc.2012.09.022
|
|--------------------------------------------------------
 
|------------------- GPU DEVICE INFO --------------------
|
|            CUDA_VISIBLE_DEVICES: 2
|   CUDA Capable Devices Detected:      1
|           CUDA Device ID in use:      0
|                CUDA Device Name: GeForce GTX 1080 Ti
|     CUDA Device Global Mem Size:  11172 MB
| CUDA Device Num Multiprocessors:     28
|           CUDA Device Core Freq:   1.58 GHz
|
|--------------------------------------------------------
 
 
| Conditional Compilation Defines Used:
| PUBFFT
| BINTRAJ
| CUDA
| EMIL

| Largest sphere to fit in unit cell has radius =    25.573

| New format PARM file being parsed.
| Version =    1.000 Date = 11/14/17 Time = 21:40:14

| Note: 1-4 EEL scale factors are being read from the topology file.

| Note: 1-4 VDW scale factors are being read from the topology file.
| Duplicated    0 dihedrals

| Duplicated    0 dihedrals

--------------------------------------------------------------------------------
   1.  RESOURCE   USE: 
--------------------------------------------------------------------------------

 getting new box info from bottom of inpcrd
 NATOM  =   16335 NTYPES =      18 NBONH =   15379 MBONA  =     963
 NTHETH =    2359 MTHETA =    1293 NPHIH =    4500 MPHIA  =    3265
 NHPARM =       0 NPARM  =       0 NNB   =   30156 NRES   =    4896
 NBONA  =     963 NTHETA =    1293 NPHIA =    3265 NUMBND =      51
 NUMANG =     105 NPTRA  =      41 NATYP =      35 NPHB   =       1
 IFBOX  =       2 NMXRS  =      24 IFCAP =       0 NEXTRA =       0
 NCOPY  =       0

| Coordinate Index Table dimensions:    10   10   10
| Direct force subcell size =     6.2641    6.2641    6.2641

     BOX TYPE: TRUNCATED OCTAHEDRON

--------------------------------------------------------------------------------
   2.  CONTROL  DATA  FOR  THE  RUN
--------------------------------------------------------------------------------

default_name                                                                    

General flags:
     imin    =       0, nmropt  =       0

Nature and format of input:
     ntx     =       5, irest   =       1, ntrx    =       1

Nature and format of output:
     ntxo    =       1, ntpr    =     500, ntrx    =       1, ntwr    =     500
     iwrap   =       1, ntwx    =     500, ntwv    =       0, ntwe    =       0
     ioutfm  =       1, ntwprt  =       0, idecomp =       0, rbornstat=      0

Potential function:
     ntf     =       2, ntb     =       1, igb     =       0, nsnb    =      25
     ipol    =       0, gbsa    =       0, iesp    =       0
     dielc   =   1.00000, cut     =  10.00000, intdiel =   1.00000

Frozen or restrained atoms:
     ibelly  =       0, ntr     =       1
     restraint_wt =   0.80000

Molecular dynamics:
     nstlim  =     50000, nscm    =         0, nrespa  =         1
     t       =   0.00000, dt      =   0.00200, vlimit  =  -1.00000

Langevin dynamics temperature regulation:
     ig      =  616291
     temp0   = 300.00000, tempi   = 300.00000, gamma_ln=   5.00000

SHAKE:
     ntc     =       2, jfastw  =       0
     tol     =   0.00001

| Intermolecular bonds treatment:
|     no_intermolecular_bonds =       1

| Energy averages sample interval:
|     ene_avg_sampling =     500

Ewald parameters:
     verbose =       0, ew_type =       0, nbflag  =       1, use_pme =       1
     vdwmeth =       1, eedmeth =       1, netfrc  =       1
     Box X =   62.641   Box Y =   62.641   Box Z =   62.641
     Alpha =  109.471   Beta  =  109.471   Gamma =  109.471
     NFFT1 =   64       NFFT2 =   64       NFFT3 =   64
     Cutoff=   10.000   Tol   =0.100E-04
     Ewald Coefficient =  0.27511
     Interpolation order =    4

    LOADING THE CONSTRAINED ATOMS AS GROUPS


   5.  REFERENCE ATOM COORDINATES

  default_name                                                                    
     Mask :1-120@N,CA,C,O; matches   476 atoms

--------------------------------------------------------------------------------
   3.  ATOMIC COORDINATES AND VELOCITIES
--------------------------------------------------------------------------------

default_name                                                                    
 begin time read from input coords =  1840.000 ps

 
 Number of triangulated 3-point waters found:     4775

     Sum of charges from parm topology file =  -0.00000006
     Forcing neutrality...

| Dynamic Memory, Types Used:
| Reals              619308
| Integers           586628

| Nonbonded Pairs Initial Allocation:     4940929

| GPU memory information (estimate):
| KB of GPU memory in use:    123232
| KB of CPU memory in use:     26926

--------------------------------------------------------------------------------
   4.  RESULTS
--------------------------------------------------------------------------------

 ---------------------------------------------------
 APPROXIMATING switch and d/dx switch using CUBIC SPLINE INTERPOLATION
 using   5000.0 points per unit in tabled values
 TESTING RELATIVE ERROR over r ranging from 0.0 to cutoff
| CHECK switch(x): max rel err =   0.2738E-14   at   2.422500
| CHECK d/dx switch(x): max rel err =   0.8314E-11   at   2.736960
 ---------------------------------------------------
|---------------------------------------------------
| APPROXIMATING direct energy using CUBIC SPLINE INTERPOLATION
|  with   50.0 points per unit in tabled values
| Relative Error Limit not exceeded for r .gt.   2.33
| APPROXIMATING direct force using CUBIC SPLINE INTERPOLATION
|  with   50.0 points per unit in tabled values
| Relative Error Limit not exceeded for r .gt.   2.80
|---------------------------------------------------
wrapping first mol.:       20.88048       29.52946       51.14652
wrapping first mol.:       20.88048       29.52946       51.14652

 NSTEP =      500   TIME(PS) =    1841.000  TEMP(K) =   297.17  PRESS =     0.0
 Etot   =    -38210.7280  EKtot   =      9928.6934  EPtot      =    -48139.4214
 BOND   =       377.1551  ANGLE   =      1041.1534  DIHED      =      1338.7986
 1-4 NB =       461.0112  1-4 EEL =      6347.2225  VDWAALS    =      5357.1669
 EELEC  =    -63104.2498  EHBOND  =         0.0000  RESTRAINT  =        42.3207
 EAMBER (non-restraint)  =    -48181.7421
 ------------------------------------------------------------------------------

wrapping first mol.:       20.88048       29.52946       51.14652
wrapping first mol.:       20.88048       29.52946       51.14652

 NSTEP =     1000   TIME(PS) =    1842.000  TEMP(K) =   301.73  PRESS =     0.0
 Etot   =    -38087.7244  EKtot   =     10080.9775  EPtot      =    -48168.7019
 BOND   =       359.5340  ANGLE   =      1056.7572  DIHED      =      1381.0592
 1-4 NB =       431.2049  1-4 EEL =      6309.7948  VDWAALS    =      5472.8347
 EELEC  =    -63214.5044  EHBOND  =         0.0000  RESTRAINT  =        34.6176
 EAMBER (non-restraint)  =    -48203.3195
 ------------------------------------------------------------------------------

wrapping first mol.:       20.88048       29.52946       51.14652
wrapping first mol.:       20.88048       29.52946       51.14652

 NSTEP =     1500   TIME(PS) =    1843.000  TEMP(K) =   300.76  PRESS =     0.0
 Etot   =    -38122.2275  EKtot   =     10048.7295  EPtot      =    -48170.9570
 BOND   =       347.2280  ANGLE   =      1075.4913  DIHED      =      1357.3768
 1-4 NB =       452.2041  1-4 EEL =      6340.3203  VDWAALS    =      5474.5553
 EELEC  =    -63258.3785  EHBOND  =         0.0000  RESTRAINT  =        40.2457
 EAMBER (non-restraint)  =    -48211.2027
 ------------------------------------------------------------------------------

wrapping first mol.:       20.88048       29.52946       51.14652
wrapping first mol.:       20.88048       29.52946       51.14652

 NSTEP =     2000   TIME(PS) =    1844.000  TEMP(K) =   296.72  PRESS =     0.0
 Etot   =    -38025.4779  EKtot   =      9913.4473  EPtot      =    -47938.9251
 BOND   =       361.4009  ANGLE   =      1085.0478  DIHED      =      1371.2220
 1-4 NB =       459.4665  1-4 EEL =      6313.9554  VDWAALS    =      5381.6364
 EELEC  =    -62947.7708  EHBOND  =         0.0000  RESTRAINT  =        36.1167
 EAMBER (non-restraint)  =    -47975.0418
 ------------------------------------------------------------------------------

wrapping first mol.:       20.88048       29.52946       51.14652
wrapping first mol.:       20.88048       29.52946       51.14652

 NSTEP =     2500   TIME(PS) =    1845.000  TEMP(K) =   300.99  PRESS =     0.0
 Etot   =    -38179.4748  EKtot   =     10056.2275  EPtot      =    -48235.7023
 BOND   =       375.9247  ANGLE   =      1010.9605  DIHED      =      1366.0212
 1-4 NB =       452.6644  1-4 EEL =      6343.5986  VDWAALS    =      5410.2107
 EELEC  =    -63235.2439  EHBOND  =         0.0000  RESTRAINT  =        40.1614
 EAMBER (non-restraint)  =    -48275.8637
 ------------------------------------------------------------------------------

wrapping first mol.:       20.88048       29.52946       51.14652
wrapping first mol.:       20.88048       29.52946       51.14652

 NSTEP =     3000   TIME(PS) =    1846.000  TEMP(K) =   297.65  PRESS =     0.0
 Etot   =    -38238.6219  EKtot   =      9944.7227  EPtot      =    -48183.3446
 BOND   =       321.6234  ANGLE   =      1073.2360  DIHED      =      1350.6950
 1-4 NB =       452.7616  1-4 EEL =      6368.6023  VDWAALS    =      5503.0774
 EELEC  =    -63289.2899  EHBOND  =         0.0000  RESTRAINT  =        35.9497
 EAMBER (non-restraint)  =    -48219.2942
 ------------------------------------------------------------------------------

wrapping first mol.:       20.88048       29.52946       51.14652
wrapping first mol.:       20.88048       29.52946       51.14652

 NSTEP =     3500   TIME(PS) =    1847.000  TEMP(K) =   300.01  PRESS =     0.0
 Etot   =    -38151.7038  EKtot   =     10023.5723  EPtot      =    -48175.2760
 BOND   =       360.6083  ANGLE   =      1065.4106  DIHED      =      1349.5359
 1-4 NB =       442.3110  1-4 EEL =      6344.5604  VDWAALS    =      5544.1780
 EELEC  =    -63325.5188  EHBOND  =         0.0000  RESTRAINT  =        43.6385
 EAMBER (non-restraint)  =    -48218.9145
 ------------------------------------------------------------------------------

wrapping first mol.:       20.88048       29.52946       51.14652
wrapping first mol.:       20.88048       29.52946       51.14652

 NSTEP =     4000   TIME(PS) =    1848.000  TEMP(K) =   299.47  PRESS =     0.0
 Etot   =    -37974.0605  EKtot   =     10005.3506  EPtot      =    -47979.4111
 BOND   =       341.4475  ANGLE   =      1079.5941  DIHED      =      1327.5464
 1-4 NB =       458.3080  1-4 EEL =      6366.6128  VDWAALS    =      5319.5842
 EELEC  =    -62912.3677  EHBOND  =         0.0000  RESTRAINT  =        39.8636
 EAMBER (non-restraint)  =    -48019.2747
 ------------------------------------------------------------------------------

wrapping first mol.:       20.88048       29.52946       51.14652
wrapping first mol.:       20.88048       29.52946       51.14652

 NSTEP =     4500   TIME(PS) =    1849.000  TEMP(K) =   296.66  PRESS =     0.0
 Etot   =    -38282.4482  EKtot   =      9911.6865  EPtot      =    -48194.1348
 BOND   =       342.2665  ANGLE   =      1041.1698  DIHED      =      1344.4655
 1-4 NB =       447.7601  1-4 EEL =      6331.4803  VDWAALS    =      5514.3347
 EELEC  =    -63255.6662  EHBOND  =         0.0000  RESTRAINT  =        40.0546
 EAMBER (non-restraint)  =    -48234.1894
 ------------------------------------------------------------------------------

wrapping first mol.:       20.88048       29.52946       51.14652
wrapping first mol.:       20.88048       29.52946       51.14652

 NSTEP =     5000   TIME(PS) =    1850.000  TEMP(K) =   304.48  PRESS =     0.0
 Etot   =    -38079.8136  EKtot   =     10173.0137  EPtot      =    -48252.8272
 BOND   =       394.5140  ANGLE   =      1065.7497  DIHED      =      1360.1696
 1-4 NB =       439.3796  1-4 EEL =      6336.9990  VDWAALS    =      5467.4447
 EELEC  =    -63353.3500  EHBOND  =         0.0000  RESTRAINT  =        36.2663
 EAMBER (non-restraint)  =    -48289.0935
 ------------------------------------------------------------------------------

wrapping first mol.:       20.88048       29.52946       51.14652
wrapping first mol.:       20.88048       29.52946       51.14652

 NSTEP =     5500   TIME(PS) =    1851.000  TEMP(K) =   301.07  PRESS =     0.0
 Etot   =    -38039.8772  EKtot   =     10059.1123  EPtot      =    -48098.9895
 BOND   =       359.3292  ANGLE   =      1081.7919  DIHED      =      1370.7896
 1-4 NB =       447.2922  1-4 EEL =      6346.1177  VDWAALS    =      5443.3888
 EELEC  =    -63189.5721  EHBOND  =         0.0000  RESTRAINT  =        41.8733
 EAMBER (non-restraint)  =    -48140.8628
 ------------------------------------------------------------------------------

wrapping first mol.:       20.88048       29.52946       51.14652
wrapping first mol.:       20.88048       29.52946       51.14652

 NSTEP =     6000   TIME(PS) =    1852.000  TEMP(K) =   299.83  PRESS =     0.0
 Etot   =    -38128.0029  EKtot   =     10017.4160  EPtot      =    -48145.4189
 BOND   =       343.9564  ANGLE   =      1073.2796  DIHED      =      1350.7833
 1-4 NB =       431.4778  1-4 EEL =      6354.4109  VDWAALS    =      5264.9614
 EELEC  =    -63007.2992  EHBOND  =         0.0000  RESTRAINT  =        43.0108
 EAMBER (non-restraint)  =    -48188.4297
 ------------------------------------------------------------------------------

wrapping first mol.:       20.88048       29.52946       51.14652
wrapping first mol.:       20.88048       29.52946       51.14652

 NSTEP =     6500   TIME(PS) =    1853.000  TEMP(K) =   302.29  PRESS =     0.0
 Etot   =    -37793.4535  EKtot   =     10099.7812  EPtot      =    -47893.2347
 BOND   =       363.2271  ANGLE   =      1018.3312  DIHED      =      1375.7219
 1-4 NB =       451.8656  1-4 EEL =      6392.6617  VDWAALS    =      5279.7681
 EELEC  =    -62816.8586  EHBOND  =         0.0000  RESTRAINT  =        42.0481
 EAMBER (non-restraint)  =    -47935.2829
 ------------------------------------------------------------------------------

wrapping first mol.:       20.88048       29.52946       51.14652
wrapping first mol.:       20.88048       29.52946       51.14652

 NSTEP =     7000   TIME(PS) =    1854.000  TEMP(K) =   300.42  PRESS =     0.0
 Etot   =    -37976.5030  EKtot   =     10037.1387  EPtot      =    -48013.6417
 BOND   =       351.9410  ANGLE   =      1061.9240  DIHED      =      1361.4211
 1-4 NB =       442.1536  1-4 EEL =      6339.5074  VDWAALS    =      5414.8258
 EELEC  =    -63031.7890  EHBOND  =         0.0000  RESTRAINT  =        46.3744
 EAMBER (non-restraint)  =    -48060.0160
 ------------------------------------------------------------------------------

wrapping first mol.:       20.88048       29.52946       51.14652
wrapping first mol.:       20.88048       29.52946       51.14652

 NSTEP =     7500   TIME(PS) =    1855.000  TEMP(K) =   295.96  PRESS =     0.0
 Etot   =    -38106.9554  EKtot   =      9888.1094  EPtot      =    -47995.0648
 BOND   =       350.7294  ANGLE   =      1041.6524  DIHED      =      1331.7672
 1-4 NB =       445.2555  1-4 EEL =      6355.5880  VDWAALS    =      5416.3513
 EELEC  =    -62977.4665  EHBOND  =         0.0000  RESTRAINT  =        41.0579
 EAMBER (non-restraint)  =    -48036.1227
 ------------------------------------------------------------------------------

wrapping first mol.:       20.88048       29.52946       51.14652
wrapping first mol.:       20.88048       29.52946       51.14652

 NSTEP =     8000   TIME(PS) =    1856.000  TEMP(K) =   304.61  PRESS =     0.0
 Etot   =    -37890.4916  EKtot   =     10177.1436  EPtot      =    -48067.6352
 BOND   =       333.3275  ANGLE   =      1065.5644  DIHED      =      1371.4677
 1-4 NB =       452.8068  1-4 EEL =      6334.0246  VDWAALS    =      5354.7672
 EELEC  =    -63019.0684  EHBOND  =         0.0000  RESTRAINT  =        39.4751
 EAMBER (non-restraint)  =    -48107.1102
 ------------------------------------------------------------------------------

wrapping first mol.:       20.88048       29.52946       51.14652
wrapping first mol.:       20.88048       29.52946       51.14652

 NSTEP =     8500   TIME(PS) =    1857.000  TEMP(K) =   298.85  PRESS =     0.0
 Etot   =    -38150.4202  EKtot   =      9984.8340  EPtot      =    -48135.2542
 BOND   =       370.6938  ANGLE   =      1057.8738  DIHED      =      1336.8832
 1-4 NB =       452.5334  1-4 EEL =      6323.3167  VDWAALS    =      5498.5786
 EELEC  =    -63220.5272  EHBOND  =         0.0000  RESTRAINT  =        45.3934
 EAMBER (non-restraint)  =    -48180.6476
 ------------------------------------------------------------------------------

wrapping first mol.:       20.88048       29.52946       51.14652
wrapping first mol.:       20.88048       29.52946       51.14652

 NSTEP =     9000   TIME(PS) =    1858.000  TEMP(K) =   299.53  PRESS =     0.0
 Etot   =    -38055.8525  EKtot   =     10007.4414  EPtot      =    -48063.2939
 BOND   =       368.8090  ANGLE   =      1032.5514  DIHED      =      1359.7240
 1-4 NB =       440.7374  1-4 EEL =      6302.0114  VDWAALS    =      5547.2400
 EELEC  =    -63155.5903  EHBOND  =         0.0000  RESTRAINT  =        41.2231
 EAMBER (non-restraint)  =    -48104.5170
 ------------------------------------------------------------------------------

wrapping first mol.:       20.88048       29.52946       51.14652
wrapping first mol.:       20.88048       29.52946       51.14652

 NSTEP =     9500   TIME(PS) =    1859.000  TEMP(K) =   301.67  PRESS =     0.0
 Etot   =    -38024.3303  EKtot   =     10079.0410  EPtot      =    -48103.3713
 BOND   =       361.0851  ANGLE   =      1033.5035  DIHED      =      1352.6425
 1-4 NB =       438.7876  1-4 EEL =      6333.1591  VDWAALS    =      5095.3986
 EELEC  =    -62762.1486  EHBOND  =         0.0000  RESTRAINT  =        44.2009
 EAMBER (non-restraint)  =    -48147.5722
 ------------------------------------------------------------------------------

wrapping first mol.:       20.88048       29.52946       51.14652
wrapping first mol.:       20.88048       29.52946       51.14652

 NSTEP =    10000   TIME(PS) =    1860.000  TEMP(K) =   300.83  PRESS =     0.0
 Etot   =    -38258.8041  EKtot   =     10050.9873  EPtot      =    -48309.7914
 BOND   =       331.9712  ANGLE   =      1047.8813  DIHED      =      1346.1021
 1-4 NB =       450.6471  1-4 EEL =      6312.0518  VDWAALS    =      5293.6247
 EELEC  =    -63137.8217  EHBOND  =         0.0000  RESTRAINT  =        45.7521
 EAMBER (non-restraint)  =    -48355.5435
 ------------------------------------------------------------------------------

wrapping first mol.:       20.88048       29.52946       51.14652
wrapping first mol.:       20.88048       29.52946       51.14652

 NSTEP =    10500   TIME(PS) =    1861.000  TEMP(K) =   295.38  PRESS =     0.0
 Etot   =    -38375.9837  EKtot   =      9868.9238  EPtot      =    -48244.9075
 BOND   =       353.8094  ANGLE   =      1045.2273  DIHED      =      1370.5225
 1-4 NB =       453.9794  1-4 EEL =      6339.8588  VDWAALS    =      5503.2202
 EELEC  =    -63350.6256  EHBOND  =         0.0000  RESTRAINT  =        39.1005
 EAMBER (non-restraint)  =    -48284.0080
 ------------------------------------------------------------------------------

wrapping first mol.:       20.88048       29.52946       51.14652
wrapping first mol.:       20.88048       29.52946       51.14652

 NSTEP =    11000   TIME(PS) =    1862.000  TEMP(K) =   299.55  PRESS =     0.0
 Etot   =    -38188.2786  EKtot   =     10008.0420  EPtot      =    -48196.3206
 BOND   =       336.9797  ANGLE   =      1073.6612  DIHED      =      1356.4068
 1-4 NB =       459.7392  1-4 EEL =      6327.1223  VDWAALS    =      5232.5762
 EELEC  =    -63023.9607  EHBOND  =         0.0000  RESTRAINT  =        41.1547
 EAMBER (non-restraint)  =    -48237.4753
 ------------------------------------------------------------------------------

wrapping first mol.:       20.88048       29.52946       51.14652
wrapping first mol.:       20.88048       29.52946       51.14652

 NSTEP =    11500   TIME(PS) =    1863.000  TEMP(K) =   303.62  PRESS =     0.0
 Etot   =    -38080.8748  EKtot   =     10144.2168  EPtot      =    -48225.0916
 BOND   =       324.2291  ANGLE   =      1049.8156  DIHED      =      1341.8867
 1-4 NB =       443.4201  1-4 EEL =      6336.2217  VDWAALS    =      5447.0211
 EELEC  =    -63207.2338  EHBOND  =         0.0000  RESTRAINT  =        39.5480
 EAMBER (non-restraint)  =    -48264.6395
 ------------------------------------------------------------------------------

wrapping first mol.:       20.88048       29.52946       51.14652
wrapping first mol.:       20.88048       29.52946       51.14652

 NSTEP =    12000   TIME(PS) =    1864.000  TEMP(K) =   299.77  PRESS =     0.0
 Etot   =    -38206.5254  EKtot   =     10015.4814  EPtot      =    -48222.0068
 BOND   =       350.4391  ANGLE   =      1058.6263  DIHED      =      1347.7871
 1-4 NB =       442.0760  1-4 EEL =      6281.9383  VDWAALS    =      5576.5558
 EELEC  =    -63321.2711  EHBOND  =         0.0000  RESTRAINT  =        41.8417
 EAMBER (non-restraint)  =    -48263.8485
 ------------------------------------------------------------------------------

wrapping first mol.:       20.88048       29.52946       51.14652
wrapping first mol.:       20.88048       29.52946       51.14652

 NSTEP =    12500   TIME(PS) =    1865.000  TEMP(K) =   301.46  PRESS =     0.0
 Etot   =    -37939.0495  EKtot   =     10072.1143  EPtot      =    -48011.1637
 BOND   =       378.8002  ANGLE   =      1080.8260  DIHED      =      1347.4054
 1-4 NB =       444.3557  1-4 EEL =      6363.8850  VDWAALS    =      5503.0652
 EELEC  =    -63167.0652  EHBOND  =         0.0000  RESTRAINT  =        37.5639
 EAMBER (non-restraint)  =    -48048.7276
 ------------------------------------------------------------------------------

wrapping first mol.:       20.88048       29.52946       51.14652
wrapping first mol.:       20.88048       29.52946       51.14652

 NSTEP =    13000   TIME(PS) =    1866.000  TEMP(K) =   301.09  PRESS =     0.0
 Etot   =    -37991.9943  EKtot   =     10059.5391  EPtot      =    -48051.5333
 BOND   =       365.8752  ANGLE   =      1046.2942  DIHED      =      1359.5574
 1-4 NB =       449.3400  1-4 EEL =      6341.9852  VDWAALS    =      5341.5939
 EELEC  =    -62993.1233  EHBOND  =         0.0000  RESTRAINT  =        36.9440
 EAMBER (non-restraint)  =    -48088.4774
 ------------------------------------------------------------------------------

wrapping first mol.:       20.88048       29.52946       51.14652
wrapping first mol.:       20.88048       29.52946       51.14652

 NSTEP =    13500   TIME(PS) =    1867.000  TEMP(K) =   296.64  PRESS =     0.0
 Etot   =    -38237.6810  EKtot   =      9911.0791  EPtot      =    -48148.7601
 BOND   =       325.0171  ANGLE   =      1083.4717  DIHED      =      1344.4258
 1-4 NB =       461.5823  1-4 EEL =      6355.9332  VDWAALS    =      5543.6911
 EELEC  =    -63306.5101  EHBOND  =         0.0000  RESTRAINT  =        43.6288
 EAMBER (non-restraint)  =    -48192.3888
 ------------------------------------------------------------------------------

wrapping first mol.:       20.88048       29.52946       51.14652
wrapping first mol.:       20.88048       29.52946       51.14652

 NSTEP =    14000   TIME(PS) =    1868.000  TEMP(K) =   297.46  PRESS =     0.0
 Etot   =    -38161.6624  EKtot   =      9938.2998  EPtot      =    -48099.9622
 BOND   =       368.0786  ANGLE   =      1020.0638  DIHED      =      1341.8267
 1-4 NB =       445.5574  1-4 EEL =      6339.8429  VDWAALS    =      5357.3668
 EELEC  =    -63015.2484  EHBOND  =         0.0000  RESTRAINT  =        42.5502
 EAMBER (non-restraint)  =    -48142.5124
 ------------------------------------------------------------------------------

wrapping first mol.:       20.88048       29.52946       51.14652
wrapping first mol.:       20.88048       29.52946       51.14652

 NSTEP =    14500   TIME(PS) =    1869.000  TEMP(K) =   298.58  PRESS =     0.0
 Etot   =    -38149.7791  EKtot   =      9975.8105  EPtot      =    -48125.5896
 BOND   =       351.6622  ANGLE   =      1077.7854  DIHED      =      1361.9760
 1-4 NB =       450.3640  1-4 EEL =      6321.0741  VDWAALS    =      5420.5708
 EELEC  =    -63144.9778  EHBOND  =         0.0000  RESTRAINT  =        35.9556
 EAMBER (non-restraint)  =    -48161.5452
 ------------------------------------------------------------------------------

wrapping first mol.:       20.88048       29.52946       51.14652
wrapping first mol.:       20.88048       29.52946       51.14652

 NSTEP =    15000   TIME(PS) =    1870.000  TEMP(K) =   298.39  PRESS =     0.0
 Etot   =    -38059.4209  EKtot   =      9969.4922  EPtot      =    -48028.9131
 BOND   =       348.6678  ANGLE   =      1018.4161  DIHED      =      1338.1793
 1-4 NB =       467.3850  1-4 EEL =      6338.8806  VDWAALS    =      5191.9751
 EELEC  =    -62768.6272  EHBOND  =         0.0000  RESTRAINT  =        36.2103
 EAMBER (non-restraint)  =    -48065.1233
 ------------------------------------------------------------------------------

wrapping first mol.:       20.88048       29.52946       51.14652
wrapping first mol.:       20.88048       29.52946       51.14652

 NSTEP =    15500   TIME(PS) =    1871.000  TEMP(K) =   302.66  PRESS =     0.0
 Etot   =    -38123.4156  EKtot   =     10111.9590  EPtot      =    -48235.3746
 BOND   =       328.8277  ANGLE   =      1046.2761  DIHED      =      1386.1570
 1-4 NB =       447.7878  1-4 EEL =      6341.1633  VDWAALS    =      5264.5825
 EELEC  =    -63087.3317  EHBOND  =         0.0000  RESTRAINT  =        37.1627
 EAMBER (non-restraint)  =    -48272.5373
 ------------------------------------------------------------------------------

wrapping first mol.:       20.88048       29.52946       51.14652
wrapping first mol.:       20.88048       29.52946       51.14652

 NSTEP =    16000   TIME(PS) =    1872.000  TEMP(K) =   294.45  PRESS =     0.0
 Etot   =    -38173.7526  EKtot   =      9837.7158  EPtot      =    -48011.4684
 BOND   =       343.7182  ANGLE   =      1089.3885  DIHED      =      1347.2130
 1-4 NB =       458.5082  1-4 EEL =      6310.8534  VDWAALS    =      5446.2461
 EELEC  =    -63047.3075  EHBOND  =         0.0000  RESTRAINT  =        39.9115
 EAMBER (non-restraint)  =    -48051.3799
 ------------------------------------------------------------------------------

wrapping first mol.:       20.88048       29.52946       51.14652
wrapping first mol.:       20.88048       29.52946       51.14652

 NSTEP =    16500   TIME(PS) =    1873.000  TEMP(K) =   297.08  PRESS =     0.0
 Etot   =    -38218.8872  EKtot   =      9925.7354  EPtot      =    -48144.6225
 BOND   =       353.5569  ANGLE   =      1082.5208  DIHED      =      1340.7190
 1-4 NB =       474.8648  1-4 EEL =      6356.0781  VDWAALS    =      5457.5433
 EELEC  =    -63252.6724  EHBOND  =         0.0000  RESTRAINT  =        42.7670
 EAMBER (non-restraint)  =    -48187.3895
 ------------------------------------------------------------------------------

wrapping first mol.:       20.88048       29.52946       51.14652
wrapping first mol.:       20.88048       29.52946       51.14652

 NSTEP =    17000   TIME(PS) =    1874.000  TEMP(K) =   296.77  PRESS =     0.0
 Etot   =    -38258.5420  EKtot   =      9915.3027  EPtot      =    -48173.8448
 BOND   =       337.4367  ANGLE   =      1036.8317  DIHED      =      1355.9442
 1-4 NB =       471.0307  1-4 EEL =      6349.2236  VDWAALS    =      5466.6904
 EELEC  =    -63232.4685  EHBOND  =         0.0000  RESTRAINT  =        41.4665
 EAMBER (non-restraint)  =    -48215.3113
 ------------------------------------------------------------------------------

wrapping first mol.:       20.88048       29.52946       51.14652
wrapping first mol.:       20.88048       29.52946       51.14652

 NSTEP =    17500   TIME(PS) =    1875.000  TEMP(K) =   299.41  PRESS =     0.0
 Etot   =    -38039.4377  EKtot   =     10003.3379  EPtot      =    -48042.7755
 BOND   =       362.1358  ANGLE   =      1069.9937  DIHED      =      1349.4462
 1-4 NB =       442.6028  1-4 EEL =      6328.1476  VDWAALS    =      5369.5574
 EELEC  =    -63000.7323  EHBOND  =         0.0000  RESTRAINT  =        36.0732
 EAMBER (non-restraint)  =    -48078.8487
 ------------------------------------------------------------------------------

wrapping first mol.:       20.88048       29.52946       51.14652
wrapping first mol.:       20.88048       29.52946       51.14652

 NSTEP =    18000   TIME(PS) =    1876.000  TEMP(K) =   300.17  PRESS =     0.0
 Etot   =    -38172.1798  EKtot   =     10028.9512  EPtot      =    -48201.1309
 BOND   =       384.1046  ANGLE   =      1037.1477  DIHED      =      1354.0305
 1-4 NB =       442.1982  1-4 EEL =      6318.5841  VDWAALS    =      5302.4215
 EELEC  =    -63082.7691  EHBOND  =         0.0000  RESTRAINT  =        43.1514
 EAMBER (non-restraint)  =    -48244.2824
 ------------------------------------------------------------------------------

wrapping first mol.:       20.88048       29.52946       51.14652
wrapping first mol.:       20.88048       29.52946       51.14652

 NSTEP =    18500   TIME(PS) =    1877.000  TEMP(K) =   301.52  PRESS =     0.0
 Etot   =    -37984.8867  EKtot   =     10073.8818  EPtot      =    -48058.7685
 BOND   =       336.8954  ANGLE   =      1041.1760  DIHED      =      1333.9219
 1-4 NB =       444.2643  1-4 EEL =      6341.5328  VDWAALS    =      5314.4370
 EELEC  =    -62913.5190  EHBOND  =         0.0000  RESTRAINT  =        42.5230
 EAMBER (non-restraint)  =    -48101.2915
 ------------------------------------------------------------------------------

wrapping first mol.:       20.88048       29.52946       51.14652
wrapping first mol.:       20.88048       29.52946       51.14652

 NSTEP =    19000   TIME(PS) =    1878.000  TEMP(K) =   301.43  PRESS =     0.0
 Etot   =    -37883.5902  EKtot   =     10071.0977  EPtot      =    -47954.6879
 BOND   =       359.6912  ANGLE   =      1093.3989  DIHED      =      1359.0161
 1-4 NB =       443.7803  1-4 EEL =      6322.7167  VDWAALS    =      5492.1914
 EELEC  =    -63067.6785  EHBOND  =         0.0000  RESTRAINT  =        42.1961
 EAMBER (non-restraint)  =    -47996.8840
 ------------------------------------------------------------------------------

wrapping first mol.:       20.88048       29.52946       51.14652
wrapping first mol.:       20.88048       29.52946       51.14652

 NSTEP =    19500   TIME(PS) =    1879.000  TEMP(K) =   302.05  PRESS =     0.0
 Etot   =    -38073.4019  EKtot   =     10091.7363  EPtot      =    -48165.1382
 BOND   =       366.9083  ANGLE   =      1115.3178  DIHED      =      1358.7777
 1-4 NB =       447.1143  1-4 EEL =      6354.9031  VDWAALS    =      5592.1065
 EELEC  =    -63440.8336  EHBOND  =         0.0000  RESTRAINT  =        40.5677
 EAMBER (non-restraint)  =    -48205.7060
 ------------------------------------------------------------------------------

wrapping first mol.:       20.88048       29.52946       51.14652
wrapping first mol.:       20.88048       29.52946       51.14652

 NSTEP =    20000   TIME(PS) =    1880.000  TEMP(K) =   299.87  PRESS =     0.0
 Etot   =    -38153.1882  EKtot   =     10018.8369  EPtot      =    -48172.0251
 BOND   =       380.9145  ANGLE   =      1091.8089  DIHED      =      1339.2463
 1-4 NB =       440.8780  1-4 EEL =      6340.1974  VDWAALS    =      5434.2766
 EELEC  =    -63241.9453  EHBOND  =         0.0000  RESTRAINT  =        42.5985
 EAMBER (non-restraint)  =    -48214.6236
 ------------------------------------------------------------------------------

wrapping first mol.:       20.88048       29.52946       51.14652
wrapping first mol.:       20.88048       29.52946       51.14652

 NSTEP =    20500   TIME(PS) =    1881.000  TEMP(K) =   301.82  PRESS =     0.0
 Etot   =    -37807.6134  EKtot   =     10084.0859  EPtot      =    -47891.6993
 BOND   =       335.9687  ANGLE   =      1102.3003  DIHED      =      1348.7950
 1-4 NB =       457.8464  1-4 EEL =      6334.0652  VDWAALS    =      5336.6080
 EELEC  =    -62849.7804  EHBOND  =         0.0000  RESTRAINT  =        42.4975
 EAMBER (non-restraint)  =    -47934.1968
 ------------------------------------------------------------------------------

wrapping first mol.:       20.88048       29.52946       51.14652
wrapping first mol.:       20.88048       29.52946       51.14652

 NSTEP =    21000   TIME(PS) =    1882.000  TEMP(K) =   300.64  PRESS =     0.0
 Etot   =    -37932.5014  EKtot   =     10044.5986  EPtot      =    -47977.1001
 BOND   =       344.0224  ANGLE   =      1072.0935  DIHED      =      1347.0842
 1-4 NB =       444.0494  1-4 EEL =      6338.6833  VDWAALS    =      5395.8512
 EELEC  =    -62964.7121  EHBOND  =         0.0000  RESTRAINT  =        45.8280
 EAMBER (non-restraint)  =    -48022.9281
 ------------------------------------------------------------------------------

wrapping first mol.:       20.88048       29.52946       51.14652
wrapping first mol.:       20.88048       29.52946       51.14652

 NSTEP =    21500   TIME(PS) =    1883.000  TEMP(K) =   303.39  PRESS =     0.0
 Etot   =    -38018.1777  EKtot   =     10136.5117  EPtot      =    -48154.6894
 BOND   =       360.0861  ANGLE   =      1056.2404  DIHED      =      1334.0544
 1-4 NB =       445.7663  1-4 EEL =      6316.4947  VDWAALS    =      5455.0822
 EELEC  =    -63161.6638  EHBOND  =         0.0000  RESTRAINT  =        39.2504
 EAMBER (non-restraint)  =    -48193.9398
 ------------------------------------------------------------------------------

wrapping first mol.:       20.88048       29.52946       51.14652
wrapping first mol.:       20.88048       29.52946       51.14652

 NSTEP =    22000   TIME(PS) =    1884.000  TEMP(K) =   298.49  PRESS =     0.0
 Etot   =    -37937.6920  EKtot   =      9972.8359  EPtot      =    -47910.5279
 BOND   =       362.3930  ANGLE   =      1038.8684  DIHED      =      1336.5441
 1-4 NB =       447.5727  1-4 EEL =      6339.3369  VDWAALS    =      5461.9176
 EELEC  =    -62937.1277  EHBOND  =         0.0000  RESTRAINT  =        39.9671
 EAMBER (non-restraint)  =    -47950.4950
 ------------------------------------------------------------------------------

wrapping first mol.:       20.88048       29.52946       51.14652
wrapping first mol.:       20.88048       29.52946       51.14652

 NSTEP =    22500   TIME(PS) =    1885.000  TEMP(K) =   299.32  PRESS =     0.0
 Etot   =    -38131.7110  EKtot   =     10000.4004  EPtot      =    -48132.1114
 BOND   =       353.3722  ANGLE   =      1038.5341  DIHED      =      1354.6428
 1-4 NB =       460.8392  1-4 EEL =      6336.6351  VDWAALS    =      5368.0489
 EELEC  =    -63088.9596  EHBOND  =         0.0000  RESTRAINT  =        44.7759
 EAMBER (non-restraint)  =    -48176.8872
 ------------------------------------------------------------------------------

wrapping first mol.:       20.88048       29.52946       51.14652
wrapping first mol.:       20.88048       29.52946       51.14652

 NSTEP =    23000   TIME(PS) =    1886.000  TEMP(K) =   302.45  PRESS =     0.0
 Etot   =    -37949.2239  EKtot   =     10104.9082  EPtot      =    -48054.1321
 BOND   =       348.6933  ANGLE   =      1109.1612  DIHED      =      1342.2147
 1-4 NB =       460.2782  1-4 EEL =      6316.2577  VDWAALS    =      5378.7206
 EELEC  =    -63048.7547  EHBOND  =         0.0000  RESTRAINT  =        39.2969
 EAMBER (non-restraint)  =    -48093.4290
 ------------------------------------------------------------------------------

wrapping first mol.:       20.88048       29.52946       51.14652
wrapping first mol.:       20.88048       29.52946       51.14652

 NSTEP =    23500   TIME(PS) =    1887.000  TEMP(K) =   299.08  PRESS =     0.0
 Etot   =    -38191.3333  EKtot   =      9992.5312  EPtot      =    -48183.8645
 BOND   =       336.6516  ANGLE   =      1040.6089  DIHED      =      1346.5332
 1-4 NB =       455.0313  1-4 EEL =      6356.9622  VDWAALS    =      5553.1562
 EELEC  =    -63316.9416  EHBOND  =         0.0000  RESTRAINT  =        44.1337
 EAMBER (non-restraint)  =    -48227.9982
 ------------------------------------------------------------------------------

wrapping first mol.:       20.88048       29.52946       51.14652
wrapping first mol.:       20.88048       29.52946       51.14652

 NSTEP =    24000   TIME(PS) =    1888.000  TEMP(K) =   298.14  PRESS =     0.0
 Etot   =    -38123.4100  EKtot   =      9961.1553  EPtot      =    -48084.5653
 BOND   =       336.6165  ANGLE   =      1085.7826  DIHED      =      1344.8994
 1-4 NB =       450.4141  1-4 EEL =      6316.8013  VDWAALS    =      5387.6352
 EELEC  =    -63041.7138  EHBOND  =         0.0000  RESTRAINT  =        34.9995
 EAMBER (non-restraint)  =    -48119.5648
 ------------------------------------------------------------------------------

wrapping first mol.:       20.88048       29.52946       51.14652
wrapping first mol.:       20.88048       29.52946       51.14652

 NSTEP =    24500   TIME(PS) =    1889.000  TEMP(K) =   299.30  PRESS =     0.0
 Etot   =    -38045.6497  EKtot   =      9999.8652  EPtot      =    -48045.5149
 BOND   =       356.5922  ANGLE   =      1081.3236  DIHED      =      1368.6415
 1-4 NB =       453.8699  1-4 EEL =      6347.3391  VDWAALS    =      5428.5621
 EELEC  =    -63122.7532  EHBOND  =         0.0000  RESTRAINT  =        40.9099
 EAMBER (non-restraint)  =    -48086.4249
 ------------------------------------------------------------------------------

wrapping first mol.:       20.88048       29.52946       51.14652
wrapping first mol.:       20.88048       29.52946       51.14652

 NSTEP =    25000   TIME(PS) =    1890.000  TEMP(K) =   298.49  PRESS =     0.0
 Etot   =    -38243.2188  EKtot   =      9972.6680  EPtot      =    -48215.8868
 BOND   =       363.0049  ANGLE   =      1058.6491  DIHED      =      1352.8736
 1-4 NB =       450.1833  1-4 EEL =      6352.2826  VDWAALS    =      5342.2798
 EELEC  =    -63173.3658  EHBOND  =         0.0000  RESTRAINT  =        38.2057
 EAMBER (non-restraint)  =    -48254.0925
 ------------------------------------------------------------------------------

wrapping first mol.:       20.88048       29.52946       51.14652
wrapping first mol.:       20.88048       29.52946       51.14652

 NSTEP =    25500   TIME(PS) =    1891.000  TEMP(K) =   301.03  PRESS =     0.0
 Etot   =    -38152.9943  EKtot   =     10057.7402  EPtot      =    -48210.7345
 BOND   =       371.0695  ANGLE   =      1088.9849  DIHED      =      1345.2508
 1-4 NB =       442.6002  1-4 EEL =      6322.1540  VDWAALS    =      5381.3601
 EELEC  =    -63204.2535  EHBOND  =         0.0000  RESTRAINT  =        42.0994
 EAMBER (non-restraint)  =    -48252.8339
 ------------------------------------------------------------------------------

wrapping first mol.:       20.88048       29.52946       51.14652
wrapping first mol.:       20.88048       29.52946       51.14652

 NSTEP =    26000   TIME(PS) =    1892.000  TEMP(K) =   297.63  PRESS =     0.0
 Etot   =    -38039.8791  EKtot   =      9943.8936  EPtot      =    -47983.7727
 BOND   =       359.4196  ANGLE   =      1044.0870  DIHED      =      1353.1932
 1-4 NB =       463.6077  1-4 EEL =      6323.1259  VDWAALS    =      5415.6802
 EELEC  =    -62986.3841  EHBOND  =         0.0000  RESTRAINT  =        43.4978
 EAMBER (non-restraint)  =    -48027.2705
 ------------------------------------------------------------------------------

wrapping first mol.:       20.88048       29.52946       51.14652
wrapping first mol.:       20.88048       29.52946       51.14652

 NSTEP =    26500   TIME(PS) =    1893.000  TEMP(K) =   304.19  PRESS =     0.0
 Etot   =    -37915.7202  EKtot   =     10163.2559  EPtot      =    -48078.9760
 BOND   =       365.3476  ANGLE   =      1042.4380  DIHED      =      1336.0462
 1-4 NB =       461.5195  1-4 EEL =      6353.4347  VDWAALS    =      5168.8875
 EELEC  =    -62855.3034  EHBOND  =         0.0000  RESTRAINT  =        48.6538
 EAMBER (non-restraint)  =    -48127.6298
 ------------------------------------------------------------------------------

wrapping first mol.:       20.88048       29.52946       51.14652
wrapping first mol.:       20.88048       29.52946       51.14652

 NSTEP =    27000   TIME(PS) =    1894.000  TEMP(K) =   301.68  PRESS =     0.0
 Etot   =    -37952.6136  EKtot   =     10079.3320  EPtot      =    -48031.9457
 BOND   =       347.8100  ANGLE   =      1069.2774  DIHED      =      1358.5126
 1-4 NB =       459.6677  1-4 EEL =      6304.4063  VDWAALS    =      5166.4013
 EELEC  =    -62776.4417  EHBOND  =         0.0000  RESTRAINT  =        38.4207
 EAMBER (non-restraint)  =    -48070.3663
 ------------------------------------------------------------------------------

wrapping first mol.:       20.88048       29.52946       51.14652
wrapping first mol.:       20.88048       29.52946       51.14652

 NSTEP =    27500   TIME(PS) =    1895.000  TEMP(K) =   298.92  PRESS =     0.0
 Etot   =    -38046.8186  EKtot   =      9987.2686  EPtot      =    -48034.0872
 BOND   =       357.6230  ANGLE   =      1086.7544  DIHED      =      1335.7075
 1-4 NB =       455.6899  1-4 EEL =      6352.2901  VDWAALS    =      5222.5701
 EELEC  =    -62883.2553  EHBOND  =         0.0000  RESTRAINT  =        38.5333
 EAMBER (non-restraint)  =    -48072.6204
 ------------------------------------------------------------------------------

wrapping first mol.:       20.88048       29.52946       51.14652
wrapping first mol.:       20.88048       29.52946       51.14652

 NSTEP =    28000   TIME(PS) =    1896.000  TEMP(K) =   300.52  PRESS =     0.0
 Etot   =    -38127.0887  EKtot   =     10040.6270  EPtot      =    -48167.7156
 BOND   =       349.5497  ANGLE   =      1052.7022  DIHED      =      1353.7640
 1-4 NB =       445.7999  1-4 EEL =      6310.0219  VDWAALS    =      5336.6314
 EELEC  =    -63060.3831  EHBOND  =         0.0000  RESTRAINT  =        44.1983
 EAMBER (non-restraint)  =    -48211.9139
 ------------------------------------------------------------------------------

wrapping first mol.:       20.88048       29.52946       51.14652
wrapping first mol.:       20.88048       29.52946       51.14652

 NSTEP =    28500   TIME(PS) =    1897.000  TEMP(K) =   298.92  PRESS =     0.0
 Etot   =    -38071.8079  EKtot   =      9987.0596  EPtot      =    -48058.8675
 BOND   =       344.0483  ANGLE   =      1056.9959  DIHED      =      1354.8112
 1-4 NB =       448.0815  1-4 EEL =      6341.4228  VDWAALS    =      5400.0328
 EELEC  =    -63041.1914  EHBOND  =         0.0000  RESTRAINT  =        36.9313
 EAMBER (non-restraint)  =    -48095.7988
 ------------------------------------------------------------------------------

wrapping first mol.:       20.88048       29.52946       51.14652
wrapping first mol.:       20.88048       29.52946       51.14652

 NSTEP =    29000   TIME(PS) =    1898.000  TEMP(K) =   299.76  PRESS =     0.0
 Etot   =    -38071.4288  EKtot   =     10015.3125  EPtot      =    -48086.7413
 BOND   =       351.9246  ANGLE   =      1110.1185  DIHED      =      1349.8855
 1-4 NB =       459.7904  1-4 EEL =      6345.2609  VDWAALS    =      5450.4861
 EELEC  =    -63188.0641  EHBOND  =         0.0000  RESTRAINT  =        33.8568
 EAMBER (non-restraint)  =    -48120.5981
 ------------------------------------------------------------------------------

wrapping first mol.:       20.88048       29.52946       51.14652
wrapping first mol.:       20.88048       29.52946       51.14652

 NSTEP =    29500   TIME(PS) =    1899.000  TEMP(K) =   300.67  PRESS =     0.0
 Etot   =    -38081.9275  EKtot   =     10045.6387  EPtot      =    -48127.5662
 BOND   =       347.3853  ANGLE   =      1066.6063  DIHED      =      1365.9332
 1-4 NB =       440.0013  1-4 EEL =      6329.9727  VDWAALS    =      5166.7005
 EELEC  =    -62883.6751  EHBOND  =         0.0000  RESTRAINT  =        39.5095
 EAMBER (non-restraint)  =    -48167.0757
 ------------------------------------------------------------------------------

wrapping first mol.:       20.88048       29.52946       51.14652
wrapping first mol.:       20.88048       29.52946       51.14652

 NSTEP =    30000   TIME(PS) =    1900.000  TEMP(K) =   296.45  PRESS =     0.0
 Etot   =    -38222.1948  EKtot   =      9904.5518  EPtot      =    -48126.7466
 BOND   =       398.3194  ANGLE   =      1068.9906  DIHED      =      1371.5314
 1-4 NB =       448.6394  1-4 EEL =      6319.5693  VDWAALS    =      5287.8584
 EELEC  =    -63060.9012  EHBOND  =         0.0000  RESTRAINT  =        39.2461
 EAMBER (non-restraint)  =    -48165.9927
 ------------------------------------------------------------------------------

wrapping first mol.:       20.88048       29.52946       51.14652
wrapping first mol.:       20.88048       29.52946       51.14652

 NSTEP =    30500   TIME(PS) =    1901.000  TEMP(K) =   303.91  PRESS =     0.0
 Etot   =    -37984.8799  EKtot   =     10153.6738  EPtot      =    -48138.5538
 BOND   =       361.8313  ANGLE   =      1058.6903  DIHED      =      1344.9753
 1-4 NB =       449.3905  1-4 EEL =      6307.0435  VDWAALS    =      5438.3609
 EELEC  =    -63133.5800  EHBOND  =         0.0000  RESTRAINT  =        34.7346
 EAMBER (non-restraint)  =    -48173.2883
 ------------------------------------------------------------------------------

wrapping first mol.:       20.88048       29.52946       51.14652
wrapping first mol.:       20.88048       29.52946       51.14652

 NSTEP =    31000   TIME(PS) =    1902.000  TEMP(K) =   299.49  PRESS =     0.0
 Etot   =    -37965.3609  EKtot   =     10006.0840  EPtot      =    -47971.4448
 BOND   =       380.4392  ANGLE   =      1080.3404  DIHED      =      1349.5143
 1-4 NB =       464.5045  1-4 EEL =      6354.8453  VDWAALS    =      5496.5659
 EELEC  =    -63136.8181  EHBOND  =         0.0000  RESTRAINT  =        39.1636
 EAMBER (non-restraint)  =    -48010.6084
 ------------------------------------------------------------------------------

wrapping first mol.:       20.88048       29.52946       51.14652
wrapping first mol.:       20.88048       29.52946       51.14652

 NSTEP =    31500   TIME(PS) =    1903.000  TEMP(K) =   298.88  PRESS =     0.0
 Etot   =    -38134.9998  EKtot   =      9985.6416  EPtot      =    -48120.6414
 BOND   =       362.2757  ANGLE   =      1007.0984  DIHED      =      1357.1174
 1-4 NB =       455.1887  1-4 EEL =      6336.8450  VDWAALS    =      5447.5850
 EELEC  =    -63127.1149  EHBOND  =         0.0000  RESTRAINT  =        40.3632
 EAMBER (non-restraint)  =    -48161.0046
 ------------------------------------------------------------------------------

wrapping first mol.:       20.88048       29.52946       51.14652
wrapping first mol.:       20.88048       29.52946       51.14652

 NSTEP =    32000   TIME(PS) =    1904.000  TEMP(K) =   300.06  PRESS =     0.0
 Etot   =    -38001.1532  EKtot   =     10025.3008  EPtot      =    -48026.4540
 BOND   =       381.6145  ANGLE   =      1092.2065  DIHED      =      1348.1957
 1-4 NB =       445.3764  1-4 EEL =      6317.2355  VDWAALS    =      5353.3028
 EELEC  =    -63005.8998  EHBOND  =         0.0000  RESTRAINT  =        41.5144
 EAMBER (non-restraint)  =    -48067.9684
 ------------------------------------------------------------------------------

wrapping first mol.:       20.88048       29.52946       51.14652
wrapping first mol.:       20.88048       29.52946       51.14652

 NSTEP =    32500   TIME(PS) =    1905.000  TEMP(K) =   298.23  PRESS =     0.0
 Etot   =    -38158.6116  EKtot   =      9964.0107  EPtot      =    -48122.6224
 BOND   =       350.0658  ANGLE   =      1050.2343  DIHED      =      1347.9312
 1-4 NB =       438.2610  1-4 EEL =      6318.9180  VDWAALS    =      5354.3436
 EELEC  =    -63023.6467  EHBOND  =         0.0000  RESTRAINT  =        41.2705
 EAMBER (non-restraint)  =    -48163.8929
 ------------------------------------------------------------------------------

wrapping first mol.:       20.88048       29.52946       51.14652
wrapping first mol.:       20.88048       29.52946       51.14652

 NSTEP =    33000   TIME(PS) =    1906.000  TEMP(K) =   296.50  PRESS =     0.0
 Etot   =    -38196.4404  EKtot   =      9906.2695  EPtot      =    -48102.7099
 BOND   =       350.4877  ANGLE   =      1078.4074  DIHED      =      1355.7286
 1-4 NB =       458.3480  1-4 EEL =      6350.2775  VDWAALS    =      5398.8999
 EELEC  =    -63134.7115  EHBOND  =         0.0000  RESTRAINT  =        39.8524
 EAMBER (non-restraint)  =    -48142.5623
 ------------------------------------------------------------------------------

wrapping first mol.:       20.88048       29.52946       51.14652
wrapping first mol.:       20.88048       29.52946       51.14652

 NSTEP =    33500   TIME(PS) =    1907.000  TEMP(K) =   299.39  PRESS =     0.0
 Etot   =    -38227.2323  EKtot   =     10002.6826  EPtot      =    -48229.9150
 BOND   =       334.8765  ANGLE   =      1059.9088  DIHED      =      1352.5324
 1-4 NB =       450.6729  1-4 EEL =      6326.8820  VDWAALS    =      5283.1125
 EELEC  =    -63079.7437  EHBOND  =         0.0000  RESTRAINT  =        41.8436
 EAMBER (non-restraint)  =    -48271.7586
 ------------------------------------------------------------------------------

wrapping first mol.:       20.88048       29.52946       51.14652
wrapping first mol.:       20.88048       29.52946       51.14652

 NSTEP =    34000   TIME(PS) =    1908.000  TEMP(K) =   297.07  PRESS =     0.0
 Etot   =    -38286.6279  EKtot   =      9925.4385  EPtot      =    -48212.0664
 BOND   =       350.0744  ANGLE   =      1079.7225  DIHED      =      1353.5190
 1-4 NB =       442.9484  1-4 EEL =      6338.6049  VDWAALS    =      5369.7017
 EELEC  =    -63187.9717  EHBOND  =         0.0000  RESTRAINT  =        41.3344
 EAMBER (non-restraint)  =    -48253.4008
 ------------------------------------------------------------------------------

wrapping first mol.:       20.88048       29.52946       51.14652
wrapping first mol.:       20.88048       29.52946       51.14652

 NSTEP =    34500   TIME(PS) =    1909.000  TEMP(K) =   301.35  PRESS =     0.0
 Etot   =    -38096.9842  EKtot   =     10068.3242  EPtot      =    -48165.3084
 BOND   =       371.0607  ANGLE   =      1055.9553  DIHED      =      1341.6175
 1-4 NB =       447.0707  1-4 EEL =      6310.5622  VDWAALS    =      5546.6437
 EELEC  =    -63281.3074  EHBOND  =         0.0000  RESTRAINT  =        43.0888
 EAMBER (non-restraint)  =    -48208.3973
 ------------------------------------------------------------------------------

wrapping first mol.:       20.88048       29.52946       51.14652
wrapping first mol.:       20.88048       29.52946       51.14652

 NSTEP =    35000   TIME(PS) =    1910.000  TEMP(K) =   300.28  PRESS =     0.0
 Etot   =    -38104.5572  EKtot   =     10032.5088  EPtot      =    -48137.0660
 BOND   =       375.2235  ANGLE   =      1089.0715  DIHED      =      1351.0207
 1-4 NB =       453.7604  1-4 EEL =      6312.2729  VDWAALS    =      5481.5275
 EELEC  =    -63236.5732  EHBOND  =         0.0000  RESTRAINT  =        36.6308
 EAMBER (non-restraint)  =    -48173.6968
 ------------------------------------------------------------------------------

wrapping first mol.:       20.88048       29.52946       51.14652
wrapping first mol.:       20.88048       29.52946       51.14652

 NSTEP =    35500   TIME(PS) =    1911.000  TEMP(K) =   302.89  PRESS =     0.0
 Etot   =    -38087.1357  EKtot   =     10119.7051  EPtot      =    -48206.8408
 BOND   =       362.0283  ANGLE   =      1039.9551  DIHED      =      1346.7105
 1-4 NB =       438.9584  1-4 EEL =      6323.7339  VDWAALS    =      5450.8863
 EELEC  =    -63207.7152  EHBOND  =         0.0000  RESTRAINT  =        38.6018
 EAMBER (non-restraint)  =    -48245.4426
 ------------------------------------------------------------------------------

wrapping first mol.:       20.88048       29.52946       51.14652
wrapping first mol.:       20.88048       29.52946       51.14652

 NSTEP =    36000   TIME(PS) =    1912.000  TEMP(K) =   301.90  PRESS =     0.0
 Etot   =    -38263.0543  EKtot   =     10086.8281  EPtot      =    -48349.8824
 BOND   =       375.9599  ANGLE   =      1074.1122  DIHED      =      1357.7061
 1-4 NB =       456.0643  1-4 EEL =      6338.7520  VDWAALS    =      5559.6156
 EELEC  =    -63550.8894  EHBOND  =         0.0000  RESTRAINT  =        38.7968
 EAMBER (non-restraint)  =    -48388.6792
 ------------------------------------------------------------------------------

wrapping first mol.:       20.88048       29.52946       51.14652
wrapping first mol.:       20.88048       29.52946       51.14652

 NSTEP =    36500   TIME(PS) =    1913.000  TEMP(K) =   299.09  PRESS =     0.0
 Etot   =    -38345.3702  EKtot   =      9992.9463  EPtot      =    -48338.3165
 BOND   =       368.0268  ANGLE   =      1005.8055  DIHED      =      1357.5147
 1-4 NB =       465.3091  1-4 EEL =      6338.2474  VDWAALS    =      5395.3486
 EELEC  =    -63308.5403  EHBOND  =         0.0000  RESTRAINT  =        39.9716
 EAMBER (non-restraint)  =    -48378.2881
 ------------------------------------------------------------------------------

wrapping first mol.:       20.88048       29.52946       51.14652
wrapping first mol.:       20.88048       29.52946       51.14652

 NSTEP =    37000   TIME(PS) =    1914.000  TEMP(K) =   300.01  PRESS =     0.0
 Etot   =    -38110.1273  EKtot   =     10023.6914  EPtot      =    -48133.8187
 BOND   =       359.3580  ANGLE   =      1093.0523  DIHED      =      1359.7201
 1-4 NB =       458.9893  1-4 EEL =      6335.0499  VDWAALS    =      5227.0836
 EELEC  =    -62999.9594  EHBOND  =         0.0000  RESTRAINT  =        32.8873
 EAMBER (non-restraint)  =    -48166.7060
 ------------------------------------------------------------------------------

wrapping first mol.:       20.88048       29.52946       51.14652
wrapping first mol.:       20.88048       29.52946       51.14652

 NSTEP =    37500   TIME(PS) =    1915.000  TEMP(K) =   302.02  PRESS =     0.0
 Etot   =    -38034.2600  EKtot   =     10090.6367  EPtot      =    -48124.8968
 BOND   =       340.0358  ANGLE   =      1062.6184  DIHED      =      1340.0215
 1-4 NB =       436.3767  1-4 EEL =      6304.0122  VDWAALS    =      5565.0782
 EELEC  =    -63214.2617  EHBOND  =         0.0000  RESTRAINT  =        41.2222
 EAMBER (non-restraint)  =    -48166.1190
 ------------------------------------------------------------------------------

wrapping first mol.:       20.88048       29.52946       51.14652
wrapping first mol.:       20.88048       29.52946       51.14652

 NSTEP =    38000   TIME(PS) =    1916.000  TEMP(K) =   296.63  PRESS =     0.0
 Etot   =    -38134.8992  EKtot   =      9910.5215  EPtot      =    -48045.4207
 BOND   =       365.5499  ANGLE   =      1054.5972  DIHED      =      1348.0131
 1-4 NB =       453.6895  1-4 EEL =      6324.9054  VDWAALS    =      5243.7635
 EELEC  =    -62875.0321  EHBOND  =         0.0000  RESTRAINT  =        39.0927
 EAMBER (non-restraint)  =    -48084.5134
 ------------------------------------------------------------------------------

wrapping first mol.:       20.88048       29.52946       51.14652
wrapping first mol.:       20.88048       29.52946       51.14652

 NSTEP =    38500   TIME(PS) =    1917.000  TEMP(K) =   301.00  PRESS =     0.0
 Etot   =    -38073.9643  EKtot   =     10056.7695  EPtot      =    -48130.7338
 BOND   =       370.6248  ANGLE   =      1060.0136  DIHED      =      1366.5724
 1-4 NB =       452.6335  1-4 EEL =      6306.3543  VDWAALS    =      5366.6192
 EELEC  =    -63100.2229  EHBOND  =         0.0000  RESTRAINT  =        46.6711
 EAMBER (non-restraint)  =    -48177.4049
 ------------------------------------------------------------------------------

wrapping first mol.:       20.88048       29.52946       51.14652
wrapping first mol.:       20.88048       29.52946       51.14652

 NSTEP =    39000   TIME(PS) =    1918.000  TEMP(K) =   299.87  PRESS =     0.0
 Etot   =    -38279.5551  EKtot   =     10018.7617  EPtot      =    -48298.3168
 BOND   =       377.9455  ANGLE   =      1060.9039  DIHED      =      1336.7030
 1-4 NB =       451.2126  1-4 EEL =      6344.0432  VDWAALS    =      5369.8020
 EELEC  =    -63280.9516  EHBOND  =         0.0000  RESTRAINT  =        42.0247
 EAMBER (non-restraint)  =    -48340.3415
 ------------------------------------------------------------------------------

wrapping first mol.:       20.88048       29.52946       51.14652
wrapping first mol.:       20.88048       29.52946       51.14652

 NSTEP =    39500   TIME(PS) =    1919.000  TEMP(K) =   301.17  PRESS =     0.0
 Etot   =    -38025.0208  EKtot   =     10062.2012  EPtot      =    -48087.2220
 BOND   =       351.5492  ANGLE   =      1064.3714  DIHED      =      1343.7975
 1-4 NB =       464.7408  1-4 EEL =      6334.6239  VDWAALS    =      5535.2229
 EELEC  =    -63218.8784  EHBOND  =         0.0000  RESTRAINT  =        37.3508
 EAMBER (non-restraint)  =    -48124.5728
 ------------------------------------------------------------------------------

wrapping first mol.:       20.88048       29.52946       51.14652
wrapping first mol.:       20.88048       29.52946       51.14652

 NSTEP =    40000   TIME(PS) =    1920.000  TEMP(K) =   299.41  PRESS =     0.0
 Etot   =    -38074.2666  EKtot   =     10003.5293  EPtot      =    -48077.7959
 BOND   =       358.2075  ANGLE   =      1067.1237  DIHED      =      1356.5579
 1-4 NB =       453.9099  1-4 EEL =      6340.3489  VDWAALS    =      5604.6018
 EELEC  =    -63301.7206  EHBOND  =         0.0000  RESTRAINT  =        43.1750
 EAMBER (non-restraint)  =    -48120.9709
 ------------------------------------------------------------------------------

wrapping first mol.:       20.88048       29.52946       51.14652
wrapping first mol.:       20.88048       29.52946       51.14652

 NSTEP =    40500   TIME(PS) =    1921.000  TEMP(K) =   299.17  PRESS =     0.0
 Etot   =    -38035.8676  EKtot   =      9995.4414  EPtot      =    -48031.3090
 BOND   =       364.8694  ANGLE   =      1092.7006  DIHED      =      1361.1313
 1-4 NB =       448.4586  1-4 EEL =      6324.7341  VDWAALS    =      5349.1362
 EELEC  =    -63014.6003  EHBOND  =         0.0000  RESTRAINT  =        42.2611
 EAMBER (non-restraint)  =    -48073.5701
 ------------------------------------------------------------------------------

wrapping first mol.:       20.88048       29.52946       51.14652
wrapping first mol.:       20.88048       29.52946       51.14652

 NSTEP =    41000   TIME(PS) =    1922.000  TEMP(K) =   296.97  PRESS =     0.0
 Etot   =    -38038.6339  EKtot   =      9922.0312  EPtot      =    -47960.6652
 BOND   =       357.7671  ANGLE   =      1122.9736  DIHED      =      1349.1919
 1-4 NB =       451.8992  1-4 EEL =      6314.5806  VDWAALS    =      5428.3160
 EELEC  =    -63027.0124  EHBOND  =         0.0000  RESTRAINT  =        41.6188
 EAMBER (non-restraint)  =    -48002.2840
 ------------------------------------------------------------------------------

wrapping first mol.:       20.88048       29.52946       51.14652
wrapping first mol.:       20.88048       29.52946       51.14652

 NSTEP =    41500   TIME(PS) =    1923.000  TEMP(K) =   299.70  PRESS =     0.0
 Etot   =    -38017.1099  EKtot   =     10013.0859  EPtot      =    -48030.1959
 BOND   =       377.7635  ANGLE   =      1076.0197  DIHED      =      1352.6870
 1-4 NB =       433.6663  1-4 EEL =      6330.9733  VDWAALS    =      5579.3703
 EELEC  =    -63220.2486  EHBOND  =         0.0000  RESTRAINT  =        39.5725
 EAMBER (non-restraint)  =    -48069.7684
 ------------------------------------------------------------------------------

wrapping first mol.:       20.88048       29.52946       51.14652
wrapping first mol.:       20.88048       29.52946       51.14652

 NSTEP =    42000   TIME(PS) =    1924.000  TEMP(K) =   300.14  PRESS =     0.0
 Etot   =    -38154.2993  EKtot   =     10027.9424  EPtot      =    -48182.2417
 BOND   =       346.9331  ANGLE   =      1115.0458  DIHED      =      1361.5804
 1-4 NB =       435.4961  1-4 EEL =      6339.7332  VDWAALS    =      5503.3568
 EELEC  =    -63325.3199  EHBOND  =         0.0000  RESTRAINT  =        40.9328
 EAMBER (non-restraint)  =    -48223.1745
 ------------------------------------------------------------------------------

wrapping first mol.:       20.88048       29.52946       51.14652
wrapping first mol.:       20.88048       29.52946       51.14652

 NSTEP =    42500   TIME(PS) =    1925.000  TEMP(K) =   295.90  PRESS =     0.0
 Etot   =    -38240.3591  EKtot   =      9886.2061  EPtot      =    -48126.5652
 BOND   =       366.7114  ANGLE   =      1048.2774  DIHED      =      1346.0880
 1-4 NB =       453.2196  1-4 EEL =      6340.5091  VDWAALS    =      5698.6364
 EELEC  =    -63426.9924  EHBOND  =         0.0000  RESTRAINT  =        46.9854
 EAMBER (non-restraint)  =    -48173.5505
 ------------------------------------------------------------------------------

wrapping first mol.:       20.88048       29.52946       51.14652
wrapping first mol.:       20.88048       29.52946       51.14652

 NSTEP =    43000   TIME(PS) =    1926.000  TEMP(K) =   298.76  PRESS =     0.0
 Etot   =    -38166.8830  EKtot   =      9981.6172  EPtot      =    -48148.5002
 BOND   =       353.8706  ANGLE   =      1054.9296  DIHED      =      1369.2372
 1-4 NB =       440.3745  1-4 EEL =      6325.3534  VDWAALS    =      5373.6333
 EELEC  =    -63103.6272  EHBOND  =         0.0000  RESTRAINT  =        37.7284
 EAMBER (non-restraint)  =    -48186.2285
 ------------------------------------------------------------------------------

wrapping first mol.:       20.88048       29.52946       51.14652
wrapping first mol.:       20.88048       29.52946       51.14652

 NSTEP =    43500   TIME(PS) =    1927.000  TEMP(K) =   300.75  PRESS =     0.0
 Etot   =    -38159.8883  EKtot   =     10048.2227  EPtot      =    -48208.1109
 BOND   =       368.1501  ANGLE   =      1089.0858  DIHED      =      1363.3833
 1-4 NB =       440.7415  1-4 EEL =      6312.0179  VDWAALS    =      5197.7760
 EELEC  =    -63022.9544  EHBOND  =         0.0000  RESTRAINT  =        43.6890
 EAMBER (non-restraint)  =    -48251.7999
 ------------------------------------------------------------------------------

wrapping first mol.:       20.88048       29.52946       51.14652
wrapping first mol.:       20.88048       29.52946       51.14652

 NSTEP =    44000   TIME(PS) =    1928.000  TEMP(K) =   298.39  PRESS =     0.0
 Etot   =    -38164.7458  EKtot   =      9969.3164  EPtot      =    -48134.0622
 BOND   =       340.1736  ANGLE   =      1079.9794  DIHED      =      1355.8917
 1-4 NB =       451.5894  1-4 EEL =      6330.4495  VDWAALS    =      5348.1612
 EELEC  =    -63087.3846  EHBOND  =         0.0000  RESTRAINT  =        47.0776
 EAMBER (non-restraint)  =    -48181.1398
 ------------------------------------------------------------------------------

wrapping first mol.:       20.88048       29.52946       51.14652
wrapping first mol.:       20.88048       29.52946       51.14652

 NSTEP =    44500   TIME(PS) =    1929.000  TEMP(K) =   302.11  PRESS =     0.0
 Etot   =    -38137.6013  EKtot   =     10093.8096  EPtot      =    -48231.4109
 BOND   =       333.0325  ANGLE   =      1069.9401  DIHED      =      1360.2407
 1-4 NB =       432.7627  1-4 EEL =      6303.3574  VDWAALS    =      5542.5479
 EELEC  =    -63317.7083  EHBOND  =         0.0000  RESTRAINT  =        44.4162
 EAMBER (non-restraint)  =    -48275.8271
 ------------------------------------------------------------------------------

wrapping first mol.:       20.88048       29.52946       51.14652
wrapping first mol.:       20.88048       29.52946       51.14652

 NSTEP =    45000   TIME(PS) =    1930.000  TEMP(K) =   300.65  PRESS =     0.0
 Etot   =    -38041.1661  EKtot   =     10044.8066  EPtot      =    -48085.9728
 BOND   =       339.6410  ANGLE   =      1062.8767  DIHED      =      1375.1328
 1-4 NB =       449.5929  1-4 EEL =      6358.7948  VDWAALS    =      5255.4886
 EELEC  =    -62970.5425  EHBOND  =         0.0000  RESTRAINT  =        43.0429
 EAMBER (non-restraint)  =    -48129.0156
 ------------------------------------------------------------------------------

wrapping first mol.:       20.88048       29.52946       51.14652
wrapping first mol.:       20.88048       29.52946       51.14652

 NSTEP =    45500   TIME(PS) =    1931.000  TEMP(K) =   306.20  PRESS =     0.0
 Etot   =    -37817.9163  EKtot   =     10230.4346  EPtot      =    -48048.3509
 BOND   =       344.0919  ANGLE   =      1071.6705  DIHED      =      1370.0513
 1-4 NB =       424.2902  1-4 EEL =      6327.4641  VDWAALS    =      5483.3232
 EELEC  =    -63111.3893  EHBOND  =         0.0000  RESTRAINT  =        42.1472
 EAMBER (non-restraint)  =    -48090.4981
 ------------------------------------------------------------------------------

wrapping first mol.:       20.88048       29.52946       51.14652
wrapping first mol.:       20.88048       29.52946       51.14652

 NSTEP =    46000   TIME(PS) =    1932.000  TEMP(K) =   297.33  PRESS =     0.0
 Etot   =    -38118.6763  EKtot   =      9933.8975  EPtot      =    -48052.5738
 BOND   =       344.6003  ANGLE   =      1060.3124  DIHED      =      1344.4076
 1-4 NB =       450.3803  1-4 EEL =      6340.5294  VDWAALS    =      5388.4680
 EELEC  =    -63016.4612  EHBOND  =         0.0000  RESTRAINT  =        35.1895
 EAMBER (non-restraint)  =    -48087.7633
 ------------------------------------------------------------------------------

wrapping first mol.:       20.88048       29.52946       51.14652
wrapping first mol.:       20.88048       29.52946       51.14652

 NSTEP =    46500   TIME(PS) =    1933.000  TEMP(K) =   297.81  PRESS =     0.0
 Etot   =    -38037.9880  EKtot   =      9949.9268  EPtot      =    -47987.9147
 BOND   =       371.7120  ANGLE   =      1084.5858  DIHED      =      1379.4319
 1-4 NB =       445.0569  1-4 EEL =      6360.2889  VDWAALS    =      5496.3705
 EELEC  =    -63163.0009  EHBOND  =         0.0000  RESTRAINT  =        37.6400
 EAMBER (non-restraint)  =    -48025.5548
 ------------------------------------------------------------------------------

wrapping first mol.:       20.88048       29.52946       51.14652
wrapping first mol.:       20.88048       29.52946       51.14652

 NSTEP =    47000   TIME(PS) =    1934.000  TEMP(K) =   297.32  PRESS =     0.0
 Etot   =    -37922.7556  EKtot   =      9933.6523  EPtot      =    -47856.4079
 BOND   =       350.1610  ANGLE   =      1104.0710  DIHED      =      1337.9360
 1-4 NB =       454.9476  1-4 EEL =      6295.9090  VDWAALS    =      5288.9383
 EELEC  =    -62732.8845  EHBOND  =         0.0000  RESTRAINT  =        44.5138
 EAMBER (non-restraint)  =    -47900.9217
 ------------------------------------------------------------------------------

wrapping first mol.:       20.88048       29.52946       51.14652
wrapping first mol.:       20.88048       29.52946       51.14652

 NSTEP =    47500   TIME(PS) =    1935.000  TEMP(K) =   300.35  PRESS =     0.0
 Etot   =    -37893.5781  EKtot   =     10034.8262  EPtot      =    -47928.4043
 BOND   =       362.5127  ANGLE   =      1087.1142  DIHED      =      1347.9033
 1-4 NB =       444.1335  1-4 EEL =      6338.1038  VDWAALS    =      5302.3348
 EELEC  =    -62849.0315  EHBOND  =         0.0000  RESTRAINT  =        38.5250
 EAMBER (non-restraint)  =    -47966.9292
 ------------------------------------------------------------------------------

wrapping first mol.:       20.88048       29.52946       51.14652
wrapping first mol.:       20.88048       29.52946       51.14652

 NSTEP =    48000   TIME(PS) =    1936.000  TEMP(K) =   298.06  PRESS =     0.0
 Etot   =    -37989.5688  EKtot   =      9958.2910  EPtot      =    -47947.8598
 BOND   =       357.8697  ANGLE   =      1138.0620  DIHED      =      1336.7133
 1-4 NB =       449.7644  1-4 EEL =      6342.9029  VDWAALS    =      5285.7428
 EELEC  =    -62898.7464  EHBOND  =         0.0000  RESTRAINT  =        39.8316
 EAMBER (non-restraint)  =    -47987.6914
 ------------------------------------------------------------------------------

wrapping first mol.:       20.88048       29.52946       51.14652
wrapping first mol.:       20.88048       29.52946       51.14652

 NSTEP =    48500   TIME(PS) =    1937.000  TEMP(K) =   300.04  PRESS =     0.0
 Etot   =    -37990.0078  EKtot   =     10024.6172  EPtot      =    -48014.6250
 BOND   =       362.8886  ANGLE   =      1074.2129  DIHED      =      1362.5349
 1-4 NB =       438.3699  1-4 EEL =      6268.3670  VDWAALS    =      5369.2713
 EELEC  =    -62930.6343  EHBOND  =         0.0000  RESTRAINT  =        40.3648
 EAMBER (non-restraint)  =    -48054.9898
 ------------------------------------------------------------------------------

wrapping first mol.:       20.88048       29.52946       51.14652
wrapping first mol.:       20.88048       29.52946       51.14652

 NSTEP =    49000   TIME(PS) =    1938.000  TEMP(K) =   299.10  PRESS =     0.0
 Etot   =    -38277.4864  EKtot   =      9993.0537  EPtot      =    -48270.5401
 BOND   =       382.6653  ANGLE   =      1020.8569  DIHED      =      1335.4210
 1-4 NB =       454.9691  1-4 EEL =      6361.7618  VDWAALS    =      5499.0177
 EELEC  =    -63366.4331  EHBOND  =         0.0000  RESTRAINT  =        41.2013
 EAMBER (non-restraint)  =    -48311.7414
 ------------------------------------------------------------------------------

wrapping first mol.:       20.88048       29.52946       51.14652
wrapping first mol.:       20.88048       29.52946       51.14652

 NSTEP =    49500   TIME(PS) =    1939.000  TEMP(K) =   298.97  PRESS =     0.0
 Etot   =    -38093.5212  EKtot   =      9988.9092  EPtot      =    -48082.4304
 BOND   =       370.1031  ANGLE   =      1094.4544  DIHED      =      1331.6367
 1-4 NB =       454.6195  1-4 EEL =      6322.0024  VDWAALS    =      5252.1980
 EELEC  =    -62949.6687  EHBOND  =         0.0000  RESTRAINT  =        42.2243
 EAMBER (non-restraint)  =    -48124.6546
 ------------------------------------------------------------------------------

wrapping first mol.:       20.88048       29.52946       51.14652
wrapping first mol.:       20.88048       29.52946       51.14652

 NSTEP =    50000   TIME(PS) =    1940.000  TEMP(K) =   304.06  PRESS =     0.0
 Etot   =    -37765.4037  EKtot   =     10158.7070  EPtot      =    -47924.1107
 BOND   =       353.7748  ANGLE   =      1082.7449  DIHED      =      1343.7397
 1-4 NB =       444.0380  1-4 EEL =      6316.3802  VDWAALS    =      5397.8893
 EELEC  =    -62903.1928  EHBOND  =         0.0000  RESTRAINT  =        40.5152
 EAMBER (non-restraint)  =    -47964.6259
 ------------------------------------------------------------------------------


      A V E R A G E S   O V E R     100 S T E P S


 NSTEP =    50000   TIME(PS) =    1940.000  TEMP(K) =   299.80  PRESS =     0.0
 Etot   =    -38089.6046  EKtot   =     10016.4754  EPtot      =    -48106.0800
 BOND   =       356.6094  ANGLE   =      1066.0159  DIHED      =      1352.3937
 1-4 NB =       449.6848  1-4 EEL =      6332.8043  VDWAALS    =      5399.4413
 EELEC  =    -63103.6938  EHBOND  =         0.0000  RESTRAINT  =        40.6644
 EAMBER (non-restraint)  =    -48146.7444
 ------------------------------------------------------------------------------


      R M S  F L U C T U A T I O N S


 NSTEP =    50000   TIME(PS) =    1940.000  TEMP(K) =     2.23  PRESS =     0.0
 Etot   =       120.8132  EKtot   =        74.3868  EPtot      =       102.4707
 BOND   =        15.3990  ANGLE   =        25.3136  DIHED      =        12.0168
 1-4 NB =         8.9968  1-4 EEL =        19.1829  VDWAALS    =       112.9822
 EELEC  =       164.5635  EHBOND  =         0.0000  RESTRAINT  =         3.1503
 EAMBER (non-restraint)  =        99.3204
 ------------------------------------------------------------------------------

--------------------------------------------------------------------------------
   5.  TIMINGS
--------------------------------------------------------------------------------

|  NonSetup CPU Time in Major Routines:
|
|     Routine           Sec        %
|     ------------------------------
|     Nonbond          14.01   36.42
|     Bond              0.00    0.00
|     Angle             0.00    0.00
|     Dihedral          0.00    0.00
|     Shake             0.68    1.77
|     RunMD            23.68   61.57
|     Other             0.09    0.24
|     ------------------------------
|     Total            38.46

|  PME Nonbond Pairlist CPU Time:
|
|     Routine              Sec        %
|     ---------------------------------
|     Set Up Cit           0.00    0.00
|     Build List           0.00    0.00
|     ---------------------------------
|     Total                0.00    0.00

|  PME Direct Force CPU Time:
|
|     Routine              Sec        %
|     ---------------------------------
|     NonBonded Calc       0.00    0.00
|     Exclude Masked       0.00    0.00
|     Other                0.05    0.12
|     ---------------------------------
|     Total                0.05    0.12

|  PME Reciprocal Force CPU Time:
|
|     Routine              Sec        %
|     ---------------------------------
|     1D bspline           0.00    0.00
|     Grid Charges         0.00    0.00
|     Scalar Sum           0.00    0.00
|     Gradient Sum         0.00    0.00
|     FFT                  0.00    0.00
|     ---------------------------------
|     Total                0.00    0.00

|  Final Performance Info:
|     -----------------------------------------------------
|     Average timings for last   49500 steps:
|     Elapsed(s) =      38.05 Per Step(ms) =       0.77
|         ns/day =     224.83   seconds/ns =     384.29
|
|     Average timings for all steps:
|     Elapsed(s) =      38.46 Per Step(ms) =       0.77
|         ns/day =     224.63   seconds/ns =     384.63
|     -----------------------------------------------------

|  Setup CPU time:            2.28 seconds
|  NonSetup CPU time:        38.46 seconds
|  Total CPU time:           40.74 seconds     0.01 hours

|  Setup wall time:           2    seconds
|  NonSetup wall time:       39    seconds
|  Total wall time:          41    seconds     0.01 hours
