
          -------------------------------------------------------
          Amber 16 PMEMD                              2016
          -------------------------------------------------------

| PMEMD implementation of SANDER, Release 16

| Run on 11/17/2017 at 08:29:23

|   Executable path: /apps/amber16/bin/pmemd.cuda
| Working directory: /home/pbarletta
|          Hostname: mordor

  [-O]verwriting output

File Assignments:
|   MDIN: /scratch/pbarletta/cph_obp/run/eol/mhe/e/19equ.in                     
|  MDOUT: /scratch/pbarletta/cph_obp/run/eol/mhe/e/19equ.out                    
| INPCRD: /scratch/pbarletta/cph_obp/run/eol/mhe/e/18eeol.rst7                  
|   PARM: /scratch/pbarletta/cph_obp/top_files/eol.prmtop                       
| RESTRT: /scratch/pbarletta/cph_obp/run/eol/mhe/e/19eeol.rst7                  
|   REFC: /scratch/pbarletta/cph_obp/run/eol/mhe/e/18eeol.rst7                  
|  MDVEL: mdvel                                                                 
|   MDEN: mden                                                                  
|  MDCRD: /scratch/pbarletta/cph_obp/run/eol/mhe/e/19eeol.nc                    
| MDINFO: mdinfo                                                                
|  MDFRC: mdfrc                                                                 


 Here is the input file:

Equilibration with solute restrictions                                         
&cntrl                                                                         
imin = 0,                           ! No Minimization                          
nmropt = 0,                         ! No NMR restraints read                   
                                                                               
! Nature and format of the input                                               
ntx = 5,                            ! Coordinates but no velocities will be rea
irest = 1,                          ! Do not run a new simulation              
                                                                               
! Nature and format of the output                                              
ntxo = 1,                           ! rstrt file in ASCII format               
ntpr = 500,                         ! inf in output every ntpr steps           
ntwr = 500,                         ! rstrt file every ntwr steps              
ntwx = 500,                         ! mdcrd file every ntwx steps              
ntwv = 0,                           ! mdvel without velocities                 
ntwe = 0,                           ! Energies and temperatures not written in 
idecomp = 0,                        ! No energy decomposition                  
iwrap = 1,                          ! Coordinates of the restart and mdcrd file
                                                                               
! Frozen or restrained atoms                                                   
ibelly = 0,                         ! No frozen atoms                          
ntr=1,                              ! Harmonic potential restraints            
restraint_wt = 0.6,                ! The weight for the positional restraints  
restraintmask = ':1-120@N,CA,C,O',  ! restrained residues                      
                                                                               
! Molecular dynamics                                                           
nstlim = 50000,                     ! Number of MD-steps                       
dt = 0.002,                         ! Time step                                
                                                                               
! Temperature regulation                                                       
ntt = 3,                            ! Langevin thermostat                      
gamma_ln = 5,                       ! Gamma constant for Langevin              
temp0 = 300.0,                      ! Reference T at which the system is to be 
tempi = 300.0,                      ! Initial T                                
ig = -1,                            ! Seed for the RNG                         
                                                                               
! P and V regulation                                                           
ntp = 0,                            ! No pressure control                      
ntb = 1,                            ! Periodic box for constant V              
                                                                               
! SHAKE variables                                                              
ntc = 2,                            ! Bonds involving H are constrained        
ntf = 2,                            ! Bond interaction involving H are ommited.
                                                                               
cut = 10.0,                         ! Nonbonded cutoff                         
                                                                               
/                                                                              
&end                                                                           


Note: ig = -1. Setting random seed to   940006 based on wallclock time in 
      microseconds.
| irandom = 1, using AMBER's internal random number generator (default).
 
|--------------------- INFORMATION ----------------------
| GPU (CUDA) Version of PMEMD in use: NVIDIA GPU IN USE.
|                    Version 16.0.0
| 
|                      02/25/2016
| 
| Implementation by:
|                    Ross C. Walker     (SDSC)
|                    Scott Le Grand     (nVIDIA)
| 
| Precision model in use:
|      [SPFP] - Single Precision Forces, 64-bit Fixed Point
|               Accumulation. (Default)
| 
|--------------------------------------------------------
 
|----------------- CITATION INFORMATION -----------------
|
|    When publishing work that utilized the CUDA version
|    of AMBER, please cite the following in addition to
|    the regular AMBER citations:
|
|  - Romelia Salomon-Ferrer; Andreas W. Goetz; Duncan
|    Poole; Scott Le Grand; Ross C. Walker "Routine
|    microsecond molecular dynamics simulations with
|    AMBER - Part II: Particle Mesh Ewald", J. Chem.
|    Theory Comput., 2013, 9 (9), pp3878-3888,
|    DOI: 10.1021/ct400314y.
|
|  - Andreas W. Goetz; Mark J. Williamson; Dong Xu;
|    Duncan Poole; Scott Le Grand; Ross C. Walker
|    "Routine microsecond molecular dynamics simulations
|    with AMBER - Part I: Generalized Born", J. Chem.
|    Theory Comput., 2012, 8 (5), pp1542-1555.
|
|  - Scott Le Grand; Andreas W. Goetz; Ross C. Walker
|    "SPFP: Speed without compromise - a mixed precision
|    model for GPU accelerated molecular dynamics
|    simulations.", Comp. Phys. Comm., 2013, 184
|    pp374-380, DOI: 10.1016/j.cpc.2012.09.022
|
|--------------------------------------------------------
 
|------------------- GPU DEVICE INFO --------------------
|
|            CUDA_VISIBLE_DEVICES: 2
|   CUDA Capable Devices Detected:      1
|           CUDA Device ID in use:      0
|                CUDA Device Name: GeForce GTX 1080 Ti
|     CUDA Device Global Mem Size:  11172 MB
| CUDA Device Num Multiprocessors:     28
|           CUDA Device Core Freq:   1.58 GHz
|
|--------------------------------------------------------
 
 
| Conditional Compilation Defines Used:
| PUBFFT
| BINTRAJ
| CUDA
| EMIL

| Largest sphere to fit in unit cell has radius =    25.573

| New format PARM file being parsed.
| Version =    1.000 Date = 11/14/17 Time = 21:40:14

| Note: 1-4 EEL scale factors are being read from the topology file.

| Note: 1-4 VDW scale factors are being read from the topology file.
| Duplicated    0 dihedrals

| Duplicated    0 dihedrals

--------------------------------------------------------------------------------
   1.  RESOURCE   USE: 
--------------------------------------------------------------------------------

 getting new box info from bottom of inpcrd
 NATOM  =   16335 NTYPES =      18 NBONH =   15379 MBONA  =     963
 NTHETH =    2359 MTHETA =    1293 NPHIH =    4500 MPHIA  =    3265
 NHPARM =       0 NPARM  =       0 NNB   =   30156 NRES   =    4896
 NBONA  =     963 NTHETA =    1293 NPHIA =    3265 NUMBND =      51
 NUMANG =     105 NPTRA  =      41 NATYP =      35 NPHB   =       1
 IFBOX  =       2 NMXRS  =      24 IFCAP =       0 NEXTRA =       0
 NCOPY  =       0

| Coordinate Index Table dimensions:    10   10   10
| Direct force subcell size =     6.2641    6.2641    6.2641

     BOX TYPE: TRUNCATED OCTAHEDRON

--------------------------------------------------------------------------------
   2.  CONTROL  DATA  FOR  THE  RUN
--------------------------------------------------------------------------------

default_name                                                                    

General flags:
     imin    =       0, nmropt  =       0

Nature and format of input:
     ntx     =       5, irest   =       1, ntrx    =       1

Nature and format of output:
     ntxo    =       1, ntpr    =     500, ntrx    =       1, ntwr    =     500
     iwrap   =       1, ntwx    =     500, ntwv    =       0, ntwe    =       0
     ioutfm  =       1, ntwprt  =       0, idecomp =       0, rbornstat=      0

Potential function:
     ntf     =       2, ntb     =       1, igb     =       0, nsnb    =      25
     ipol    =       0, gbsa    =       0, iesp    =       0
     dielc   =   1.00000, cut     =  10.00000, intdiel =   1.00000

Frozen or restrained atoms:
     ibelly  =       0, ntr     =       1
     restraint_wt =   0.60000

Molecular dynamics:
     nstlim  =     50000, nscm    =         0, nrespa  =         1
     t       =   0.00000, dt      =   0.00200, vlimit  =  -1.00000

Langevin dynamics temperature regulation:
     ig      =  940006
     temp0   = 300.00000, tempi   = 300.00000, gamma_ln=   5.00000

SHAKE:
     ntc     =       2, jfastw  =       0
     tol     =   0.00001

| Intermolecular bonds treatment:
|     no_intermolecular_bonds =       1

| Energy averages sample interval:
|     ene_avg_sampling =     500

Ewald parameters:
     verbose =       0, ew_type =       0, nbflag  =       1, use_pme =       1
     vdwmeth =       1, eedmeth =       1, netfrc  =       1
     Box X =   62.641   Box Y =   62.641   Box Z =   62.641
     Alpha =  109.471   Beta  =  109.471   Gamma =  109.471
     NFFT1 =   64       NFFT2 =   64       NFFT3 =   64
     Cutoff=   10.000   Tol   =0.100E-04
     Ewald Coefficient =  0.27511
     Interpolation order =    4

    LOADING THE CONSTRAINED ATOMS AS GROUPS


   5.  REFERENCE ATOM COORDINATES

  default_name                                                                    
     Mask :1-120@N,CA,C,O; matches   476 atoms

--------------------------------------------------------------------------------
   3.  ATOMIC COORDINATES AND VELOCITIES
--------------------------------------------------------------------------------

default_name                                                                    
 begin time read from input coords =  1940.000 ps

 
 Number of triangulated 3-point waters found:     4775

     Sum of charges from parm topology file =  -0.00000006
     Forcing neutrality...

| Dynamic Memory, Types Used:
| Reals              619308
| Integers           586628

| Nonbonded Pairs Initial Allocation:     4940929

| GPU memory information (estimate):
| KB of GPU memory in use:    123232
| KB of CPU memory in use:     26926

--------------------------------------------------------------------------------
   4.  RESULTS
--------------------------------------------------------------------------------

 ---------------------------------------------------
 APPROXIMATING switch and d/dx switch using CUBIC SPLINE INTERPOLATION
 using   5000.0 points per unit in tabled values
 TESTING RELATIVE ERROR over r ranging from 0.0 to cutoff
| CHECK switch(x): max rel err =   0.2738E-14   at   2.422500
| CHECK d/dx switch(x): max rel err =   0.8314E-11   at   2.736960
 ---------------------------------------------------
|---------------------------------------------------
| APPROXIMATING direct energy using CUBIC SPLINE INTERPOLATION
|  with   50.0 points per unit in tabled values
| Relative Error Limit not exceeded for r .gt.   2.33
| APPROXIMATING direct force using CUBIC SPLINE INTERPOLATION
|  with   50.0 points per unit in tabled values
| Relative Error Limit not exceeded for r .gt.   2.80
|---------------------------------------------------
wrapping first mol.:       20.88048       29.52946       51.14652
wrapping first mol.:       20.88048       29.52946       51.14652

 NSTEP =      500   TIME(PS) =    1941.000  TEMP(K) =   299.59  PRESS =     0.0
 Etot   =    -38135.1663  EKtot   =     10009.5479  EPtot      =    -48144.7142
 BOND   =       356.2070  ANGLE   =      1077.1190  DIHED      =      1350.0953
 1-4 NB =       458.6187  1-4 EEL =      6290.8699  VDWAALS    =      5320.5236
 EELEC  =    -63027.9214  EHBOND  =         0.0000  RESTRAINT  =        29.7738
 EAMBER (non-restraint)  =    -48174.4880
 ------------------------------------------------------------------------------

wrapping first mol.:       20.88048       29.52946       51.14652
wrapping first mol.:       20.88048       29.52946       51.14652

 NSTEP =     1000   TIME(PS) =    1942.000  TEMP(K) =   300.50  PRESS =     0.0
 Etot   =    -37960.4343  EKtot   =     10039.7607  EPtot      =    -48000.1951
 BOND   =       371.9837  ANGLE   =      1064.7139  DIHED      =      1365.9680
 1-4 NB =       450.3659  1-4 EEL =      6331.1435  VDWAALS    =      5332.4952
 EELEC  =    -62950.7897  EHBOND  =         0.0000  RESTRAINT  =        33.9245
 EAMBER (non-restraint)  =    -48034.1196
 ------------------------------------------------------------------------------

wrapping first mol.:       20.88048       29.52946       51.14652
wrapping first mol.:       20.88048       29.52946       51.14652

 NSTEP =     1500   TIME(PS) =    1943.000  TEMP(K) =   299.77  PRESS =     0.0
 Etot   =    -37968.1335  EKtot   =     10015.4170  EPtot      =    -47983.5505
 BOND   =       372.9670  ANGLE   =      1062.4742  DIHED      =      1340.2345
 1-4 NB =       438.1637  1-4 EEL =      6318.8007  VDWAALS    =      5425.3022
 EELEC  =    -62970.6730  EHBOND  =         0.0000  RESTRAINT  =        29.1802
 EAMBER (non-restraint)  =    -48012.7307
 ------------------------------------------------------------------------------

wrapping first mol.:       20.88048       29.52946       51.14652
wrapping first mol.:       20.88048       29.52946       51.14652

 NSTEP =     2000   TIME(PS) =    1944.000  TEMP(K) =   302.86  PRESS =     0.0
 Etot   =    -37965.1552  EKtot   =     10118.8818  EPtot      =    -48084.0371
 BOND   =       378.3026  ANGLE   =      1074.6648  DIHED      =      1316.6730
 1-4 NB =       454.4508  1-4 EEL =      6327.1998  VDWAALS    =      5370.6895
 EELEC  =    -63040.2240  EHBOND  =         0.0000  RESTRAINT  =        34.2064
 EAMBER (non-restraint)  =    -48118.2435
 ------------------------------------------------------------------------------

wrapping first mol.:       20.88048       29.52946       51.14652
wrapping first mol.:       20.88048       29.52946       51.14652

 NSTEP =     2500   TIME(PS) =    1945.000  TEMP(K) =   304.08  PRESS =     0.0
 Etot   =    -37675.8550  EKtot   =     10159.6465  EPtot      =    -47835.5015
 BOND   =       363.0988  ANGLE   =      1066.3049  DIHED      =      1334.7141
 1-4 NB =       446.3366  1-4 EEL =      6312.9035  VDWAALS    =      5257.4145
 EELEC  =    -62649.3330  EHBOND  =         0.0000  RESTRAINT  =        33.0591
 EAMBER (non-restraint)  =    -47868.5606
 ------------------------------------------------------------------------------

wrapping first mol.:       20.88048       29.52946       51.14652
wrapping first mol.:       20.88048       29.52946       51.14652

 NSTEP =     3000   TIME(PS) =    1946.000  TEMP(K) =   299.44  PRESS =     0.0
 Etot   =    -37886.7980  EKtot   =     10004.4482  EPtot      =    -47891.2462
 BOND   =       354.0029  ANGLE   =      1074.3557  DIHED      =      1351.2328
 1-4 NB =       436.1833  1-4 EEL =      6318.1504  VDWAALS    =      5385.3969
 EELEC  =    -62853.1757  EHBOND  =         0.0000  RESTRAINT  =        42.6074
 EAMBER (non-restraint)  =    -47933.8536
 ------------------------------------------------------------------------------

wrapping first mol.:       20.88048       29.52946       51.14652
wrapping first mol.:       20.88048       29.52946       51.14652

 NSTEP =     3500   TIME(PS) =    1947.000  TEMP(K) =   299.53  PRESS =     0.0
 Etot   =    -38097.4503  EKtot   =     10007.3652  EPtot      =    -48104.8156
 BOND   =       374.7381  ANGLE   =      1081.7608  DIHED      =      1341.5650
 1-4 NB =       448.1233  1-4 EEL =      6335.3060  VDWAALS    =      5409.1238
 EELEC  =    -63132.6539  EHBOND  =         0.0000  RESTRAINT  =        37.2214
 EAMBER (non-restraint)  =    -48142.0370
 ------------------------------------------------------------------------------

wrapping first mol.:       20.88048       29.52946       51.14652
wrapping first mol.:       20.88048       29.52946       51.14652

 NSTEP =     4000   TIME(PS) =    1948.000  TEMP(K) =   299.48  PRESS =     0.0
 Etot   =    -37927.9056  EKtot   =     10005.9805  EPtot      =    -47933.8860
 BOND   =       364.3901  ANGLE   =      1089.4970  DIHED      =      1353.9319
 1-4 NB =       459.7425  1-4 EEL =      6301.7701  VDWAALS    =      5285.7264
 EELEC  =    -62823.9465  EHBOND  =         0.0000  RESTRAINT  =        35.0024
 EAMBER (non-restraint)  =    -47968.8884
 ------------------------------------------------------------------------------

wrapping first mol.:       20.88048       29.52946       51.14652
wrapping first mol.:       20.88048       29.52946       51.14652

 NSTEP =     4500   TIME(PS) =    1949.000  TEMP(K) =   299.73  PRESS =     0.0
 Etot   =    -37888.2392  EKtot   =     10014.3389  EPtot      =    -47902.5780
 BOND   =       356.4017  ANGLE   =      1088.0966  DIHED      =      1370.0156
 1-4 NB =       445.1329  1-4 EEL =      6321.7071  VDWAALS    =      5286.1380
 EELEC  =    -62804.1294  EHBOND  =         0.0000  RESTRAINT  =        34.0593
 EAMBER (non-restraint)  =    -47936.6373
 ------------------------------------------------------------------------------

wrapping first mol.:       20.88048       29.52946       51.14652
wrapping first mol.:       20.88048       29.52946       51.14652

 NSTEP =     5000   TIME(PS) =    1950.000  TEMP(K) =   299.65  PRESS =     0.0
 Etot   =    -38010.8914  EKtot   =     10011.5527  EPtot      =    -48022.4441
 BOND   =       339.6428  ANGLE   =      1097.8968  DIHED      =      1358.3621
 1-4 NB =       452.7113  1-4 EEL =      6343.0397  VDWAALS    =      5359.2400
 EELEC  =    -63005.6123  EHBOND  =         0.0000  RESTRAINT  =        32.2754
 EAMBER (non-restraint)  =    -48054.7194
 ------------------------------------------------------------------------------

wrapping first mol.:       20.88048       29.52946       51.14652
wrapping first mol.:       20.88048       29.52946       51.14652

 NSTEP =     5500   TIME(PS) =    1951.000  TEMP(K) =   306.97  PRESS =     0.0
 Etot   =    -37947.3906  EKtot   =     10256.0820  EPtot      =    -48203.4726
 BOND   =       352.4137  ANGLE   =      1086.0657  DIHED      =      1339.3245
 1-4 NB =       453.0201  1-4 EEL =      6308.9627  VDWAALS    =      5498.4188
 EELEC  =    -63271.1383  EHBOND  =         0.0000  RESTRAINT  =        29.4601
 EAMBER (non-restraint)  =    -48232.9327
 ------------------------------------------------------------------------------

wrapping first mol.:       20.88048       29.52946       51.14652
wrapping first mol.:       20.88048       29.52946       51.14652

 NSTEP =     6000   TIME(PS) =    1952.000  TEMP(K) =   300.89  PRESS =     0.0
 Etot   =    -37959.9824  EKtot   =     10052.9668  EPtot      =    -48012.9492
 BOND   =       374.6137  ANGLE   =      1049.0282  DIHED      =      1343.3796
 1-4 NB =       447.9500  1-4 EEL =      6329.2199  VDWAALS    =      5380.3628
 EELEC  =    -62969.8135  EHBOND  =         0.0000  RESTRAINT  =        32.3101
 EAMBER (non-restraint)  =    -48045.2593
 ------------------------------------------------------------------------------

wrapping first mol.:       20.88048       29.52946       51.14652
wrapping first mol.:       20.88048       29.52946       51.14652

 NSTEP =     6500   TIME(PS) =    1953.000  TEMP(K) =   299.72  PRESS =     0.0
 Etot   =    -38061.7599  EKtot   =     10013.8037  EPtot      =    -48075.5636
 BOND   =       353.6031  ANGLE   =      1118.6090  DIHED      =      1352.4900
 1-4 NB =       457.0618  1-4 EEL =      6351.2243  VDWAALS    =      5282.5245
 EELEC  =    -63024.2598  EHBOND  =         0.0000  RESTRAINT  =        33.1834
 EAMBER (non-restraint)  =    -48108.7470
 ------------------------------------------------------------------------------

wrapping first mol.:       20.88048       29.52946       51.14652
wrapping first mol.:       20.88048       29.52946       51.14652

 NSTEP =     7000   TIME(PS) =    1954.000  TEMP(K) =   297.69  PRESS =     0.0
 Etot   =    -38085.9817  EKtot   =      9946.0791  EPtot      =    -48032.0608
 BOND   =       365.5605  ANGLE   =      1088.7712  DIHED      =      1368.9476
 1-4 NB =       442.3336  1-4 EEL =      6307.2924  VDWAALS    =      5388.0533
 EELEC  =    -63029.8204  EHBOND  =         0.0000  RESTRAINT  =        36.8009
 EAMBER (non-restraint)  =    -48068.8618
 ------------------------------------------------------------------------------

wrapping first mol.:       20.88048       29.52946       51.14652
wrapping first mol.:       20.88048       29.52946       51.14652

 NSTEP =     7500   TIME(PS) =    1955.000  TEMP(K) =   301.74  PRESS =     0.0
 Etot   =    -38018.9063  EKtot   =     10081.2451  EPtot      =    -48100.1514
 BOND   =       361.2316  ANGLE   =      1063.7179  DIHED      =      1366.3231
 1-4 NB =       442.6729  1-4 EEL =      6334.1754  VDWAALS    =      5267.8675
 EELEC  =    -62975.4666  EHBOND  =         0.0000  RESTRAINT  =        39.3268
 EAMBER (non-restraint)  =    -48139.4782
 ------------------------------------------------------------------------------

wrapping first mol.:       20.88048       29.52946       51.14652
wrapping first mol.:       20.88048       29.52946       51.14652

 NSTEP =     8000   TIME(PS) =    1956.000  TEMP(K) =   300.68  PRESS =     0.0
 Etot   =    -37879.9612  EKtot   =     10046.0215  EPtot      =    -47925.9827
 BOND   =       359.9264  ANGLE   =      1072.2348  DIHED      =      1361.2703
 1-4 NB =       444.3988  1-4 EEL =      6310.5820  VDWAALS    =      5117.4423
 EELEC  =    -62623.5031  EHBOND  =         0.0000  RESTRAINT  =        31.6657
 EAMBER (non-restraint)  =    -47957.6484
 ------------------------------------------------------------------------------

wrapping first mol.:       20.88048       29.52946       51.14652
wrapping first mol.:       20.88048       29.52946       51.14652

 NSTEP =     8500   TIME(PS) =    1957.000  TEMP(K) =   301.92  PRESS =     0.0
 Etot   =    -37863.4882  EKtot   =     10087.3154  EPtot      =    -47950.8036
 BOND   =       374.8235  ANGLE   =      1091.5404  DIHED      =      1363.3657
 1-4 NB =       423.0041  1-4 EEL =      6293.0781  VDWAALS    =      5212.8876
 EELEC  =    -62744.6279  EHBOND  =         0.0000  RESTRAINT  =        35.1250
 EAMBER (non-restraint)  =    -47985.9286
 ------------------------------------------------------------------------------

wrapping first mol.:       20.88048       29.52946       51.14652
wrapping first mol.:       20.88048       29.52946       51.14652

 NSTEP =     9000   TIME(PS) =    1958.000  TEMP(K) =   299.21  PRESS =     0.0
 Etot   =    -38084.7411  EKtot   =      9996.8037  EPtot      =    -48081.5448
 BOND   =       376.9953  ANGLE   =      1050.6759  DIHED      =      1338.5928
 1-4 NB =       433.2031  1-4 EEL =      6331.3708  VDWAALS    =      5285.6439
 EELEC  =    -62930.4528  EHBOND  =         0.0000  RESTRAINT  =        32.4262
 EAMBER (non-restraint)  =    -48113.9710
 ------------------------------------------------------------------------------

wrapping first mol.:       20.88048       29.52946       51.14652
wrapping first mol.:       20.88048       29.52946       51.14652

 NSTEP =     9500   TIME(PS) =    1959.000  TEMP(K) =   299.94  PRESS =     0.0
 Etot   =    -38088.3842  EKtot   =     10021.3008  EPtot      =    -48109.6850
 BOND   =       360.8332  ANGLE   =      1079.1026  DIHED      =      1352.9658
 1-4 NB =       457.9473  1-4 EEL =      6348.6442  VDWAALS    =      5311.0474
 EELEC  =    -63054.4795  EHBOND  =         0.0000  RESTRAINT  =        34.2540
 EAMBER (non-restraint)  =    -48143.9390
 ------------------------------------------------------------------------------

wrapping first mol.:       20.88048       29.52946       51.14652
wrapping first mol.:       20.88048       29.52946       51.14652

 NSTEP =    10000   TIME(PS) =    1960.000  TEMP(K) =   294.97  PRESS =     0.0
 Etot   =    -38214.8185  EKtot   =      9855.1172  EPtot      =    -48069.9356
 BOND   =       369.1778  ANGLE   =      1070.3311  DIHED      =      1334.4820
 1-4 NB =       447.1379  1-4 EEL =      6332.7457  VDWAALS    =      5293.0456
 EELEC  =    -62956.5400  EHBOND  =         0.0000  RESTRAINT  =        39.6842
 EAMBER (non-restraint)  =    -48109.6199
 ------------------------------------------------------------------------------

wrapping first mol.:       20.88048       29.52946       51.14652
wrapping first mol.:       20.88048       29.52946       51.14652

 NSTEP =    10500   TIME(PS) =    1961.000  TEMP(K) =   298.73  PRESS =     0.0
 Etot   =    -38129.9926  EKtot   =      9980.7275  EPtot      =    -48110.7201
 BOND   =       355.9161  ANGLE   =      1090.1409  DIHED      =      1329.1069
 1-4 NB =       451.9438  1-4 EEL =      6324.3848  VDWAALS    =      5569.9687
 EELEC  =    -63263.6509  EHBOND  =         0.0000  RESTRAINT  =        31.4697
 EAMBER (non-restraint)  =    -48142.1898
 ------------------------------------------------------------------------------

wrapping first mol.:       20.88048       29.52946       51.14652
wrapping first mol.:       20.88048       29.52946       51.14652

 NSTEP =    11000   TIME(PS) =    1962.000  TEMP(K) =   297.28  PRESS =     0.0
 Etot   =    -38125.2812  EKtot   =      9932.2012  EPtot      =    -48057.4823
 BOND   =       357.7880  ANGLE   =      1063.3778  DIHED      =      1330.9442
 1-4 NB =       446.8703  1-4 EEL =      6334.8921  VDWAALS    =      5375.2671
 EELEC  =    -63001.9152  EHBOND  =         0.0000  RESTRAINT  =        35.2934
 EAMBER (non-restraint)  =    -48092.7758
 ------------------------------------------------------------------------------

wrapping first mol.:       20.88048       29.52946       51.14652
wrapping first mol.:       20.88048       29.52946       51.14652

 NSTEP =    11500   TIME(PS) =    1963.000  TEMP(K) =   297.87  PRESS =     0.0
 Etot   =    -38092.7879  EKtot   =      9952.1152  EPtot      =    -48044.9031
 BOND   =       363.8092  ANGLE   =      1047.2310  DIHED      =      1361.9148
 1-4 NB =       458.6129  1-4 EEL =      6355.4368  VDWAALS    =      5388.5398
 EELEC  =    -63045.7034  EHBOND  =         0.0000  RESTRAINT  =        25.2559
 EAMBER (non-restraint)  =    -48070.1590
 ------------------------------------------------------------------------------

wrapping first mol.:       20.88048       29.52946       51.14652
wrapping first mol.:       20.88048       29.52946       51.14652

 NSTEP =    12000   TIME(PS) =    1964.000  TEMP(K) =   304.53  PRESS =     0.0
 Etot   =    -37932.8528  EKtot   =     10174.6035  EPtot      =    -48107.4563
 BOND   =       384.6027  ANGLE   =      1065.6529  DIHED      =      1361.5766
 1-4 NB =       430.8928  1-4 EEL =      6296.9501  VDWAALS    =      5540.7425
 EELEC  =    -63222.0039  EHBOND  =         0.0000  RESTRAINT  =        34.1300
 EAMBER (non-restraint)  =    -48141.5863
 ------------------------------------------------------------------------------

wrapping first mol.:       20.88048       29.52946       51.14652
wrapping first mol.:       20.88048       29.52946       51.14652

 NSTEP =    12500   TIME(PS) =    1965.000  TEMP(K) =   297.35  PRESS =     0.0
 Etot   =    -38263.4655  EKtot   =      9934.7734  EPtot      =    -48198.2389
 BOND   =       332.9996  ANGLE   =      1041.1390  DIHED      =      1326.0615
 1-4 NB =       441.5968  1-4 EEL =      6302.0064  VDWAALS    =      5459.1545
 EELEC  =    -63137.6146  EHBOND  =         0.0000  RESTRAINT  =        36.4179
 EAMBER (non-restraint)  =    -48234.6568
 ------------------------------------------------------------------------------

wrapping first mol.:       20.88048       29.52946       51.14652
wrapping first mol.:       20.88048       29.52946       51.14652

 NSTEP =    13000   TIME(PS) =    1966.000  TEMP(K) =   300.39  PRESS =     0.0
 Etot   =    -38014.0044  EKtot   =     10036.1230  EPtot      =    -48050.1274
 BOND   =       356.1820  ANGLE   =      1065.7897  DIHED      =      1362.3943
 1-4 NB =       436.6306  1-4 EEL =      6263.0624  VDWAALS    =      5299.7932
 EELEC  =    -62873.8392  EHBOND  =         0.0000  RESTRAINT  =        39.8596
 EAMBER (non-restraint)  =    -48089.9870
 ------------------------------------------------------------------------------

wrapping first mol.:       20.88048       29.52946       51.14652
wrapping first mol.:       20.88048       29.52946       51.14652

 NSTEP =    13500   TIME(PS) =    1967.000  TEMP(K) =   298.22  PRESS =     0.0
 Etot   =    -38004.7913  EKtot   =      9963.8887  EPtot      =    -47968.6800
 BOND   =       359.7249  ANGLE   =      1067.9056  DIHED      =      1371.9679
 1-4 NB =       448.4314  1-4 EEL =      6302.8857  VDWAALS    =      5316.3320
 EELEC  =    -62873.4512  EHBOND  =         0.0000  RESTRAINT  =        37.5236
 EAMBER (non-restraint)  =    -48006.2036
 ------------------------------------------------------------------------------

wrapping first mol.:       20.88048       29.52946       51.14652
wrapping first mol.:       20.88048       29.52946       51.14652

 NSTEP =    14000   TIME(PS) =    1968.000  TEMP(K) =   300.84  PRESS =     0.0
 Etot   =    -37953.3958  EKtot   =     10051.4277  EPtot      =    -48004.8235
 BOND   =       363.5771  ANGLE   =      1095.1824  DIHED      =      1329.0446
 1-4 NB =       440.8131  1-4 EEL =      6326.3070  VDWAALS    =      5380.2488
 EELEC  =    -62980.4254  EHBOND  =         0.0000  RESTRAINT  =        40.4289
 EAMBER (non-restraint)  =    -48045.2524
 ------------------------------------------------------------------------------

wrapping first mol.:       20.88048       29.52946       51.14652
wrapping first mol.:       20.88048       29.52946       51.14652

 NSTEP =    14500   TIME(PS) =    1969.000  TEMP(K) =   299.13  PRESS =     0.0
 Etot   =    -38149.6581  EKtot   =      9994.2803  EPtot      =    -48143.9384
 BOND   =       370.4691  ANGLE   =      1080.1934  DIHED      =      1358.0098
 1-4 NB =       449.2118  1-4 EEL =      6331.5036  VDWAALS    =      5295.5613
 EELEC  =    -63066.4266  EHBOND  =         0.0000  RESTRAINT  =        37.5390
 EAMBER (non-restraint)  =    -48181.4774
 ------------------------------------------------------------------------------

wrapping first mol.:       20.88048       29.52946       51.14652
wrapping first mol.:       20.88048       29.52946       51.14652

 NSTEP =    15000   TIME(PS) =    1970.000  TEMP(K) =   301.06  PRESS =     0.0
 Etot   =    -38239.8171  EKtot   =     10058.5986  EPtot      =    -48298.4157
 BOND   =       331.7468  ANGLE   =      1046.2197  DIHED      =      1356.1274
 1-4 NB =       446.0714  1-4 EEL =      6309.2061  VDWAALS    =      5424.7695
 EELEC  =    -63246.5173  EHBOND  =         0.0000  RESTRAINT  =        33.9609
 EAMBER (non-restraint)  =    -48332.3766
 ------------------------------------------------------------------------------

wrapping first mol.:       20.88048       29.52946       51.14652
wrapping first mol.:       20.88048       29.52946       51.14652

 NSTEP =    15500   TIME(PS) =    1971.000  TEMP(K) =   300.42  PRESS =     0.0
 Etot   =    -38136.3939  EKtot   =     10037.2988  EPtot      =    -48173.6927
 BOND   =       337.0770  ANGLE   =      1081.6081  DIHED      =      1356.7261
 1-4 NB =       456.0061  1-4 EEL =      6313.2160  VDWAALS    =      5359.4528
 EELEC  =    -63112.1081  EHBOND  =         0.0000  RESTRAINT  =        34.3291
 EAMBER (non-restraint)  =    -48208.0218
 ------------------------------------------------------------------------------

wrapping first mol.:       20.88048       29.52946       51.14652
wrapping first mol.:       20.88048       29.52946       51.14652

 NSTEP =    16000   TIME(PS) =    1972.000  TEMP(K) =   297.52  PRESS =     0.0
 Etot   =    -38195.9924  EKtot   =      9940.4258  EPtot      =    -48136.4182
 BOND   =       367.9885  ANGLE   =      1055.8044  DIHED      =      1366.5241
 1-4 NB =       456.7931  1-4 EEL =      6328.7680  VDWAALS    =      5274.6018
 EELEC  =    -63025.1631  EHBOND  =         0.0000  RESTRAINT  =        38.2649
 EAMBER (non-restraint)  =    -48174.6831
 ------------------------------------------------------------------------------

wrapping first mol.:       20.88048       29.52946       51.14652
wrapping first mol.:       20.88048       29.52946       51.14652

 NSTEP =    16500   TIME(PS) =    1973.000  TEMP(K) =   299.31  PRESS =     0.0
 Etot   =    -38066.5158  EKtot   =     10000.1602  EPtot      =    -48066.6759
 BOND   =       346.0703  ANGLE   =      1025.3823  DIHED      =      1312.3187
 1-4 NB =       452.3004  1-4 EEL =      6345.2272  VDWAALS    =      5199.4815
 EELEC  =    -62783.0025  EHBOND  =         0.0000  RESTRAINT  =        35.5462
 EAMBER (non-restraint)  =    -48102.2221
 ------------------------------------------------------------------------------

wrapping first mol.:       20.88048       29.52946       51.14652
wrapping first mol.:       20.88048       29.52946       51.14652

 NSTEP =    17000   TIME(PS) =    1974.000  TEMP(K) =   300.59  PRESS =     0.0
 Etot   =    -38072.8101  EKtot   =     10042.9756  EPtot      =    -48115.7857
 BOND   =       334.2210  ANGLE   =      1063.3336  DIHED      =      1337.7902
 1-4 NB =       447.2002  1-4 EEL =      6307.9115  VDWAALS    =      5349.5220
 EELEC  =    -62986.8687  EHBOND  =         0.0000  RESTRAINT  =        31.1045
 EAMBER (non-restraint)  =    -48146.8902
 ------------------------------------------------------------------------------

wrapping first mol.:       20.88048       29.52946       51.14652
wrapping first mol.:       20.88048       29.52946       51.14652

 NSTEP =    17500   TIME(PS) =    1975.000  TEMP(K) =   302.32  PRESS =     0.0
 Etot   =    -37864.8919  EKtot   =     10100.7578  EPtot      =    -47965.6497
 BOND   =       377.4765  ANGLE   =      1095.9044  DIHED      =      1373.8316
 1-4 NB =       437.0836  1-4 EEL =      6319.5262  VDWAALS    =      5513.0135
 EELEC  =    -63125.8141  EHBOND  =         0.0000  RESTRAINT  =        43.3286
 EAMBER (non-restraint)  =    -48008.9784
 ------------------------------------------------------------------------------

wrapping first mol.:       20.88048       29.52946       51.14652
wrapping first mol.:       20.88048       29.52946       51.14652

 NSTEP =    18000   TIME(PS) =    1976.000  TEMP(K) =   298.42  PRESS =     0.0
 Etot   =    -38327.1685  EKtot   =      9970.3174  EPtot      =    -48297.4858
 BOND   =       348.4171  ANGLE   =      1055.1091  DIHED      =      1332.8111
 1-4 NB =       447.9660  1-4 EEL =      6317.2069  VDWAALS    =      5431.7353
 EELEC  =    -63265.0055  EHBOND  =         0.0000  RESTRAINT  =        34.2742
 EAMBER (non-restraint)  =    -48331.7600
 ------------------------------------------------------------------------------

wrapping first mol.:       20.88048       29.52946       51.14652
wrapping first mol.:       20.88048       29.52946       51.14652

 NSTEP =    18500   TIME(PS) =    1977.000  TEMP(K) =   297.98  PRESS =     0.0
 Etot   =    -37978.8836  EKtot   =      9955.5898  EPtot      =    -47934.4735
 BOND   =       371.4842  ANGLE   =      1067.8499  DIHED      =      1329.9538
 1-4 NB =       445.5622  1-4 EEL =      6310.2795  VDWAALS    =      5345.4275
 EELEC  =    -62841.6721  EHBOND  =         0.0000  RESTRAINT  =        36.6416
 EAMBER (non-restraint)  =    -47971.1151
 ------------------------------------------------------------------------------

wrapping first mol.:       20.88048       29.52946       51.14652
wrapping first mol.:       20.88048       29.52946       51.14652

 NSTEP =    19000   TIME(PS) =    1978.000  TEMP(K) =   295.55  PRESS =     0.0
 Etot   =    -38125.7430  EKtot   =      9874.6143  EPtot      =    -48000.3573
 BOND   =       369.7289  ANGLE   =      1081.9031  DIHED      =      1327.0599
 1-4 NB =       447.8546  1-4 EEL =      6337.2678  VDWAALS    =      5449.3185
 EELEC  =    -63049.1834  EHBOND  =         0.0000  RESTRAINT  =        35.6932
 EAMBER (non-restraint)  =    -48036.0505
 ------------------------------------------------------------------------------

wrapping first mol.:       20.88048       29.52946       51.14652
wrapping first mol.:       20.88048       29.52946       51.14652

 NSTEP =    19500   TIME(PS) =    1979.000  TEMP(K) =   301.52  PRESS =     0.0
 Etot   =    -38081.5386  EKtot   =     10074.0771  EPtot      =    -48155.6158
 BOND   =       374.2544  ANGLE   =      1089.7480  DIHED      =      1353.9445
 1-4 NB =       437.0892  1-4 EEL =      6312.7751  VDWAALS    =      5538.4814
 EELEC  =    -63299.5791  EHBOND  =         0.0000  RESTRAINT  =        37.6708
 EAMBER (non-restraint)  =    -48193.2865
 ------------------------------------------------------------------------------

wrapping first mol.:       20.88048       29.52946       51.14652
wrapping first mol.:       20.88048       29.52946       51.14652

 NSTEP =    20000   TIME(PS) =    1980.000  TEMP(K) =   297.10  PRESS =     0.0
 Etot   =    -38365.3397  EKtot   =      9926.3213  EPtot      =    -48291.6610
 BOND   =       375.8693  ANGLE   =      1064.4195  DIHED      =      1335.8186
 1-4 NB =       449.3507  1-4 EEL =      6282.9351  VDWAALS    =      5529.9473
 EELEC  =    -63369.9359  EHBOND  =         0.0000  RESTRAINT  =        39.9344
 EAMBER (non-restraint)  =    -48331.5954
 ------------------------------------------------------------------------------

wrapping first mol.:       20.88048       29.52946       51.14652
wrapping first mol.:       20.88048       29.52946       51.14652

 NSTEP =    20500   TIME(PS) =    1981.000  TEMP(K) =   298.66  PRESS =     0.0
 Etot   =    -38240.0560  EKtot   =      9978.5107  EPtot      =    -48218.5667
 BOND   =       364.5797  ANGLE   =      1057.1636  DIHED      =      1363.4827
 1-4 NB =       461.0388  1-4 EEL =      6333.8689  VDWAALS    =      5492.3793
 EELEC  =    -63324.5450  EHBOND  =         0.0000  RESTRAINT  =        33.4653
 EAMBER (non-restraint)  =    -48252.0321
 ------------------------------------------------------------------------------

wrapping first mol.:       20.88048       29.52946       51.14652
wrapping first mol.:       20.88048       29.52946       51.14652

 NSTEP =    21000   TIME(PS) =    1982.000  TEMP(K) =   297.20  PRESS =     0.0
 Etot   =    -38262.3139  EKtot   =      9929.6641  EPtot      =    -48191.9779
 BOND   =       335.0086  ANGLE   =      1084.5895  DIHED      =      1351.5523
 1-4 NB =       445.4695  1-4 EEL =      6340.7391  VDWAALS    =      5411.3594
 EELEC  =    -63191.9339  EHBOND  =         0.0000  RESTRAINT  =        31.2377
 EAMBER (non-restraint)  =    -48223.2156
 ------------------------------------------------------------------------------

wrapping first mol.:       20.88048       29.52946       51.14652
wrapping first mol.:       20.88048       29.52946       51.14652

 NSTEP =    21500   TIME(PS) =    1983.000  TEMP(K) =   297.99  PRESS =     0.0
 Etot   =    -38265.8357  EKtot   =      9956.0156  EPtot      =    -48221.8513
 BOND   =       371.3400  ANGLE   =      1081.1444  DIHED      =      1352.7874
 1-4 NB =       449.4458  1-4 EEL =      6312.1905  VDWAALS    =      5539.0543
 EELEC  =    -63360.4806  EHBOND  =         0.0000  RESTRAINT  =        32.6669
 EAMBER (non-restraint)  =    -48254.5182
 ------------------------------------------------------------------------------

wrapping first mol.:       20.88048       29.52946       51.14652
wrapping first mol.:       20.88048       29.52946       51.14652

 NSTEP =    22000   TIME(PS) =    1984.000  TEMP(K) =   296.61  PRESS =     0.0
 Etot   =    -38237.8491  EKtot   =      9909.9609  EPtot      =    -48147.8100
 BOND   =       357.8922  ANGLE   =      1050.4000  DIHED      =      1376.0828
 1-4 NB =       454.7888  1-4 EEL =      6299.7670  VDWAALS    =      5562.9803
 EELEC  =    -63284.2799  EHBOND  =         0.0000  RESTRAINT  =        34.5588
 EAMBER (non-restraint)  =    -48182.3689
 ------------------------------------------------------------------------------

wrapping first mol.:       20.88048       29.52946       51.14652
wrapping first mol.:       20.88048       29.52946       51.14652

 NSTEP =    22500   TIME(PS) =    1985.000  TEMP(K) =   298.41  PRESS =     0.0
 Etot   =    -38125.8632  EKtot   =      9969.9346  EPtot      =    -48095.7977
 BOND   =       364.2265  ANGLE   =      1058.4037  DIHED      =      1342.5919
 1-4 NB =       436.4799  1-4 EEL =      6320.2186  VDWAALS    =      5315.6270
 EELEC  =    -62966.8880  EHBOND  =         0.0000  RESTRAINT  =        33.5427
 EAMBER (non-restraint)  =    -48129.3405
 ------------------------------------------------------------------------------

wrapping first mol.:       20.88048       29.52946       51.14652
wrapping first mol.:       20.88048       29.52946       51.14652

 NSTEP =    23000   TIME(PS) =    1986.000  TEMP(K) =   296.20  PRESS =     0.0
 Etot   =    -38358.3732  EKtot   =      9896.3916  EPtot      =    -48254.7648
 BOND   =       348.0481  ANGLE   =      1076.8794  DIHED      =      1350.9198
 1-4 NB =       436.0264  1-4 EEL =      6332.6583  VDWAALS    =      5574.9807
 EELEC  =    -63408.0586  EHBOND  =         0.0000  RESTRAINT  =        33.7812
 EAMBER (non-restraint)  =    -48288.5460
 ------------------------------------------------------------------------------

wrapping first mol.:       20.88048       29.52946       51.14652
wrapping first mol.:       20.88048       29.52946       51.14652

 NSTEP =    23500   TIME(PS) =    1987.000  TEMP(K) =   298.68  PRESS =     0.0
 Etot   =    -38169.1082  EKtot   =      9979.1719  EPtot      =    -48148.2801
 BOND   =       350.9781  ANGLE   =      1075.4001  DIHED      =      1345.0777
 1-4 NB =       441.2387  1-4 EEL =      6349.0758  VDWAALS    =      5089.7280
 EELEC  =    -62833.8505  EHBOND  =         0.0000  RESTRAINT  =        34.0720
 EAMBER (non-restraint)  =    -48182.3521
 ------------------------------------------------------------------------------

wrapping first mol.:       20.88048       29.52946       51.14652
wrapping first mol.:       20.88048       29.52946       51.14652

 NSTEP =    24000   TIME(PS) =    1988.000  TEMP(K) =   300.02  PRESS =     0.0
 Etot   =    -37897.6639  EKtot   =     10023.8994  EPtot      =    -47921.5633
 BOND   =       351.2469  ANGLE   =      1081.9373  DIHED      =      1344.9508
 1-4 NB =       449.2397  1-4 EEL =      6296.8678  VDWAALS    =      5322.4893
 EELEC  =    -62799.9116  EHBOND  =         0.0000  RESTRAINT  =        31.6165
 EAMBER (non-restraint)  =    -47953.1798
 ------------------------------------------------------------------------------

wrapping first mol.:       20.88048       29.52946       51.14652
wrapping first mol.:       20.88048       29.52946       51.14652

 NSTEP =    24500   TIME(PS) =    1989.000  TEMP(K) =   300.60  PRESS =     0.0
 Etot   =    -37928.8067  EKtot   =     10043.3633  EPtot      =    -47972.1700
 BOND   =       344.1215  ANGLE   =      1082.0036  DIHED      =      1359.8504
 1-4 NB =       460.1648  1-4 EEL =      6323.2895  VDWAALS    =      5460.8581
 EELEC  =    -63038.8375  EHBOND  =         0.0000  RESTRAINT  =        36.3795
 EAMBER (non-restraint)  =    -48008.5495
 ------------------------------------------------------------------------------

wrapping first mol.:       20.88048       29.52946       51.14652
wrapping first mol.:       20.88048       29.52946       51.14652

 NSTEP =    25000   TIME(PS) =    1990.000  TEMP(K) =   296.98  PRESS =     0.0
 Etot   =    -38103.7502  EKtot   =      9922.2031  EPtot      =    -48025.9533
 BOND   =       338.8232  ANGLE   =      1045.5305  DIHED      =      1345.7715
 1-4 NB =       456.3024  1-4 EEL =      6305.0774  VDWAALS    =      5361.1333
 EELEC  =    -62914.5376  EHBOND  =         0.0000  RESTRAINT  =        35.9460
 EAMBER (non-restraint)  =    -48061.8993
 ------------------------------------------------------------------------------

wrapping first mol.:       20.88048       29.52946       51.14652
wrapping first mol.:       20.88048       29.52946       51.14652

 NSTEP =    25500   TIME(PS) =    1991.000  TEMP(K) =   302.43  PRESS =     0.0
 Etot   =    -38020.3113  EKtot   =     10104.2803  EPtot      =    -48124.5916
 BOND   =       360.8853  ANGLE   =      1043.9352  DIHED      =      1355.1506
 1-4 NB =       440.4255  1-4 EEL =      6303.3310  VDWAALS    =      5441.2767
 EELEC  =    -63107.9594  EHBOND  =         0.0000  RESTRAINT  =        38.3636
 EAMBER (non-restraint)  =    -48162.9551
 ------------------------------------------------------------------------------

wrapping first mol.:       20.88048       29.52946       51.14652
wrapping first mol.:       20.88048       29.52946       51.14652

 NSTEP =    26000   TIME(PS) =    1992.000  TEMP(K) =   300.19  PRESS =     0.0
 Etot   =    -37977.0918  EKtot   =     10029.7070  EPtot      =    -48006.7988
 BOND   =       405.1632  ANGLE   =      1102.0540  DIHED      =      1344.8119
 1-4 NB =       454.4642  1-4 EEL =      6292.8507  VDWAALS    =      5371.0581
 EELEC  =    -63008.2428  EHBOND  =         0.0000  RESTRAINT  =        31.0419
 EAMBER (non-restraint)  =    -48037.8407
 ------------------------------------------------------------------------------

wrapping first mol.:       20.88048       29.52946       51.14652
wrapping first mol.:       20.88048       29.52946       51.14652

 NSTEP =    26500   TIME(PS) =    1993.000  TEMP(K) =   299.16  PRESS =     0.0
 Etot   =    -38244.1297  EKtot   =      9995.1582  EPtot      =    -48239.2879
 BOND   =       346.9860  ANGLE   =      1077.7093  DIHED      =      1352.3383
 1-4 NB =       453.6382  1-4 EEL =      6350.2617  VDWAALS    =      5260.5007
 EELEC  =    -63112.5068  EHBOND  =         0.0000  RESTRAINT  =        31.7847
 EAMBER (non-restraint)  =    -48271.0726
 ------------------------------------------------------------------------------

wrapping first mol.:       20.88048       29.52946       51.14652
wrapping first mol.:       20.88048       29.52946       51.14652

 NSTEP =    27000   TIME(PS) =    1994.000  TEMP(K) =   299.38  PRESS =     0.0
 Etot   =    -38212.6889  EKtot   =     10002.6318  EPtot      =    -48215.3208
 BOND   =       387.0666  ANGLE   =      1046.7017  DIHED      =      1323.6028
 1-4 NB =       448.2840  1-4 EEL =      6345.1229  VDWAALS    =      5240.1372
 EELEC  =    -63037.8901  EHBOND  =         0.0000  RESTRAINT  =        31.6541
 EAMBER (non-restraint)  =    -48246.9749
 ------------------------------------------------------------------------------

wrapping first mol.:       20.88048       29.52946       51.14652
wrapping first mol.:       20.88048       29.52946       51.14652

 NSTEP =    27500   TIME(PS) =    1995.000  TEMP(K) =   299.49  PRESS =     0.0
 Etot   =    -38125.2435  EKtot   =     10006.0430  EPtot      =    -48131.2864
 BOND   =       343.4155  ANGLE   =      1099.2648  DIHED      =      1363.5944
 1-4 NB =       451.6039  1-4 EEL =      6311.0420  VDWAALS    =      5549.1380
 EELEC  =    -63280.5675  EHBOND  =         0.0000  RESTRAINT  =        31.2225
 EAMBER (non-restraint)  =    -48162.5089
 ------------------------------------------------------------------------------

wrapping first mol.:       20.88048       29.52946       51.14652
wrapping first mol.:       20.88048       29.52946       51.14652

 NSTEP =    28000   TIME(PS) =    1996.000  TEMP(K) =   302.46  PRESS =     0.0
 Etot   =    -38098.9361  EKtot   =     10105.2236  EPtot      =    -48204.1597
 BOND   =       337.5809  ANGLE   =      1031.5046  DIHED      =      1348.2999
 1-4 NB =       437.9928  1-4 EEL =      6290.7976  VDWAALS    =      5456.6281
 EELEC  =    -63138.3880  EHBOND  =         0.0000  RESTRAINT  =        31.4244
 EAMBER (non-restraint)  =    -48235.5841
 ------------------------------------------------------------------------------

wrapping first mol.:       20.88048       29.52946       51.14652
wrapping first mol.:       20.88048       29.52946       51.14652

 NSTEP =    28500   TIME(PS) =    1997.000  TEMP(K) =   301.55  PRESS =     0.0
 Etot   =    -38051.2097  EKtot   =     10074.9160  EPtot      =    -48126.1257
 BOND   =       346.0608  ANGLE   =      1046.3408  DIHED      =      1339.2572
 1-4 NB =       458.4996  1-4 EEL =      6332.7806  VDWAALS    =      5388.2135
 EELEC  =    -63069.7398  EHBOND  =         0.0000  RESTRAINT  =        32.4617
 EAMBER (non-restraint)  =    -48158.5874
 ------------------------------------------------------------------------------

wrapping first mol.:       20.88048       29.52946       51.14652
wrapping first mol.:       20.88048       29.52946       51.14652

 NSTEP =    29000   TIME(PS) =    1998.000  TEMP(K) =   302.43  PRESS =     0.0
 Etot   =    -38000.9090  EKtot   =     10104.4150  EPtot      =    -48105.3240
 BOND   =       360.6803  ANGLE   =      1074.4387  DIHED      =      1349.4384
 1-4 NB =       456.3279  1-4 EEL =      6361.4134  VDWAALS    =      5280.0752
 EELEC  =    -63016.0373  EHBOND  =         0.0000  RESTRAINT  =        28.3394
 EAMBER (non-restraint)  =    -48133.6634
 ------------------------------------------------------------------------------

wrapping first mol.:       20.88048       29.52946       51.14652
wrapping first mol.:       20.88048       29.52946       51.14652

 NSTEP =    29500   TIME(PS) =    1999.000  TEMP(K) =   301.87  PRESS =     0.0
 Etot   =    -38097.2918  EKtot   =     10085.7393  EPtot      =    -48183.0311
 BOND   =       328.6809  ANGLE   =      1098.1351  DIHED      =      1339.8653
 1-4 NB =       459.5800  1-4 EEL =      6341.1156  VDWAALS    =      5411.1277
 EELEC  =    -63197.8629  EHBOND  =         0.0000  RESTRAINT  =        36.3272
 EAMBER (non-restraint)  =    -48219.3583
 ------------------------------------------------------------------------------

wrapping first mol.:       20.88048       29.52946       51.14652
wrapping first mol.:       20.88048       29.52946       51.14652

 NSTEP =    30000   TIME(PS) =    2000.000  TEMP(K) =   300.62  PRESS =     0.0
 Etot   =    -38200.6762  EKtot   =     10043.9131  EPtot      =    -48244.5893
 BOND   =       340.9184  ANGLE   =      1079.8603  DIHED      =      1366.5461
 1-4 NB =       448.2214  1-4 EEL =      6353.4897  VDWAALS    =      5401.7516
 EELEC  =    -63266.7212  EHBOND  =         0.0000  RESTRAINT  =        31.3443
 EAMBER (non-restraint)  =    -48275.9336
 ------------------------------------------------------------------------------

wrapping first mol.:       20.88048       29.52946       51.14652
wrapping first mol.:       20.88048       29.52946       51.14652

 NSTEP =    30500   TIME(PS) =    2001.000  TEMP(K) =   299.38  PRESS =     0.0
 Etot   =    -38197.5419  EKtot   =     10002.5449  EPtot      =    -48200.0868
 BOND   =       340.9484  ANGLE   =      1077.6398  DIHED      =      1343.8871
 1-4 NB =       462.5871  1-4 EEL =      6336.7989  VDWAALS    =      5403.4935
 EELEC  =    -63199.6523  EHBOND  =         0.0000  RESTRAINT  =        34.2106
 EAMBER (non-restraint)  =    -48234.2974
 ------------------------------------------------------------------------------

wrapping first mol.:       20.88048       29.52946       51.14652
wrapping first mol.:       20.88048       29.52946       51.14652

 NSTEP =    31000   TIME(PS) =    2002.000  TEMP(K) =   299.53  PRESS =     0.0
 Etot   =    -38077.5971  EKtot   =     10007.6182  EPtot      =    -48085.2152
 BOND   =       361.7983  ANGLE   =      1056.7556  DIHED      =      1347.7012
 1-4 NB =       458.6058  1-4 EEL =      6317.5286  VDWAALS    =      5357.3774
 EELEC  =    -63023.9119  EHBOND  =         0.0000  RESTRAINT  =        38.9297
 EAMBER (non-restraint)  =    -48124.1450
 ------------------------------------------------------------------------------

wrapping first mol.:       20.88048       29.52946       51.14652
wrapping first mol.:       20.88048       29.52946       51.14652

 NSTEP =    31500   TIME(PS) =    2003.000  TEMP(K) =   301.19  PRESS =     0.0
 Etot   =    -38272.3343  EKtot   =     10062.8203  EPtot      =    -48335.1546
 BOND   =       339.1494  ANGLE   =      1037.3944  DIHED      =      1321.8680
 1-4 NB =       453.2321  1-4 EEL =      6334.3934  VDWAALS    =      5266.0575
 EELEC  =    -63123.0376  EHBOND  =         0.0000  RESTRAINT  =        35.7882
 EAMBER (non-restraint)  =    -48370.9427
 ------------------------------------------------------------------------------

wrapping first mol.:       20.88048       29.52946       51.14652
wrapping first mol.:       20.88048       29.52946       51.14652

 NSTEP =    32000   TIME(PS) =    2004.000  TEMP(K) =   298.09  PRESS =     0.0
 Etot   =    -38326.6620  EKtot   =      9959.3330  EPtot      =    -48285.9950
 BOND   =       344.1319  ANGLE   =      1064.4079  DIHED      =      1363.4515
 1-4 NB =       456.5153  1-4 EEL =      6291.0089  VDWAALS    =      5300.7190
 EELEC  =    -63137.2172  EHBOND  =         0.0000  RESTRAINT  =        30.9875
 EAMBER (non-restraint)  =    -48316.9826
 ------------------------------------------------------------------------------

wrapping first mol.:       20.88048       29.52946       51.14652
wrapping first mol.:       20.88048       29.52946       51.14652

 NSTEP =    32500   TIME(PS) =    2005.000  TEMP(K) =   300.22  PRESS =     0.0
 Etot   =    -38278.7681  EKtot   =     10030.5791  EPtot      =    -48309.3472
 BOND   =       334.1088  ANGLE   =      1072.3987  DIHED      =      1360.7314
 1-4 NB =       456.8172  1-4 EEL =      6359.8421  VDWAALS    =      5471.3340
 EELEC  =    -63393.2969  EHBOND  =         0.0000  RESTRAINT  =        28.7174
 EAMBER (non-restraint)  =    -48338.0646
 ------------------------------------------------------------------------------

wrapping first mol.:       20.88048       29.52946       51.14652
wrapping first mol.:       20.88048       29.52946       51.14652

 NSTEP =    33000   TIME(PS) =    2006.000  TEMP(K) =   300.76  PRESS =     0.0
 Etot   =    -38085.7825  EKtot   =     10048.5361  EPtot      =    -48134.3186
 BOND   =       366.4871  ANGLE   =      1112.6710  DIHED      =      1357.8995
 1-4 NB =       427.2686  1-4 EEL =      6239.8243  VDWAALS    =      5352.0831
 EELEC  =    -63023.3152  EHBOND  =         0.0000  RESTRAINT  =        32.7629
 EAMBER (non-restraint)  =    -48167.0815
 ------------------------------------------------------------------------------

wrapping first mol.:       20.88048       29.52946       51.14652
wrapping first mol.:       20.88048       29.52946       51.14652

 NSTEP =    33500   TIME(PS) =    2007.000  TEMP(K) =   302.44  PRESS =     0.0
 Etot   =    -37958.5732  EKtot   =     10104.8066  EPtot      =    -48063.3798
 BOND   =       343.3869  ANGLE   =      1061.2041  DIHED      =      1320.6538
 1-4 NB =       464.9941  1-4 EEL =      6353.3158  VDWAALS    =      5278.4412
 EELEC  =    -62920.8191  EHBOND  =         0.0000  RESTRAINT  =        35.4434
 EAMBER (non-restraint)  =    -48098.8233
 ------------------------------------------------------------------------------

wrapping first mol.:       20.88048       29.52946       51.14652
wrapping first mol.:       20.88048       29.52946       51.14652

 NSTEP =    34000   TIME(PS) =    2008.000  TEMP(K) =   300.58  PRESS =     0.0
 Etot   =    -38144.9766  EKtot   =     10042.4111  EPtot      =    -48187.3877
 BOND   =       321.6647  ANGLE   =      1138.1311  DIHED      =      1359.2106
 1-4 NB =       441.8344  1-4 EEL =      6314.2582  VDWAALS    =      5437.9290
 EELEC  =    -63234.7720  EHBOND  =         0.0000  RESTRAINT  =        34.3563
 EAMBER (non-restraint)  =    -48221.7440
 ------------------------------------------------------------------------------

wrapping first mol.:       20.88048       29.52946       51.14652
wrapping first mol.:       20.88048       29.52946       51.14652

 NSTEP =    34500   TIME(PS) =    2009.000  TEMP(K) =   300.86  PRESS =     0.0
 Etot   =    -38165.4706  EKtot   =     10051.8154  EPtot      =    -48217.2860
 BOND   =       354.8050  ANGLE   =      1087.0061  DIHED      =      1345.1776
 1-4 NB =       442.2011  1-4 EEL =      6306.3049  VDWAALS    =      5389.7471
 EELEC  =    -63176.7082  EHBOND  =         0.0000  RESTRAINT  =        34.1805
 EAMBER (non-restraint)  =    -48251.4665
 ------------------------------------------------------------------------------

wrapping first mol.:       20.88048       29.52946       51.14652
wrapping first mol.:       20.88048       29.52946       51.14652

 NSTEP =    35000   TIME(PS) =    2010.000  TEMP(K) =   298.38  PRESS =     0.0
 Etot   =    -38115.3918  EKtot   =      9968.9727  EPtot      =    -48084.3644
 BOND   =       378.4190  ANGLE   =      1047.9352  DIHED      =      1346.9249
 1-4 NB =       447.4454  1-4 EEL =      6314.3692  VDWAALS    =      5320.2396
 EELEC  =    -62973.7615  EHBOND  =         0.0000  RESTRAINT  =        34.0638
 EAMBER (non-restraint)  =    -48118.4282
 ------------------------------------------------------------------------------

wrapping first mol.:       20.88048       29.52946       51.14652
wrapping first mol.:       20.88048       29.52946       51.14652

 NSTEP =    35500   TIME(PS) =    2011.000  TEMP(K) =   301.28  PRESS =     0.0
 Etot   =    -38098.1139  EKtot   =     10065.9512  EPtot      =    -48164.0651
 BOND   =       344.7053  ANGLE   =      1068.1740  DIHED      =      1344.1331
 1-4 NB =       440.9629  1-4 EEL =      6329.1489  VDWAALS    =      5283.0566
 EELEC  =    -63007.0721  EHBOND  =         0.0000  RESTRAINT  =        32.8262
 EAMBER (non-restraint)  =    -48196.8912
 ------------------------------------------------------------------------------

wrapping first mol.:       20.88048       29.52946       51.14652
wrapping first mol.:       20.88048       29.52946       51.14652

 NSTEP =    36000   TIME(PS) =    2012.000  TEMP(K) =   301.66  PRESS =     0.0
 Etot   =    -38127.8547  EKtot   =     10078.7314  EPtot      =    -48206.5861
 BOND   =       331.9162  ANGLE   =      1037.7169  DIHED      =      1343.9099
 1-4 NB =       470.4397  1-4 EEL =      6366.7990  VDWAALS    =      5440.5752
 EELEC  =    -63230.5215  EHBOND  =         0.0000  RESTRAINT  =        32.5784
 EAMBER (non-restraint)  =    -48239.1645
 ------------------------------------------------------------------------------

wrapping first mol.:       20.88048       29.52946       51.14652
wrapping first mol.:       20.88048       29.52946       51.14652

 NSTEP =    36500   TIME(PS) =    2013.000  TEMP(K) =   299.02  PRESS =     0.0
 Etot   =    -38090.6443  EKtot   =      9990.4697  EPtot      =    -48081.1141
 BOND   =       353.9803  ANGLE   =      1119.5660  DIHED      =      1342.0360
 1-4 NB =       456.5371  1-4 EEL =      6330.4017  VDWAALS    =      5447.9471
 EELEC  =    -63164.7521  EHBOND  =         0.0000  RESTRAINT  =        33.1699
 EAMBER (non-restraint)  =    -48114.2840
 ------------------------------------------------------------------------------

wrapping first mol.:       20.88048       29.52946       51.14652
wrapping first mol.:       20.88048       29.52946       51.14652

 NSTEP =    37000   TIME(PS) =    2014.000  TEMP(K) =   300.31  PRESS =     0.0
 Etot   =    -38095.2010  EKtot   =     10033.4639  EPtot      =    -48128.6649
 BOND   =       376.1131  ANGLE   =      1090.4459  DIHED      =      1361.7238
 1-4 NB =       451.4205  1-4 EEL =      6325.2316  VDWAALS    =      5327.0498
 EELEC  =    -63094.5249  EHBOND  =         0.0000  RESTRAINT  =        33.8752
 EAMBER (non-restraint)  =    -48162.5401
 ------------------------------------------------------------------------------

wrapping first mol.:       20.88048       29.52946       51.14652
wrapping first mol.:       20.88048       29.52946       51.14652

 NSTEP =    37500   TIME(PS) =    2015.000  TEMP(K) =   304.55  PRESS =     0.0
 Etot   =    -38011.4465  EKtot   =     10175.0508  EPtot      =    -48186.4973
 BOND   =       379.1544  ANGLE   =      1052.5743  DIHED      =      1346.7118
 1-4 NB =       440.1352  1-4 EEL =      6329.5336  VDWAALS    =      5411.4419
 EELEC  =    -63177.4942  EHBOND  =         0.0000  RESTRAINT  =        31.4457
 EAMBER (non-restraint)  =    -48217.9430
 ------------------------------------------------------------------------------

wrapping first mol.:       20.88048       29.52946       51.14652
wrapping first mol.:       20.88048       29.52946       51.14652

 NSTEP =    38000   TIME(PS) =    2016.000  TEMP(K) =   299.52  PRESS =     0.0
 Etot   =    -37956.1565  EKtot   =     10007.1885  EPtot      =    -47963.3450
 BOND   =       323.1482  ANGLE   =      1063.4357  DIHED      =      1351.6070
 1-4 NB =       460.3085  1-4 EEL =      6367.0516  VDWAALS    =      5304.6043
 EELEC  =    -62865.1371  EHBOND  =         0.0000  RESTRAINT  =        31.6368
 EAMBER (non-restraint)  =    -47994.9818
 ------------------------------------------------------------------------------

wrapping first mol.:       20.88048       29.52946       51.14652
wrapping first mol.:       20.88048       29.52946       51.14652

 NSTEP =    38500   TIME(PS) =    2017.000  TEMP(K) =   298.12  PRESS =     0.0
 Etot   =    -38282.6542  EKtot   =      9960.3838  EPtot      =    -48243.0380
 BOND   =       361.1871  ANGLE   =      1041.1188  DIHED      =      1341.1362
 1-4 NB =       444.6866  1-4 EEL =      6315.3412  VDWAALS    =      5484.4903
 EELEC  =    -63266.6807  EHBOND  =         0.0000  RESTRAINT  =        35.6825
 EAMBER (non-restraint)  =    -48278.7205
 ------------------------------------------------------------------------------

wrapping first mol.:       20.88048       29.52946       51.14652
wrapping first mol.:       20.88048       29.52946       51.14652

 NSTEP =    39000   TIME(PS) =    2018.000  TEMP(K) =   301.68  PRESS =     0.0
 Etot   =    -38167.0402  EKtot   =     10079.3633  EPtot      =    -48246.4035
 BOND   =       347.0178  ANGLE   =      1056.0484  DIHED      =      1337.6586
 1-4 NB =       445.1217  1-4 EEL =      6333.0139  VDWAALS    =      5563.0958
 EELEC  =    -63362.1309  EHBOND  =         0.0000  RESTRAINT  =        33.7713
 EAMBER (non-restraint)  =    -48280.1747
 ------------------------------------------------------------------------------

wrapping first mol.:       20.88048       29.52946       51.14652
wrapping first mol.:       20.88048       29.52946       51.14652

 NSTEP =    39500   TIME(PS) =    2019.000  TEMP(K) =   298.02  PRESS =     0.0
 Etot   =    -38159.7831  EKtot   =      9956.9375  EPtot      =    -48116.7206
 BOND   =       365.3774  ANGLE   =      1099.5157  DIHED      =      1364.2440
 1-4 NB =       463.4713  1-4 EEL =      6282.9389  VDWAALS    =      5535.8374
 EELEC  =    -63260.8128  EHBOND  =         0.0000  RESTRAINT  =        32.7074
 EAMBER (non-restraint)  =    -48149.4280
 ------------------------------------------------------------------------------

wrapping first mol.:       20.88048       29.52946       51.14652
wrapping first mol.:       20.88048       29.52946       51.14652

 NSTEP =    40000   TIME(PS) =    2020.000  TEMP(K) =   294.64  PRESS =     0.0
 Etot   =    -38335.0887  EKtot   =      9843.9824  EPtot      =    -48179.0711
 BOND   =       357.1441  ANGLE   =      1057.6158  DIHED      =      1339.3410
 1-4 NB =       444.2618  1-4 EEL =      6332.2854  VDWAALS    =      5474.7036
 EELEC  =    -63222.1829  EHBOND  =         0.0000  RESTRAINT  =        37.7602
 EAMBER (non-restraint)  =    -48216.8313
 ------------------------------------------------------------------------------

wrapping first mol.:       20.88048       29.52946       51.14652
wrapping first mol.:       20.88048       29.52946       51.14652

 NSTEP =    40500   TIME(PS) =    2021.000  TEMP(K) =   301.12  PRESS =     0.0
 Etot   =    -38203.7054  EKtot   =     10060.7324  EPtot      =    -48264.4379
 BOND   =       342.2924  ANGLE   =      1072.1393  DIHED      =      1353.5977
 1-4 NB =       445.7888  1-4 EEL =      6337.6526  VDWAALS    =      5394.1128
 EELEC  =    -63247.3350  EHBOND  =         0.0000  RESTRAINT  =        37.3135
 EAMBER (non-restraint)  =    -48301.7514
 ------------------------------------------------------------------------------

wrapping first mol.:       20.88048       29.52946       51.14652
wrapping first mol.:       20.88048       29.52946       51.14652

 NSTEP =    41000   TIME(PS) =    2022.000  TEMP(K) =   299.79  PRESS =     0.0
 Etot   =    -38184.3496  EKtot   =     10016.0166  EPtot      =    -48200.3662
 BOND   =       373.2547  ANGLE   =      1073.0887  DIHED      =      1347.5729
 1-4 NB =       442.6947  1-4 EEL =      6309.4309  VDWAALS    =      5494.1160
 EELEC  =    -63276.0511  EHBOND  =         0.0000  RESTRAINT  =        35.5271
 EAMBER (non-restraint)  =    -48235.8932
 ------------------------------------------------------------------------------

wrapping first mol.:       20.88048       29.52946       51.14652
wrapping first mol.:       20.88048       29.52946       51.14652

 NSTEP =    41500   TIME(PS) =    2023.000  TEMP(K) =   302.68  PRESS =     0.0
 Etot   =    -37983.3532  EKtot   =     10112.8359  EPtot      =    -48096.1891
 BOND   =       364.0521  ANGLE   =      1037.6841  DIHED      =      1334.9829
 1-4 NB =       443.1215  1-4 EEL =      6330.2272  VDWAALS    =      5463.5194
 EELEC  =    -63108.2673  EHBOND  =         0.0000  RESTRAINT  =        38.4909
 EAMBER (non-restraint)  =    -48134.6801
 ------------------------------------------------------------------------------

wrapping first mol.:       20.88048       29.52946       51.14652
wrapping first mol.:       20.88048       29.52946       51.14652

 NSTEP =    42000   TIME(PS) =    2024.000  TEMP(K) =   296.87  PRESS =     0.0
 Etot   =    -38256.7637  EKtot   =      9918.5342  EPtot      =    -48175.2979
 BOND   =       328.4286  ANGLE   =      1080.5477  DIHED      =      1360.9012
 1-4 NB =       460.1000  1-4 EEL =      6363.1236  VDWAALS    =      5467.8003
 EELEC  =    -63271.7411  EHBOND  =         0.0000  RESTRAINT  =        35.5417
 EAMBER (non-restraint)  =    -48210.8396
 ------------------------------------------------------------------------------

wrapping first mol.:       20.88048       29.52946       51.14652
wrapping first mol.:       20.88048       29.52946       51.14652

 NSTEP =    42500   TIME(PS) =    2025.000  TEMP(K) =   297.61  PRESS =     0.0
 Etot   =    -38032.2805  EKtot   =      9943.3135  EPtot      =    -47975.5940
 BOND   =       366.6026  ANGLE   =      1084.5801  DIHED      =      1372.7220
 1-4 NB =       442.4337  1-4 EEL =      6319.6968  VDWAALS    =      5267.9819
 EELEC  =    -62862.1791  EHBOND  =         0.0000  RESTRAINT  =        32.5681
 EAMBER (non-restraint)  =    -48008.1621
 ------------------------------------------------------------------------------

wrapping first mol.:       20.88048       29.52946       51.14652
wrapping first mol.:       20.88048       29.52946       51.14652

 NSTEP =    43000   TIME(PS) =    2026.000  TEMP(K) =   301.59  PRESS =     0.0
 Etot   =    -38139.9053  EKtot   =     10076.4023  EPtot      =    -48216.3076
 BOND   =       360.0029  ANGLE   =      1073.3351  DIHED      =      1324.3756
 1-4 NB =       442.7520  1-4 EEL =      6342.2326  VDWAALS    =      5329.7594
 EELEC  =    -63124.3872  EHBOND  =         0.0000  RESTRAINT  =        35.6220
 EAMBER (non-restraint)  =    -48251.9296
 ------------------------------------------------------------------------------

wrapping first mol.:       20.88048       29.52946       51.14652
wrapping first mol.:       20.88048       29.52946       51.14652

 NSTEP =    43500   TIME(PS) =    2027.000  TEMP(K) =   297.81  PRESS =     0.0
 Etot   =    -38425.2171  EKtot   =      9950.0166  EPtot      =    -48375.2337
 BOND   =       362.5854  ANGLE   =      1041.6812  DIHED      =      1342.0851
 1-4 NB =       448.5147  1-4 EEL =      6320.9809  VDWAALS    =      5545.4545
 EELEC  =    -63477.2535  EHBOND  =         0.0000  RESTRAINT  =        40.7180
 EAMBER (non-restraint)  =    -48415.9517
 ------------------------------------------------------------------------------

wrapping first mol.:       20.88048       29.52946       51.14652
wrapping first mol.:       20.88048       29.52946       51.14652

 NSTEP =    44000   TIME(PS) =    2028.000  TEMP(K) =   297.41  PRESS =     0.0
 Etot   =    -38212.6932  EKtot   =      9936.7510  EPtot      =    -48149.4441
 BOND   =       349.2274  ANGLE   =      1067.4049  DIHED      =      1342.9458
 1-4 NB =       448.7105  1-4 EEL =      6326.7818  VDWAALS    =      5391.3708
 EELEC  =    -63116.4669  EHBOND  =         0.0000  RESTRAINT  =        40.5817
 EAMBER (non-restraint)  =    -48190.0258
 ------------------------------------------------------------------------------

wrapping first mol.:       20.88048       29.52946       51.14652
wrapping first mol.:       20.88048       29.52946       51.14652

 NSTEP =    44500   TIME(PS) =    2029.000  TEMP(K) =   300.21  PRESS =     0.0
 Etot   =    -38100.0972  EKtot   =     10030.3135  EPtot      =    -48130.4107
 BOND   =       329.4636  ANGLE   =      1092.6886  DIHED      =      1337.7285
 1-4 NB =       436.6720  1-4 EEL =      6314.5475  VDWAALS    =      5554.9502
 EELEC  =    -63230.4270  EHBOND  =         0.0000  RESTRAINT  =        33.9660
 EAMBER (non-restraint)  =    -48164.3767
 ------------------------------------------------------------------------------

wrapping first mol.:       20.88048       29.52946       51.14652
wrapping first mol.:       20.88048       29.52946       51.14652

 NSTEP =    45000   TIME(PS) =    2030.000  TEMP(K) =   299.60  PRESS =     0.0
 Etot   =    -38039.8555  EKtot   =     10009.9736  EPtot      =    -48049.8291
 BOND   =       348.3430  ANGLE   =      1092.2872  DIHED      =      1341.7534
 1-4 NB =       437.2036  1-4 EEL =      6301.8577  VDWAALS    =      5482.2532
 EELEC  =    -63099.1625  EHBOND  =         0.0000  RESTRAINT  =        45.6352
 EAMBER (non-restraint)  =    -48095.4643
 ------------------------------------------------------------------------------

wrapping first mol.:       20.88048       29.52946       51.14652
wrapping first mol.:       20.88048       29.52946       51.14652

 NSTEP =    45500   TIME(PS) =    2031.000  TEMP(K) =   299.75  PRESS =     0.0
 Etot   =    -38013.9427  EKtot   =     10014.9463  EPtot      =    -48028.8889
 BOND   =       371.2106  ANGLE   =      1071.5922  DIHED      =      1349.6201
 1-4 NB =       465.9093  1-4 EEL =      6341.1004  VDWAALS    =      5182.4186
 EELEC  =    -62846.0640  EHBOND  =         0.0000  RESTRAINT  =        35.3239
 EAMBER (non-restraint)  =    -48064.2128
 ------------------------------------------------------------------------------

wrapping first mol.:       20.88048       29.52946       51.14652
wrapping first mol.:       20.88048       29.52946       51.14652

 NSTEP =    46000   TIME(PS) =    2032.000  TEMP(K) =   302.14  PRESS =     0.0
 Etot   =    -37989.7455  EKtot   =     10094.6064  EPtot      =    -48084.3519
 BOND   =       342.2821  ANGLE   =      1077.3418  DIHED      =      1340.5162
 1-4 NB =       452.8465  1-4 EEL =      6354.4396  VDWAALS    =      5234.8678
 EELEC  =    -62922.1850  EHBOND  =         0.0000  RESTRAINT  =        35.5391
 EAMBER (non-restraint)  =    -48119.8910
 ------------------------------------------------------------------------------

wrapping first mol.:       20.88048       29.52946       51.14652
wrapping first mol.:       20.88048       29.52946       51.14652

 NSTEP =    46500   TIME(PS) =    2033.000  TEMP(K) =   300.74  PRESS =     0.0
 Etot   =    -38067.6041  EKtot   =     10047.9863  EPtot      =    -48115.5904
 BOND   =       370.2070  ANGLE   =      1061.1195  DIHED      =      1338.2818
 1-4 NB =       439.0748  1-4 EEL =      6320.1358  VDWAALS    =      5377.5001
 EELEC  =    -63059.3425  EHBOND  =         0.0000  RESTRAINT  =        37.4329
 EAMBER (non-restraint)  =    -48153.0233
 ------------------------------------------------------------------------------

wrapping first mol.:       20.88048       29.52946       51.14652
wrapping first mol.:       20.88048       29.52946       51.14652

 NSTEP =    47000   TIME(PS) =    2034.000  TEMP(K) =   302.56  PRESS =     0.0
 Etot   =    -38068.8551  EKtot   =     10108.5771  EPtot      =    -48177.4322
 BOND   =       359.9915  ANGLE   =      1044.3239  DIHED      =      1349.2952
 1-4 NB =       439.2411  1-4 EEL =      6312.9642  VDWAALS    =      5563.2223
 EELEC  =    -63286.3372  EHBOND  =         0.0000  RESTRAINT  =        39.8668
 EAMBER (non-restraint)  =    -48217.2990
 ------------------------------------------------------------------------------

wrapping first mol.:       20.88048       29.52946       51.14652
wrapping first mol.:       20.88048       29.52946       51.14652

 NSTEP =    47500   TIME(PS) =    2035.000  TEMP(K) =   297.21  PRESS =     0.0
 Etot   =    -38223.9738  EKtot   =      9929.8291  EPtot      =    -48153.8029
 BOND   =       360.0391  ANGLE   =      1071.0158  DIHED      =      1363.5639
 1-4 NB =       463.5862  1-4 EEL =      6352.6301  VDWAALS    =      5239.2858
 EELEC  =    -63040.1599  EHBOND  =         0.0000  RESTRAINT  =        36.2361
 EAMBER (non-restraint)  =    -48190.0390
 ------------------------------------------------------------------------------

wrapping first mol.:       20.88048       29.52946       51.14652
wrapping first mol.:       20.88048       29.52946       51.14652

 NSTEP =    48000   TIME(PS) =    2036.000  TEMP(K) =   293.26  PRESS =     0.0
 Etot   =    -38243.1863  EKtot   =      9798.0771  EPtot      =    -48041.2635
 BOND   =       337.4530  ANGLE   =      1070.1111  DIHED      =      1355.4413
 1-4 NB =       465.5978  1-4 EEL =      6367.4216  VDWAALS    =      5324.1333
 EELEC  =    -62999.3544  EHBOND  =         0.0000  RESTRAINT  =        37.9328
 EAMBER (non-restraint)  =    -48079.1962
 ------------------------------------------------------------------------------

wrapping first mol.:       20.88048       29.52946       51.14652
wrapping first mol.:       20.88048       29.52946       51.14652

 NSTEP =    48500   TIME(PS) =    2037.000  TEMP(K) =   298.24  PRESS =     0.0
 Etot   =    -38212.7447  EKtot   =      9964.2363  EPtot      =    -48176.9810
 BOND   =       361.2844  ANGLE   =      1029.1741  DIHED      =      1352.5044
 1-4 NB =       443.2006  1-4 EEL =      6330.3573  VDWAALS    =      5491.9205
 EELEC  =    -63221.8760  EHBOND  =         0.0000  RESTRAINT  =        36.4536
 EAMBER (non-restraint)  =    -48213.4346
 ------------------------------------------------------------------------------

wrapping first mol.:       20.88048       29.52946       51.14652
wrapping first mol.:       20.88048       29.52946       51.14652

 NSTEP =    49000   TIME(PS) =    2038.000  TEMP(K) =   303.18  PRESS =     0.0
 Etot   =    -37785.0688  EKtot   =     10129.5215  EPtot      =    -47914.5903
 BOND   =       381.9757  ANGLE   =      1108.1243  DIHED      =      1361.6232
 1-4 NB =       441.0782  1-4 EEL =      6274.6677  VDWAALS    =      5339.5357
 EELEC  =    -62860.3708  EHBOND  =         0.0000  RESTRAINT  =        38.7758
 EAMBER (non-restraint)  =    -47953.3660
 ------------------------------------------------------------------------------

wrapping first mol.:       20.88048       29.52946       51.14652
wrapping first mol.:       20.88048       29.52946       51.14652

 NSTEP =    49500   TIME(PS) =    2039.000  TEMP(K) =   298.48  PRESS =     0.0
 Etot   =    -38219.9561  EKtot   =      9972.5059  EPtot      =    -48192.4620
 BOND   =       365.7003  ANGLE   =      1017.5183  DIHED      =      1325.0253
 1-4 NB =       456.7864  1-4 EEL =      6354.6705  VDWAALS    =      5427.4534
 EELEC  =    -63180.5141  EHBOND  =         0.0000  RESTRAINT  =        40.8979
 EAMBER (non-restraint)  =    -48233.3599
 ------------------------------------------------------------------------------

wrapping first mol.:       20.88048       29.52946       51.14652
wrapping first mol.:       20.88048       29.52946       51.14652

 NSTEP =    50000   TIME(PS) =    2040.000  TEMP(K) =   299.77  PRESS =     0.0
 Etot   =    -38268.2814  EKtot   =     10015.5186  EPtot      =    -48283.8000
 BOND   =       371.1355  ANGLE   =      1033.7778  DIHED      =      1344.9887
 1-4 NB =       455.7605  1-4 EEL =      6328.6648  VDWAALS    =      5463.9780
 EELEC  =    -63318.3240  EHBOND  =         0.0000  RESTRAINT  =        36.2187
 EAMBER (non-restraint)  =    -48320.0187
 ------------------------------------------------------------------------------


      A V E R A G E S   O V E R     100 S T E P S


 NSTEP =    50000   TIME(PS) =    2040.000  TEMP(K) =   299.76  PRESS =     0.0
 Etot   =    -38100.7953  EKtot   =     10015.0775  EPtot      =    -48115.8728
 BOND   =       357.1419  ANGLE   =      1070.2554  DIHED      =      1348.1336
 1-4 NB =       448.6599  1-4 EEL =      6323.4887  VDWAALS    =      5383.2706
 EELEC  =    -63081.7328  EHBOND  =         0.0000  RESTRAINT  =        34.9098
 EAMBER (non-restraint)  =    -48150.7826
 ------------------------------------------------------------------------------


      R M S  F L U C T U A T I O N S


 NSTEP =    50000   TIME(PS) =    2040.000  TEMP(K) =     2.20  PRESS =     0.0
 Etot   =       135.6363  EKtot   =        73.4978  EPtot      =       109.8373
 BOND   =        15.8057  ANGLE   =        21.7776  DIHED      =        13.6867
 1-4 NB =         9.0625  1-4 EEL =        22.8064  VDWAALS    =       104.7850
 EELEC  =       173.1785  EHBOND  =         0.0000  RESTRAINT  =         3.4057
 EAMBER (non-restraint)  =       106.4316
 ------------------------------------------------------------------------------

--------------------------------------------------------------------------------
   5.  TIMINGS
--------------------------------------------------------------------------------

|  NonSetup CPU Time in Major Routines:
|
|     Routine           Sec        %
|     ------------------------------
|     Nonbond          14.13   36.42
|     Bond              0.00    0.00
|     Angle             0.00    0.00
|     Dihedral          0.00    0.00
|     Shake             0.84    2.17
|     RunMD            23.72   61.15
|     Other             0.10    0.27
|     ------------------------------
|     Total            38.79

|  PME Nonbond Pairlist CPU Time:
|
|     Routine              Sec        %
|     ---------------------------------
|     Set Up Cit           0.00    0.00
|     Build List           0.00    0.00
|     ---------------------------------
|     Total                0.00    0.00

|  PME Direct Force CPU Time:
|
|     Routine              Sec        %
|     ---------------------------------
|     NonBonded Calc       0.00    0.00
|     Exclude Masked       0.00    0.00
|     Other                0.05    0.12
|     ---------------------------------
|     Total                0.05    0.12

|  PME Reciprocal Force CPU Time:
|
|     Routine              Sec        %
|     ---------------------------------
|     1D bspline           0.00    0.00
|     Grid Charges         0.00    0.00
|     Scalar Sum           0.00    0.00
|     Gradient Sum         0.00    0.00
|     FFT                  0.00    0.00
|     ---------------------------------
|     Total                0.00    0.00

|  Final Performance Info:
|     -----------------------------------------------------
|     Average timings for last   49500 steps:
|     Elapsed(s) =      38.42 Per Step(ms) =       0.78
|         ns/day =     222.65   seconds/ns =     388.05
|
|     Average timings for all steps:
|     Elapsed(s) =      38.83 Per Step(ms) =       0.78
|         ns/day =     222.54   seconds/ns =     388.25
|     -----------------------------------------------------

|  Setup CPU time:            2.30 seconds
|  NonSetup CPU time:        38.79 seconds
|  Total CPU time:           41.10 seconds     0.01 hours

|  Setup wall time:           3    seconds
|  NonSetup wall time:       38    seconds
|  Total wall time:          41    seconds     0.01 hours
