
          -------------------------------------------------------
          Amber 16 PMEMD                              2016
          -------------------------------------------------------

| PMEMD implementation of SANDER, Release 16

| Run on 11/17/2017 at 08:17:01

|   Executable path: /apps/amber16/bin/pmemd.cuda
| Working directory: /home/pbarletta
|          Hostname: mordor

  [-O]verwriting output

File Assignments:
|   MDIN: /scratch/pbarletta/cph_obp/run/eol/mhe/e/1equ.in                      
|  MDOUT: /scratch/pbarletta/cph_obp/run/eol/mhe/e/1equ.out                     
| INPCRD: /scratch/pbarletta/cph_obp/run/eol/mhe/h/heol.rst7                    
|   PARM: /scratch/pbarletta/cph_obp/top_files/eol.prmtop                       
| RESTRT: /scratch/pbarletta/cph_obp/run/eol/mhe/e/1eeol.rst7                   
|   REFC: /scratch/pbarletta/cph_obp/run/eol/mhe/h/heol.rst7                    
|  MDVEL: mdvel                                                                 
|   MDEN: mden                                                                  
|  MDCRD: /scratch/pbarletta/cph_obp/run/eol/mhe/e/1eeol.nc                     
| MDINFO: mdinfo                                                                
|  MDFRC: mdfrc                                                                 


 Here is the input file:

Equilibration with solute restrictions                                         
&cntrl                                                                         
imin = 0,                           ! No Minimization                          
nmropt = 0,                         ! No NMR restraints read                   
                                                                               
! Nature and format of the input                                               
ntx = 5,                            ! Coordinates but no velocities will be rea
irest = 1,                          ! Do not run a new simulation              
                                                                               
! Nature and format of the output                                              
ntxo = 1,                           ! rstrt file in ASCII format               
ntpr = 500,                         ! inf in output every ntpr steps           
ntwr = 500,                         ! rstrt file every ntwr steps              
ntwx = 500,                         ! mdcrd file every ntwx steps              
ntwv = 0,                           ! mdvel without velocities                 
ntwe = 0,                           ! Energies and temperatures not written in 
idecomp = 0,                        ! No energy decomposition                  
iwrap = 1,                          ! Coordinates of the restart and mdcrd file
                                                                               
! Frozen or restrained atoms                                                   
ibelly = 0,                         ! No frozen atoms                          
ntr=1,                              ! Harmonic potential restraints            
restraint_wt = 50.0,                ! The weight for the positional restraints 
restraintmask = ':1-120@N,CA,C,O',  ! restrained residues                      
                                                                               
! Molecular dynamics                                                           
nstlim = 50000,                     ! Number of MD-steps                       
dt = 0.002,                         ! Time step                                
                                                                               
! Temperature regulation                                                       
ntt = 3,                            ! Langevin thermostat                      
gamma_ln = 5,                       ! Gamma constant for Langevin              
temp0 = 300.0,                      ! Reference T at which the system is to be 
tempi = 300.0,                      ! Initial T                                
ig = -1,                            ! Seed for the RNG                         
                                                                               
! P and V regulation                                                           
ntp = 0,                            ! No pressure control                      
ntb = 1,                            ! Periodic box for constant V              
                                                                               
! SHAKE variables                                                              
ntc = 2,                            ! Bonds involving H are constrained        
ntf = 2,                            ! Bond interaction involving H are ommited.
                                                                               
cut = 10.0,                         ! Nonbonded cutoff                         
                                                                               
/                                                                              
&end                                                                           


Note: ig = -1. Setting random seed to   941776 based on wallclock time in 
      microseconds.
| irandom = 1, using AMBER's internal random number generator (default).
 
|--------------------- INFORMATION ----------------------
| GPU (CUDA) Version of PMEMD in use: NVIDIA GPU IN USE.
|                    Version 16.0.0
| 
|                      02/25/2016
| 
| Implementation by:
|                    Ross C. Walker     (SDSC)
|                    Scott Le Grand     (nVIDIA)
| 
| Precision model in use:
|      [SPFP] - Single Precision Forces, 64-bit Fixed Point
|               Accumulation. (Default)
| 
|--------------------------------------------------------
 
|----------------- CITATION INFORMATION -----------------
|
|    When publishing work that utilized the CUDA version
|    of AMBER, please cite the following in addition to
|    the regular AMBER citations:
|
|  - Romelia Salomon-Ferrer; Andreas W. Goetz; Duncan
|    Poole; Scott Le Grand; Ross C. Walker "Routine
|    microsecond molecular dynamics simulations with
|    AMBER - Part II: Particle Mesh Ewald", J. Chem.
|    Theory Comput., 2013, 9 (9), pp3878-3888,
|    DOI: 10.1021/ct400314y.
|
|  - Andreas W. Goetz; Mark J. Williamson; Dong Xu;
|    Duncan Poole; Scott Le Grand; Ross C. Walker
|    "Routine microsecond molecular dynamics simulations
|    with AMBER - Part I: Generalized Born", J. Chem.
|    Theory Comput., 2012, 8 (5), pp1542-1555.
|
|  - Scott Le Grand; Andreas W. Goetz; Ross C. Walker
|    "SPFP: Speed without compromise - a mixed precision
|    model for GPU accelerated molecular dynamics
|    simulations.", Comp. Phys. Comm., 2013, 184
|    pp374-380, DOI: 10.1016/j.cpc.2012.09.022
|
|--------------------------------------------------------
 
|------------------- GPU DEVICE INFO --------------------
|
|            CUDA_VISIBLE_DEVICES: 2
|   CUDA Capable Devices Detected:      1
|           CUDA Device ID in use:      0
|                CUDA Device Name: GeForce GTX 1080 Ti
|     CUDA Device Global Mem Size:  11172 MB
| CUDA Device Num Multiprocessors:     28
|           CUDA Device Core Freq:   1.58 GHz
|
|--------------------------------------------------------
 
 
| Conditional Compilation Defines Used:
| PUBFFT
| BINTRAJ
| CUDA
| EMIL

| Largest sphere to fit in unit cell has radius =    25.573

| New format PARM file being parsed.
| Version =    1.000 Date = 11/14/17 Time = 21:40:14

| Note: 1-4 EEL scale factors are being read from the topology file.

| Note: 1-4 VDW scale factors are being read from the topology file.
| Duplicated    0 dihedrals

| Duplicated    0 dihedrals

--------------------------------------------------------------------------------
   1.  RESOURCE   USE: 
--------------------------------------------------------------------------------

 getting box info from netcdf restart file
 NATOM  =   16335 NTYPES =      18 NBONH =   15379 MBONA  =     963
 NTHETH =    2359 MTHETA =    1293 NPHIH =    4500 MPHIA  =    3265
 NHPARM =       0 NPARM  =       0 NNB   =   30156 NRES   =    4896
 NBONA  =     963 NTHETA =    1293 NPHIA =    3265 NUMBND =      51
 NUMANG =     105 NPTRA  =      41 NATYP =      35 NPHB   =       1
 IFBOX  =       2 NMXRS  =      24 IFCAP =       0 NEXTRA =       0
 NCOPY  =       0

| Coordinate Index Table dimensions:    10   10   10
| Direct force subcell size =     6.2641    6.2641    6.2641

     BOX TYPE: TRUNCATED OCTAHEDRON

--------------------------------------------------------------------------------
   2.  CONTROL  DATA  FOR  THE  RUN
--------------------------------------------------------------------------------

default_name                                                                    

General flags:
     imin    =       0, nmropt  =       0

Nature and format of input:
     ntx     =       5, irest   =       1, ntrx    =       1

Nature and format of output:
     ntxo    =       1, ntpr    =     500, ntrx    =       1, ntwr    =     500
     iwrap   =       1, ntwx    =     500, ntwv    =       0, ntwe    =       0
     ioutfm  =       1, ntwprt  =       0, idecomp =       0, rbornstat=      0

Potential function:
     ntf     =       2, ntb     =       1, igb     =       0, nsnb    =      25
     ipol    =       0, gbsa    =       0, iesp    =       0
     dielc   =   1.00000, cut     =  10.00000, intdiel =   1.00000

Frozen or restrained atoms:
     ibelly  =       0, ntr     =       1
     restraint_wt =  50.00000

Molecular dynamics:
     nstlim  =     50000, nscm    =         0, nrespa  =         1
     t       =   0.00000, dt      =   0.00200, vlimit  =  -1.00000

Langevin dynamics temperature regulation:
     ig      =  941776
     temp0   = 300.00000, tempi   = 300.00000, gamma_ln=   5.00000

SHAKE:
     ntc     =       2, jfastw  =       0
     tol     =   0.00001

| Intermolecular bonds treatment:
|     no_intermolecular_bonds =       1

| Energy averages sample interval:
|     ene_avg_sampling =     500

Ewald parameters:
     verbose =       0, ew_type =       0, nbflag  =       1, use_pme =       1
     vdwmeth =       1, eedmeth =       1, netfrc  =       1
     Box X =   62.641   Box Y =   62.641   Box Z =   62.641
     Alpha =  109.471   Beta  =  109.471   Gamma =  109.471
     NFFT1 =   64       NFFT2 =   64       NFFT3 =   64
     Cutoff=   10.000   Tol   =0.100E-04
     Ewald Coefficient =  0.27511
     Interpolation order =    4

    LOADING THE CONSTRAINED ATOMS AS GROUPS


   5.  REFERENCE ATOM COORDINATES

  default_name                                                                    
     Mask :1-120@N,CA,C,O; matches   476 atoms

--------------------------------------------------------------------------------
   3.  ATOMIC COORDINATES AND VELOCITIES
--------------------------------------------------------------------------------

default_name                                                                    
 begin time read from input coords =   140.000 ps

 
 Number of triangulated 3-point waters found:     4775

     Sum of charges from parm topology file =  -0.00000006
     Forcing neutrality...

| Dynamic Memory, Types Used:
| Reals              619308
| Integers           586628

| Nonbonded Pairs Initial Allocation:     4940929

| GPU memory information (estimate):
| KB of GPU memory in use:    123232
| KB of CPU memory in use:     26926

--------------------------------------------------------------------------------
   4.  RESULTS
--------------------------------------------------------------------------------

 ---------------------------------------------------
 APPROXIMATING switch and d/dx switch using CUBIC SPLINE INTERPOLATION
 using   5000.0 points per unit in tabled values
 TESTING RELATIVE ERROR over r ranging from 0.0 to cutoff
| CHECK switch(x): max rel err =   0.2738E-14   at   2.422500
| CHECK d/dx switch(x): max rel err =   0.8314E-11   at   2.736960
 ---------------------------------------------------
|---------------------------------------------------
| APPROXIMATING direct energy using CUBIC SPLINE INTERPOLATION
|  with   50.0 points per unit in tabled values
| Relative Error Limit not exceeded for r .gt.   2.33
| APPROXIMATING direct force using CUBIC SPLINE INTERPOLATION
|  with   50.0 points per unit in tabled values
| Relative Error Limit not exceeded for r .gt.   2.80
|---------------------------------------------------
wrapping first mol.:       20.88048       29.52946       51.14652
wrapping first mol.:       20.88048       29.52946       51.14652

 NSTEP =      500   TIME(PS) =     141.000  TEMP(K) =   300.42  PRESS =     0.0
 Etot   =    -37680.0067  EKtot   =     10037.2090  EPtot      =    -47717.2157
 BOND   =       328.0400  ANGLE   =       986.9761  DIHED      =      1335.6116
 1-4 NB =       452.6567  1-4 EEL =      6342.7021  VDWAALS    =      5236.6446
 EELEC  =    -62576.9531  EHBOND  =         0.0000  RESTRAINT  =       177.1063
 EAMBER (non-restraint)  =    -47894.3220
 ------------------------------------------------------------------------------

wrapping first mol.:       20.88048       29.52946       51.14652
wrapping first mol.:       20.88048       29.52946       51.14652

 NSTEP =     1000   TIME(PS) =     142.000  TEMP(K) =   300.36  PRESS =     0.0
 Etot   =    -37829.9613  EKtot   =     10035.1836  EPtot      =    -47865.1449
 BOND   =       321.6231  ANGLE   =      1080.2136  DIHED      =      1342.6011
 1-4 NB =       463.8244  1-4 EEL =      6354.0493  VDWAALS    =      5285.1004
 EELEC  =    -62895.8413  EHBOND  =         0.0000  RESTRAINT  =       183.2844
 EAMBER (non-restraint)  =    -48048.4293
 ------------------------------------------------------------------------------

wrapping first mol.:       20.88048       29.52946       51.14652
wrapping first mol.:       20.88048       29.52946       51.14652

 NSTEP =     1500   TIME(PS) =     143.000  TEMP(K) =   299.92  PRESS =     0.0
 Etot   =    -37886.1653  EKtot   =     10020.4551  EPtot      =    -47906.6204
 BOND   =       322.8890  ANGLE   =      1022.8964  DIHED      =      1358.5646
 1-4 NB =       472.5574  1-4 EEL =      6349.0042  VDWAALS    =      5280.7836
 EELEC  =    -62897.9811  EHBOND  =         0.0000  RESTRAINT  =       184.6655
 EAMBER (non-restraint)  =    -48091.2859
 ------------------------------------------------------------------------------

wrapping first mol.:       20.88048       29.52946       51.14652
wrapping first mol.:       20.88048       29.52946       51.14652

 NSTEP =     2000   TIME(PS) =     144.000  TEMP(K) =   295.18  PRESS =     0.0
 Etot   =    -38035.5820  EKtot   =      9862.0732  EPtot      =    -47897.6552
 BOND   =       345.1848  ANGLE   =      1014.4476  DIHED      =      1358.4373
 1-4 NB =       453.9659  1-4 EEL =      6380.7536  VDWAALS    =      5225.4803
 EELEC  =    -62861.4561  EHBOND  =         0.0000  RESTRAINT  =       185.5313
 EAMBER (non-restraint)  =    -48083.1865
 ------------------------------------------------------------------------------

wrapping first mol.:       20.88048       29.52946       51.14652
wrapping first mol.:       20.88048       29.52946       51.14652

 NSTEP =     2500   TIME(PS) =     145.000  TEMP(K) =   300.55  PRESS =     0.0
 Etot   =    -37686.9549  EKtot   =     10041.5234  EPtot      =    -47728.4784
 BOND   =       322.9079  ANGLE   =      1039.8655  DIHED      =      1370.3535
 1-4 NB =       459.5174  1-4 EEL =      6330.8431  VDWAALS    =      5381.5111
 EELEC  =    -62824.9335  EHBOND  =         0.0000  RESTRAINT  =       191.4567
 EAMBER (non-restraint)  =    -47919.9351
 ------------------------------------------------------------------------------

wrapping first mol.:       20.88048       29.52946       51.14652
wrapping first mol.:       20.88048       29.52946       51.14652

 NSTEP =     3000   TIME(PS) =     146.000  TEMP(K) =   300.30  PRESS =     0.0
 Etot   =    -37822.2199  EKtot   =     10033.2666  EPtot      =    -47855.4865
 BOND   =       307.7315  ANGLE   =       977.3258  DIHED      =      1348.2692
 1-4 NB =       472.1447  1-4 EEL =      6366.9503  VDWAALS    =      5203.9049
 EELEC  =    -62716.6916  EHBOND  =         0.0000  RESTRAINT  =       184.8787
 EAMBER (non-restraint)  =    -48040.3652
 ------------------------------------------------------------------------------

wrapping first mol.:       20.88048       29.52946       51.14652
wrapping first mol.:       20.88048       29.52946       51.14652

 NSTEP =     3500   TIME(PS) =     147.000  TEMP(K) =   300.37  PRESS =     0.0
 Etot   =    -37662.1415  EKtot   =     10035.5781  EPtot      =    -47697.7196
 BOND   =       328.9423  ANGLE   =      1039.4607  DIHED      =      1370.7163
 1-4 NB =       466.9428  1-4 EEL =      6321.7214  VDWAALS    =      5183.2661
 EELEC  =    -62605.3894  EHBOND  =         0.0000  RESTRAINT  =       196.6201
 EAMBER (non-restraint)  =    -47894.3397
 ------------------------------------------------------------------------------

wrapping first mol.:       20.88048       29.52946       51.14652
wrapping first mol.:       20.88048       29.52946       51.14652

 NSTEP =     4000   TIME(PS) =     148.000  TEMP(K) =   300.42  PRESS =     0.0
 Etot   =    -37687.8919  EKtot   =     10037.3359  EPtot      =    -47725.2278
 BOND   =       315.7608  ANGLE   =      1035.4901  DIHED      =      1339.8600
 1-4 NB =       452.7247  1-4 EEL =      6355.4661  VDWAALS    =      5141.3568
 EELEC  =    -62545.8092  EHBOND  =         0.0000  RESTRAINT  =       179.9229
 EAMBER (non-restraint)  =    -47905.1508
 ------------------------------------------------------------------------------

wrapping first mol.:       20.88048       29.52946       51.14652
wrapping first mol.:       20.88048       29.52946       51.14652

 NSTEP =     4500   TIME(PS) =     149.000  TEMP(K) =   301.85  PRESS =     0.0
 Etot   =    -37931.2625  EKtot   =     10085.1582  EPtot      =    -48016.4207
 BOND   =       323.4936  ANGLE   =      1047.5887  DIHED      =      1362.7233
 1-4 NB =       466.7935  1-4 EEL =      6320.9189  VDWAALS    =      5460.4631
 EELEC  =    -63179.1445  EHBOND  =         0.0000  RESTRAINT  =       180.7426
 EAMBER (non-restraint)  =    -48197.1633
 ------------------------------------------------------------------------------

wrapping first mol.:       20.88048       29.52946       51.14652
wrapping first mol.:       20.88048       29.52946       51.14652

 NSTEP =     5000   TIME(PS) =     150.000  TEMP(K) =   296.14  PRESS =     0.0
 Etot   =    -37868.4809  EKtot   =      9894.3594  EPtot      =    -47762.8403
 BOND   =       351.6588  ANGLE   =      1042.6756  DIHED      =      1347.9042
 1-4 NB =       464.6395  1-4 EEL =      6340.3760  VDWAALS    =      5265.9738
 EELEC  =    -62757.6476  EHBOND  =         0.0000  RESTRAINT  =       181.5794
 EAMBER (non-restraint)  =    -47944.4197
 ------------------------------------------------------------------------------

wrapping first mol.:       20.88048       29.52946       51.14652
wrapping first mol.:       20.88048       29.52946       51.14652

 NSTEP =     5500   TIME(PS) =     151.000  TEMP(K) =   295.29  PRESS =     0.0
 Etot   =    -38081.7480  EKtot   =      9865.8105  EPtot      =    -47947.5585
 BOND   =       326.2509  ANGLE   =       992.0153  DIHED      =      1350.2759
 1-4 NB =       479.6367  1-4 EEL =      6354.9097  VDWAALS    =      5246.3923
 EELEC  =    -62882.3659  EHBOND  =         0.0000  RESTRAINT  =       185.3267
 EAMBER (non-restraint)  =    -48132.8852
 ------------------------------------------------------------------------------

wrapping first mol.:       20.88048       29.52946       51.14652
wrapping first mol.:       20.88048       29.52946       51.14652

 NSTEP =     6000   TIME(PS) =     152.000  TEMP(K) =   302.40  PRESS =     0.0
 Etot   =    -37885.9639  EKtot   =     10103.4561  EPtot      =    -47989.4199
 BOND   =       328.2353  ANGLE   =      1057.5477  DIHED      =      1345.8356
 1-4 NB =       473.0412  1-4 EEL =      6349.4678  VDWAALS    =      5389.8674
 EELEC  =    -63123.5305  EHBOND  =         0.0000  RESTRAINT  =       190.1156
 EAMBER (non-restraint)  =    -48179.5355
 ------------------------------------------------------------------------------

wrapping first mol.:       20.88048       29.52946       51.14652
wrapping first mol.:       20.88048       29.52946       51.14652

 NSTEP =     6500   TIME(PS) =     153.000  TEMP(K) =   303.02  PRESS =     0.0
 Etot   =    -37820.4489  EKtot   =     10124.0264  EPtot      =    -47944.4753
 BOND   =       346.2880  ANGLE   =       981.2449  DIHED      =      1341.2466
 1-4 NB =       479.3713  1-4 EEL =      6367.1311  VDWAALS    =      5468.1110
 EELEC  =    -63099.4742  EHBOND  =         0.0000  RESTRAINT  =       171.6060
 EAMBER (non-restraint)  =    -48116.0813
 ------------------------------------------------------------------------------

wrapping first mol.:       20.88048       29.52946       51.14652
wrapping first mol.:       20.88048       29.52946       51.14652

 NSTEP =     7000   TIME(PS) =     154.000  TEMP(K) =   303.65  PRESS =     0.0
 Etot   =    -37754.3409  EKtot   =     10145.0352  EPtot      =    -47899.3760
 BOND   =       299.0404  ANGLE   =      1037.0216  DIHED      =      1356.6679
 1-4 NB =       461.4623  1-4 EEL =      6334.6415  VDWAALS    =      5388.8663
 EELEC  =    -62962.6667  EHBOND  =         0.0000  RESTRAINT  =       185.5908
 EAMBER (non-restraint)  =    -48084.9668
 ------------------------------------------------------------------------------

wrapping first mol.:       20.88048       29.52946       51.14652
wrapping first mol.:       20.88048       29.52946       51.14652

 NSTEP =     7500   TIME(PS) =     155.000  TEMP(K) =   297.10  PRESS =     0.0
 Etot   =    -37931.9852  EKtot   =      9926.1445  EPtot      =    -47858.1297
 BOND   =       334.6846  ANGLE   =      1084.0595  DIHED      =      1346.8112
 1-4 NB =       458.0406  1-4 EEL =      6307.0365  VDWAALS    =      5355.4246
 EELEC  =    -62935.0016  EHBOND  =         0.0000  RESTRAINT  =       190.8150
 EAMBER (non-restraint)  =    -48048.9447
 ------------------------------------------------------------------------------

wrapping first mol.:       20.88048       29.52946       51.14652
wrapping first mol.:       20.88048       29.52946       51.14652

 NSTEP =     8000   TIME(PS) =     156.000  TEMP(K) =   296.05  PRESS =     0.0
 Etot   =    -38069.6870  EKtot   =      9891.3105  EPtot      =    -47960.9975
 BOND   =       377.1184  ANGLE   =      1037.6707  DIHED      =      1348.5005
 1-4 NB =       462.3690  1-4 EEL =      6352.2335  VDWAALS    =      5275.6418
 EELEC  =    -62998.0708  EHBOND  =         0.0000  RESTRAINT  =       183.5393
 EAMBER (non-restraint)  =    -48144.5368
 ------------------------------------------------------------------------------

wrapping first mol.:       20.88048       29.52946       51.14652
wrapping first mol.:       20.88048       29.52946       51.14652

 NSTEP =     8500   TIME(PS) =     157.000  TEMP(K) =   298.34  PRESS =     0.0
 Etot   =    -37970.4972  EKtot   =      9967.8047  EPtot      =    -47938.3019
 BOND   =       332.7131  ANGLE   =      1056.0895  DIHED      =      1353.0535
 1-4 NB =       465.0394  1-4 EEL =      6319.8312  VDWAALS    =      5491.4969
 EELEC  =    -63147.9611  EHBOND  =         0.0000  RESTRAINT  =       191.4357
 EAMBER (non-restraint)  =    -48129.7375
 ------------------------------------------------------------------------------

wrapping first mol.:       20.88048       29.52946       51.14652
wrapping first mol.:       20.88048       29.52946       51.14652

 NSTEP =     9000   TIME(PS) =     158.000  TEMP(K) =   300.42  PRESS =     0.0
 Etot   =    -37813.5411  EKtot   =     10037.3955  EPtot      =    -47850.9366
 BOND   =       322.3257  ANGLE   =       966.7616  DIHED      =      1351.4335
 1-4 NB =       473.5004  1-4 EEL =      6361.2344  VDWAALS    =      5376.6833
 EELEC  =    -62877.4796  EHBOND  =         0.0000  RESTRAINT  =       174.6041
 EAMBER (non-restraint)  =    -48025.5408
 ------------------------------------------------------------------------------

wrapping first mol.:       20.88048       29.52946       51.14652
wrapping first mol.:       20.88048       29.52946       51.14652

 NSTEP =     9500   TIME(PS) =     159.000  TEMP(K) =   302.41  PRESS =     0.0
 Etot   =    -37776.2787  EKtot   =     10103.6426  EPtot      =    -47879.9213
 BOND   =       331.2211  ANGLE   =      1024.7000  DIHED      =      1339.7340
 1-4 NB =       460.8143  1-4 EEL =      6372.1702  VDWAALS    =      5440.9015
 EELEC  =    -63026.8073  EHBOND  =         0.0000  RESTRAINT  =       177.3449
 EAMBER (non-restraint)  =    -48057.2662
 ------------------------------------------------------------------------------

wrapping first mol.:       20.88048       29.52946       51.14652
wrapping first mol.:       20.88048       29.52946       51.14652

 NSTEP =    10000   TIME(PS) =     160.000  TEMP(K) =   297.63  PRESS =     0.0
 Etot   =    -37839.9907  EKtot   =      9944.1240  EPtot      =    -47784.1148
 BOND   =       331.9363  ANGLE   =      1022.6527  DIHED      =      1347.7849
 1-4 NB =       451.2604  1-4 EEL =      6370.0566  VDWAALS    =      5258.1981
 EELEC  =    -62768.5764  EHBOND  =         0.0000  RESTRAINT  =       202.5727
 EAMBER (non-restraint)  =    -47986.6874
 ------------------------------------------------------------------------------

wrapping first mol.:       20.88048       29.52946       51.14652
wrapping first mol.:       20.88048       29.52946       51.14652

 NSTEP =    10500   TIME(PS) =     161.000  TEMP(K) =   301.17  PRESS =     0.0
 Etot   =    -37958.9879  EKtot   =     10062.3135  EPtot      =    -48021.3014
 BOND   =       313.9640  ANGLE   =      1031.4091  DIHED      =      1374.2190
 1-4 NB =       463.9441  1-4 EEL =      6341.6792  VDWAALS    =      5313.4162
 EELEC  =    -63027.2080  EHBOND  =         0.0000  RESTRAINT  =       167.2751
 EAMBER (non-restraint)  =    -48188.5765
 ------------------------------------------------------------------------------

wrapping first mol.:       20.88048       29.52946       51.14652
wrapping first mol.:       20.88048       29.52946       51.14652

 NSTEP =    11000   TIME(PS) =     162.000  TEMP(K) =   303.04  PRESS =     0.0
 Etot   =    -37948.0298  EKtot   =     10124.6523  EPtot      =    -48072.6821
 BOND   =       335.1021  ANGLE   =      1007.0319  DIHED      =      1366.0273
 1-4 NB =       458.1009  1-4 EEL =      6333.3594  VDWAALS    =      5567.5034
 EELEC  =    -63330.4637  EHBOND  =         0.0000  RESTRAINT  =       190.6566
 EAMBER (non-restraint)  =    -48263.3387
 ------------------------------------------------------------------------------

wrapping first mol.:       20.88048       29.52946       51.14652
wrapping first mol.:       20.88048       29.52946       51.14652

 NSTEP =    11500   TIME(PS) =     163.000  TEMP(K) =   298.72  PRESS =     0.0
 Etot   =    -38044.5529  EKtot   =      9980.5791  EPtot      =    -48025.1320
 BOND   =       306.1146  ANGLE   =      1027.2692  DIHED      =      1348.1065
 1-4 NB =       455.1775  1-4 EEL =      6377.2072  VDWAALS    =      5204.7957
 EELEC  =    -62921.8255  EHBOND  =         0.0000  RESTRAINT  =       178.0229
 EAMBER (non-restraint)  =    -48203.1549
 ------------------------------------------------------------------------------

wrapping first mol.:       20.88048       29.52946       51.14652
wrapping first mol.:       20.88048       29.52946       51.14652

 NSTEP =    12000   TIME(PS) =     164.000  TEMP(K) =   299.23  PRESS =     0.0
 Etot   =    -37825.4584  EKtot   =      9997.5918  EPtot      =    -47823.0502
 BOND   =       329.1544  ANGLE   =      1015.6037  DIHED      =      1347.3323
 1-4 NB =       464.8209  1-4 EEL =      6345.7633  VDWAALS    =      5202.5170
 EELEC  =    -62722.9833  EHBOND  =         0.0000  RESTRAINT  =       194.7415
 EAMBER (non-restraint)  =    -48017.7917
 ------------------------------------------------------------------------------

wrapping first mol.:       20.88048       29.52946       51.14652
wrapping first mol.:       20.88048       29.52946       51.14652

 NSTEP =    12500   TIME(PS) =     165.000  TEMP(K) =   299.44  PRESS =     0.0
 Etot   =    -38068.9888  EKtot   =     10004.4004  EPtot      =    -48073.3892
 BOND   =       321.4230  ANGLE   =      1018.8698  DIHED      =      1339.9659
 1-4 NB =       461.8185  1-4 EEL =      6380.7114  VDWAALS    =      5307.1814
 EELEC  =    -63086.9168  EHBOND  =         0.0000  RESTRAINT  =       183.5575
 EAMBER (non-restraint)  =    -48256.9467
 ------------------------------------------------------------------------------

wrapping first mol.:       20.88048       29.52946       51.14652
wrapping first mol.:       20.88048       29.52946       51.14652

 NSTEP =    13000   TIME(PS) =     166.000  TEMP(K) =   301.22  PRESS =     0.0
 Etot   =    -37846.5491  EKtot   =     10063.8789  EPtot      =    -47910.4280
 BOND   =       347.5461  ANGLE   =      1037.8289  DIHED      =      1348.7196
 1-4 NB =       462.5625  1-4 EEL =      6327.2828  VDWAALS    =      5395.0147
 EELEC  =    -63025.1152  EHBOND  =         0.0000  RESTRAINT  =       195.7326
 EAMBER (non-restraint)  =    -48106.1606
 ------------------------------------------------------------------------------

wrapping first mol.:       20.88048       29.52946       51.14652
wrapping first mol.:       20.88048       29.52946       51.14652

 NSTEP =    13500   TIME(PS) =     167.000  TEMP(K) =   302.29  PRESS =     0.0
 Etot   =    -37822.4339  EKtot   =     10099.5918  EPtot      =    -47922.0257
 BOND   =       329.2534  ANGLE   =       987.3758  DIHED      =      1339.5267
 1-4 NB =       460.6067  1-4 EEL =      6361.2771  VDWAALS    =      5255.0485
 EELEC  =    -62838.1557  EHBOND  =         0.0000  RESTRAINT  =       183.0419
 EAMBER (non-restraint)  =    -48105.0676
 ------------------------------------------------------------------------------

wrapping first mol.:       20.88048       29.52946       51.14652
wrapping first mol.:       20.88048       29.52946       51.14652

 NSTEP =    14000   TIME(PS) =     168.000  TEMP(K) =   301.15  PRESS =     0.0
 Etot   =    -37803.3959  EKtot   =     10061.4648  EPtot      =    -47864.8607
 BOND   =       335.4469  ANGLE   =      1043.4327  DIHED      =      1346.5881
 1-4 NB =       471.1488  1-4 EEL =      6333.1292  VDWAALS    =      5300.7798
 EELEC  =    -62902.0461  EHBOND  =         0.0000  RESTRAINT  =       206.6599
 EAMBER (non-restraint)  =    -48071.5206
 ------------------------------------------------------------------------------

wrapping first mol.:       20.88048       29.52946       51.14652
wrapping first mol.:       20.88048       29.52946       51.14652

 NSTEP =    14500   TIME(PS) =     169.000  TEMP(K) =   302.27  PRESS =     0.0
 Etot   =    -37759.4843  EKtot   =     10099.0156  EPtot      =    -47858.5000
 BOND   =       314.9952  ANGLE   =      1032.4535  DIHED      =      1360.2911
 1-4 NB =       460.4610  1-4 EEL =      6361.1299  VDWAALS    =      5502.7123
 EELEC  =    -63065.8122  EHBOND  =         0.0000  RESTRAINT  =       175.2691
 EAMBER (non-restraint)  =    -48033.7691
 ------------------------------------------------------------------------------

wrapping first mol.:       20.88048       29.52946       51.14652
wrapping first mol.:       20.88048       29.52946       51.14652

 NSTEP =    15000   TIME(PS) =     170.000  TEMP(K) =   305.52  PRESS =     0.0
 Etot   =    -37722.0234  EKtot   =     10207.6768  EPtot      =    -47929.7001
 BOND   =       335.4685  ANGLE   =      1025.4888  DIHED      =      1367.7781
 1-4 NB =       451.5472  1-4 EEL =      6315.0689  VDWAALS    =      5341.2285
 EELEC  =    -62957.3619  EHBOND  =         0.0000  RESTRAINT  =       191.0817
 EAMBER (non-restraint)  =    -48120.7818
 ------------------------------------------------------------------------------

wrapping first mol.:       20.88048       29.52946       51.14652
wrapping first mol.:       20.88048       29.52946       51.14652

 NSTEP =    15500   TIME(PS) =     171.000  TEMP(K) =   298.73  PRESS =     0.0
 Etot   =    -38033.7812  EKtot   =      9980.8047  EPtot      =    -48014.5858
 BOND   =       322.5238  ANGLE   =      1038.4939  DIHED      =      1339.5021
 1-4 NB =       463.6469  1-4 EEL =      6316.6591  VDWAALS    =      5479.2046
 EELEC  =    -63146.9144  EHBOND  =         0.0000  RESTRAINT  =       172.2981
 EAMBER (non-restraint)  =    -48186.8839
 ------------------------------------------------------------------------------

wrapping first mol.:       20.88048       29.52946       51.14652
wrapping first mol.:       20.88048       29.52946       51.14652

 NSTEP =    16000   TIME(PS) =     172.000  TEMP(K) =   296.76  PRESS =     0.0
 Etot   =    -37950.2840  EKtot   =      9914.9131  EPtot      =    -47865.1971
 BOND   =       343.4651  ANGLE   =       991.1162  DIHED      =      1343.8787
 1-4 NB =       458.7071  1-4 EEL =      6369.6358  VDWAALS    =      5310.5862
 EELEC  =    -62868.3678  EHBOND  =         0.0000  RESTRAINT  =       185.7817
 EAMBER (non-restraint)  =    -48050.9787
 ------------------------------------------------------------------------------

wrapping first mol.:       20.88048       29.52946       51.14652
wrapping first mol.:       20.88048       29.52946       51.14652

 NSTEP =    16500   TIME(PS) =     173.000  TEMP(K) =   302.62  PRESS =     0.0
 Etot   =    -37625.7955  EKtot   =     10110.8398  EPtot      =    -47736.6353
 BOND   =       343.2139  ANGLE   =      1031.3160  DIHED      =      1349.0089
 1-4 NB =       465.5330  1-4 EEL =      6393.9249  VDWAALS    =      5178.3051
 EELEC  =    -62694.2333  EHBOND  =         0.0000  RESTRAINT  =       196.2962
 EAMBER (non-restraint)  =    -47932.9315
 ------------------------------------------------------------------------------

wrapping first mol.:       20.88048       29.52946       51.14652
wrapping first mol.:       20.88048       29.52946       51.14652

 NSTEP =    17000   TIME(PS) =     174.000  TEMP(K) =   301.18  PRESS =     0.0
 Etot   =    -37844.8414  EKtot   =     10062.6523  EPtot      =    -47907.4937
 BOND   =       342.5213  ANGLE   =       997.7575  DIHED      =      1360.3856
 1-4 NB =       465.8855  1-4 EEL =      6345.6067  VDWAALS    =      5253.3146
 EELEC  =    -62862.2111  EHBOND  =         0.0000  RESTRAINT  =       189.2461
 EAMBER (non-restraint)  =    -48096.7398
 ------------------------------------------------------------------------------

wrapping first mol.:       20.88048       29.52946       51.14652
wrapping first mol.:       20.88048       29.52946       51.14652

 NSTEP =    17500   TIME(PS) =     175.000  TEMP(K) =   302.32  PRESS =     0.0
 Etot   =    -37985.7247  EKtot   =     10100.7539  EPtot      =    -48086.4786
 BOND   =       329.0130  ANGLE   =      1011.8952  DIHED      =      1336.8581
 1-4 NB =       468.5747  1-4 EEL =      6349.3633  VDWAALS    =      5305.1749
 EELEC  =    -63068.0047  EHBOND  =         0.0000  RESTRAINT  =       180.6469
 EAMBER (non-restraint)  =    -48267.1255
 ------------------------------------------------------------------------------

wrapping first mol.:       20.88048       29.52946       51.14652
wrapping first mol.:       20.88048       29.52946       51.14652

 NSTEP =    18000   TIME(PS) =     176.000  TEMP(K) =   304.75  PRESS =     0.0
 Etot   =    -37686.4057  EKtot   =     10181.9814  EPtot      =    -47868.3872
 BOND   =       317.1923  ANGLE   =       979.3901  DIHED      =      1356.6387
 1-4 NB =       451.7618  1-4 EEL =      6351.5661  VDWAALS    =      5284.6912
 EELEC  =    -62797.3712  EHBOND  =         0.0000  RESTRAINT  =       187.7438
 EAMBER (non-restraint)  =    -48056.1310
 ------------------------------------------------------------------------------

wrapping first mol.:       20.88048       29.52946       51.14652
wrapping first mol.:       20.88048       29.52946       51.14652

 NSTEP =    18500   TIME(PS) =     177.000  TEMP(K) =   298.17  PRESS =     0.0
 Etot   =    -38141.7201  EKtot   =      9962.2051  EPtot      =    -48103.9252
 BOND   =       355.6075  ANGLE   =      1003.4432  DIHED      =      1321.3795
 1-4 NB =       464.5303  1-4 EEL =      6360.0040  VDWAALS    =      5371.3376
 EELEC  =    -63166.0609  EHBOND  =         0.0000  RESTRAINT  =       185.8336
 EAMBER (non-restraint)  =    -48289.7587
 ------------------------------------------------------------------------------

wrapping first mol.:       20.88048       29.52946       51.14652
wrapping first mol.:       20.88048       29.52946       51.14652

 NSTEP =    19000   TIME(PS) =     178.000  TEMP(K) =   297.38  PRESS =     0.0
 Etot   =    -38086.9235  EKtot   =      9935.7305  EPtot      =    -48022.6539
 BOND   =       325.0351  ANGLE   =       996.4237  DIHED      =      1349.0402
 1-4 NB =       459.0646  1-4 EEL =      6358.5817  VDWAALS    =      5284.4444
 EELEC  =    -62985.0257  EHBOND  =         0.0000  RESTRAINT  =       189.7821
 EAMBER (non-restraint)  =    -48212.4360
 ------------------------------------------------------------------------------

wrapping first mol.:       20.88048       29.52946       51.14652
wrapping first mol.:       20.88048       29.52946       51.14652

 NSTEP =    19500   TIME(PS) =     179.000  TEMP(K) =   298.42  PRESS =     0.0
 Etot   =    -38083.9510  EKtot   =      9970.5137  EPtot      =    -48054.4647
 BOND   =       336.5169  ANGLE   =       971.5392  DIHED      =      1340.6578
 1-4 NB =       465.0914  1-4 EEL =      6333.9061  VDWAALS    =      5393.4528
 EELEC  =    -63081.3007  EHBOND  =         0.0000  RESTRAINT  =       185.6717
 EAMBER (non-restraint)  =    -48240.1365
 ------------------------------------------------------------------------------

wrapping first mol.:       20.88048       29.52946       51.14652
wrapping first mol.:       20.88048       29.52946       51.14652

 NSTEP =    20000   TIME(PS) =     180.000  TEMP(K) =   300.19  PRESS =     0.0
 Etot   =    -37961.5163  EKtot   =     10029.4121  EPtot      =    -47990.9284
 BOND   =       340.6725  ANGLE   =      1007.4775  DIHED      =      1346.3182
 1-4 NB =       478.7503  1-4 EEL =      6347.7727  VDWAALS    =      5265.7560
 EELEC  =    -62952.1053  EHBOND  =         0.0000  RESTRAINT  =       174.4296
 EAMBER (non-restraint)  =    -48165.3581
 ------------------------------------------------------------------------------

wrapping first mol.:       20.88048       29.52946       51.14652
wrapping first mol.:       20.88048       29.52946       51.14652

 NSTEP =    20500   TIME(PS) =     181.000  TEMP(K) =   303.93  PRESS =     0.0
 Etot   =    -37884.0880  EKtot   =     10154.5469  EPtot      =    -48038.6349
 BOND   =       349.4612  ANGLE   =      1010.8048  DIHED      =      1345.1762
 1-4 NB =       464.3198  1-4 EEL =      6347.5497  VDWAALS    =      5400.3670
 EELEC  =    -63153.9665  EHBOND  =         0.0000  RESTRAINT  =       197.6529
 EAMBER (non-restraint)  =    -48236.2878
 ------------------------------------------------------------------------------

wrapping first mol.:       20.88048       29.52946       51.14652
wrapping first mol.:       20.88048       29.52946       51.14652

 NSTEP =    21000   TIME(PS) =     182.000  TEMP(K) =   300.80  PRESS =     0.0
 Etot   =    -37845.6126  EKtot   =     10049.9160  EPtot      =    -47895.5286
 BOND   =       351.2932  ANGLE   =      1041.4188  DIHED      =      1350.2817
 1-4 NB =       472.8343  1-4 EEL =      6363.0133  VDWAALS    =      5262.1565
 EELEC  =    -62920.8078  EHBOND  =         0.0000  RESTRAINT  =       184.2814
 EAMBER (non-restraint)  =    -48079.8100
 ------------------------------------------------------------------------------

wrapping first mol.:       20.88048       29.52946       51.14652
wrapping first mol.:       20.88048       29.52946       51.14652

 NSTEP =    21500   TIME(PS) =     183.000  TEMP(K) =   300.22  PRESS =     0.0
 Etot   =    -37931.5858  EKtot   =     10030.4971  EPtot      =    -47962.0828
 BOND   =       325.2410  ANGLE   =      1025.4622  DIHED      =      1363.2270
 1-4 NB =       467.6444  1-4 EEL =      6344.9708  VDWAALS    =      5534.5150
 EELEC  =    -63219.8610  EHBOND  =         0.0000  RESTRAINT  =       196.7177
 EAMBER (non-restraint)  =    -48158.8005
 ------------------------------------------------------------------------------

wrapping first mol.:       20.88048       29.52946       51.14652
wrapping first mol.:       20.88048       29.52946       51.14652

 NSTEP =    22000   TIME(PS) =     184.000  TEMP(K) =   299.00  PRESS =     0.0
 Etot   =    -38069.6691  EKtot   =      9989.8701  EPtot      =    -48059.5392
 BOND   =       318.3179  ANGLE   =      1035.7256  DIHED      =      1363.6525
 1-4 NB =       453.8018  1-4 EEL =      6354.0732  VDWAALS    =      5508.0419
 EELEC  =    -63269.8166  EHBOND  =         0.0000  RESTRAINT  =       176.6645
 EAMBER (non-restraint)  =    -48236.2037
 ------------------------------------------------------------------------------

wrapping first mol.:       20.88048       29.52946       51.14652
wrapping first mol.:       20.88048       29.52946       51.14652

 NSTEP =    22500   TIME(PS) =     185.000  TEMP(K) =   301.02  PRESS =     0.0
 Etot   =    -37964.9772  EKtot   =     10057.3711  EPtot      =    -48022.3483
 BOND   =       314.3524  ANGLE   =      1046.2715  DIHED      =      1350.1155
 1-4 NB =       471.8903  1-4 EEL =      6346.0750  VDWAALS    =      5319.3458
 EELEC  =    -63060.8169  EHBOND  =         0.0000  RESTRAINT  =       190.4182
 EAMBER (non-restraint)  =    -48212.7664
 ------------------------------------------------------------------------------

wrapping first mol.:       20.88048       29.52946       51.14652
wrapping first mol.:       20.88048       29.52946       51.14652

 NSTEP =    23000   TIME(PS) =     186.000  TEMP(K) =   299.43  PRESS =     0.0
 Etot   =    -38017.0155  EKtot   =     10003.9961  EPtot      =    -48021.0116
 BOND   =       302.2741  ANGLE   =      1044.8169  DIHED      =      1348.8419
 1-4 NB =       465.4096  1-4 EEL =      6345.1115  VDWAALS    =      5255.6009
 EELEC  =    -62958.2826  EHBOND  =         0.0000  RESTRAINT  =       175.2161
 EAMBER (non-restraint)  =    -48196.2277
 ------------------------------------------------------------------------------

wrapping first mol.:       20.88048       29.52946       51.14652
wrapping first mol.:       20.88048       29.52946       51.14652

 NSTEP =    23500   TIME(PS) =     187.000  TEMP(K) =   300.46  PRESS =     0.0
 Etot   =    -37992.1036  EKtot   =     10038.5771  EPtot      =    -48030.6807
 BOND   =       345.9256  ANGLE   =      1015.0036  DIHED      =      1352.2028
 1-4 NB =       467.8125  1-4 EEL =      6361.1910  VDWAALS    =      5455.5307
 EELEC  =    -63209.2131  EHBOND  =         0.0000  RESTRAINT  =       180.8660
 EAMBER (non-restraint)  =    -48211.5468
 ------------------------------------------------------------------------------

wrapping first mol.:       20.88048       29.52946       51.14652
wrapping first mol.:       20.88048       29.52946       51.14652

 NSTEP =    24000   TIME(PS) =     188.000  TEMP(K) =   300.70  PRESS =     0.0
 Etot   =    -37909.6118  EKtot   =     10046.4902  EPtot      =    -47956.1020
 BOND   =       333.0758  ANGLE   =       979.5364  DIHED      =      1365.5400
 1-4 NB =       459.9898  1-4 EEL =      6346.1214  VDWAALS    =      5458.3226
 EELEC  =    -63083.3457  EHBOND  =         0.0000  RESTRAINT  =       184.6578
 EAMBER (non-restraint)  =    -48140.7598
 ------------------------------------------------------------------------------

wrapping first mol.:       20.88048       29.52946       51.14652
wrapping first mol.:       20.88048       29.52946       51.14652

 NSTEP =    24500   TIME(PS) =     189.000  TEMP(K) =   299.75  PRESS =     0.0
 Etot   =    -38067.7609  EKtot   =     10014.7559  EPtot      =    -48082.5167
 BOND   =       313.6430  ANGLE   =      1063.8401  DIHED      =      1350.0964
 1-4 NB =       473.3620  1-4 EEL =      6359.7345  VDWAALS    =      5508.0626
 EELEC  =    -63340.2890  EHBOND  =         0.0000  RESTRAINT  =       189.0336
 EAMBER (non-restraint)  =    -48271.5503
 ------------------------------------------------------------------------------

wrapping first mol.:       20.88048       29.52946       51.14652
wrapping first mol.:       20.88048       29.52946       51.14652

 NSTEP =    25000   TIME(PS) =     190.000  TEMP(K) =   294.54  PRESS =     0.0
 Etot   =    -38034.9881  EKtot   =      9840.7168  EPtot      =    -47875.7049
 BOND   =       344.4128  ANGLE   =      1031.5835  DIHED      =      1366.9828
 1-4 NB =       459.4244  1-4 EEL =      6378.3076  VDWAALS    =      5354.1306
 EELEC  =    -63001.2315  EHBOND  =         0.0000  RESTRAINT  =       190.6850
 EAMBER (non-restraint)  =    -48066.3899
 ------------------------------------------------------------------------------

wrapping first mol.:       20.88048       29.52946       51.14652
wrapping first mol.:       20.88048       29.52946       51.14652

 NSTEP =    25500   TIME(PS) =     191.000  TEMP(K) =   297.30  PRESS =     0.0
 Etot   =    -38084.3196  EKtot   =      9932.9648  EPtot      =    -48017.2844
 BOND   =       340.5635  ANGLE   =      1051.3444  DIHED      =      1349.6777
 1-4 NB =       455.0685  1-4 EEL =      6342.6674  VDWAALS    =      5374.2471
 EELEC  =    -63130.6072  EHBOND  =         0.0000  RESTRAINT  =       199.7543
 EAMBER (non-restraint)  =    -48217.0387
 ------------------------------------------------------------------------------

wrapping first mol.:       20.88048       29.52946       51.14652
wrapping first mol.:       20.88048       29.52946       51.14652

 NSTEP =    26000   TIME(PS) =     192.000  TEMP(K) =   300.20  PRESS =     0.0
 Etot   =    -37985.6038  EKtot   =     10030.0381  EPtot      =    -48015.6419
 BOND   =       332.5465  ANGLE   =      1027.1962  DIHED      =      1351.2130
 1-4 NB =       465.9669  1-4 EEL =      6349.2560  VDWAALS    =      5367.3358
 EELEC  =    -63090.2062  EHBOND  =         0.0000  RESTRAINT  =       181.0500
 EAMBER (non-restraint)  =    -48196.6919
 ------------------------------------------------------------------------------

wrapping first mol.:       20.88048       29.52946       51.14652
wrapping first mol.:       20.88048       29.52946       51.14652

 NSTEP =    26500   TIME(PS) =     193.000  TEMP(K) =   298.61  PRESS =     0.0
 Etot   =    -37757.5850  EKtot   =      9976.8711  EPtot      =    -47734.4561
 BOND   =       320.1585  ANGLE   =      1067.6249  DIHED      =      1355.3847
 1-4 NB =       461.7102  1-4 EEL =      6375.4550  VDWAALS    =      5378.4668
 EELEC  =    -62881.7905  EHBOND  =         0.0000  RESTRAINT  =       188.5344
 EAMBER (non-restraint)  =    -47922.9905
 ------------------------------------------------------------------------------

wrapping first mol.:       20.88048       29.52946       51.14652
wrapping first mol.:       20.88048       29.52946       51.14652

 NSTEP =    27000   TIME(PS) =     194.000  TEMP(K) =   299.13  PRESS =     0.0
 Etot   =    -38013.5179  EKtot   =      9994.1924  EPtot      =    -48007.7103
 BOND   =       351.8500  ANGLE   =      1007.2790  DIHED      =      1343.1041
 1-4 NB =       456.2150  1-4 EEL =      6334.6561  VDWAALS    =      5254.1622
 EELEC  =    -62936.2813  EHBOND  =         0.0000  RESTRAINT  =       181.3045
 EAMBER (non-restraint)  =    -48189.0149
 ------------------------------------------------------------------------------

wrapping first mol.:       20.88048       29.52946       51.14652
wrapping first mol.:       20.88048       29.52946       51.14652

 NSTEP =    27500   TIME(PS) =     195.000  TEMP(K) =   295.77  PRESS =     0.0
 Etot   =    -38236.1094  EKtot   =      9881.8682  EPtot      =    -48117.9776
 BOND   =       325.7765  ANGLE   =      1008.9617  DIHED      =      1353.8061
 1-4 NB =       470.5559  1-4 EEL =      6356.9037  VDWAALS    =      5205.8634
 EELEC  =    -63026.5691  EHBOND  =         0.0000  RESTRAINT  =       186.7242
 EAMBER (non-restraint)  =    -48304.7018
 ------------------------------------------------------------------------------

wrapping first mol.:       20.88048       29.52946       51.14652
wrapping first mol.:       20.88048       29.52946       51.14652

 NSTEP =    28000   TIME(PS) =     196.000  TEMP(K) =   300.61  PRESS =     0.0
 Etot   =    -38135.1856  EKtot   =     10043.6377  EPtot      =    -48178.8233
 BOND   =       322.9680  ANGLE   =      1004.2161  DIHED      =      1349.8459
 1-4 NB =       468.5383  1-4 EEL =      6360.6777  VDWAALS    =      5488.0030
 EELEC  =    -63352.2799  EHBOND  =         0.0000  RESTRAINT  =       179.2077
 EAMBER (non-restraint)  =    -48358.0309
 ------------------------------------------------------------------------------

wrapping first mol.:       20.88048       29.52946       51.14652
wrapping first mol.:       20.88048       29.52946       51.14652

 NSTEP =    28500   TIME(PS) =     197.000  TEMP(K) =   299.03  PRESS =     0.0
 Etot   =    -38088.5529  EKtot   =      9990.9395  EPtot      =    -48079.4923
 BOND   =       340.4298  ANGLE   =       997.8535  DIHED      =      1360.4929
 1-4 NB =       462.8666  1-4 EEL =      6357.2707  VDWAALS    =      5372.7824
 EELEC  =    -63168.4759  EHBOND  =         0.0000  RESTRAINT  =       197.2878
 EAMBER (non-restraint)  =    -48276.7801
 ------------------------------------------------------------------------------

wrapping first mol.:       20.88048       29.52946       51.14652
wrapping first mol.:       20.88048       29.52946       51.14652

 NSTEP =    29000   TIME(PS) =     198.000  TEMP(K) =   297.36  PRESS =     0.0
 Etot   =    -38203.5723  EKtot   =      9934.9512  EPtot      =    -48138.5235
 BOND   =       320.8378  ANGLE   =      1020.6359  DIHED      =      1342.9744
 1-4 NB =       455.5113  1-4 EEL =      6341.2098  VDWAALS    =      5424.9757
 EELEC  =    -63232.5383  EHBOND  =         0.0000  RESTRAINT  =       187.8700
 EAMBER (non-restraint)  =    -48326.3935
 ------------------------------------------------------------------------------

wrapping first mol.:       20.88048       29.52946       51.14652
wrapping first mol.:       20.88048       29.52946       51.14652

 NSTEP =    29500   TIME(PS) =     199.000  TEMP(K) =   301.54  PRESS =     0.0
 Etot   =    -38119.4712  EKtot   =     10074.6621  EPtot      =    -48194.1333
 BOND   =       314.2432  ANGLE   =      1074.7511  DIHED      =      1351.1123
 1-4 NB =       465.0937  1-4 EEL =      6337.8191  VDWAALS    =      5210.0463
 EELEC  =    -63130.3054  EHBOND  =         0.0000  RESTRAINT  =       183.1064
 EAMBER (non-restraint)  =    -48377.2397
 ------------------------------------------------------------------------------

wrapping first mol.:       20.88048       29.52946       51.14652
wrapping first mol.:       20.88048       29.52946       51.14652

 NSTEP =    30000   TIME(PS) =     200.000  TEMP(K) =   297.47  PRESS =     0.0
 Etot   =    -38204.8950  EKtot   =      9938.8076  EPtot      =    -48143.7026
 BOND   =       333.4840  ANGLE   =      1073.5563  DIHED      =      1364.2090
 1-4 NB =       452.0846  1-4 EEL =      6345.2431  VDWAALS    =      5352.8098
 EELEC  =    -63252.5120  EHBOND  =         0.0000  RESTRAINT  =       187.4227
 EAMBER (non-restraint)  =    -48331.1253
 ------------------------------------------------------------------------------

wrapping first mol.:       20.88048       29.52946       51.14652
wrapping first mol.:       20.88048       29.52946       51.14652

 NSTEP =    30500   TIME(PS) =     201.000  TEMP(K) =   301.02  PRESS =     0.0
 Etot   =    -38067.0056  EKtot   =     10057.3047  EPtot      =    -48124.3103
 BOND   =       330.1877  ANGLE   =      1033.4007  DIHED      =      1373.1864
 1-4 NB =       447.0029  1-4 EEL =      6323.7486  VDWAALS    =      5497.8574
 EELEC  =    -63308.0089  EHBOND  =         0.0000  RESTRAINT  =       178.3147
 EAMBER (non-restraint)  =    -48302.6250
 ------------------------------------------------------------------------------

wrapping first mol.:       20.88048       29.52946       51.14652
wrapping first mol.:       20.88048       29.52946       51.14652

 NSTEP =    31000   TIME(PS) =     202.000  TEMP(K) =   295.30  PRESS =     0.0
 Etot   =    -38167.4978  EKtot   =      9866.1230  EPtot      =    -48033.6209
 BOND   =       346.3520  ANGLE   =      1042.6034  DIHED      =      1369.6578
 1-4 NB =       460.3636  1-4 EEL =      6318.5922  VDWAALS    =      5439.1880
 EELEC  =    -63201.6461  EHBOND  =         0.0000  RESTRAINT  =       191.2681
 EAMBER (non-restraint)  =    -48224.8890
 ------------------------------------------------------------------------------

wrapping first mol.:       20.88048       29.52946       51.14652
wrapping first mol.:       20.88048       29.52946       51.14652

 NSTEP =    31500   TIME(PS) =     203.000  TEMP(K) =   300.74  PRESS =     0.0
 Etot   =    -37907.8512  EKtot   =     10047.9248  EPtot      =    -47955.7760
 BOND   =       314.5912  ANGLE   =      1055.1636  DIHED      =      1367.1081
 1-4 NB =       465.7888  1-4 EEL =      6354.1308  VDWAALS    =      5482.5647
 EELEC  =    -63181.5195  EHBOND  =         0.0000  RESTRAINT  =       186.3963
 EAMBER (non-restraint)  =    -48142.1724
 ------------------------------------------------------------------------------

wrapping first mol.:       20.88048       29.52946       51.14652
wrapping first mol.:       20.88048       29.52946       51.14652

 NSTEP =    32000   TIME(PS) =     204.000  TEMP(K) =   295.18  PRESS =     0.0
 Etot   =    -38262.9635  EKtot   =      9862.2236  EPtot      =    -48125.1871
 BOND   =       324.7096  ANGLE   =      1010.6217  DIHED      =      1346.8842
 1-4 NB =       459.8275  1-4 EEL =      6349.7702  VDWAALS    =      5515.1204
 EELEC  =    -63326.2385  EHBOND  =         0.0000  RESTRAINT  =       194.1178
 EAMBER (non-restraint)  =    -48319.3050
 ------------------------------------------------------------------------------

wrapping first mol.:       20.88048       29.52946       51.14652
wrapping first mol.:       20.88048       29.52946       51.14652

 NSTEP =    32500   TIME(PS) =     205.000  TEMP(K) =   300.22  PRESS =     0.0
 Etot   =    -38133.7375  EKtot   =     10030.5654  EPtot      =    -48164.3029
 BOND   =       299.3498  ANGLE   =      1068.8343  DIHED      =      1353.8008
 1-4 NB =       459.8997  1-4 EEL =      6356.4604  VDWAALS    =      5605.1981
 EELEC  =    -63496.0118  EHBOND  =         0.0000  RESTRAINT  =       188.1658
 EAMBER (non-restraint)  =    -48352.4687
 ------------------------------------------------------------------------------

wrapping first mol.:       20.88048       29.52946       51.14652
wrapping first mol.:       20.88048       29.52946       51.14652

 NSTEP =    33000   TIME(PS) =     206.000  TEMP(K) =   301.52  PRESS =     0.0
 Etot   =    -38027.6047  EKtot   =     10073.9854  EPtot      =    -48101.5900
 BOND   =       361.5116  ANGLE   =       993.9772  DIHED      =      1341.1707
 1-4 NB =       444.8512  1-4 EEL =      6355.7328  VDWAALS    =      5385.0660
 EELEC  =    -63166.6564  EHBOND  =         0.0000  RESTRAINT  =       182.7568
 EAMBER (non-restraint)  =    -48284.3468
 ------------------------------------------------------------------------------

wrapping first mol.:       20.88048       29.52946       51.14652
wrapping first mol.:       20.88048       29.52946       51.14652

 NSTEP =    33500   TIME(PS) =     207.000  TEMP(K) =   302.14  PRESS =     0.0
 Etot   =    -37826.9047  EKtot   =     10094.5518  EPtot      =    -47921.4564
 BOND   =       335.2404  ANGLE   =       992.7821  DIHED      =      1338.2528
 1-4 NB =       467.4762  1-4 EEL =      6375.5905  VDWAALS    =      5231.8555
 EELEC  =    -62856.7249  EHBOND  =         0.0000  RESTRAINT  =       194.0711
 EAMBER (non-restraint)  =    -48115.5275
 ------------------------------------------------------------------------------

wrapping first mol.:       20.88048       29.52946       51.14652
wrapping first mol.:       20.88048       29.52946       51.14652

 NSTEP =    34000   TIME(PS) =     208.000  TEMP(K) =   298.13  PRESS =     0.0
 Etot   =    -38155.4128  EKtot   =      9960.5869  EPtot      =    -48115.9998
 BOND   =       330.1621  ANGLE   =      1021.1259  DIHED      =      1357.7645
 1-4 NB =       459.2801  1-4 EEL =      6351.3406  VDWAALS    =      5474.9051
 EELEC  =    -63316.0001  EHBOND  =         0.0000  RESTRAINT  =       205.4220
 EAMBER (non-restraint)  =    -48321.4218
 ------------------------------------------------------------------------------

wrapping first mol.:       20.88048       29.52946       51.14652
wrapping first mol.:       20.88048       29.52946       51.14652

 NSTEP =    34500   TIME(PS) =     209.000  TEMP(K) =   303.51  PRESS =     0.0
 Etot   =    -38062.2316  EKtot   =     10140.4463  EPtot      =    -48202.6779
 BOND   =       331.6459  ANGLE   =      1001.4974  DIHED      =      1344.1726
 1-4 NB =       447.1192  1-4 EEL =      6329.6803  VDWAALS    =      5380.3256
 EELEC  =    -63224.8969  EHBOND  =         0.0000  RESTRAINT  =       187.7779
 EAMBER (non-restraint)  =    -48390.4558
 ------------------------------------------------------------------------------

wrapping first mol.:       20.88048       29.52946       51.14652
wrapping first mol.:       20.88048       29.52946       51.14652

 NSTEP =    35000   TIME(PS) =     210.000  TEMP(K) =   295.25  PRESS =     0.0
 Etot   =    -38204.8184  EKtot   =      9864.4385  EPtot      =    -48069.2569
 BOND   =       354.1219  ANGLE   =      1006.3726  DIHED      =      1348.2130
 1-4 NB =       460.5791  1-4 EEL =      6368.6153  VDWAALS    =      5477.5581
 EELEC  =    -63281.1908  EHBOND  =         0.0000  RESTRAINT  =       196.4739
 EAMBER (non-restraint)  =    -48265.7308
 ------------------------------------------------------------------------------

wrapping first mol.:       20.88048       29.52946       51.14652
wrapping first mol.:       20.88048       29.52946       51.14652

 NSTEP =    35500   TIME(PS) =     211.000  TEMP(K) =   298.61  PRESS =     0.0
 Etot   =    -37816.9353  EKtot   =      9976.8506  EPtot      =    -47793.7859
 BOND   =       337.1134  ANGLE   =      1069.8169  DIHED      =      1359.4729
 1-4 NB =       470.9643  1-4 EEL =      6351.1729  VDWAALS    =      5528.0846
 EELEC  =    -63091.8552  EHBOND  =         0.0000  RESTRAINT  =       181.4443
 EAMBER (non-restraint)  =    -47975.2302
 ------------------------------------------------------------------------------

wrapping first mol.:       20.88048       29.52946       51.14652
wrapping first mol.:       20.88048       29.52946       51.14652

 NSTEP =    36000   TIME(PS) =     212.000  TEMP(K) =   305.11  PRESS =     0.0
 Etot   =    -37775.1552  EKtot   =     10193.9336  EPtot      =    -47969.0888
 BOND   =       334.8794  ANGLE   =      1017.5722  DIHED      =      1369.3778
 1-4 NB =       464.1794  1-4 EEL =      6345.4182  VDWAALS    =      5283.2559
 EELEC  =    -62982.4345  EHBOND  =         0.0000  RESTRAINT  =       198.6627
 EAMBER (non-restraint)  =    -48167.7515
 ------------------------------------------------------------------------------

wrapping first mol.:       20.88048       29.52946       51.14652
wrapping first mol.:       20.88048       29.52946       51.14652

 NSTEP =    36500   TIME(PS) =     213.000  TEMP(K) =   305.32  PRESS =     0.0
 Etot   =    -37825.4606  EKtot   =     10200.9004  EPtot      =    -48026.3610
 BOND   =       312.6337  ANGLE   =      1057.3841  DIHED      =      1334.9660
 1-4 NB =       473.5763  1-4 EEL =      6355.8202  VDWAALS    =      5399.7035
 EELEC  =    -63168.7087  EHBOND  =         0.0000  RESTRAINT  =       208.2640
 EAMBER (non-restraint)  =    -48234.6250
 ------------------------------------------------------------------------------

wrapping first mol.:       20.88048       29.52946       51.14652
wrapping first mol.:       20.88048       29.52946       51.14652

 NSTEP =    37000   TIME(PS) =     214.000  TEMP(K) =   298.28  PRESS =     0.0
 Etot   =    -38116.9246  EKtot   =      9965.7158  EPtot      =    -48082.6404
 BOND   =       343.4310  ANGLE   =      1036.6420  DIHED      =      1346.1695
 1-4 NB =       470.0389  1-4 EEL =      6340.4178  VDWAALS    =      5312.4659
 EELEC  =    -63123.8907  EHBOND  =         0.0000  RESTRAINT  =       192.0852
 EAMBER (non-restraint)  =    -48274.7256
 ------------------------------------------------------------------------------

wrapping first mol.:       20.88048       29.52946       51.14652
wrapping first mol.:       20.88048       29.52946       51.14652

 NSTEP =    37500   TIME(PS) =     215.000  TEMP(K) =   303.62  PRESS =     0.0
 Etot   =    -37776.1974  EKtot   =     10144.3066  EPtot      =    -47920.5041
 BOND   =       336.9559  ANGLE   =      1052.9517  DIHED      =      1358.9501
 1-4 NB =       460.2724  1-4 EEL =      6352.0345  VDWAALS    =      5138.9680
 EELEC  =    -62813.5005  EHBOND  =         0.0000  RESTRAINT  =       192.8638
 EAMBER (non-restraint)  =    -48113.3679
 ------------------------------------------------------------------------------

wrapping first mol.:       20.88048       29.52946       51.14652
wrapping first mol.:       20.88048       29.52946       51.14652

 NSTEP =    38000   TIME(PS) =     216.000  TEMP(K) =   306.12  PRESS =     0.0
 Etot   =    -37659.6953  EKtot   =     10227.5625  EPtot      =    -47887.2578
 BOND   =       353.5581  ANGLE   =      1099.9216  DIHED      =      1361.7125
 1-4 NB =       464.5835  1-4 EEL =      6298.8098  VDWAALS    =      5377.3998
 EELEC  =    -63037.2147  EHBOND  =         0.0000  RESTRAINT  =       193.9714
 EAMBER (non-restraint)  =    -48081.2293
 ------------------------------------------------------------------------------

wrapping first mol.:       20.88048       29.52946       51.14652
wrapping first mol.:       20.88048       29.52946       51.14652

 NSTEP =    38500   TIME(PS) =     217.000  TEMP(K) =   297.70  PRESS =     0.0
 Etot   =    -37817.6033  EKtot   =      9946.3555  EPtot      =    -47763.9588
 BOND   =       348.7246  ANGLE   =      1075.3213  DIHED      =      1351.4029
 1-4 NB =       459.3673  1-4 EEL =      6314.5127  VDWAALS    =      5395.6135
 EELEC  =    -62895.9816  EHBOND  =         0.0000  RESTRAINT  =       187.0805
 EAMBER (non-restraint)  =    -47951.0393
 ------------------------------------------------------------------------------

wrapping first mol.:       20.88048       29.52946       51.14652
wrapping first mol.:       20.88048       29.52946       51.14652

 NSTEP =    39000   TIME(PS) =     218.000  TEMP(K) =   299.33  PRESS =     0.0
 Etot   =    -37854.5215  EKtot   =     10000.7939  EPtot      =    -47855.3155
 BOND   =       349.1869  ANGLE   =      1047.7135  DIHED      =      1351.6505
 1-4 NB =       458.4015  1-4 EEL =      6292.2955  VDWAALS    =      5241.3113
 EELEC  =    -62778.2225  EHBOND  =         0.0000  RESTRAINT  =       182.3479
 EAMBER (non-restraint)  =    -48037.6634
 ------------------------------------------------------------------------------

wrapping first mol.:       20.88048       29.52946       51.14652
wrapping first mol.:       20.88048       29.52946       51.14652

 NSTEP =    39500   TIME(PS) =     219.000  TEMP(K) =   301.09  PRESS =     0.0
 Etot   =    -37930.9649  EKtot   =     10059.4717  EPtot      =    -47990.4366
 BOND   =       319.3614  ANGLE   =      1033.8047  DIHED      =      1360.1261
 1-4 NB =       447.6477  1-4 EEL =      6328.7130  VDWAALS    =      5388.7493
 EELEC  =    -63064.4660  EHBOND  =         0.0000  RESTRAINT  =       195.6272
 EAMBER (non-restraint)  =    -48186.0638
 ------------------------------------------------------------------------------

wrapping first mol.:       20.88048       29.52946       51.14652
wrapping first mol.:       20.88048       29.52946       51.14652

 NSTEP =    40000   TIME(PS) =     220.000  TEMP(K) =   300.84  PRESS =     0.0
 Etot   =    -37808.8680  EKtot   =     10051.1396  EPtot      =    -47860.0077
 BOND   =       335.2081  ANGLE   =      1025.7712  DIHED      =      1332.3203
 1-4 NB =       476.8922  1-4 EEL =      6330.0011  VDWAALS    =      5397.7105
 EELEC  =    -62965.4768  EHBOND  =         0.0000  RESTRAINT  =       207.5658
 EAMBER (non-restraint)  =    -48067.5734
 ------------------------------------------------------------------------------

wrapping first mol.:       20.88048       29.52946       51.14652
wrapping first mol.:       20.88048       29.52946       51.14652

 NSTEP =    40500   TIME(PS) =     221.000  TEMP(K) =   302.82  PRESS =     0.0
 Etot   =    -37875.8199  EKtot   =     10117.4209  EPtot      =    -47993.2408
 BOND   =       362.0116  ANGLE   =      1008.2649  DIHED      =      1362.5325
 1-4 NB =       458.7638  1-4 EEL =      6315.2055  VDWAALS    =      5438.0258
 EELEC  =    -63124.5281  EHBOND  =         0.0000  RESTRAINT  =       186.4832
 EAMBER (non-restraint)  =    -48179.7239
 ------------------------------------------------------------------------------

wrapping first mol.:       20.88048       29.52946       51.14652
wrapping first mol.:       20.88048       29.52946       51.14652

 NSTEP =    41000   TIME(PS) =     222.000  TEMP(K) =   296.54  PRESS =     0.0
 Etot   =    -38037.5596  EKtot   =      9907.5967  EPtot      =    -47945.1563
 BOND   =       313.1227  ANGLE   =      1018.8817  DIHED      =      1366.2093
 1-4 NB =       476.8300  1-4 EEL =      6287.3772  VDWAALS    =      5253.2069
 EELEC  =    -62850.7947  EHBOND  =         0.0000  RESTRAINT  =       190.0106
 EAMBER (non-restraint)  =    -48135.1670
 ------------------------------------------------------------------------------

wrapping first mol.:       20.88048       29.52946       51.14652
wrapping first mol.:       20.88048       29.52946       51.14652

 NSTEP =    41500   TIME(PS) =     223.000  TEMP(K) =   298.24  PRESS =     0.0
 Etot   =    -37992.7137  EKtot   =      9964.3125  EPtot      =    -47957.0262
 BOND   =       304.2856  ANGLE   =      1007.3732  DIHED      =      1350.3599
 1-4 NB =       482.0919  1-4 EEL =      6325.6401  VDWAALS    =      5197.7147
 EELEC  =    -62803.1250  EHBOND  =         0.0000  RESTRAINT  =       178.6333
 EAMBER (non-restraint)  =    -48135.6595
 ------------------------------------------------------------------------------

wrapping first mol.:       20.88048       29.52946       51.14652
wrapping first mol.:       20.88048       29.52946       51.14652

 NSTEP =    42000   TIME(PS) =     224.000  TEMP(K) =   301.92  PRESS =     0.0
 Etot   =    -37932.6466  EKtot   =     10087.2764  EPtot      =    -48019.9230
 BOND   =       308.6039  ANGLE   =      1016.2227  DIHED      =      1367.2477
 1-4 NB =       462.7489  1-4 EEL =      6331.1158  VDWAALS    =      5547.3663
 EELEC  =    -63234.7760  EHBOND  =         0.0000  RESTRAINT  =       181.5477
 EAMBER (non-restraint)  =    -48201.4707
 ------------------------------------------------------------------------------

wrapping first mol.:       20.88048       29.52946       51.14652
wrapping first mol.:       20.88048       29.52946       51.14652

 NSTEP =    42500   TIME(PS) =     225.000  TEMP(K) =   303.51  PRESS =     0.0
 Etot   =    -37931.1708  EKtot   =     10140.5859  EPtot      =    -48071.7567
 BOND   =       330.6796  ANGLE   =      1019.8841  DIHED      =      1357.8487
 1-4 NB =       471.6262  1-4 EEL =      6299.5974  VDWAALS    =      5311.8034
 EELEC  =    -63061.9094  EHBOND  =         0.0000  RESTRAINT  =       198.7133
 EAMBER (non-restraint)  =    -48270.4700
 ------------------------------------------------------------------------------

wrapping first mol.:       20.88048       29.52946       51.14652
wrapping first mol.:       20.88048       29.52946       51.14652

 NSTEP =    43000   TIME(PS) =     226.000  TEMP(K) =   296.89  PRESS =     0.0
 Etot   =    -38162.5221  EKtot   =      9919.4512  EPtot      =    -48081.9733
 BOND   =       324.1402  ANGLE   =      1078.4611  DIHED      =      1345.8099
 1-4 NB =       460.3916  1-4 EEL =      6349.5634  VDWAALS    =      5478.6714
 EELEC  =    -63298.8184  EHBOND  =         0.0000  RESTRAINT  =       179.8074
 EAMBER (non-restraint)  =    -48261.7807
 ------------------------------------------------------------------------------

wrapping first mol.:       20.88048       29.52946       51.14652
wrapping first mol.:       20.88048       29.52946       51.14652

 NSTEP =    43500   TIME(PS) =     227.000  TEMP(K) =   302.01  PRESS =     0.0
 Etot   =    -38155.1396  EKtot   =     10090.4902  EPtot      =    -48245.6298
 BOND   =       340.2025  ANGLE   =       989.8959  DIHED      =      1340.3257
 1-4 NB =       471.1847  1-4 EEL =      6325.8275  VDWAALS    =      5494.3524
 EELEC  =    -63399.2894  EHBOND  =         0.0000  RESTRAINT  =       191.8708
 EAMBER (non-restraint)  =    -48437.5006
 ------------------------------------------------------------------------------

wrapping first mol.:       20.88048       29.52946       51.14652
wrapping first mol.:       20.88048       29.52946       51.14652

 NSTEP =    44000   TIME(PS) =     228.000  TEMP(K) =   301.16  PRESS =     0.0
 Etot   =    -38014.3368  EKtot   =     10062.0732  EPtot      =    -48076.4100
 BOND   =       318.1806  ANGLE   =       992.5104  DIHED      =      1338.3214
 1-4 NB =       480.3761  1-4 EEL =      6332.4836  VDWAALS    =      5443.4290
 EELEC  =    -63182.0076  EHBOND  =         0.0000  RESTRAINT  =       200.2965
 EAMBER (non-restraint)  =    -48276.7065
 ------------------------------------------------------------------------------

wrapping first mol.:       20.88048       29.52946       51.14652
wrapping first mol.:       20.88048       29.52946       51.14652

 NSTEP =    44500   TIME(PS) =     229.000  TEMP(K) =   293.95  PRESS =     0.0
 Etot   =    -38165.0725  EKtot   =      9821.1436  EPtot      =    -47986.2160
 BOND   =       330.3806  ANGLE   =      1047.0642  DIHED      =      1351.7465
 1-4 NB =       458.1797  1-4 EEL =      6339.6137  VDWAALS    =      5435.7690
 EELEC  =    -63143.1948  EHBOND  =         0.0000  RESTRAINT  =       194.2250
 EAMBER (non-restraint)  =    -48180.4410
 ------------------------------------------------------------------------------

wrapping first mol.:       20.88048       29.52946       51.14652
wrapping first mol.:       20.88048       29.52946       51.14652

 NSTEP =    45000   TIME(PS) =     230.000  TEMP(K) =   299.65  PRESS =     0.0
 Etot   =    -37900.0937  EKtot   =     10011.6182  EPtot      =    -47911.7118
 BOND   =       344.1439  ANGLE   =      1048.0910  DIHED      =      1358.3052
 1-4 NB =       469.7084  1-4 EEL =      6329.3198  VDWAALS    =      5282.7338
 EELEC  =    -62934.5492  EHBOND  =         0.0000  RESTRAINT  =       190.5352
 EAMBER (non-restraint)  =    -48102.2471
 ------------------------------------------------------------------------------

wrapping first mol.:       20.88048       29.52946       51.14652
wrapping first mol.:       20.88048       29.52946       51.14652

 NSTEP =    45500   TIME(PS) =     231.000  TEMP(K) =   296.89  PRESS =     0.0
 Etot   =    -38201.9715  EKtot   =      9919.4414  EPtot      =    -48121.4129
 BOND   =       317.8417  ANGLE   =      1042.5759  DIHED      =      1351.3432
 1-4 NB =       475.7626  1-4 EEL =      6311.5690  VDWAALS    =      5321.8764
 EELEC  =    -63131.8724  EHBOND  =         0.0000  RESTRAINT  =       189.4905
 EAMBER (non-restraint)  =    -48310.9035
 ------------------------------------------------------------------------------

wrapping first mol.:       20.88048       29.52946       51.14652
wrapping first mol.:       20.88048       29.52946       51.14652

 NSTEP =    46000   TIME(PS) =     232.000  TEMP(K) =   297.65  PRESS =     0.0
 Etot   =    -38039.1930  EKtot   =      9944.7100  EPtot      =    -47983.9030
 BOND   =       316.7155  ANGLE   =      1007.6099  DIHED      =      1343.0338
 1-4 NB =       459.4280  1-4 EEL =      6341.0742  VDWAALS    =      5347.0931
 EELEC  =    -62968.6189  EHBOND  =         0.0000  RESTRAINT  =       169.7615
 EAMBER (non-restraint)  =    -48153.6644
 ------------------------------------------------------------------------------

wrapping first mol.:       20.88048       29.52946       51.14652
wrapping first mol.:       20.88048       29.52946       51.14652

 NSTEP =    46500   TIME(PS) =     233.000  TEMP(K) =   301.40  PRESS =     0.0
 Etot   =    -37894.4410  EKtot   =     10069.9238  EPtot      =    -47964.3648
 BOND   =       327.9184  ANGLE   =      1047.3664  DIHED      =      1331.9017
 1-4 NB =       456.9663  1-4 EEL =      6331.4292  VDWAALS    =      5373.3757
 EELEC  =    -63017.6237  EHBOND  =         0.0000  RESTRAINT  =       184.3011
 EAMBER (non-restraint)  =    -48148.6659
 ------------------------------------------------------------------------------

wrapping first mol.:       20.88048       29.52946       51.14652
wrapping first mol.:       20.88048       29.52946       51.14652

 NSTEP =    47000   TIME(PS) =     234.000  TEMP(K) =   298.19  PRESS =     0.0
 Etot   =    -38161.9880  EKtot   =      9962.7354  EPtot      =    -48124.7234
 BOND   =       314.5921  ANGLE   =       990.6999  DIHED      =      1369.1043
 1-4 NB =       467.4546  1-4 EEL =      6345.1237  VDWAALS    =      5395.9486
 EELEC  =    -63191.7422  EHBOND  =         0.0000  RESTRAINT  =       184.0957
 EAMBER (non-restraint)  =    -48308.8190
 ------------------------------------------------------------------------------

wrapping first mol.:       20.88048       29.52946       51.14652
wrapping first mol.:       20.88048       29.52946       51.14652

 NSTEP =    47500   TIME(PS) =     235.000  TEMP(K) =   304.02  PRESS =     0.0
 Etot   =    -37825.3606  EKtot   =     10157.5791  EPtot      =    -47982.9397
 BOND   =       331.1558  ANGLE   =       999.8492  DIHED      =      1364.2712
 1-4 NB =       464.4491  1-4 EEL =      6326.1208  VDWAALS    =      5323.1944
 EELEC  =    -62985.2073  EHBOND  =         0.0000  RESTRAINT  =       193.2271
 EAMBER (non-restraint)  =    -48176.1668
 ------------------------------------------------------------------------------

wrapping first mol.:       20.88048       29.52946       51.14652
wrapping first mol.:       20.88048       29.52946       51.14652

 NSTEP =    48000   TIME(PS) =     236.000  TEMP(K) =   303.82  PRESS =     0.0
 Etot   =    -37715.0393  EKtot   =     10150.8711  EPtot      =    -47865.9104
 BOND   =       332.4867  ANGLE   =      1036.7332  DIHED      =      1343.5316
 1-4 NB =       462.8941  1-4 EEL =      6335.6573  VDWAALS    =      5318.0107
 EELEC  =    -62884.7107  EHBOND  =         0.0000  RESTRAINT  =       189.4867
 EAMBER (non-restraint)  =    -48055.3971
 ------------------------------------------------------------------------------

wrapping first mol.:       20.88048       29.52946       51.14652
wrapping first mol.:       20.88048       29.52946       51.14652

 NSTEP =    48500   TIME(PS) =     237.000  TEMP(K) =   304.45  PRESS =     0.0
 Etot   =    -37898.6903  EKtot   =     10171.8027  EPtot      =    -48070.4930
 BOND   =       327.2337  ANGLE   =       981.3761  DIHED      =      1340.1712
 1-4 NB =       460.7202  1-4 EEL =      6364.0972  VDWAALS    =      5429.7709
 EELEC  =    -63159.6122  EHBOND  =         0.0000  RESTRAINT  =       185.7499
 EAMBER (non-restraint)  =    -48256.2429
 ------------------------------------------------------------------------------

wrapping first mol.:       20.88048       29.52946       51.14652
wrapping first mol.:       20.88048       29.52946       51.14652

 NSTEP =    49000   TIME(PS) =     238.000  TEMP(K) =   300.91  PRESS =     0.0
 Etot   =    -37820.7382  EKtot   =     10053.7256  EPtot      =    -47874.4638
 BOND   =       342.2519  ANGLE   =      1033.7012  DIHED      =      1358.5067
 1-4 NB =       457.2839  1-4 EEL =      6319.0677  VDWAALS    =      5318.3744
 EELEC  =    -62896.0131  EHBOND  =         0.0000  RESTRAINT  =       192.3635
 EAMBER (non-restraint)  =    -48066.8274
 ------------------------------------------------------------------------------

wrapping first mol.:       20.88048       29.52946       51.14652
wrapping first mol.:       20.88048       29.52946       51.14652

 NSTEP =    49500   TIME(PS) =     239.000  TEMP(K) =   300.22  PRESS =     0.0
 Etot   =    -37865.3449  EKtot   =     10030.5742  EPtot      =    -47895.9191
 BOND   =       329.2600  ANGLE   =      1022.7783  DIHED      =      1343.0997
 1-4 NB =       469.9530  1-4 EEL =      6320.8605  VDWAALS    =      5492.6920
 EELEC  =    -63067.5382  EHBOND  =         0.0000  RESTRAINT  =       192.9756
 EAMBER (non-restraint)  =    -48088.8947
 ------------------------------------------------------------------------------

wrapping first mol.:       20.88048       29.52946       51.14652
wrapping first mol.:       20.88048       29.52946       51.14652

 NSTEP =    50000   TIME(PS) =     240.000  TEMP(K) =   297.75  PRESS =     0.0
 Etot   =    -38067.9629  EKtot   =      9948.0156  EPtot      =    -48015.9785
 BOND   =       334.0072  ANGLE   =      1017.9867  DIHED      =      1348.3784
 1-4 NB =       474.8415  1-4 EEL =      6331.7684  VDWAALS    =      5391.2426
 EELEC  =    -63110.5278  EHBOND  =         0.0000  RESTRAINT  =       196.3244
 EAMBER (non-restraint)  =    -48212.3029
 ------------------------------------------------------------------------------


      A V E R A G E S   O V E R     100 S T E P S


 NSTEP =    50000   TIME(PS) =     240.000  TEMP(K) =   300.04  PRESS =     0.0
 Etot   =    -37946.3838  EKtot   =     10024.6406  EPtot      =    -47971.0244
 BOND   =       330.7127  ANGLE   =      1025.8081  DIHED      =      1351.7495
 1-4 NB =       463.7190  1-4 EEL =      6343.5780  VDWAALS    =      5359.0485
 EELEC  =    -63033.2957  EHBOND  =         0.0000  RESTRAINT  =       187.6554
 EAMBER (non-restraint)  =    -48158.6798
 ------------------------------------------------------------------------------


      R M S  F L U C T U A T I O N S


 NSTEP =    50000   TIME(PS) =     240.000  TEMP(K) =     2.68  PRESS =     0.0
 Etot   =       152.4665  EKtot   =        89.6759  EPtot      =       119.7067
 BOND   =        14.4635  ANGLE   =        27.7542  DIHED      =        10.4698
 1-4 NB =         7.8402  1-4 EEL =        20.2570  VDWAALS    =       104.2922
 EELEC  =       185.9052  EHBOND  =         0.0000  RESTRAINT  =         8.2008
 EAMBER (non-restraint)  =       111.5058
 ------------------------------------------------------------------------------

--------------------------------------------------------------------------------
   5.  TIMINGS
--------------------------------------------------------------------------------

|  NonSetup CPU Time in Major Routines:
|
|     Routine           Sec        %
|     ------------------------------
|     Nonbond          13.49   35.67
|     Bond              0.00    0.00
|     Angle             0.00    0.00
|     Dihedral          0.00    0.00
|     Shake             0.75    1.98
|     RunMD            23.49   62.11
|     Other             0.09    0.24
|     ------------------------------
|     Total            37.82

|  PME Nonbond Pairlist CPU Time:
|
|     Routine              Sec        %
|     ---------------------------------
|     Set Up Cit           0.00    0.00
|     Build List           0.00    0.00
|     ---------------------------------
|     Total                0.00    0.00

|  PME Direct Force CPU Time:
|
|     Routine              Sec        %
|     ---------------------------------
|     NonBonded Calc       0.00    0.00
|     Exclude Masked       0.00    0.00
|     Other                0.04    0.10
|     ---------------------------------
|     Total                0.04    0.10

|  PME Reciprocal Force CPU Time:
|
|     Routine              Sec        %
|     ---------------------------------
|     1D bspline           0.00    0.00
|     Grid Charges         0.00    0.00
|     Scalar Sum           0.00    0.00
|     Gradient Sum         0.00    0.00
|     FFT                  0.00    0.00
|     ---------------------------------
|     Total                0.00    0.00

|  Final Performance Info:
|     -----------------------------------------------------
|     Average timings for last   49500 steps:
|     Elapsed(s) =      37.32 Per Step(ms) =       0.75
|         ns/day =     229.23   seconds/ns =     376.92
|
|     Average timings for all steps:
|     Elapsed(s) =      37.81 Per Step(ms) =       0.76
|         ns/day =     228.54   seconds/ns =     378.06
|     -----------------------------------------------------

|  Setup CPU time:            3.43 seconds
|  NonSetup CPU time:        37.82 seconds
|  Total CPU time:           41.24 seconds     0.01 hours

|  Setup wall time:           4    seconds
|  NonSetup wall time:       37    seconds
|  Total wall time:          41    seconds     0.01 hours
