
          -------------------------------------------------------
          Amber 16 PMEMD                              2016
          -------------------------------------------------------

| PMEMD implementation of SANDER, Release 16

| Run on 11/17/2017 at 08:30:47

|   Executable path: /apps/amber16/bin/pmemd.cuda
| Working directory: /home/pbarletta
|          Hostname: mordor

  [-O]verwriting output

File Assignments:
|   MDIN: /scratch/pbarletta/cph_obp/run/eol/mhe/e/21equ.in                     
|  MDOUT: /scratch/pbarletta/cph_obp/run/eol/mhe/e/21equ.out                    
| INPCRD: /scratch/pbarletta/cph_obp/run/eol/mhe/e/20eeol.rst7                  
|   PARM: /scratch/pbarletta/cph_obp/top_files/eol.prmtop                       
| RESTRT: /scratch/pbarletta/cph_obp/run/eol/mhe/e/21eeol.rst7                  
|   REFC: /scratch/pbarletta/cph_obp/run/eol/mhe/e/20eeol.rst7                  
|  MDVEL: mdvel                                                                 
|   MDEN: mden                                                                  
|  MDCRD: /scratch/pbarletta/cph_obp/run/eol/mhe/e/21eeol.nc                    
| MDINFO: mdinfo                                                                
|  MDFRC: mdfrc                                                                 


 Here is the input file:

Equilibration with solute restrictions                                         
&cntrl                                                                         
imin = 0,                           ! No Minimization                          
nmropt = 0,                         ! No NMR restraints read                   
                                                                               
! Nature and format of the input                                               
ntx = 5,                            ! Coordinates but no velocities will be rea
irest = 1,                          ! Do not run a new simulation              
                                                                               
! Nature and format of the output                                              
ntxo = 1,                           ! rstrt file in ASCII format               
ntpr = 500,                         ! inf in output every ntpr steps           
ntwr = 500,                         ! rstrt file every ntwr steps              
ntwx = 500,                         ! mdcrd file every ntwx steps              
ntwv = 0,                           ! mdvel without velocities                 
ntwe = 0,                           ! Energies and temperatures not written in 
idecomp = 0,                        ! No energy decomposition                  
iwrap = 1,                          ! Coordinates of the restart and mdcrd file
                                                                               
! Frozen or restrained atoms                                                   
ibelly = 0,                         ! No frozen atoms                          
ntr=1,                              ! Harmonic potential restraints            
restraint_wt = 0.3,                ! The weight for the positional restraints  
restraintmask = ':1-120@N,CA,C,O',  ! restrained residues                      
                                                                               
! Molecular dynamics                                                           
nstlim = 50000,                     ! Number of MD-steps                       
dt = 0.002,                         ! Time step                                
                                                                               
! Temperature regulation                                                       
ntt = 3,                            ! Langevin thermostat                      
gamma_ln = 5,                       ! Gamma constant for Langevin              
temp0 = 300.0,                      ! Reference T at which the system is to be 
tempi = 300.0,                      ! Initial T                                
ig = -1,                            ! Seed for the RNG                         
                                                                               
! P and V regulation                                                           
ntp = 0,                            ! No pressure control                      
ntb = 1,                            ! Periodic box for constant V              
                                                                               
! SHAKE variables                                                              
ntc = 2,                            ! Bonds involving H are constrained        
ntf = 2,                            ! Bond interaction involving H are ommited.
                                                                               
cut = 10.0,                         ! Nonbonded cutoff                         
                                                                               
/                                                                              
&end                                                                           


Note: ig = -1. Setting random seed to   317553 based on wallclock time in 
      microseconds.
| irandom = 1, using AMBER's internal random number generator (default).
 
|--------------------- INFORMATION ----------------------
| GPU (CUDA) Version of PMEMD in use: NVIDIA GPU IN USE.
|                    Version 16.0.0
| 
|                      02/25/2016
| 
| Implementation by:
|                    Ross C. Walker     (SDSC)
|                    Scott Le Grand     (nVIDIA)
| 
| Precision model in use:
|      [SPFP] - Single Precision Forces, 64-bit Fixed Point
|               Accumulation. (Default)
| 
|--------------------------------------------------------
 
|----------------- CITATION INFORMATION -----------------
|
|    When publishing work that utilized the CUDA version
|    of AMBER, please cite the following in addition to
|    the regular AMBER citations:
|
|  - Romelia Salomon-Ferrer; Andreas W. Goetz; Duncan
|    Poole; Scott Le Grand; Ross C. Walker "Routine
|    microsecond molecular dynamics simulations with
|    AMBER - Part II: Particle Mesh Ewald", J. Chem.
|    Theory Comput., 2013, 9 (9), pp3878-3888,
|    DOI: 10.1021/ct400314y.
|
|  - Andreas W. Goetz; Mark J. Williamson; Dong Xu;
|    Duncan Poole; Scott Le Grand; Ross C. Walker
|    "Routine microsecond molecular dynamics simulations
|    with AMBER - Part I: Generalized Born", J. Chem.
|    Theory Comput., 2012, 8 (5), pp1542-1555.
|
|  - Scott Le Grand; Andreas W. Goetz; Ross C. Walker
|    "SPFP: Speed without compromise - a mixed precision
|    model for GPU accelerated molecular dynamics
|    simulations.", Comp. Phys. Comm., 2013, 184
|    pp374-380, DOI: 10.1016/j.cpc.2012.09.022
|
|--------------------------------------------------------
 
|------------------- GPU DEVICE INFO --------------------
|
|            CUDA_VISIBLE_DEVICES: 2
|   CUDA Capable Devices Detected:      1
|           CUDA Device ID in use:      0
|                CUDA Device Name: GeForce GTX 1080 Ti
|     CUDA Device Global Mem Size:  11172 MB
| CUDA Device Num Multiprocessors:     28
|           CUDA Device Core Freq:   1.58 GHz
|
|--------------------------------------------------------
 
 
| Conditional Compilation Defines Used:
| PUBFFT
| BINTRAJ
| CUDA
| EMIL

| Largest sphere to fit in unit cell has radius =    25.573

| New format PARM file being parsed.
| Version =    1.000 Date = 11/14/17 Time = 21:40:14

| Note: 1-4 EEL scale factors are being read from the topology file.

| Note: 1-4 VDW scale factors are being read from the topology file.
| Duplicated    0 dihedrals

| Duplicated    0 dihedrals

--------------------------------------------------------------------------------
   1.  RESOURCE   USE: 
--------------------------------------------------------------------------------

 getting new box info from bottom of inpcrd
 NATOM  =   16335 NTYPES =      18 NBONH =   15379 MBONA  =     963
 NTHETH =    2359 MTHETA =    1293 NPHIH =    4500 MPHIA  =    3265
 NHPARM =       0 NPARM  =       0 NNB   =   30156 NRES   =    4896
 NBONA  =     963 NTHETA =    1293 NPHIA =    3265 NUMBND =      51
 NUMANG =     105 NPTRA  =      41 NATYP =      35 NPHB   =       1
 IFBOX  =       2 NMXRS  =      24 IFCAP =       0 NEXTRA =       0
 NCOPY  =       0

| Coordinate Index Table dimensions:    10   10   10
| Direct force subcell size =     6.2641    6.2641    6.2641

     BOX TYPE: TRUNCATED OCTAHEDRON

--------------------------------------------------------------------------------
   2.  CONTROL  DATA  FOR  THE  RUN
--------------------------------------------------------------------------------

default_name                                                                    

General flags:
     imin    =       0, nmropt  =       0

Nature and format of input:
     ntx     =       5, irest   =       1, ntrx    =       1

Nature and format of output:
     ntxo    =       1, ntpr    =     500, ntrx    =       1, ntwr    =     500
     iwrap   =       1, ntwx    =     500, ntwv    =       0, ntwe    =       0
     ioutfm  =       1, ntwprt  =       0, idecomp =       0, rbornstat=      0

Potential function:
     ntf     =       2, ntb     =       1, igb     =       0, nsnb    =      25
     ipol    =       0, gbsa    =       0, iesp    =       0
     dielc   =   1.00000, cut     =  10.00000, intdiel =   1.00000

Frozen or restrained atoms:
     ibelly  =       0, ntr     =       1
     restraint_wt =   0.30000

Molecular dynamics:
     nstlim  =     50000, nscm    =         0, nrespa  =         1
     t       =   0.00000, dt      =   0.00200, vlimit  =  -1.00000

Langevin dynamics temperature regulation:
     ig      =  317553
     temp0   = 300.00000, tempi   = 300.00000, gamma_ln=   5.00000

SHAKE:
     ntc     =       2, jfastw  =       0
     tol     =   0.00001

| Intermolecular bonds treatment:
|     no_intermolecular_bonds =       1

| Energy averages sample interval:
|     ene_avg_sampling =     500

Ewald parameters:
     verbose =       0, ew_type =       0, nbflag  =       1, use_pme =       1
     vdwmeth =       1, eedmeth =       1, netfrc  =       1
     Box X =   62.641   Box Y =   62.641   Box Z =   62.641
     Alpha =  109.471   Beta  =  109.471   Gamma =  109.471
     NFFT1 =   64       NFFT2 =   64       NFFT3 =   64
     Cutoff=   10.000   Tol   =0.100E-04
     Ewald Coefficient =  0.27511
     Interpolation order =    4

    LOADING THE CONSTRAINED ATOMS AS GROUPS


   5.  REFERENCE ATOM COORDINATES

  default_name                                                                    
     Mask :1-120@N,CA,C,O; matches   476 atoms

--------------------------------------------------------------------------------
   3.  ATOMIC COORDINATES AND VELOCITIES
--------------------------------------------------------------------------------

default_name                                                                    
 begin time read from input coords =  2140.000 ps

 
 Number of triangulated 3-point waters found:     4775

     Sum of charges from parm topology file =  -0.00000006
     Forcing neutrality...

| Dynamic Memory, Types Used:
| Reals              619308
| Integers           586628

| Nonbonded Pairs Initial Allocation:     4940929

| GPU memory information (estimate):
| KB of GPU memory in use:    123232
| KB of CPU memory in use:     26926

--------------------------------------------------------------------------------
   4.  RESULTS
--------------------------------------------------------------------------------

 ---------------------------------------------------
 APPROXIMATING switch and d/dx switch using CUBIC SPLINE INTERPOLATION
 using   5000.0 points per unit in tabled values
 TESTING RELATIVE ERROR over r ranging from 0.0 to cutoff
| CHECK switch(x): max rel err =   0.2738E-14   at   2.422500
| CHECK d/dx switch(x): max rel err =   0.8314E-11   at   2.736960
 ---------------------------------------------------
|---------------------------------------------------
| APPROXIMATING direct energy using CUBIC SPLINE INTERPOLATION
|  with   50.0 points per unit in tabled values
| Relative Error Limit not exceeded for r .gt.   2.33
| APPROXIMATING direct force using CUBIC SPLINE INTERPOLATION
|  with   50.0 points per unit in tabled values
| Relative Error Limit not exceeded for r .gt.   2.80
|---------------------------------------------------
wrapping first mol.:       20.88048       29.52946       51.14652
wrapping first mol.:       20.88048       29.52946       51.14652

 NSTEP =      500   TIME(PS) =    2141.000  TEMP(K) =   301.66  PRESS =     0.0
 Etot   =    -37973.7663  EKtot   =     10078.6465  EPtot      =    -48052.4128
 BOND   =       332.8911  ANGLE   =      1051.9202  DIHED      =      1364.6198
 1-4 NB =       462.6408  1-4 EEL =      6359.6519  VDWAALS    =      5474.8520
 EELEC  =    -63120.8440  EHBOND  =         0.0000  RESTRAINT  =        21.8554
 EAMBER (non-restraint)  =    -48074.2682
 ------------------------------------------------------------------------------

wrapping first mol.:       20.88048       29.52946       51.14652
wrapping first mol.:       20.88048       29.52946       51.14652

 NSTEP =     1000   TIME(PS) =    2142.000  TEMP(K) =   303.25  PRESS =     0.0
 Etot   =    -37905.3689  EKtot   =     10131.7471  EPtot      =    -48037.1159
 BOND   =       359.8720  ANGLE   =      1057.5378  DIHED      =      1335.7041
 1-4 NB =       436.5867  1-4 EEL =      6317.3632  VDWAALS    =      5475.6006
 EELEC  =    -63040.7967  EHBOND  =         0.0000  RESTRAINT  =        21.0165
 EAMBER (non-restraint)  =    -48058.1324
 ------------------------------------------------------------------------------

wrapping first mol.:       20.88048       29.52946       51.14652
wrapping first mol.:       20.88048       29.52946       51.14652

 NSTEP =     1500   TIME(PS) =    2143.000  TEMP(K) =   303.28  PRESS =     0.0
 Etot   =    -38066.5334  EKtot   =     10132.6963  EPtot      =    -48199.2297
 BOND   =       357.9873  ANGLE   =      1078.5294  DIHED      =      1341.9435
 1-4 NB =       449.0599  1-4 EEL =      6308.3439  VDWAALS    =      5394.5939
 EELEC  =    -63152.8960  EHBOND  =         0.0000  RESTRAINT  =        23.2085
 EAMBER (non-restraint)  =    -48222.4381
 ------------------------------------------------------------------------------

wrapping first mol.:       20.88048       29.52946       51.14652
wrapping first mol.:       20.88048       29.52946       51.14652

 NSTEP =     2000   TIME(PS) =    2144.000  TEMP(K) =   299.07  PRESS =     0.0
 Etot   =    -38212.6890  EKtot   =      9992.0029  EPtot      =    -48204.6920
 BOND   =       353.1878  ANGLE   =      1063.4632  DIHED      =      1345.9271
 1-4 NB =       447.0654  1-4 EEL =      6344.1427  VDWAALS    =      5489.8724
 EELEC  =    -63272.7618  EHBOND  =         0.0000  RESTRAINT  =        24.4115
 EAMBER (non-restraint)  =    -48229.1034
 ------------------------------------------------------------------------------

wrapping first mol.:       20.88048       29.52946       51.14652
wrapping first mol.:       20.88048       29.52946       51.14652

 NSTEP =     2500   TIME(PS) =    2145.000  TEMP(K) =   300.49  PRESS =     0.0
 Etot   =    -38060.2774  EKtot   =     10039.4062  EPtot      =    -48099.6837
 BOND   =       377.5002  ANGLE   =      1073.0052  DIHED      =      1350.3613
 1-4 NB =       458.8924  1-4 EEL =      6325.6543  VDWAALS    =      5456.9160
 EELEC  =    -63167.2197  EHBOND  =         0.0000  RESTRAINT  =        25.2065
 EAMBER (non-restraint)  =    -48124.8902
 ------------------------------------------------------------------------------

wrapping first mol.:       20.88048       29.52946       51.14652
wrapping first mol.:       20.88048       29.52946       51.14652

 NSTEP =     3000   TIME(PS) =    2146.000  TEMP(K) =   300.21  PRESS =     0.0
 Etot   =    -38012.7265  EKtot   =     10030.2715  EPtot      =    -48042.9980
 BOND   =       339.0744  ANGLE   =      1059.9439  DIHED      =      1347.5021
 1-4 NB =       464.7933  1-4 EEL =      6325.6680  VDWAALS    =      5441.1716
 EELEC  =    -63049.6609  EHBOND  =         0.0000  RESTRAINT  =        28.5095
 EAMBER (non-restraint)  =    -48071.5075
 ------------------------------------------------------------------------------

wrapping first mol.:       20.88048       29.52946       51.14652
wrapping first mol.:       20.88048       29.52946       51.14652

 NSTEP =     3500   TIME(PS) =    2147.000  TEMP(K) =   295.06  PRESS =     0.0
 Etot   =    -38359.2755  EKtot   =      9857.9883  EPtot      =    -48217.2638
 BOND   =       344.4687  ANGLE   =      1094.0538  DIHED      =      1347.0274
 1-4 NB =       430.4865  1-4 EEL =      6336.5655  VDWAALS    =      5363.3569
 EELEC  =    -63157.7153  EHBOND  =         0.0000  RESTRAINT  =        24.4928
 EAMBER (non-restraint)  =    -48241.7565
 ------------------------------------------------------------------------------

wrapping first mol.:       20.88048       29.52946       51.14652
wrapping first mol.:       20.88048       29.52946       51.14652

 NSTEP =     4000   TIME(PS) =    2148.000  TEMP(K) =   304.71  PRESS =     0.0
 Etot   =    -37809.2558  EKtot   =     10180.5869  EPtot      =    -47989.8428
 BOND   =       357.8600  ANGLE   =      1037.5804  DIHED      =      1360.2815
 1-4 NB =       448.5906  1-4 EEL =      6339.9809  VDWAALS    =      5448.7094
 EELEC  =    -63004.5293  EHBOND  =         0.0000  RESTRAINT  =        21.6837
 EAMBER (non-restraint)  =    -48011.5265
 ------------------------------------------------------------------------------

wrapping first mol.:       20.88048       29.52946       51.14652
wrapping first mol.:       20.88048       29.52946       51.14652

 NSTEP =     4500   TIME(PS) =    2149.000  TEMP(K) =   301.56  PRESS =     0.0
 Etot   =    -37792.0440  EKtot   =     10075.3623  EPtot      =    -47867.4063
 BOND   =       361.4644  ANGLE   =      1065.1384  DIHED      =      1350.9698
 1-4 NB =       464.4465  1-4 EEL =      6309.3653  VDWAALS    =      5526.1011
 EELEC  =    -62970.6528  EHBOND  =         0.0000  RESTRAINT  =        25.7609
 EAMBER (non-restraint)  =    -47893.1672
 ------------------------------------------------------------------------------

wrapping first mol.:       20.88048       29.52946       51.14652
wrapping first mol.:       20.88048       29.52946       51.14652

 NSTEP =     5000   TIME(PS) =    2150.000  TEMP(K) =   300.59  PRESS =     0.0
 Etot   =    -38116.8981  EKtot   =     10042.8516  EPtot      =    -48159.7496
 BOND   =       340.7865  ANGLE   =      1051.7312  DIHED      =      1350.2503
 1-4 NB =       450.9904  1-4 EEL =      6359.2716  VDWAALS    =      5463.3993
 EELEC  =    -63202.1938  EHBOND  =         0.0000  RESTRAINT  =        26.0148
 EAMBER (non-restraint)  =    -48185.7645
 ------------------------------------------------------------------------------

wrapping first mol.:       20.88048       29.52946       51.14652
wrapping first mol.:       20.88048       29.52946       51.14652

 NSTEP =     5500   TIME(PS) =    2151.000  TEMP(K) =   297.22  PRESS =     0.0
 Etot   =    -38054.9352  EKtot   =      9930.2588  EPtot      =    -47985.1940
 BOND   =       344.9849  ANGLE   =      1052.5275  DIHED      =      1343.2896
 1-4 NB =       452.1581  1-4 EEL =      6304.0825  VDWAALS    =      5288.5433
 EELEC  =    -62796.1940  EHBOND  =         0.0000  RESTRAINT  =        25.4140
 EAMBER (non-restraint)  =    -48010.6081
 ------------------------------------------------------------------------------

wrapping first mol.:       20.88048       29.52946       51.14652
wrapping first mol.:       20.88048       29.52946       51.14652

 NSTEP =     6000   TIME(PS) =    2152.000  TEMP(K) =   303.38  PRESS =     0.0
 Etot   =    -38078.3642  EKtot   =     10136.0000  EPtot      =    -48214.3642
 BOND   =       346.2318  ANGLE   =      1015.7319  DIHED      =      1356.3041
 1-4 NB =       445.9161  1-4 EEL =      6373.2183  VDWAALS    =      5326.7532
 EELEC  =    -63103.5334  EHBOND  =         0.0000  RESTRAINT  =        25.0138
 EAMBER (non-restraint)  =    -48239.3780
 ------------------------------------------------------------------------------

wrapping first mol.:       20.88048       29.52946       51.14652
wrapping first mol.:       20.88048       29.52946       51.14652

 NSTEP =     6500   TIME(PS) =    2153.000  TEMP(K) =   298.52  PRESS =     0.0
 Etot   =    -38290.0266  EKtot   =      9973.9004  EPtot      =    -48263.9270
 BOND   =       343.0558  ANGLE   =      1058.3426  DIHED      =      1340.1131
 1-4 NB =       434.2447  1-4 EEL =      6283.6062  VDWAALS    =      5520.6195
 EELEC  =    -63272.5281  EHBOND  =         0.0000  RESTRAINT  =        28.6192
 EAMBER (non-restraint)  =    -48292.5462
 ------------------------------------------------------------------------------

wrapping first mol.:       20.88048       29.52946       51.14652
wrapping first mol.:       20.88048       29.52946       51.14652

 NSTEP =     7000   TIME(PS) =    2154.000  TEMP(K) =   295.83  PRESS =     0.0
 Etot   =    -38287.9336  EKtot   =      9883.9473  EPtot      =    -48171.8809
 BOND   =       386.9871  ANGLE   =      1040.3947  DIHED      =      1354.9269
 1-4 NB =       440.9999  1-4 EEL =      6326.3949  VDWAALS    =      5545.5041
 EELEC  =    -63304.2041  EHBOND  =         0.0000  RESTRAINT  =        37.1157
 EAMBER (non-restraint)  =    -48208.9966
 ------------------------------------------------------------------------------

wrapping first mol.:       20.88048       29.52946       51.14652
wrapping first mol.:       20.88048       29.52946       51.14652

 NSTEP =     7500   TIME(PS) =    2155.000  TEMP(K) =   298.83  PRESS =     0.0
 Etot   =    -38302.9333  EKtot   =      9984.1572  EPtot      =    -48287.0905
 BOND   =       353.8181  ANGLE   =      1037.8591  DIHED      =      1347.3703
 1-4 NB =       430.4038  1-4 EEL =      6316.5446  VDWAALS    =      5401.7139
 EELEC  =    -63203.2835  EHBOND  =         0.0000  RESTRAINT  =        28.4831
 EAMBER (non-restraint)  =    -48315.5737
 ------------------------------------------------------------------------------

wrapping first mol.:       20.88048       29.52946       51.14652
wrapping first mol.:       20.88048       29.52946       51.14652

 NSTEP =     8000   TIME(PS) =    2156.000  TEMP(K) =   299.02  PRESS =     0.0
 Etot   =    -38173.2043  EKtot   =      9990.2910  EPtot      =    -48163.4953
 BOND   =       378.4367  ANGLE   =      1045.6254  DIHED      =      1365.6369
 1-4 NB =       433.1654  1-4 EEL =      6300.0776  VDWAALS    =      5316.8101
 EELEC  =    -63034.2440  EHBOND  =         0.0000  RESTRAINT  =        30.9965
 EAMBER (non-restraint)  =    -48194.4917
 ------------------------------------------------------------------------------

wrapping first mol.:       20.88048       29.52946       51.14652
wrapping first mol.:       20.88048       29.52946       51.14652

 NSTEP =     8500   TIME(PS) =    2157.000  TEMP(K) =   300.71  PRESS =     0.0
 Etot   =    -38152.6744  EKtot   =     10046.9629  EPtot      =    -48199.6373
 BOND   =       351.1063  ANGLE   =      1030.1894  DIHED      =      1357.8179
 1-4 NB =       445.0306  1-4 EEL =      6315.4357  VDWAALS    =      5163.8906
 EELEC  =    -62892.3699  EHBOND  =         0.0000  RESTRAINT  =        29.2621
 EAMBER (non-restraint)  =    -48228.8993
 ------------------------------------------------------------------------------

wrapping first mol.:       20.88048       29.52946       51.14652
wrapping first mol.:       20.88048       29.52946       51.14652

 NSTEP =     9000   TIME(PS) =    2158.000  TEMP(K) =   300.56  PRESS =     0.0
 Etot   =    -37945.5412  EKtot   =     10041.7471  EPtot      =    -47987.2883
 BOND   =       329.5632  ANGLE   =      1123.1508  DIHED      =      1341.2604
 1-4 NB =       455.8601  1-4 EEL =      6334.0355  VDWAALS    =      5539.6148
 EELEC  =    -63137.8507  EHBOND  =         0.0000  RESTRAINT  =        27.0778
 EAMBER (non-restraint)  =    -48014.3660
 ------------------------------------------------------------------------------

wrapping first mol.:       20.88048       29.52946       51.14652
wrapping first mol.:       20.88048       29.52946       51.14652

 NSTEP =     9500   TIME(PS) =    2159.000  TEMP(K) =   301.12  PRESS =     0.0
 Etot   =    -38049.8657  EKtot   =     10060.4805  EPtot      =    -48110.3461
 BOND   =       371.1259  ANGLE   =      1070.6867  DIHED      =      1335.4078
 1-4 NB =       445.2373  1-4 EEL =      6348.3805  VDWAALS    =      5423.0747
 EELEC  =    -63130.6936  EHBOND  =         0.0000  RESTRAINT  =        26.4345
 EAMBER (non-restraint)  =    -48136.7807
 ------------------------------------------------------------------------------

wrapping first mol.:       20.88048       29.52946       51.14652
wrapping first mol.:       20.88048       29.52946       51.14652

 NSTEP =    10000   TIME(PS) =    2160.000  TEMP(K) =   296.51  PRESS =     0.0
 Etot   =    -38184.7841  EKtot   =      9906.4746  EPtot      =    -48091.2588
 BOND   =       358.0632  ANGLE   =      1054.2244  DIHED      =      1352.5374
 1-4 NB =       458.2311  1-4 EEL =      6350.2318  VDWAALS    =      5459.4590
 EELEC  =    -63153.1818  EHBOND  =         0.0000  RESTRAINT  =        29.1761
 EAMBER (non-restraint)  =    -48120.4348
 ------------------------------------------------------------------------------

wrapping first mol.:       20.88048       29.52946       51.14652
wrapping first mol.:       20.88048       29.52946       51.14652

 NSTEP =    10500   TIME(PS) =    2161.000  TEMP(K) =   296.48  PRESS =     0.0
 Etot   =    -38131.6494  EKtot   =      9905.5469  EPtot      =    -48037.1963
 BOND   =       359.6621  ANGLE   =      1051.2135  DIHED      =      1349.8234
 1-4 NB =       445.7126  1-4 EEL =      6347.1765  VDWAALS    =      5225.5064
 EELEC  =    -62846.6191  EHBOND  =         0.0000  RESTRAINT  =        30.3283
 EAMBER (non-restraint)  =    -48067.5246
 ------------------------------------------------------------------------------

wrapping first mol.:       20.88048       29.52946       51.14652
wrapping first mol.:       20.88048       29.52946       51.14652

 NSTEP =    11000   TIME(PS) =    2162.000  TEMP(K) =   302.44  PRESS =     0.0
 Etot   =    -38028.4010  EKtot   =     10104.8223  EPtot      =    -48133.2232
 BOND   =       337.9111  ANGLE   =      1105.0519  DIHED      =      1335.9053
 1-4 NB =       456.5456  1-4 EEL =      6338.7766  VDWAALS    =      5328.3558
 EELEC  =    -63064.9448  EHBOND  =         0.0000  RESTRAINT  =        29.1752
 EAMBER (non-restraint)  =    -48162.3984
 ------------------------------------------------------------------------------

wrapping first mol.:       20.88048       29.52946       51.14652
wrapping first mol.:       20.88048       29.52946       51.14652

 NSTEP =    11500   TIME(PS) =    2163.000  TEMP(K) =   299.07  PRESS =     0.0
 Etot   =    -38185.8181  EKtot   =      9992.0234  EPtot      =    -48177.8416
 BOND   =       361.5415  ANGLE   =      1047.6262  DIHED      =      1353.4648
 1-4 NB =       456.3020  1-4 EEL =      6314.3371  VDWAALS    =      5277.5934
 EELEC  =    -63017.2620  EHBOND  =         0.0000  RESTRAINT  =        28.5553
 EAMBER (non-restraint)  =    -48206.3969
 ------------------------------------------------------------------------------

wrapping first mol.:       20.88048       29.52946       51.14652
wrapping first mol.:       20.88048       29.52946       51.14652

 NSTEP =    12000   TIME(PS) =    2164.000  TEMP(K) =   298.59  PRESS =     0.0
 Etot   =    -38174.9962  EKtot   =      9975.9727  EPtot      =    -48150.9688
 BOND   =       319.9743  ANGLE   =      1023.4080  DIHED      =      1359.5265
 1-4 NB =       450.7784  1-4 EEL =      6318.5323  VDWAALS    =      5398.6409
 EELEC  =    -63045.0943  EHBOND  =         0.0000  RESTRAINT  =        23.2651
 EAMBER (non-restraint)  =    -48174.2339
 ------------------------------------------------------------------------------

wrapping first mol.:       20.88048       29.52946       51.14652
wrapping first mol.:       20.88048       29.52946       51.14652

 NSTEP =    12500   TIME(PS) =    2165.000  TEMP(K) =   301.48  PRESS =     0.0
 Etot   =    -38050.0538  EKtot   =     10072.7324  EPtot      =    -48122.7863
 BOND   =       344.1135  ANGLE   =      1034.6462  DIHED      =      1343.5633
 1-4 NB =       439.2188  1-4 EEL =      6327.3805  VDWAALS    =      5409.6626
 EELEC  =    -63047.8525  EHBOND  =         0.0000  RESTRAINT  =        26.4815
 EAMBER (non-restraint)  =    -48149.2677
 ------------------------------------------------------------------------------

wrapping first mol.:       20.88048       29.52946       51.14652
wrapping first mol.:       20.88048       29.52946       51.14652

 NSTEP =    13000   TIME(PS) =    2166.000  TEMP(K) =   301.97  PRESS =     0.0
 Etot   =    -37974.1861  EKtot   =     10088.9053  EPtot      =    -48063.0914
 BOND   =       344.7931  ANGLE   =      1080.4771  DIHED      =      1344.2683
 1-4 NB =       458.5951  1-4 EEL =      6338.5771  VDWAALS    =      5476.3358
 EELEC  =    -63128.9343  EHBOND  =         0.0000  RESTRAINT  =        22.7963
 EAMBER (non-restraint)  =    -48085.8877
 ------------------------------------------------------------------------------

wrapping first mol.:       20.88048       29.52946       51.14652
wrapping first mol.:       20.88048       29.52946       51.14652

 NSTEP =    13500   TIME(PS) =    2167.000  TEMP(K) =   293.60  PRESS =     0.0
 Etot   =    -38611.9554  EKtot   =      9809.4150  EPtot      =    -48421.3705
 BOND   =       368.1612  ANGLE   =      1040.9104  DIHED      =      1345.4469
 1-4 NB =       434.5840  1-4 EEL =      6310.4591  VDWAALS    =      5451.9046
 EELEC  =    -63399.5243  EHBOND  =         0.0000  RESTRAINT  =        26.6877
 EAMBER (non-restraint)  =    -48448.0582
 ------------------------------------------------------------------------------

wrapping first mol.:       20.88048       29.52946       51.14652
wrapping first mol.:       20.88048       29.52946       51.14652

 NSTEP =    14000   TIME(PS) =    2168.000  TEMP(K) =   299.10  PRESS =     0.0
 Etot   =    -38239.4386  EKtot   =      9992.9902  EPtot      =    -48232.4288
 BOND   =       324.6293  ANGLE   =      1036.9293  DIHED      =      1354.8345
 1-4 NB =       452.4775  1-4 EEL =      6335.1269  VDWAALS    =      5322.0992
 EELEC  =    -63084.0281  EHBOND  =         0.0000  RESTRAINT  =        25.5026
 EAMBER (non-restraint)  =    -48257.9314
 ------------------------------------------------------------------------------

wrapping first mol.:       20.88048       29.52946       51.14652
wrapping first mol.:       20.88048       29.52946       51.14652

 NSTEP =    14500   TIME(PS) =    2169.000  TEMP(K) =   301.46  PRESS =     0.0
 Etot   =    -37969.8535  EKtot   =     10072.1094  EPtot      =    -48041.9628
 BOND   =       365.9931  ANGLE   =      1122.1570  DIHED      =      1362.5122
 1-4 NB =       449.9204  1-4 EEL =      6334.3571  VDWAALS    =      5459.8411
 EELEC  =    -63163.0506  EHBOND  =         0.0000  RESTRAINT  =        26.3069
 EAMBER (non-restraint)  =    -48068.2698
 ------------------------------------------------------------------------------

wrapping first mol.:       20.88048       29.52946       51.14652
wrapping first mol.:       20.88048       29.52946       51.14652

 NSTEP =    15000   TIME(PS) =    2170.000  TEMP(K) =   295.67  PRESS =     0.0
 Etot   =    -38049.5710  EKtot   =      9878.5410  EPtot      =    -47928.1121
 BOND   =       364.5068  ANGLE   =      1066.4872  DIHED      =      1344.2823
 1-4 NB =       450.8403  1-4 EEL =      6341.5216  VDWAALS    =      5228.8968
 EELEC  =    -62756.4093  EHBOND  =         0.0000  RESTRAINT  =        31.7622
 EAMBER (non-restraint)  =    -47959.8743
 ------------------------------------------------------------------------------

wrapping first mol.:       20.88048       29.52946       51.14652
wrapping first mol.:       20.88048       29.52946       51.14652

 NSTEP =    15500   TIME(PS) =    2171.000  TEMP(K) =   302.97  PRESS =     0.0
 Etot   =    -37879.3300  EKtot   =     10122.3857  EPtot      =    -48001.7157
 BOND   =       372.3283  ANGLE   =      1060.5866  DIHED      =      1348.9382
 1-4 NB =       452.9416  1-4 EEL =      6367.6661  VDWAALS    =      5216.5830
 EELEC  =    -62844.7895  EHBOND  =         0.0000  RESTRAINT  =        24.0301
 EAMBER (non-restraint)  =    -48025.7458
 ------------------------------------------------------------------------------

wrapping first mol.:       20.88048       29.52946       51.14652
wrapping first mol.:       20.88048       29.52946       51.14652

 NSTEP =    16000   TIME(PS) =    2172.000  TEMP(K) =   300.59  PRESS =     0.0
 Etot   =    -37992.8710  EKtot   =     10042.9639  EPtot      =    -48035.8348
 BOND   =       315.0204  ANGLE   =      1086.0046  DIHED      =      1338.8503
 1-4 NB =       445.9162  1-4 EEL =      6346.6720  VDWAALS    =      5302.7645
 EELEC  =    -62898.0431  EHBOND  =         0.0000  RESTRAINT  =        26.9803
 EAMBER (non-restraint)  =    -48062.8151
 ------------------------------------------------------------------------------

wrapping first mol.:       20.88048       29.52946       51.14652
wrapping first mol.:       20.88048       29.52946       51.14652

 NSTEP =    16500   TIME(PS) =    2173.000  TEMP(K) =   296.87  PRESS =     0.0
 Etot   =    -38204.0879  EKtot   =      9918.5361  EPtot      =    -48122.6241
 BOND   =       332.3184  ANGLE   =      1057.8622  DIHED      =      1355.3331
 1-4 NB =       468.7088  1-4 EEL =      6349.0982  VDWAALS    =      5342.4471
 EELEC  =    -63057.0107  EHBOND  =         0.0000  RESTRAINT  =        28.6187
 EAMBER (non-restraint)  =    -48151.2428
 ------------------------------------------------------------------------------

wrapping first mol.:       20.88048       29.52946       51.14652
wrapping first mol.:       20.88048       29.52946       51.14652

 NSTEP =    17000   TIME(PS) =    2174.000  TEMP(K) =   298.88  PRESS =     0.0
 Etot   =    -38169.9764  EKtot   =      9985.8887  EPtot      =    -48155.8650
 BOND   =       352.1564  ANGLE   =      1056.9763  DIHED      =      1350.2812
 1-4 NB =       440.7879  1-4 EEL =      6330.3905  VDWAALS    =      5500.1755
 EELEC  =    -63210.2299  EHBOND  =         0.0000  RESTRAINT  =        23.5971
 EAMBER (non-restraint)  =    -48179.4621
 ------------------------------------------------------------------------------

wrapping first mol.:       20.88048       29.52946       51.14652
wrapping first mol.:       20.88048       29.52946       51.14652

 NSTEP =    17500   TIME(PS) =    2175.000  TEMP(K) =   302.83  PRESS =     0.0
 Etot   =    -37948.2779  EKtot   =     10117.8379  EPtot      =    -48066.1158
 BOND   =       339.2583  ANGLE   =      1081.5742  DIHED      =      1357.2718
 1-4 NB =       438.5051  1-4 EEL =      6312.4708  VDWAALS    =      5295.1440
 EELEC  =    -62916.0440  EHBOND  =         0.0000  RESTRAINT  =        25.7041
 EAMBER (non-restraint)  =    -48091.8199
 ------------------------------------------------------------------------------

wrapping first mol.:       20.88048       29.52946       51.14652
wrapping first mol.:       20.88048       29.52946       51.14652

 NSTEP =    18000   TIME(PS) =    2176.000  TEMP(K) =   301.35  PRESS =     0.0
 Etot   =    -38059.7958  EKtot   =     10068.1934  EPtot      =    -48127.9892
 BOND   =       357.0388  ANGLE   =      1098.8052  DIHED      =      1346.0484
 1-4 NB =       439.3690  1-4 EEL =      6315.3654  VDWAALS    =      5426.6292
 EELEC  =    -63136.0041  EHBOND  =         0.0000  RESTRAINT  =        24.7589
 EAMBER (non-restraint)  =    -48152.7481
 ------------------------------------------------------------------------------

wrapping first mol.:       20.88048       29.52946       51.14652
wrapping first mol.:       20.88048       29.52946       51.14652

 NSTEP =    18500   TIME(PS) =    2177.000  TEMP(K) =   295.53  PRESS =     0.0
 Etot   =    -38202.6296  EKtot   =      9873.9033  EPtot      =    -48076.5329
 BOND   =       364.2421  ANGLE   =      1052.7796  DIHED      =      1364.6022
 1-4 NB =       451.9532  1-4 EEL =      6310.9162  VDWAALS    =      5365.3968
 EELEC  =    -63013.4150  EHBOND  =         0.0000  RESTRAINT  =        26.9922
 EAMBER (non-restraint)  =    -48103.5251
 ------------------------------------------------------------------------------

wrapping first mol.:       20.88048       29.52946       51.14652
wrapping first mol.:       20.88048       29.52946       51.14652

 NSTEP =    19000   TIME(PS) =    2178.000  TEMP(K) =   298.81  PRESS =     0.0
 Etot   =    -38208.2229  EKtot   =      9983.3682  EPtot      =    -48191.5911
 BOND   =       330.8098  ANGLE   =      1083.3200  DIHED      =      1363.1244
 1-4 NB =       447.2319  1-4 EEL =      6325.8281  VDWAALS    =      5361.9447
 EELEC  =    -63123.6559  EHBOND  =         0.0000  RESTRAINT  =        19.8059
 EAMBER (non-restraint)  =    -48211.3970
 ------------------------------------------------------------------------------

wrapping first mol.:       20.88048       29.52946       51.14652
wrapping first mol.:       20.88048       29.52946       51.14652

 NSTEP =    19500   TIME(PS) =    2179.000  TEMP(K) =   299.09  PRESS =     0.0
 Etot   =    -38237.9604  EKtot   =      9992.6680  EPtot      =    -48230.6284
 BOND   =       344.1634  ANGLE   =      1084.6369  DIHED      =      1342.4374
 1-4 NB =       455.2667  1-4 EEL =      6322.6898  VDWAALS    =      5436.5037
 EELEC  =    -63241.2234  EHBOND  =         0.0000  RESTRAINT  =        24.8973
 EAMBER (non-restraint)  =    -48255.5257
 ------------------------------------------------------------------------------

wrapping first mol.:       20.88048       29.52946       51.14652
wrapping first mol.:       20.88048       29.52946       51.14652

 NSTEP =    20000   TIME(PS) =    2180.000  TEMP(K) =   300.72  PRESS =     0.0
 Etot   =    -38048.4373  EKtot   =     10047.2812  EPtot      =    -48095.7186
 BOND   =       371.4490  ANGLE   =      1069.0201  DIHED      =      1334.9241
 1-4 NB =       448.9930  1-4 EEL =      6314.5215  VDWAALS    =      5489.4895
 EELEC  =    -63149.4492  EHBOND  =         0.0000  RESTRAINT  =        25.3335
 EAMBER (non-restraint)  =    -48121.0521
 ------------------------------------------------------------------------------

wrapping first mol.:       20.88048       29.52946       51.14652
wrapping first mol.:       20.88048       29.52946       51.14652

 NSTEP =    20500   TIME(PS) =    2181.000  TEMP(K) =   300.71  PRESS =     0.0
 Etot   =    -37922.2694  EKtot   =     10046.8359  EPtot      =    -47969.1053
 BOND   =       367.9541  ANGLE   =      1066.7526  DIHED      =      1338.5744
 1-4 NB =       445.3542  1-4 EEL =      6335.0232  VDWAALS    =      5270.4425
 EELEC  =    -62822.7618  EHBOND  =         0.0000  RESTRAINT  =        29.5555
 EAMBER (non-restraint)  =    -47998.6608
 ------------------------------------------------------------------------------

wrapping first mol.:       20.88048       29.52946       51.14652
wrapping first mol.:       20.88048       29.52946       51.14652

 NSTEP =    21000   TIME(PS) =    2182.000  TEMP(K) =   298.81  PRESS =     0.0
 Etot   =    -38082.0351  EKtot   =      9983.3525  EPtot      =    -48065.3876
 BOND   =       350.1348  ANGLE   =      1051.6444  DIHED      =      1351.1304
 1-4 NB =       455.0922  1-4 EEL =      6318.0180  VDWAALS    =      5188.4354
 EELEC  =    -62801.7682  EHBOND  =         0.0000  RESTRAINT  =        21.9254
 EAMBER (non-restraint)  =    -48087.3130
 ------------------------------------------------------------------------------

wrapping first mol.:       20.88048       29.52946       51.14652
wrapping first mol.:       20.88048       29.52946       51.14652

 NSTEP =    21500   TIME(PS) =    2183.000  TEMP(K) =   296.73  PRESS =     0.0
 Etot   =    -38352.6369  EKtot   =      9913.9482  EPtot      =    -48266.5851
 BOND   =       392.7832  ANGLE   =      1048.4890  DIHED      =      1380.5714
 1-4 NB =       438.4649  1-4 EEL =      6309.7171  VDWAALS    =      5591.2491
 EELEC  =    -63450.7286  EHBOND  =         0.0000  RESTRAINT  =        22.8688
 EAMBER (non-restraint)  =    -48289.4539
 ------------------------------------------------------------------------------

wrapping first mol.:       20.88048       29.52946       51.14652
wrapping first mol.:       20.88048       29.52946       51.14652

 NSTEP =    22000   TIME(PS) =    2184.000  TEMP(K) =   301.35  PRESS =     0.0
 Etot   =    -38142.5717  EKtot   =     10068.3564  EPtot      =    -48210.9281
 BOND   =       376.2210  ANGLE   =      1064.2596  DIHED      =      1360.9032
 1-4 NB =       450.6620  1-4 EEL =      6298.0352  VDWAALS    =      5387.1191
 EELEC  =    -63173.3058  EHBOND  =         0.0000  RESTRAINT  =        25.1777
 EAMBER (non-restraint)  =    -48236.1058
 ------------------------------------------------------------------------------

wrapping first mol.:       20.88048       29.52946       51.14652
wrapping first mol.:       20.88048       29.52946       51.14652

 NSTEP =    22500   TIME(PS) =    2185.000  TEMP(K) =   301.07  PRESS =     0.0
 Etot   =    -38112.3447  EKtot   =     10058.8438  EPtot      =    -48171.1884
 BOND   =       359.6439  ANGLE   =      1042.8515  DIHED      =      1364.0489
 1-4 NB =       438.3004  1-4 EEL =      6342.3836  VDWAALS    =      5481.6463
 EELEC  =    -63227.0521  EHBOND  =         0.0000  RESTRAINT  =        26.9892
 EAMBER (non-restraint)  =    -48198.1777
 ------------------------------------------------------------------------------

wrapping first mol.:       20.88048       29.52946       51.14652
wrapping first mol.:       20.88048       29.52946       51.14652

 NSTEP =    23000   TIME(PS) =    2186.000  TEMP(K) =   301.19  PRESS =     0.0
 Etot   =    -38103.7987  EKtot   =     10062.8838  EPtot      =    -48166.6825
 BOND   =       358.8121  ANGLE   =      1061.6644  DIHED      =      1349.0439
 1-4 NB =       442.1063  1-4 EEL =      6323.2287  VDWAALS    =      5384.3442
 EELEC  =    -63110.5869  EHBOND  =         0.0000  RESTRAINT  =        24.7048
 EAMBER (non-restraint)  =    -48191.3873
 ------------------------------------------------------------------------------

wrapping first mol.:       20.88048       29.52946       51.14652
wrapping first mol.:       20.88048       29.52946       51.14652

 NSTEP =    23500   TIME(PS) =    2187.000  TEMP(K) =   300.94  PRESS =     0.0
 Etot   =    -38364.9884  EKtot   =     10054.7686  EPtot      =    -48419.7570
 BOND   =       349.8402  ANGLE   =      1121.0562  DIHED      =      1334.5902
 1-4 NB =       448.4514  1-4 EEL =      6326.2815  VDWAALS    =      5560.6558
 EELEC  =    -63585.8444  EHBOND  =         0.0000  RESTRAINT  =        25.2122
 EAMBER (non-restraint)  =    -48444.9692
 ------------------------------------------------------------------------------

wrapping first mol.:       20.88048       29.52946       51.14652
wrapping first mol.:       20.88048       29.52946       51.14652

 NSTEP =    24000   TIME(PS) =    2188.000  TEMP(K) =   299.00  PRESS =     0.0
 Etot   =    -38297.7433  EKtot   =      9989.6680  EPtot      =    -48287.4113
 BOND   =       337.4694  ANGLE   =      1088.7053  DIHED      =      1344.9076
 1-4 NB =       455.1692  1-4 EEL =      6329.6507  VDWAALS    =      5511.5269
 EELEC  =    -63378.3690  EHBOND  =         0.0000  RESTRAINT  =        23.5286
 EAMBER (non-restraint)  =    -48310.9399
 ------------------------------------------------------------------------------

wrapping first mol.:       20.88048       29.52946       51.14652
wrapping first mol.:       20.88048       29.52946       51.14652

 NSTEP =    24500   TIME(PS) =    2189.000  TEMP(K) =   299.08  PRESS =     0.0
 Etot   =    -38229.9064  EKtot   =      9992.6201  EPtot      =    -48222.5265
 BOND   =       344.6342  ANGLE   =      1025.1003  DIHED      =      1325.3288
 1-4 NB =       457.2932  1-4 EEL =      6353.2551  VDWAALS    =      5342.5410
 EELEC  =    -63098.9075  EHBOND  =         0.0000  RESTRAINT  =        28.2283
 EAMBER (non-restraint)  =    -48250.7548
 ------------------------------------------------------------------------------

wrapping first mol.:       20.88048       29.52946       51.14652
wrapping first mol.:       20.88048       29.52946       51.14652

 NSTEP =    25000   TIME(PS) =    2190.000  TEMP(K) =   301.21  PRESS =     0.0
 Etot   =    -38047.6035  EKtot   =     10063.4805  EPtot      =    -48111.0840
 BOND   =       396.8379  ANGLE   =      1080.0503  DIHED      =      1344.4533
 1-4 NB =       447.3696  1-4 EEL =      6326.9014  VDWAALS    =      5313.7182
 EELEC  =    -63050.0764  EHBOND  =         0.0000  RESTRAINT  =        29.6616
 EAMBER (non-restraint)  =    -48140.7456
 ------------------------------------------------------------------------------

wrapping first mol.:       20.88048       29.52946       51.14652
wrapping first mol.:       20.88048       29.52946       51.14652

 NSTEP =    25500   TIME(PS) =    2191.000  TEMP(K) =   303.03  PRESS =     0.0
 Etot   =    -38025.3000  EKtot   =     10124.3564  EPtot      =    -48149.6564
 BOND   =       336.4832  ANGLE   =      1021.4553  DIHED      =      1339.4283
 1-4 NB =       450.9317  1-4 EEL =      6309.4427  VDWAALS    =      5399.4822
 EELEC  =    -63028.6084  EHBOND  =         0.0000  RESTRAINT  =        21.7286
 EAMBER (non-restraint)  =    -48171.3850
 ------------------------------------------------------------------------------

wrapping first mol.:       20.88048       29.52946       51.14652
wrapping first mol.:       20.88048       29.52946       51.14652

 NSTEP =    26000   TIME(PS) =    2192.000  TEMP(K) =   299.24  PRESS =     0.0
 Etot   =    -38023.6877  EKtot   =      9997.9336  EPtot      =    -48021.6213
 BOND   =       378.0204  ANGLE   =      1091.9503  DIHED      =      1348.9977
 1-4 NB =       447.6423  1-4 EEL =      6302.1030  VDWAALS    =      5376.8994
 EELEC  =    -62992.1164  EHBOND  =         0.0000  RESTRAINT  =        24.8820
 EAMBER (non-restraint)  =    -48046.5032
 ------------------------------------------------------------------------------

wrapping first mol.:       20.88048       29.52946       51.14652
wrapping first mol.:       20.88048       29.52946       51.14652

 NSTEP =    26500   TIME(PS) =    2193.000  TEMP(K) =   298.82  PRESS =     0.0
 Etot   =    -38088.4323  EKtot   =      9983.6074  EPtot      =    -48072.0397
 BOND   =       326.5845  ANGLE   =      1058.0503  DIHED      =      1326.1452
 1-4 NB =       461.9279  1-4 EEL =      6331.6215  VDWAALS    =      5416.1564
 EELEC  =    -63016.4056  EHBOND  =         0.0000  RESTRAINT  =        23.8801
 EAMBER (non-restraint)  =    -48095.9198
 ------------------------------------------------------------------------------

wrapping first mol.:       20.88048       29.52946       51.14652
wrapping first mol.:       20.88048       29.52946       51.14652

 NSTEP =    27000   TIME(PS) =    2194.000  TEMP(K) =   304.93  PRESS =     0.0
 Etot   =    -37996.0994  EKtot   =     10187.9512  EPtot      =    -48184.0505
 BOND   =       349.8292  ANGLE   =      1067.1710  DIHED      =      1326.6470
 1-4 NB =       436.0478  1-4 EEL =      6315.0348  VDWAALS    =      5448.4710
 EELEC  =    -63152.5703  EHBOND  =         0.0000  RESTRAINT  =        25.3191
 EAMBER (non-restraint)  =    -48209.3697
 ------------------------------------------------------------------------------

wrapping first mol.:       20.88048       29.52946       51.14652
wrapping first mol.:       20.88048       29.52946       51.14652

 NSTEP =    27500   TIME(PS) =    2195.000  TEMP(K) =   301.87  PRESS =     0.0
 Etot   =    -38084.9761  EKtot   =     10085.6436  EPtot      =    -48170.6197
 BOND   =       357.3739  ANGLE   =      1067.2899  DIHED      =      1357.9823
 1-4 NB =       440.5745  1-4 EEL =      6310.1781  VDWAALS    =      5403.1700
 EELEC  =    -63133.5636  EHBOND  =         0.0000  RESTRAINT  =        26.3753
 EAMBER (non-restraint)  =    -48196.9949
 ------------------------------------------------------------------------------

wrapping first mol.:       20.88048       29.52946       51.14652
wrapping first mol.:       20.88048       29.52946       51.14652

 NSTEP =    28000   TIME(PS) =    2196.000  TEMP(K) =   301.96  PRESS =     0.0
 Etot   =    -37993.3715  EKtot   =     10088.6133  EPtot      =    -48081.9848
 BOND   =       356.0008  ANGLE   =      1084.6157  DIHED      =      1344.0978
 1-4 NB =       445.8117  1-4 EEL =      6314.4983  VDWAALS    =      5596.0700
 EELEC  =    -63253.6518  EHBOND  =         0.0000  RESTRAINT  =        30.5727
 EAMBER (non-restraint)  =    -48112.5576
 ------------------------------------------------------------------------------

wrapping first mol.:       20.88048       29.52946       51.14652
wrapping first mol.:       20.88048       29.52946       51.14652

 NSTEP =    28500   TIME(PS) =    2197.000  TEMP(K) =   295.39  PRESS =     0.0
 Etot   =    -38167.7835  EKtot   =      9869.0781  EPtot      =    -48036.8616
 BOND   =       357.0837  ANGLE   =      1064.1557  DIHED      =      1329.0636
 1-4 NB =       465.0405  1-4 EEL =      6320.8017  VDWAALS    =      5312.5627
 EELEC  =    -62914.8751  EHBOND  =         0.0000  RESTRAINT  =        29.3055
 EAMBER (non-restraint)  =    -48066.1671
 ------------------------------------------------------------------------------

wrapping first mol.:       20.88048       29.52946       51.14652
wrapping first mol.:       20.88048       29.52946       51.14652

 NSTEP =    29000   TIME(PS) =    2198.000  TEMP(K) =   299.72  PRESS =     0.0
 Etot   =    -38149.8757  EKtot   =     10013.7627  EPtot      =    -48163.6384
 BOND   =       386.8582  ANGLE   =      1051.5600  DIHED      =      1345.7100
 1-4 NB =       453.4602  1-4 EEL =      6330.3603  VDWAALS    =      5336.4630
 EELEC  =    -63091.0661  EHBOND  =         0.0000  RESTRAINT  =        23.0159
 EAMBER (non-restraint)  =    -48186.6543
 ------------------------------------------------------------------------------

wrapping first mol.:       20.88048       29.52946       51.14652
wrapping first mol.:       20.88048       29.52946       51.14652

 NSTEP =    29500   TIME(PS) =    2199.000  TEMP(K) =   303.19  PRESS =     0.0
 Etot   =    -38074.0938  EKtot   =     10129.6934  EPtot      =    -48203.7871
 BOND   =       343.8940  ANGLE   =      1078.9755  DIHED      =      1370.0324
 1-4 NB =       446.3283  1-4 EEL =      6297.8305  VDWAALS    =      5320.4986
 EELEC  =    -63093.2412  EHBOND  =         0.0000  RESTRAINT  =        31.8948
 EAMBER (non-restraint)  =    -48235.6819
 ------------------------------------------------------------------------------

wrapping first mol.:       20.88048       29.52946       51.14652
wrapping first mol.:       20.88048       29.52946       51.14652

 NSTEP =    30000   TIME(PS) =    2200.000  TEMP(K) =   299.80  PRESS =     0.0
 Etot   =    -37958.9417  EKtot   =     10016.6094  EPtot      =    -47975.5511
 BOND   =       397.9515  ANGLE   =      1042.7230  DIHED      =      1318.6179
 1-4 NB =       439.3072  1-4 EEL =      6342.4348  VDWAALS    =      5116.5835
 EELEC  =    -62661.7255  EHBOND  =         0.0000  RESTRAINT  =        28.5565
 EAMBER (non-restraint)  =    -48004.1076
 ------------------------------------------------------------------------------

wrapping first mol.:       20.88048       29.52946       51.14652
wrapping first mol.:       20.88048       29.52946       51.14652

 NSTEP =    30500   TIME(PS) =    2201.000  TEMP(K) =   301.88  PRESS =     0.0
 Etot   =    -37974.7093  EKtot   =     10086.0029  EPtot      =    -48060.7122
 BOND   =       370.4122  ANGLE   =      1096.1512  DIHED      =      1356.7953
 1-4 NB =       458.9811  1-4 EEL =      6328.2877  VDWAALS    =      5287.1458
 EELEC  =    -62978.8100  EHBOND  =         0.0000  RESTRAINT  =        20.3245
 EAMBER (non-restraint)  =    -48081.0367
 ------------------------------------------------------------------------------

wrapping first mol.:       20.88048       29.52946       51.14652
wrapping first mol.:       20.88048       29.52946       51.14652

 NSTEP =    31000   TIME(PS) =    2202.000  TEMP(K) =   302.76  PRESS =     0.0
 Etot   =    -38022.9685  EKtot   =     10115.2617  EPtot      =    -48138.2302
 BOND   =       334.6967  ANGLE   =      1058.8070  DIHED      =      1356.7800
 1-4 NB =       446.4655  1-4 EEL =      6351.0570  VDWAALS    =      5349.7581
 EELEC  =    -63062.5229  EHBOND  =         0.0000  RESTRAINT  =        26.7284
 EAMBER (non-restraint)  =    -48164.9587
 ------------------------------------------------------------------------------

wrapping first mol.:       20.88048       29.52946       51.14652
wrapping first mol.:       20.88048       29.52946       51.14652

 NSTEP =    31500   TIME(PS) =    2203.000  TEMP(K) =   299.59  PRESS =     0.0
 Etot   =    -38037.9082  EKtot   =     10009.5410  EPtot      =    -48047.4492
 BOND   =       332.0355  ANGLE   =      1031.1218  DIHED      =      1347.9826
 1-4 NB =       462.4076  1-4 EEL =      6311.9306  VDWAALS    =      5292.3282
 EELEC  =    -62855.9794  EHBOND  =         0.0000  RESTRAINT  =        30.7240
 EAMBER (non-restraint)  =    -48078.1731
 ------------------------------------------------------------------------------

wrapping first mol.:       20.88048       29.52946       51.14652
wrapping first mol.:       20.88048       29.52946       51.14652

 NSTEP =    32000   TIME(PS) =    2204.000  TEMP(K) =   300.99  PRESS =     0.0
 Etot   =    -37996.9346  EKtot   =     10056.2051  EPtot      =    -48053.1396
 BOND   =       327.9101  ANGLE   =      1080.6347  DIHED      =      1372.3424
 1-4 NB =       447.1037  1-4 EEL =      6327.2324  VDWAALS    =      5308.7304
 EELEC  =    -62944.2287  EHBOND  =         0.0000  RESTRAINT  =        27.1352
 EAMBER (non-restraint)  =    -48080.2749
 ------------------------------------------------------------------------------

wrapping first mol.:       20.88048       29.52946       51.14652
wrapping first mol.:       20.88048       29.52946       51.14652

 NSTEP =    32500   TIME(PS) =    2205.000  TEMP(K) =   305.05  PRESS =     0.0
 Etot   =    -37922.1758  EKtot   =     10192.0547  EPtot      =    -48114.2305
 BOND   =       377.5577  ANGLE   =      1070.2006  DIHED      =      1360.2704
 1-4 NB =       452.7026  1-4 EEL =      6343.1317  VDWAALS    =      5585.0990
 EELEC  =    -63328.2193  EHBOND  =         0.0000  RESTRAINT  =        25.0268
 EAMBER (non-restraint)  =    -48139.2572
 ------------------------------------------------------------------------------

wrapping first mol.:       20.88048       29.52946       51.14652
wrapping first mol.:       20.88048       29.52946       51.14652

 NSTEP =    33000   TIME(PS) =    2206.000  TEMP(K) =   303.16  PRESS =     0.0
 Etot   =    -38020.9065  EKtot   =     10128.6221  EPtot      =    -48149.5286
 BOND   =       334.5089  ANGLE   =      1103.7376  DIHED      =      1370.0293
 1-4 NB =       453.9295  1-4 EEL =      6304.3323  VDWAALS    =      5416.9189
 EELEC  =    -63159.7260  EHBOND  =         0.0000  RESTRAINT  =        26.7408
 EAMBER (non-restraint)  =    -48176.2694
 ------------------------------------------------------------------------------

wrapping first mol.:       20.88048       29.52946       51.14652
wrapping first mol.:       20.88048       29.52946       51.14652

 NSTEP =    33500   TIME(PS) =    2207.000  TEMP(K) =   299.05  PRESS =     0.0
 Etot   =    -38205.9913  EKtot   =      9991.3213  EPtot      =    -48197.3126
 BOND   =       349.6669  ANGLE   =      1074.2752  DIHED      =      1331.4933
 1-4 NB =       451.5817  1-4 EEL =      6330.6434  VDWAALS    =      5485.2465
 EELEC  =    -63247.8989  EHBOND  =         0.0000  RESTRAINT  =        27.6793
 EAMBER (non-restraint)  =    -48224.9918
 ------------------------------------------------------------------------------

wrapping first mol.:       20.88048       29.52946       51.14652
wrapping first mol.:       20.88048       29.52946       51.14652

 NSTEP =    34000   TIME(PS) =    2208.000  TEMP(K) =   300.96  PRESS =     0.0
 Etot   =    -38078.2467  EKtot   =     10055.1289  EPtot      =    -48133.3756
 BOND   =       344.0063  ANGLE   =      1074.2457  DIHED      =      1342.2060
 1-4 NB =       445.8864  1-4 EEL =      6298.7923  VDWAALS    =      5381.5488
 EELEC  =    -63044.0969  EHBOND  =         0.0000  RESTRAINT  =        24.0358
 EAMBER (non-restraint)  =    -48157.4114
 ------------------------------------------------------------------------------

wrapping first mol.:       20.88048       29.52946       51.14652
wrapping first mol.:       20.88048       29.52946       51.14652

 NSTEP =    34500   TIME(PS) =    2209.000  TEMP(K) =   300.80  PRESS =     0.0
 Etot   =    -37966.8792  EKtot   =     10049.7930  EPtot      =    -48016.6721
 BOND   =       368.4877  ANGLE   =      1092.7128  DIHED      =      1351.8978
 1-4 NB =       435.7985  1-4 EEL =      6334.2548  VDWAALS    =      5443.2697
 EELEC  =    -63069.2540  EHBOND  =         0.0000  RESTRAINT  =        26.1605
 EAMBER (non-restraint)  =    -48042.8326
 ------------------------------------------------------------------------------

wrapping first mol.:       20.88048       29.52946       51.14652
wrapping first mol.:       20.88048       29.52946       51.14652

 NSTEP =    35000   TIME(PS) =    2210.000  TEMP(K) =   300.91  PRESS =     0.0
 Etot   =    -38098.7193  EKtot   =     10053.4395  EPtot      =    -48152.1588
 BOND   =       358.1439  ANGLE   =      1055.1427  DIHED      =      1344.0645
 1-4 NB =       449.6841  1-4 EEL =      6312.4485  VDWAALS    =      5325.4157
 EELEC  =    -63021.3371  EHBOND  =         0.0000  RESTRAINT  =        24.2790
 EAMBER (non-restraint)  =    -48176.4377
 ------------------------------------------------------------------------------

wrapping first mol.:       20.88048       29.52946       51.14652
wrapping first mol.:       20.88048       29.52946       51.14652

 NSTEP =    35500   TIME(PS) =    2211.000  TEMP(K) =   298.25  PRESS =     0.0
 Etot   =    -38160.6396  EKtot   =      9964.7021  EPtot      =    -48125.3418
 BOND   =       352.5827  ANGLE   =      1065.2990  DIHED      =      1336.5044
 1-4 NB =       457.8023  1-4 EEL =      6316.2346  VDWAALS    =      5697.4099
 EELEC  =    -63375.3300  EHBOND  =         0.0000  RESTRAINT  =        24.1554
 EAMBER (non-restraint)  =    -48149.4971
 ------------------------------------------------------------------------------

wrapping first mol.:       20.88048       29.52946       51.14652
wrapping first mol.:       20.88048       29.52946       51.14652

 NSTEP =    36000   TIME(PS) =    2212.000  TEMP(K) =   300.47  PRESS =     0.0
 Etot   =    -38052.3715  EKtot   =     10038.7969  EPtot      =    -48091.1683
 BOND   =       347.8850  ANGLE   =      1032.4481  DIHED      =      1353.9105
 1-4 NB =       437.8392  1-4 EEL =      6312.2877  VDWAALS    =      5312.0584
 EELEC  =    -62913.5035  EHBOND  =         0.0000  RESTRAINT  =        25.9061
 EAMBER (non-restraint)  =    -48117.0744
 ------------------------------------------------------------------------------

wrapping first mol.:       20.88048       29.52946       51.14652
wrapping first mol.:       20.88048       29.52946       51.14652

 NSTEP =    36500   TIME(PS) =    2213.000  TEMP(K) =   300.11  PRESS =     0.0
 Etot   =    -38175.3825  EKtot   =     10026.7529  EPtot      =    -48202.1354
 BOND   =       361.4682  ANGLE   =      1065.9163  DIHED      =      1352.6703
 1-4 NB =       425.1669  1-4 EEL =      6261.9762  VDWAALS    =      5476.8161
 EELEC  =    -63174.0863  EHBOND  =         0.0000  RESTRAINT  =        27.9368
 EAMBER (non-restraint)  =    -48230.0723
 ------------------------------------------------------------------------------

wrapping first mol.:       20.88048       29.52946       51.14652
wrapping first mol.:       20.88048       29.52946       51.14652

 NSTEP =    37000   TIME(PS) =    2214.000  TEMP(K) =   301.27  PRESS =     0.0
 Etot   =    -37945.2007  EKtot   =     10065.7129  EPtot      =    -48010.9135
 BOND   =       368.1048  ANGLE   =      1082.3739  DIHED      =      1346.0297
 1-4 NB =       430.9803  1-4 EEL =      6281.5152  VDWAALS    =      5407.0935
 EELEC  =    -62952.3250  EHBOND  =         0.0000  RESTRAINT  =        25.3142
 EAMBER (non-restraint)  =    -48036.2277
 ------------------------------------------------------------------------------

wrapping first mol.:       20.88048       29.52946       51.14652
wrapping first mol.:       20.88048       29.52946       51.14652

 NSTEP =    37500   TIME(PS) =    2215.000  TEMP(K) =   301.36  PRESS =     0.0
 Etot   =    -37961.3123  EKtot   =     10068.7217  EPtot      =    -48030.0339
 BOND   =       352.5089  ANGLE   =      1073.4417  DIHED      =      1370.4591
 1-4 NB =       447.4664  1-4 EEL =      6351.9456  VDWAALS    =      5395.9426
 EELEC  =    -63049.3235  EHBOND  =         0.0000  RESTRAINT  =        27.5252
 EAMBER (non-restraint)  =    -48057.5592
 ------------------------------------------------------------------------------

wrapping first mol.:       20.88048       29.52946       51.14652
wrapping first mol.:       20.88048       29.52946       51.14652

 NSTEP =    38000   TIME(PS) =    2216.000  TEMP(K) =   296.70  PRESS =     0.0
 Etot   =    -38160.0385  EKtot   =      9913.0557  EPtot      =    -48073.0941
 BOND   =       356.2174  ANGLE   =      1075.1994  DIHED      =      1367.9135
 1-4 NB =       449.2277  1-4 EEL =      6277.7850  VDWAALS    =      5357.0890
 EELEC  =    -62981.4338  EHBOND  =         0.0000  RESTRAINT  =        24.9076
 EAMBER (non-restraint)  =    -48098.0017
 ------------------------------------------------------------------------------

wrapping first mol.:       20.88048       29.52946       51.14652
wrapping first mol.:       20.88048       29.52946       51.14652

 NSTEP =    38500   TIME(PS) =    2217.000  TEMP(K) =   299.63  PRESS =     0.0
 Etot   =    -38260.3250  EKtot   =     10010.7324  EPtot      =    -48271.0574
 BOND   =       364.6199  ANGLE   =      1036.4581  DIHED      =      1327.6828
 1-4 NB =       445.1022  1-4 EEL =      6310.2296  VDWAALS    =      5241.6225
 EELEC  =    -63019.3719  EHBOND  =         0.0000  RESTRAINT  =        22.5994
 EAMBER (non-restraint)  =    -48293.6568
 ------------------------------------------------------------------------------

wrapping first mol.:       20.88048       29.52946       51.14652
wrapping first mol.:       20.88048       29.52946       51.14652

 NSTEP =    39000   TIME(PS) =    2218.000  TEMP(K) =   295.31  PRESS =     0.0
 Etot   =    -38347.6161  EKtot   =      9866.3906  EPtot      =    -48214.0067
 BOND   =       345.0533  ANGLE   =      1084.9009  DIHED      =      1321.4312
 1-4 NB =       430.9985  1-4 EEL =      6289.3581  VDWAALS    =      5381.2786
 EELEC  =    -63091.0942  EHBOND  =         0.0000  RESTRAINT  =        24.0668
 EAMBER (non-restraint)  =    -48238.0736
 ------------------------------------------------------------------------------

wrapping first mol.:       20.88048       29.52946       51.14652
wrapping first mol.:       20.88048       29.52946       51.14652

 NSTEP =    39500   TIME(PS) =    2219.000  TEMP(K) =   298.18  PRESS =     0.0
 Etot   =    -38251.5802  EKtot   =      9962.5410  EPtot      =    -48214.1212
 BOND   =       345.7444  ANGLE   =      1047.8791  DIHED      =      1328.3730
 1-4 NB =       457.0651  1-4 EEL =      6312.4390  VDWAALS    =      5267.1376
 EELEC  =    -62997.5562  EHBOND  =         0.0000  RESTRAINT  =        24.7967
 EAMBER (non-restraint)  =    -48238.9179
 ------------------------------------------------------------------------------

wrapping first mol.:       20.88048       29.52946       51.14652
wrapping first mol.:       20.88048       29.52946       51.14652

 NSTEP =    40000   TIME(PS) =    2220.000  TEMP(K) =   304.11  PRESS =     0.0
 Etot   =    -38085.2706  EKtot   =     10160.6348  EPtot      =    -48245.9053
 BOND   =       330.0056  ANGLE   =      1052.9378  DIHED      =      1363.9538
 1-4 NB =       444.7170  1-4 EEL =      6272.6401  VDWAALS    =      5500.9699
 EELEC  =    -63236.9337  EHBOND  =         0.0000  RESTRAINT  =        25.8040
 EAMBER (non-restraint)  =    -48271.7093
 ------------------------------------------------------------------------------

wrapping first mol.:       20.88048       29.52946       51.14652
wrapping first mol.:       20.88048       29.52946       51.14652

 NSTEP =    40500   TIME(PS) =    2221.000  TEMP(K) =   302.21  PRESS =     0.0
 Etot   =    -37935.3822  EKtot   =     10096.8799  EPtot      =    -48032.2621
 BOND   =       337.4063  ANGLE   =      1088.2649  DIHED      =      1328.0718
 1-4 NB =       441.5092  1-4 EEL =      6275.6886  VDWAALS    =      5450.3400
 EELEC  =    -62980.0421  EHBOND  =         0.0000  RESTRAINT  =        26.4992
 EAMBER (non-restraint)  =    -48058.7613
 ------------------------------------------------------------------------------

wrapping first mol.:       20.88048       29.52946       51.14652
wrapping first mol.:       20.88048       29.52946       51.14652

 NSTEP =    41000   TIME(PS) =    2222.000  TEMP(K) =   299.03  PRESS =     0.0
 Etot   =    -38101.4791  EKtot   =      9990.8105  EPtot      =    -48092.2896
 BOND   =       351.0602  ANGLE   =      1095.7314  DIHED      =      1342.6850
 1-4 NB =       444.5827  1-4 EEL =      6319.5968  VDWAALS    =      5452.3964
 EELEC  =    -63126.2693  EHBOND  =         0.0000  RESTRAINT  =        27.9272
 EAMBER (non-restraint)  =    -48120.2168
 ------------------------------------------------------------------------------

wrapping first mol.:       20.88048       29.52946       51.14652
wrapping first mol.:       20.88048       29.52946       51.14652

 NSTEP =    41500   TIME(PS) =    2223.000  TEMP(K) =   301.74  PRESS =     0.0
 Etot   =    -38085.3397  EKtot   =     10081.4697  EPtot      =    -48166.8094
 BOND   =       356.6143  ANGLE   =      1081.0594  DIHED      =      1322.7732
 1-4 NB =       455.0191  1-4 EEL =      6337.7165  VDWAALS    =      5418.6251
 EELEC  =    -63162.9462  EHBOND  =         0.0000  RESTRAINT  =        24.3292
 EAMBER (non-restraint)  =    -48191.1386
 ------------------------------------------------------------------------------

wrapping first mol.:       20.88048       29.52946       51.14652
wrapping first mol.:       20.88048       29.52946       51.14652

 NSTEP =    42000   TIME(PS) =    2224.000  TEMP(K) =   302.50  PRESS =     0.0
 Etot   =    -38253.1207  EKtot   =     10106.6680  EPtot      =    -48359.7887
 BOND   =       322.1732  ANGLE   =      1057.5897  DIHED      =      1341.3761
 1-4 NB =       441.9492  1-4 EEL =      6278.0441  VDWAALS    =      5672.9429
 EELEC  =    -63505.9976  EHBOND  =         0.0000  RESTRAINT  =        32.1337
 EAMBER (non-restraint)  =    -48391.9224
 ------------------------------------------------------------------------------

wrapping first mol.:       20.88048       29.52946       51.14652
wrapping first mol.:       20.88048       29.52946       51.14652

 NSTEP =    42500   TIME(PS) =    2225.000  TEMP(K) =   298.48  PRESS =     0.0
 Etot   =    -37995.1778  EKtot   =      9972.3994  EPtot      =    -47967.5772
 BOND   =       350.5301  ANGLE   =      1080.2493  DIHED      =      1362.5030
 1-4 NB =       452.4590  1-4 EEL =      6396.2435  VDWAALS    =      5359.4778
 EELEC  =    -62997.3991  EHBOND  =         0.0000  RESTRAINT  =        28.3592
 EAMBER (non-restraint)  =    -47995.9364
 ------------------------------------------------------------------------------

wrapping first mol.:       20.88048       29.52946       51.14652
wrapping first mol.:       20.88048       29.52946       51.14652

 NSTEP =    43000   TIME(PS) =    2226.000  TEMP(K) =   297.63  PRESS =     0.0
 Etot   =    -38318.0766  EKtot   =      9943.9268  EPtot      =    -48262.0033
 BOND   =       357.3963  ANGLE   =      1058.3104  DIHED      =      1335.0981
 1-4 NB =       456.8814  1-4 EEL =      6344.2554  VDWAALS    =      5489.5486
 EELEC  =    -63331.4284  EHBOND  =         0.0000  RESTRAINT  =        27.9349
 EAMBER (non-restraint)  =    -48289.9382
 ------------------------------------------------------------------------------

wrapping first mol.:       20.88048       29.52946       51.14652
wrapping first mol.:       20.88048       29.52946       51.14652

 NSTEP =    43500   TIME(PS) =    2227.000  TEMP(K) =   300.89  PRESS =     0.0
 Etot   =    -38138.1072  EKtot   =     10052.9072  EPtot      =    -48191.0144
 BOND   =       349.8535  ANGLE   =      1056.6444  DIHED      =      1351.0210
 1-4 NB =       448.0200  1-4 EEL =      6313.0857  VDWAALS    =      5260.4146
 EELEC  =    -62996.9200  EHBOND  =         0.0000  RESTRAINT  =        26.8664
 EAMBER (non-restraint)  =    -48217.8808
 ------------------------------------------------------------------------------

wrapping first mol.:       20.88048       29.52946       51.14652
wrapping first mol.:       20.88048       29.52946       51.14652

 NSTEP =    44000   TIME(PS) =    2228.000  TEMP(K) =   298.55  PRESS =     0.0
 Etot   =    -38143.0303  EKtot   =      9974.5928  EPtot      =    -48117.6230
 BOND   =       366.4188  ANGLE   =      1053.4697  DIHED      =      1356.5301
 1-4 NB =       459.4604  1-4 EEL =      6303.2502  VDWAALS    =      5440.3278
 EELEC  =    -63124.9808  EHBOND  =         0.0000  RESTRAINT  =        27.9009
 EAMBER (non-restraint)  =    -48145.5239
 ------------------------------------------------------------------------------

wrapping first mol.:       20.88048       29.52946       51.14652
wrapping first mol.:       20.88048       29.52946       51.14652

 NSTEP =    44500   TIME(PS) =    2229.000  TEMP(K) =   302.77  PRESS =     0.0
 Etot   =    -38025.5334  EKtot   =     10115.8789  EPtot      =    -48141.4123
 BOND   =       338.4564  ANGLE   =      1027.3026  DIHED      =      1357.4040
 1-4 NB =       451.5152  1-4 EEL =      6347.6545  VDWAALS    =      5547.6595
 EELEC  =    -63238.9822  EHBOND  =         0.0000  RESTRAINT  =        27.5777
 EAMBER (non-restraint)  =    -48168.9900
 ------------------------------------------------------------------------------

wrapping first mol.:       20.88048       29.52946       51.14652
wrapping first mol.:       20.88048       29.52946       51.14652

 NSTEP =    45000   TIME(PS) =    2230.000  TEMP(K) =   300.68  PRESS =     0.0
 Etot   =    -38065.9162  EKtot   =     10045.7764  EPtot      =    -48111.6926
 BOND   =       348.4207  ANGLE   =      1070.1551  DIHED      =      1338.2248
 1-4 NB =       442.5536  1-4 EEL =      6332.8221  VDWAALS    =      5523.4332
 EELEC  =    -63193.9841  EHBOND  =         0.0000  RESTRAINT  =        26.6820
 EAMBER (non-restraint)  =    -48138.3747
 ------------------------------------------------------------------------------

wrapping first mol.:       20.88048       29.52946       51.14652
wrapping first mol.:       20.88048       29.52946       51.14652

 NSTEP =    45500   TIME(PS) =    2231.000  TEMP(K) =   300.65  PRESS =     0.0
 Etot   =    -37939.9031  EKtot   =     10044.7900  EPtot      =    -47984.6931
 BOND   =       359.4055  ANGLE   =      1044.9561  DIHED      =      1319.2927
 1-4 NB =       442.8468  1-4 EEL =      6324.9523  VDWAALS    =      5277.1136
 EELEC  =    -62780.5827  EHBOND  =         0.0000  RESTRAINT  =        27.3227
 EAMBER (non-restraint)  =    -48012.0158
 ------------------------------------------------------------------------------

wrapping first mol.:       20.88048       29.52946       51.14652
wrapping first mol.:       20.88048       29.52946       51.14652

 NSTEP =    46000   TIME(PS) =    2232.000  TEMP(K) =   295.05  PRESS =     0.0
 Etot   =    -38195.9635  EKtot   =      9857.8057  EPtot      =    -48053.7691
 BOND   =       346.2077  ANGLE   =      1099.8216  DIHED      =      1340.8522
 1-4 NB =       444.0589  1-4 EEL =      6360.6346  VDWAALS    =      5333.1301
 EELEC  =    -63005.8510  EHBOND  =         0.0000  RESTRAINT  =        27.3769
 EAMBER (non-restraint)  =    -48081.1460
 ------------------------------------------------------------------------------

wrapping first mol.:       20.88048       29.52946       51.14652
wrapping first mol.:       20.88048       29.52946       51.14652

 NSTEP =    46500   TIME(PS) =    2233.000  TEMP(K) =   302.65  PRESS =     0.0
 Etot   =    -38101.2677  EKtot   =     10111.7314  EPtot      =    -48212.9991
 BOND   =       334.3574  ANGLE   =      1027.0580  DIHED      =      1330.9908
 1-4 NB =       459.6482  1-4 EEL =      6318.6721  VDWAALS    =      5336.1786
 EELEC  =    -63047.1859  EHBOND  =         0.0000  RESTRAINT  =        27.2817
 EAMBER (non-restraint)  =    -48240.2808
 ------------------------------------------------------------------------------

wrapping first mol.:       20.88048       29.52946       51.14652
wrapping first mol.:       20.88048       29.52946       51.14652

 NSTEP =    47000   TIME(PS) =    2234.000  TEMP(K) =   297.58  PRESS =     0.0
 Etot   =    -38346.8027  EKtot   =      9942.2285  EPtot      =    -48289.0312
 BOND   =       341.9863  ANGLE   =      1048.8416  DIHED      =      1360.2545
 1-4 NB =       446.1136  1-4 EEL =      6316.5157  VDWAALS    =      5608.5030
 EELEC  =    -63436.8163  EHBOND  =         0.0000  RESTRAINT  =        25.5703
 EAMBER (non-restraint)  =    -48314.6016
 ------------------------------------------------------------------------------

wrapping first mol.:       20.88048       29.52946       51.14652
wrapping first mol.:       20.88048       29.52946       51.14652

 NSTEP =    47500   TIME(PS) =    2235.000  TEMP(K) =   301.32  PRESS =     0.0
 Etot   =    -38013.0470  EKtot   =     10067.4336  EPtot      =    -48080.4806
 BOND   =       352.3099  ANGLE   =      1073.1192  DIHED      =      1335.3183
 1-4 NB =       441.3209  1-4 EEL =      6321.4076  VDWAALS    =      5490.0397
 EELEC  =    -63123.1450  EHBOND  =         0.0000  RESTRAINT  =        29.1488
 EAMBER (non-restraint)  =    -48109.6294
 ------------------------------------------------------------------------------

wrapping first mol.:       20.88048       29.52946       51.14652
wrapping first mol.:       20.88048       29.52946       51.14652

 NSTEP =    48000   TIME(PS) =    2236.000  TEMP(K) =   299.77  PRESS =     0.0
 Etot   =    -37954.7995  EKtot   =     10015.5508  EPtot      =    -47970.3503
 BOND   =       343.1830  ANGLE   =      1095.5616  DIHED      =      1360.2955
 1-4 NB =       447.0947  1-4 EEL =      6304.8808  VDWAALS    =      5466.7149
 EELEC  =    -63023.6967  EHBOND  =         0.0000  RESTRAINT  =        35.6159
 EAMBER (non-restraint)  =    -48005.9662
 ------------------------------------------------------------------------------

wrapping first mol.:       20.88048       29.52946       51.14652
wrapping first mol.:       20.88048       29.52946       51.14652

 NSTEP =    48500   TIME(PS) =    2237.000  TEMP(K) =   296.95  PRESS =     0.0
 Etot   =    -38121.9317  EKtot   =      9921.3574  EPtot      =    -48043.2891
 BOND   =       386.0167  ANGLE   =      1048.3498  DIHED      =      1356.5583
 1-4 NB =       440.6886  1-4 EEL =      6323.8885  VDWAALS    =      5588.5466
 EELEC  =    -63220.3896  EHBOND  =         0.0000  RESTRAINT  =        33.0521
 EAMBER (non-restraint)  =    -48076.3412
 ------------------------------------------------------------------------------

wrapping first mol.:       20.88048       29.52946       51.14652
wrapping first mol.:       20.88048       29.52946       51.14652

 NSTEP =    49000   TIME(PS) =    2238.000  TEMP(K) =   300.89  PRESS =     0.0
 Etot   =    -37936.2666  EKtot   =     10052.9834  EPtot      =    -47989.2500
 BOND   =       349.8286  ANGLE   =      1051.6617  DIHED      =      1358.9588
 1-4 NB =       455.0355  1-4 EEL =      6327.0294  VDWAALS    =      5217.3899
 EELEC  =    -62787.5497  EHBOND  =         0.0000  RESTRAINT  =        38.3957
 EAMBER (non-restraint)  =    -48027.6457
 ------------------------------------------------------------------------------

wrapping first mol.:       20.88048       29.52946       51.14652
wrapping first mol.:       20.88048       29.52946       51.14652

 NSTEP =    49500   TIME(PS) =    2239.000  TEMP(K) =   299.59  PRESS =     0.0
 Etot   =    -38054.3345  EKtot   =     10009.5254  EPtot      =    -48063.8599
 BOND   =       347.6727  ANGLE   =      1071.4072  DIHED      =      1339.7857
 1-4 NB =       452.5217  1-4 EEL =      6324.7189  VDWAALS    =      5439.5913
 EELEC  =    -63074.5098  EHBOND  =         0.0000  RESTRAINT  =        34.9525
 EAMBER (non-restraint)  =    -48098.8124
 ------------------------------------------------------------------------------

wrapping first mol.:       20.88048       29.52946       51.14652
wrapping first mol.:       20.88048       29.52946       51.14652

 NSTEP =    50000   TIME(PS) =    2240.000  TEMP(K) =   297.23  PRESS =     0.0
 Etot   =    -38081.1865  EKtot   =      9930.7812  EPtot      =    -48011.9678
 BOND   =       365.8596  ANGLE   =      1067.3639  DIHED      =      1333.9996
 1-4 NB =       442.8887  1-4 EEL =      6273.5480  VDWAALS    =      5393.7760
 EELEC  =    -62921.3610  EHBOND  =         0.0000  RESTRAINT  =        31.9574
 EAMBER (non-restraint)  =    -48043.9251
 ------------------------------------------------------------------------------


      A V E R A G E S   O V E R     100 S T E P S


 NSTEP =    50000   TIME(PS) =    2240.000  TEMP(K) =   300.04  PRESS =     0.0
 Etot   =    -38099.4691  EKtot   =     10024.4478  EPtot      =    -48123.9169
 BOND   =       353.0972  ANGLE   =      1064.3143  DIHED      =      1347.5975
 1-4 NB =       448.0186  1-4 EEL =      6322.8981  VDWAALS    =      5402.7353
 EELEC  =    -63089.3123  EHBOND  =         0.0000  RESTRAINT  =        26.7345
 EAMBER (non-restraint)  =    -48150.6514
 ------------------------------------------------------------------------------


      R M S  F L U C T U A T I O N S


 NSTEP =    50000   TIME(PS) =    2240.000  TEMP(K) =     2.39  PRESS =     0.0
 Etot   =       134.0582  EKtot   =        79.8185  EPtot      =       101.8115
 BOND   =        16.7984  ANGLE   =        22.5678  DIHED      =        12.8687
 1-4 NB =         8.7071  1-4 EEL =        22.6811  VDWAALS    =       109.5222
 EELEC  =       165.0146  EHBOND  =         0.0000  RESTRAINT  =         3.3408
 EAMBER (non-restraint)  =        98.4707
 ------------------------------------------------------------------------------

--------------------------------------------------------------------------------
   5.  TIMINGS
--------------------------------------------------------------------------------

|  NonSetup CPU Time in Major Routines:
|
|     Routine           Sec        %
|     ------------------------------
|     Nonbond          13.52   35.98
|     Bond              0.00    0.00
|     Angle             0.00    0.00
|     Dihedral          0.00    0.00
|     Shake             0.72    1.90
|     RunMD            23.25   61.84
|     Other             0.10    0.28
|     ------------------------------
|     Total            37.59

|  PME Nonbond Pairlist CPU Time:
|
|     Routine              Sec        %
|     ---------------------------------
|     Set Up Cit           0.00    0.00
|     Build List           0.00    0.00
|     ---------------------------------
|     Total                0.00    0.00

|  PME Direct Force CPU Time:
|
|     Routine              Sec        %
|     ---------------------------------
|     NonBonded Calc       0.00    0.00
|     Exclude Masked       0.00    0.00
|     Other                0.02    0.05
|     ---------------------------------
|     Total                0.02    0.05

|  PME Reciprocal Force CPU Time:
|
|     Routine              Sec        %
|     ---------------------------------
|     1D bspline           0.00    0.00
|     Grid Charges         0.00    0.00
|     Scalar Sum           0.00    0.00
|     Gradient Sum         0.00    0.00
|     FFT                  0.00    0.00
|     ---------------------------------
|     Total                0.00    0.00

|  Final Performance Info:
|     -----------------------------------------------------
|     Average timings for last   49500 steps:
|     Elapsed(s) =      37.19 Per Step(ms) =       0.75
|         ns/day =     229.98   seconds/ns =     375.68
|
|     Average timings for all steps:
|     Elapsed(s) =      37.59 Per Step(ms) =       0.75
|         ns/day =     229.83   seconds/ns =     375.93
|     -----------------------------------------------------

|  Setup CPU time:            2.40 seconds
|  NonSetup CPU time:        37.59 seconds
|  Total CPU time:           39.99 seconds     0.01 hours

|  Setup wall time:           3    seconds
|  NonSetup wall time:       38    seconds
|  Total wall time:          41    seconds     0.01 hours
