
          -------------------------------------------------------
          Amber 16 PMEMD                              2016
          -------------------------------------------------------

| PMEMD implementation of SANDER, Release 16

| Run on 11/17/2017 at 08:33:30

|   Executable path: /apps/amber16/bin/pmemd.cuda
| Working directory: /home/pbarletta
|          Hostname: mordor

  [-O]verwriting output

File Assignments:
|   MDIN: /scratch/pbarletta/cph_obp/run/eol/mhe/e/25equ.in                     
|  MDOUT: /scratch/pbarletta/cph_obp/run/eol/mhe/e/25equ.out                    
| INPCRD: /scratch/pbarletta/cph_obp/run/eol/mhe/e/24eeol.rst7                  
|   PARM: /scratch/pbarletta/cph_obp/top_files/eol.prmtop                       
| RESTRT: /scratch/pbarletta/cph_obp/run/eol/mhe/e/25eeol.rst7                  
|   REFC: /scratch/pbarletta/cph_obp/run/eol/mhe/e/24eeol.rst7                  
|  MDVEL: mdvel                                                                 
|   MDEN: mden                                                                  
|  MDCRD: /scratch/pbarletta/cph_obp/run/eol/mhe/e/25eeol.nc                    
| MDINFO: mdinfo                                                                
|  MDFRC: mdfrc                                                                 


 Here is the input file:

Equilibration with solute restrictions                                         
&cntrl                                                                         
imin = 0,                           ! No Minimization                          
nmropt = 0,                         ! No NMR restraints read                   
                                                                               
! Nature and format of the input                                               
ntx = 5,                            ! Coordinates but no velocities will be rea
irest = 1,                          ! Do not run a new simulation              
                                                                               
! Nature and format of the output                                              
ntxo = 1,                           ! rstrt file in ASCII format               
ntpr = 500,                         ! inf in output every ntpr steps           
ntwr = 500,                         ! rstrt file every ntwr steps              
ntwx = 500,                         ! mdcrd file every ntwx steps              
ntwv = 0,                           ! mdvel without velocities                 
ntwe = 0,                           ! Energies and temperatures not written in 
idecomp = 0,                        ! No energy decomposition                  
iwrap = 1,                          ! Coordinates of the restart and mdcrd file
                                                                               
! Frozen or restrained atoms                                                   
ibelly = 0,                         ! No frozen atoms                          
ntr=1,                              ! Harmonic potential restraints            
restraint_wt = 0.11,                ! The weight for the positional restraints 
restraintmask = ':1-120@N,CA,C,O',  ! restrained residues                      
                                                                               
! Molecular dynamics                                                           
nstlim = 50000,                     ! Number of MD-steps                       
dt = 0.002,                         ! Time step                                
                                                                               
! Temperature regulation                                                       
ntt = 3,                            ! Langevin thermostat                      
gamma_ln = 5,                       ! Gamma constant for Langevin              
temp0 = 300.0,                      ! Reference T at which the system is to be 
tempi = 300.0,                      ! Initial T                                
ig = -1,                            ! Seed for the RNG                         
                                                                               
! P and V regulation                                                           
ntp = 0,                            ! No pressure control                      
ntb = 1,                            ! Periodic box for constant V              
                                                                               
! SHAKE variables                                                              
ntc = 2,                            ! Bonds involving H are constrained        
ntf = 2,                            ! Bond interaction involving H are ommited.
                                                                               
cut = 10.0,                         ! Nonbonded cutoff                         
                                                                               
/                                                                              
&end                                                                           


Note: ig = -1. Setting random seed to   400803 based on wallclock time in 
      microseconds.
| irandom = 1, using AMBER's internal random number generator (default).
 
|--------------------- INFORMATION ----------------------
| GPU (CUDA) Version of PMEMD in use: NVIDIA GPU IN USE.
|                    Version 16.0.0
| 
|                      02/25/2016
| 
| Implementation by:
|                    Ross C. Walker     (SDSC)
|                    Scott Le Grand     (nVIDIA)
| 
| Precision model in use:
|      [SPFP] - Single Precision Forces, 64-bit Fixed Point
|               Accumulation. (Default)
| 
|--------------------------------------------------------
 
|----------------- CITATION INFORMATION -----------------
|
|    When publishing work that utilized the CUDA version
|    of AMBER, please cite the following in addition to
|    the regular AMBER citations:
|
|  - Romelia Salomon-Ferrer; Andreas W. Goetz; Duncan
|    Poole; Scott Le Grand; Ross C. Walker "Routine
|    microsecond molecular dynamics simulations with
|    AMBER - Part II: Particle Mesh Ewald", J. Chem.
|    Theory Comput., 2013, 9 (9), pp3878-3888,
|    DOI: 10.1021/ct400314y.
|
|  - Andreas W. Goetz; Mark J. Williamson; Dong Xu;
|    Duncan Poole; Scott Le Grand; Ross C. Walker
|    "Routine microsecond molecular dynamics simulations
|    with AMBER - Part I: Generalized Born", J. Chem.
|    Theory Comput., 2012, 8 (5), pp1542-1555.
|
|  - Scott Le Grand; Andreas W. Goetz; Ross C. Walker
|    "SPFP: Speed without compromise - a mixed precision
|    model for GPU accelerated molecular dynamics
|    simulations.", Comp. Phys. Comm., 2013, 184
|    pp374-380, DOI: 10.1016/j.cpc.2012.09.022
|
|--------------------------------------------------------
 
|------------------- GPU DEVICE INFO --------------------
|
|            CUDA_VISIBLE_DEVICES: 2
|   CUDA Capable Devices Detected:      1
|           CUDA Device ID in use:      0
|                CUDA Device Name: GeForce GTX 1080 Ti
|     CUDA Device Global Mem Size:  11172 MB
| CUDA Device Num Multiprocessors:     28
|           CUDA Device Core Freq:   1.58 GHz
|
|--------------------------------------------------------
 
 
| Conditional Compilation Defines Used:
| PUBFFT
| BINTRAJ
| CUDA
| EMIL

| Largest sphere to fit in unit cell has radius =    25.573

| New format PARM file being parsed.
| Version =    1.000 Date = 11/14/17 Time = 21:40:14

| Note: 1-4 EEL scale factors are being read from the topology file.

| Note: 1-4 VDW scale factors are being read from the topology file.
| Duplicated    0 dihedrals

| Duplicated    0 dihedrals

--------------------------------------------------------------------------------
   1.  RESOURCE   USE: 
--------------------------------------------------------------------------------

 getting new box info from bottom of inpcrd
 NATOM  =   16335 NTYPES =      18 NBONH =   15379 MBONA  =     963
 NTHETH =    2359 MTHETA =    1293 NPHIH =    4500 MPHIA  =    3265
 NHPARM =       0 NPARM  =       0 NNB   =   30156 NRES   =    4896
 NBONA  =     963 NTHETA =    1293 NPHIA =    3265 NUMBND =      51
 NUMANG =     105 NPTRA  =      41 NATYP =      35 NPHB   =       1
 IFBOX  =       2 NMXRS  =      24 IFCAP =       0 NEXTRA =       0
 NCOPY  =       0

| Coordinate Index Table dimensions:    10   10   10
| Direct force subcell size =     6.2641    6.2641    6.2641

     BOX TYPE: TRUNCATED OCTAHEDRON

--------------------------------------------------------------------------------
   2.  CONTROL  DATA  FOR  THE  RUN
--------------------------------------------------------------------------------

default_name                                                                    

General flags:
     imin    =       0, nmropt  =       0

Nature and format of input:
     ntx     =       5, irest   =       1, ntrx    =       1

Nature and format of output:
     ntxo    =       1, ntpr    =     500, ntrx    =       1, ntwr    =     500
     iwrap   =       1, ntwx    =     500, ntwv    =       0, ntwe    =       0
     ioutfm  =       1, ntwprt  =       0, idecomp =       0, rbornstat=      0

Potential function:
     ntf     =       2, ntb     =       1, igb     =       0, nsnb    =      25
     ipol    =       0, gbsa    =       0, iesp    =       0
     dielc   =   1.00000, cut     =  10.00000, intdiel =   1.00000

Frozen or restrained atoms:
     ibelly  =       0, ntr     =       1
     restraint_wt =   0.11000

Molecular dynamics:
     nstlim  =     50000, nscm    =         0, nrespa  =         1
     t       =   0.00000, dt      =   0.00200, vlimit  =  -1.00000

Langevin dynamics temperature regulation:
     ig      =  400803
     temp0   = 300.00000, tempi   = 300.00000, gamma_ln=   5.00000

SHAKE:
     ntc     =       2, jfastw  =       0
     tol     =   0.00001

| Intermolecular bonds treatment:
|     no_intermolecular_bonds =       1

| Energy averages sample interval:
|     ene_avg_sampling =     500

Ewald parameters:
     verbose =       0, ew_type =       0, nbflag  =       1, use_pme =       1
     vdwmeth =       1, eedmeth =       1, netfrc  =       1
     Box X =   62.641   Box Y =   62.641   Box Z =   62.641
     Alpha =  109.471   Beta  =  109.471   Gamma =  109.471
     NFFT1 =   64       NFFT2 =   64       NFFT3 =   64
     Cutoff=   10.000   Tol   =0.100E-04
     Ewald Coefficient =  0.27511
     Interpolation order =    4

    LOADING THE CONSTRAINED ATOMS AS GROUPS


   5.  REFERENCE ATOM COORDINATES

  default_name                                                                    
     Mask :1-120@N,CA,C,O; matches   476 atoms

--------------------------------------------------------------------------------
   3.  ATOMIC COORDINATES AND VELOCITIES
--------------------------------------------------------------------------------

default_name                                                                    
 begin time read from input coords =  2540.000 ps

 
 Number of triangulated 3-point waters found:     4775

     Sum of charges from parm topology file =  -0.00000006
     Forcing neutrality...

| Dynamic Memory, Types Used:
| Reals              619308
| Integers           586628

| Nonbonded Pairs Initial Allocation:     4940929

| GPU memory information (estimate):
| KB of GPU memory in use:    123232
| KB of CPU memory in use:     26926

--------------------------------------------------------------------------------
   4.  RESULTS
--------------------------------------------------------------------------------

 ---------------------------------------------------
 APPROXIMATING switch and d/dx switch using CUBIC SPLINE INTERPOLATION
 using   5000.0 points per unit in tabled values
 TESTING RELATIVE ERROR over r ranging from 0.0 to cutoff
| CHECK switch(x): max rel err =   0.2738E-14   at   2.422500
| CHECK d/dx switch(x): max rel err =   0.8314E-11   at   2.736960
 ---------------------------------------------------
|---------------------------------------------------
| APPROXIMATING direct energy using CUBIC SPLINE INTERPOLATION
|  with   50.0 points per unit in tabled values
| Relative Error Limit not exceeded for r .gt.   2.33
| APPROXIMATING direct force using CUBIC SPLINE INTERPOLATION
|  with   50.0 points per unit in tabled values
| Relative Error Limit not exceeded for r .gt.   2.80
|---------------------------------------------------
wrapping first mol.:       20.88048       29.52946       51.14652
wrapping first mol.:       20.88048       29.52946       51.14652

 NSTEP =      500   TIME(PS) =    2541.000  TEMP(K) =   302.58  PRESS =     0.0
 Etot   =    -38086.0147  EKtot   =     10109.2979  EPtot      =    -48195.3126
 BOND   =       332.7667  ANGLE   =      1067.4551  DIHED      =      1364.9460
 1-4 NB =       462.6880  1-4 EEL =      6348.1439  VDWAALS    =      5547.8844
 EELEC  =    -63327.6574  EHBOND  =         0.0000  RESTRAINT  =         8.4607
 EAMBER (non-restraint)  =    -48203.7733
 ------------------------------------------------------------------------------

wrapping first mol.:       20.88048       29.52946       51.14652
wrapping first mol.:       20.88048       29.52946       51.14652

 NSTEP =     1000   TIME(PS) =    2542.000  TEMP(K) =   296.78  PRESS =     0.0
 Etot   =    -38208.3038  EKtot   =      9915.7256  EPtot      =    -48124.0294
 BOND   =       366.1652  ANGLE   =      1089.0726  DIHED      =      1329.0597
 1-4 NB =       442.6824  1-4 EEL =      6328.8207  VDWAALS    =      5534.7528
 EELEC  =    -63224.6283  EHBOND  =         0.0000  RESTRAINT  =        10.0454
 EAMBER (non-restraint)  =    -48134.0749
 ------------------------------------------------------------------------------

wrapping first mol.:       20.88048       29.52946       51.14652
wrapping first mol.:       20.88048       29.52946       51.14652

 NSTEP =     1500   TIME(PS) =    2543.000  TEMP(K) =   300.57  PRESS =     0.0
 Etot   =    -38152.8488  EKtot   =     10042.2285  EPtot      =    -48195.0773
 BOND   =       339.6220  ANGLE   =      1090.9773  DIHED      =      1328.2100
 1-4 NB =       452.8449  1-4 EEL =      6344.2699  VDWAALS    =      5452.2075
 EELEC  =    -63217.8639  EHBOND  =         0.0000  RESTRAINT  =        14.6549
 EAMBER (non-restraint)  =    -48209.7322
 ------------------------------------------------------------------------------

wrapping first mol.:       20.88048       29.52946       51.14652
wrapping first mol.:       20.88048       29.52946       51.14652

 NSTEP =     2000   TIME(PS) =    2544.000  TEMP(K) =   300.02  PRESS =     0.0
 Etot   =    -38059.3865  EKtot   =     10023.9014  EPtot      =    -48083.2879
 BOND   =       364.1717  ANGLE   =      1068.3973  DIHED      =      1345.5500
 1-4 NB =       448.0373  1-4 EEL =      6350.9715  VDWAALS    =      5242.8900
 EELEC  =    -62915.3813  EHBOND  =         0.0000  RESTRAINT  =        12.0757
 EAMBER (non-restraint)  =    -48095.3636
 ------------------------------------------------------------------------------

wrapping first mol.:       20.88048       29.52946       51.14652
wrapping first mol.:       20.88048       29.52946       51.14652

 NSTEP =     2500   TIME(PS) =    2545.000  TEMP(K) =   298.12  PRESS =     0.0
 Etot   =    -38126.8128  EKtot   =      9960.3896  EPtot      =    -48087.2024
 BOND   =       356.9213  ANGLE   =      1042.4145  DIHED      =      1352.4995
 1-4 NB =       462.0241  1-4 EEL =      6330.0228  VDWAALS    =      5354.3386
 EELEC  =    -62996.7447  EHBOND  =         0.0000  RESTRAINT  =        11.3213
 EAMBER (non-restraint)  =    -48098.5238
 ------------------------------------------------------------------------------

wrapping first mol.:       20.88048       29.52946       51.14652
wrapping first mol.:       20.88048       29.52946       51.14652

 NSTEP =     3000   TIME(PS) =    2546.000  TEMP(K) =   303.66  PRESS =     0.0
 Etot   =    -38067.7215  EKtot   =     10145.5000  EPtot      =    -48213.2215
 BOND   =       341.7514  ANGLE   =      1065.3581  DIHED      =      1361.3917
 1-4 NB =       438.1656  1-4 EEL =      6322.9323  VDWAALS    =      5402.5201
 EELEC  =    -63157.5440  EHBOND  =         0.0000  RESTRAINT  =        12.2033
 EAMBER (non-restraint)  =    -48225.4248
 ------------------------------------------------------------------------------

wrapping first mol.:       20.88048       29.52946       51.14652
wrapping first mol.:       20.88048       29.52946       51.14652

 NSTEP =     3500   TIME(PS) =    2547.000  TEMP(K) =   301.02  PRESS =     0.0
 Etot   =    -38036.9864  EKtot   =     10057.1250  EPtot      =    -48094.1114
 BOND   =       365.9345  ANGLE   =      1051.7133  DIHED      =      1326.1952
 1-4 NB =       452.8069  1-4 EEL =      6313.2718  VDWAALS    =      5543.9469
 EELEC  =    -63162.0587  EHBOND  =         0.0000  RESTRAINT  =        14.0787
 EAMBER (non-restraint)  =    -48108.1901
 ------------------------------------------------------------------------------

wrapping first mol.:       20.88048       29.52946       51.14652
wrapping first mol.:       20.88048       29.52946       51.14652

 NSTEP =     4000   TIME(PS) =    2548.000  TEMP(K) =   299.89  PRESS =     0.0
 Etot   =    -38127.1755  EKtot   =     10019.4590  EPtot      =    -48146.6344
 BOND   =       353.6641  ANGLE   =      1075.1608  DIHED      =      1353.3986
 1-4 NB =       440.1719  1-4 EEL =      6337.5633  VDWAALS    =      5332.4679
 EELEC  =    -63055.1427  EHBOND  =         0.0000  RESTRAINT  =        16.0818
 EAMBER (non-restraint)  =    -48162.7162
 ------------------------------------------------------------------------------

wrapping first mol.:       20.88048       29.52946       51.14652
wrapping first mol.:       20.88048       29.52946       51.14652

 NSTEP =     4500   TIME(PS) =    2549.000  TEMP(K) =   301.13  PRESS =     0.0
 Etot   =    -37995.6938  EKtot   =     10060.9482  EPtot      =    -48056.6420
 BOND   =       333.8325  ANGLE   =      1072.2699  DIHED      =      1345.1486
 1-4 NB =       450.1529  1-4 EEL =      6343.3801  VDWAALS    =      5306.5878
 EELEC  =    -62922.6107  EHBOND  =         0.0000  RESTRAINT  =        14.5969
 EAMBER (non-restraint)  =    -48071.2389
 ------------------------------------------------------------------------------

wrapping first mol.:       20.88048       29.52946       51.14652
wrapping first mol.:       20.88048       29.52946       51.14652

 NSTEP =     5000   TIME(PS) =    2550.000  TEMP(K) =   304.15  PRESS =     0.0
 Etot   =    -37973.4170  EKtot   =     10161.9707  EPtot      =    -48135.3877
 BOND   =       368.0463  ANGLE   =      1074.2872  DIHED      =      1360.1857
 1-4 NB =       431.9019  1-4 EEL =      6290.6570  VDWAALS    =      5428.9521
 EELEC  =    -63101.9785  EHBOND  =         0.0000  RESTRAINT  =        12.5606
 EAMBER (non-restraint)  =    -48147.9483
 ------------------------------------------------------------------------------

wrapping first mol.:       20.88048       29.52946       51.14652
wrapping first mol.:       20.88048       29.52946       51.14652

 NSTEP =     5500   TIME(PS) =    2551.000  TEMP(K) =   297.61  PRESS =     0.0
 Etot   =    -38073.0063  EKtot   =      9943.3613  EPtot      =    -48016.3676
 BOND   =       342.0089  ANGLE   =      1081.1295  DIHED      =      1324.9717
 1-4 NB =       444.0776  1-4 EEL =      6342.9892  VDWAALS    =      5485.3380
 EELEC  =    -63049.4166  EHBOND  =         0.0000  RESTRAINT  =        12.5341
 EAMBER (non-restraint)  =    -48028.9017
 ------------------------------------------------------------------------------

wrapping first mol.:       20.88048       29.52946       51.14652
wrapping first mol.:       20.88048       29.52946       51.14652

 NSTEP =     6000   TIME(PS) =    2552.000  TEMP(K) =   299.88  PRESS =     0.0
 Etot   =    -38138.6740  EKtot   =     10019.3135  EPtot      =    -48157.9875
 BOND   =       373.5202  ANGLE   =      1060.9319  DIHED      =      1354.7198
 1-4 NB =       440.3872  1-4 EEL =      6331.8085  VDWAALS    =      5405.9940
 EELEC  =    -63140.7205  EHBOND  =         0.0000  RESTRAINT  =        15.3714
 EAMBER (non-restraint)  =    -48173.3589
 ------------------------------------------------------------------------------

wrapping first mol.:       20.88048       29.52946       51.14652
wrapping first mol.:       20.88048       29.52946       51.14652

 NSTEP =     6500   TIME(PS) =    2553.000  TEMP(K) =   301.32  PRESS =     0.0
 Etot   =    -38033.4549  EKtot   =     10067.1494  EPtot      =    -48100.6043
 BOND   =       370.7556  ANGLE   =      1069.0324  DIHED      =      1347.9082
 1-4 NB =       440.9974  1-4 EEL =      6316.0865  VDWAALS    =      5207.2670
 EELEC  =    -62868.4043  EHBOND  =         0.0000  RESTRAINT  =        15.7527
 EAMBER (non-restraint)  =    -48116.3571
 ------------------------------------------------------------------------------

wrapping first mol.:       20.88048       29.52946       51.14652
wrapping first mol.:       20.88048       29.52946       51.14652

 NSTEP =     7000   TIME(PS) =    2554.000  TEMP(K) =   296.20  PRESS =     0.0
 Etot   =    -38066.4200  EKtot   =      9896.2002  EPtot      =    -47962.6202
 BOND   =       344.1707  ANGLE   =      1059.9386  DIHED      =      1364.1137
 1-4 NB =       437.9087  1-4 EEL =      6323.1914  VDWAALS    =      5261.8946
 EELEC  =    -62768.3578  EHBOND  =         0.0000  RESTRAINT  =        14.5199
 EAMBER (non-restraint)  =    -47977.1401
 ------------------------------------------------------------------------------

wrapping first mol.:       20.88048       29.52946       51.14652
wrapping first mol.:       20.88048       29.52946       51.14652

 NSTEP =     7500   TIME(PS) =    2555.000  TEMP(K) =   301.94  PRESS =     0.0
 Etot   =    -37989.8071  EKtot   =     10088.0029  EPtot      =    -48077.8101
 BOND   =       339.4112  ANGLE   =      1045.9749  DIHED      =      1334.2507
 1-4 NB =       452.4747  1-4 EEL =      6337.6824  VDWAALS    =      5410.7067
 EELEC  =    -63014.6041  EHBOND  =         0.0000  RESTRAINT  =        16.2935
 EAMBER (non-restraint)  =    -48094.1036
 ------------------------------------------------------------------------------

wrapping first mol.:       20.88048       29.52946       51.14652
wrapping first mol.:       20.88048       29.52946       51.14652

 NSTEP =     8000   TIME(PS) =    2556.000  TEMP(K) =   298.98  PRESS =     0.0
 Etot   =    -38024.5541  EKtot   =      9989.1289  EPtot      =    -48013.6830
 BOND   =       379.6407  ANGLE   =      1105.5633  DIHED      =      1362.8631
 1-4 NB =       434.2822  1-4 EEL =      6321.5146  VDWAALS    =      5304.7630
 EELEC  =    -62936.9197  EHBOND  =         0.0000  RESTRAINT  =        14.6098
 EAMBER (non-restraint)  =    -48028.2928
 ------------------------------------------------------------------------------

wrapping first mol.:       20.88048       29.52946       51.14652
wrapping first mol.:       20.88048       29.52946       51.14652

 NSTEP =     8500   TIME(PS) =    2557.000  TEMP(K) =   300.91  PRESS =     0.0
 Etot   =    -37920.7494  EKtot   =     10053.6826  EPtot      =    -47974.4320
 BOND   =       359.1592  ANGLE   =      1071.2601  DIHED      =      1375.4802
 1-4 NB =       438.3319  1-4 EEL =      6297.1804  VDWAALS    =      5534.8870
 EELEC  =    -63066.0228  EHBOND  =         0.0000  RESTRAINT  =        15.2921
 EAMBER (non-restraint)  =    -47989.7241
 ------------------------------------------------------------------------------

wrapping first mol.:       20.88048       29.52946       51.14652
wrapping first mol.:       20.88048       29.52946       51.14652

 NSTEP =     9000   TIME(PS) =    2558.000  TEMP(K) =   304.42  PRESS =     0.0
 Etot   =    -37886.5943  EKtot   =     10170.7979  EPtot      =    -48057.3921
 BOND   =       349.8554  ANGLE   =      1089.7238  DIHED      =      1341.4895
 1-4 NB =       447.9166  1-4 EEL =      6337.0493  VDWAALS    =      5528.8118
 EELEC  =    -63171.5055  EHBOND  =         0.0000  RESTRAINT  =        19.2669
 EAMBER (non-restraint)  =    -48076.6590
 ------------------------------------------------------------------------------

wrapping first mol.:       20.88048       29.52946       51.14652
wrapping first mol.:       20.88048       29.52946       51.14652

 NSTEP =     9500   TIME(PS) =    2559.000  TEMP(K) =   299.72  PRESS =     0.0
 Etot   =    -38168.3189  EKtot   =     10013.7041  EPtot      =    -48182.0230
 BOND   =       340.1607  ANGLE   =      1047.3201  DIHED      =      1351.2979
 1-4 NB =       448.0457  1-4 EEL =      6350.5554  VDWAALS    =      5427.6434
 EELEC  =    -63163.6279  EHBOND  =         0.0000  RESTRAINT  =        16.5817
 EAMBER (non-restraint)  =    -48198.6047
 ------------------------------------------------------------------------------

wrapping first mol.:       20.88048       29.52946       51.14652
wrapping first mol.:       20.88048       29.52946       51.14652

 NSTEP =    10000   TIME(PS) =    2560.000  TEMP(K) =   297.39  PRESS =     0.0
 Etot   =    -38077.8233  EKtot   =      9935.9023  EPtot      =    -48013.7257
 BOND   =       339.0113  ANGLE   =      1106.2494  DIHED      =      1376.5694
 1-4 NB =       443.0575  1-4 EEL =      6311.9422  VDWAALS    =      5268.8198
 EELEC  =    -62874.9432  EHBOND  =         0.0000  RESTRAINT  =        15.5679
 EAMBER (non-restraint)  =    -48029.2936
 ------------------------------------------------------------------------------

wrapping first mol.:       20.88048       29.52946       51.14652
wrapping first mol.:       20.88048       29.52946       51.14652

 NSTEP =    10500   TIME(PS) =    2561.000  TEMP(K) =   299.56  PRESS =     0.0
 Etot   =    -37885.1142  EKtot   =     10008.3828  EPtot      =    -47893.4970
 BOND   =       352.3410  ANGLE   =      1111.5861  DIHED      =      1333.9146
 1-4 NB =       445.7014  1-4 EEL =      6350.6709  VDWAALS    =      5308.0045
 EELEC  =    -62812.6826  EHBOND  =         0.0000  RESTRAINT  =        16.9671
 EAMBER (non-restraint)  =    -47910.4640
 ------------------------------------------------------------------------------

wrapping first mol.:       20.88048       29.52946       51.14652
wrapping first mol.:       20.88048       29.52946       51.14652

 NSTEP =    11000   TIME(PS) =    2562.000  TEMP(K) =   301.52  PRESS =     0.0
 Etot   =    -38087.6118  EKtot   =     10074.0664  EPtot      =    -48161.6782
 BOND   =       354.6256  ANGLE   =      1067.9436  DIHED      =      1343.9566
 1-4 NB =       429.8264  1-4 EEL =      6294.8884  VDWAALS    =      5366.2509
 EELEC  =    -63034.9787  EHBOND  =         0.0000  RESTRAINT  =        15.8090
 EAMBER (non-restraint)  =    -48177.4872
 ------------------------------------------------------------------------------

wrapping first mol.:       20.88048       29.52946       51.14652
wrapping first mol.:       20.88048       29.52946       51.14652

 NSTEP =    11500   TIME(PS) =    2563.000  TEMP(K) =   302.10  PRESS =     0.0
 Etot   =    -38015.7562  EKtot   =     10093.4932  EPtot      =    -48109.2494
 BOND   =       353.9206  ANGLE   =      1067.2557  DIHED      =      1357.7064
 1-4 NB =       437.6297  1-4 EEL =      6358.9337  VDWAALS    =      5566.1227
 EELEC  =    -63265.8542  EHBOND  =         0.0000  RESTRAINT  =        15.0360
 EAMBER (non-restraint)  =    -48124.2854
 ------------------------------------------------------------------------------

wrapping first mol.:       20.88048       29.52946       51.14652
wrapping first mol.:       20.88048       29.52946       51.14652

 NSTEP =    12000   TIME(PS) =    2564.000  TEMP(K) =   296.04  PRESS =     0.0
 Etot   =    -38201.1595  EKtot   =      9890.8320  EPtot      =    -48091.9916
 BOND   =       381.8205  ANGLE   =      1086.5161  DIHED      =      1344.5039
 1-4 NB =       431.4431  1-4 EEL =      6322.9098  VDWAALS    =      5349.1693
 EELEC  =    -63021.3430  EHBOND  =         0.0000  RESTRAINT  =        12.9887
 EAMBER (non-restraint)  =    -48104.9803
 ------------------------------------------------------------------------------

wrapping first mol.:       20.88048       29.52946       51.14652
wrapping first mol.:       20.88048       29.52946       51.14652

 NSTEP =    12500   TIME(PS) =    2565.000  TEMP(K) =   298.45  PRESS =     0.0
 Etot   =    -38087.9349  EKtot   =      9971.4834  EPtot      =    -48059.4183
 BOND   =       331.2955  ANGLE   =      1051.6974  DIHED      =      1360.0467
 1-4 NB =       438.9745  1-4 EEL =      6335.3637  VDWAALS    =      5422.8806
 EELEC  =    -63014.5938  EHBOND  =         0.0000  RESTRAINT  =        14.9170
 EAMBER (non-restraint)  =    -48074.3353
 ------------------------------------------------------------------------------

wrapping first mol.:       20.88048       29.52946       51.14652
wrapping first mol.:       20.88048       29.52946       51.14652

 NSTEP =    13000   TIME(PS) =    2566.000  TEMP(K) =   296.51  PRESS =     0.0
 Etot   =    -38198.7501  EKtot   =      9906.5781  EPtot      =    -48105.3283
 BOND   =       355.6492  ANGLE   =      1056.7296  DIHED      =      1326.7779
 1-4 NB =       448.4489  1-4 EEL =      6366.2321  VDWAALS    =      5470.4007
 EELEC  =    -63142.5893  EHBOND  =         0.0000  RESTRAINT  =        13.0226
 EAMBER (non-restraint)  =    -48118.3508
 ------------------------------------------------------------------------------

wrapping first mol.:       20.88048       29.52946       51.14652
wrapping first mol.:       20.88048       29.52946       51.14652

 NSTEP =    13500   TIME(PS) =    2567.000  TEMP(K) =   298.69  PRESS =     0.0
 Etot   =    -38217.5012  EKtot   =      9979.3145  EPtot      =    -48196.8156
 BOND   =       395.4405  ANGLE   =      1071.7645  DIHED      =      1349.8731
 1-4 NB =       451.2864  1-4 EEL =      6364.4542  VDWAALS    =      5488.2468
 EELEC  =    -63331.2472  EHBOND  =         0.0000  RESTRAINT  =        13.3660
 EAMBER (non-restraint)  =    -48210.1816
 ------------------------------------------------------------------------------

wrapping first mol.:       20.88048       29.52946       51.14652
wrapping first mol.:       20.88048       29.52946       51.14652

 NSTEP =    14000   TIME(PS) =    2568.000  TEMP(K) =   298.02  PRESS =     0.0
 Etot   =    -38136.3943  EKtot   =      9957.0371  EPtot      =    -48093.4314
 BOND   =       350.4803  ANGLE   =      1034.8461  DIHED      =      1322.2676
 1-4 NB =       456.1770  1-4 EEL =      6359.7303  VDWAALS    =      5508.8419
 EELEC  =    -63137.6838  EHBOND  =         0.0000  RESTRAINT  =        11.9093
 EAMBER (non-restraint)  =    -48105.3407
 ------------------------------------------------------------------------------

wrapping first mol.:       20.88048       29.52946       51.14652
wrapping first mol.:       20.88048       29.52946       51.14652

 NSTEP =    14500   TIME(PS) =    2569.000  TEMP(K) =   300.55  PRESS =     0.0
 Etot   =    -37970.5126  EKtot   =     10041.4922  EPtot      =    -48012.0048
 BOND   =       350.1180  ANGLE   =      1097.5137  DIHED      =      1347.9981
 1-4 NB =       459.6343  1-4 EEL =      6339.9568  VDWAALS    =      5414.7878
 EELEC  =    -63033.9017  EHBOND  =         0.0000  RESTRAINT  =        11.8883
 EAMBER (non-restraint)  =    -48023.8930
 ------------------------------------------------------------------------------

wrapping first mol.:       20.88048       29.52946       51.14652
wrapping first mol.:       20.88048       29.52946       51.14652

 NSTEP =    15000   TIME(PS) =    2570.000  TEMP(K) =   302.01  PRESS =     0.0
 Etot   =    -38145.0300  EKtot   =     10090.5107  EPtot      =    -48235.5408
 BOND   =       344.3003  ANGLE   =      1078.3528  DIHED      =      1310.9293
 1-4 NB =       443.9893  1-4 EEL =      6340.2171  VDWAALS    =      5461.1477
 EELEC  =    -63227.4598  EHBOND  =         0.0000  RESTRAINT  =        12.9825
 EAMBER (non-restraint)  =    -48248.5233
 ------------------------------------------------------------------------------

wrapping first mol.:       20.88048       29.52946       51.14652
wrapping first mol.:       20.88048       29.52946       51.14652

 NSTEP =    15500   TIME(PS) =    2571.000  TEMP(K) =   303.48  PRESS =     0.0
 Etot   =    -38111.9947  EKtot   =     10139.5029  EPtot      =    -48251.4976
 BOND   =       374.7150  ANGLE   =      1058.3948  DIHED      =      1339.2904
 1-4 NB =       436.8628  1-4 EEL =      6302.1723  VDWAALS    =      5268.4153
 EELEC  =    -63045.4074  EHBOND  =         0.0000  RESTRAINT  =        14.0592
 EAMBER (non-restraint)  =    -48265.5568
 ------------------------------------------------------------------------------

wrapping first mol.:       20.88048       29.52946       51.14652
wrapping first mol.:       20.88048       29.52946       51.14652

 NSTEP =    16000   TIME(PS) =    2572.000  TEMP(K) =   299.54  PRESS =     0.0
 Etot   =    -38125.8380  EKtot   =     10007.9570  EPtot      =    -48133.7950
 BOND   =       365.2566  ANGLE   =      1057.5145  DIHED      =      1343.1027
 1-4 NB =       443.2360  1-4 EEL =      6297.1566  VDWAALS    =      5353.4057
 EELEC  =    -63007.7732  EHBOND  =         0.0000  RESTRAINT  =        14.3061
 EAMBER (non-restraint)  =    -48148.1011
 ------------------------------------------------------------------------------

wrapping first mol.:       20.88048       29.52946       51.14652
wrapping first mol.:       20.88048       29.52946       51.14652

 NSTEP =    16500   TIME(PS) =    2573.000  TEMP(K) =   299.06  PRESS =     0.0
 Etot   =    -38087.3174  EKtot   =      9991.9160  EPtot      =    -48079.2334
 BOND   =       353.3617  ANGLE   =      1030.5755  DIHED      =      1334.6802
 1-4 NB =       447.5167  1-4 EEL =      6372.8187  VDWAALS    =      5258.3380
 EELEC  =    -62892.0701  EHBOND  =         0.0000  RESTRAINT  =        15.5459
 EAMBER (non-restraint)  =    -48094.7793
 ------------------------------------------------------------------------------

wrapping first mol.:       20.88048       29.52946       51.14652
wrapping first mol.:       20.88048       29.52946       51.14652

 NSTEP =    17000   TIME(PS) =    2574.000  TEMP(K) =   296.40  PRESS =     0.0
 Etot   =    -38192.4153  EKtot   =      9902.8682  EPtot      =    -48095.2835
 BOND   =       361.7959  ANGLE   =      1086.0614  DIHED      =      1328.8343
 1-4 NB =       433.7619  1-4 EEL =      6305.5581  VDWAALS    =      5486.2823
 EELEC  =    -63112.2743  EHBOND  =         0.0000  RESTRAINT  =        14.6969
 EAMBER (non-restraint)  =    -48109.9804
 ------------------------------------------------------------------------------

wrapping first mol.:       20.88048       29.52946       51.14652
wrapping first mol.:       20.88048       29.52946       51.14652

 NSTEP =    17500   TIME(PS) =    2575.000  TEMP(K) =   300.41  PRESS =     0.0
 Etot   =    -37965.9567  EKtot   =     10036.8027  EPtot      =    -48002.7594
 BOND   =       370.9029  ANGLE   =      1038.2541  DIHED      =      1324.4204
 1-4 NB =       447.7334  1-4 EEL =      6309.7807  VDWAALS    =      5263.4437
 EELEC  =    -62769.7492  EHBOND  =         0.0000  RESTRAINT  =        12.4547
 EAMBER (non-restraint)  =    -48015.2141
 ------------------------------------------------------------------------------

wrapping first mol.:       20.88048       29.52946       51.14652
wrapping first mol.:       20.88048       29.52946       51.14652

 NSTEP =    18000   TIME(PS) =    2576.000  TEMP(K) =   301.09  PRESS =     0.0
 Etot   =    -38162.6610  EKtot   =     10059.5615  EPtot      =    -48222.2225
 BOND   =       359.9539  ANGLE   =       989.1871  DIHED      =      1328.9246
 1-4 NB =       451.4517  1-4 EEL =      6357.2422  VDWAALS    =      5363.2298
 EELEC  =    -63085.3052  EHBOND  =         0.0000  RESTRAINT  =        13.0933
 EAMBER (non-restraint)  =    -48235.3159
 ------------------------------------------------------------------------------

wrapping first mol.:       20.88048       29.52946       51.14652
wrapping first mol.:       20.88048       29.52946       51.14652

 NSTEP =    18500   TIME(PS) =    2577.000  TEMP(K) =   297.35  PRESS =     0.0
 Etot   =    -38352.8778  EKtot   =      9934.7412  EPtot      =    -48287.6190
 BOND   =       374.8484  ANGLE   =      1054.9192  DIHED      =      1348.9824
 1-4 NB =       452.1921  1-4 EEL =      6353.8433  VDWAALS    =      5496.5577
 EELEC  =    -63381.5455  EHBOND  =         0.0000  RESTRAINT  =        12.5834
 EAMBER (non-restraint)  =    -48300.2024
 ------------------------------------------------------------------------------

wrapping first mol.:       20.88048       29.52946       51.14652
wrapping first mol.:       20.88048       29.52946       51.14652

 NSTEP =    19000   TIME(PS) =    2578.000  TEMP(K) =   298.21  PRESS =     0.0
 Etot   =    -38142.6343  EKtot   =      9963.3447  EPtot      =    -48105.9790
 BOND   =       384.3360  ANGLE   =      1046.8147  DIHED      =      1322.8660
 1-4 NB =       463.0385  1-4 EEL =      6346.2966  VDWAALS    =      5239.7876
 EELEC  =    -62922.1886  EHBOND  =         0.0000  RESTRAINT  =        13.0703
 EAMBER (non-restraint)  =    -48119.0493
 ------------------------------------------------------------------------------

wrapping first mol.:       20.88048       29.52946       51.14652
wrapping first mol.:       20.88048       29.52946       51.14652

 NSTEP =    19500   TIME(PS) =    2579.000  TEMP(K) =   297.87  PRESS =     0.0
 Etot   =    -38104.4654  EKtot   =      9952.0322  EPtot      =    -48056.4976
 BOND   =       333.9899  ANGLE   =      1057.3959  DIHED      =      1320.7580
 1-4 NB =       455.8874  1-4 EEL =      6354.2815  VDWAALS    =      5337.6967
 EELEC  =    -62928.0902  EHBOND  =         0.0000  RESTRAINT  =        11.5833
 EAMBER (non-restraint)  =    -48068.0809
 ------------------------------------------------------------------------------

wrapping first mol.:       20.88048       29.52946       51.14652
wrapping first mol.:       20.88048       29.52946       51.14652

 NSTEP =    20000   TIME(PS) =    2580.000  TEMP(K) =   301.46  PRESS =     0.0
 Etot   =    -37903.2281  EKtot   =     10071.9795  EPtot      =    -47975.2076
 BOND   =       333.2394  ANGLE   =      1073.3013  DIHED      =      1352.0003
 1-4 NB =       455.7059  1-4 EEL =      6350.4933  VDWAALS    =      5332.8702
 EELEC  =    -62886.1378  EHBOND  =         0.0000  RESTRAINT  =        13.3198
 EAMBER (non-restraint)  =    -47988.5274
 ------------------------------------------------------------------------------

wrapping first mol.:       20.88048       29.52946       51.14652
wrapping first mol.:       20.88048       29.52946       51.14652

 NSTEP =    20500   TIME(PS) =    2581.000  TEMP(K) =   300.74  PRESS =     0.0
 Etot   =    -38103.6936  EKtot   =     10047.8154  EPtot      =    -48151.5090
 BOND   =       366.9797  ANGLE   =      1037.3196  DIHED      =      1327.1194
 1-4 NB =       437.8020  1-4 EEL =      6300.6138  VDWAALS    =      5523.0259
 EELEC  =    -63157.2931  EHBOND  =         0.0000  RESTRAINT  =        12.9235
 EAMBER (non-restraint)  =    -48164.4326
 ------------------------------------------------------------------------------

wrapping first mol.:       20.88048       29.52946       51.14652
wrapping first mol.:       20.88048       29.52946       51.14652

 NSTEP =    21000   TIME(PS) =    2582.000  TEMP(K) =   300.46  PRESS =     0.0
 Etot   =    -38278.7666  EKtot   =     10038.6523  EPtot      =    -48317.4189
 BOND   =       355.2168  ANGLE   =      1085.6401  DIHED      =      1330.8213
 1-4 NB =       441.0177  1-4 EEL =      6305.5674  VDWAALS    =      5353.2527
 EELEC  =    -63201.9772  EHBOND  =         0.0000  RESTRAINT  =        13.0423
 EAMBER (non-restraint)  =    -48330.4612
 ------------------------------------------------------------------------------

wrapping first mol.:       20.88048       29.52946       51.14652
wrapping first mol.:       20.88048       29.52946       51.14652

 NSTEP =    21500   TIME(PS) =    2583.000  TEMP(K) =   300.14  PRESS =     0.0
 Etot   =    -38161.7313  EKtot   =     10027.9600  EPtot      =    -48189.6913
 BOND   =       366.5183  ANGLE   =      1063.7667  DIHED      =      1329.1688
 1-4 NB =       447.0455  1-4 EEL =      6341.9196  VDWAALS    =      5293.2934
 EELEC  =    -63046.3015  EHBOND  =         0.0000  RESTRAINT  =        14.8978
 EAMBER (non-restraint)  =    -48204.5891
 ------------------------------------------------------------------------------

wrapping first mol.:       20.88048       29.52946       51.14652
wrapping first mol.:       20.88048       29.52946       51.14652

 NSTEP =    22000   TIME(PS) =    2584.000  TEMP(K) =   301.06  PRESS =     0.0
 Etot   =    -38156.4550  EKtot   =     10058.5459  EPtot      =    -48215.0009
 BOND   =       361.3365  ANGLE   =      1087.4057  DIHED      =      1335.2833
 1-4 NB =       455.0642  1-4 EEL =      6347.5395  VDWAALS    =      5382.1224
 EELEC  =    -63196.7470  EHBOND  =         0.0000  RESTRAINT  =        12.9945
 EAMBER (non-restraint)  =    -48227.9954
 ------------------------------------------------------------------------------

wrapping first mol.:       20.88048       29.52946       51.14652
wrapping first mol.:       20.88048       29.52946       51.14652

 NSTEP =    22500   TIME(PS) =    2585.000  TEMP(K) =   299.32  PRESS =     0.0
 Etot   =    -38141.9582  EKtot   =     10000.5303  EPtot      =    -48142.4885
 BOND   =       362.2660  ANGLE   =      1100.4604  DIHED      =      1344.9108
 1-4 NB =       449.0931  1-4 EEL =      6326.0256  VDWAALS    =      5389.5598
 EELEC  =    -63128.1907  EHBOND  =         0.0000  RESTRAINT  =        13.3865
 EAMBER (non-restraint)  =    -48155.8750
 ------------------------------------------------------------------------------

wrapping first mol.:       20.88048       29.52946       51.14652
wrapping first mol.:       20.88048       29.52946       51.14652

 NSTEP =    23000   TIME(PS) =    2586.000  TEMP(K) =   298.51  PRESS =     0.0
 Etot   =    -38018.6095  EKtot   =      9973.4961  EPtot      =    -47992.1056
 BOND   =       360.2480  ANGLE   =      1091.6243  DIHED      =      1320.4858
 1-4 NB =       456.8673  1-4 EEL =      6326.7105  VDWAALS    =      5315.6143
 EELEC  =    -62878.1984  EHBOND  =         0.0000  RESTRAINT  =        14.5426
 EAMBER (non-restraint)  =    -48006.6482
 ------------------------------------------------------------------------------

wrapping first mol.:       20.88048       29.52946       51.14652
wrapping first mol.:       20.88048       29.52946       51.14652

 NSTEP =    23500   TIME(PS) =    2587.000  TEMP(K) =   298.59  PRESS =     0.0
 Etot   =    -38212.9273  EKtot   =      9976.0332  EPtot      =    -48188.9605
 BOND   =       384.0318  ANGLE   =      1059.9086  DIHED      =      1335.0424
 1-4 NB =       439.3306  1-4 EEL =      6310.1317  VDWAALS    =      5352.6333
 EELEC  =    -63084.8041  EHBOND  =         0.0000  RESTRAINT  =        14.7652
 EAMBER (non-restraint)  =    -48203.7257
 ------------------------------------------------------------------------------

wrapping first mol.:       20.88048       29.52946       51.14652
wrapping first mol.:       20.88048       29.52946       51.14652

 NSTEP =    24000   TIME(PS) =    2588.000  TEMP(K) =   298.63  PRESS =     0.0
 Etot   =    -38056.0878  EKtot   =      9977.3115  EPtot      =    -48033.3993
 BOND   =       337.5850  ANGLE   =      1089.8909  DIHED      =      1345.3967
 1-4 NB =       436.9132  1-4 EEL =      6310.7123  VDWAALS    =      5275.7227
 EELEC  =    -62841.4021  EHBOND  =         0.0000  RESTRAINT  =        11.7821
 EAMBER (non-restraint)  =    -48045.1813
 ------------------------------------------------------------------------------

wrapping first mol.:       20.88048       29.52946       51.14652
wrapping first mol.:       20.88048       29.52946       51.14652

 NSTEP =    24500   TIME(PS) =    2589.000  TEMP(K) =   297.69  PRESS =     0.0
 Etot   =    -38208.0283  EKtot   =      9946.0996  EPtot      =    -48154.1279
 BOND   =       346.5163  ANGLE   =      1043.5610  DIHED      =      1345.5815
 1-4 NB =       447.5326  1-4 EEL =      6294.6730  VDWAALS    =      5486.4501
 EELEC  =    -63131.1076  EHBOND  =         0.0000  RESTRAINT  =        12.6652
 EAMBER (non-restraint)  =    -48166.7931
 ------------------------------------------------------------------------------

wrapping first mol.:       20.88048       29.52946       51.14652
wrapping first mol.:       20.88048       29.52946       51.14652

 NSTEP =    25000   TIME(PS) =    2590.000  TEMP(K) =   303.65  PRESS =     0.0
 Etot   =    -37922.1018  EKtot   =     10145.0527  EPtot      =    -48067.1545
 BOND   =       345.6516  ANGLE   =      1050.0191  DIHED      =      1348.7437
 1-4 NB =       448.7973  1-4 EEL =      6346.7541  VDWAALS    =      5352.1891
 EELEC  =    -62971.3757  EHBOND  =         0.0000  RESTRAINT  =        12.0663
 EAMBER (non-restraint)  =    -48079.2208
 ------------------------------------------------------------------------------

wrapping first mol.:       20.88048       29.52946       51.14652
wrapping first mol.:       20.88048       29.52946       51.14652

 NSTEP =    25500   TIME(PS) =    2591.000  TEMP(K) =   303.43  PRESS =     0.0
 Etot   =    -37944.3754  EKtot   =     10137.7256  EPtot      =    -48082.1010
 BOND   =       369.4383  ANGLE   =      1063.7253  DIHED      =      1356.9021
 1-4 NB =       440.2689  1-4 EEL =      6330.3620  VDWAALS    =      5407.3925
 EELEC  =    -63062.6228  EHBOND  =         0.0000  RESTRAINT  =        12.4327
 EAMBER (non-restraint)  =    -48094.5337
 ------------------------------------------------------------------------------

wrapping first mol.:       20.88048       29.52946       51.14652
wrapping first mol.:       20.88048       29.52946       51.14652

 NSTEP =    26000   TIME(PS) =    2592.000  TEMP(K) =   300.07  PRESS =     0.0
 Etot   =    -37929.8314  EKtot   =     10025.4775  EPtot      =    -47955.3090
 BOND   =       358.2040  ANGLE   =      1088.8427  DIHED      =      1370.9090
 1-4 NB =       457.6625  1-4 EEL =      6347.4097  VDWAALS    =      5399.9784
 EELEC  =    -62991.9076  EHBOND  =         0.0000  RESTRAINT  =        13.5923
 EAMBER (non-restraint)  =    -47968.9013
 ------------------------------------------------------------------------------

wrapping first mol.:       20.88048       29.52946       51.14652
wrapping first mol.:       20.88048       29.52946       51.14652

 NSTEP =    26500   TIME(PS) =    2593.000  TEMP(K) =   300.82  PRESS =     0.0
 Etot   =    -38183.2429  EKtot   =     10050.5527  EPtot      =    -48233.7957
 BOND   =       355.8100  ANGLE   =      1046.1728  DIHED      =      1352.2320
 1-4 NB =       437.2076  1-4 EEL =      6362.2008  VDWAALS    =      5530.6558
 EELEC  =    -63333.3823  EHBOND  =         0.0000  RESTRAINT  =        15.3075
 EAMBER (non-restraint)  =    -48249.1032
 ------------------------------------------------------------------------------

wrapping first mol.:       20.88048       29.52946       51.14652
wrapping first mol.:       20.88048       29.52946       51.14652

 NSTEP =    27000   TIME(PS) =    2594.000  TEMP(K) =   302.11  PRESS =     0.0
 Etot   =    -37799.1054  EKtot   =     10093.6143  EPtot      =    -47892.7197
 BOND   =       368.1654  ANGLE   =      1075.6033  DIHED      =      1346.2125
 1-4 NB =       434.2564  1-4 EEL =      6313.2141  VDWAALS    =      5492.4188
 EELEC  =    -62935.0453  EHBOND  =         0.0000  RESTRAINT  =        12.4551
 EAMBER (non-restraint)  =    -47905.1748
 ------------------------------------------------------------------------------

wrapping first mol.:       20.88048       29.52946       51.14652
wrapping first mol.:       20.88048       29.52946       51.14652

 NSTEP =    27500   TIME(PS) =    2595.000  TEMP(K) =   305.57  PRESS =     0.0
 Etot   =    -37901.0440  EKtot   =     10209.2275  EPtot      =    -48110.2715
 BOND   =       351.8027  ANGLE   =      1066.5916  DIHED      =      1353.0111
 1-4 NB =       450.5467  1-4 EEL =      6333.0316  VDWAALS    =      5344.2422
 EELEC  =    -63026.5795  EHBOND  =         0.0000  RESTRAINT  =        17.0821
 EAMBER (non-restraint)  =    -48127.3537
 ------------------------------------------------------------------------------

wrapping first mol.:       20.88048       29.52946       51.14652
wrapping first mol.:       20.88048       29.52946       51.14652

 NSTEP =    28000   TIME(PS) =    2596.000  TEMP(K) =   299.66  PRESS =     0.0
 Etot   =    -38389.9373  EKtot   =     10011.9766  EPtot      =    -48401.9139
 BOND   =       371.2873  ANGLE   =      1028.3801  DIHED      =      1329.3022
 1-4 NB =       435.6877  1-4 EEL =      6351.0366  VDWAALS    =      5567.7985
 EELEC  =    -63502.2815  EHBOND  =         0.0000  RESTRAINT  =        16.8753
 EAMBER (non-restraint)  =    -48418.7892
 ------------------------------------------------------------------------------

wrapping first mol.:       20.88048       29.52946       51.14652
wrapping first mol.:       20.88048       29.52946       51.14652

 NSTEP =    28500   TIME(PS) =    2597.000  TEMP(K) =   298.81  PRESS =     0.0
 Etot   =    -38087.4760  EKtot   =      9983.4004  EPtot      =    -48070.8764
 BOND   =       369.5969  ANGLE   =      1069.8096  DIHED      =      1369.8573
 1-4 NB =       440.6483  1-4 EEL =      6333.3640  VDWAALS    =      5541.8351
 EELEC  =    -63211.8332  EHBOND  =         0.0000  RESTRAINT  =        15.8458
 EAMBER (non-restraint)  =    -48086.7221
 ------------------------------------------------------------------------------

wrapping first mol.:       20.88048       29.52946       51.14652
wrapping first mol.:       20.88048       29.52946       51.14652

 NSTEP =    29000   TIME(PS) =    2598.000  TEMP(K) =   299.99  PRESS =     0.0
 Etot   =    -38264.4812  EKtot   =     10022.8984  EPtot      =    -48287.3797
 BOND   =       346.1281  ANGLE   =      1028.8358  DIHED      =      1341.3788
 1-4 NB =       451.1316  1-4 EEL =      6324.9924  VDWAALS    =      5395.1337
 EELEC  =    -63189.3601  EHBOND  =         0.0000  RESTRAINT  =        14.3800
 EAMBER (non-restraint)  =    -48301.7597
 ------------------------------------------------------------------------------

wrapping first mol.:       20.88048       29.52946       51.14652
wrapping first mol.:       20.88048       29.52946       51.14652

 NSTEP =    29500   TIME(PS) =    2599.000  TEMP(K) =   301.68  PRESS =     0.0
 Etot   =    -38112.9744  EKtot   =     10079.4736  EPtot      =    -48192.4481
 BOND   =       376.0972  ANGLE   =      1074.3149  DIHED      =      1327.5413
 1-4 NB =       453.1566  1-4 EEL =      6325.5342  VDWAALS    =      5408.6518
 EELEC  =    -63171.2754  EHBOND  =         0.0000  RESTRAINT  =        13.5313
 EAMBER (non-restraint)  =    -48205.9794
 ------------------------------------------------------------------------------

wrapping first mol.:       20.88048       29.52946       51.14652
wrapping first mol.:       20.88048       29.52946       51.14652

 NSTEP =    30000   TIME(PS) =    2600.000  TEMP(K) =   298.36  PRESS =     0.0
 Etot   =    -38033.0831  EKtot   =      9968.4609  EPtot      =    -48001.5440
 BOND   =       378.2369  ANGLE   =      1080.4127  DIHED      =      1332.7048
 1-4 NB =       467.0218  1-4 EEL =      6335.9006  VDWAALS    =      5436.5980
 EELEC  =    -63045.0199  EHBOND  =         0.0000  RESTRAINT  =        12.6012
 EAMBER (non-restraint)  =    -48014.1452
 ------------------------------------------------------------------------------

wrapping first mol.:       20.88048       29.52946       51.14652
wrapping first mol.:       20.88048       29.52946       51.14652

 NSTEP =    30500   TIME(PS) =    2601.000  TEMP(K) =   298.95  PRESS =     0.0
 Etot   =    -38160.8451  EKtot   =      9988.0547  EPtot      =    -48148.8998
 BOND   =       367.2504  ANGLE   =      1076.1016  DIHED      =      1368.0220
 1-4 NB =       437.1947  1-4 EEL =      6321.6381  VDWAALS    =      5533.1164
 EELEC  =    -63266.9380  EHBOND  =         0.0000  RESTRAINT  =        14.7150
 EAMBER (non-restraint)  =    -48163.6148
 ------------------------------------------------------------------------------

wrapping first mol.:       20.88048       29.52946       51.14652
wrapping first mol.:       20.88048       29.52946       51.14652

 NSTEP =    31000   TIME(PS) =    2602.000  TEMP(K) =   300.69  PRESS =     0.0
 Etot   =    -38253.2071  EKtot   =     10046.2344  EPtot      =    -48299.4415
 BOND   =       343.8326  ANGLE   =      1045.5857  DIHED      =      1343.9145
 1-4 NB =       454.7842  1-4 EEL =      6354.8301  VDWAALS    =      5556.0831
 EELEC  =    -63414.0971  EHBOND  =         0.0000  RESTRAINT  =        15.6254
 EAMBER (non-restraint)  =    -48315.0669
 ------------------------------------------------------------------------------

wrapping first mol.:       20.88048       29.52946       51.14652
wrapping first mol.:       20.88048       29.52946       51.14652

 NSTEP =    31500   TIME(PS) =    2603.000  TEMP(K) =   299.63  PRESS =     0.0
 Etot   =    -38338.9169  EKtot   =     10010.8232  EPtot      =    -48349.7402
 BOND   =       343.6128  ANGLE   =      1096.8018  DIHED      =      1328.5082
 1-4 NB =       431.1039  1-4 EEL =      6301.1691  VDWAALS    =      5612.4633
 EELEC  =    -63478.7304  EHBOND  =         0.0000  RESTRAINT  =        15.3310
 EAMBER (non-restraint)  =    -48365.0712
 ------------------------------------------------------------------------------

wrapping first mol.:       20.88048       29.52946       51.14652
wrapping first mol.:       20.88048       29.52946       51.14652

 NSTEP =    32000   TIME(PS) =    2604.000  TEMP(K) =   300.47  PRESS =     0.0
 Etot   =    -38281.0550  EKtot   =     10038.7676  EPtot      =    -48319.8226
 BOND   =       386.0680  ANGLE   =      1079.5850  DIHED      =      1340.4885
 1-4 NB =       444.7199  1-4 EEL =      6334.6409  VDWAALS    =      5416.7298
 EELEC  =    -63339.3199  EHBOND  =         0.0000  RESTRAINT  =        17.2652
 EAMBER (non-restraint)  =    -48337.0878
 ------------------------------------------------------------------------------

wrapping first mol.:       20.88048       29.52946       51.14652
wrapping first mol.:       20.88048       29.52946       51.14652

 NSTEP =    32500   TIME(PS) =    2605.000  TEMP(K) =   297.83  PRESS =     0.0
 Etot   =    -38063.2243  EKtot   =      9950.7090  EPtot      =    -48013.9333
 BOND   =       333.4265  ANGLE   =      1102.6219  DIHED      =      1345.3870
 1-4 NB =       446.1928  1-4 EEL =      6326.7307  VDWAALS    =      5439.0963
 EELEC  =    -63020.4415  EHBOND  =         0.0000  RESTRAINT  =        13.0528
 EAMBER (non-restraint)  =    -48026.9862
 ------------------------------------------------------------------------------

wrapping first mol.:       20.88048       29.52946       51.14652
wrapping first mol.:       20.88048       29.52946       51.14652

 NSTEP =    33000   TIME(PS) =    2606.000  TEMP(K) =   300.29  PRESS =     0.0
 Etot   =    -38166.5780  EKtot   =     10032.9258  EPtot      =    -48199.5037
 BOND   =       351.2362  ANGLE   =      1030.7229  DIHED      =      1330.4502
 1-4 NB =       445.9190  1-4 EEL =      6366.6768  VDWAALS    =      5301.5232
 EELEC  =    -63039.2942  EHBOND  =         0.0000  RESTRAINT  =        13.2622
 EAMBER (non-restraint)  =    -48212.7659
 ------------------------------------------------------------------------------

wrapping first mol.:       20.88048       29.52946       51.14652
wrapping first mol.:       20.88048       29.52946       51.14652

 NSTEP =    33500   TIME(PS) =    2607.000  TEMP(K) =   302.35  PRESS =     0.0
 Etot   =    -38012.8045  EKtot   =     10101.7803  EPtot      =    -48114.5847
 BOND   =       359.4820  ANGLE   =      1045.9866  DIHED      =      1351.7933
 1-4 NB =       445.8650  1-4 EEL =      6340.5088  VDWAALS    =      5414.8063
 EELEC  =    -63086.5412  EHBOND  =         0.0000  RESTRAINT  =        13.5144
 EAMBER (non-restraint)  =    -48128.0992
 ------------------------------------------------------------------------------

wrapping first mol.:       20.88048       29.52946       51.14652
wrapping first mol.:       20.88048       29.52946       51.14652

 NSTEP =    34000   TIME(PS) =    2608.000  TEMP(K) =   297.08  PRESS =     0.0
 Etot   =    -38237.7702  EKtot   =      9925.6777  EPtot      =    -48163.4479
 BOND   =       368.9373  ANGLE   =      1047.2584  DIHED      =      1378.7448
 1-4 NB =       456.4128  1-4 EEL =      6313.6826  VDWAALS    =      5441.5954
 EELEC  =    -63182.6365  EHBOND  =         0.0000  RESTRAINT  =        12.5573
 EAMBER (non-restraint)  =    -48176.0052
 ------------------------------------------------------------------------------

wrapping first mol.:       20.88048       29.52946       51.14652
wrapping first mol.:       20.88048       29.52946       51.14652

 NSTEP =    34500   TIME(PS) =    2609.000  TEMP(K) =   302.24  PRESS =     0.0
 Etot   =    -37883.7016  EKtot   =     10097.8945  EPtot      =    -47981.5961
 BOND   =       370.3306  ANGLE   =      1080.8570  DIHED      =      1340.5722
 1-4 NB =       449.4927  1-4 EEL =      6339.9211  VDWAALS    =      5340.3387
 EELEC  =    -62914.8561  EHBOND  =         0.0000  RESTRAINT  =        11.7478
 EAMBER (non-restraint)  =    -47993.3439
 ------------------------------------------------------------------------------

wrapping first mol.:       20.88048       29.52946       51.14652
wrapping first mol.:       20.88048       29.52946       51.14652

 NSTEP =    35000   TIME(PS) =    2610.000  TEMP(K) =   300.85  PRESS =     0.0
 Etot   =    -37902.8485  EKtot   =     10051.7275  EPtot      =    -47954.5760
 BOND   =       350.7813  ANGLE   =      1094.9369  DIHED      =      1349.3492
 1-4 NB =       464.2700  1-4 EEL =      6335.0279  VDWAALS    =      5278.1707
 EELEC  =    -62840.7154  EHBOND  =         0.0000  RESTRAINT  =        13.6033
 EAMBER (non-restraint)  =    -47968.1793
 ------------------------------------------------------------------------------

wrapping first mol.:       20.88048       29.52946       51.14652
wrapping first mol.:       20.88048       29.52946       51.14652

 NSTEP =    35500   TIME(PS) =    2611.000  TEMP(K) =   299.23  PRESS =     0.0
 Etot   =    -37928.1261  EKtot   =      9997.4473  EPtot      =    -47925.5734
 BOND   =       394.3522  ANGLE   =      1096.6069  DIHED      =      1338.9874
 1-4 NB =       434.3111  1-4 EEL =      6308.6159  VDWAALS    =      5395.7631
 EELEC  =    -62907.9224  EHBOND  =         0.0000  RESTRAINT  =        13.7124
 EAMBER (non-restraint)  =    -47939.2858
 ------------------------------------------------------------------------------

wrapping first mol.:       20.88048       29.52946       51.14652
wrapping first mol.:       20.88048       29.52946       51.14652

 NSTEP =    36000   TIME(PS) =    2612.000  TEMP(K) =   300.96  PRESS =     0.0
 Etot   =    -37957.2193  EKtot   =     10055.1211  EPtot      =    -48012.3404
 BOND   =       340.3740  ANGLE   =      1059.0256  DIHED      =      1341.4668
 1-4 NB =       453.3078  1-4 EEL =      6322.6274  VDWAALS    =      5597.6567
 EELEC  =    -63143.5566  EHBOND  =         0.0000  RESTRAINT  =        16.7579
 EAMBER (non-restraint)  =    -48029.0983
 ------------------------------------------------------------------------------

wrapping first mol.:       20.88048       29.52946       51.14652
wrapping first mol.:       20.88048       29.52946       51.14652

 NSTEP =    36500   TIME(PS) =    2613.000  TEMP(K) =   298.10  PRESS =     0.0
 Etot   =    -38125.9479  EKtot   =      9959.7490  EPtot      =    -48085.6969
 BOND   =       336.4458  ANGLE   =      1022.6442  DIHED      =      1343.3275
 1-4 NB =       458.4200  1-4 EEL =      6381.3600  VDWAALS    =      5483.8860
 EELEC  =    -63128.6427  EHBOND  =         0.0000  RESTRAINT  =        16.8621
 EAMBER (non-restraint)  =    -48102.5591
 ------------------------------------------------------------------------------

wrapping first mol.:       20.88048       29.52946       51.14652
wrapping first mol.:       20.88048       29.52946       51.14652

 NSTEP =    37000   TIME(PS) =    2614.000  TEMP(K) =   301.76  PRESS =     0.0
 Etot   =    -37881.5958  EKtot   =     10082.0986  EPtot      =    -47963.6945
 BOND   =       374.4888  ANGLE   =      1037.5081  DIHED      =      1315.6032
 1-4 NB =       456.7982  1-4 EEL =      6341.7592  VDWAALS    =      5375.9673
 EELEC  =    -62878.3286  EHBOND  =         0.0000  RESTRAINT  =        12.5094
 EAMBER (non-restraint)  =    -47976.2039
 ------------------------------------------------------------------------------

wrapping first mol.:       20.88048       29.52946       51.14652
wrapping first mol.:       20.88048       29.52946       51.14652

 NSTEP =    37500   TIME(PS) =    2615.000  TEMP(K) =   299.19  PRESS =     0.0
 Etot   =    -38124.5111  EKtot   =      9996.2578  EPtot      =    -48120.7689
 BOND   =       328.2784  ANGLE   =      1095.4301  DIHED      =      1325.6116
 1-4 NB =       454.1266  1-4 EEL =      6388.0438  VDWAALS    =      5320.7918
 EELEC  =    -63048.3483  EHBOND  =         0.0000  RESTRAINT  =        15.2972
 EAMBER (non-restraint)  =    -48136.0661
 ------------------------------------------------------------------------------

wrapping first mol.:       20.88048       29.52946       51.14652
wrapping first mol.:       20.88048       29.52946       51.14652

 NSTEP =    38000   TIME(PS) =    2616.000  TEMP(K) =   301.94  PRESS =     0.0
 Etot   =    -38116.1868  EKtot   =     10088.1191  EPtot      =    -48204.3060
 BOND   =       368.0707  ANGLE   =      1070.9119  DIHED      =      1351.8083
 1-4 NB =       443.9177  1-4 EEL =      6332.3577  VDWAALS    =      5193.7531
 EELEC  =    -62978.5455  EHBOND  =         0.0000  RESTRAINT  =        13.4201
 EAMBER (non-restraint)  =    -48217.7261
 ------------------------------------------------------------------------------

wrapping first mol.:       20.88048       29.52946       51.14652
wrapping first mol.:       20.88048       29.52946       51.14652

 NSTEP =    38500   TIME(PS) =    2617.000  TEMP(K) =   298.16  PRESS =     0.0
 Etot   =    -38192.4305  EKtot   =      9961.7041  EPtot      =    -48154.1346
 BOND   =       344.6458  ANGLE   =      1047.3994  DIHED      =      1339.0467
 1-4 NB =       451.9076  1-4 EEL =      6350.0821  VDWAALS    =      5361.8920
 EELEC  =    -63060.0792  EHBOND  =         0.0000  RESTRAINT  =        10.9709
 EAMBER (non-restraint)  =    -48165.1056
 ------------------------------------------------------------------------------

wrapping first mol.:       20.88048       29.52946       51.14652
wrapping first mol.:       20.88048       29.52946       51.14652

 NSTEP =    39000   TIME(PS) =    2618.000  TEMP(K) =   296.97  PRESS =     0.0
 Etot   =    -38423.5161  EKtot   =      9922.1045  EPtot      =    -48345.6206
 BOND   =       370.0373  ANGLE   =      1005.5608  DIHED      =      1321.2296
 1-4 NB =       449.1778  1-4 EEL =      6351.5959  VDWAALS    =      5533.8224
 EELEC  =    -63389.3571  EHBOND  =         0.0000  RESTRAINT  =        12.3126
 EAMBER (non-restraint)  =    -48357.9332
 ------------------------------------------------------------------------------

wrapping first mol.:       20.88048       29.52946       51.14652
wrapping first mol.:       20.88048       29.52946       51.14652

 NSTEP =    39500   TIME(PS) =    2619.000  TEMP(K) =   302.39  PRESS =     0.0
 Etot   =    -38120.0161  EKtot   =     10103.0840  EPtot      =    -48223.1001
 BOND   =       370.5974  ANGLE   =      1057.9293  DIHED      =      1345.2962
 1-4 NB =       435.9742  1-4 EEL =      6302.4000  VDWAALS    =      5444.5341
 EELEC  =    -63189.3269  EHBOND  =         0.0000  RESTRAINT  =         9.4956
 EAMBER (non-restraint)  =    -48232.5957
 ------------------------------------------------------------------------------

wrapping first mol.:       20.88048       29.52946       51.14652
wrapping first mol.:       20.88048       29.52946       51.14652

 NSTEP =    40000   TIME(PS) =    2620.000  TEMP(K) =   302.95  PRESS =     0.0
 Etot   =    -38079.4149  EKtot   =     10121.6592  EPtot      =    -48201.0741
 BOND   =       360.1918  ANGLE   =      1059.4677  DIHED      =      1324.8128
 1-4 NB =       449.5317  1-4 EEL =      6360.0057  VDWAALS    =      5417.2383
 EELEC  =    -63185.4720  EHBOND  =         0.0000  RESTRAINT  =        13.1499
 EAMBER (non-restraint)  =    -48214.2240
 ------------------------------------------------------------------------------

wrapping first mol.:       20.88048       29.52946       51.14652
wrapping first mol.:       20.88048       29.52946       51.14652

 NSTEP =    40500   TIME(PS) =    2621.000  TEMP(K) =   299.40  PRESS =     0.0
 Etot   =    -38253.3252  EKtot   =     10003.0117  EPtot      =    -48256.3369
 BOND   =       361.2414  ANGLE   =      1086.8671  DIHED      =      1323.3006
 1-4 NB =       447.8783  1-4 EEL =      6342.2651  VDWAALS    =      5418.4944
 EELEC  =    -63248.0163  EHBOND  =         0.0000  RESTRAINT  =        11.6324
 EAMBER (non-restraint)  =    -48267.9693
 ------------------------------------------------------------------------------

wrapping first mol.:       20.88048       29.52946       51.14652
wrapping first mol.:       20.88048       29.52946       51.14652

 NSTEP =    41000   TIME(PS) =    2622.000  TEMP(K) =   298.50  PRESS =     0.0
 Etot   =    -38066.3321  EKtot   =      9972.9141  EPtot      =    -48039.2461
 BOND   =       350.7660  ANGLE   =      1111.8412  DIHED      =      1346.1037
 1-4 NB =       455.5721  1-4 EEL =      6334.4833  VDWAALS    =      5395.6039
 EELEC  =    -63047.5929  EHBOND  =         0.0000  RESTRAINT  =        13.9766
 EAMBER (non-restraint)  =    -48053.2227
 ------------------------------------------------------------------------------

wrapping first mol.:       20.88048       29.52946       51.14652
wrapping first mol.:       20.88048       29.52946       51.14652

 NSTEP =    41500   TIME(PS) =    2623.000  TEMP(K) =   300.64  PRESS =     0.0
 Etot   =    -38056.3406  EKtot   =     10044.6377  EPtot      =    -48100.9783
 BOND   =       355.6904  ANGLE   =      1064.0966  DIHED      =      1350.7195
 1-4 NB =       454.7096  1-4 EEL =      6351.4783  VDWAALS    =      5473.5849
 EELEC  =    -63163.5292  EHBOND  =         0.0000  RESTRAINT  =        12.2715
 EAMBER (non-restraint)  =    -48113.2498
 ------------------------------------------------------------------------------

wrapping first mol.:       20.88048       29.52946       51.14652
wrapping first mol.:       20.88048       29.52946       51.14652

 NSTEP =    42000   TIME(PS) =    2624.000  TEMP(K) =   304.57  PRESS =     0.0
 Etot   =    -37884.1565  EKtot   =     10175.8701  EPtot      =    -48060.0266
 BOND   =       330.0845  ANGLE   =      1055.6493  DIHED      =      1333.0177
 1-4 NB =       444.5694  1-4 EEL =      6350.6982  VDWAALS    =      5336.7795
 EELEC  =    -62924.9803  EHBOND  =         0.0000  RESTRAINT  =        14.1551
 EAMBER (non-restraint)  =    -48074.1817
 ------------------------------------------------------------------------------

wrapping first mol.:       20.88048       29.52946       51.14652
wrapping first mol.:       20.88048       29.52946       51.14652

 NSTEP =    42500   TIME(PS) =    2625.000  TEMP(K) =   302.30  PRESS =     0.0
 Etot   =    -37830.4146  EKtot   =     10099.9414  EPtot      =    -47930.3560
 BOND   =       370.5868  ANGLE   =      1083.7027  DIHED      =      1362.3648
 1-4 NB =       435.1272  1-4 EEL =      6361.9271  VDWAALS    =      5145.6323
 EELEC  =    -62703.9080  EHBOND  =         0.0000  RESTRAINT  =        14.2111
 EAMBER (non-restraint)  =    -47944.5672
 ------------------------------------------------------------------------------

wrapping first mol.:       20.88048       29.52946       51.14652
wrapping first mol.:       20.88048       29.52946       51.14652

 NSTEP =    43000   TIME(PS) =    2626.000  TEMP(K) =   299.29  PRESS =     0.0
 Etot   =    -37851.9134  EKtot   =      9999.5430  EPtot      =    -47851.4564
 BOND   =       341.8778  ANGLE   =      1063.4528  DIHED      =      1355.1236
 1-4 NB =       446.3249  1-4 EEL =      6332.0385  VDWAALS    =      5381.4382
 EELEC  =    -62786.3211  EHBOND  =         0.0000  RESTRAINT  =        14.6089
 EAMBER (non-restraint)  =    -47866.0653
 ------------------------------------------------------------------------------

wrapping first mol.:       20.88048       29.52946       51.14652
wrapping first mol.:       20.88048       29.52946       51.14652

 NSTEP =    43500   TIME(PS) =    2627.000  TEMP(K) =   297.83  PRESS =     0.0
 Etot   =    -38019.3558  EKtot   =      9950.5742  EPtot      =    -47969.9300
 BOND   =       355.4221  ANGLE   =      1061.8754  DIHED      =      1341.8638
 1-4 NB =       446.0966  1-4 EEL =      6315.6917  VDWAALS    =      5368.7218
 EELEC  =    -62873.0341  EHBOND  =         0.0000  RESTRAINT  =        13.4328
 EAMBER (non-restraint)  =    -47983.3628
 ------------------------------------------------------------------------------

wrapping first mol.:       20.88048       29.52946       51.14652
wrapping first mol.:       20.88048       29.52946       51.14652

 NSTEP =    44000   TIME(PS) =    2628.000  TEMP(K) =   301.89  PRESS =     0.0
 Etot   =    -38028.7473  EKtot   =     10086.4531  EPtot      =    -48115.2005
 BOND   =       364.8462  ANGLE   =      1081.8013  DIHED      =      1358.7475
 1-4 NB =       439.1666  1-4 EEL =      6347.9235  VDWAALS    =      5287.3654
 EELEC  =    -63008.9388  EHBOND  =         0.0000  RESTRAINT  =        13.8878
 EAMBER (non-restraint)  =    -48129.0883
 ------------------------------------------------------------------------------

wrapping first mol.:       20.88048       29.52946       51.14652
wrapping first mol.:       20.88048       29.52946       51.14652

 NSTEP =    44500   TIME(PS) =    2629.000  TEMP(K) =   297.67  PRESS =     0.0
 Etot   =    -38123.9106  EKtot   =      9945.4268  EPtot      =    -48069.3374
 BOND   =       353.8328  ANGLE   =      1106.6367  DIHED      =      1326.6868
 1-4 NB =       464.2705  1-4 EEL =      6357.4373  VDWAALS    =      5380.5935
 EELEC  =    -63076.4081  EHBOND  =         0.0000  RESTRAINT  =        17.6130
 EAMBER (non-restraint)  =    -48086.9504
 ------------------------------------------------------------------------------

wrapping first mol.:       20.88048       29.52946       51.14652
wrapping first mol.:       20.88048       29.52946       51.14652

 NSTEP =    45000   TIME(PS) =    2630.000  TEMP(K) =   300.36  PRESS =     0.0
 Etot   =    -38093.9379  EKtot   =     10035.3779  EPtot      =    -48129.3158
 BOND   =       336.5856  ANGLE   =      1057.4851  DIHED      =      1349.7002
 1-4 NB =       443.9972  1-4 EEL =      6314.6449  VDWAALS    =      5392.1119
 EELEC  =    -63040.4772  EHBOND  =         0.0000  RESTRAINT  =        16.6365
 EAMBER (non-restraint)  =    -48145.9523
 ------------------------------------------------------------------------------

wrapping first mol.:       20.88048       29.52946       51.14652
wrapping first mol.:       20.88048       29.52946       51.14652

 NSTEP =    45500   TIME(PS) =    2631.000  TEMP(K) =   301.72  PRESS =     0.0
 Etot   =    -38190.2117  EKtot   =     10080.7197  EPtot      =    -48270.9314
 BOND   =       380.2955  ANGLE   =      1044.8891  DIHED      =      1340.0139
 1-4 NB =       448.4391  1-4 EEL =      6320.4186  VDWAALS    =      5458.7327
 EELEC  =    -63280.9243  EHBOND  =         0.0000  RESTRAINT  =        17.2039
 EAMBER (non-restraint)  =    -48288.1353
 ------------------------------------------------------------------------------

wrapping first mol.:       20.88048       29.52946       51.14652
wrapping first mol.:       20.88048       29.52946       51.14652

 NSTEP =    46000   TIME(PS) =    2632.000  TEMP(K) =   298.06  PRESS =     0.0
 Etot   =    -38080.4073  EKtot   =      9958.3486  EPtot      =    -48038.7559
 BOND   =       333.2329  ANGLE   =      1031.9409  DIHED      =      1336.1453
 1-4 NB =       451.1444  1-4 EEL =      6316.2457  VDWAALS    =      5345.7447
 EELEC  =    -62869.0326  EHBOND  =         0.0000  RESTRAINT  =        15.8228
 EAMBER (non-restraint)  =    -48054.5787
 ------------------------------------------------------------------------------

wrapping first mol.:       20.88048       29.52946       51.14652
wrapping first mol.:       20.88048       29.52946       51.14652

 NSTEP =    46500   TIME(PS) =    2633.000  TEMP(K) =   297.78  PRESS =     0.0
 Etot   =    -38072.6938  EKtot   =      9948.9854  EPtot      =    -48021.6792
 BOND   =       346.7636  ANGLE   =      1054.3956  DIHED      =      1343.8806
 1-4 NB =       454.0024  1-4 EEL =      6330.1925  VDWAALS    =      5472.8468
 EELEC  =    -63039.5481  EHBOND  =         0.0000  RESTRAINT  =        15.7873
 EAMBER (non-restraint)  =    -48037.4665
 ------------------------------------------------------------------------------

wrapping first mol.:       20.88048       29.52946       51.14652
wrapping first mol.:       20.88048       29.52946       51.14652

 NSTEP =    47000   TIME(PS) =    2634.000  TEMP(K) =   300.45  PRESS =     0.0
 Etot   =    -38146.1415  EKtot   =     10038.3467  EPtot      =    -48184.4882
 BOND   =       345.8209  ANGLE   =      1075.0595  DIHED      =      1327.4464
 1-4 NB =       450.2897  1-4 EEL =      6321.2963  VDWAALS    =      5208.0407
 EELEC  =    -62927.2947  EHBOND  =         0.0000  RESTRAINT  =        14.8530
 EAMBER (non-restraint)  =    -48199.3412
 ------------------------------------------------------------------------------

wrapping first mol.:       20.88048       29.52946       51.14652
wrapping first mol.:       20.88048       29.52946       51.14652

 NSTEP =    47500   TIME(PS) =    2635.000  TEMP(K) =   298.60  PRESS =     0.0
 Etot   =    -38016.7815  EKtot   =      9976.5771  EPtot      =    -47993.3587
 BOND   =       359.0196  ANGLE   =      1064.3825  DIHED      =      1343.5362
 1-4 NB =       463.7332  1-4 EEL =      6337.3498  VDWAALS    =      5341.0569
 EELEC  =    -62917.1884  EHBOND  =         0.0000  RESTRAINT  =        14.7515
 EAMBER (non-restraint)  =    -48008.1102
 ------------------------------------------------------------------------------

wrapping first mol.:       20.88048       29.52946       51.14652
wrapping first mol.:       20.88048       29.52946       51.14652

 NSTEP =    48000   TIME(PS) =    2636.000  TEMP(K) =   302.32  PRESS =     0.0
 Etot   =    -37872.9606  EKtot   =     10100.8643  EPtot      =    -47973.8249
 BOND   =       373.0206  ANGLE   =      1052.7884  DIHED      =      1351.3744
 1-4 NB =       443.5818  1-4 EEL =      6348.9203  VDWAALS    =      5273.6091
 EELEC  =    -62829.3490  EHBOND  =         0.0000  RESTRAINT  =        12.2296
 EAMBER (non-restraint)  =    -47986.0545
 ------------------------------------------------------------------------------

wrapping first mol.:       20.88048       29.52946       51.14652
wrapping first mol.:       20.88048       29.52946       51.14652

 NSTEP =    48500   TIME(PS) =    2637.000  TEMP(K) =   305.25  PRESS =     0.0
 Etot   =    -37801.4719  EKtot   =     10198.5996  EPtot      =    -48000.0715
 BOND   =       373.1041  ANGLE   =      1079.8902  DIHED      =      1352.5141
 1-4 NB =       458.6038  1-4 EEL =      6315.4749  VDWAALS    =      5423.6802
 EELEC  =    -63016.6983  EHBOND  =         0.0000  RESTRAINT  =        13.3596
 EAMBER (non-restraint)  =    -48013.4311
 ------------------------------------------------------------------------------

wrapping first mol.:       20.88048       29.52946       51.14652
wrapping first mol.:       20.88048       29.52946       51.14652

 NSTEP =    49000   TIME(PS) =    2638.000  TEMP(K) =   298.00  PRESS =     0.0
 Etot   =    -37970.5110  EKtot   =      9956.3555  EPtot      =    -47926.8665
 BOND   =       364.9834  ANGLE   =      1073.6677  DIHED      =      1359.9325
 1-4 NB =       463.9571  1-4 EEL =      6358.6970  VDWAALS    =      5383.7258
 EELEC  =    -62944.2159  EHBOND  =         0.0000  RESTRAINT  =        12.3859
 EAMBER (non-restraint)  =    -47939.2524
 ------------------------------------------------------------------------------

wrapping first mol.:       20.88048       29.52946       51.14652
wrapping first mol.:       20.88048       29.52946       51.14652

 NSTEP =    49500   TIME(PS) =    2639.000  TEMP(K) =   299.43  PRESS =     0.0
 Etot   =    -38069.1313  EKtot   =     10004.2266  EPtot      =    -48073.3579
 BOND   =       354.3635  ANGLE   =      1019.4527  DIHED      =      1363.2028
 1-4 NB =       441.1201  1-4 EEL =      6351.4225  VDWAALS    =      5222.7077
 EELEC  =    -62839.8442  EHBOND  =         0.0000  RESTRAINT  =        14.2170
 EAMBER (non-restraint)  =    -48087.5749
 ------------------------------------------------------------------------------

wrapping first mol.:       20.88048       29.52946       51.14652
wrapping first mol.:       20.88048       29.52946       51.14652

 NSTEP =    50000   TIME(PS) =    2640.000  TEMP(K) =   301.19  PRESS =     0.0
 Etot   =    -38127.7111  EKtot   =     10062.8613  EPtot      =    -48190.5725
 BOND   =       345.6547  ANGLE   =      1096.6740  DIHED      =      1338.7043
 1-4 NB =       447.4481  1-4 EEL =      6344.6325  VDWAALS    =      5500.6968
 EELEC  =    -63278.7431  EHBOND  =         0.0000  RESTRAINT  =        14.3603
 EAMBER (non-restraint)  =    -48204.9328
 ------------------------------------------------------------------------------


      A V E R A G E S   O V E R     100 S T E P S


 NSTEP =    50000   TIME(PS) =    2640.000  TEMP(K) =   300.11  PRESS =     0.0
 Etot   =    -38080.2120  EKtot   =     10026.9356  EPtot      =    -48107.1476
 BOND   =       357.3371  ANGLE   =      1066.0263  DIHED      =      1343.1349
 1-4 NB =       447.2996  1-4 EEL =      6334.5764  VDWAALS    =      5396.5752
 EELEC  =    -63066.0491  EHBOND  =         0.0000  RESTRAINT  =        13.9520
 EAMBER (non-restraint)  =    -48121.0996
 ------------------------------------------------------------------------------


      R M S  F L U C T U A T I O N S


 NSTEP =    50000   TIME(PS) =    2640.000  TEMP(K) =     2.10  PRESS =     0.0
 Etot   =       127.2479  EKtot   =        70.2687  EPtot      =       111.4988
 BOND   =        15.2396  ANGLE   =        23.4487  DIHED      =        14.4203
 1-4 NB =         8.6735  1-4 EEL =        20.4733  VDWAALS    =        99.2803
 EELEC  =       164.5820  EHBOND  =         0.0000  RESTRAINT  =         1.8380
 EAMBER (non-restraint)  =       109.6607
 ------------------------------------------------------------------------------

--------------------------------------------------------------------------------
   5.  TIMINGS
--------------------------------------------------------------------------------

|  NonSetup CPU Time in Major Routines:
|
|     Routine           Sec        %
|     ------------------------------
|     Nonbond          13.66   35.71
|     Bond              0.00    0.00
|     Angle             0.00    0.00
|     Dihedral          0.00    0.00
|     Shake             0.92    2.40
|     RunMD            23.58   61.63
|     Other             0.10    0.25
|     ------------------------------
|     Total            38.26

|  PME Nonbond Pairlist CPU Time:
|
|     Routine              Sec        %
|     ---------------------------------
|     Set Up Cit           0.00    0.00
|     Build List           0.00    0.00
|     ---------------------------------
|     Total                0.00    0.00

|  PME Direct Force CPU Time:
|
|     Routine              Sec        %
|     ---------------------------------
|     NonBonded Calc       0.00    0.00
|     Exclude Masked       0.00    0.00
|     Other                0.04    0.10
|     ---------------------------------
|     Total                0.04    0.10

|  PME Reciprocal Force CPU Time:
|
|     Routine              Sec        %
|     ---------------------------------
|     1D bspline           0.00    0.00
|     Grid Charges         0.00    0.00
|     Scalar Sum           0.00    0.00
|     Gradient Sum         0.00    0.00
|     FFT                  0.00    0.00
|     ---------------------------------
|     Total                0.00    0.00

|  Final Performance Info:
|     -----------------------------------------------------
|     Average timings for last   49500 steps:
|     Elapsed(s) =      37.88 Per Step(ms) =       0.77
|         ns/day =     225.79   seconds/ns =     382.66
|
|     Average timings for all steps:
|     Elapsed(s) =      38.29 Per Step(ms) =       0.77
|         ns/day =     225.67   seconds/ns =     382.86
|     -----------------------------------------------------

|  Setup CPU time:            2.42 seconds
|  NonSetup CPU time:        38.26 seconds
|  Total CPU time:           40.68 seconds     0.01 hours

|  Setup wall time:           3    seconds
|  NonSetup wall time:       38    seconds
|  Total wall time:          41    seconds     0.01 hours
