
          -------------------------------------------------------
          Amber 16 PMEMD                              2016
          -------------------------------------------------------

| PMEMD implementation of SANDER, Release 16

| Run on 11/17/2017 at 08:35:33

|   Executable path: /apps/amber16/bin/pmemd.cuda
| Working directory: /home/pbarletta
|          Hostname: mordor

  [-O]verwriting output

File Assignments:
|   MDIN: /scratch/pbarletta/cph_obp/run/eol/mhe/e/28equ.in                     
|  MDOUT: /scratch/pbarletta/cph_obp/run/eol/mhe/e/28equ.out                    
| INPCRD: /scratch/pbarletta/cph_obp/run/eol/mhe/e/27eeol.rst7                  
|   PARM: /scratch/pbarletta/cph_obp/top_files/eol.prmtop                       
| RESTRT: /scratch/pbarletta/cph_obp/run/eol/mhe/e/28eeol.rst7                  
|   REFC: /scratch/pbarletta/cph_obp/run/eol/mhe/e/27eeol.rst7                  
|  MDVEL: mdvel                                                                 
|   MDEN: mden                                                                  
|  MDCRD: /scratch/pbarletta/cph_obp/run/eol/mhe/e/28eeol.nc                    
| MDINFO: mdinfo                                                                
|  MDFRC: mdfrc                                                                 


 Here is the input file:

Equilibration with solute restrictions                                         
&cntrl                                                                         
imin = 0,                           ! No Minimization                          
nmropt = 0,                         ! No NMR restraints read                   
                                                                               
! Nature and format of the input                                               
ntx = 5,                            ! Coordinates but no velocities will be rea
irest = 1,                          ! Do not run a new simulation              
                                                                               
! Nature and format of the output                                              
ntxo = 1,                           ! rstrt file in ASCII format               
ntpr = 500,                         ! inf in output every ntpr steps           
ntwr = 500,                         ! rstrt file every ntwr steps              
ntwx = 500,                         ! mdcrd file every ntwx steps              
ntwv = 0,                           ! mdvel without velocities                 
ntwe = 0,                           ! Energies and temperatures not written in 
idecomp = 0,                        ! No energy decomposition                  
iwrap = 1,                          ! Coordinates of the restart and mdcrd file
                                                                               
! Frozen or restrained atoms                                                   
ibelly = 0,                         ! No frozen atoms                          
ntr=1,                              ! Harmonic potential restraints            
restraint_wt = 0.02,                ! The weight for the positional restraints 
restraintmask = ':1-120@N,CA,C,O',  ! restrained residues                      
                                                                               
! Molecular dynamics                                                           
nstlim = 50000,                     ! Number of MD-steps                       
dt = 0.002,                         ! Time step                                
                                                                               
! Temperature regulation                                                       
ntt = 3,                            ! Langevin thermostat                      
gamma_ln = 5,                       ! Gamma constant for Langevin              
temp0 = 300.0,                      ! Reference T at which the system is to be 
tempi = 300.0,                      ! Initial T                                
ig = -1,                            ! Seed for the RNG                         
                                                                               
! P and V regulation                                                           
ntp = 0,                            ! No pressure control                      
ntb = 1,                            ! Periodic box for constant V              
                                                                               
! SHAKE variables                                                              
ntc = 2,                            ! Bonds involving H are constrained        
ntf = 2,                            ! Bond interaction involving H are ommited.
                                                                               
cut = 10.0,                         ! Nonbonded cutoff                         
                                                                               
/                                                                              
&end                                                                           


Note: ig = -1. Setting random seed to   958344 based on wallclock time in 
      microseconds.
| irandom = 1, using AMBER's internal random number generator (default).
 
|--------------------- INFORMATION ----------------------
| GPU (CUDA) Version of PMEMD in use: NVIDIA GPU IN USE.
|                    Version 16.0.0
| 
|                      02/25/2016
| 
| Implementation by:
|                    Ross C. Walker     (SDSC)
|                    Scott Le Grand     (nVIDIA)
| 
| Precision model in use:
|      [SPFP] - Single Precision Forces, 64-bit Fixed Point
|               Accumulation. (Default)
| 
|--------------------------------------------------------
 
|----------------- CITATION INFORMATION -----------------
|
|    When publishing work that utilized the CUDA version
|    of AMBER, please cite the following in addition to
|    the regular AMBER citations:
|
|  - Romelia Salomon-Ferrer; Andreas W. Goetz; Duncan
|    Poole; Scott Le Grand; Ross C. Walker "Routine
|    microsecond molecular dynamics simulations with
|    AMBER - Part II: Particle Mesh Ewald", J. Chem.
|    Theory Comput., 2013, 9 (9), pp3878-3888,
|    DOI: 10.1021/ct400314y.
|
|  - Andreas W. Goetz; Mark J. Williamson; Dong Xu;
|    Duncan Poole; Scott Le Grand; Ross C. Walker
|    "Routine microsecond molecular dynamics simulations
|    with AMBER - Part I: Generalized Born", J. Chem.
|    Theory Comput., 2012, 8 (5), pp1542-1555.
|
|  - Scott Le Grand; Andreas W. Goetz; Ross C. Walker
|    "SPFP: Speed without compromise - a mixed precision
|    model for GPU accelerated molecular dynamics
|    simulations.", Comp. Phys. Comm., 2013, 184
|    pp374-380, DOI: 10.1016/j.cpc.2012.09.022
|
|--------------------------------------------------------
 
|------------------- GPU DEVICE INFO --------------------
|
|            CUDA_VISIBLE_DEVICES: 2
|   CUDA Capable Devices Detected:      1
|           CUDA Device ID in use:      0
|                CUDA Device Name: GeForce GTX 1080 Ti
|     CUDA Device Global Mem Size:  11172 MB
| CUDA Device Num Multiprocessors:     28
|           CUDA Device Core Freq:   1.58 GHz
|
|--------------------------------------------------------
 
 
| Conditional Compilation Defines Used:
| PUBFFT
| BINTRAJ
| CUDA
| EMIL

| Largest sphere to fit in unit cell has radius =    25.573

| New format PARM file being parsed.
| Version =    1.000 Date = 11/14/17 Time = 21:40:14

| Note: 1-4 EEL scale factors are being read from the topology file.

| Note: 1-4 VDW scale factors are being read from the topology file.
| Duplicated    0 dihedrals

| Duplicated    0 dihedrals

--------------------------------------------------------------------------------
   1.  RESOURCE   USE: 
--------------------------------------------------------------------------------

 getting new box info from bottom of inpcrd
 NATOM  =   16335 NTYPES =      18 NBONH =   15379 MBONA  =     963
 NTHETH =    2359 MTHETA =    1293 NPHIH =    4500 MPHIA  =    3265
 NHPARM =       0 NPARM  =       0 NNB   =   30156 NRES   =    4896
 NBONA  =     963 NTHETA =    1293 NPHIA =    3265 NUMBND =      51
 NUMANG =     105 NPTRA  =      41 NATYP =      35 NPHB   =       1
 IFBOX  =       2 NMXRS  =      24 IFCAP =       0 NEXTRA =       0
 NCOPY  =       0

| Coordinate Index Table dimensions:    10   10   10
| Direct force subcell size =     6.2641    6.2641    6.2641

     BOX TYPE: TRUNCATED OCTAHEDRON

--------------------------------------------------------------------------------
   2.  CONTROL  DATA  FOR  THE  RUN
--------------------------------------------------------------------------------

default_name                                                                    

General flags:
     imin    =       0, nmropt  =       0

Nature and format of input:
     ntx     =       5, irest   =       1, ntrx    =       1

Nature and format of output:
     ntxo    =       1, ntpr    =     500, ntrx    =       1, ntwr    =     500
     iwrap   =       1, ntwx    =     500, ntwv    =       0, ntwe    =       0
     ioutfm  =       1, ntwprt  =       0, idecomp =       0, rbornstat=      0

Potential function:
     ntf     =       2, ntb     =       1, igb     =       0, nsnb    =      25
     ipol    =       0, gbsa    =       0, iesp    =       0
     dielc   =   1.00000, cut     =  10.00000, intdiel =   1.00000

Frozen or restrained atoms:
     ibelly  =       0, ntr     =       1
     restraint_wt =   0.02000

Molecular dynamics:
     nstlim  =     50000, nscm    =         0, nrespa  =         1
     t       =   0.00000, dt      =   0.00200, vlimit  =  -1.00000

Langevin dynamics temperature regulation:
     ig      =  958344
     temp0   = 300.00000, tempi   = 300.00000, gamma_ln=   5.00000

SHAKE:
     ntc     =       2, jfastw  =       0
     tol     =   0.00001

| Intermolecular bonds treatment:
|     no_intermolecular_bonds =       1

| Energy averages sample interval:
|     ene_avg_sampling =     500

Ewald parameters:
     verbose =       0, ew_type =       0, nbflag  =       1, use_pme =       1
     vdwmeth =       1, eedmeth =       1, netfrc  =       1
     Box X =   62.641   Box Y =   62.641   Box Z =   62.641
     Alpha =  109.471   Beta  =  109.471   Gamma =  109.471
     NFFT1 =   64       NFFT2 =   64       NFFT3 =   64
     Cutoff=   10.000   Tol   =0.100E-04
     Ewald Coefficient =  0.27511
     Interpolation order =    4

    LOADING THE CONSTRAINED ATOMS AS GROUPS


   5.  REFERENCE ATOM COORDINATES

  default_name                                                                    
     Mask :1-120@N,CA,C,O; matches   476 atoms

--------------------------------------------------------------------------------
   3.  ATOMIC COORDINATES AND VELOCITIES
--------------------------------------------------------------------------------

default_name                                                                    
 begin time read from input coords =  2840.000 ps

 
 Number of triangulated 3-point waters found:     4775

     Sum of charges from parm topology file =  -0.00000006
     Forcing neutrality...

| Dynamic Memory, Types Used:
| Reals              619308
| Integers           586628

| Nonbonded Pairs Initial Allocation:     4940929

| GPU memory information (estimate):
| KB of GPU memory in use:    123232
| KB of CPU memory in use:     26926

--------------------------------------------------------------------------------
   4.  RESULTS
--------------------------------------------------------------------------------

 ---------------------------------------------------
 APPROXIMATING switch and d/dx switch using CUBIC SPLINE INTERPOLATION
 using   5000.0 points per unit in tabled values
 TESTING RELATIVE ERROR over r ranging from 0.0 to cutoff
| CHECK switch(x): max rel err =   0.2738E-14   at   2.422500
| CHECK d/dx switch(x): max rel err =   0.8314E-11   at   2.736960
 ---------------------------------------------------
|---------------------------------------------------
| APPROXIMATING direct energy using CUBIC SPLINE INTERPOLATION
|  with   50.0 points per unit in tabled values
| Relative Error Limit not exceeded for r .gt.   2.33
| APPROXIMATING direct force using CUBIC SPLINE INTERPOLATION
|  with   50.0 points per unit in tabled values
| Relative Error Limit not exceeded for r .gt.   2.80
|---------------------------------------------------
wrapping first mol.:       20.88048       29.52946       51.14652
wrapping first mol.:       20.88048       29.52946       51.14652

 NSTEP =      500   TIME(PS) =    2841.000  TEMP(K) =   302.46  PRESS =     0.0
 Etot   =    -37928.7803  EKtot   =     10105.3633  EPtot      =    -48034.1436
 BOND   =       345.7624  ANGLE   =      1058.5742  DIHED      =      1337.0277
 1-4 NB =       453.7938  1-4 EEL =      6369.3269  VDWAALS    =      5452.5193
 EELEC  =    -63053.3545  EHBOND  =         0.0000  RESTRAINT  =         2.2066
 EAMBER (non-restraint)  =    -48036.3502
 ------------------------------------------------------------------------------

wrapping first mol.:       20.88048       29.52946       51.14652
wrapping first mol.:       20.88048       29.52946       51.14652

 NSTEP =     1000   TIME(PS) =    2842.000  TEMP(K) =   298.40  PRESS =     0.0
 Etot   =    -38186.3723  EKtot   =      9969.7500  EPtot      =    -48156.1223
 BOND   =       349.9818  ANGLE   =      1040.7863  DIHED      =      1346.3150
 1-4 NB =       456.5653  1-4 EEL =      6334.5651  VDWAALS    =      5251.0133
 EELEC  =    -62938.0447  EHBOND  =         0.0000  RESTRAINT  =         2.6955
 EAMBER (non-restraint)  =    -48158.8178
 ------------------------------------------------------------------------------

wrapping first mol.:       20.88048       29.52946       51.14652
wrapping first mol.:       20.88048       29.52946       51.14652

 NSTEP =     1500   TIME(PS) =    2843.000  TEMP(K) =   298.42  PRESS =     0.0
 Etot   =    -38287.2357  EKtot   =      9970.3496  EPtot      =    -48257.5853
 BOND   =       362.6306  ANGLE   =      1054.0787  DIHED      =      1333.5819
 1-4 NB =       458.9275  1-4 EEL =      6325.9505  VDWAALS    =      5364.3464
 EELEC  =    -63160.5231  EHBOND  =         0.0000  RESTRAINT  =         3.4222
 EAMBER (non-restraint)  =    -48261.0076
 ------------------------------------------------------------------------------

wrapping first mol.:       20.88048       29.52946       51.14652
wrapping first mol.:       20.88048       29.52946       51.14652

 NSTEP =     2000   TIME(PS) =    2844.000  TEMP(K) =   298.17  PRESS =     0.0
 Etot   =    -38230.2156  EKtot   =      9962.0430  EPtot      =    -48192.2586
 BOND   =       378.7429  ANGLE   =      1069.2037  DIHED      =      1333.6078
 1-4 NB =       430.3535  1-4 EEL =      6342.3294  VDWAALS    =      5386.4025
 EELEC  =    -63137.7492  EHBOND  =         0.0000  RESTRAINT  =         4.8508
 EAMBER (non-restraint)  =    -48197.1094
 ------------------------------------------------------------------------------

wrapping first mol.:       20.88048       29.52946       51.14652
wrapping first mol.:       20.88048       29.52946       51.14652

 NSTEP =     2500   TIME(PS) =    2845.000  TEMP(K) =   297.76  PRESS =     0.0
 Etot   =    -38148.9820  EKtot   =      9948.4277  EPtot      =    -48097.4098
 BOND   =       362.4604  ANGLE   =      1074.7255  DIHED      =      1353.6940
 1-4 NB =       451.9795  1-4 EEL =      6319.5481  VDWAALS    =      5455.5989
 EELEC  =    -63120.9414  EHBOND  =         0.0000  RESTRAINT  =         5.5253
 EAMBER (non-restraint)  =    -48102.9351
 ------------------------------------------------------------------------------

wrapping first mol.:       20.88048       29.52946       51.14652
wrapping first mol.:       20.88048       29.52946       51.14652

 NSTEP =     3000   TIME(PS) =    2846.000  TEMP(K) =   298.82  PRESS =     0.0
 Etot   =    -38232.8546  EKtot   =      9983.7725  EPtot      =    -48216.6271
 BOND   =       335.7991  ANGLE   =      1063.5114  DIHED      =      1344.8346
 1-4 NB =       449.0084  1-4 EEL =      6328.9671  VDWAALS    =      5520.9507
 EELEC  =    -63263.6214  EHBOND  =         0.0000  RESTRAINT  =         3.9230
 EAMBER (non-restraint)  =    -48220.5501
 ------------------------------------------------------------------------------

wrapping first mol.:       20.88048       29.52946       51.14652
wrapping first mol.:       20.88048       29.52946       51.14652

 NSTEP =     3500   TIME(PS) =    2847.000  TEMP(K) =   300.07  PRESS =     0.0
 Etot   =    -38085.2755  EKtot   =     10025.4619  EPtot      =    -48110.7374
 BOND   =       369.7630  ANGLE   =      1059.5822  DIHED      =      1320.6379
 1-4 NB =       454.3479  1-4 EEL =      6326.2894  VDWAALS    =      5413.8833
 EELEC  =    -63059.4143  EHBOND  =         0.0000  RESTRAINT  =         4.1733
 EAMBER (non-restraint)  =    -48114.9107
 ------------------------------------------------------------------------------

wrapping first mol.:       20.88048       29.52946       51.14652
wrapping first mol.:       20.88048       29.52946       51.14652

 NSTEP =     4000   TIME(PS) =    2848.000  TEMP(K) =   299.92  PRESS =     0.0
 Etot   =    -38070.4983  EKtot   =     10020.4658  EPtot      =    -48090.9641
 BOND   =       354.9549  ANGLE   =      1079.5325  DIHED      =      1365.6293
 1-4 NB =       442.8681  1-4 EEL =      6312.9583  VDWAALS    =      5285.4814
 EELEC  =    -62936.3184  EHBOND  =         0.0000  RESTRAINT  =         3.9297
 EAMBER (non-restraint)  =    -48094.8938
 ------------------------------------------------------------------------------

wrapping first mol.:       20.88048       29.52946       51.14652
wrapping first mol.:       20.88048       29.52946       51.14652

 NSTEP =     4500   TIME(PS) =    2849.000  TEMP(K) =   299.21  PRESS =     0.0
 Etot   =    -37789.5448  EKtot   =      9996.6357  EPtot      =    -47786.1806
 BOND   =       369.1037  ANGLE   =      1054.4535  DIHED      =      1351.8924
 1-4 NB =       443.3679  1-4 EEL =      6324.4952  VDWAALS    =      5414.1446
 EELEC  =    -62748.0144  EHBOND  =         0.0000  RESTRAINT  =         4.3764
 EAMBER (non-restraint)  =    -47790.5570
 ------------------------------------------------------------------------------

wrapping first mol.:       20.88048       29.52946       51.14652
wrapping first mol.:       20.88048       29.52946       51.14652

 NSTEP =     5000   TIME(PS) =    2850.000  TEMP(K) =   299.47  PRESS =     0.0
 Etot   =    -38203.1590  EKtot   =     10005.3398  EPtot      =    -48208.4988
 BOND   =       364.7109  ANGLE   =      1030.9330  DIHED      =      1340.6667
 1-4 NB =       443.5754  1-4 EEL =      6351.1331  VDWAALS    =      5421.0078
 EELEC  =    -63163.9149  EHBOND  =         0.0000  RESTRAINT  =         3.3892
 EAMBER (non-restraint)  =    -48211.8880
 ------------------------------------------------------------------------------

wrapping first mol.:       20.88048       29.52946       51.14652
wrapping first mol.:       20.88048       29.52946       51.14652

 NSTEP =     5500   TIME(PS) =    2851.000  TEMP(K) =   302.21  PRESS =     0.0
 Etot   =    -37965.3080  EKtot   =     10096.8916  EPtot      =    -48062.1996
 BOND   =       353.9170  ANGLE   =      1054.0222  DIHED      =      1353.9740
 1-4 NB =       435.6468  1-4 EEL =      6326.9286  VDWAALS    =      5505.3285
 EELEC  =    -63095.8174  EHBOND  =         0.0000  RESTRAINT  =         3.8009
 EAMBER (non-restraint)  =    -48066.0004
 ------------------------------------------------------------------------------

wrapping first mol.:       20.88048       29.52946       51.14652
wrapping first mol.:       20.88048       29.52946       51.14652

 NSTEP =     6000   TIME(PS) =    2852.000  TEMP(K) =   301.95  PRESS =     0.0
 Etot   =    -37970.1328  EKtot   =     10088.3926  EPtot      =    -48058.5254
 BOND   =       363.2395  ANGLE   =      1069.8090  DIHED      =      1350.2525
 1-4 NB =       458.5955  1-4 EEL =      6336.1371  VDWAALS    =      5290.3926
 EELEC  =    -62930.8600  EHBOND  =         0.0000  RESTRAINT  =         3.9083
 EAMBER (non-restraint)  =    -48062.4337
 ------------------------------------------------------------------------------

wrapping first mol.:       20.88048       29.52946       51.14652
wrapping first mol.:       20.88048       29.52946       51.14652

 NSTEP =     6500   TIME(PS) =    2853.000  TEMP(K) =   302.32  PRESS =     0.0
 Etot   =    -37889.1758  EKtot   =     10100.7793  EPtot      =    -47989.9551
 BOND   =       361.6454  ANGLE   =      1052.4814  DIHED      =      1338.5753
 1-4 NB =       449.5272  1-4 EEL =      6305.7985  VDWAALS    =      5351.4899
 EELEC  =    -62853.2984  EHBOND  =         0.0000  RESTRAINT  =         3.8257
 EAMBER (non-restraint)  =    -47993.7808
 ------------------------------------------------------------------------------

wrapping first mol.:       20.88048       29.52946       51.14652
wrapping first mol.:       20.88048       29.52946       51.14652

 NSTEP =     7000   TIME(PS) =    2854.000  TEMP(K) =   299.38  PRESS =     0.0
 Etot   =    -38082.9190  EKtot   =     10002.6309  EPtot      =    -48085.5498
 BOND   =       332.7635  ANGLE   =      1068.1238  DIHED      =      1355.7448
 1-4 NB =       459.1992  1-4 EEL =      6345.8072  VDWAALS    =      5439.2679
 EELEC  =    -63090.8601  EHBOND  =         0.0000  RESTRAINT  =         4.4040
 EAMBER (non-restraint)  =    -48089.9539
 ------------------------------------------------------------------------------

wrapping first mol.:       20.88048       29.52946       51.14652
wrapping first mol.:       20.88048       29.52946       51.14652

 NSTEP =     7500   TIME(PS) =    2855.000  TEMP(K) =   300.26  PRESS =     0.0
 Etot   =    -38040.0721  EKtot   =     10031.7383  EPtot      =    -48071.8104
 BOND   =       360.7387  ANGLE   =      1080.1485  DIHED      =      1361.5751
 1-4 NB =       443.0405  1-4 EEL =      6350.7992  VDWAALS    =      5644.5067
 EELEC  =    -63317.2191  EHBOND  =         0.0000  RESTRAINT  =         4.6000
 EAMBER (non-restraint)  =    -48076.4104
 ------------------------------------------------------------------------------

wrapping first mol.:       20.88048       29.52946       51.14652
wrapping first mol.:       20.88048       29.52946       51.14652

 NSTEP =     8000   TIME(PS) =    2856.000  TEMP(K) =   300.58  PRESS =     0.0
 Etot   =    -38045.9904  EKtot   =     10042.5322  EPtot      =    -48088.5226
 BOND   =       364.8499  ANGLE   =      1089.4792  DIHED      =      1350.3636
 1-4 NB =       439.5609  1-4 EEL =      6333.0635  VDWAALS    =      5453.6326
 EELEC  =    -63124.2149  EHBOND  =         0.0000  RESTRAINT  =         4.7426
 EAMBER (non-restraint)  =    -48093.2653
 ------------------------------------------------------------------------------

wrapping first mol.:       20.88048       29.52946       51.14652
wrapping first mol.:       20.88048       29.52946       51.14652

 NSTEP =     8500   TIME(PS) =    2857.000  TEMP(K) =   295.41  PRESS =     0.0
 Etot   =    -38020.6102  EKtot   =      9869.7109  EPtot      =    -47890.3212
 BOND   =       365.9690  ANGLE   =      1137.7752  DIHED      =      1360.2525
 1-4 NB =       430.5711  1-4 EEL =      6307.3595  VDWAALS    =      5492.3048
 EELEC  =    -62989.8260  EHBOND  =         0.0000  RESTRAINT  =         5.2728
 EAMBER (non-restraint)  =    -47895.5940
 ------------------------------------------------------------------------------

wrapping first mol.:       20.88048       29.52946       51.14652
wrapping first mol.:       20.88048       29.52946       51.14652

 NSTEP =     9000   TIME(PS) =    2858.000  TEMP(K) =   300.79  PRESS =     0.0
 Etot   =    -38176.8463  EKtot   =     10049.5400  EPtot      =    -48226.3864
 BOND   =       368.8334  ANGLE   =      1068.5132  DIHED      =      1332.1759
 1-4 NB =       449.0227  1-4 EEL =      6310.3855  VDWAALS    =      5156.6428
 EELEC  =    -62915.9281  EHBOND  =         0.0000  RESTRAINT  =         3.9683
 EAMBER (non-restraint)  =    -48230.3546
 ------------------------------------------------------------------------------

wrapping first mol.:       20.88048       29.52946       51.14652
wrapping first mol.:       20.88048       29.52946       51.14652

 NSTEP =     9500   TIME(PS) =    2859.000  TEMP(K) =   301.58  PRESS =     0.0
 Etot   =    -38062.9305  EKtot   =     10075.9502  EPtot      =    -48138.8807
 BOND   =       350.8862  ANGLE   =      1046.5045  DIHED      =      1369.5106
 1-4 NB =       464.5431  1-4 EEL =      6324.5581  VDWAALS    =      5429.2698
 EELEC  =    -63127.8860  EHBOND  =         0.0000  RESTRAINT  =         3.7330
 EAMBER (non-restraint)  =    -48142.6138
 ------------------------------------------------------------------------------

wrapping first mol.:       20.88048       29.52946       51.14652
wrapping first mol.:       20.88048       29.52946       51.14652

 NSTEP =    10000   TIME(PS) =    2860.000  TEMP(K) =   297.24  PRESS =     0.0
 Etot   =    -38354.9407  EKtot   =      9930.8701  EPtot      =    -48285.8108
 BOND   =       347.0361  ANGLE   =      1089.3885  DIHED      =      1350.3304
 1-4 NB =       440.0834  1-4 EEL =      6342.6131  VDWAALS    =      5521.4788
 EELEC  =    -63381.5070  EHBOND  =         0.0000  RESTRAINT  =         4.7660
 EAMBER (non-restraint)  =    -48290.5768
 ------------------------------------------------------------------------------

wrapping first mol.:       20.88048       29.52946       51.14652
wrapping first mol.:       20.88048       29.52946       51.14652

 NSTEP =    10500   TIME(PS) =    2861.000  TEMP(K) =   299.64  PRESS =     0.0
 Etot   =    -38131.4358  EKtot   =     10011.2041  EPtot      =    -48142.6399
 BOND   =       328.1381  ANGLE   =      1090.5489  DIHED      =      1357.1078
 1-4 NB =       432.8359  1-4 EEL =      6336.8245  VDWAALS    =      5197.2360
 EELEC  =    -62889.0508  EHBOND  =         0.0000  RESTRAINT  =         3.7198
 EAMBER (non-restraint)  =    -48146.3596
 ------------------------------------------------------------------------------

wrapping first mol.:       20.88048       29.52946       51.14652
wrapping first mol.:       20.88048       29.52946       51.14652

 NSTEP =    11000   TIME(PS) =    2862.000  TEMP(K) =   297.60  PRESS =     0.0
 Etot   =    -37901.7647  EKtot   =      9942.9912  EPtot      =    -47844.7559
 BOND   =       394.0036  ANGLE   =      1075.4063  DIHED      =      1368.7530
 1-4 NB =       444.4426  1-4 EEL =      6349.7833  VDWAALS    =      5378.5525
 EELEC  =    -62859.7601  EHBOND  =         0.0000  RESTRAINT  =         4.0630
 EAMBER (non-restraint)  =    -47848.8189
 ------------------------------------------------------------------------------

wrapping first mol.:       20.88048       29.52946       51.14652
wrapping first mol.:       20.88048       29.52946       51.14652

 NSTEP =    11500   TIME(PS) =    2863.000  TEMP(K) =   303.05  PRESS =     0.0
 Etot   =    -37913.8974  EKtot   =     10125.0010  EPtot      =    -48038.8983
 BOND   =       354.1696  ANGLE   =      1085.7329  DIHED      =      1325.0388
 1-4 NB =       449.4784  1-4 EEL =      6334.6843  VDWAALS    =      5340.5875
 EELEC  =    -62932.4532  EHBOND  =         0.0000  RESTRAINT  =         3.8633
 EAMBER (non-restraint)  =    -48042.7616
 ------------------------------------------------------------------------------

wrapping first mol.:       20.88048       29.52946       51.14652
wrapping first mol.:       20.88048       29.52946       51.14652

 NSTEP =    12000   TIME(PS) =    2864.000  TEMP(K) =   301.79  PRESS =     0.0
 Etot   =    -38235.3538  EKtot   =     10083.1455  EPtot      =    -48318.4993
 BOND   =       333.7596  ANGLE   =      1084.6760  DIHED      =      1359.4341
 1-4 NB =       438.5328  1-4 EEL =      6269.9169  VDWAALS    =      5439.4953
 EELEC  =    -63248.1274  EHBOND  =         0.0000  RESTRAINT  =         3.8133
 EAMBER (non-restraint)  =    -48322.3126
 ------------------------------------------------------------------------------

wrapping first mol.:       20.88048       29.52946       51.14652
wrapping first mol.:       20.88048       29.52946       51.14652

 NSTEP =    12500   TIME(PS) =    2865.000  TEMP(K) =   299.32  PRESS =     0.0
 Etot   =    -37911.0192  EKtot   =     10000.5859  EPtot      =    -47911.6052
 BOND   =       376.3569  ANGLE   =      1106.4302  DIHED      =      1348.0399
 1-4 NB =       448.0872  1-4 EEL =      6304.9535  VDWAALS    =      5118.4761
 EELEC  =    -62617.8012  EHBOND  =         0.0000  RESTRAINT  =         3.8523
 EAMBER (non-restraint)  =    -47915.4574
 ------------------------------------------------------------------------------

wrapping first mol.:       20.88048       29.52946       51.14652
wrapping first mol.:       20.88048       29.52946       51.14652

 NSTEP =    13000   TIME(PS) =    2866.000  TEMP(K) =   302.33  PRESS =     0.0
 Etot   =    -38241.1227  EKtot   =     10100.9561  EPtot      =    -48342.0787
 BOND   =       338.9758  ANGLE   =      1068.7499  DIHED      =      1347.0386
 1-4 NB =       447.5006  1-4 EEL =      6365.4216  VDWAALS    =      5359.2632
 EELEC  =    -63273.2912  EHBOND  =         0.0000  RESTRAINT  =         4.2628
 EAMBER (non-restraint)  =    -48346.3415
 ------------------------------------------------------------------------------

wrapping first mol.:       20.88048       29.52946       51.14652
wrapping first mol.:       20.88048       29.52946       51.14652

 NSTEP =    13500   TIME(PS) =    2867.000  TEMP(K) =   300.07  PRESS =     0.0
 Etot   =    -38014.5118  EKtot   =     10025.4209  EPtot      =    -48039.9327
 BOND   =       385.1189  ANGLE   =      1107.9713  DIHED      =      1357.7219
 1-4 NB =       436.5427  1-4 EEL =      6316.6360  VDWAALS    =      5391.6680
 EELEC  =    -63040.1619  EHBOND  =         0.0000  RESTRAINT  =         4.5704
 EAMBER (non-restraint)  =    -48044.5031
 ------------------------------------------------------------------------------

wrapping first mol.:       20.88048       29.52946       51.14652
wrapping first mol.:       20.88048       29.52946       51.14652

 NSTEP =    14000   TIME(PS) =    2868.000  TEMP(K) =   300.02  PRESS =     0.0
 Etot   =    -38027.6629  EKtot   =     10023.9326  EPtot      =    -48051.5955
 BOND   =       362.5597  ANGLE   =      1100.5651  DIHED      =      1344.0734
 1-4 NB =       452.6741  1-4 EEL =      6354.4500  VDWAALS    =      5507.0884
 EELEC  =    -63177.6452  EHBOND  =         0.0000  RESTRAINT  =         4.6390
 EAMBER (non-restraint)  =    -48056.2345
 ------------------------------------------------------------------------------

wrapping first mol.:       20.88048       29.52946       51.14652
wrapping first mol.:       20.88048       29.52946       51.14652

 NSTEP =    14500   TIME(PS) =    2869.000  TEMP(K) =   297.84  PRESS =     0.0
 Etot   =    -38307.0892  EKtot   =      9950.9971  EPtot      =    -48258.0863
 BOND   =       348.8634  ANGLE   =      1125.6071  DIHED      =      1342.0481
 1-4 NB =       441.9101  1-4 EEL =      6325.3060  VDWAALS    =      5674.4519
 EELEC  =    -63521.3502  EHBOND  =         0.0000  RESTRAINT  =         5.0773
 EAMBER (non-restraint)  =    -48263.1636
 ------------------------------------------------------------------------------

wrapping first mol.:       20.88048       29.52946       51.14652
wrapping first mol.:       20.88048       29.52946       51.14652

 NSTEP =    15000   TIME(PS) =    2870.000  TEMP(K) =   297.59  PRESS =     0.0
 Etot   =    -38247.9244  EKtot   =      9942.6328  EPtot      =    -48190.5572
 BOND   =       334.4327  ANGLE   =      1092.2250  DIHED      =      1363.3791
 1-4 NB =       454.2845  1-4 EEL =      6337.3185  VDWAALS    =      5427.6558
 EELEC  =    -63204.8213  EHBOND  =         0.0000  RESTRAINT  =         4.9685
 EAMBER (non-restraint)  =    -48195.5257
 ------------------------------------------------------------------------------

wrapping first mol.:       20.88048       29.52946       51.14652
wrapping first mol.:       20.88048       29.52946       51.14652

 NSTEP =    15500   TIME(PS) =    2871.000  TEMP(K) =   302.11  PRESS =     0.0
 Etot   =    -38041.8449  EKtot   =     10093.7246  EPtot      =    -48135.5696
 BOND   =       335.1249  ANGLE   =      1115.3561  DIHED      =      1349.1810
 1-4 NB =       449.4574  1-4 EEL =      6381.4681  VDWAALS    =      5471.1840
 EELEC  =    -63241.8350  EHBOND  =         0.0000  RESTRAINT  =         4.4940
 EAMBER (non-restraint)  =    -48140.0635
 ------------------------------------------------------------------------------

wrapping first mol.:       20.88048       29.52946       51.14652
wrapping first mol.:       20.88048       29.52946       51.14652

 NSTEP =    16000   TIME(PS) =    2872.000  TEMP(K) =   301.14  PRESS =     0.0
 Etot   =    -38268.2084  EKtot   =     10061.2012  EPtot      =    -48329.4096
 BOND   =       352.0876  ANGLE   =      1077.2793  DIHED      =      1364.3866
 1-4 NB =       448.3435  1-4 EEL =      6392.6387  VDWAALS    =      5410.1133
 EELEC  =    -63379.1203  EHBOND  =         0.0000  RESTRAINT  =         4.8616
 EAMBER (non-restraint)  =    -48334.2712
 ------------------------------------------------------------------------------

wrapping first mol.:       20.88048       29.52946       51.14652
wrapping first mol.:       20.88048       29.52946       51.14652

 NSTEP =    16500   TIME(PS) =    2873.000  TEMP(K) =   302.76  PRESS =     0.0
 Etot   =    -38306.8983  EKtot   =     10115.2637  EPtot      =    -48422.1620
 BOND   =       376.0485  ANGLE   =      1060.5345  DIHED      =      1369.6655
 1-4 NB =       449.5916  1-4 EEL =      6338.8844  VDWAALS    =      5548.8518
 EELEC  =    -63569.8016  EHBOND  =         0.0000  RESTRAINT  =         4.0634
 EAMBER (non-restraint)  =    -48426.2254
 ------------------------------------------------------------------------------

wrapping first mol.:       20.88048       29.52946       51.14652
wrapping first mol.:       20.88048       29.52946       51.14652

 NSTEP =    17000   TIME(PS) =    2874.000  TEMP(K) =   300.31  PRESS =     0.0
 Etot   =    -38049.2669  EKtot   =     10033.6777  EPtot      =    -48082.9446
 BOND   =       371.9879  ANGLE   =      1074.7368  DIHED      =      1369.8965
 1-4 NB =       446.4890  1-4 EEL =      6339.7815  VDWAALS    =      5504.3130
 EELEC  =    -63194.7424  EHBOND  =         0.0000  RESTRAINT  =         4.5930
 EAMBER (non-restraint)  =    -48087.5376
 ------------------------------------------------------------------------------

wrapping first mol.:       20.88048       29.52946       51.14652
wrapping first mol.:       20.88048       29.52946       51.14652

 NSTEP =    17500   TIME(PS) =    2875.000  TEMP(K) =   299.59  PRESS =     0.0
 Etot   =    -38301.9921  EKtot   =     10009.5742  EPtot      =    -48311.5663
 BOND   =       381.7512  ANGLE   =      1068.2759  DIHED      =      1344.5767
 1-4 NB =       463.2304  1-4 EEL =      6347.8876  VDWAALS    =      5642.4599
 EELEC  =    -63564.6711  EHBOND  =         0.0000  RESTRAINT  =         4.9230
 EAMBER (non-restraint)  =    -48316.4893
 ------------------------------------------------------------------------------

wrapping first mol.:       20.88048       29.52946       51.14652
wrapping first mol.:       20.88048       29.52946       51.14652

 NSTEP =    18000   TIME(PS) =    2876.000  TEMP(K) =   299.91  PRESS =     0.0
 Etot   =    -38091.2722  EKtot   =     10020.1533  EPtot      =    -48111.4256
 BOND   =       349.5484  ANGLE   =      1092.2339  DIHED      =      1347.1584
 1-4 NB =       440.6795  1-4 EEL =      6340.7865  VDWAALS    =      5226.5541
 EELEC  =    -62912.8800  EHBOND  =         0.0000  RESTRAINT  =         4.4936
 EAMBER (non-restraint)  =    -48115.9192
 ------------------------------------------------------------------------------

wrapping first mol.:       20.88048       29.52946       51.14652
wrapping first mol.:       20.88048       29.52946       51.14652

 NSTEP =    18500   TIME(PS) =    2877.000  TEMP(K) =   302.06  PRESS =     0.0
 Etot   =    -38038.6355  EKtot   =     10091.8877  EPtot      =    -48130.5232
 BOND   =       366.9741  ANGLE   =      1065.8995  DIHED      =      1335.1033
 1-4 NB =       441.0998  1-4 EEL =      6318.2581  VDWAALS    =      5441.1625
 EELEC  =    -63103.0080  EHBOND  =         0.0000  RESTRAINT  =         3.9874
 EAMBER (non-restraint)  =    -48134.5106
 ------------------------------------------------------------------------------

wrapping first mol.:       20.88048       29.52946       51.14652
wrapping first mol.:       20.88048       29.52946       51.14652

 NSTEP =    19000   TIME(PS) =    2878.000  TEMP(K) =   299.38  PRESS =     0.0
 Etot   =    -38132.0832  EKtot   =     10002.4287  EPtot      =    -48134.5119
 BOND   =       366.3779  ANGLE   =      1030.9529  DIHED      =      1365.9197
 1-4 NB =       447.0724  1-4 EEL =      6311.7843  VDWAALS    =      5333.3730
 EELEC  =    -62993.7131  EHBOND  =         0.0000  RESTRAINT  =         3.7212
 EAMBER (non-restraint)  =    -48138.2331
 ------------------------------------------------------------------------------

wrapping first mol.:       20.88048       29.52946       51.14652
wrapping first mol.:       20.88048       29.52946       51.14652

 NSTEP =    19500   TIME(PS) =    2879.000  TEMP(K) =   299.87  PRESS =     0.0
 Etot   =    -38255.3152  EKtot   =     10018.9707  EPtot      =    -48274.2859
 BOND   =       379.3732  ANGLE   =      1075.8530  DIHED      =      1375.2711
 1-4 NB =       443.0565  1-4 EEL =      6350.1916  VDWAALS    =      5568.8023
 EELEC  =    -63470.1867  EHBOND  =         0.0000  RESTRAINT  =         3.3532
 EAMBER (non-restraint)  =    -48277.6391
 ------------------------------------------------------------------------------

wrapping first mol.:       20.88048       29.52946       51.14652
wrapping first mol.:       20.88048       29.52946       51.14652

 NSTEP =    20000   TIME(PS) =    2880.000  TEMP(K) =   300.34  PRESS =     0.0
 Etot   =    -38056.6733  EKtot   =     10034.5195  EPtot      =    -48091.1929
 BOND   =       356.0800  ANGLE   =      1053.6623  DIHED      =      1343.1597
 1-4 NB =       448.3673  1-4 EEL =      6349.8410  VDWAALS    =      5436.4785
 EELEC  =    -63081.6208  EHBOND  =         0.0000  RESTRAINT  =         2.8391
 EAMBER (non-restraint)  =    -48094.0320
 ------------------------------------------------------------------------------

wrapping first mol.:       20.88048       29.52946       51.14652
wrapping first mol.:       20.88048       29.52946       51.14652

 NSTEP =    20500   TIME(PS) =    2881.000  TEMP(K) =   301.85  PRESS =     0.0
 Etot   =    -38038.3607  EKtot   =     10084.8574  EPtot      =    -48123.2181
 BOND   =       344.0255  ANGLE   =      1110.1234  DIHED      =      1339.5496
 1-4 NB =       453.1043  1-4 EEL =      6334.9139  VDWAALS    =      5205.5926
 EELEC  =    -62913.6388  EHBOND  =         0.0000  RESTRAINT  =         3.1114
 EAMBER (non-restraint)  =    -48126.3295
 ------------------------------------------------------------------------------

wrapping first mol.:       20.88048       29.52946       51.14652
wrapping first mol.:       20.88048       29.52946       51.14652

 NSTEP =    21000   TIME(PS) =    2882.000  TEMP(K) =   300.71  PRESS =     0.0
 Etot   =    -38191.6278  EKtot   =     10046.8926  EPtot      =    -48238.5204
 BOND   =       340.9827  ANGLE   =      1028.9623  DIHED      =      1353.6075
 1-4 NB =       442.1825  1-4 EEL =      6369.8416  VDWAALS    =      5430.5631
 EELEC  =    -63207.8397  EHBOND  =         0.0000  RESTRAINT  =         3.1796
 EAMBER (non-restraint)  =    -48241.6999
 ------------------------------------------------------------------------------

wrapping first mol.:       20.88048       29.52946       51.14652
wrapping first mol.:       20.88048       29.52946       51.14652

 NSTEP =    21500   TIME(PS) =    2883.000  TEMP(K) =   299.67  PRESS =     0.0
 Etot   =    -37990.9224  EKtot   =     10012.1484  EPtot      =    -48003.0708
 BOND   =       354.9419  ANGLE   =      1086.4714  DIHED      =      1366.2432
 1-4 NB =       445.4098  1-4 EEL =      6363.8749  VDWAALS    =      5211.1216
 EELEC  =    -62835.1493  EHBOND  =         0.0000  RESTRAINT  =         4.0157
 EAMBER (non-restraint)  =    -48007.0865
 ------------------------------------------------------------------------------

wrapping first mol.:       20.88048       29.52946       51.14652
wrapping first mol.:       20.88048       29.52946       51.14652

 NSTEP =    22000   TIME(PS) =    2884.000  TEMP(K) =   306.69  PRESS =     0.0
 Etot   =    -37698.2725  EKtot   =     10246.7314  EPtot      =    -47945.0040
 BOND   =       382.1717  ANGLE   =      1058.3366  DIHED      =      1332.4241
 1-4 NB =       441.8311  1-4 EEL =      6369.0395  VDWAALS    =      5253.4489
 EELEC  =    -62786.5146  EHBOND  =         0.0000  RESTRAINT  =         4.2589
 EAMBER (non-restraint)  =    -47949.2628
 ------------------------------------------------------------------------------

wrapping first mol.:       20.88048       29.52946       51.14652
wrapping first mol.:       20.88048       29.52946       51.14652

 NSTEP =    22500   TIME(PS) =    2885.000  TEMP(K) =   299.89  PRESS =     0.0
 Etot   =    -38207.6764  EKtot   =     10019.6396  EPtot      =    -48227.3160
 BOND   =       342.6695  ANGLE   =      1084.7966  DIHED      =      1343.0239
 1-4 NB =       445.0639  1-4 EEL =      6350.0520  VDWAALS    =      5449.3728
 EELEC  =    -63245.8190  EHBOND  =         0.0000  RESTRAINT  =         3.5243
 EAMBER (non-restraint)  =    -48230.8404
 ------------------------------------------------------------------------------

wrapping first mol.:       20.88048       29.52946       51.14652
wrapping first mol.:       20.88048       29.52946       51.14652

 NSTEP =    23000   TIME(PS) =    2886.000  TEMP(K) =   296.65  PRESS =     0.0
 Etot   =    -38353.9871  EKtot   =      9911.1201  EPtot      =    -48265.1072
 BOND   =       370.9334  ANGLE   =      1041.8008  DIHED      =      1354.7391
 1-4 NB =       445.3412  1-4 EEL =      6349.5439  VDWAALS    =      5332.4783
 EELEC  =    -63163.3620  EHBOND  =         0.0000  RESTRAINT  =         3.4181
 EAMBER (non-restraint)  =    -48268.5253
 ------------------------------------------------------------------------------

wrapping first mol.:       20.88048       29.52946       51.14652
wrapping first mol.:       20.88048       29.52946       51.14652

 NSTEP =    23500   TIME(PS) =    2887.000  TEMP(K) =   297.76  PRESS =     0.0
 Etot   =    -38237.6090  EKtot   =      9948.2051  EPtot      =    -48185.8141
 BOND   =       339.6681  ANGLE   =      1040.7774  DIHED      =      1320.0295
 1-4 NB =       447.9263  1-4 EEL =      6379.9529  VDWAALS    =      5375.3720
 EELEC  =    -63093.3286  EHBOND  =         0.0000  RESTRAINT  =         3.7884
 EAMBER (non-restraint)  =    -48189.6024
 ------------------------------------------------------------------------------

wrapping first mol.:       20.88048       29.52946       51.14652
wrapping first mol.:       20.88048       29.52946       51.14652

 NSTEP =    24000   TIME(PS) =    2888.000  TEMP(K) =   298.27  PRESS =     0.0
 Etot   =    -38251.9847  EKtot   =      9965.5039  EPtot      =    -48217.4886
 BOND   =       345.4436  ANGLE   =      1046.5432  DIHED      =      1337.0750
 1-4 NB =       442.1869  1-4 EEL =      6357.5935  VDWAALS    =      5359.6649
 EELEC  =    -63110.6380  EHBOND  =         0.0000  RESTRAINT  =         4.6424
 EAMBER (non-restraint)  =    -48222.1310
 ------------------------------------------------------------------------------

wrapping first mol.:       20.88048       29.52946       51.14652
wrapping first mol.:       20.88048       29.52946       51.14652

 NSTEP =    24500   TIME(PS) =    2889.000  TEMP(K) =   301.06  PRESS =     0.0
 Etot   =    -38035.7464  EKtot   =     10058.5137  EPtot      =    -48094.2600
 BOND   =       345.2155  ANGLE   =      1068.6579  DIHED      =      1328.0798
 1-4 NB =       430.9312  1-4 EEL =      6352.2751  VDWAALS    =      5437.5469
 EELEC  =    -63060.6341  EHBOND  =         0.0000  RESTRAINT  =         3.6677
 EAMBER (non-restraint)  =    -48097.9278
 ------------------------------------------------------------------------------

wrapping first mol.:       20.88048       29.52946       51.14652
wrapping first mol.:       20.88048       29.52946       51.14652

 NSTEP =    25000   TIME(PS) =    2890.000  TEMP(K) =   299.99  PRESS =     0.0
 Etot   =    -38158.2269  EKtot   =     10022.7324  EPtot      =    -48180.9593
 BOND   =       363.6582  ANGLE   =      1048.9973  DIHED      =      1356.3725
 1-4 NB =       444.0536  1-4 EEL =      6345.8343  VDWAALS    =      5473.4761
 EELEC  =    -63216.6279  EHBOND  =         0.0000  RESTRAINT  =         3.2767
 EAMBER (non-restraint)  =    -48184.2360
 ------------------------------------------------------------------------------

wrapping first mol.:       20.88048       29.52946       51.14652
wrapping first mol.:       20.88048       29.52946       51.14652

 NSTEP =    25500   TIME(PS) =    2891.000  TEMP(K) =   299.19  PRESS =     0.0
 Etot   =    -38073.1169  EKtot   =      9996.2051  EPtot      =    -48069.3220
 BOND   =       375.3441  ANGLE   =      1082.7430  DIHED      =      1355.5842
 1-4 NB =       435.1187  1-4 EEL =      6291.8295  VDWAALS    =      5406.1783
 EELEC  =    -63020.0056  EHBOND  =         0.0000  RESTRAINT  =         3.8859
 EAMBER (non-restraint)  =    -48073.2079
 ------------------------------------------------------------------------------

wrapping first mol.:       20.88048       29.52946       51.14652
wrapping first mol.:       20.88048       29.52946       51.14652

 NSTEP =    26000   TIME(PS) =    2892.000  TEMP(K) =   300.22  PRESS =     0.0
 Etot   =    -37993.3889  EKtot   =     10030.5156  EPtot      =    -48023.9045
 BOND   =       359.0428  ANGLE   =      1056.8686  DIHED      =      1365.0044
 1-4 NB =       435.4055  1-4 EEL =      6335.8156  VDWAALS    =      5446.5525
 EELEC  =    -63025.8613  EHBOND  =         0.0000  RESTRAINT  =         3.2675
 EAMBER (non-restraint)  =    -48027.1720
 ------------------------------------------------------------------------------

wrapping first mol.:       20.88048       29.52946       51.14652
wrapping first mol.:       20.88048       29.52946       51.14652

 NSTEP =    26500   TIME(PS) =    2893.000  TEMP(K) =   299.68  PRESS =     0.0
 Etot   =    -37974.7452  EKtot   =     10012.4209  EPtot      =    -47987.1661
 BOND   =       351.1203  ANGLE   =      1052.4309  DIHED      =      1343.5702
 1-4 NB =       447.2330  1-4 EEL =      6337.8084  VDWAALS    =      5472.6422
 EELEC  =    -62995.7215  EHBOND  =         0.0000  RESTRAINT  =         3.7504
 EAMBER (non-restraint)  =    -47990.9165
 ------------------------------------------------------------------------------

wrapping first mol.:       20.88048       29.52946       51.14652
wrapping first mol.:       20.88048       29.52946       51.14652

 NSTEP =    27000   TIME(PS) =    2894.000  TEMP(K) =   299.88  PRESS =     0.0
 Etot   =    -38043.2928  EKtot   =     10019.2422  EPtot      =    -48062.5350
 BOND   =       359.5266  ANGLE   =      1093.8208  DIHED      =      1371.4320
 1-4 NB =       440.7642  1-4 EEL =      6327.0947  VDWAALS    =      5366.2516
 EELEC  =    -63025.4033  EHBOND  =         0.0000  RESTRAINT  =         3.9783
 EAMBER (non-restraint)  =    -48066.5134
 ------------------------------------------------------------------------------

wrapping first mol.:       20.88048       29.52946       51.14652
wrapping first mol.:       20.88048       29.52946       51.14652

 NSTEP =    27500   TIME(PS) =    2895.000  TEMP(K) =   298.33  PRESS =     0.0
 Etot   =    -38332.2538  EKtot   =      9967.3730  EPtot      =    -48299.6269
 BOND   =       362.9992  ANGLE   =      1096.0116  DIHED      =      1346.2594
 1-4 NB =       450.3218  1-4 EEL =      6297.2904  VDWAALS    =      5360.2087
 EELEC  =    -63215.8349  EHBOND  =         0.0000  RESTRAINT  =         3.1171
 EAMBER (non-restraint)  =    -48302.7439
 ------------------------------------------------------------------------------

wrapping first mol.:       20.88048       29.52946       51.14652
wrapping first mol.:       20.88048       29.52946       51.14652

 NSTEP =    28000   TIME(PS) =    2896.000  TEMP(K) =   299.84  PRESS =     0.0
 Etot   =    -38224.1732  EKtot   =     10017.8623  EPtot      =    -48242.0355
 BOND   =       358.9900  ANGLE   =      1108.9497  DIHED      =      1355.3914
 1-4 NB =       456.5630  1-4 EEL =      6348.4690  VDWAALS    =      5369.0265
 EELEC  =    -63242.3216  EHBOND  =         0.0000  RESTRAINT  =         2.8967
 EAMBER (non-restraint)  =    -48244.9322
 ------------------------------------------------------------------------------

wrapping first mol.:       20.88048       29.52946       51.14652
wrapping first mol.:       20.88048       29.52946       51.14652

 NSTEP =    28500   TIME(PS) =    2897.000  TEMP(K) =   298.72  PRESS =     0.0
 Etot   =    -38263.8369  EKtot   =      9980.4766  EPtot      =    -48244.3135
 BOND   =       358.0319  ANGLE   =      1068.1097  DIHED      =      1366.3566
 1-4 NB =       430.5022  1-4 EEL =      6334.4913  VDWAALS    =      5693.0799
 EELEC  =    -63498.2025  EHBOND  =         0.0000  RESTRAINT  =         3.3173
 EAMBER (non-restraint)  =    -48247.6308
 ------------------------------------------------------------------------------

wrapping first mol.:       20.88048       29.52946       51.14652
wrapping first mol.:       20.88048       29.52946       51.14652

 NSTEP =    29000   TIME(PS) =    2898.000  TEMP(K) =   297.26  PRESS =     0.0
 Etot   =    -38260.5425  EKtot   =      9931.7188  EPtot      =    -48192.2613
 BOND   =       366.8820  ANGLE   =      1070.5135  DIHED      =      1353.2852
 1-4 NB =       455.8392  1-4 EEL =      6321.8898  VDWAALS    =      5677.6419
 EELEC  =    -63442.2448  EHBOND  =         0.0000  RESTRAINT  =         3.9320
 EAMBER (non-restraint)  =    -48196.1933
 ------------------------------------------------------------------------------

wrapping first mol.:       20.88048       29.52946       51.14652
wrapping first mol.:       20.88048       29.52946       51.14652

 NSTEP =    29500   TIME(PS) =    2899.000  TEMP(K) =   302.03  PRESS =     0.0
 Etot   =    -38070.1978  EKtot   =     10090.9160  EPtot      =    -48161.1138
 BOND   =       361.4620  ANGLE   =      1050.7889  DIHED      =      1319.3237
 1-4 NB =       444.1539  1-4 EEL =      6360.2259  VDWAALS    =      5311.7926
 EELEC  =    -63012.4462  EHBOND  =         0.0000  RESTRAINT  =         3.5854
 EAMBER (non-restraint)  =    -48164.6992
 ------------------------------------------------------------------------------

wrapping first mol.:       20.88048       29.52946       51.14652
wrapping first mol.:       20.88048       29.52946       51.14652

 NSTEP =    30000   TIME(PS) =    2900.000  TEMP(K) =   304.67  PRESS =     0.0
 Etot   =    -37931.1990  EKtot   =     10179.2734  EPtot      =    -48110.4724
 BOND   =       330.2492  ANGLE   =      1092.4709  DIHED      =      1355.1505
 1-4 NB =       443.7119  1-4 EEL =      6355.3722  VDWAALS    =      5376.9144
 EELEC  =    -63067.8075  EHBOND  =         0.0000  RESTRAINT  =         3.4660
 EAMBER (non-restraint)  =    -48113.9384
 ------------------------------------------------------------------------------

wrapping first mol.:       20.88048       29.52946       51.14652
wrapping first mol.:       20.88048       29.52946       51.14652

 NSTEP =    30500   TIME(PS) =    2901.000  TEMP(K) =   298.50  PRESS =     0.0
 Etot   =    -38123.3679  EKtot   =      9973.1211  EPtot      =    -48096.4890
 BOND   =       336.1336  ANGLE   =      1031.3152  DIHED      =      1337.3683
 1-4 NB =       450.2993  1-4 EEL =      6362.9109  VDWAALS    =      5280.0961
 EELEC  =    -62897.3868  EHBOND  =         0.0000  RESTRAINT  =         2.7745
 EAMBER (non-restraint)  =    -48099.2635
 ------------------------------------------------------------------------------

wrapping first mol.:       20.88048       29.52946       51.14652
wrapping first mol.:       20.88048       29.52946       51.14652

 NSTEP =    31000   TIME(PS) =    2902.000  TEMP(K) =   302.61  PRESS =     0.0
 Etot   =    -38085.9220  EKtot   =     10110.3750  EPtot      =    -48196.2970
 BOND   =       338.9998  ANGLE   =      1098.9792  DIHED      =      1350.0054
 1-4 NB =       437.4041  1-4 EEL =      6389.6380  VDWAALS    =      5255.5719
 EELEC  =    -63070.0692  EHBOND  =         0.0000  RESTRAINT  =         3.1737
 EAMBER (non-restraint)  =    -48199.4707
 ------------------------------------------------------------------------------

wrapping first mol.:       20.88048       29.52946       51.14652
wrapping first mol.:       20.88048       29.52946       51.14652

 NSTEP =    31500   TIME(PS) =    2903.000  TEMP(K) =   299.10  PRESS =     0.0
 Etot   =    -38060.8044  EKtot   =      9992.9873  EPtot      =    -48053.7917
 BOND   =       358.6836  ANGLE   =      1073.5023  DIHED      =      1357.8304
 1-4 NB =       435.5784  1-4 EEL =      6336.3822  VDWAALS    =      5364.3507
 EELEC  =    -62983.4618  EHBOND  =         0.0000  RESTRAINT  =         3.3425
 EAMBER (non-restraint)  =    -48057.1342
 ------------------------------------------------------------------------------

wrapping first mol.:       20.88048       29.52946       51.14652
wrapping first mol.:       20.88048       29.52946       51.14652

 NSTEP =    32000   TIME(PS) =    2904.000  TEMP(K) =   301.28  PRESS =     0.0
 Etot   =    -38010.6316  EKtot   =     10065.8682  EPtot      =    -48076.4998
 BOND   =       358.7938  ANGLE   =      1069.4135  DIHED      =      1346.7735
 1-4 NB =       444.0031  1-4 EEL =      6336.5029  VDWAALS    =      5605.3055
 EELEC  =    -63240.9435  EHBOND  =         0.0000  RESTRAINT  =         3.6515
 EAMBER (non-restraint)  =    -48080.1513
 ------------------------------------------------------------------------------

wrapping first mol.:       20.88048       29.52946       51.14652
wrapping first mol.:       20.88048       29.52946       51.14652

 NSTEP =    32500   TIME(PS) =    2905.000  TEMP(K) =   303.33  PRESS =     0.0
 Etot   =    -37991.6910  EKtot   =     10134.4053  EPtot      =    -48126.0963
 BOND   =       340.9463  ANGLE   =      1090.8933  DIHED      =      1349.3753
 1-4 NB =       433.0289  1-4 EEL =      6347.7482  VDWAALS    =      5500.3306
 EELEC  =    -63192.8117  EHBOND  =         0.0000  RESTRAINT  =         4.3928
 EAMBER (non-restraint)  =    -48130.4891
 ------------------------------------------------------------------------------

wrapping first mol.:       20.88048       29.52946       51.14652
wrapping first mol.:       20.88048       29.52946       51.14652

 NSTEP =    33000   TIME(PS) =    2906.000  TEMP(K) =   301.49  PRESS =     0.0
 Etot   =    -37856.6394  EKtot   =     10073.0166  EPtot      =    -47929.6560
 BOND   =       352.5755  ANGLE   =      1062.4908  DIHED      =      1353.4070
 1-4 NB =       456.0265  1-4 EEL =      6349.4694  VDWAALS    =      5376.6910
 EELEC  =    -62884.6732  EHBOND  =         0.0000  RESTRAINT  =         4.3570
 EAMBER (non-restraint)  =    -47934.0130
 ------------------------------------------------------------------------------

wrapping first mol.:       20.88048       29.52946       51.14652
wrapping first mol.:       20.88048       29.52946       51.14652

 NSTEP =    33500   TIME(PS) =    2907.000  TEMP(K) =   300.33  PRESS =     0.0
 Etot   =    -38123.5620  EKtot   =     10034.3125  EPtot      =    -48157.8745
 BOND   =       368.8044  ANGLE   =      1043.0177  DIHED      =      1347.4324
 1-4 NB =       453.0679  1-4 EEL =      6345.4673  VDWAALS    =      5288.7003
 EELEC  =    -63009.6230  EHBOND  =         0.0000  RESTRAINT  =         5.2587
 EAMBER (non-restraint)  =    -48163.1331
 ------------------------------------------------------------------------------

wrapping first mol.:       20.88048       29.52946       51.14652
wrapping first mol.:       20.88048       29.52946       51.14652

 NSTEP =    34000   TIME(PS) =    2908.000  TEMP(K) =   300.46  PRESS =     0.0
 Etot   =    -38020.1634  EKtot   =     10038.5879  EPtot      =    -48058.7513
 BOND   =       361.7655  ANGLE   =      1029.6350  DIHED      =      1336.9239
 1-4 NB =       446.4795  1-4 EEL =      6382.1928  VDWAALS    =      5555.2054
 EELEC  =    -63176.4932  EHBOND  =         0.0000  RESTRAINT  =         5.5399
 EAMBER (non-restraint)  =    -48064.2912
 ------------------------------------------------------------------------------

wrapping first mol.:       20.88048       29.52946       51.14652
wrapping first mol.:       20.88048       29.52946       51.14652

 NSTEP =    34500   TIME(PS) =    2909.000  TEMP(K) =   296.52  PRESS =     0.0
 Etot   =    -38337.3805  EKtot   =      9906.9082  EPtot      =    -48244.2887
 BOND   =       356.2084  ANGLE   =      1070.3206  DIHED      =      1337.6378
 1-4 NB =       428.8040  1-4 EEL =      6347.4761  VDWAALS    =      5443.1958
 EELEC  =    -63233.6096  EHBOND  =         0.0000  RESTRAINT  =         5.6782
 EAMBER (non-restraint)  =    -48249.9670
 ------------------------------------------------------------------------------

wrapping first mol.:       20.88048       29.52946       51.14652
wrapping first mol.:       20.88048       29.52946       51.14652

 NSTEP =    35000   TIME(PS) =    2910.000  TEMP(K) =   300.44  PRESS =     0.0
 Etot   =    -38180.1555  EKtot   =     10037.8262  EPtot      =    -48217.9816
 BOND   =       335.9987  ANGLE   =      1082.3201  DIHED      =      1352.7217
 1-4 NB =       458.1939  1-4 EEL =      6393.1008  VDWAALS    =      5486.2571
 EELEC  =    -63332.3109  EHBOND  =         0.0000  RESTRAINT  =         5.7368
 EAMBER (non-restraint)  =    -48223.7185
 ------------------------------------------------------------------------------

wrapping first mol.:       20.88048       29.52946       51.14652
wrapping first mol.:       20.88048       29.52946       51.14652

 NSTEP =    35500   TIME(PS) =    2911.000  TEMP(K) =   298.74  PRESS =     0.0
 Etot   =    -38215.1497  EKtot   =      9981.2324  EPtot      =    -48196.3821
 BOND   =       381.0770  ANGLE   =      1082.1267  DIHED      =      1331.3182
 1-4 NB =       434.0337  1-4 EEL =      6331.6710  VDWAALS    =      5463.5478
 EELEC  =    -63225.5520  EHBOND  =         0.0000  RESTRAINT  =         5.3955
 EAMBER (non-restraint)  =    -48201.7776
 ------------------------------------------------------------------------------

wrapping first mol.:       20.88048       29.52946       51.14652
wrapping first mol.:       20.88048       29.52946       51.14652

 NSTEP =    36000   TIME(PS) =    2912.000  TEMP(K) =   300.64  PRESS =     0.0
 Etot   =    -38015.6948  EKtot   =     10044.6914  EPtot      =    -48060.3862
 BOND   =       364.2270  ANGLE   =      1077.5540  DIHED      =      1341.0982
 1-4 NB =       437.6778  1-4 EEL =      6335.1366  VDWAALS    =      5384.8387
 EELEC  =    -63006.8490  EHBOND  =         0.0000  RESTRAINT  =         5.9306
 EAMBER (non-restraint)  =    -48066.3168
 ------------------------------------------------------------------------------

wrapping first mol.:       20.88048       29.52946       51.14652
wrapping first mol.:       20.88048       29.52946       51.14652

 NSTEP =    36500   TIME(PS) =    2913.000  TEMP(K) =   297.69  PRESS =     0.0
 Etot   =    -38327.4351  EKtot   =      9946.0957  EPtot      =    -48273.5308
 BOND   =       352.5935  ANGLE   =      1016.5408  DIHED      =      1330.5672
 1-4 NB =       459.4248  1-4 EEL =      6348.2820  VDWAALS    =      5264.3076
 EELEC  =    -63051.2217  EHBOND  =         0.0000  RESTRAINT  =         5.9749
 EAMBER (non-restraint)  =    -48279.5057
 ------------------------------------------------------------------------------

wrapping first mol.:       20.88048       29.52946       51.14652
wrapping first mol.:       20.88048       29.52946       51.14652

 NSTEP =    37000   TIME(PS) =    2914.000  TEMP(K) =   299.97  PRESS =     0.0
 Etot   =    -38072.5521  EKtot   =     10022.2891  EPtot      =    -48094.8411
 BOND   =       357.5880  ANGLE   =      1080.1942  DIHED      =      1346.6471
 1-4 NB =       437.9099  1-4 EEL =      6357.7371  VDWAALS    =      5335.7625
 EELEC  =    -63016.0399  EHBOND  =         0.0000  RESTRAINT  =         5.3600
 EAMBER (non-restraint)  =    -48100.2011
 ------------------------------------------------------------------------------

wrapping first mol.:       20.88048       29.52946       51.14652
wrapping first mol.:       20.88048       29.52946       51.14652

 NSTEP =    37500   TIME(PS) =    2915.000  TEMP(K) =   299.34  PRESS =     0.0
 Etot   =    -38331.2210  EKtot   =     10001.0498  EPtot      =    -48332.2708
 BOND   =       329.6660  ANGLE   =      1042.8476  DIHED      =      1334.4583
 1-4 NB =       430.7583  1-4 EEL =      6339.9836  VDWAALS    =      5453.9245
 EELEC  =    -63268.9067  EHBOND  =         0.0000  RESTRAINT  =         4.9977
 EAMBER (non-restraint)  =    -48337.2685
 ------------------------------------------------------------------------------

wrapping first mol.:       20.88048       29.52946       51.14652
wrapping first mol.:       20.88048       29.52946       51.14652

 NSTEP =    38000   TIME(PS) =    2916.000  TEMP(K) =   303.52  PRESS =     0.0
 Etot   =    -37935.0791  EKtot   =     10140.8926  EPtot      =    -48075.9716
 BOND   =       338.8344  ANGLE   =      1063.2309  DIHED      =      1345.5835
 1-4 NB =       450.0957  1-4 EEL =      6372.1762  VDWAALS    =      5456.9675
 EELEC  =    -63108.3232  EHBOND  =         0.0000  RESTRAINT  =         5.4634
 EAMBER (non-restraint)  =    -48081.4350
 ------------------------------------------------------------------------------

wrapping first mol.:       20.88048       29.52946       51.14652
wrapping first mol.:       20.88048       29.52946       51.14652

 NSTEP =    38500   TIME(PS) =    2917.000  TEMP(K) =   300.68  PRESS =     0.0
 Etot   =    -38300.2514  EKtot   =     10045.8203  EPtot      =    -48346.0717
 BOND   =       349.4711  ANGLE   =      1089.2583  DIHED      =      1369.2452
 1-4 NB =       431.9039  1-4 EEL =      6337.4537  VDWAALS    =      5273.7103
 EELEC  =    -63201.4621  EHBOND  =         0.0000  RESTRAINT  =         4.3479
 EAMBER (non-restraint)  =    -48350.4196
 ------------------------------------------------------------------------------

wrapping first mol.:       20.88048       29.52946       51.14652
wrapping first mol.:       20.88048       29.52946       51.14652

 NSTEP =    39000   TIME(PS) =    2918.000  TEMP(K) =   301.05  PRESS =     0.0
 Etot   =    -38143.9026  EKtot   =     10058.4189  EPtot      =    -48202.3216
 BOND   =       316.2597  ANGLE   =      1140.1631  DIHED      =      1362.0995
 1-4 NB =       452.5295  1-4 EEL =      6337.0550  VDWAALS    =      5446.3554
 EELEC  =    -63261.6579  EHBOND  =         0.0000  RESTRAINT  =         4.8742
 EAMBER (non-restraint)  =    -48207.1957
 ------------------------------------------------------------------------------

wrapping first mol.:       20.88048       29.52946       51.14652
wrapping first mol.:       20.88048       29.52946       51.14652

 NSTEP =    39500   TIME(PS) =    2919.000  TEMP(K) =   300.00  PRESS =     0.0
 Etot   =    -38096.1814  EKtot   =     10023.1660  EPtot      =    -48119.3474
 BOND   =       347.1571  ANGLE   =      1050.6190  DIHED      =      1349.1200
 1-4 NB =       450.1812  1-4 EEL =      6353.0213  VDWAALS    =      5270.0159
 EELEC  =    -62943.2858  EHBOND  =         0.0000  RESTRAINT  =         3.8238
 EAMBER (non-restraint)  =    -48123.1712
 ------------------------------------------------------------------------------

wrapping first mol.:       20.88048       29.52946       51.14652
wrapping first mol.:       20.88048       29.52946       51.14652

 NSTEP =    40000   TIME(PS) =    2920.000  TEMP(K) =   298.62  PRESS =     0.0
 Etot   =    -38065.3644  EKtot   =      9976.9404  EPtot      =    -48042.3048
 BOND   =       373.5006  ANGLE   =      1036.9705  DIHED      =      1355.9980
 1-4 NB =       446.4363  1-4 EEL =      6350.7977  VDWAALS    =      5378.9447
 EELEC  =    -62988.5249  EHBOND  =         0.0000  RESTRAINT  =         3.5721
 EAMBER (non-restraint)  =    -48045.8770
 ------------------------------------------------------------------------------

wrapping first mol.:       20.88048       29.52946       51.14652
wrapping first mol.:       20.88048       29.52946       51.14652

 NSTEP =    40500   TIME(PS) =    2921.000  TEMP(K) =   298.74  PRESS =     0.0
 Etot   =    -38134.5427  EKtot   =      9981.1006  EPtot      =    -48115.6432
 BOND   =       353.5476  ANGLE   =      1071.8331  DIHED      =      1338.6557
 1-4 NB =       443.5717  1-4 EEL =      6348.8435  VDWAALS    =      5358.5478
 EELEC  =    -63033.8893  EHBOND  =         0.0000  RESTRAINT  =         3.2466
 EAMBER (non-restraint)  =    -48118.8898
 ------------------------------------------------------------------------------

wrapping first mol.:       20.88048       29.52946       51.14652
wrapping first mol.:       20.88048       29.52946       51.14652

 NSTEP =    41000   TIME(PS) =    2922.000  TEMP(K) =   300.45  PRESS =     0.0
 Etot   =    -38212.4582  EKtot   =     10038.2744  EPtot      =    -48250.7326
 BOND   =       362.1244  ANGLE   =      1030.2663  DIHED      =      1341.2774
 1-4 NB =       441.0356  1-4 EEL =      6381.7578  VDWAALS    =      5653.4716
 EELEC  =    -63464.4515  EHBOND  =         0.0000  RESTRAINT  =         3.7858
 EAMBER (non-restraint)  =    -48254.5184
 ------------------------------------------------------------------------------

wrapping first mol.:       20.88048       29.52946       51.14652
wrapping first mol.:       20.88048       29.52946       51.14652

 NSTEP =    41500   TIME(PS) =    2923.000  TEMP(K) =   300.45  PRESS =     0.0
 Etot   =    -38267.7222  EKtot   =     10038.2422  EPtot      =    -48305.9644
 BOND   =       347.9751  ANGLE   =      1062.4821  DIHED      =      1337.0364
 1-4 NB =       444.8526  1-4 EEL =      6352.8469  VDWAALS    =      5436.8516
 EELEC  =    -63292.5331  EHBOND  =         0.0000  RESTRAINT  =         4.5241
 EAMBER (non-restraint)  =    -48310.4885
 ------------------------------------------------------------------------------

wrapping first mol.:       20.88048       29.52946       51.14652
wrapping first mol.:       20.88048       29.52946       51.14652

 NSTEP =    42000   TIME(PS) =    2924.000  TEMP(K) =   299.42  PRESS =     0.0
 Etot   =    -37967.7608  EKtot   =     10003.7773  EPtot      =    -47971.5381
 BOND   =       352.9959  ANGLE   =      1068.0801  DIHED      =      1330.0000
 1-4 NB =       450.5535  1-4 EEL =      6368.5848  VDWAALS    =      5441.4299
 EELEC  =    -62988.3884  EHBOND  =         0.0000  RESTRAINT  =         5.2060
 EAMBER (non-restraint)  =    -47976.7441
 ------------------------------------------------------------------------------

wrapping first mol.:       20.88048       29.52946       51.14652
wrapping first mol.:       20.88048       29.52946       51.14652

 NSTEP =    42500   TIME(PS) =    2925.000  TEMP(K) =   299.09  PRESS =     0.0
 Etot   =    -38120.6676  EKtot   =      9992.7402  EPtot      =    -48113.4079
 BOND   =       368.4680  ANGLE   =      1035.6687  DIHED      =      1350.2690
 1-4 NB =       455.9210  1-4 EEL =      6357.6808  VDWAALS    =      5442.8902
 EELEC  =    -63128.3911  EHBOND  =         0.0000  RESTRAINT  =         4.0855
 EAMBER (non-restraint)  =    -48117.4934
 ------------------------------------------------------------------------------

wrapping first mol.:       20.88048       29.52946       51.14652
wrapping first mol.:       20.88048       29.52946       51.14652

 NSTEP =    43000   TIME(PS) =    2926.000  TEMP(K) =   305.77  PRESS =     0.0
 Etot   =    -38044.3244  EKtot   =     10216.1270  EPtot      =    -48260.4514
 BOND   =       343.8733  ANGLE   =      1061.7474  DIHED      =      1356.0085
 1-4 NB =       444.3891  1-4 EEL =      6335.1401  VDWAALS    =      5482.6989
 EELEC  =    -63289.4463  EHBOND  =         0.0000  RESTRAINT  =         5.1376
 EAMBER (non-restraint)  =    -48265.5890
 ------------------------------------------------------------------------------

wrapping first mol.:       20.88048       29.52946       51.14652
wrapping first mol.:       20.88048       29.52946       51.14652

 NSTEP =    43500   TIME(PS) =    2927.000  TEMP(K) =   302.88  PRESS =     0.0
 Etot   =    -37982.6888  EKtot   =     10119.3994  EPtot      =    -48102.0882
 BOND   =       330.0811  ANGLE   =      1068.6671  DIHED      =      1343.7717
 1-4 NB =       449.1653  1-4 EEL =      6367.0552  VDWAALS    =      5433.2378
 EELEC  =    -63098.3244  EHBOND  =         0.0000  RESTRAINT  =         4.2580
 EAMBER (non-restraint)  =    -48106.3462
 ------------------------------------------------------------------------------

wrapping first mol.:       20.88048       29.52946       51.14652
wrapping first mol.:       20.88048       29.52946       51.14652

 NSTEP =    44000   TIME(PS) =    2928.000  TEMP(K) =   303.71  PRESS =     0.0
 Etot   =    -38078.4880  EKtot   =     10147.2744  EPtot      =    -48225.7624
 BOND   =       345.3173  ANGLE   =      1049.3139  DIHED      =      1360.4761
 1-4 NB =       430.2568  1-4 EEL =      6362.0651  VDWAALS    =      5737.7803
 EELEC  =    -63514.8774  EHBOND  =         0.0000  RESTRAINT  =         3.9056
 EAMBER (non-restraint)  =    -48229.6680
 ------------------------------------------------------------------------------

wrapping first mol.:       20.88048       29.52946       51.14652
wrapping first mol.:       20.88048       29.52946       51.14652

 NSTEP =    44500   TIME(PS) =    2929.000  TEMP(K) =   299.88  PRESS =     0.0
 Etot   =    -38059.8256  EKtot   =     10019.1992  EPtot      =    -48079.0249
 BOND   =       341.2398  ANGLE   =      1109.6605  DIHED      =      1352.8755
 1-4 NB =       442.2262  1-4 EEL =      6388.2829  VDWAALS    =      5544.5445
 EELEC  =    -63262.8641  EHBOND  =         0.0000  RESTRAINT  =         5.0098
 EAMBER (non-restraint)  =    -48084.0347
 ------------------------------------------------------------------------------

wrapping first mol.:       20.88048       29.52946       51.14652
wrapping first mol.:       20.88048       29.52946       51.14652

 NSTEP =    45000   TIME(PS) =    2930.000  TEMP(K) =   300.48  PRESS =     0.0
 Etot   =    -38274.2791  EKtot   =     10039.3779  EPtot      =    -48313.6571
 BOND   =       361.8431  ANGLE   =      1063.2425  DIHED      =      1346.5479
 1-4 NB =       448.5706  1-4 EEL =      6379.0046  VDWAALS    =      5419.2071
 EELEC  =    -63337.0481  EHBOND  =         0.0000  RESTRAINT  =         4.9753
 EAMBER (non-restraint)  =    -48318.6323
 ------------------------------------------------------------------------------

wrapping first mol.:       20.88048       29.52946       51.14652
wrapping first mol.:       20.88048       29.52946       51.14652

 NSTEP =    45500   TIME(PS) =    2931.000  TEMP(K) =   296.09  PRESS =     0.0
 Etot   =    -38215.8868  EKtot   =      9892.4082  EPtot      =    -48108.2950
 BOND   =       323.5568  ANGLE   =      1076.0530  DIHED      =      1353.4670
 1-4 NB =       445.5432  1-4 EEL =      6318.4387  VDWAALS    =      5427.9221
 EELEC  =    -63058.8254  EHBOND  =         0.0000  RESTRAINT  =         5.5496
 EAMBER (non-restraint)  =    -48113.8446
 ------------------------------------------------------------------------------

wrapping first mol.:       20.88048       29.52946       51.14652
wrapping first mol.:       20.88048       29.52946       51.14652

 NSTEP =    46000   TIME(PS) =    2932.000  TEMP(K) =   301.51  PRESS =     0.0
 Etot   =    -37972.8319  EKtot   =     10073.6094  EPtot      =    -48046.4413
 BOND   =       364.8428  ANGLE   =      1055.7154  DIHED      =      1351.9765
 1-4 NB =       439.5537  1-4 EEL =      6346.8944  VDWAALS    =      5435.0058
 EELEC  =    -63046.0577  EHBOND  =         0.0000  RESTRAINT  =         5.6279
 EAMBER (non-restraint)  =    -48052.0692
 ------------------------------------------------------------------------------

wrapping first mol.:       20.88048       29.52946       51.14652
wrapping first mol.:       20.88048       29.52946       51.14652

 NSTEP =    46500   TIME(PS) =    2933.000  TEMP(K) =   300.83  PRESS =     0.0
 Etot   =    -38267.5650  EKtot   =     10050.8281  EPtot      =    -48318.3931
 BOND   =       317.0138  ANGLE   =      1075.0728  DIHED      =      1343.2224
 1-4 NB =       446.3521  1-4 EEL =      6315.4621  VDWAALS    =      5594.6286
 EELEC  =    -63415.7288  EHBOND  =         0.0000  RESTRAINT  =         5.5839
 EAMBER (non-restraint)  =    -48323.9771
 ------------------------------------------------------------------------------

wrapping first mol.:       20.88048       29.52946       51.14652
wrapping first mol.:       20.88048       29.52946       51.14652

 NSTEP =    47000   TIME(PS) =    2934.000  TEMP(K) =   300.57  PRESS =     0.0
 Etot   =    -38168.0426  EKtot   =     10042.1602  EPtot      =    -48210.2027
 BOND   =       346.6399  ANGLE   =      1054.0642  DIHED      =      1337.7627
 1-4 NB =       439.0906  1-4 EEL =      6361.5916  VDWAALS    =      5493.9725
 EELEC  =    -63248.5985  EHBOND  =         0.0000  RESTRAINT  =         5.2744
 EAMBER (non-restraint)  =    -48215.4771
 ------------------------------------------------------------------------------

wrapping first mol.:       20.88048       29.52946       51.14652
wrapping first mol.:       20.88048       29.52946       51.14652

 NSTEP =    47500   TIME(PS) =    2935.000  TEMP(K) =   307.25  PRESS =     0.0
 Etot   =    -37973.7896  EKtot   =     10265.3828  EPtot      =    -48239.1724
 BOND   =       338.6896  ANGLE   =       999.1727  DIHED      =      1349.6625
 1-4 NB =       455.8080  1-4 EEL =      6354.7033  VDWAALS    =      5602.5997
 EELEC  =    -63345.5775  EHBOND  =         0.0000  RESTRAINT  =         5.7693
 EAMBER (non-restraint)  =    -48244.9417
 ------------------------------------------------------------------------------

wrapping first mol.:       20.88048       29.52946       51.14652
wrapping first mol.:       20.88048       29.52946       51.14652

 NSTEP =    48000   TIME(PS) =    2936.000  TEMP(K) =   298.60  PRESS =     0.0
 Etot   =    -38218.9521  EKtot   =      9976.5527  EPtot      =    -48195.5049
 BOND   =       346.9229  ANGLE   =      1025.7933  DIHED      =      1370.7798
 1-4 NB =       435.7098  1-4 EEL =      6351.2066  VDWAALS    =      5357.4998
 EELEC  =    -63090.5536  EHBOND  =         0.0000  RESTRAINT  =         7.1364
 EAMBER (non-restraint)  =    -48202.6413
 ------------------------------------------------------------------------------

wrapping first mol.:       20.88048       29.52946       51.14652
wrapping first mol.:       20.88048       29.52946       51.14652

 NSTEP =    48500   TIME(PS) =    2937.000  TEMP(K) =   298.48  PRESS =     0.0
 Etot   =    -38183.4717  EKtot   =      9972.5449  EPtot      =    -48156.0166
 BOND   =       358.5422  ANGLE   =      1093.5971  DIHED      =      1333.5843
 1-4 NB =       448.6423  1-4 EEL =      6373.6725  VDWAALS    =      5294.1853
 EELEC  =    -63065.4755  EHBOND  =         0.0000  RESTRAINT  =         7.2352
 EAMBER (non-restraint)  =    -48163.2518
 ------------------------------------------------------------------------------

wrapping first mol.:       20.88048       29.52946       51.14652
wrapping first mol.:       20.88048       29.52946       51.14652

 NSTEP =    49000   TIME(PS) =    2938.000  TEMP(K) =   299.32  PRESS =     0.0
 Etot   =    -38384.1228  EKtot   =     10000.4111  EPtot      =    -48384.5340
 BOND   =       352.0670  ANGLE   =      1048.5394  DIHED      =      1347.7294
 1-4 NB =       456.3372  1-4 EEL =      6335.7910  VDWAALS    =      5286.0230
 EELEC  =    -63217.8996  EHBOND  =         0.0000  RESTRAINT  =         6.8785
 EAMBER (non-restraint)  =    -48391.4125
 ------------------------------------------------------------------------------

wrapping first mol.:       20.88048       29.52946       51.14652
wrapping first mol.:       20.88048       29.52946       51.14652

 NSTEP =    49500   TIME(PS) =    2939.000  TEMP(K) =   299.16  PRESS =     0.0
 Etot   =    -38209.1711  EKtot   =      9995.1660  EPtot      =    -48204.3371
 BOND   =       367.5041  ANGLE   =      1076.7080  DIHED      =      1356.9113
 1-4 NB =       436.0118  1-4 EEL =      6306.3758  VDWAALS    =      5363.4996
 EELEC  =    -63118.5520  EHBOND  =         0.0000  RESTRAINT  =         7.2043
 EAMBER (non-restraint)  =    -48211.5414
 ------------------------------------------------------------------------------

wrapping first mol.:       20.88048       29.52946       51.14652
wrapping first mol.:       20.88048       29.52946       51.14652

 NSTEP =    50000   TIME(PS) =    2940.000  TEMP(K) =   296.28  PRESS =     0.0
 Etot   =    -38352.9776  EKtot   =      9899.0098  EPtot      =    -48251.9874
 BOND   =       351.4497  ANGLE   =      1065.1977  DIHED      =      1357.8520
 1-4 NB =       432.1449  1-4 EEL =      6330.0864  VDWAALS    =      5356.7573
 EELEC  =    -63153.3642  EHBOND  =         0.0000  RESTRAINT  =         7.8889
 EAMBER (non-restraint)  =    -48259.8763
 ------------------------------------------------------------------------------


      A V E R A G E S   O V E R     100 S T E P S


 NSTEP =    50000   TIME(PS) =    2940.000  TEMP(K) =   300.17  PRESS =     0.0
 Etot   =    -38119.5969  EKtot   =     10028.7885  EPtot      =    -48148.3855
 BOND   =       354.6286  ANGLE   =      1069.0477  DIHED      =      1348.8557
 1-4 NB =       445.1547  1-4 EEL =      6343.5872  VDWAALS    =      5417.2319
 EELEC  =    -63131.2881  EHBOND  =         0.0000  RESTRAINT  =         4.3968
 EAMBER (non-restraint)  =    -48152.7823
 ------------------------------------------------------------------------------


      R M S  F L U C T U A T I O N S


 NSTEP =    50000   TIME(PS) =    2940.000  TEMP(K) =     2.09  PRESS =     0.0
 Etot   =       138.7316  EKtot   =        69.8434  EPtot      =       118.3004
 BOND   =        15.2360  ANGLE   =        25.0874  DIHED      =        12.3339
 1-4 NB =         8.2318  1-4 EEL =        22.6917  VDWAALS    =       118.7692
 EELEC  =       183.3039  EHBOND  =         0.0000  RESTRAINT  =         1.0539
 EAMBER (non-restraint)  =       117.2465
 ------------------------------------------------------------------------------

--------------------------------------------------------------------------------
   5.  TIMINGS
--------------------------------------------------------------------------------

|  NonSetup CPU Time in Major Routines:
|
|     Routine           Sec        %
|     ------------------------------
|     Nonbond          13.36   35.49
|     Bond              0.00    0.00
|     Angle             0.00    0.00
|     Dihedral          0.00    0.00
|     Shake             0.74    1.97
|     RunMD            23.45   62.30
|     Other             0.09    0.24
|     ------------------------------
|     Total            37.64

|  PME Nonbond Pairlist CPU Time:
|
|     Routine              Sec        %
|     ---------------------------------
|     Set Up Cit           0.00    0.00
|     Build List           0.00    0.00
|     ---------------------------------
|     Total                0.00    0.00

|  PME Direct Force CPU Time:
|
|     Routine              Sec        %
|     ---------------------------------
|     NonBonded Calc       0.00    0.00
|     Exclude Masked       0.00    0.00
|     Other                0.04    0.12
|     ---------------------------------
|     Total                0.04    0.12

|  PME Reciprocal Force CPU Time:
|
|     Routine              Sec        %
|     ---------------------------------
|     1D bspline           0.00    0.00
|     Grid Charges         0.00    0.00
|     Scalar Sum           0.00    0.00
|     Gradient Sum         0.00    0.00
|     FFT                  0.00    0.00
|     ---------------------------------
|     Total                0.00    0.00

|  Final Performance Info:
|     -----------------------------------------------------
|     Average timings for last   49500 steps:
|     Elapsed(s) =      37.22 Per Step(ms) =       0.75
|         ns/day =     229.79   seconds/ns =     375.99
|
|     Average timings for all steps:
|     Elapsed(s) =      37.64 Per Step(ms) =       0.75
|         ns/day =     229.56   seconds/ns =     376.36
|     -----------------------------------------------------

|  Setup CPU time:            2.30 seconds
|  NonSetup CPU time:        37.64 seconds
|  Total CPU time:           39.94 seconds     0.01 hours

|  Setup wall time:           2    seconds
|  NonSetup wall time:       38    seconds
|  Total wall time:          40    seconds     0.01 hours
