
          -------------------------------------------------------
          Amber 16 PMEMD                              2016
          -------------------------------------------------------

| PMEMD implementation of SANDER, Release 16

| Run on 11/17/2017 at 08:19:05

|   Executable path: /apps/amber16/bin/pmemd.cuda
| Working directory: /home/pbarletta
|          Hostname: mordor

  [-O]verwriting output

File Assignments:
|   MDIN: /scratch/pbarletta/cph_obp/run/eol/mhe/e/4equ.in                      
|  MDOUT: /scratch/pbarletta/cph_obp/run/eol/mhe/e/4equ.out                     
| INPCRD: /scratch/pbarletta/cph_obp/run/eol/mhe/e/3eeol.rst7                   
|   PARM: /scratch/pbarletta/cph_obp/top_files/eol.prmtop                       
| RESTRT: /scratch/pbarletta/cph_obp/run/eol/mhe/e/4eeol.rst7                   
|   REFC: /scratch/pbarletta/cph_obp/run/eol/mhe/e/3eeol.rst7                   
|  MDVEL: mdvel                                                                 
|   MDEN: mden                                                                  
|  MDCRD: /scratch/pbarletta/cph_obp/run/eol/mhe/e/4eeol.nc                     
| MDINFO: mdinfo                                                                
|  MDFRC: mdfrc                                                                 


 Here is the input file:

Equilibration with solute restrictions                                         
&cntrl                                                                         
imin = 0,                           ! No Minimization                          
nmropt = 0,                         ! No NMR restraints read                   
                                                                               
! Nature and format of the input                                               
ntx = 5,                            ! Coordinates but no velocities will be rea
irest = 1,                          ! Do not run a new simulation              
                                                                               
! Nature and format of the output                                              
ntxo = 1,                           ! rstrt file in ASCII format               
ntpr = 500,                         ! inf in output every ntpr steps           
ntwr = 500,                         ! rstrt file every ntwr steps              
ntwx = 500,                         ! mdcrd file every ntwx steps              
ntwv = 0,                           ! mdvel without velocities                 
ntwe = 0,                           ! Energies and temperatures not written in 
idecomp = 0,                        ! No energy decomposition                  
iwrap = 1,                          ! Coordinates of the restart and mdcrd file
                                                                               
! Frozen or restrained atoms                                                   
ibelly = 0,                         ! No frozen atoms                          
ntr=1,                              ! Harmonic potential restraints            
restraint_wt = 30.0,                ! The weight for the positional restraints 
restraintmask = ':1-120@N,CA,C,O',  ! restrained residues                      
                                                                               
! Molecular dynamics                                                           
nstlim = 50000,                     ! Number of MD-steps                       
dt = 0.002,                         ! Time step                                
                                                                               
! Temperature regulation                                                       
ntt = 3,                            ! Langevin thermostat                      
gamma_ln = 5,                       ! Gamma constant for Langevin              
temp0 = 300.0,                      ! Reference T at which the system is to be 
tempi = 300.0,                      ! Initial T                                
ig = -1,                            ! Seed for the RNG                         
                                                                               
! P and V regulation                                                           
ntp = 0,                            ! No pressure control                      
ntb = 1,                            ! Periodic box for constant V              
                                                                               
! SHAKE variables                                                              
ntc = 2,                            ! Bonds involving H are constrained        
ntf = 2,                            ! Bond interaction involving H are ommited.
                                                                               
cut = 10.0,                         ! Nonbonded cutoff                         
                                                                               
/                                                                              
&end                                                                           


Note: ig = -1. Setting random seed to   445773 based on wallclock time in 
      microseconds.
| irandom = 1, using AMBER's internal random number generator (default).
 
|--------------------- INFORMATION ----------------------
| GPU (CUDA) Version of PMEMD in use: NVIDIA GPU IN USE.
|                    Version 16.0.0
| 
|                      02/25/2016
| 
| Implementation by:
|                    Ross C. Walker     (SDSC)
|                    Scott Le Grand     (nVIDIA)
| 
| Precision model in use:
|      [SPFP] - Single Precision Forces, 64-bit Fixed Point
|               Accumulation. (Default)
| 
|--------------------------------------------------------
 
|----------------- CITATION INFORMATION -----------------
|
|    When publishing work that utilized the CUDA version
|    of AMBER, please cite the following in addition to
|    the regular AMBER citations:
|
|  - Romelia Salomon-Ferrer; Andreas W. Goetz; Duncan
|    Poole; Scott Le Grand; Ross C. Walker "Routine
|    microsecond molecular dynamics simulations with
|    AMBER - Part II: Particle Mesh Ewald", J. Chem.
|    Theory Comput., 2013, 9 (9), pp3878-3888,
|    DOI: 10.1021/ct400314y.
|
|  - Andreas W. Goetz; Mark J. Williamson; Dong Xu;
|    Duncan Poole; Scott Le Grand; Ross C. Walker
|    "Routine microsecond molecular dynamics simulations
|    with AMBER - Part I: Generalized Born", J. Chem.
|    Theory Comput., 2012, 8 (5), pp1542-1555.
|
|  - Scott Le Grand; Andreas W. Goetz; Ross C. Walker
|    "SPFP: Speed without compromise - a mixed precision
|    model for GPU accelerated molecular dynamics
|    simulations.", Comp. Phys. Comm., 2013, 184
|    pp374-380, DOI: 10.1016/j.cpc.2012.09.022
|
|--------------------------------------------------------
 
|------------------- GPU DEVICE INFO --------------------
|
|            CUDA_VISIBLE_DEVICES: 2
|   CUDA Capable Devices Detected:      1
|           CUDA Device ID in use:      0
|                CUDA Device Name: GeForce GTX 1080 Ti
|     CUDA Device Global Mem Size:  11172 MB
| CUDA Device Num Multiprocessors:     28
|           CUDA Device Core Freq:   1.58 GHz
|
|--------------------------------------------------------
 
 
| Conditional Compilation Defines Used:
| PUBFFT
| BINTRAJ
| CUDA
| EMIL

| Largest sphere to fit in unit cell has radius =    25.573

| New format PARM file being parsed.
| Version =    1.000 Date = 11/14/17 Time = 21:40:14

| Note: 1-4 EEL scale factors are being read from the topology file.

| Note: 1-4 VDW scale factors are being read from the topology file.
| Duplicated    0 dihedrals

| Duplicated    0 dihedrals

--------------------------------------------------------------------------------
   1.  RESOURCE   USE: 
--------------------------------------------------------------------------------

 getting new box info from bottom of inpcrd
 NATOM  =   16335 NTYPES =      18 NBONH =   15379 MBONA  =     963
 NTHETH =    2359 MTHETA =    1293 NPHIH =    4500 MPHIA  =    3265
 NHPARM =       0 NPARM  =       0 NNB   =   30156 NRES   =    4896
 NBONA  =     963 NTHETA =    1293 NPHIA =    3265 NUMBND =      51
 NUMANG =     105 NPTRA  =      41 NATYP =      35 NPHB   =       1
 IFBOX  =       2 NMXRS  =      24 IFCAP =       0 NEXTRA =       0
 NCOPY  =       0

| Coordinate Index Table dimensions:    10   10   10
| Direct force subcell size =     6.2641    6.2641    6.2641

     BOX TYPE: TRUNCATED OCTAHEDRON

--------------------------------------------------------------------------------
   2.  CONTROL  DATA  FOR  THE  RUN
--------------------------------------------------------------------------------

default_name                                                                    

General flags:
     imin    =       0, nmropt  =       0

Nature and format of input:
     ntx     =       5, irest   =       1, ntrx    =       1

Nature and format of output:
     ntxo    =       1, ntpr    =     500, ntrx    =       1, ntwr    =     500
     iwrap   =       1, ntwx    =     500, ntwv    =       0, ntwe    =       0
     ioutfm  =       1, ntwprt  =       0, idecomp =       0, rbornstat=      0

Potential function:
     ntf     =       2, ntb     =       1, igb     =       0, nsnb    =      25
     ipol    =       0, gbsa    =       0, iesp    =       0
     dielc   =   1.00000, cut     =  10.00000, intdiel =   1.00000

Frozen or restrained atoms:
     ibelly  =       0, ntr     =       1
     restraint_wt =  30.00000

Molecular dynamics:
     nstlim  =     50000, nscm    =         0, nrespa  =         1
     t       =   0.00000, dt      =   0.00200, vlimit  =  -1.00000

Langevin dynamics temperature regulation:
     ig      =  445773
     temp0   = 300.00000, tempi   = 300.00000, gamma_ln=   5.00000

SHAKE:
     ntc     =       2, jfastw  =       0
     tol     =   0.00001

| Intermolecular bonds treatment:
|     no_intermolecular_bonds =       1

| Energy averages sample interval:
|     ene_avg_sampling =     500

Ewald parameters:
     verbose =       0, ew_type =       0, nbflag  =       1, use_pme =       1
     vdwmeth =       1, eedmeth =       1, netfrc  =       1
     Box X =   62.641   Box Y =   62.641   Box Z =   62.641
     Alpha =  109.471   Beta  =  109.471   Gamma =  109.471
     NFFT1 =   64       NFFT2 =   64       NFFT3 =   64
     Cutoff=   10.000   Tol   =0.100E-04
     Ewald Coefficient =  0.27511
     Interpolation order =    4

    LOADING THE CONSTRAINED ATOMS AS GROUPS


   5.  REFERENCE ATOM COORDINATES

  default_name                                                                    
     Mask :1-120@N,CA,C,O; matches   476 atoms

--------------------------------------------------------------------------------
   3.  ATOMIC COORDINATES AND VELOCITIES
--------------------------------------------------------------------------------

default_name                                                                    
 begin time read from input coords =   440.000 ps

 
 Number of triangulated 3-point waters found:     4775

     Sum of charges from parm topology file =  -0.00000006
     Forcing neutrality...

| Dynamic Memory, Types Used:
| Reals              619308
| Integers           586628

| Nonbonded Pairs Initial Allocation:     4940929

| GPU memory information (estimate):
| KB of GPU memory in use:    123232
| KB of CPU memory in use:     26926

--------------------------------------------------------------------------------
   4.  RESULTS
--------------------------------------------------------------------------------

 ---------------------------------------------------
 APPROXIMATING switch and d/dx switch using CUBIC SPLINE INTERPOLATION
 using   5000.0 points per unit in tabled values
 TESTING RELATIVE ERROR over r ranging from 0.0 to cutoff
| CHECK switch(x): max rel err =   0.2738E-14   at   2.422500
| CHECK d/dx switch(x): max rel err =   0.8314E-11   at   2.736960
 ---------------------------------------------------
|---------------------------------------------------
| APPROXIMATING direct energy using CUBIC SPLINE INTERPOLATION
|  with   50.0 points per unit in tabled values
| Relative Error Limit not exceeded for r .gt.   2.33
| APPROXIMATING direct force using CUBIC SPLINE INTERPOLATION
|  with   50.0 points per unit in tabled values
| Relative Error Limit not exceeded for r .gt.   2.80
|---------------------------------------------------
wrapping first mol.:       20.88048       29.52946       51.14652
wrapping first mol.:       20.88048       29.52946       51.14652

 NSTEP =      500   TIME(PS) =     441.000  TEMP(K) =   298.53  PRESS =     0.0
 Etot   =    -38075.2791  EKtot   =      9973.9775  EPtot      =    -48049.2566
 BOND   =       326.0662  ANGLE   =      1061.1602  DIHED      =      1332.3566
 1-4 NB =       457.3357  1-4 EEL =      6332.7841  VDWAALS    =      5588.4836
 EELEC  =    -63315.8102  EHBOND  =         0.0000  RESTRAINT  =       168.3671
 EAMBER (non-restraint)  =    -48217.6238
 ------------------------------------------------------------------------------

wrapping first mol.:       20.88048       29.52946       51.14652
wrapping first mol.:       20.88048       29.52946       51.14652

 NSTEP =     1000   TIME(PS) =     442.000  TEMP(K) =   300.68  PRESS =     0.0
 Etot   =    -38167.9685  EKtot   =     10045.9150  EPtot      =    -48213.8835
 BOND   =       317.2155  ANGLE   =      1018.1825  DIHED      =      1346.3535
 1-4 NB =       450.3585  1-4 EEL =      6320.2634  VDWAALS    =      5409.0527
 EELEC  =    -63240.2364  EHBOND  =         0.0000  RESTRAINT  =       164.9268
 EAMBER (non-restraint)  =    -48378.8103
 ------------------------------------------------------------------------------

wrapping first mol.:       20.88048       29.52946       51.14652
wrapping first mol.:       20.88048       29.52946       51.14652

 NSTEP =     1500   TIME(PS) =     443.000  TEMP(K) =   301.31  PRESS =     0.0
 Etot   =    -38106.3924  EKtot   =     10066.8574  EPtot      =    -48173.2499
 BOND   =       330.1309  ANGLE   =      1043.9323  DIHED      =      1342.1950
 1-4 NB =       458.8573  1-4 EEL =      6344.1309  VDWAALS    =      5450.6234
 EELEC  =    -63302.4111  EHBOND  =         0.0000  RESTRAINT  =       159.2914
 EAMBER (non-restraint)  =    -48332.5413
 ------------------------------------------------------------------------------

wrapping first mol.:       20.88048       29.52946       51.14652
wrapping first mol.:       20.88048       29.52946       51.14652

 NSTEP =     2000   TIME(PS) =     444.000  TEMP(K) =   298.29  PRESS =     0.0
 Etot   =    -38265.1534  EKtot   =      9966.1914  EPtot      =    -48231.3448
 BOND   =       336.6988  ANGLE   =      1050.3645  DIHED      =      1353.1003
 1-4 NB =       449.8749  1-4 EEL =      6330.9274  VDWAALS    =      5510.3946
 EELEC  =    -63417.1219  EHBOND  =         0.0000  RESTRAINT  =       154.4166
 EAMBER (non-restraint)  =    -48385.7614
 ------------------------------------------------------------------------------

wrapping first mol.:       20.88048       29.52946       51.14652
wrapping first mol.:       20.88048       29.52946       51.14652

 NSTEP =     2500   TIME(PS) =     445.000  TEMP(K) =   307.28  PRESS =     0.0
 Etot   =    -37646.3551  EKtot   =     10266.4111  EPtot      =    -47912.7662
 BOND   =       343.5940  ANGLE   =      1115.0692  DIHED      =      1358.2807
 1-4 NB =       453.5761  1-4 EEL =      6322.6750  VDWAALS    =      5360.1582
 EELEC  =    -63020.1520  EHBOND  =         0.0000  RESTRAINT  =       154.0326
 EAMBER (non-restraint)  =    -48066.7988
 ------------------------------------------------------------------------------

wrapping first mol.:       20.88048       29.52946       51.14652
wrapping first mol.:       20.88048       29.52946       51.14652

 NSTEP =     3000   TIME(PS) =     446.000  TEMP(K) =   299.31  PRESS =     0.0
 Etot   =    -38019.7803  EKtot   =     10000.2207  EPtot      =    -48020.0010
 BOND   =       351.4930  ANGLE   =      1012.1364  DIHED      =      1367.8893
 1-4 NB =       446.0242  1-4 EEL =      6327.6213  VDWAALS    =      5323.3575
 EELEC  =    -63007.0625  EHBOND  =         0.0000  RESTRAINT  =       158.5399
 EAMBER (non-restraint)  =    -48178.5409
 ------------------------------------------------------------------------------

wrapping first mol.:       20.88048       29.52946       51.14652
wrapping first mol.:       20.88048       29.52946       51.14652

 NSTEP =     3500   TIME(PS) =     447.000  TEMP(K) =   298.49  PRESS =     0.0
 Etot   =    -38118.5348  EKtot   =      9972.8438  EPtot      =    -48091.3785
 BOND   =       327.1375  ANGLE   =      1023.1907  DIHED      =      1360.2566
 1-4 NB =       449.6304  1-4 EEL =      6331.0114  VDWAALS    =      5476.8833
 EELEC  =    -63218.4307  EHBOND  =         0.0000  RESTRAINT  =       158.9422
 EAMBER (non-restraint)  =    -48250.3207
 ------------------------------------------------------------------------------

wrapping first mol.:       20.88048       29.52946       51.14652
wrapping first mol.:       20.88048       29.52946       51.14652

 NSTEP =     4000   TIME(PS) =     448.000  TEMP(K) =   298.67  PRESS =     0.0
 Etot   =    -38066.8203  EKtot   =      9978.8057  EPtot      =    -48045.6260
 BOND   =       330.6167  ANGLE   =      1025.2986  DIHED      =      1335.9453
 1-4 NB =       458.7513  1-4 EEL =      6353.5600  VDWAALS    =      5387.7646
 EELEC  =    -63102.9977  EHBOND  =         0.0000  RESTRAINT  =       165.4351
 EAMBER (non-restraint)  =    -48211.0611
 ------------------------------------------------------------------------------

wrapping first mol.:       20.88048       29.52946       51.14652
wrapping first mol.:       20.88048       29.52946       51.14652

 NSTEP =     4500   TIME(PS) =     449.000  TEMP(K) =   298.79  PRESS =     0.0
 Etot   =    -38008.0450  EKtot   =      9982.8281  EPtot      =    -47990.8731
 BOND   =       317.4400  ANGLE   =      1042.2349  DIHED      =      1359.9219
 1-4 NB =       469.5385  1-4 EEL =      6345.5313  VDWAALS    =      5365.2672
 EELEC  =    -63068.5480  EHBOND  =         0.0000  RESTRAINT  =       177.7410
 EAMBER (non-restraint)  =    -48168.6141
 ------------------------------------------------------------------------------

wrapping first mol.:       20.88048       29.52946       51.14652
wrapping first mol.:       20.88048       29.52946       51.14652

 NSTEP =     5000   TIME(PS) =     450.000  TEMP(K) =   298.83  PRESS =     0.0
 Etot   =    -38129.5798  EKtot   =      9984.1260  EPtot      =    -48113.7058
 BOND   =       354.5343  ANGLE   =      1016.1947  DIHED      =      1337.3856
 1-4 NB =       462.0722  1-4 EEL =      6320.7481  VDWAALS    =      5447.4490
 EELEC  =    -63223.9075  EHBOND  =         0.0000  RESTRAINT  =       171.8178
 EAMBER (non-restraint)  =    -48285.5236
 ------------------------------------------------------------------------------

wrapping first mol.:       20.88048       29.52946       51.14652
wrapping first mol.:       20.88048       29.52946       51.14652

 NSTEP =     5500   TIME(PS) =     451.000  TEMP(K) =   303.56  PRESS =     0.0
 Etot   =    -37830.7994  EKtot   =     10142.1807  EPtot      =    -47972.9801
 BOND   =       352.2020  ANGLE   =      1052.9189  DIHED      =      1371.2314
 1-4 NB =       449.9751  1-4 EEL =      6300.2603  VDWAALS    =      5384.0024
 EELEC  =    -63046.7595  EHBOND  =         0.0000  RESTRAINT  =       163.1892
 EAMBER (non-restraint)  =    -48136.1693
 ------------------------------------------------------------------------------

wrapping first mol.:       20.88048       29.52946       51.14652
wrapping first mol.:       20.88048       29.52946       51.14652

 NSTEP =     6000   TIME(PS) =     452.000  TEMP(K) =   294.43  PRESS =     0.0
 Etot   =    -38088.5682  EKtot   =      9837.1152  EPtot      =    -47925.6834
 BOND   =       317.0913  ANGLE   =      1021.9705  DIHED      =      1346.7679
 1-4 NB =       453.2540  1-4 EEL =      6379.3262  VDWAALS    =      5176.2231
 EELEC  =    -62785.5480  EHBOND  =         0.0000  RESTRAINT  =       165.2317
 EAMBER (non-restraint)  =    -48090.9152
 ------------------------------------------------------------------------------

wrapping first mol.:       20.88048       29.52946       51.14652
wrapping first mol.:       20.88048       29.52946       51.14652

 NSTEP =     6500   TIME(PS) =     453.000  TEMP(K) =   300.88  PRESS =     0.0
 Etot   =    -38172.4709  EKtot   =     10052.5625  EPtot      =    -48225.0334
 BOND   =       317.1982  ANGLE   =      1033.3261  DIHED      =      1344.7103
 1-4 NB =       453.8020  1-4 EEL =      6327.4888  VDWAALS    =      5480.9873
 EELEC  =    -63345.7319  EHBOND  =         0.0000  RESTRAINT  =       163.1858
 EAMBER (non-restraint)  =    -48388.2192
 ------------------------------------------------------------------------------

wrapping first mol.:       20.88048       29.52946       51.14652
wrapping first mol.:       20.88048       29.52946       51.14652

 NSTEP =     7000   TIME(PS) =     454.000  TEMP(K) =   297.00  PRESS =     0.0
 Etot   =    -38171.2367  EKtot   =      9922.9463  EPtot      =    -48094.1830
 BOND   =       347.5483  ANGLE   =      1028.3554  DIHED      =      1355.8576
 1-4 NB =       461.1429  1-4 EEL =      6332.4211  VDWAALS    =      5485.9473
 EELEC  =    -63266.7206  EHBOND  =         0.0000  RESTRAINT  =       161.2651
 EAMBER (non-restraint)  =    -48255.4481
 ------------------------------------------------------------------------------

wrapping first mol.:       20.88048       29.52946       51.14652
wrapping first mol.:       20.88048       29.52946       51.14652

 NSTEP =     7500   TIME(PS) =     455.000  TEMP(K) =   296.64  PRESS =     0.0
 Etot   =    -38029.7370  EKtot   =      9910.7979  EPtot      =    -47940.5349
 BOND   =       328.5707  ANGLE   =      1051.2143  DIHED      =      1362.1726
 1-4 NB =       468.2134  1-4 EEL =      6333.7567  VDWAALS    =      5553.5666
 EELEC  =    -63199.4203  EHBOND  =         0.0000  RESTRAINT  =       161.3910
 EAMBER (non-restraint)  =    -48101.9259
 ------------------------------------------------------------------------------

wrapping first mol.:       20.88048       29.52946       51.14652
wrapping first mol.:       20.88048       29.52946       51.14652

 NSTEP =     8000   TIME(PS) =     456.000  TEMP(K) =   301.15  PRESS =     0.0
 Etot   =    -37928.7940  EKtot   =     10061.6807  EPtot      =    -47990.4746
 BOND   =       334.3962  ANGLE   =      1039.7498  DIHED      =      1372.6267
 1-4 NB =       431.8072  1-4 EEL =      6312.3296  VDWAALS    =      5416.3844
 EELEC  =    -63053.2093  EHBOND  =         0.0000  RESTRAINT  =       155.4408
 EAMBER (non-restraint)  =    -48145.9154
 ------------------------------------------------------------------------------

wrapping first mol.:       20.88048       29.52946       51.14652
wrapping first mol.:       20.88048       29.52946       51.14652

 NSTEP =     8500   TIME(PS) =     457.000  TEMP(K) =   299.57  PRESS =     0.0
 Etot   =    -37803.5952  EKtot   =     10008.8154  EPtot      =    -47812.4106
 BOND   =       337.4193  ANGLE   =      1050.9484  DIHED      =      1331.7487
 1-4 NB =       449.0598  1-4 EEL =      6332.9826  VDWAALS    =      5257.8875
 EELEC  =    -62749.0443  EHBOND  =         0.0000  RESTRAINT  =       176.5874
 EAMBER (non-restraint)  =    -47988.9981
 ------------------------------------------------------------------------------

wrapping first mol.:       20.88048       29.52946       51.14652
wrapping first mol.:       20.88048       29.52946       51.14652

 NSTEP =     9000   TIME(PS) =     458.000  TEMP(K) =   303.93  PRESS =     0.0
 Etot   =    -37629.6146  EKtot   =     10154.6250  EPtot      =    -47784.2396
 BOND   =       340.4213  ANGLE   =      1077.2070  DIHED      =      1350.9944
 1-4 NB =       439.7541  1-4 EEL =      6320.8720  VDWAALS    =      5481.0386
 EELEC  =    -62958.1474  EHBOND  =         0.0000  RESTRAINT  =       163.6205
 EAMBER (non-restraint)  =    -47947.8601
 ------------------------------------------------------------------------------

wrapping first mol.:       20.88048       29.52946       51.14652
wrapping first mol.:       20.88048       29.52946       51.14652

 NSTEP =     9500   TIME(PS) =     459.000  TEMP(K) =   299.88  PRESS =     0.0
 Etot   =    -37911.4122  EKtot   =     10019.2568  EPtot      =    -47930.6690
 BOND   =       351.3891  ANGLE   =      1028.1528  DIHED      =      1340.4564
 1-4 NB =       450.1032  1-4 EEL =      6329.2705  VDWAALS    =      5453.0658
 EELEC  =    -63046.6900  EHBOND  =         0.0000  RESTRAINT  =       163.5831
 EAMBER (non-restraint)  =    -48094.2521
 ------------------------------------------------------------------------------

wrapping first mol.:       20.88048       29.52946       51.14652
wrapping first mol.:       20.88048       29.52946       51.14652

 NSTEP =    10000   TIME(PS) =     460.000  TEMP(K) =   302.46  PRESS =     0.0
 Etot   =    -37835.1902  EKtot   =     10105.5195  EPtot      =    -47940.7097
 BOND   =       357.0120  ANGLE   =      1042.7646  DIHED      =      1345.1404
 1-4 NB =       444.9553  1-4 EEL =      6306.7060  VDWAALS    =      5507.4850
 EELEC  =    -63115.7493  EHBOND  =         0.0000  RESTRAINT  =       170.9762
 EAMBER (non-restraint)  =    -48111.6859
 ------------------------------------------------------------------------------

wrapping first mol.:       20.88048       29.52946       51.14652
wrapping first mol.:       20.88048       29.52946       51.14652

 NSTEP =    10500   TIME(PS) =     461.000  TEMP(K) =   299.00  PRESS =     0.0
 Etot   =    -38132.5002  EKtot   =      9989.8975  EPtot      =    -48122.3977
 BOND   =       353.8635  ANGLE   =      1021.9797  DIHED      =      1326.5685
 1-4 NB =       460.6216  1-4 EEL =      6340.2061  VDWAALS    =      5373.0974
 EELEC  =    -63156.6697  EHBOND  =         0.0000  RESTRAINT  =       157.9353
 EAMBER (non-restraint)  =    -48280.3329
 ------------------------------------------------------------------------------

wrapping first mol.:       20.88048       29.52946       51.14652
wrapping first mol.:       20.88048       29.52946       51.14652

 NSTEP =    11000   TIME(PS) =     462.000  TEMP(K) =   301.96  PRESS =     0.0
 Etot   =    -37818.3771  EKtot   =     10088.7695  EPtot      =    -47907.1467
 BOND   =       341.8220  ANGLE   =      1016.8497  DIHED      =      1349.4921
 1-4 NB =       456.6177  1-4 EEL =      6340.4998  VDWAALS    =      5272.5940
 EELEC  =    -62858.9434  EHBOND  =         0.0000  RESTRAINT  =       173.9214
 EAMBER (non-restraint)  =    -48081.0681
 ------------------------------------------------------------------------------

wrapping first mol.:       20.88048       29.52946       51.14652
wrapping first mol.:       20.88048       29.52946       51.14652

 NSTEP =    11500   TIME(PS) =     463.000  TEMP(K) =   298.44  PRESS =     0.0
 Etot   =    -38189.2825  EKtot   =      9971.0371  EPtot      =    -48160.3196
 BOND   =       350.3712  ANGLE   =      1093.5823  DIHED      =      1349.3697
 1-4 NB =       463.7441  1-4 EEL =      6313.2696  VDWAALS    =      5443.1777
 EELEC  =    -63337.2723  EHBOND  =         0.0000  RESTRAINT  =       163.4382
 EAMBER (non-restraint)  =    -48323.7577
 ------------------------------------------------------------------------------

wrapping first mol.:       20.88048       29.52946       51.14652
wrapping first mol.:       20.88048       29.52946       51.14652

 NSTEP =    12000   TIME(PS) =     464.000  TEMP(K) =   302.85  PRESS =     0.0
 Etot   =    -37866.4174  EKtot   =     10118.5273  EPtot      =    -47984.9448
 BOND   =       350.0186  ANGLE   =      1052.5047  DIHED      =      1338.9403
 1-4 NB =       460.3574  1-4 EEL =      6335.3346  VDWAALS    =      5422.4098
 EELEC  =    -63104.3901  EHBOND  =         0.0000  RESTRAINT  =       159.8799
 EAMBER (non-restraint)  =    -48144.8246
 ------------------------------------------------------------------------------

wrapping first mol.:       20.88048       29.52946       51.14652
wrapping first mol.:       20.88048       29.52946       51.14652

 NSTEP =    12500   TIME(PS) =     465.000  TEMP(K) =   299.91  PRESS =     0.0
 Etot   =    -38043.9322  EKtot   =     10020.1650  EPtot      =    -48064.0972
 BOND   =       337.5710  ANGLE   =      1030.7555  DIHED      =      1347.7950
 1-4 NB =       465.7376  1-4 EEL =      6331.5074  VDWAALS    =      5513.9948
 EELEC  =    -63254.9901  EHBOND  =         0.0000  RESTRAINT  =       163.5316
 EAMBER (non-restraint)  =    -48227.6288
 ------------------------------------------------------------------------------

wrapping first mol.:       20.88048       29.52946       51.14652
wrapping first mol.:       20.88048       29.52946       51.14652

 NSTEP =    13000   TIME(PS) =     466.000  TEMP(K) =   299.28  PRESS =     0.0
 Etot   =    -38091.4404  EKtot   =      9999.0508  EPtot      =    -48090.4912
 BOND   =       344.8865  ANGLE   =      1014.5416  DIHED      =      1362.0325
 1-4 NB =       454.8206  1-4 EEL =      6333.2842  VDWAALS    =      5379.9060
 EELEC  =    -63149.4827  EHBOND  =         0.0000  RESTRAINT  =       169.5203
 EAMBER (non-restraint)  =    -48260.0114
 ------------------------------------------------------------------------------

wrapping first mol.:       20.88048       29.52946       51.14652
wrapping first mol.:       20.88048       29.52946       51.14652

 NSTEP =    13500   TIME(PS) =     467.000  TEMP(K) =   299.09  PRESS =     0.0
 Etot   =    -38006.3021  EKtot   =      9992.8389  EPtot      =    -47999.1409
 BOND   =       347.8701  ANGLE   =      1044.6118  DIHED      =      1352.6997
 1-4 NB =       441.1386  1-4 EEL =      6340.8372  VDWAALS    =      5180.5364
 EELEC  =    -62870.1448  EHBOND  =         0.0000  RESTRAINT  =       163.3101
 EAMBER (non-restraint)  =    -48162.4510
 ------------------------------------------------------------------------------

wrapping first mol.:       20.88048       29.52946       51.14652
wrapping first mol.:       20.88048       29.52946       51.14652

 NSTEP =    14000   TIME(PS) =     468.000  TEMP(K) =   298.05  PRESS =     0.0
 Etot   =    -37943.6516  EKtot   =      9958.0195  EPtot      =    -47901.6712
 BOND   =       350.2636  ANGLE   =      1022.7397  DIHED      =      1356.9157
 1-4 NB =       445.8397  1-4 EEL =      6329.4236  VDWAALS    =      5236.5040
 EELEC  =    -62808.6294  EHBOND  =         0.0000  RESTRAINT  =       165.2720
 EAMBER (non-restraint)  =    -48066.9431
 ------------------------------------------------------------------------------

wrapping first mol.:       20.88048       29.52946       51.14652
wrapping first mol.:       20.88048       29.52946       51.14652

 NSTEP =    14500   TIME(PS) =     469.000  TEMP(K) =   302.87  PRESS =     0.0
 Etot   =    -37930.4142  EKtot   =     10119.0840  EPtot      =    -48049.4982
 BOND   =       327.9438  ANGLE   =       997.1891  DIHED      =      1360.0252
 1-4 NB =       440.5723  1-4 EEL =      6325.6592  VDWAALS    =      5518.3410
 EELEC  =    -63171.6460  EHBOND  =         0.0000  RESTRAINT  =       152.4173
 EAMBER (non-restraint)  =    -48201.9154
 ------------------------------------------------------------------------------

wrapping first mol.:       20.88048       29.52946       51.14652
wrapping first mol.:       20.88048       29.52946       51.14652

 NSTEP =    15000   TIME(PS) =     470.000  TEMP(K) =   299.75  PRESS =     0.0
 Etot   =    -37966.9544  EKtot   =     10014.7402  EPtot      =    -47981.6947
 BOND   =       375.2736  ANGLE   =      1019.5700  DIHED      =      1350.3663
 1-4 NB =       441.2995  1-4 EEL =      6326.9487  VDWAALS    =      5260.4467
 EELEC  =    -62910.6852  EHBOND  =         0.0000  RESTRAINT  =       155.0859
 EAMBER (non-restraint)  =    -48136.7805
 ------------------------------------------------------------------------------

wrapping first mol.:       20.88048       29.52946       51.14652
wrapping first mol.:       20.88048       29.52946       51.14652

 NSTEP =    15500   TIME(PS) =     471.000  TEMP(K) =   297.92  PRESS =     0.0
 Etot   =    -38223.3649  EKtot   =      9953.6191  EPtot      =    -48176.9840
 BOND   =       333.3444  ANGLE   =      1041.4519  DIHED      =      1335.8452
 1-4 NB =       446.5386  1-4 EEL =      6347.0048  VDWAALS    =      5467.1555
 EELEC  =    -63313.2778  EHBOND  =         0.0000  RESTRAINT  =       164.9534
 EAMBER (non-restraint)  =    -48341.9374
 ------------------------------------------------------------------------------

wrapping first mol.:       20.88048       29.52946       51.14652
wrapping first mol.:       20.88048       29.52946       51.14652

 NSTEP =    16000   TIME(PS) =     472.000  TEMP(K) =   299.67  PRESS =     0.0
 Etot   =    -37986.0680  EKtot   =     10012.0381  EPtot      =    -47998.1061
 BOND   =       339.1540  ANGLE   =      1041.3270  DIHED      =      1356.7562
 1-4 NB =       457.4314  1-4 EEL =      6321.0201  VDWAALS    =      5225.0981
 EELEC  =    -62903.6953  EHBOND  =         0.0000  RESTRAINT  =       164.8023
 EAMBER (non-restraint)  =    -48162.9084
 ------------------------------------------------------------------------------

wrapping first mol.:       20.88048       29.52946       51.14652
wrapping first mol.:       20.88048       29.52946       51.14652

 NSTEP =    16500   TIME(PS) =     473.000  TEMP(K) =   302.61  PRESS =     0.0
 Etot   =    -38022.8377  EKtot   =     10110.3301  EPtot      =    -48133.1678
 BOND   =       326.4036  ANGLE   =      1045.6247  DIHED      =      1350.5184
 1-4 NB =       472.2602  1-4 EEL =      6344.2554  VDWAALS    =      5388.3783
 EELEC  =    -63227.4195  EHBOND  =         0.0000  RESTRAINT  =       166.8112
 EAMBER (non-restraint)  =    -48299.9790
 ------------------------------------------------------------------------------

wrapping first mol.:       20.88048       29.52946       51.14652
wrapping first mol.:       20.88048       29.52946       51.14652

 NSTEP =    17000   TIME(PS) =     474.000  TEMP(K) =   304.98  PRESS =     0.0
 Etot   =    -37845.2552  EKtot   =     10189.4590  EPtot      =    -48034.7142
 BOND   =       330.9801  ANGLE   =      1025.3394  DIHED      =      1336.5184
 1-4 NB =       459.8051  1-4 EEL =      6362.8381  VDWAALS    =      5350.1650
 EELEC  =    -63076.6032  EHBOND  =         0.0000  RESTRAINT  =       176.2428
 EAMBER (non-restraint)  =    -48210.9571
 ------------------------------------------------------------------------------

wrapping first mol.:       20.88048       29.52946       51.14652
wrapping first mol.:       20.88048       29.52946       51.14652

 NSTEP =    17500   TIME(PS) =     475.000  TEMP(K) =   295.36  PRESS =     0.0
 Etot   =    -38120.5172  EKtot   =      9868.0664  EPtot      =    -47988.5836
 BOND   =       373.9717  ANGLE   =      1050.2992  DIHED      =      1351.5230
 1-4 NB =       444.9740  1-4 EEL =      6347.1467  VDWAALS    =      5342.8741
 EELEC  =    -63085.9731  EHBOND  =         0.0000  RESTRAINT  =       186.6007
 EAMBER (non-restraint)  =    -48175.1844
 ------------------------------------------------------------------------------

wrapping first mol.:       20.88048       29.52946       51.14652
wrapping first mol.:       20.88048       29.52946       51.14652

 NSTEP =    18000   TIME(PS) =     476.000  TEMP(K) =   298.19  PRESS =     0.0
 Etot   =    -38083.6045  EKtot   =      9962.6504  EPtot      =    -48046.2549
 BOND   =       350.1719  ANGLE   =      1049.2162  DIHED      =      1337.5469
 1-4 NB =       456.7374  1-4 EEL =      6331.3732  VDWAALS    =      5409.5806
 EELEC  =    -63151.5712  EHBOND  =         0.0000  RESTRAINT  =       170.6901
 EAMBER (non-restraint)  =    -48216.9450
 ------------------------------------------------------------------------------

wrapping first mol.:       20.88048       29.52946       51.14652
wrapping first mol.:       20.88048       29.52946       51.14652

 NSTEP =    18500   TIME(PS) =     477.000  TEMP(K) =   296.57  PRESS =     0.0
 Etot   =    -38108.2786  EKtot   =      9908.6240  EPtot      =    -48016.9026
 BOND   =       316.5087  ANGLE   =      1020.1816  DIHED      =      1352.3525
 1-4 NB =       466.7574  1-4 EEL =      6359.3020  VDWAALS    =      5371.8901
 EELEC  =    -63071.8792  EHBOND  =         0.0000  RESTRAINT  =       167.9843
 EAMBER (non-restraint)  =    -48184.8869
 ------------------------------------------------------------------------------

wrapping first mol.:       20.88048       29.52946       51.14652
wrapping first mol.:       20.88048       29.52946       51.14652

 NSTEP =    19000   TIME(PS) =     478.000  TEMP(K) =   297.46  PRESS =     0.0
 Etot   =    -38025.7595  EKtot   =      9938.3018  EPtot      =    -47964.0613
 BOND   =       351.3616  ANGLE   =      1069.0678  DIHED      =      1334.4794
 1-4 NB =       468.1979  1-4 EEL =      6346.7814  VDWAALS    =      5425.5674
 EELEC  =    -63115.6920  EHBOND  =         0.0000  RESTRAINT  =       156.1752
 EAMBER (non-restraint)  =    -48120.2365
 ------------------------------------------------------------------------------

wrapping first mol.:       20.88048       29.52946       51.14652
wrapping first mol.:       20.88048       29.52946       51.14652

 NSTEP =    19500   TIME(PS) =     479.000  TEMP(K) =   299.97  PRESS =     0.0
 Etot   =    -37937.0763  EKtot   =     10022.2002  EPtot      =    -47959.2765
 BOND   =       327.3372  ANGLE   =      1038.6118  DIHED      =      1366.4708
 1-4 NB =       454.3137  1-4 EEL =      6330.1436  VDWAALS    =      5267.9531
 EELEC  =    -62916.6576  EHBOND  =         0.0000  RESTRAINT  =       172.5509
 EAMBER (non-restraint)  =    -48131.8275
 ------------------------------------------------------------------------------

wrapping first mol.:       20.88048       29.52946       51.14652
wrapping first mol.:       20.88048       29.52946       51.14652

 NSTEP =    20000   TIME(PS) =     480.000  TEMP(K) =   297.36  PRESS =     0.0
 Etot   =    -38216.0451  EKtot   =      9934.8848  EPtot      =    -48150.9299
 BOND   =       358.8134  ANGLE   =      1047.4309  DIHED      =      1353.4685
 1-4 NB =       448.7583  1-4 EEL =      6331.8770  VDWAALS    =      5445.6683
 EELEC  =    -63306.8908  EHBOND  =         0.0000  RESTRAINT  =       169.9445
 EAMBER (non-restraint)  =    -48320.8744
 ------------------------------------------------------------------------------

wrapping first mol.:       20.88048       29.52946       51.14652
wrapping first mol.:       20.88048       29.52946       51.14652

 NSTEP =    20500   TIME(PS) =     481.000  TEMP(K) =   301.35  PRESS =     0.0
 Etot   =    -37995.1117  EKtot   =     10068.1895  EPtot      =    -48063.3012
 BOND   =       322.1154  ANGLE   =      1026.5956  DIHED      =      1329.7143
 1-4 NB =       464.5194  1-4 EEL =      6338.3623  VDWAALS    =      5122.8492
 EELEC  =    -62832.7138  EHBOND  =         0.0000  RESTRAINT  =       165.2563
 EAMBER (non-restraint)  =    -48228.5575
 ------------------------------------------------------------------------------

wrapping first mol.:       20.88048       29.52946       51.14652
wrapping first mol.:       20.88048       29.52946       51.14652

 NSTEP =    21000   TIME(PS) =     482.000  TEMP(K) =   301.33  PRESS =     0.0
 Etot   =    -37862.9022  EKtot   =     10067.6709  EPtot      =    -47930.5731
 BOND   =       329.6894  ANGLE   =      1074.0790  DIHED      =      1359.9662
 1-4 NB =       459.8939  1-4 EEL =      6352.8759  VDWAALS    =      5436.9967
 EELEC  =    -63102.7142  EHBOND  =         0.0000  RESTRAINT  =       158.6401
 EAMBER (non-restraint)  =    -48089.2131
 ------------------------------------------------------------------------------

wrapping first mol.:       20.88048       29.52946       51.14652
wrapping first mol.:       20.88048       29.52946       51.14652

 NSTEP =    21500   TIME(PS) =     483.000  TEMP(K) =   300.03  PRESS =     0.0
 Etot   =    -37902.2521  EKtot   =     10024.2461  EPtot      =    -47926.4982
 BOND   =       339.7840  ANGLE   =      1053.6000  DIHED      =      1338.4380
 1-4 NB =       453.2895  1-4 EEL =      6328.7562  VDWAALS    =      5370.6322
 EELEC  =    -62971.4382  EHBOND  =         0.0000  RESTRAINT  =       160.4401
 EAMBER (non-restraint)  =    -48086.9383
 ------------------------------------------------------------------------------

wrapping first mol.:       20.88048       29.52946       51.14652
wrapping first mol.:       20.88048       29.52946       51.14652

 NSTEP =    22000   TIME(PS) =     484.000  TEMP(K) =   298.09  PRESS =     0.0
 Etot   =    -38060.3171  EKtot   =      9959.3447  EPtot      =    -48019.6619
 BOND   =       348.9490  ANGLE   =      1013.9374  DIHED      =      1337.8943
 1-4 NB =       458.2774  1-4 EEL =      6311.5185  VDWAALS    =      5466.5163
 EELEC  =    -63123.3779  EHBOND  =         0.0000  RESTRAINT  =       166.6230
 EAMBER (non-restraint)  =    -48186.2849
 ------------------------------------------------------------------------------

wrapping first mol.:       20.88048       29.52946       51.14652
wrapping first mol.:       20.88048       29.52946       51.14652

 NSTEP =    22500   TIME(PS) =     485.000  TEMP(K) =   298.82  PRESS =     0.0
 Etot   =    -38052.5649  EKtot   =      9983.7656  EPtot      =    -48036.3305
 BOND   =       347.1827  ANGLE   =      1038.0248  DIHED      =      1368.5903
 1-4 NB =       454.1031  1-4 EEL =      6342.7138  VDWAALS    =      5551.5652
 EELEC  =    -63295.1170  EHBOND  =         0.0000  RESTRAINT  =       156.6065
 EAMBER (non-restraint)  =    -48192.9370
 ------------------------------------------------------------------------------

wrapping first mol.:       20.88048       29.52946       51.14652
wrapping first mol.:       20.88048       29.52946       51.14652

 NSTEP =    23000   TIME(PS) =     486.000  TEMP(K) =   294.89  PRESS =     0.0
 Etot   =    -38168.6301  EKtot   =      9852.3809  EPtot      =    -48021.0110
 BOND   =       347.9628  ANGLE   =      1043.6836  DIHED      =      1369.5178
 1-4 NB =       459.4332  1-4 EEL =      6273.3920  VDWAALS    =      5169.2192
 EELEC  =    -62847.3299  EHBOND  =         0.0000  RESTRAINT  =       163.1104
 EAMBER (non-restraint)  =    -48184.1214
 ------------------------------------------------------------------------------

wrapping first mol.:       20.88048       29.52946       51.14652
wrapping first mol.:       20.88048       29.52946       51.14652

 NSTEP =    23500   TIME(PS) =     487.000  TEMP(K) =   300.86  PRESS =     0.0
 Etot   =    -38022.6551  EKtot   =     10051.9668  EPtot      =    -48074.6219
 BOND   =       336.0369  ANGLE   =      1003.5314  DIHED      =      1358.4084
 1-4 NB =       460.8127  1-4 EEL =      6334.1810  VDWAALS    =      5115.3219
 EELEC  =    -62850.4356  EHBOND  =         0.0000  RESTRAINT  =       167.5214
 EAMBER (non-restraint)  =    -48242.1432
 ------------------------------------------------------------------------------

wrapping first mol.:       20.88048       29.52946       51.14652
wrapping first mol.:       20.88048       29.52946       51.14652

 NSTEP =    24000   TIME(PS) =     488.000  TEMP(K) =   299.67  PRESS =     0.0
 Etot   =    -38152.5520  EKtot   =     10012.2930  EPtot      =    -48164.8450
 BOND   =       328.0163  ANGLE   =      1012.1122  DIHED      =      1344.6319
 1-4 NB =       448.9187  1-4 EEL =      6343.0721  VDWAALS    =      5465.0031
 EELEC  =    -63259.7458  EHBOND  =         0.0000  RESTRAINT  =       153.1466
 EAMBER (non-restraint)  =    -48317.9916
 ------------------------------------------------------------------------------

wrapping first mol.:       20.88048       29.52946       51.14652
wrapping first mol.:       20.88048       29.52946       51.14652

 NSTEP =    24500   TIME(PS) =     489.000  TEMP(K) =   301.11  PRESS =     0.0
 Etot   =    -37982.1904  EKtot   =     10060.2754  EPtot      =    -48042.4658
 BOND   =       348.4878  ANGLE   =      1014.5539  DIHED      =      1355.2537
 1-4 NB =       464.1533  1-4 EEL =      6369.2095  VDWAALS    =      5584.3487
 EELEC  =    -63338.2492  EHBOND  =         0.0000  RESTRAINT  =       159.7766
 EAMBER (non-restraint)  =    -48202.2424
 ------------------------------------------------------------------------------

wrapping first mol.:       20.88048       29.52946       51.14652
wrapping first mol.:       20.88048       29.52946       51.14652

 NSTEP =    25000   TIME(PS) =     490.000  TEMP(K) =   301.90  PRESS =     0.0
 Etot   =    -37835.4813  EKtot   =     10086.8408  EPtot      =    -47922.3221
 BOND   =       342.0555  ANGLE   =       974.7471  DIHED      =      1356.1344
 1-4 NB =       459.2327  1-4 EEL =      6343.9312  VDWAALS    =      5390.3689
 EELEC  =    -62942.4559  EHBOND  =         0.0000  RESTRAINT  =       153.6641
 EAMBER (non-restraint)  =    -48075.9862
 ------------------------------------------------------------------------------

wrapping first mol.:       20.88048       29.52946       51.14652
wrapping first mol.:       20.88048       29.52946       51.14652

 NSTEP =    25500   TIME(PS) =     491.000  TEMP(K) =   298.14  PRESS =     0.0
 Etot   =    -38051.7521  EKtot   =      9961.0205  EPtot      =    -48012.7726
 BOND   =       332.0092  ANGLE   =      1051.3981  DIHED      =      1361.3336
 1-4 NB =       443.3417  1-4 EEL =      6305.3880  VDWAALS    =      5332.8671
 EELEC  =    -63001.8644  EHBOND  =         0.0000  RESTRAINT  =       162.7541
 EAMBER (non-restraint)  =    -48175.5267
 ------------------------------------------------------------------------------

wrapping first mol.:       20.88048       29.52946       51.14652
wrapping first mol.:       20.88048       29.52946       51.14652

 NSTEP =    26000   TIME(PS) =     492.000  TEMP(K) =   300.45  PRESS =     0.0
 Etot   =    -38048.5252  EKtot   =     10038.1367  EPtot      =    -48086.6619
 BOND   =       344.7917  ANGLE   =      1008.7439  DIHED      =      1365.0484
 1-4 NB =       450.1319  1-4 EEL =      6323.6847  VDWAALS    =      5456.4115
 EELEC  =    -63197.9269  EHBOND  =         0.0000  RESTRAINT  =       162.4528
 EAMBER (non-restraint)  =    -48249.1147
 ------------------------------------------------------------------------------

wrapping first mol.:       20.88048       29.52946       51.14652
wrapping first mol.:       20.88048       29.52946       51.14652

 NSTEP =    26500   TIME(PS) =     493.000  TEMP(K) =   299.62  PRESS =     0.0
 Etot   =    -37896.0599  EKtot   =     10010.5195  EPtot      =    -47906.5794
 BOND   =       343.7774  ANGLE   =      1042.5128  DIHED      =      1349.7265
 1-4 NB =       466.0868  1-4 EEL =      6335.1294  VDWAALS    =      5374.0892
 EELEC  =    -62980.3880  EHBOND  =         0.0000  RESTRAINT  =       162.4863
 EAMBER (non-restraint)  =    -48069.0658
 ------------------------------------------------------------------------------

wrapping first mol.:       20.88048       29.52946       51.14652
wrapping first mol.:       20.88048       29.52946       51.14652

 NSTEP =    27000   TIME(PS) =     494.000  TEMP(K) =   302.11  PRESS =     0.0
 Etot   =    -38068.1481  EKtot   =     10093.5410  EPtot      =    -48161.6891
 BOND   =       325.3064  ANGLE   =      1022.1920  DIHED      =      1357.4629
 1-4 NB =       453.7915  1-4 EEL =      6348.9060  VDWAALS    =      5435.6318
 EELEC  =    -63279.2850  EHBOND  =         0.0000  RESTRAINT  =       174.3053
 EAMBER (non-restraint)  =    -48335.9944
 ------------------------------------------------------------------------------

wrapping first mol.:       20.88048       29.52946       51.14652
wrapping first mol.:       20.88048       29.52946       51.14652

 NSTEP =    27500   TIME(PS) =     495.000  TEMP(K) =   299.21  PRESS =     0.0
 Etot   =    -38144.3263  EKtot   =      9996.8691  EPtot      =    -48141.1955
 BOND   =       340.9574  ANGLE   =      1044.2689  DIHED      =      1359.8599
 1-4 NB =       450.9871  1-4 EEL =      6304.8036  VDWAALS    =      5354.9373
 EELEC  =    -63149.3653  EHBOND  =         0.0000  RESTRAINT  =       152.3558
 EAMBER (non-restraint)  =    -48293.5512
 ------------------------------------------------------------------------------

wrapping first mol.:       20.88048       29.52946       51.14652
wrapping first mol.:       20.88048       29.52946       51.14652

 NSTEP =    28000   TIME(PS) =     496.000  TEMP(K) =   299.57  PRESS =     0.0
 Etot   =    -38034.9628  EKtot   =     10008.6855  EPtot      =    -48043.6484
 BOND   =       327.6519  ANGLE   =      1045.9516  DIHED      =      1346.9902
 1-4 NB =       460.5317  1-4 EEL =      6296.6545  VDWAALS    =      5255.4725
 EELEC  =    -62940.5842  EHBOND  =         0.0000  RESTRAINT  =       163.6836
 EAMBER (non-restraint)  =    -48207.3319
 ------------------------------------------------------------------------------

wrapping first mol.:       20.88048       29.52946       51.14652
wrapping first mol.:       20.88048       29.52946       51.14652

 NSTEP =    28500   TIME(PS) =     497.000  TEMP(K) =   295.84  PRESS =     0.0
 Etot   =    -38262.2615  EKtot   =      9884.2246  EPtot      =    -48146.4861
 BOND   =       345.4926  ANGLE   =      1039.6556  DIHED      =      1356.1924
 1-4 NB =       450.4149  1-4 EEL =      6344.9720  VDWAALS    =      5466.9609
 EELEC  =    -63315.1147  EHBOND  =         0.0000  RESTRAINT  =       164.9402
 EAMBER (non-restraint)  =    -48311.4263
 ------------------------------------------------------------------------------

wrapping first mol.:       20.88048       29.52946       51.14652
wrapping first mol.:       20.88048       29.52946       51.14652

 NSTEP =    29000   TIME(PS) =     498.000  TEMP(K) =   306.32  PRESS =     0.0
 Etot   =    -37838.1790  EKtot   =     10234.4473  EPtot      =    -48072.6263
 BOND   =       347.7736  ANGLE   =      1035.7040  DIHED      =      1348.3994
 1-4 NB =       441.9169  1-4 EEL =      6315.3465  VDWAALS    =      5395.1507
 EELEC  =    -63116.6104  EHBOND  =         0.0000  RESTRAINT  =       159.6930
 EAMBER (non-restraint)  =    -48232.3193
 ------------------------------------------------------------------------------

wrapping first mol.:       20.88048       29.52946       51.14652
wrapping first mol.:       20.88048       29.52946       51.14652

 NSTEP =    29500   TIME(PS) =     499.000  TEMP(K) =   298.90  PRESS =     0.0
 Etot   =    -38205.6819  EKtot   =      9986.4932  EPtot      =    -48192.1751
 BOND   =       343.8267  ANGLE   =      1081.7621  DIHED      =      1351.1583
 1-4 NB =       459.7674  1-4 EEL =      6337.7280  VDWAALS    =      5285.7299
 EELEC  =    -63229.0145  EHBOND  =         0.0000  RESTRAINT  =       176.8670
 EAMBER (non-restraint)  =    -48369.0421
 ------------------------------------------------------------------------------

wrapping first mol.:       20.88048       29.52946       51.14652
wrapping first mol.:       20.88048       29.52946       51.14652

 NSTEP =    30000   TIME(PS) =     500.000  TEMP(K) =   299.73  PRESS =     0.0
 Etot   =    -38218.8239  EKtot   =     10014.2539  EPtot      =    -48233.0778
 BOND   =       320.3182  ANGLE   =       993.6465  DIHED      =      1347.1431
 1-4 NB =       460.6816  1-4 EEL =      6364.1602  VDWAALS    =      5319.8233
 EELEC  =    -63200.4867  EHBOND  =         0.0000  RESTRAINT  =       161.6360
 EAMBER (non-restraint)  =    -48394.7138
 ------------------------------------------------------------------------------

wrapping first mol.:       20.88048       29.52946       51.14652
wrapping first mol.:       20.88048       29.52946       51.14652

 NSTEP =    30500   TIME(PS) =     501.000  TEMP(K) =   301.53  PRESS =     0.0
 Etot   =    -37761.4731  EKtot   =     10074.4189  EPtot      =    -47835.8920
 BOND   =       338.7177  ANGLE   =      1038.4390  DIHED      =      1351.5813
 1-4 NB =       456.8362  1-4 EEL =      6339.3911  VDWAALS    =      5324.5310
 EELEC  =    -62846.7585  EHBOND  =         0.0000  RESTRAINT  =       161.3701
 EAMBER (non-restraint)  =    -47997.2622
 ------------------------------------------------------------------------------

wrapping first mol.:       20.88048       29.52946       51.14652
wrapping first mol.:       20.88048       29.52946       51.14652

 NSTEP =    31000   TIME(PS) =     502.000  TEMP(K) =   299.38  PRESS =     0.0
 Etot   =    -38030.7311  EKtot   =     10002.5010  EPtot      =    -48033.2320
 BOND   =       339.2182  ANGLE   =      1074.9863  DIHED      =      1343.2682
 1-4 NB =       454.3771  1-4 EEL =      6349.1251  VDWAALS    =      5218.6297
 EELEC  =    -62979.3453  EHBOND  =         0.0000  RESTRAINT  =       166.5086
 EAMBER (non-restraint)  =    -48199.7407
 ------------------------------------------------------------------------------

wrapping first mol.:       20.88048       29.52946       51.14652
wrapping first mol.:       20.88048       29.52946       51.14652

 NSTEP =    31500   TIME(PS) =     503.000  TEMP(K) =   299.03  PRESS =     0.0
 Etot   =    -38224.0203  EKtot   =      9990.8662  EPtot      =    -48214.8865
 BOND   =       339.3904  ANGLE   =      1044.9766  DIHED      =      1348.1869
 1-4 NB =       450.1758  1-4 EEL =      6328.9377  VDWAALS    =      5243.3730
 EELEC  =    -63129.8880  EHBOND  =         0.0000  RESTRAINT  =       159.9611
 EAMBER (non-restraint)  =    -48374.8476
 ------------------------------------------------------------------------------

wrapping first mol.:       20.88048       29.52946       51.14652
wrapping first mol.:       20.88048       29.52946       51.14652

 NSTEP =    32000   TIME(PS) =     504.000  TEMP(K) =   292.95  PRESS =     0.0
 Etot   =    -38311.9895  EKtot   =      9787.6895  EPtot      =    -48099.6789
 BOND   =       321.9678  ANGLE   =      1040.6425  DIHED      =      1364.6249
 1-4 NB =       442.8259  1-4 EEL =      6301.4313  VDWAALS    =      5369.5338
 EELEC  =    -63107.1834  EHBOND  =         0.0000  RESTRAINT  =       166.4784
 EAMBER (non-restraint)  =    -48266.1573
 ------------------------------------------------------------------------------

wrapping first mol.:       20.88048       29.52946       51.14652
wrapping first mol.:       20.88048       29.52946       51.14652

 NSTEP =    32500   TIME(PS) =     505.000  TEMP(K) =   297.80  PRESS =     0.0
 Etot   =    -38176.7433  EKtot   =      9949.8105  EPtot      =    -48126.5539
 BOND   =       345.5690  ANGLE   =      1009.3066  DIHED      =      1377.2613
 1-4 NB =       460.1375  1-4 EEL =      6359.2468  VDWAALS    =      5459.6503
 EELEC  =    -63292.8845  EHBOND  =         0.0000  RESTRAINT  =       155.1591
 EAMBER (non-restraint)  =    -48281.7130
 ------------------------------------------------------------------------------

wrapping first mol.:       20.88048       29.52946       51.14652
wrapping first mol.:       20.88048       29.52946       51.14652

 NSTEP =    33000   TIME(PS) =     506.000  TEMP(K) =   301.15  PRESS =     0.0
 Etot   =    -38061.8128  EKtot   =     10061.6807  EPtot      =    -48123.4935
 BOND   =       343.3870  ANGLE   =      1072.3998  DIHED      =      1382.2143
 1-4 NB =       455.7385  1-4 EEL =      6309.4233  VDWAALS    =      5633.9947
 EELEC  =    -63485.2769  EHBOND  =         0.0000  RESTRAINT  =       164.6259
 EAMBER (non-restraint)  =    -48288.1194
 ------------------------------------------------------------------------------

wrapping first mol.:       20.88048       29.52946       51.14652
wrapping first mol.:       20.88048       29.52946       51.14652

 NSTEP =    33500   TIME(PS) =     507.000  TEMP(K) =   299.25  PRESS =     0.0
 Etot   =    -38234.8557  EKtot   =      9998.0439  EPtot      =    -48232.8997
 BOND   =       327.9636  ANGLE   =      1039.7860  DIHED      =      1356.8357
 1-4 NB =       446.4906  1-4 EEL =      6292.5281  VDWAALS    =      5382.6820
 EELEC  =    -63241.1506  EHBOND  =         0.0000  RESTRAINT  =       161.9650
 EAMBER (non-restraint)  =    -48394.8646
 ------------------------------------------------------------------------------

wrapping first mol.:       20.88048       29.52946       51.14652
wrapping first mol.:       20.88048       29.52946       51.14652

 NSTEP =    34000   TIME(PS) =     508.000  TEMP(K) =   300.10  PRESS =     0.0
 Etot   =    -38046.3630  EKtot   =     10026.6738  EPtot      =    -48073.0368
 BOND   =       337.5904  ANGLE   =      1027.2019  DIHED      =      1358.9655
 1-4 NB =       449.8862  1-4 EEL =      6327.9603  VDWAALS    =      5245.7965
 EELEC  =    -62972.1425  EHBOND  =         0.0000  RESTRAINT  =       151.7049
 EAMBER (non-restraint)  =    -48224.7417
 ------------------------------------------------------------------------------

wrapping first mol.:       20.88048       29.52946       51.14652
wrapping first mol.:       20.88048       29.52946       51.14652

 NSTEP =    34500   TIME(PS) =     509.000  TEMP(K) =   297.46  PRESS =     0.0
 Etot   =    -38006.8040  EKtot   =      9938.3457  EPtot      =    -47945.1497
 BOND   =       355.3873  ANGLE   =      1046.8943  DIHED      =      1347.3542
 1-4 NB =       454.9481  1-4 EEL =      6325.1934  VDWAALS    =      5371.5293
 EELEC  =    -63016.0796  EHBOND  =         0.0000  RESTRAINT  =       169.6233
 EAMBER (non-restraint)  =    -48114.7729
 ------------------------------------------------------------------------------

wrapping first mol.:       20.88048       29.52946       51.14652
wrapping first mol.:       20.88048       29.52946       51.14652

 NSTEP =    35000   TIME(PS) =     510.000  TEMP(K) =   296.70  PRESS =     0.0
 Etot   =    -38039.8633  EKtot   =      9912.9629  EPtot      =    -47952.8262
 BOND   =       374.2962  ANGLE   =      1051.4238  DIHED      =      1393.0949
 1-4 NB =       455.9219  1-4 EEL =      6318.3093  VDWAALS    =      5286.0132
 EELEC  =    -62999.6560  EHBOND  =         0.0000  RESTRAINT  =       167.7706
 EAMBER (non-restraint)  =    -48120.5967
 ------------------------------------------------------------------------------

wrapping first mol.:       20.88048       29.52946       51.14652
wrapping first mol.:       20.88048       29.52946       51.14652

 NSTEP =    35500   TIME(PS) =     511.000  TEMP(K) =   296.73  PRESS =     0.0
 Etot   =    -38281.2718  EKtot   =      9914.0029  EPtot      =    -48195.2747
 BOND   =       325.1149  ANGLE   =      1039.0083  DIHED      =      1364.6649
 1-4 NB =       452.7715  1-4 EEL =      6357.3992  VDWAALS    =      5545.9737
 EELEC  =    -63440.3483  EHBOND  =         0.0000  RESTRAINT  =       160.1411
 EAMBER (non-restraint)  =    -48355.4158
 ------------------------------------------------------------------------------

wrapping first mol.:       20.88048       29.52946       51.14652
wrapping first mol.:       20.88048       29.52946       51.14652

 NSTEP =    36000   TIME(PS) =     512.000  TEMP(K) =   298.88  PRESS =     0.0
 Etot   =    -37916.4705  EKtot   =      9985.7598  EPtot      =    -47902.2303
 BOND   =       372.7779  ANGLE   =       992.5593  DIHED      =      1345.7594
 1-4 NB =       462.9360  1-4 EEL =      6340.3019  VDWAALS    =      5298.4694
 EELEC  =    -62880.0815  EHBOND  =         0.0000  RESTRAINT  =       165.0473
 EAMBER (non-restraint)  =    -48067.2776
 ------------------------------------------------------------------------------

wrapping first mol.:       20.88048       29.52946       51.14652
wrapping first mol.:       20.88048       29.52946       51.14652

 NSTEP =    36500   TIME(PS) =     513.000  TEMP(K) =   298.88  PRESS =     0.0
 Etot   =    -38052.0102  EKtot   =      9985.6582  EPtot      =    -48037.6684
 BOND   =       328.0326  ANGLE   =      1046.9453  DIHED      =      1366.1120
 1-4 NB =       462.4050  1-4 EEL =      6378.2592  VDWAALS    =      5319.7913
 EELEC  =    -63107.2340  EHBOND  =         0.0000  RESTRAINT  =       168.0203
 EAMBER (non-restraint)  =    -48205.6886
 ------------------------------------------------------------------------------

wrapping first mol.:       20.88048       29.52946       51.14652
wrapping first mol.:       20.88048       29.52946       51.14652

 NSTEP =    37000   TIME(PS) =     514.000  TEMP(K) =   297.76  PRESS =     0.0
 Etot   =    -38001.6665  EKtot   =      9948.1973  EPtot      =    -47949.8637
 BOND   =       328.6765  ANGLE   =      1039.8024  DIHED      =      1365.5693
 1-4 NB =       464.8039  1-4 EEL =      6332.7669  VDWAALS    =      5391.3159
 EELEC  =    -63033.1557  EHBOND  =         0.0000  RESTRAINT  =       160.3571
 EAMBER (non-restraint)  =    -48110.2208
 ------------------------------------------------------------------------------

wrapping first mol.:       20.88048       29.52946       51.14652
wrapping first mol.:       20.88048       29.52946       51.14652

 NSTEP =    37500   TIME(PS) =     515.000  TEMP(K) =   296.06  PRESS =     0.0
 Etot   =    -38148.8873  EKtot   =      9891.5195  EPtot      =    -48040.4068
 BOND   =       336.2289  ANGLE   =      1043.3841  DIHED      =      1353.0641
 1-4 NB =       447.6207  1-4 EEL =      6328.9063  VDWAALS    =      5449.5716
 EELEC  =    -63167.0200  EHBOND  =         0.0000  RESTRAINT  =       167.8374
 EAMBER (non-restraint)  =    -48208.2443
 ------------------------------------------------------------------------------

wrapping first mol.:       20.88048       29.52946       51.14652
wrapping first mol.:       20.88048       29.52946       51.14652

 NSTEP =    38000   TIME(PS) =     516.000  TEMP(K) =   298.38  PRESS =     0.0
 Etot   =    -38145.9840  EKtot   =      9969.0342  EPtot      =    -48115.0182
 BOND   =       345.0664  ANGLE   =      1005.9584  DIHED      =      1360.5707
 1-4 NB =       455.4966  1-4 EEL =      6335.2732  VDWAALS    =      5660.2211
 EELEC  =    -63452.5797  EHBOND  =         0.0000  RESTRAINT  =       174.9751
 EAMBER (non-restraint)  =    -48289.9932
 ------------------------------------------------------------------------------

wrapping first mol.:       20.88048       29.52946       51.14652
wrapping first mol.:       20.88048       29.52946       51.14652

 NSTEP =    38500   TIME(PS) =     517.000  TEMP(K) =   297.57  PRESS =     0.0
 Etot   =    -37989.4261  EKtot   =      9942.0117  EPtot      =    -47931.4379
 BOND   =       369.3898  ANGLE   =      1031.5007  DIHED      =      1338.9731
 1-4 NB =       449.5866  1-4 EEL =      6345.0898  VDWAALS    =      5329.7160
 EELEC  =    -62955.0502  EHBOND  =         0.0000  RESTRAINT  =       159.3563
 EAMBER (non-restraint)  =    -48090.7942
 ------------------------------------------------------------------------------

wrapping first mol.:       20.88048       29.52946       51.14652
wrapping first mol.:       20.88048       29.52946       51.14652

 NSTEP =    39000   TIME(PS) =     518.000  TEMP(K) =   302.19  PRESS =     0.0
 Etot   =    -37768.1730  EKtot   =     10096.2979  EPtot      =    -47864.4708
 BOND   =       368.9418  ANGLE   =      1065.4960  DIHED      =      1355.3823
 1-4 NB =       461.8704  1-4 EEL =      6325.2040  VDWAALS    =      5306.8508
 EELEC  =    -62918.3016  EHBOND  =         0.0000  RESTRAINT  =       170.0855
 EAMBER (non-restraint)  =    -48034.5564
 ------------------------------------------------------------------------------

wrapping first mol.:       20.88048       29.52946       51.14652
wrapping first mol.:       20.88048       29.52946       51.14652

 NSTEP =    39500   TIME(PS) =     519.000  TEMP(K) =   300.18  PRESS =     0.0
 Etot   =    -37918.1669  EKtot   =     10029.1885  EPtot      =    -47947.3554
 BOND   =       324.6172  ANGLE   =      1025.0647  DIHED      =      1336.6448
 1-4 NB =       450.3612  1-4 EEL =      6345.9774  VDWAALS    =      5196.0248
 EELEC  =    -62798.7298  EHBOND  =         0.0000  RESTRAINT  =       172.6843
 EAMBER (non-restraint)  =    -48120.0397
 ------------------------------------------------------------------------------

wrapping first mol.:       20.88048       29.52946       51.14652
wrapping first mol.:       20.88048       29.52946       51.14652

 NSTEP =    40000   TIME(PS) =     520.000  TEMP(K) =   303.35  PRESS =     0.0
 Etot   =    -37666.7770  EKtot   =     10134.9766  EPtot      =    -47801.7535
 BOND   =       322.5557  ANGLE   =      1052.0861  DIHED      =      1356.2118
 1-4 NB =       453.3485  1-4 EEL =      6294.4353  VDWAALS    =      5238.2509
 EELEC  =    -62668.7102  EHBOND  =         0.0000  RESTRAINT  =       150.0683
 EAMBER (non-restraint)  =    -47951.8219
 ------------------------------------------------------------------------------

wrapping first mol.:       20.88048       29.52946       51.14652
wrapping first mol.:       20.88048       29.52946       51.14652

 NSTEP =    40500   TIME(PS) =     521.000  TEMP(K) =   300.05  PRESS =     0.0
 Etot   =    -38033.5316  EKtot   =     10024.7588  EPtot      =    -48058.2904
 BOND   =       319.2630  ANGLE   =      1050.3588  DIHED      =      1348.3500
 1-4 NB =       454.3152  1-4 EEL =      6313.8901  VDWAALS    =      5234.6755
 EELEC  =    -62929.8124  EHBOND  =         0.0000  RESTRAINT  =       150.6694
 EAMBER (non-restraint)  =    -48208.9598
 ------------------------------------------------------------------------------

wrapping first mol.:       20.88048       29.52946       51.14652
wrapping first mol.:       20.88048       29.52946       51.14652

 NSTEP =    41000   TIME(PS) =     522.000  TEMP(K) =   302.96  PRESS =     0.0
 Etot   =    -37921.3231  EKtot   =     10121.9629  EPtot      =    -48043.2860
 BOND   =       358.9181  ANGLE   =      1033.7025  DIHED      =      1350.7245
 1-4 NB =       458.3939  1-4 EEL =      6319.5139  VDWAALS    =      5367.1664
 EELEC  =    -63099.2158  EHBOND  =         0.0000  RESTRAINT  =       167.5105
 EAMBER (non-restraint)  =    -48210.7966
 ------------------------------------------------------------------------------

wrapping first mol.:       20.88048       29.52946       51.14652
wrapping first mol.:       20.88048       29.52946       51.14652

 NSTEP =    41500   TIME(PS) =     523.000  TEMP(K) =   299.43  PRESS =     0.0
 Etot   =    -38045.6523  EKtot   =     10004.2617  EPtot      =    -48049.9140
 BOND   =       338.0661  ANGLE   =       989.0506  DIHED      =      1334.0381
 1-4 NB =       448.7658  1-4 EEL =      6314.1488  VDWAALS    =      5315.6191
 EELEC  =    -62948.8089  EHBOND  =         0.0000  RESTRAINT  =       159.2063
 EAMBER (non-restraint)  =    -48209.1204
 ------------------------------------------------------------------------------

wrapping first mol.:       20.88048       29.52946       51.14652
wrapping first mol.:       20.88048       29.52946       51.14652

 NSTEP =    42000   TIME(PS) =     524.000  TEMP(K) =   300.23  PRESS =     0.0
 Etot   =    -37989.9563  EKtot   =     10030.7920  EPtot      =    -48020.7483
 BOND   =       350.5657  ANGLE   =      1043.0178  DIHED      =      1364.0103
 1-4 NB =       454.1063  1-4 EEL =      6331.0537  VDWAALS    =      5393.7054
 EELEC  =    -63124.4357  EHBOND  =         0.0000  RESTRAINT  =       167.2284
 EAMBER (non-restraint)  =    -48187.9766
 ------------------------------------------------------------------------------

wrapping first mol.:       20.88048       29.52946       51.14652
wrapping first mol.:       20.88048       29.52946       51.14652

 NSTEP =    42500   TIME(PS) =     525.000  TEMP(K) =   300.30  PRESS =     0.0
 Etot   =    -38172.3924  EKtot   =     10033.3301  EPtot      =    -48205.7224
 BOND   =       340.2595  ANGLE   =      1036.3199  DIHED      =      1348.7299
 1-4 NB =       444.4230  1-4 EEL =      6324.9464  VDWAALS    =      5364.2507
 EELEC  =    -63231.0927  EHBOND  =         0.0000  RESTRAINT  =       166.4409
 EAMBER (non-restraint)  =    -48372.1633
 ------------------------------------------------------------------------------

wrapping first mol.:       20.88048       29.52946       51.14652
wrapping first mol.:       20.88048       29.52946       51.14652

 NSTEP =    43000   TIME(PS) =     526.000  TEMP(K) =   298.70  PRESS =     0.0
 Etot   =    -38152.4256  EKtot   =      9979.6758  EPtot      =    -48132.1014
 BOND   =       336.8449  ANGLE   =      1056.8477  DIHED      =      1345.9501
 1-4 NB =       456.7085  1-4 EEL =      6321.3295  VDWAALS    =      5433.3742
 EELEC  =    -63253.9572  EHBOND  =         0.0000  RESTRAINT  =       170.8010
 EAMBER (non-restraint)  =    -48302.9024
 ------------------------------------------------------------------------------

wrapping first mol.:       20.88048       29.52946       51.14652
wrapping first mol.:       20.88048       29.52946       51.14652

 NSTEP =    43500   TIME(PS) =     527.000  TEMP(K) =   299.48  PRESS =     0.0
 Etot   =    -38168.5626  EKtot   =     10005.9111  EPtot      =    -48174.4738
 BOND   =       321.3611  ANGLE   =      1073.5165  DIHED      =      1351.9176
 1-4 NB =       462.0847  1-4 EEL =      6330.1895  VDWAALS    =      5314.9831
 EELEC  =    -63193.4876  EHBOND  =         0.0000  RESTRAINT  =       164.9613
 EAMBER (non-restraint)  =    -48339.4350
 ------------------------------------------------------------------------------

wrapping first mol.:       20.88048       29.52946       51.14652
wrapping first mol.:       20.88048       29.52946       51.14652

 NSTEP =    44000   TIME(PS) =     528.000  TEMP(K) =   299.56  PRESS =     0.0
 Etot   =    -37929.6745  EKtot   =     10008.5430  EPtot      =    -47938.2175
 BOND   =       332.2539  ANGLE   =      1002.3948  DIHED      =      1336.7538
 1-4 NB =       462.1458  1-4 EEL =      6335.3130  VDWAALS    =      5563.4059
 EELEC  =    -63124.9760  EHBOND  =         0.0000  RESTRAINT  =       154.4913
 EAMBER (non-restraint)  =    -48092.7087
 ------------------------------------------------------------------------------

wrapping first mol.:       20.88048       29.52946       51.14652
wrapping first mol.:       20.88048       29.52946       51.14652

 NSTEP =    44500   TIME(PS) =     529.000  TEMP(K) =   302.40  PRESS =     0.0
 Etot   =    -37825.7663  EKtot   =     10103.4463  EPtot      =    -47929.2126
 BOND   =       363.8448  ANGLE   =      1070.8770  DIHED      =      1360.9202
 1-4 NB =       453.4261  1-4 EEL =      6348.3843  VDWAALS    =      5506.9475
 EELEC  =    -63191.5816  EHBOND  =         0.0000  RESTRAINT  =       157.9691
 EAMBER (non-restraint)  =    -48087.1817
 ------------------------------------------------------------------------------

wrapping first mol.:       20.88048       29.52946       51.14652
wrapping first mol.:       20.88048       29.52946       51.14652

 NSTEP =    45000   TIME(PS) =     530.000  TEMP(K) =   302.35  PRESS =     0.0
 Etot   =    -37977.9492  EKtot   =     10101.8770  EPtot      =    -48079.8261
 BOND   =       349.6670  ANGLE   =      1064.0055  DIHED      =      1343.1979
 1-4 NB =       452.8718  1-4 EEL =      6354.7204  VDWAALS    =      5434.3832
 EELEC  =    -63231.9432  EHBOND  =         0.0000  RESTRAINT  =       153.2713
 EAMBER (non-restraint)  =    -48233.0974
 ------------------------------------------------------------------------------

wrapping first mol.:       20.88048       29.52946       51.14652
wrapping first mol.:       20.88048       29.52946       51.14652

 NSTEP =    45500   TIME(PS) =     531.000  TEMP(K) =   300.64  PRESS =     0.0
 Etot   =    -37963.0823  EKtot   =     10044.4219  EPtot      =    -48007.5042
 BOND   =       343.8003  ANGLE   =      1025.1921  DIHED      =      1341.8193
 1-4 NB =       456.0826  1-4 EEL =      6307.0754  VDWAALS    =      5382.2007
 EELEC  =    -63041.6932  EHBOND  =         0.0000  RESTRAINT  =       178.0185
 EAMBER (non-restraint)  =    -48185.5227
 ------------------------------------------------------------------------------

wrapping first mol.:       20.88048       29.52946       51.14652
wrapping first mol.:       20.88048       29.52946       51.14652

 NSTEP =    46000   TIME(PS) =     532.000  TEMP(K) =   301.26  PRESS =     0.0
 Etot   =    -37929.9513  EKtot   =     10065.4131  EPtot      =    -47995.3644
 BOND   =       348.3445  ANGLE   =      1036.7395  DIHED      =      1367.0937
 1-4 NB =       447.4209  1-4 EEL =      6350.7373  VDWAALS    =      5403.9542
 EELEC  =    -63108.2647  EHBOND  =         0.0000  RESTRAINT  =       158.6103
 EAMBER (non-restraint)  =    -48153.9747
 ------------------------------------------------------------------------------

wrapping first mol.:       20.88048       29.52946       51.14652
wrapping first mol.:       20.88048       29.52946       51.14652

 NSTEP =    46500   TIME(PS) =     533.000  TEMP(K) =   302.57  PRESS =     0.0
 Etot   =    -37725.4044  EKtot   =     10109.0850  EPtot      =    -47834.4893
 BOND   =       322.0596  ANGLE   =       966.0816  DIHED      =      1360.6128
 1-4 NB =       470.8490  1-4 EEL =      6347.0796  VDWAALS    =      5286.8729
 EELEC  =    -62753.4129  EHBOND  =         0.0000  RESTRAINT  =       165.3680
 EAMBER (non-restraint)  =    -47999.8574
 ------------------------------------------------------------------------------

wrapping first mol.:       20.88048       29.52946       51.14652
wrapping first mol.:       20.88048       29.52946       51.14652

 NSTEP =    47000   TIME(PS) =     534.000  TEMP(K) =   301.63  PRESS =     0.0
 Etot   =    -37980.7234  EKtot   =     10077.7803  EPtot      =    -48058.5037
 BOND   =       350.9208  ANGLE   =       982.6929  DIHED      =      1343.3964
 1-4 NB =       454.7948  1-4 EEL =      6337.4937  VDWAALS    =      5328.7367
 EELEC  =    -63030.0551  EHBOND  =         0.0000  RESTRAINT  =       173.5162
 EAMBER (non-restraint)  =    -48232.0199
 ------------------------------------------------------------------------------

wrapping first mol.:       20.88048       29.52946       51.14652
wrapping first mol.:       20.88048       29.52946       51.14652

 NSTEP =    47500   TIME(PS) =     535.000  TEMP(K) =   302.00  PRESS =     0.0
 Etot   =    -38099.8949  EKtot   =     10090.1045  EPtot      =    -48189.9994
 BOND   =       323.2818  ANGLE   =      1039.8805  DIHED      =      1341.6537
 1-4 NB =       453.5365  1-4 EEL =      6325.6568  VDWAALS    =      5481.8201
 EELEC  =    -63312.4495  EHBOND  =         0.0000  RESTRAINT  =       156.6208
 EAMBER (non-restraint)  =    -48346.6202
 ------------------------------------------------------------------------------

wrapping first mol.:       20.88048       29.52946       51.14652
wrapping first mol.:       20.88048       29.52946       51.14652

 NSTEP =    48000   TIME(PS) =     536.000  TEMP(K) =   301.05  PRESS =     0.0
 Etot   =    -38108.2234  EKtot   =     10058.1436  EPtot      =    -48166.3670
 BOND   =       367.9993  ANGLE   =      1053.3427  DIHED      =      1354.3236
 1-4 NB =       439.3051  1-4 EEL =      6317.6560  VDWAALS    =      5470.9421
 EELEC  =    -63327.4268  EHBOND  =         0.0000  RESTRAINT  =       157.4910
 EAMBER (non-restraint)  =    -48323.8580
 ------------------------------------------------------------------------------

wrapping first mol.:       20.88048       29.52946       51.14652
wrapping first mol.:       20.88048       29.52946       51.14652

 NSTEP =    48500   TIME(PS) =     537.000  TEMP(K) =   297.41  PRESS =     0.0
 Etot   =    -37978.0246  EKtot   =      9936.8271  EPtot      =    -47914.8518
 BOND   =       343.1350  ANGLE   =      1022.8377  DIHED      =      1352.1563
 1-4 NB =       462.7099  1-4 EEL =      6323.2361  VDWAALS    =      5383.8281
 EELEC  =    -62964.8691  EHBOND  =         0.0000  RESTRAINT  =       162.1144
 EAMBER (non-restraint)  =    -48076.9661
 ------------------------------------------------------------------------------

wrapping first mol.:       20.88048       29.52946       51.14652
wrapping first mol.:       20.88048       29.52946       51.14652

 NSTEP =    49000   TIME(PS) =     538.000  TEMP(K) =   304.17  PRESS =     0.0
 Etot   =    -37964.7739  EKtot   =     10162.4092  EPtot      =    -48127.1831
 BOND   =       337.1289  ANGLE   =      1020.5304  DIHED      =      1331.5483
 1-4 NB =       454.6840  1-4 EEL =      6326.8027  VDWAALS    =      5407.1176
 EELEC  =    -63157.7818  EHBOND  =         0.0000  RESTRAINT  =       152.7868
 EAMBER (non-restraint)  =    -48279.9700
 ------------------------------------------------------------------------------

wrapping first mol.:       20.88048       29.52946       51.14652
wrapping first mol.:       20.88048       29.52946       51.14652

 NSTEP =    49500   TIME(PS) =     539.000  TEMP(K) =   301.45  PRESS =     0.0
 Etot   =    -37976.9012  EKtot   =     10071.5576  EPtot      =    -48048.4588
 BOND   =       359.0496  ANGLE   =      1036.6589  DIHED      =      1316.5264
 1-4 NB =       445.7480  1-4 EEL =      6318.9624  VDWAALS    =      5269.2479
 EELEC  =    -62964.9524  EHBOND  =         0.0000  RESTRAINT  =       170.3004
 EAMBER (non-restraint)  =    -48218.7592
 ------------------------------------------------------------------------------

wrapping first mol.:       20.88048       29.52946       51.14652
wrapping first mol.:       20.88048       29.52946       51.14652

 NSTEP =    50000   TIME(PS) =     540.000  TEMP(K) =   302.47  PRESS =     0.0
 Etot   =    -37773.5416  EKtot   =     10105.7402  EPtot      =    -47879.2818
 BOND   =       352.7239  ANGLE   =      1041.1622  DIHED      =      1350.5186
 1-4 NB =       455.2873  1-4 EEL =      6324.5198  VDWAALS    =      5373.5623
 EELEC  =    -62957.5886  EHBOND  =         0.0000  RESTRAINT  =       180.5327
 EAMBER (non-restraint)  =    -48059.8145
 ------------------------------------------------------------------------------


      A V E R A G E S   O V E R     100 S T E P S


 NSTEP =    50000   TIME(PS) =     540.000  TEMP(K) =   299.84  PRESS =     0.0
 Etot   =    -38018.6803  EKtot   =     10017.9683  EPtot      =    -48036.6485
 BOND   =       340.7267  ANGLE   =      1036.3102  DIHED      =      1351.5752
 1-4 NB =       454.6109  1-4 EEL =      6331.6603  VDWAALS    =      5381.4997
 EELEC  =    -63096.8981  EHBOND  =         0.0000  RESTRAINT  =       163.8666
 EAMBER (non-restraint)  =    -48200.5151
 ------------------------------------------------------------------------------


      R M S  F L U C T U A T I O N S


 NSTEP =    50000   TIME(PS) =     540.000  TEMP(K) =     2.41  PRESS =     0.0
 Etot   =       143.7248  EKtot   =        80.6763  EPtot      =       106.8153
 BOND   =        14.2119  ANGLE   =        24.1415  DIHED      =        12.3362
 1-4 NB =         7.7112  1-4 EEL =        17.9420  VDWAALS    =       108.7924
 EELEC  =       172.9748  EHBOND  =         0.0000  RESTRAINT  =         7.1656
 EAMBER (non-restraint)  =        99.6496
 ------------------------------------------------------------------------------

--------------------------------------------------------------------------------
   5.  TIMINGS
--------------------------------------------------------------------------------

|  NonSetup CPU Time in Major Routines:
|
|     Routine           Sec        %
|     ------------------------------
|     Nonbond          13.30   35.24
|     Bond              0.00    0.00
|     Angle             0.00    0.00
|     Dihedral          0.00    0.00
|     Shake             0.89    2.36
|     RunMD            23.44   62.11
|     Other             0.11    0.29
|     ------------------------------
|     Total            37.74

|  PME Nonbond Pairlist CPU Time:
|
|     Routine              Sec        %
|     ---------------------------------
|     Set Up Cit           0.00    0.00
|     Build List           0.00    0.00
|     ---------------------------------
|     Total                0.00    0.00

|  PME Direct Force CPU Time:
|
|     Routine              Sec        %
|     ---------------------------------
|     NonBonded Calc       0.00    0.00
|     Exclude Masked       0.00    0.00
|     Other                0.04    0.10
|     ---------------------------------
|     Total                0.04    0.10

|  PME Reciprocal Force CPU Time:
|
|     Routine              Sec        %
|     ---------------------------------
|     1D bspline           0.00    0.00
|     Grid Charges         0.00    0.00
|     Scalar Sum           0.00    0.00
|     Gradient Sum         0.00    0.00
|     FFT                  0.00    0.00
|     ---------------------------------
|     Total                0.00    0.00

|  Final Performance Info:
|     -----------------------------------------------------
|     Average timings for last   49500 steps:
|     Elapsed(s) =      37.32 Per Step(ms) =       0.75
|         ns/day =     229.18   seconds/ns =     376.99
|
|     Average timings for all steps:
|     Elapsed(s) =      37.73 Per Step(ms) =       0.75
|         ns/day =     228.99   seconds/ns =     377.30
|     -----------------------------------------------------

|  Setup CPU time:            2.30 seconds
|  NonSetup CPU time:        37.74 seconds
|  Total CPU time:           40.04 seconds     0.01 hours

|  Setup wall time:           3    seconds
|  NonSetup wall time:       38    seconds
|  Total wall time:          41    seconds     0.01 hours
