
          -------------------------------------------------------
          Amber 16 PMEMD                              2016
          -------------------------------------------------------

| PMEMD implementation of SANDER, Release 16

| Run on 11/17/2017 at 08:21:08

|   Executable path: /apps/amber16/bin/pmemd.cuda
| Working directory: /home/pbarletta
|          Hostname: mordor

  [-O]verwriting output

File Assignments:
|   MDIN: /scratch/pbarletta/cph_obp/run/eol/mhe/e/7equ.in                      
|  MDOUT: /scratch/pbarletta/cph_obp/run/eol/mhe/e/7equ.out                     
| INPCRD: /scratch/pbarletta/cph_obp/run/eol/mhe/e/6eeol.rst7                   
|   PARM: /scratch/pbarletta/cph_obp/top_files/eol.prmtop                       
| RESTRT: /scratch/pbarletta/cph_obp/run/eol/mhe/e/7eeol.rst7                   
|   REFC: /scratch/pbarletta/cph_obp/run/eol/mhe/e/6eeol.rst7                   
|  MDVEL: mdvel                                                                 
|   MDEN: mden                                                                  
|  MDCRD: /scratch/pbarletta/cph_obp/run/eol/mhe/e/7eeol.nc                     
| MDINFO: mdinfo                                                                
|  MDFRC: mdfrc                                                                 


 Here is the input file:

Equilibration with solute restrictions                                         
&cntrl                                                                         
imin = 0,                           ! No Minimization                          
nmropt = 0,                         ! No NMR restraints read                   
                                                                               
! Nature and format of the input                                               
ntx = 5,                            ! Coordinates but no velocities will be rea
irest = 1,                          ! Do not run a new simulation              
                                                                               
! Nature and format of the output                                              
ntxo = 1,                           ! rstrt file in ASCII format               
ntpr = 500,                         ! inf in output every ntpr steps           
ntwr = 500,                         ! rstrt file every ntwr steps              
ntwx = 500,                         ! mdcrd file every ntwx steps              
ntwv = 0,                           ! mdvel without velocities                 
ntwe = 0,                           ! Energies and temperatures not written in 
idecomp = 0,                        ! No energy decomposition                  
iwrap = 1,                          ! Coordinates of the restart and mdcrd file
                                                                               
! Frozen or restrained atoms                                                   
ibelly = 0,                         ! No frozen atoms                          
ntr=1,                              ! Harmonic potential restraints            
restraint_wt = 10.0,                ! The weight for the positional restraints 
restraintmask = ':1-120@N,CA,C,O',  ! restrained residues                      
                                                                               
! Molecular dynamics                                                           
nstlim = 50000,                     ! Number of MD-steps                       
dt = 0.002,                         ! Time step                                
                                                                               
! Temperature regulation                                                       
ntt = 3,                            ! Langevin thermostat                      
gamma_ln = 5,                       ! Gamma constant for Langevin              
temp0 = 300.0,                      ! Reference T at which the system is to be 
tempi = 300.0,                      ! Initial T                                
ig = -1,                            ! Seed for the RNG                         
                                                                               
! P and V regulation                                                           
ntp = 0,                            ! No pressure control                      
ntb = 1,                            ! Periodic box for constant V              
                                                                               
! SHAKE variables                                                              
ntc = 2,                            ! Bonds involving H are constrained        
ntf = 2,                            ! Bond interaction involving H are ommited.
                                                                               
cut = 10.0,                         ! Nonbonded cutoff                         
                                                                               
/                                                                              
&end                                                                           


Note: ig = -1. Setting random seed to     2062 based on wallclock time in 
      microseconds.
| irandom = 1, using AMBER's internal random number generator (default).
 
|--------------------- INFORMATION ----------------------
| GPU (CUDA) Version of PMEMD in use: NVIDIA GPU IN USE.
|                    Version 16.0.0
| 
|                      02/25/2016
| 
| Implementation by:
|                    Ross C. Walker     (SDSC)
|                    Scott Le Grand     (nVIDIA)
| 
| Precision model in use:
|      [SPFP] - Single Precision Forces, 64-bit Fixed Point
|               Accumulation. (Default)
| 
|--------------------------------------------------------
 
|----------------- CITATION INFORMATION -----------------
|
|    When publishing work that utilized the CUDA version
|    of AMBER, please cite the following in addition to
|    the regular AMBER citations:
|
|  - Romelia Salomon-Ferrer; Andreas W. Goetz; Duncan
|    Poole; Scott Le Grand; Ross C. Walker "Routine
|    microsecond molecular dynamics simulations with
|    AMBER - Part II: Particle Mesh Ewald", J. Chem.
|    Theory Comput., 2013, 9 (9), pp3878-3888,
|    DOI: 10.1021/ct400314y.
|
|  - Andreas W. Goetz; Mark J. Williamson; Dong Xu;
|    Duncan Poole; Scott Le Grand; Ross C. Walker
|    "Routine microsecond molecular dynamics simulations
|    with AMBER - Part I: Generalized Born", J. Chem.
|    Theory Comput., 2012, 8 (5), pp1542-1555.
|
|  - Scott Le Grand; Andreas W. Goetz; Ross C. Walker
|    "SPFP: Speed without compromise - a mixed precision
|    model for GPU accelerated molecular dynamics
|    simulations.", Comp. Phys. Comm., 2013, 184
|    pp374-380, DOI: 10.1016/j.cpc.2012.09.022
|
|--------------------------------------------------------
 
|------------------- GPU DEVICE INFO --------------------
|
|            CUDA_VISIBLE_DEVICES: 2
|   CUDA Capable Devices Detected:      1
|           CUDA Device ID in use:      0
|                CUDA Device Name: GeForce GTX 1080 Ti
|     CUDA Device Global Mem Size:  11172 MB
| CUDA Device Num Multiprocessors:     28
|           CUDA Device Core Freq:   1.58 GHz
|
|--------------------------------------------------------
 
 
| Conditional Compilation Defines Used:
| PUBFFT
| BINTRAJ
| CUDA
| EMIL

| Largest sphere to fit in unit cell has radius =    25.573

| New format PARM file being parsed.
| Version =    1.000 Date = 11/14/17 Time = 21:40:14

| Note: 1-4 EEL scale factors are being read from the topology file.

| Note: 1-4 VDW scale factors are being read from the topology file.
| Duplicated    0 dihedrals

| Duplicated    0 dihedrals

--------------------------------------------------------------------------------
   1.  RESOURCE   USE: 
--------------------------------------------------------------------------------

 getting new box info from bottom of inpcrd
 NATOM  =   16335 NTYPES =      18 NBONH =   15379 MBONA  =     963
 NTHETH =    2359 MTHETA =    1293 NPHIH =    4500 MPHIA  =    3265
 NHPARM =       0 NPARM  =       0 NNB   =   30156 NRES   =    4896
 NBONA  =     963 NTHETA =    1293 NPHIA =    3265 NUMBND =      51
 NUMANG =     105 NPTRA  =      41 NATYP =      35 NPHB   =       1
 IFBOX  =       2 NMXRS  =      24 IFCAP =       0 NEXTRA =       0
 NCOPY  =       0

| Coordinate Index Table dimensions:    10   10   10
| Direct force subcell size =     6.2641    6.2641    6.2641

     BOX TYPE: TRUNCATED OCTAHEDRON

--------------------------------------------------------------------------------
   2.  CONTROL  DATA  FOR  THE  RUN
--------------------------------------------------------------------------------

default_name                                                                    

General flags:
     imin    =       0, nmropt  =       0

Nature and format of input:
     ntx     =       5, irest   =       1, ntrx    =       1

Nature and format of output:
     ntxo    =       1, ntpr    =     500, ntrx    =       1, ntwr    =     500
     iwrap   =       1, ntwx    =     500, ntwv    =       0, ntwe    =       0
     ioutfm  =       1, ntwprt  =       0, idecomp =       0, rbornstat=      0

Potential function:
     ntf     =       2, ntb     =       1, igb     =       0, nsnb    =      25
     ipol    =       0, gbsa    =       0, iesp    =       0
     dielc   =   1.00000, cut     =  10.00000, intdiel =   1.00000

Frozen or restrained atoms:
     ibelly  =       0, ntr     =       1
     restraint_wt =  10.00000

Molecular dynamics:
     nstlim  =     50000, nscm    =         0, nrespa  =         1
     t       =   0.00000, dt      =   0.00200, vlimit  =  -1.00000

Langevin dynamics temperature regulation:
     ig      =    2062
     temp0   = 300.00000, tempi   = 300.00000, gamma_ln=   5.00000

SHAKE:
     ntc     =       2, jfastw  =       0
     tol     =   0.00001

| Intermolecular bonds treatment:
|     no_intermolecular_bonds =       1

| Energy averages sample interval:
|     ene_avg_sampling =     500

Ewald parameters:
     verbose =       0, ew_type =       0, nbflag  =       1, use_pme =       1
     vdwmeth =       1, eedmeth =       1, netfrc  =       1
     Box X =   62.641   Box Y =   62.641   Box Z =   62.641
     Alpha =  109.471   Beta  =  109.471   Gamma =  109.471
     NFFT1 =   64       NFFT2 =   64       NFFT3 =   64
     Cutoff=   10.000   Tol   =0.100E-04
     Ewald Coefficient =  0.27511
     Interpolation order =    4

    LOADING THE CONSTRAINED ATOMS AS GROUPS


   5.  REFERENCE ATOM COORDINATES

  default_name                                                                    
     Mask :1-120@N,CA,C,O; matches   476 atoms

--------------------------------------------------------------------------------
   3.  ATOMIC COORDINATES AND VELOCITIES
--------------------------------------------------------------------------------

default_name                                                                    
 begin time read from input coords =   740.000 ps

 
 Number of triangulated 3-point waters found:     4775

     Sum of charges from parm topology file =  -0.00000006
     Forcing neutrality...

| Dynamic Memory, Types Used:
| Reals              619308
| Integers           586628

| Nonbonded Pairs Initial Allocation:     4940929

| GPU memory information (estimate):
| KB of GPU memory in use:    123232
| KB of CPU memory in use:     26926

--------------------------------------------------------------------------------
   4.  RESULTS
--------------------------------------------------------------------------------

 ---------------------------------------------------
 APPROXIMATING switch and d/dx switch using CUBIC SPLINE INTERPOLATION
 using   5000.0 points per unit in tabled values
 TESTING RELATIVE ERROR over r ranging from 0.0 to cutoff
| CHECK switch(x): max rel err =   0.2738E-14   at   2.422500
| CHECK d/dx switch(x): max rel err =   0.8314E-11   at   2.736960
 ---------------------------------------------------
|---------------------------------------------------
| APPROXIMATING direct energy using CUBIC SPLINE INTERPOLATION
|  with   50.0 points per unit in tabled values
| Relative Error Limit not exceeded for r .gt.   2.33
| APPROXIMATING direct force using CUBIC SPLINE INTERPOLATION
|  with   50.0 points per unit in tabled values
| Relative Error Limit not exceeded for r .gt.   2.80
|---------------------------------------------------
wrapping first mol.:       20.88048       29.52946       51.14652
wrapping first mol.:       20.88048       29.52946       51.14652

 NSTEP =      500   TIME(PS) =     741.000  TEMP(K) =   299.31  PRESS =     0.0
 Etot   =    -38109.6374  EKtot   =     10000.2861  EPtot      =    -48109.9236
 BOND   =       342.5800  ANGLE   =      1049.6940  DIHED      =      1326.8156
 1-4 NB =       447.7941  1-4 EEL =      6351.0913  VDWAALS    =      5343.1336
 EELEC  =    -63079.8372  EHBOND  =         0.0000  RESTRAINT  =       108.8050
 EAMBER (non-restraint)  =    -48218.7285
 ------------------------------------------------------------------------------

wrapping first mol.:       20.88048       29.52946       51.14652
wrapping first mol.:       20.88048       29.52946       51.14652

 NSTEP =     1000   TIME(PS) =     742.000  TEMP(K) =   297.02  PRESS =     0.0
 Etot   =    -38360.3639  EKtot   =      9923.6367  EPtot      =    -48284.0006
 BOND   =       357.4252  ANGLE   =      1058.8764  DIHED      =      1348.0119
 1-4 NB =       449.9425  1-4 EEL =      6310.6474  VDWAALS    =      5504.1586
 EELEC  =    -63440.9863  EHBOND  =         0.0000  RESTRAINT  =       127.9237
 EAMBER (non-restraint)  =    -48411.9244
 ------------------------------------------------------------------------------

wrapping first mol.:       20.88048       29.52946       51.14652
wrapping first mol.:       20.88048       29.52946       51.14652

 NSTEP =     1500   TIME(PS) =     743.000  TEMP(K) =   297.14  PRESS =     0.0
 Etot   =    -38248.3941  EKtot   =      9927.5508  EPtot      =    -48175.9449
 BOND   =       325.1689  ANGLE   =      1045.9873  DIHED      =      1356.4760
 1-4 NB =       453.8762  1-4 EEL =      6308.2161  VDWAALS    =      5211.9395
 EELEC  =    -62991.7150  EHBOND  =         0.0000  RESTRAINT  =       114.1061
 EAMBER (non-restraint)  =    -48290.0510
 ------------------------------------------------------------------------------

wrapping first mol.:       20.88048       29.52946       51.14652
wrapping first mol.:       20.88048       29.52946       51.14652

 NSTEP =     2000   TIME(PS) =     744.000  TEMP(K) =   303.41  PRESS =     0.0
 Etot   =    -37822.0670  EKtot   =     10137.1182  EPtot      =    -47959.1852
 BOND   =       386.7318  ANGLE   =      1052.5478  DIHED      =      1361.8905
 1-4 NB =       440.9421  1-4 EEL =      6324.8908  VDWAALS    =      5465.1682
 EELEC  =    -63102.9605  EHBOND  =         0.0000  RESTRAINT  =       111.6041
 EAMBER (non-restraint)  =    -48070.7893
 ------------------------------------------------------------------------------

wrapping first mol.:       20.88048       29.52946       51.14652
wrapping first mol.:       20.88048       29.52946       51.14652

 NSTEP =     2500   TIME(PS) =     745.000  TEMP(K) =   296.08  PRESS =     0.0
 Etot   =    -38081.7996  EKtot   =      9892.2432  EPtot      =    -47974.0428
 BOND   =       353.1228  ANGLE   =      1073.0585  DIHED      =      1369.2772
 1-4 NB =       451.6089  1-4 EEL =      6325.1175  VDWAALS    =      5265.7487
 EELEC  =    -62921.3419  EHBOND  =         0.0000  RESTRAINT  =       109.3655
 EAMBER (non-restraint)  =    -48083.4083
 ------------------------------------------------------------------------------

wrapping first mol.:       20.88048       29.52946       51.14652
wrapping first mol.:       20.88048       29.52946       51.14652

 NSTEP =     3000   TIME(PS) =     746.000  TEMP(K) =   300.86  PRESS =     0.0
 Etot   =    -38036.0340  EKtot   =     10052.0352  EPtot      =    -48088.0691
 BOND   =       350.6553  ANGLE   =      1038.9725  DIHED      =      1374.7825
 1-4 NB =       444.8181  1-4 EEL =      6298.7628  VDWAALS    =      5386.2988
 EELEC  =    -63087.4928  EHBOND  =         0.0000  RESTRAINT  =       105.1336
 EAMBER (non-restraint)  =    -48193.2027
 ------------------------------------------------------------------------------

wrapping first mol.:       20.88048       29.52946       51.14652
wrapping first mol.:       20.88048       29.52946       51.14652

 NSTEP =     3500   TIME(PS) =     747.000  TEMP(K) =   298.23  PRESS =     0.0
 Etot   =    -38293.1671  EKtot   =      9964.0049  EPtot      =    -48257.1720
 BOND   =       333.8804  ANGLE   =      1062.7858  DIHED      =      1353.9568
 1-4 NB =       467.7932  1-4 EEL =      6343.3446  VDWAALS    =      5575.9119
 EELEC  =    -63514.2163  EHBOND  =         0.0000  RESTRAINT  =       119.3717
 EAMBER (non-restraint)  =    -48376.5437
 ------------------------------------------------------------------------------

wrapping first mol.:       20.88048       29.52946       51.14652
wrapping first mol.:       20.88048       29.52946       51.14652

 NSTEP =     4000   TIME(PS) =     748.000  TEMP(K) =   302.39  PRESS =     0.0
 Etot   =    -38076.4076  EKtot   =     10102.9014  EPtot      =    -48179.3089
 BOND   =       367.7623  ANGLE   =      1044.3344  DIHED      =      1332.4826
 1-4 NB =       456.4112  1-4 EEL =      6342.4660  VDWAALS    =      5601.0958
 EELEC  =    -63431.7131  EHBOND  =         0.0000  RESTRAINT  =       107.8518
 EAMBER (non-restraint)  =    -48287.1607
 ------------------------------------------------------------------------------

wrapping first mol.:       20.88048       29.52946       51.14652
wrapping first mol.:       20.88048       29.52946       51.14652

 NSTEP =     4500   TIME(PS) =     749.000  TEMP(K) =   298.60  PRESS =     0.0
 Etot   =    -38264.0769  EKtot   =      9976.3799  EPtot      =    -48240.4568
 BOND   =       364.0339  ANGLE   =      1047.7972  DIHED      =      1336.3346
 1-4 NB =       457.0618  1-4 EEL =      6317.9059  VDWAALS    =      5439.0568
 EELEC  =    -63318.4001  EHBOND  =         0.0000  RESTRAINT  =       115.7531
 EAMBER (non-restraint)  =    -48356.2098
 ------------------------------------------------------------------------------

wrapping first mol.:       20.88048       29.52946       51.14652
wrapping first mol.:       20.88048       29.52946       51.14652

 NSTEP =     5000   TIME(PS) =     750.000  TEMP(K) =   302.22  PRESS =     0.0
 Etot   =    -38139.5714  EKtot   =     10097.3975  EPtot      =    -48236.9689
 BOND   =       330.9647  ANGLE   =      1044.3887  DIHED      =      1355.4629
 1-4 NB =       456.3353  1-4 EEL =      6341.2930  VDWAALS    =      5270.7219
 EELEC  =    -63146.0244  EHBOND  =         0.0000  RESTRAINT  =       109.8890
 EAMBER (non-restraint)  =    -48346.8579
 ------------------------------------------------------------------------------

wrapping first mol.:       20.88048       29.52946       51.14652
wrapping first mol.:       20.88048       29.52946       51.14652

 NSTEP =     5500   TIME(PS) =     751.000  TEMP(K) =   297.81  PRESS =     0.0
 Etot   =    -37992.2523  EKtot   =      9949.9346  EPtot      =    -47942.1869
 BOND   =       345.6632  ANGLE   =      1029.3534  DIHED      =      1364.9364
 1-4 NB =       458.0679  1-4 EEL =      6313.6177  VDWAALS    =      5476.1230
 EELEC  =    -63045.5853  EHBOND  =         0.0000  RESTRAINT  =       115.6368
 EAMBER (non-restraint)  =    -48057.8237
 ------------------------------------------------------------------------------

wrapping first mol.:       20.88048       29.52946       51.14652
wrapping first mol.:       20.88048       29.52946       51.14652

 NSTEP =     6000   TIME(PS) =     752.000  TEMP(K) =   299.83  PRESS =     0.0
 Etot   =    -38039.2057  EKtot   =     10017.4824  EPtot      =    -48056.6881
 BOND   =       352.3458  ANGLE   =      1063.6340  DIHED      =      1375.9377
 1-4 NB =       453.0025  1-4 EEL =      6303.7525  VDWAALS    =      5245.4383
 EELEC  =    -62956.8399  EHBOND  =         0.0000  RESTRAINT  =       106.0409
 EAMBER (non-restraint)  =    -48162.7291
 ------------------------------------------------------------------------------

wrapping first mol.:       20.88048       29.52946       51.14652
wrapping first mol.:       20.88048       29.52946       51.14652

 NSTEP =     6500   TIME(PS) =     753.000  TEMP(K) =   304.37  PRESS =     0.0
 Etot   =    -37825.2562  EKtot   =     10169.1553  EPtot      =    -47994.4115
 BOND   =       380.6424  ANGLE   =      1057.9611  DIHED      =      1341.5212
 1-4 NB =       453.2737  1-4 EEL =      6312.9705  VDWAALS    =      5329.8729
 EELEC  =    -62991.1162  EHBOND  =         0.0000  RESTRAINT  =       120.4630
 EAMBER (non-restraint)  =    -48114.8744
 ------------------------------------------------------------------------------

wrapping first mol.:       20.88048       29.52946       51.14652
wrapping first mol.:       20.88048       29.52946       51.14652

 NSTEP =     7000   TIME(PS) =     754.000  TEMP(K) =   299.44  PRESS =     0.0
 Etot   =    -38086.3127  EKtot   =     10004.4531  EPtot      =    -48090.7659
 BOND   =       316.5065  ANGLE   =      1060.7901  DIHED      =      1350.5974
 1-4 NB =       455.3907  1-4 EEL =      6319.7610  VDWAALS    =      5337.4010
 EELEC  =    -63055.9793  EHBOND  =         0.0000  RESTRAINT  =       124.7669
 EAMBER (non-restraint)  =    -48215.5327
 ------------------------------------------------------------------------------

wrapping first mol.:       20.88048       29.52946       51.14652
wrapping first mol.:       20.88048       29.52946       51.14652

 NSTEP =     7500   TIME(PS) =     755.000  TEMP(K) =   298.71  PRESS =     0.0
 Etot   =    -38084.8872  EKtot   =      9980.1240  EPtot      =    -48065.0113
 BOND   =       361.7251  ANGLE   =      1060.8246  DIHED      =      1368.0969
 1-4 NB =       446.7640  1-4 EEL =      6320.5162  VDWAALS    =      5422.4573
 EELEC  =    -63166.2522  EHBOND  =         0.0000  RESTRAINT  =       120.8569
 EAMBER (non-restraint)  =    -48185.8682
 ------------------------------------------------------------------------------

wrapping first mol.:       20.88048       29.52946       51.14652
wrapping first mol.:       20.88048       29.52946       51.14652

 NSTEP =     8000   TIME(PS) =     756.000  TEMP(K) =   299.79  PRESS =     0.0
 Etot   =    -38248.9041  EKtot   =     10016.1592  EPtot      =    -48265.0633
 BOND   =       355.4913  ANGLE   =      1070.4701  DIHED      =      1368.8081
 1-4 NB =       447.7385  1-4 EEL =      6331.8965  VDWAALS    =      5480.0145
 EELEC  =    -63425.3084  EHBOND  =         0.0000  RESTRAINT  =       105.8261
 EAMBER (non-restraint)  =    -48370.8893
 ------------------------------------------------------------------------------

wrapping first mol.:       20.88048       29.52946       51.14652
wrapping first mol.:       20.88048       29.52946       51.14652

 NSTEP =     8500   TIME(PS) =     757.000  TEMP(K) =   301.24  PRESS =     0.0
 Etot   =    -38284.3854  EKtot   =     10064.5986  EPtot      =    -48348.9840
 BOND   =       369.4223  ANGLE   =      1049.5512  DIHED      =      1357.6450
 1-4 NB =       456.9244  1-4 EEL =      6330.9225  VDWAALS    =      5455.2804
 EELEC  =    -63471.5900  EHBOND  =         0.0000  RESTRAINT  =       102.8601
 EAMBER (non-restraint)  =    -48451.8441
 ------------------------------------------------------------------------------

wrapping first mol.:       20.88048       29.52946       51.14652
wrapping first mol.:       20.88048       29.52946       51.14652

 NSTEP =     9000   TIME(PS) =     758.000  TEMP(K) =   294.36  PRESS =     0.0
 Etot   =    -38366.3091  EKtot   =      9834.5996  EPtot      =    -48200.9088
 BOND   =       344.7587  ANGLE   =      1052.4983  DIHED      =      1343.0956
 1-4 NB =       453.5304  1-4 EEL =      6348.6322  VDWAALS    =      5325.6120
 EELEC  =    -63189.7271  EHBOND  =         0.0000  RESTRAINT  =       120.6911
 EAMBER (non-restraint)  =    -48321.5999
 ------------------------------------------------------------------------------

wrapping first mol.:       20.88048       29.52946       51.14652
wrapping first mol.:       20.88048       29.52946       51.14652

 NSTEP =     9500   TIME(PS) =     759.000  TEMP(K) =   302.34  PRESS =     0.0
 Etot   =    -38016.3996  EKtot   =     10101.3740  EPtot      =    -48117.7736
 BOND   =       318.4359  ANGLE   =      1010.2239  DIHED      =      1349.5527
 1-4 NB =       460.3544  1-4 EEL =      6310.3281  VDWAALS    =      5589.2254
 EELEC  =    -63265.9848  EHBOND  =         0.0000  RESTRAINT  =       110.0909
 EAMBER (non-restraint)  =    -48227.8645
 ------------------------------------------------------------------------------

wrapping first mol.:       20.88048       29.52946       51.14652
wrapping first mol.:       20.88048       29.52946       51.14652

 NSTEP =    10000   TIME(PS) =     760.000  TEMP(K) =   299.17  PRESS =     0.0
 Etot   =    -37991.9065  EKtot   =      9995.4600  EPtot      =    -47987.3664
 BOND   =       336.7179  ANGLE   =      1075.1252  DIHED      =      1340.1009
 1-4 NB =       460.0076  1-4 EEL =      6325.5268  VDWAALS    =      5450.9996
 EELEC  =    -63104.1223  EHBOND  =         0.0000  RESTRAINT  =       128.2778
 EAMBER (non-restraint)  =    -48115.6442
 ------------------------------------------------------------------------------

wrapping first mol.:       20.88048       29.52946       51.14652
wrapping first mol.:       20.88048       29.52946       51.14652

 NSTEP =    10500   TIME(PS) =     761.000  TEMP(K) =   300.17  PRESS =     0.0
 Etot   =    -38244.3710  EKtot   =     10028.8486  EPtot      =    -48273.2196
 BOND   =       329.2946  ANGLE   =      1062.4952  DIHED      =      1334.5525
 1-4 NB =       450.7248  1-4 EEL =      6324.5445  VDWAALS    =      5483.4042
 EELEC  =    -63375.4382  EHBOND  =         0.0000  RESTRAINT  =       117.2027
 EAMBER (non-restraint)  =    -48390.4223
 ------------------------------------------------------------------------------

wrapping first mol.:       20.88048       29.52946       51.14652
wrapping first mol.:       20.88048       29.52946       51.14652

 NSTEP =    11000   TIME(PS) =     762.000  TEMP(K) =   300.37  PRESS =     0.0
 Etot   =    -38245.4309  EKtot   =     10035.4072  EPtot      =    -48280.8381
 BOND   =       361.8742  ANGLE   =      1007.1325  DIHED      =      1345.9540
 1-4 NB =       442.5575  1-4 EEL =      6310.4535  VDWAALS    =      5435.1216
 EELEC  =    -63281.7832  EHBOND  =         0.0000  RESTRAINT  =        97.8518
 EAMBER (non-restraint)  =    -48378.6899
 ------------------------------------------------------------------------------

wrapping first mol.:       20.88048       29.52946       51.14652
wrapping first mol.:       20.88048       29.52946       51.14652

 NSTEP =    11500   TIME(PS) =     763.000  TEMP(K) =   300.02  PRESS =     0.0
 Etot   =    -38009.8006  EKtot   =     10023.7734  EPtot      =    -48033.5740
 BOND   =       363.3195  ANGLE   =      1050.9306  DIHED      =      1364.9818
 1-4 NB =       444.4906  1-4 EEL =      6310.8867  VDWAALS    =      5423.5567
 EELEC  =    -63111.0489  EHBOND  =         0.0000  RESTRAINT  =       119.3090
 EAMBER (non-restraint)  =    -48152.8830
 ------------------------------------------------------------------------------

wrapping first mol.:       20.88048       29.52946       51.14652
wrapping first mol.:       20.88048       29.52946       51.14652

 NSTEP =    12000   TIME(PS) =     764.000  TEMP(K) =   299.25  PRESS =     0.0
 Etot   =    -38311.3043  EKtot   =      9998.0439  EPtot      =    -48309.3482
 BOND   =       318.7611  ANGLE   =      1006.0786  DIHED      =      1369.2325
 1-4 NB =       454.8512  1-4 EEL =      6330.1884  VDWAALS    =      5244.4960
 EELEC  =    -63148.2563  EHBOND  =         0.0000  RESTRAINT  =       115.3003
 EAMBER (non-restraint)  =    -48424.6485
 ------------------------------------------------------------------------------

wrapping first mol.:       20.88048       29.52946       51.14652
wrapping first mol.:       20.88048       29.52946       51.14652

 NSTEP =    12500   TIME(PS) =     765.000  TEMP(K) =   301.14  PRESS =     0.0
 Etot   =    -38111.9234  EKtot   =     10061.2725  EPtot      =    -48173.1958
 BOND   =       339.4868  ANGLE   =      1016.0812  DIHED      =      1349.4411
 1-4 NB =       459.9370  1-4 EEL =      6342.4380  VDWAALS    =      5437.5198
 EELEC  =    -63210.7246  EHBOND  =         0.0000  RESTRAINT  =        92.6250
 EAMBER (non-restraint)  =    -48265.8208
 ------------------------------------------------------------------------------

wrapping first mol.:       20.88048       29.52946       51.14652
wrapping first mol.:       20.88048       29.52946       51.14652

 NSTEP =    13000   TIME(PS) =     766.000  TEMP(K) =   296.89  PRESS =     0.0
 Etot   =    -38283.0365  EKtot   =      9919.2246  EPtot      =    -48202.2611
 BOND   =       338.2982  ANGLE   =      1018.1096  DIHED      =      1338.5651
 1-4 NB =       459.5039  1-4 EEL =      6363.9894  VDWAALS    =      5249.9702
 EELEC  =    -63080.7548  EHBOND  =         0.0000  RESTRAINT  =       110.0573
 EAMBER (non-restraint)  =    -48312.3185
 ------------------------------------------------------------------------------

wrapping first mol.:       20.88048       29.52946       51.14652
wrapping first mol.:       20.88048       29.52946       51.14652

 NSTEP =    13500   TIME(PS) =     767.000  TEMP(K) =   300.46  PRESS =     0.0
 Etot   =    -38128.9183  EKtot   =     10038.5830  EPtot      =    -48167.5013
 BOND   =       347.3233  ANGLE   =      1057.2787  DIHED      =      1366.4479
 1-4 NB =       445.5856  1-4 EEL =      6293.7519  VDWAALS    =      5371.6552
 EELEC  =    -63145.1578  EHBOND  =         0.0000  RESTRAINT  =        95.6139
 EAMBER (non-restraint)  =    -48263.1152
 ------------------------------------------------------------------------------

wrapping first mol.:       20.88048       29.52946       51.14652
wrapping first mol.:       20.88048       29.52946       51.14652

 NSTEP =    14000   TIME(PS) =     768.000  TEMP(K) =   298.98  PRESS =     0.0
 Etot   =    -38039.3146  EKtot   =      9989.1182  EPtot      =    -48028.4328
 BOND   =       336.6936  ANGLE   =      1084.8099  DIHED      =      1362.3398
 1-4 NB =       460.3157  1-4 EEL =      6332.7700  VDWAALS    =      5260.3108
 EELEC  =    -62976.7144  EHBOND  =         0.0000  RESTRAINT  =       111.0417
 EAMBER (non-restraint)  =    -48139.4745
 ------------------------------------------------------------------------------

wrapping first mol.:       20.88048       29.52946       51.14652
wrapping first mol.:       20.88048       29.52946       51.14652

 NSTEP =    14500   TIME(PS) =     769.000  TEMP(K) =   300.01  PRESS =     0.0
 Etot   =    -38025.7604  EKtot   =     10023.6582  EPtot      =    -48049.4186
 BOND   =       346.5607  ANGLE   =      1048.0420  DIHED      =      1359.7078
 1-4 NB =       469.4263  1-4 EEL =      6345.6794  VDWAALS    =      5207.4511
 EELEC  =    -62930.9397  EHBOND  =         0.0000  RESTRAINT  =       104.6538
 EAMBER (non-restraint)  =    -48154.0724
 ------------------------------------------------------------------------------

wrapping first mol.:       20.88048       29.52946       51.14652
wrapping first mol.:       20.88048       29.52946       51.14652

 NSTEP =    15000   TIME(PS) =     770.000  TEMP(K) =   300.90  PRESS =     0.0
 Etot   =    -38009.4824  EKtot   =     10053.2666  EPtot      =    -48062.7490
 BOND   =       315.2071  ANGLE   =      1040.5798  DIHED      =      1380.7812
 1-4 NB =       463.3662  1-4 EEL =      6294.3835  VDWAALS    =      5345.4827
 EELEC  =    -63023.9260  EHBOND  =         0.0000  RESTRAINT  =       121.3764
 EAMBER (non-restraint)  =    -48184.1255
 ------------------------------------------------------------------------------

wrapping first mol.:       20.88048       29.52946       51.14652
wrapping first mol.:       20.88048       29.52946       51.14652

 NSTEP =    15500   TIME(PS) =     771.000  TEMP(K) =   301.39  PRESS =     0.0
 Etot   =    -38213.4249  EKtot   =     10069.6025  EPtot      =    -48283.0274
 BOND   =       360.0403  ANGLE   =      1048.4816  DIHED      =      1353.0244
 1-4 NB =       459.9905  1-4 EEL =      6322.6719  VDWAALS    =      5500.6212
 EELEC  =    -63431.2780  EHBOND  =         0.0000  RESTRAINT  =       103.4207
 EAMBER (non-restraint)  =    -48386.4481
 ------------------------------------------------------------------------------

wrapping first mol.:       20.88048       29.52946       51.14652
wrapping first mol.:       20.88048       29.52946       51.14652

 NSTEP =    16000   TIME(PS) =     772.000  TEMP(K) =   301.36  PRESS =     0.0
 Etot   =    -37809.5919  EKtot   =     10068.7988  EPtot      =    -47878.3908
 BOND   =       366.4191  ANGLE   =      1071.1044  DIHED      =      1363.3760
 1-4 NB =       453.3460  1-4 EEL =      6328.8944  VDWAALS    =      5554.9314
 EELEC  =    -63129.2816  EHBOND  =         0.0000  RESTRAINT  =       112.8195
 EAMBER (non-restraint)  =    -47991.2103
 ------------------------------------------------------------------------------

wrapping first mol.:       20.88048       29.52946       51.14652
wrapping first mol.:       20.88048       29.52946       51.14652

 NSTEP =    16500   TIME(PS) =     773.000  TEMP(K) =   301.21  PRESS =     0.0
 Etot   =    -38073.0576  EKtot   =     10063.7578  EPtot      =    -48136.8154
 BOND   =       327.6844  ANGLE   =      1069.3018  DIHED      =      1348.2190
 1-4 NB =       443.5699  1-4 EEL =      6307.7142  VDWAALS    =      5403.6467
 EELEC  =    -63144.7486  EHBOND  =         0.0000  RESTRAINT  =       107.7972
 EAMBER (non-restraint)  =    -48244.6126
 ------------------------------------------------------------------------------

wrapping first mol.:       20.88048       29.52946       51.14652
wrapping first mol.:       20.88048       29.52946       51.14652

 NSTEP =    17000   TIME(PS) =     774.000  TEMP(K) =   301.51  PRESS =     0.0
 Etot   =    -38081.8922  EKtot   =     10073.5527  EPtot      =    -48155.4450
 BOND   =       365.7588  ANGLE   =      1059.5536  DIHED      =      1367.6403
 1-4 NB =       459.3562  1-4 EEL =      6318.3566  VDWAALS    =      5413.8531
 EELEC  =    -63263.0444  EHBOND  =         0.0000  RESTRAINT  =       123.0808
 EAMBER (non-restraint)  =    -48278.5257
 ------------------------------------------------------------------------------

wrapping first mol.:       20.88048       29.52946       51.14652
wrapping first mol.:       20.88048       29.52946       51.14652

 NSTEP =    17500   TIME(PS) =     775.000  TEMP(K) =   297.83  PRESS =     0.0
 Etot   =    -38282.3428  EKtot   =      9950.6064  EPtot      =    -48232.9492
 BOND   =       349.1438  ANGLE   =      1014.5058  DIHED      =      1361.2209
 1-4 NB =       444.7929  1-4 EEL =      6324.5846  VDWAALS    =      5394.8456
 EELEC  =    -63237.9936  EHBOND  =         0.0000  RESTRAINT  =       115.9507
 EAMBER (non-restraint)  =    -48348.8999
 ------------------------------------------------------------------------------

wrapping first mol.:       20.88048       29.52946       51.14652
wrapping first mol.:       20.88048       29.52946       51.14652

 NSTEP =    18000   TIME(PS) =     776.000  TEMP(K) =   300.82  PRESS =     0.0
 Etot   =    -38213.6362  EKtot   =     10050.6895  EPtot      =    -48264.3257
 BOND   =       328.4251  ANGLE   =      1060.2787  DIHED      =      1353.4818
 1-4 NB =       456.7201  1-4 EEL =      6342.8182  VDWAALS    =      5488.5879
 EELEC  =    -63400.0184  EHBOND  =         0.0000  RESTRAINT  =       105.3810
 EAMBER (non-restraint)  =    -48369.7067
 ------------------------------------------------------------------------------

wrapping first mol.:       20.88048       29.52946       51.14652
wrapping first mol.:       20.88048       29.52946       51.14652

 NSTEP =    18500   TIME(PS) =     777.000  TEMP(K) =   298.48  PRESS =     0.0
 Etot   =    -38101.9226  EKtot   =      9972.5020  EPtot      =    -48074.4245
 BOND   =       348.8103  ANGLE   =      1044.7814  DIHED      =      1360.5445
 1-4 NB =       453.1826  1-4 EEL =      6310.6259  VDWAALS    =      5331.8450
 EELEC  =    -63045.3334  EHBOND  =         0.0000  RESTRAINT  =       121.1192
 EAMBER (non-restraint)  =    -48195.5437
 ------------------------------------------------------------------------------

wrapping first mol.:       20.88048       29.52946       51.14652
wrapping first mol.:       20.88048       29.52946       51.14652

 NSTEP =    19000   TIME(PS) =     778.000  TEMP(K) =   300.89  PRESS =     0.0
 Etot   =    -38133.9274  EKtot   =     10053.0479  EPtot      =    -48186.9753
 BOND   =       332.3167  ANGLE   =      1061.5034  DIHED      =      1373.4608
 1-4 NB =       458.4142  1-4 EEL =      6339.3282  VDWAALS    =      5526.7788
 EELEC  =    -63385.4900  EHBOND  =         0.0000  RESTRAINT  =       106.7125
 EAMBER (non-restraint)  =    -48293.6878
 ------------------------------------------------------------------------------

wrapping first mol.:       20.88048       29.52946       51.14652
wrapping first mol.:       20.88048       29.52946       51.14652

 NSTEP =    19500   TIME(PS) =     779.000  TEMP(K) =   299.56  PRESS =     0.0
 Etot   =    -38251.4934  EKtot   =     10008.4297  EPtot      =    -48259.9231
 BOND   =       336.9237  ANGLE   =      1059.9864  DIHED      =      1344.2762
 1-4 NB =       450.1461  1-4 EEL =      6297.0640  VDWAALS    =      5439.2834
 EELEC  =    -63310.4034  EHBOND  =         0.0000  RESTRAINT  =       122.8005
 EAMBER (non-restraint)  =    -48382.7236
 ------------------------------------------------------------------------------

wrapping first mol.:       20.88048       29.52946       51.14652
wrapping first mol.:       20.88048       29.52946       51.14652

 NSTEP =    20000   TIME(PS) =     780.000  TEMP(K) =   302.04  PRESS =     0.0
 Etot   =    -37977.7595  EKtot   =     10091.3594  EPtot      =    -48069.1188
 BOND   =       365.1354  ANGLE   =      1013.0339  DIHED      =      1385.5681
 1-4 NB =       439.2146  1-4 EEL =      6313.0791  VDWAALS    =      5581.2423
 EELEC  =    -63285.2880  EHBOND  =         0.0000  RESTRAINT  =       118.8957
 EAMBER (non-restraint)  =    -48188.0145
 ------------------------------------------------------------------------------

wrapping first mol.:       20.88048       29.52946       51.14652
wrapping first mol.:       20.88048       29.52946       51.14652

 NSTEP =    20500   TIME(PS) =     781.000  TEMP(K) =   302.78  PRESS =     0.0
 Etot   =    -37849.9664  EKtot   =     10116.1348  EPtot      =    -47966.1012
 BOND   =       327.6749  ANGLE   =      1086.5694  DIHED      =      1356.4052
 1-4 NB =       452.3394  1-4 EEL =      6330.7317  VDWAALS    =      5548.4312
 EELEC  =    -63174.1776  EHBOND  =         0.0000  RESTRAINT  =       105.9245
 EAMBER (non-restraint)  =    -48072.0257
 ------------------------------------------------------------------------------

wrapping first mol.:       20.88048       29.52946       51.14652
wrapping first mol.:       20.88048       29.52946       51.14652

 NSTEP =    21000   TIME(PS) =     782.000  TEMP(K) =   300.34  PRESS =     0.0
 Etot   =    -38004.4417  EKtot   =     10034.6436  EPtot      =    -48039.0852
 BOND   =       359.5661  ANGLE   =      1043.5988  DIHED      =      1345.2219
 1-4 NB =       451.5079  1-4 EEL =      6323.5874  VDWAALS    =      5397.3372
 EELEC  =    -63067.4289  EHBOND  =         0.0000  RESTRAINT  =       107.5244
 EAMBER (non-restraint)  =    -48146.6096
 ------------------------------------------------------------------------------

wrapping first mol.:       20.88048       29.52946       51.14652
wrapping first mol.:       20.88048       29.52946       51.14652

 NSTEP =    21500   TIME(PS) =     783.000  TEMP(K) =   300.04  PRESS =     0.0
 Etot   =    -37971.7748  EKtot   =     10024.5596  EPtot      =    -47996.3343
 BOND   =       335.3010  ANGLE   =      1058.8304  DIHED      =      1379.7951
 1-4 NB =       452.6510  1-4 EEL =      6322.2664  VDWAALS    =      5254.2801
 EELEC  =    -62912.1721  EHBOND  =         0.0000  RESTRAINT  =       112.7138
 EAMBER (non-restraint)  =    -48109.0481
 ------------------------------------------------------------------------------

wrapping first mol.:       20.88048       29.52946       51.14652
wrapping first mol.:       20.88048       29.52946       51.14652

 NSTEP =    22000   TIME(PS) =     784.000  TEMP(K) =   298.47  PRESS =     0.0
 Etot   =    -38112.1952  EKtot   =      9972.0420  EPtot      =    -48084.2372
 BOND   =       363.4378  ANGLE   =      1052.6975  DIHED      =      1378.8867
 1-4 NB =       458.0587  1-4 EEL =      6307.7769  VDWAALS    =      5435.5675
 EELEC  =    -63200.8390  EHBOND  =         0.0000  RESTRAINT  =       120.1767
 EAMBER (non-restraint)  =    -48204.4139
 ------------------------------------------------------------------------------

wrapping first mol.:       20.88048       29.52946       51.14652
wrapping first mol.:       20.88048       29.52946       51.14652

 NSTEP =    22500   TIME(PS) =     785.000  TEMP(K) =   301.77  PRESS =     0.0
 Etot   =    -38090.5507  EKtot   =     10082.1836  EPtot      =    -48172.7343
 BOND   =       325.5547  ANGLE   =      1012.9119  DIHED      =      1341.8443
 1-4 NB =       447.7351  1-4 EEL =      6345.2695  VDWAALS    =      5436.1280
 EELEC  =    -63197.3346  EHBOND  =         0.0000  RESTRAINT  =       115.1569
 EAMBER (non-restraint)  =    -48287.8912
 ------------------------------------------------------------------------------

wrapping first mol.:       20.88048       29.52946       51.14652
wrapping first mol.:       20.88048       29.52946       51.14652

 NSTEP =    23000   TIME(PS) =     786.000  TEMP(K) =   303.59  PRESS =     0.0
 Etot   =    -38199.9463  EKtot   =     10143.0107  EPtot      =    -48342.9570
 BOND   =       341.0411  ANGLE   =      1031.8487  DIHED      =      1342.3509
 1-4 NB =       446.1952  1-4 EEL =      6325.9228  VDWAALS    =      5680.6213
 EELEC  =    -63614.1846  EHBOND  =         0.0000  RESTRAINT  =       103.2476
 EAMBER (non-restraint)  =    -48446.2047
 ------------------------------------------------------------------------------

wrapping first mol.:       20.88048       29.52946       51.14652
wrapping first mol.:       20.88048       29.52946       51.14652

 NSTEP =    23500   TIME(PS) =     787.000  TEMP(K) =   301.21  PRESS =     0.0
 Etot   =    -37970.5328  EKtot   =     10063.5996  EPtot      =    -48034.1324
 BOND   =       354.8778  ANGLE   =      1054.6984  DIHED      =      1358.4603
 1-4 NB =       450.6358  1-4 EEL =      6341.5434  VDWAALS    =      5361.5850
 EELEC  =    -63073.4086  EHBOND  =         0.0000  RESTRAINT  =       117.4756
 EAMBER (non-restraint)  =    -48151.6080
 ------------------------------------------------------------------------------

wrapping first mol.:       20.88048       29.52946       51.14652
wrapping first mol.:       20.88048       29.52946       51.14652

 NSTEP =    24000   TIME(PS) =     788.000  TEMP(K) =   299.35  PRESS =     0.0
 Etot   =    -38033.5330  EKtot   =     10001.4580  EPtot      =    -48034.9910
 BOND   =       370.2792  ANGLE   =      1083.1918  DIHED      =      1337.3179
 1-4 NB =       443.9168  1-4 EEL =      6359.7816  VDWAALS    =      5424.3636
 EELEC  =    -63160.8311  EHBOND  =         0.0000  RESTRAINT  =       106.9892
 EAMBER (non-restraint)  =    -48141.9803
 ------------------------------------------------------------------------------

wrapping first mol.:       20.88048       29.52946       51.14652
wrapping first mol.:       20.88048       29.52946       51.14652

 NSTEP =    24500   TIME(PS) =     789.000  TEMP(K) =   300.28  PRESS =     0.0
 Etot   =    -38055.8973  EKtot   =     10032.6953  EPtot      =    -48088.5926
 BOND   =       337.9786  ANGLE   =      1049.0843  DIHED      =      1363.4245
 1-4 NB =       452.5330  1-4 EEL =      6278.8846  VDWAALS    =      5461.6835
 EELEC  =    -63144.5104  EHBOND  =         0.0000  RESTRAINT  =       112.3293
 EAMBER (non-restraint)  =    -48200.9219
 ------------------------------------------------------------------------------

wrapping first mol.:       20.88048       29.52946       51.14652
wrapping first mol.:       20.88048       29.52946       51.14652

 NSTEP =    25000   TIME(PS) =     790.000  TEMP(K) =   299.44  PRESS =     0.0
 Etot   =    -37968.0420  EKtot   =     10004.4385  EPtot      =    -47972.4805
 BOND   =       343.4970  ANGLE   =      1084.1377  DIHED      =      1361.4128
 1-4 NB =       442.1293  1-4 EEL =      6310.8427  VDWAALS    =      5289.2215
 EELEC  =    -62913.0755  EHBOND  =         0.0000  RESTRAINT  =       109.3539
 EAMBER (non-restraint)  =    -48081.8345
 ------------------------------------------------------------------------------

wrapping first mol.:       20.88048       29.52946       51.14652
wrapping first mol.:       20.88048       29.52946       51.14652

 NSTEP =    25500   TIME(PS) =     791.000  TEMP(K) =   300.08  PRESS =     0.0
 Etot   =    -38116.1685  EKtot   =     10025.7393  EPtot      =    -48141.9078
 BOND   =       336.4388  ANGLE   =      1046.2598  DIHED      =      1362.9586
 1-4 NB =       457.6548  1-4 EEL =      6313.0708  VDWAALS    =      5364.5797
 EELEC  =    -63140.6815  EHBOND  =         0.0000  RESTRAINT  =       117.8110
 EAMBER (non-restraint)  =    -48259.7188
 ------------------------------------------------------------------------------

wrapping first mol.:       20.88048       29.52946       51.14652
wrapping first mol.:       20.88048       29.52946       51.14652

 NSTEP =    26000   TIME(PS) =     792.000  TEMP(K) =   298.08  PRESS =     0.0
 Etot   =    -37914.9269  EKtot   =      9958.9434  EPtot      =    -47873.8703
 BOND   =       377.5998  ANGLE   =      1060.8152  DIHED      =      1362.6153
 1-4 NB =       447.5774  1-4 EEL =      6311.7519  VDWAALS    =      5316.2720
 EELEC  =    -62862.1922  EHBOND  =         0.0000  RESTRAINT  =       111.6904
 EAMBER (non-restraint)  =    -47985.5607
 ------------------------------------------------------------------------------

wrapping first mol.:       20.88048       29.52946       51.14652
wrapping first mol.:       20.88048       29.52946       51.14652

 NSTEP =    26500   TIME(PS) =     793.000  TEMP(K) =   299.27  PRESS =     0.0
 Etot   =    -38115.0803  EKtot   =      9998.7451  EPtot      =    -48113.8254
 BOND   =       350.8682  ANGLE   =      1037.4824  DIHED      =      1346.1575
 1-4 NB =       445.4634  1-4 EEL =      6306.9688  VDWAALS    =      5249.0976
 EELEC  =    -62957.8251  EHBOND  =         0.0000  RESTRAINT  =       107.9619
 EAMBER (non-restraint)  =    -48221.7873
 ------------------------------------------------------------------------------

wrapping first mol.:       20.88048       29.52946       51.14652
wrapping first mol.:       20.88048       29.52946       51.14652

 NSTEP =    27000   TIME(PS) =     794.000  TEMP(K) =   301.05  PRESS =     0.0
 Etot   =    -38147.8972  EKtot   =     10058.2900  EPtot      =    -48206.1872
 BOND   =       344.9888  ANGLE   =      1050.2162  DIHED      =      1349.7659
 1-4 NB =       454.8858  1-4 EEL =      6340.8950  VDWAALS    =      5428.8864
 EELEC  =    -63278.7977  EHBOND  =         0.0000  RESTRAINT  =       102.9723
 EAMBER (non-restraint)  =    -48309.1596
 ------------------------------------------------------------------------------

wrapping first mol.:       20.88048       29.52946       51.14652
wrapping first mol.:       20.88048       29.52946       51.14652

 NSTEP =    27500   TIME(PS) =     795.000  TEMP(K) =   300.87  PRESS =     0.0
 Etot   =    -37820.3885  EKtot   =     10052.2803  EPtot      =    -47872.6688
 BOND   =       356.6863  ANGLE   =      1085.5755  DIHED      =      1374.8956
 1-4 NB =       444.1307  1-4 EEL =      6319.0249  VDWAALS    =      5374.9057
 EELEC  =    -62939.4988  EHBOND  =         0.0000  RESTRAINT  =       111.6113
 EAMBER (non-restraint)  =    -47984.2801
 ------------------------------------------------------------------------------

wrapping first mol.:       20.88048       29.52946       51.14652
wrapping first mol.:       20.88048       29.52946       51.14652

 NSTEP =    28000   TIME(PS) =     796.000  TEMP(K) =   299.01  PRESS =     0.0
 Etot   =    -37968.7230  EKtot   =      9990.2207  EPtot      =    -47958.9437
 BOND   =       371.5344  ANGLE   =      1072.3875  DIHED      =      1347.2061
 1-4 NB =       448.0082  1-4 EEL =      6312.5230  VDWAALS    =      5295.4392
 EELEC  =    -62914.6088  EHBOND  =         0.0000  RESTRAINT  =       108.5668
 EAMBER (non-restraint)  =    -48067.5105
 ------------------------------------------------------------------------------

wrapping first mol.:       20.88048       29.52946       51.14652
wrapping first mol.:       20.88048       29.52946       51.14652

 NSTEP =    28500   TIME(PS) =     797.000  TEMP(K) =   304.77  PRESS =     0.0
 Etot   =    -37945.1616  EKtot   =     10182.4834  EPtot      =    -48127.6450
 BOND   =       357.5611  ANGLE   =      1077.7391  DIHED      =      1355.9474
 1-4 NB =       451.5498  1-4 EEL =      6317.1353  VDWAALS    =      5444.0997
 EELEC  =    -63244.9583  EHBOND  =         0.0000  RESTRAINT  =       113.2808
 EAMBER (non-restraint)  =    -48240.9258
 ------------------------------------------------------------------------------

wrapping first mol.:       20.88048       29.52946       51.14652
wrapping first mol.:       20.88048       29.52946       51.14652

 NSTEP =    29000   TIME(PS) =     798.000  TEMP(K) =   297.80  PRESS =     0.0
 Etot   =    -38162.2080  EKtot   =      9949.6416  EPtot      =    -48111.8496
 BOND   =       321.4044  ANGLE   =      1001.6897  DIHED      =      1353.9175
 1-4 NB =       455.7504  1-4 EEL =      6355.8832  VDWAALS    =      5476.5562
 EELEC  =    -63197.3147  EHBOND  =         0.0000  RESTRAINT  =       120.2637
 EAMBER (non-restraint)  =    -48232.1133
 ------------------------------------------------------------------------------

wrapping first mol.:       20.88048       29.52946       51.14652
wrapping first mol.:       20.88048       29.52946       51.14652

 NSTEP =    29500   TIME(PS) =     799.000  TEMP(K) =   297.64  PRESS =     0.0
 Etot   =    -38042.5539  EKtot   =      9944.3018  EPtot      =    -47986.8557
 BOND   =       341.7411  ANGLE   =      1033.4195  DIHED      =      1351.2260
 1-4 NB =       449.1949  1-4 EEL =      6334.4450  VDWAALS    =      5278.0977
 EELEC  =    -62876.7040  EHBOND  =         0.0000  RESTRAINT  =       101.7242
 EAMBER (non-restraint)  =    -48088.5798
 ------------------------------------------------------------------------------

wrapping first mol.:       20.88048       29.52946       51.14652
wrapping first mol.:       20.88048       29.52946       51.14652

 NSTEP =    30000   TIME(PS) =     800.000  TEMP(K) =   298.70  PRESS =     0.0
 Etot   =    -38105.4152  EKtot   =      9979.8477  EPtot      =    -48085.2629
 BOND   =       354.1356  ANGLE   =      1064.9120  DIHED      =      1358.7768
 1-4 NB =       437.6282  1-4 EEL =      6333.2688  VDWAALS    =      5475.7748
 EELEC  =    -63232.8091  EHBOND  =         0.0000  RESTRAINT  =       123.0501
 EAMBER (non-restraint)  =    -48208.3130
 ------------------------------------------------------------------------------

wrapping first mol.:       20.88048       29.52946       51.14652
wrapping first mol.:       20.88048       29.52946       51.14652

 NSTEP =    30500   TIME(PS) =     801.000  TEMP(K) =   301.57  PRESS =     0.0
 Etot   =    -37927.9636  EKtot   =     10075.5996  EPtot      =    -48003.5632
 BOND   =       324.0499  ANGLE   =      1066.4803  DIHED      =      1345.7893
 1-4 NB =       447.8894  1-4 EEL =      6347.0310  VDWAALS    =      5280.6813
 EELEC  =    -62929.9301  EHBOND  =         0.0000  RESTRAINT  =       114.4457
 EAMBER (non-restraint)  =    -48118.0089
 ------------------------------------------------------------------------------

wrapping first mol.:       20.88048       29.52946       51.14652
wrapping first mol.:       20.88048       29.52946       51.14652

 NSTEP =    31000   TIME(PS) =     802.000  TEMP(K) =   301.14  PRESS =     0.0
 Etot   =    -38138.7088  EKtot   =     10061.4424  EPtot      =    -48200.1512
 BOND   =       312.3468  ANGLE   =      1021.7938  DIHED      =      1360.2553
 1-4 NB =       464.1874  1-4 EEL =      6346.9560  VDWAALS    =      5542.3735
 EELEC  =    -63352.5306  EHBOND  =         0.0000  RESTRAINT  =       104.4667
 EAMBER (non-restraint)  =    -48304.6179
 ------------------------------------------------------------------------------

wrapping first mol.:       20.88048       29.52946       51.14652
wrapping first mol.:       20.88048       29.52946       51.14652

 NSTEP =    31500   TIME(PS) =     803.000  TEMP(K) =   297.36  PRESS =     0.0
 Etot   =    -38164.5742  EKtot   =      9934.9180  EPtot      =    -48099.4922
 BOND   =       331.1200  ANGLE   =      1038.6269  DIHED      =      1360.3366
 1-4 NB =       452.2350  1-4 EEL =      6364.8824  VDWAALS    =      5483.9665
 EELEC  =    -63250.2676  EHBOND  =         0.0000  RESTRAINT  =       119.6081
 EAMBER (non-restraint)  =    -48219.1003
 ------------------------------------------------------------------------------

wrapping first mol.:       20.88048       29.52946       51.14652
wrapping first mol.:       20.88048       29.52946       51.14652

 NSTEP =    32000   TIME(PS) =     804.000  TEMP(K) =   295.36  PRESS =     0.0
 Etot   =    -38241.2256  EKtot   =      9868.1201  EPtot      =    -48109.3457
 BOND   =       344.0086  ANGLE   =      1047.5511  DIHED      =      1344.2975
 1-4 NB =       445.4959  1-4 EEL =      6329.1371  VDWAALS    =      5302.0965
 EELEC  =    -63050.4064  EHBOND  =         0.0000  RESTRAINT  =       128.4741
 EAMBER (non-restraint)  =    -48237.8197
 ------------------------------------------------------------------------------

wrapping first mol.:       20.88048       29.52946       51.14652
wrapping first mol.:       20.88048       29.52946       51.14652

 NSTEP =    32500   TIME(PS) =     805.000  TEMP(K) =   302.43  PRESS =     0.0
 Etot   =    -38275.0640  EKtot   =     10104.2490  EPtot      =    -48379.3130
 BOND   =       329.6339  ANGLE   =      1048.8055  DIHED      =      1353.1460
 1-4 NB =       463.9060  1-4 EEL =      6357.3139  VDWAALS    =      5457.6312
 EELEC  =    -63503.9585  EHBOND  =         0.0000  RESTRAINT  =       114.2090
 EAMBER (non-restraint)  =    -48493.5220
 ------------------------------------------------------------------------------

wrapping first mol.:       20.88048       29.52946       51.14652
wrapping first mol.:       20.88048       29.52946       51.14652

 NSTEP =    33000   TIME(PS) =     806.000  TEMP(K) =   299.64  PRESS =     0.0
 Etot   =    -38223.0961  EKtot   =     10011.0586  EPtot      =    -48234.1547
 BOND   =       338.1635  ANGLE   =      1016.6876  DIHED      =      1338.2652
 1-4 NB =       446.3848  1-4 EEL =      6334.4426  VDWAALS    =      5556.4263
 EELEC  =    -63377.9166  EHBOND  =         0.0000  RESTRAINT  =       113.3919
 EAMBER (non-restraint)  =    -48347.5466
 ------------------------------------------------------------------------------

wrapping first mol.:       20.88048       29.52946       51.14652
wrapping first mol.:       20.88048       29.52946       51.14652

 NSTEP =    33500   TIME(PS) =     807.000  TEMP(K) =   296.36  PRESS =     0.0
 Etot   =    -38227.5008  EKtot   =      9901.6240  EPtot      =    -48129.1249
 BOND   =       353.3427  ANGLE   =      1001.5894  DIHED      =      1365.7999
 1-4 NB =       454.0635  1-4 EEL =      6324.1114  VDWAALS    =      5382.5280
 EELEC  =    -63112.3881  EHBOND  =         0.0000  RESTRAINT  =       101.8283
 EAMBER (non-restraint)  =    -48230.9531
 ------------------------------------------------------------------------------

wrapping first mol.:       20.88048       29.52946       51.14652
wrapping first mol.:       20.88048       29.52946       51.14652

 NSTEP =    34000   TIME(PS) =     808.000  TEMP(K) =   299.13  PRESS =     0.0
 Etot   =    -38170.8176  EKtot   =      9994.1943  EPtot      =    -48165.0119
 BOND   =       339.3833  ANGLE   =      1055.2740  DIHED      =      1371.6885
 1-4 NB =       453.6184  1-4 EEL =      6318.4159  VDWAALS    =      5561.1853
 EELEC  =    -63369.4819  EHBOND  =         0.0000  RESTRAINT  =       104.9045
 EAMBER (non-restraint)  =    -48269.9164
 ------------------------------------------------------------------------------

wrapping first mol.:       20.88048       29.52946       51.14652
wrapping first mol.:       20.88048       29.52946       51.14652

 NSTEP =    34500   TIME(PS) =     809.000  TEMP(K) =   301.72  PRESS =     0.0
 Etot   =    -37979.0606  EKtot   =     10080.7539  EPtot      =    -48059.8145
 BOND   =       354.3503  ANGLE   =      1056.2478  DIHED      =      1367.0306
 1-4 NB =       456.5115  1-4 EEL =      6331.7133  VDWAALS    =      5317.8393
 EELEC  =    -63060.9920  EHBOND  =         0.0000  RESTRAINT  =       117.4846
 EAMBER (non-restraint)  =    -48177.2992
 ------------------------------------------------------------------------------

wrapping first mol.:       20.88048       29.52946       51.14652
wrapping first mol.:       20.88048       29.52946       51.14652

 NSTEP =    35000   TIME(PS) =     810.000  TEMP(K) =   301.30  PRESS =     0.0
 Etot   =    -37819.6705  EKtot   =     10066.7803  EPtot      =    -47886.4508
 BOND   =       337.7078  ANGLE   =      1048.2495  DIHED      =      1359.0758
 1-4 NB =       451.1667  1-4 EEL =      6308.5775  VDWAALS    =      5397.9381
 EELEC  =    -62893.8478  EHBOND  =         0.0000  RESTRAINT  =       104.6816
 EAMBER (non-restraint)  =    -47991.1323
 ------------------------------------------------------------------------------

wrapping first mol.:       20.88048       29.52946       51.14652
wrapping first mol.:       20.88048       29.52946       51.14652

 NSTEP =    35500   TIME(PS) =     811.000  TEMP(K) =   299.27  PRESS =     0.0
 Etot   =    -38186.1890  EKtot   =      9998.6885  EPtot      =    -48184.8775
 BOND   =       342.9657  ANGLE   =      1050.2251  DIHED      =      1359.3726
 1-4 NB =       456.7562  1-4 EEL =      6332.1088  VDWAALS    =      5488.8941
 EELEC  =    -63332.4562  EHBOND  =         0.0000  RESTRAINT  =       117.2563
 EAMBER (non-restraint)  =    -48302.1338
 ------------------------------------------------------------------------------

wrapping first mol.:       20.88048       29.52946       51.14652
wrapping first mol.:       20.88048       29.52946       51.14652

 NSTEP =    36000   TIME(PS) =     812.000  TEMP(K) =   301.87  PRESS =     0.0
 Etot   =    -38135.0354  EKtot   =     10085.6846  EPtot      =    -48220.7200
 BOND   =       342.1206  ANGLE   =      1110.7228  DIHED      =      1361.7093
 1-4 NB =       463.0444  1-4 EEL =      6288.2573  VDWAALS    =      5523.7621
 EELEC  =    -63425.6141  EHBOND  =         0.0000  RESTRAINT  =       115.2776
 EAMBER (non-restraint)  =    -48335.9976
 ------------------------------------------------------------------------------

wrapping first mol.:       20.88048       29.52946       51.14652
wrapping first mol.:       20.88048       29.52946       51.14652

 NSTEP =    36500   TIME(PS) =     813.000  TEMP(K) =   296.76  PRESS =     0.0
 Etot   =    -38189.9179  EKtot   =      9914.7979  EPtot      =    -48104.7157
 BOND   =       349.0370  ANGLE   =      1057.7900  DIHED      =      1350.6609
 1-4 NB =       450.3287  1-4 EEL =      6349.5398  VDWAALS    =      5530.3851
 EELEC  =    -63311.5682  EHBOND  =         0.0000  RESTRAINT  =       119.1109
 EAMBER (non-restraint)  =    -48223.8266
 ------------------------------------------------------------------------------

wrapping first mol.:       20.88048       29.52946       51.14652
wrapping first mol.:       20.88048       29.52946       51.14652

 NSTEP =    37000   TIME(PS) =     814.000  TEMP(K) =   300.51  PRESS =     0.0
 Etot   =    -38041.1070  EKtot   =     10040.4014  EPtot      =    -48081.5084
 BOND   =       331.2345  ANGLE   =      1057.6526  DIHED      =      1356.9463
 1-4 NB =       456.8253  1-4 EEL =      6336.6291  VDWAALS    =      5219.9082
 EELEC  =    -62958.0349  EHBOND  =         0.0000  RESTRAINT  =       117.3307
 EAMBER (non-restraint)  =    -48198.8391
 ------------------------------------------------------------------------------

wrapping first mol.:       20.88048       29.52946       51.14652
wrapping first mol.:       20.88048       29.52946       51.14652

 NSTEP =    37500   TIME(PS) =     815.000  TEMP(K) =   298.03  PRESS =     0.0
 Etot   =    -37986.8587  EKtot   =      9957.3379  EPtot      =    -47944.1966
 BOND   =       336.8433  ANGLE   =      1047.0744  DIHED      =      1363.8263
 1-4 NB =       440.5419  1-4 EEL =      6321.5445  VDWAALS    =      5453.4951
 EELEC  =    -63015.5280  EHBOND  =         0.0000  RESTRAINT  =       108.0058
 EAMBER (non-restraint)  =    -48052.2025
 ------------------------------------------------------------------------------

wrapping first mol.:       20.88048       29.52946       51.14652
wrapping first mol.:       20.88048       29.52946       51.14652

 NSTEP =    38000   TIME(PS) =     816.000  TEMP(K) =   302.44  PRESS =     0.0
 Etot   =    -38157.5936  EKtot   =     10104.8682  EPtot      =    -48262.4618
 BOND   =       352.4747  ANGLE   =      1030.6535  DIHED      =      1368.7936
 1-4 NB =       459.4910  1-4 EEL =      6316.5237  VDWAALS    =      5326.2925
 EELEC  =    -63237.4765  EHBOND  =         0.0000  RESTRAINT  =       120.7858
 EAMBER (non-restraint)  =    -48383.2476
 ------------------------------------------------------------------------------

wrapping first mol.:       20.88048       29.52946       51.14652
wrapping first mol.:       20.88048       29.52946       51.14652

 NSTEP =    38500   TIME(PS) =     817.000  TEMP(K) =   301.85  PRESS =     0.0
 Etot   =    -37899.4682  EKtot   =     10084.8887  EPtot      =    -47984.3569
 BOND   =       341.1314  ANGLE   =      1080.3118  DIHED      =      1358.2106
 1-4 NB =       453.3958  1-4 EEL =      6326.5185  VDWAALS    =      5349.1279
 EELEC  =    -63011.7121  EHBOND  =         0.0000  RESTRAINT  =       118.6592
 EAMBER (non-restraint)  =    -48103.0160
 ------------------------------------------------------------------------------

wrapping first mol.:       20.88048       29.52946       51.14652
wrapping first mol.:       20.88048       29.52946       51.14652

 NSTEP =    39000   TIME(PS) =     818.000  TEMP(K) =   297.56  PRESS =     0.0
 Etot   =    -38254.7451  EKtot   =      9941.7031  EPtot      =    -48196.4483
 BOND   =       362.7046  ANGLE   =      1048.4253  DIHED      =      1372.8782
 1-4 NB =       449.8050  1-4 EEL =      6290.5997  VDWAALS    =      5462.6777
 EELEC  =    -63299.4034  EHBOND  =         0.0000  RESTRAINT  =       115.8647
 EAMBER (non-restraint)  =    -48312.3130
 ------------------------------------------------------------------------------

wrapping first mol.:       20.88048       29.52946       51.14652
wrapping first mol.:       20.88048       29.52946       51.14652

 NSTEP =    39500   TIME(PS) =     819.000  TEMP(K) =   299.87  PRESS =     0.0
 Etot   =    -37973.7658  EKtot   =     10018.7432  EPtot      =    -47992.5090
 BOND   =       346.6549  ANGLE   =      1010.5541  DIHED      =      1370.1662
 1-4 NB =       472.5278  1-4 EEL =      6309.8973  VDWAALS    =      5424.0148
 EELEC  =    -63046.0838  EHBOND  =         0.0000  RESTRAINT  =       119.7596
 EAMBER (non-restraint)  =    -48112.2686
 ------------------------------------------------------------------------------

wrapping first mol.:       20.88048       29.52946       51.14652
wrapping first mol.:       20.88048       29.52946       51.14652

 NSTEP =    40000   TIME(PS) =     820.000  TEMP(K) =   301.37  PRESS =     0.0
 Etot   =    -38060.2427  EKtot   =     10069.0684  EPtot      =    -48129.3111
 BOND   =       350.0298  ANGLE   =      1062.3285  DIHED      =      1347.9126
 1-4 NB =       461.7763  1-4 EEL =      6327.1266  VDWAALS    =      5272.2705
 EELEC  =    -63065.0392  EHBOND  =         0.0000  RESTRAINT  =       114.2838
 EAMBER (non-restraint)  =    -48243.5949
 ------------------------------------------------------------------------------

wrapping first mol.:       20.88048       29.52946       51.14652
wrapping first mol.:       20.88048       29.52946       51.14652

 NSTEP =    40500   TIME(PS) =     821.000  TEMP(K) =   300.14  PRESS =     0.0
 Etot   =    -37951.9603  EKtot   =     10027.7959  EPtot      =    -47979.7562
 BOND   =       389.0730  ANGLE   =      1047.7675  DIHED      =      1380.6092
 1-4 NB =       422.5924  1-4 EEL =      6256.7161  VDWAALS    =      5414.2341
 EELEC  =    -63003.0601  EHBOND  =         0.0000  RESTRAINT  =       112.3116
 EAMBER (non-restraint)  =    -48092.0678
 ------------------------------------------------------------------------------

wrapping first mol.:       20.88048       29.52946       51.14652
wrapping first mol.:       20.88048       29.52946       51.14652

 NSTEP =    41000   TIME(PS) =     822.000  TEMP(K) =   298.92  PRESS =     0.0
 Etot   =    -38007.4391  EKtot   =      9987.1895  EPtot      =    -47994.6285
 BOND   =       344.9507  ANGLE   =      1073.2546  DIHED      =      1331.2079
 1-4 NB =       436.0950  1-4 EEL =      6311.0821  VDWAALS    =      5393.7792
 EELEC  =    -62998.1525  EHBOND  =         0.0000  RESTRAINT  =       113.1544
 EAMBER (non-restraint)  =    -48107.7829
 ------------------------------------------------------------------------------

wrapping first mol.:       20.88048       29.52946       51.14652
wrapping first mol.:       20.88048       29.52946       51.14652

 NSTEP =    41500   TIME(PS) =     823.000  TEMP(K) =   301.35  PRESS =     0.0
 Etot   =    -38038.3708  EKtot   =     10068.4297  EPtot      =    -48106.8005
 BOND   =       341.4578  ANGLE   =      1038.5308  DIHED      =      1362.3353
 1-4 NB =       458.0062  1-4 EEL =      6276.7728  VDWAALS    =      5337.8158
 EELEC  =    -63036.4302  EHBOND  =         0.0000  RESTRAINT  =       114.7110
 EAMBER (non-restraint)  =    -48221.5116
 ------------------------------------------------------------------------------

wrapping first mol.:       20.88048       29.52946       51.14652
wrapping first mol.:       20.88048       29.52946       51.14652

 NSTEP =    42000   TIME(PS) =     824.000  TEMP(K) =   298.49  PRESS =     0.0
 Etot   =    -37852.2166  EKtot   =      9972.8496  EPtot      =    -47825.0662
 BOND   =       354.4240  ANGLE   =       993.6124  DIHED      =      1347.7897
 1-4 NB =       474.1878  1-4 EEL =      6330.7666  VDWAALS    =      5146.9386
 EELEC  =    -62594.9913  EHBOND  =         0.0000  RESTRAINT  =       122.2060
 EAMBER (non-restraint)  =    -47947.2722
 ------------------------------------------------------------------------------

wrapping first mol.:       20.88048       29.52946       51.14652
wrapping first mol.:       20.88048       29.52946       51.14652

 NSTEP =    42500   TIME(PS) =     825.000  TEMP(K) =   303.96  PRESS =     0.0
 Etot   =    -37786.8682  EKtot   =     10155.3447  EPtot      =    -47942.2129
 BOND   =       363.5657  ANGLE   =      1071.0627  DIHED      =      1383.9834
 1-4 NB =       445.9050  1-4 EEL =      6308.0611  VDWAALS    =      5303.4044
 EELEC  =    -62930.9747  EHBOND  =         0.0000  RESTRAINT  =       112.7795
 EAMBER (non-restraint)  =    -48054.9924
 ------------------------------------------------------------------------------

wrapping first mol.:       20.88048       29.52946       51.14652
wrapping first mol.:       20.88048       29.52946       51.14652

 NSTEP =    43000   TIME(PS) =     826.000  TEMP(K) =   300.09  PRESS =     0.0
 Etot   =    -37937.4238  EKtot   =     10026.1377  EPtot      =    -47963.5615
 BOND   =       357.0864  ANGLE   =      1066.5683  DIHED      =      1372.1204
 1-4 NB =       444.4101  1-4 EEL =      6292.0238  VDWAALS    =      5452.3518
 EELEC  =    -63057.7252  EHBOND  =         0.0000  RESTRAINT  =       109.6029
 EAMBER (non-restraint)  =    -48073.1644
 ------------------------------------------------------------------------------

wrapping first mol.:       20.88048       29.52946       51.14652
wrapping first mol.:       20.88048       29.52946       51.14652

 NSTEP =    43500   TIME(PS) =     827.000  TEMP(K) =   300.71  PRESS =     0.0
 Etot   =    -38118.4403  EKtot   =     10046.7549  EPtot      =    -48165.1951
 BOND   =       363.2235  ANGLE   =      1000.9388  DIHED      =      1355.0675
 1-4 NB =       447.6177  1-4 EEL =      6301.7730  VDWAALS    =      5437.1117
 EELEC  =    -63173.0491  EHBOND  =         0.0000  RESTRAINT  =       102.1217
 EAMBER (non-restraint)  =    -48267.3168
 ------------------------------------------------------------------------------

wrapping first mol.:       20.88048       29.52946       51.14652
wrapping first mol.:       20.88048       29.52946       51.14652

 NSTEP =    44000   TIME(PS) =     828.000  TEMP(K) =   302.54  PRESS =     0.0
 Etot   =    -38040.7565  EKtot   =     10108.0879  EPtot      =    -48148.8444
 BOND   =       336.3352  ANGLE   =      1063.3766  DIHED      =      1367.2425
 1-4 NB =       453.6128  1-4 EEL =      6305.0510  VDWAALS    =      5466.9438
 EELEC  =    -63261.2229  EHBOND  =         0.0000  RESTRAINT  =       119.8167
 EAMBER (non-restraint)  =    -48268.6611
 ------------------------------------------------------------------------------

wrapping first mol.:       20.88048       29.52946       51.14652
wrapping first mol.:       20.88048       29.52946       51.14652

 NSTEP =    44500   TIME(PS) =     829.000  TEMP(K) =   298.17  PRESS =     0.0
 Etot   =    -37979.4120  EKtot   =      9962.0889  EPtot      =    -47941.5009
 BOND   =       339.9322  ANGLE   =      1033.3798  DIHED      =      1337.8057
 1-4 NB =       451.8037  1-4 EEL =      6320.2201  VDWAALS    =      5456.3862
 EELEC  =    -62999.9348  EHBOND  =         0.0000  RESTRAINT  =       118.9062
 EAMBER (non-restraint)  =    -48060.4071
 ------------------------------------------------------------------------------

wrapping first mol.:       20.88048       29.52946       51.14652
wrapping first mol.:       20.88048       29.52946       51.14652

 NSTEP =    45000   TIME(PS) =     830.000  TEMP(K) =   300.17  PRESS =     0.0
 Etot   =    -37942.3627  EKtot   =     10028.8730  EPtot      =    -47971.2358
 BOND   =       352.6235  ANGLE   =      1067.3239  DIHED      =      1366.0853
 1-4 NB =       464.0557  1-4 EEL =      6320.1075  VDWAALS    =      5307.3922
 EELEC  =    -62960.7313  EHBOND  =         0.0000  RESTRAINT  =       111.9075
 EAMBER (non-restraint)  =    -48083.1432
 ------------------------------------------------------------------------------

wrapping first mol.:       20.88048       29.52946       51.14652
wrapping first mol.:       20.88048       29.52946       51.14652

 NSTEP =    45500   TIME(PS) =     831.000  TEMP(K) =   300.86  PRESS =     0.0
 Etot   =    -37962.8227  EKtot   =     10051.7656  EPtot      =    -48014.5883
 BOND   =       343.5689  ANGLE   =      1038.9247  DIHED      =      1395.5994
 1-4 NB =       459.4125  1-4 EEL =      6291.7292  VDWAALS    =      5557.5028
 EELEC  =    -63218.1605  EHBOND  =         0.0000  RESTRAINT  =       116.8348
 EAMBER (non-restraint)  =    -48131.4230
 ------------------------------------------------------------------------------

wrapping first mol.:       20.88048       29.52946       51.14652
wrapping first mol.:       20.88048       29.52946       51.14652

 NSTEP =    46000   TIME(PS) =     832.000  TEMP(K) =   300.34  PRESS =     0.0
 Etot   =    -38122.2804  EKtot   =     10034.4648  EPtot      =    -48156.7453
 BOND   =       341.4939  ANGLE   =      1044.6989  DIHED      =      1385.8060
 1-4 NB =       461.1846  1-4 EEL =      6306.2247  VDWAALS    =      5592.3809
 EELEC  =    -63402.6857  EHBOND  =         0.0000  RESTRAINT  =       114.1515
 EAMBER (non-restraint)  =    -48270.8967
 ------------------------------------------------------------------------------

wrapping first mol.:       20.88048       29.52946       51.14652
wrapping first mol.:       20.88048       29.52946       51.14652

 NSTEP =    46500   TIME(PS) =     833.000  TEMP(K) =   300.68  PRESS =     0.0
 Etot   =    -38086.0366  EKtot   =     10046.0117  EPtot      =    -48132.0483
 BOND   =       345.7326  ANGLE   =      1084.0725  DIHED      =      1353.8076
 1-4 NB =       447.0134  1-4 EEL =      6303.7848  VDWAALS    =      5471.5565
 EELEC  =    -63252.0473  EHBOND  =         0.0000  RESTRAINT  =       114.0315
 EAMBER (non-restraint)  =    -48246.0799
 ------------------------------------------------------------------------------

wrapping first mol.:       20.88048       29.52946       51.14652
wrapping first mol.:       20.88048       29.52946       51.14652

 NSTEP =    47000   TIME(PS) =     834.000  TEMP(K) =   300.54  PRESS =     0.0
 Etot   =    -38065.2788  EKtot   =     10041.2021  EPtot      =    -48106.4809
 BOND   =       343.0856  ANGLE   =      1044.8229  DIHED      =      1349.7047
 1-4 NB =       443.0563  1-4 EEL =      6274.0281  VDWAALS    =      5503.1335
 EELEC  =    -63175.0424  EHBOND  =         0.0000  RESTRAINT  =       110.7304
 EAMBER (non-restraint)  =    -48217.2113
 ------------------------------------------------------------------------------

wrapping first mol.:       20.88048       29.52946       51.14652
wrapping first mol.:       20.88048       29.52946       51.14652

 NSTEP =    47500   TIME(PS) =     835.000  TEMP(K) =   296.28  PRESS =     0.0
 Etot   =    -38206.0074  EKtot   =      9898.8418  EPtot      =    -48104.8492
 BOND   =       358.7046  ANGLE   =      1055.4524  DIHED      =      1358.2882
 1-4 NB =       462.1996  1-4 EEL =      6316.3364  VDWAALS    =      5453.0758
 EELEC  =    -63214.6103  EHBOND  =         0.0000  RESTRAINT  =       105.7041
 EAMBER (non-restraint)  =    -48210.5534
 ------------------------------------------------------------------------------

wrapping first mol.:       20.88048       29.52946       51.14652
wrapping first mol.:       20.88048       29.52946       51.14652

 NSTEP =    48000   TIME(PS) =     836.000  TEMP(K) =   296.89  PRESS =     0.0
 Etot   =    -38087.5344  EKtot   =      9919.2695  EPtot      =    -48006.8040
 BOND   =       355.6835  ANGLE   =      1057.7149  DIHED      =      1362.4181
 1-4 NB =       456.8740  1-4 EEL =      6313.4605  VDWAALS    =      5258.5839
 EELEC  =    -62933.7496  EHBOND  =         0.0000  RESTRAINT  =       122.2107
 EAMBER (non-restraint)  =    -48129.0146
 ------------------------------------------------------------------------------

wrapping first mol.:       20.88048       29.52946       51.14652
wrapping first mol.:       20.88048       29.52946       51.14652

 NSTEP =    48500   TIME(PS) =     837.000  TEMP(K) =   296.15  PRESS =     0.0
 Etot   =    -38192.1679  EKtot   =      9894.4785  EPtot      =    -48086.6464
 BOND   =       350.0314  ANGLE   =      1047.6541  DIHED      =      1340.7411
 1-4 NB =       456.4150  1-4 EEL =      6277.2829  VDWAALS    =      5467.0835
 EELEC  =    -63144.4044  EHBOND  =         0.0000  RESTRAINT  =       118.5501
 EAMBER (non-restraint)  =    -48205.1965
 ------------------------------------------------------------------------------

wrapping first mol.:       20.88048       29.52946       51.14652
wrapping first mol.:       20.88048       29.52946       51.14652

 NSTEP =    49000   TIME(PS) =     838.000  TEMP(K) =   296.62  PRESS =     0.0
 Etot   =    -38229.9154  EKtot   =      9910.2422  EPtot      =    -48140.1575
 BOND   =       345.2873  ANGLE   =      1049.8099  DIHED      =      1366.4261
 1-4 NB =       456.4499  1-4 EEL =      6315.1949  VDWAALS    =      5524.9748
 EELEC  =    -63301.3359  EHBOND  =         0.0000  RESTRAINT  =       103.0354
 EAMBER (non-restraint)  =    -48243.1929
 ------------------------------------------------------------------------------

wrapping first mol.:       20.88048       29.52946       51.14652
wrapping first mol.:       20.88048       29.52946       51.14652

 NSTEP =    49500   TIME(PS) =     839.000  TEMP(K) =   299.53  PRESS =     0.0
 Etot   =    -37967.3370  EKtot   =     10007.5195  EPtot      =    -47974.8565
 BOND   =       322.6631  ANGLE   =      1072.6782  DIHED      =      1345.4237
 1-4 NB =       458.0777  1-4 EEL =      6270.4647  VDWAALS    =      5473.4050
 EELEC  =    -63019.4059  EHBOND  =         0.0000  RESTRAINT  =       101.8370
 EAMBER (non-restraint)  =    -48076.6935
 ------------------------------------------------------------------------------

wrapping first mol.:       20.88048       29.52946       51.14652
wrapping first mol.:       20.88048       29.52946       51.14652

 NSTEP =    50000   TIME(PS) =     840.000  TEMP(K) =   300.75  PRESS =     0.0
 Etot   =    -38047.6648  EKtot   =     10048.2051  EPtot      =    -48095.8698
 BOND   =       345.6708  ANGLE   =      1026.3556  DIHED      =      1360.4538
 1-4 NB =       460.6203  1-4 EEL =      6306.0093  VDWAALS    =      5309.5055
 EELEC  =    -63007.7074  EHBOND  =         0.0000  RESTRAINT  =       103.2223
 EAMBER (non-restraint)  =    -48199.0921
 ------------------------------------------------------------------------------


      A V E R A G E S   O V E R     100 S T E P S


 NSTEP =    50000   TIME(PS) =     840.000  TEMP(K) =   299.89  PRESS =     0.0
 Etot   =    -38081.8603  EKtot   =     10019.4617  EPtot      =    -48101.3220
 BOND   =       346.5757  ANGLE   =      1049.6605  DIHED      =      1357.8626
 1-4 NB =       452.9022  1-4 EEL =      6319.8587  VDWAALS    =      5409.2424
 EELEC  =    -63150.1823  EHBOND  =         0.0000  RESTRAINT  =       112.7580
 EAMBER (non-restraint)  =    -48214.0801
 ------------------------------------------------------------------------------


      R M S  F L U C T U A T I O N S


 NSTEP =    50000   TIME(PS) =     840.000  TEMP(K) =     2.02  PRESS =     0.0
 Etot   =       132.2612  EKtot   =        67.3351  EPtot      =       117.5406
 BOND   =        15.4697  ANGLE   =        22.0857  DIHED      =        13.3219
 1-4 NB =         7.9784  1-4 EEL =        20.7382  VDWAALS    =       105.9606
 EELEC  =       177.8792  EHBOND  =         0.0000  RESTRAINT  =         7.2848
 EAMBER (non-restraint)  =       110.2558
 ------------------------------------------------------------------------------

--------------------------------------------------------------------------------
   5.  TIMINGS
--------------------------------------------------------------------------------

|  NonSetup CPU Time in Major Routines:
|
|     Routine           Sec        %
|     ------------------------------
|     Nonbond          13.32   35.15
|     Bond              0.00    0.00
|     Angle             0.00    0.00
|     Dihedral          0.00    0.00
|     Shake             0.72    1.91
|     RunMD            23.80   62.81
|     Other             0.05    0.13
|     ------------------------------
|     Total            37.90

|  PME Nonbond Pairlist CPU Time:
|
|     Routine              Sec        %
|     ---------------------------------
|     Set Up Cit           0.00    0.00
|     Build List           0.00    0.00
|     ---------------------------------
|     Total                0.00    0.00

|  PME Direct Force CPU Time:
|
|     Routine              Sec        %
|     ---------------------------------
|     NonBonded Calc       0.00    0.00
|     Exclude Masked       0.00    0.00
|     Other                0.02    0.05
|     ---------------------------------
|     Total                0.02    0.05

|  PME Reciprocal Force CPU Time:
|
|     Routine              Sec        %
|     ---------------------------------
|     1D bspline           0.00    0.00
|     Grid Charges         0.00    0.00
|     Scalar Sum           0.00    0.00
|     Gradient Sum         0.00    0.00
|     FFT                  0.00    0.00
|     ---------------------------------
|     Total                0.00    0.00

|  Final Performance Info:
|     -----------------------------------------------------
|     Average timings for last   49500 steps:
|     Elapsed(s) =      37.57 Per Step(ms) =       0.76
|         ns/day =     227.67   seconds/ns =     379.49
|
|     Average timings for all steps:
|     Elapsed(s) =      37.98 Per Step(ms) =       0.76
|         ns/day =     227.51   seconds/ns =     379.76
|     -----------------------------------------------------

|  Setup CPU time:            2.92 seconds
|  NonSetup CPU time:        37.90 seconds
|  Total CPU time:           40.82 seconds     0.01 hours

|  Setup wall time:           3    seconds
|  NonSetup wall time:       38    seconds
|  Total wall time:          41    seconds     0.01 hours
