
          -------------------------------------------------------
          Amber 16 PMEMD                              2016
          -------------------------------------------------------

| PMEMD implementation of SANDER, Release 16

| Run on 11/17/2017 at 08:22:30

|   Executable path: /apps/amber16/bin/pmemd.cuda
| Working directory: /home/pbarletta
|          Hostname: mordor

  [-O]verwriting output

File Assignments:
|   MDIN: /scratch/pbarletta/cph_obp/run/eol/mhe/e/9equ.in                      
|  MDOUT: /scratch/pbarletta/cph_obp/run/eol/mhe/e/9equ.out                     
| INPCRD: /scratch/pbarletta/cph_obp/run/eol/mhe/e/8eeol.rst7                   
|   PARM: /scratch/pbarletta/cph_obp/top_files/eol.prmtop                       
| RESTRT: /scratch/pbarletta/cph_obp/run/eol/mhe/e/9eeol.rst7                   
|   REFC: /scratch/pbarletta/cph_obp/run/eol/mhe/e/8eeol.rst7                   
|  MDVEL: mdvel                                                                 
|   MDEN: mden                                                                  
|  MDCRD: /scratch/pbarletta/cph_obp/run/eol/mhe/e/9eeol.nc                     
| MDINFO: mdinfo                                                                
|  MDFRC: mdfrc                                                                 


 Here is the input file:

Equilibration with solute restrictions                                         
&cntrl                                                                         
imin = 0,                           ! No Minimization                          
nmropt = 0,                         ! No NMR restraints read                   
                                                                               
! Nature and format of the input                                               
ntx = 5,                            ! Coordinates but no velocities will be rea
irest = 1,                          ! Do not run a new simulation              
                                                                               
! Nature and format of the output                                              
ntxo = 1,                           ! rstrt file in ASCII format               
ntpr = 500,                         ! inf in output every ntpr steps           
ntwr = 500,                         ! rstrt file every ntwr steps              
ntwx = 500,                         ! mdcrd file every ntwx steps              
ntwv = 0,                           ! mdvel without velocities                 
ntwe = 0,                           ! Energies and temperatures not written in 
idecomp = 0,                        ! No energy decomposition                  
iwrap = 1,                          ! Coordinates of the restart and mdcrd file
                                                                               
! Frozen or restrained atoms                                                   
ibelly = 0,                         ! No frozen atoms                          
ntr=1,                              ! Harmonic potential restraints            
restraint_wt = 8.0,                ! The weight for the positional restraints  
restraintmask = ':1-120@N,CA,C,O',  ! restrained residues                      
                                                                               
! Molecular dynamics                                                           
nstlim = 50000,                     ! Number of MD-steps                       
dt = 0.002,                         ! Time step                                
                                                                               
! Temperature regulation                                                       
ntt = 3,                            ! Langevin thermostat                      
gamma_ln = 5,                       ! Gamma constant for Langevin              
temp0 = 300.0,                      ! Reference T at which the system is to be 
tempi = 300.0,                      ! Initial T                                
ig = -1,                            ! Seed for the RNG                         
                                                                               
! P and V regulation                                                           
ntp = 0,                            ! No pressure control                      
ntb = 1,                            ! Periodic box for constant V              
                                                                               
! SHAKE variables                                                              
ntc = 2,                            ! Bonds involving H are constrained        
ntf = 2,                            ! Bond interaction involving H are ommited.
                                                                               
cut = 10.0,                         ! Nonbonded cutoff                         
                                                                               
/                                                                              
&end                                                                           


Note: ig = -1. Setting random seed to   291360 based on wallclock time in 
      microseconds.
| irandom = 1, using AMBER's internal random number generator (default).
 
|--------------------- INFORMATION ----------------------
| GPU (CUDA) Version of PMEMD in use: NVIDIA GPU IN USE.
|                    Version 16.0.0
| 
|                      02/25/2016
| 
| Implementation by:
|                    Ross C. Walker     (SDSC)
|                    Scott Le Grand     (nVIDIA)
| 
| Precision model in use:
|      [SPFP] - Single Precision Forces, 64-bit Fixed Point
|               Accumulation. (Default)
| 
|--------------------------------------------------------
 
|----------------- CITATION INFORMATION -----------------
|
|    When publishing work that utilized the CUDA version
|    of AMBER, please cite the following in addition to
|    the regular AMBER citations:
|
|  - Romelia Salomon-Ferrer; Andreas W. Goetz; Duncan
|    Poole; Scott Le Grand; Ross C. Walker "Routine
|    microsecond molecular dynamics simulations with
|    AMBER - Part II: Particle Mesh Ewald", J. Chem.
|    Theory Comput., 2013, 9 (9), pp3878-3888,
|    DOI: 10.1021/ct400314y.
|
|  - Andreas W. Goetz; Mark J. Williamson; Dong Xu;
|    Duncan Poole; Scott Le Grand; Ross C. Walker
|    "Routine microsecond molecular dynamics simulations
|    with AMBER - Part I: Generalized Born", J. Chem.
|    Theory Comput., 2012, 8 (5), pp1542-1555.
|
|  - Scott Le Grand; Andreas W. Goetz; Ross C. Walker
|    "SPFP: Speed without compromise - a mixed precision
|    model for GPU accelerated molecular dynamics
|    simulations.", Comp. Phys. Comm., 2013, 184
|    pp374-380, DOI: 10.1016/j.cpc.2012.09.022
|
|--------------------------------------------------------
 
|------------------- GPU DEVICE INFO --------------------
|
|            CUDA_VISIBLE_DEVICES: 2
|   CUDA Capable Devices Detected:      1
|           CUDA Device ID in use:      0
|                CUDA Device Name: GeForce GTX 1080 Ti
|     CUDA Device Global Mem Size:  11172 MB
| CUDA Device Num Multiprocessors:     28
|           CUDA Device Core Freq:   1.58 GHz
|
|--------------------------------------------------------
 
 
| Conditional Compilation Defines Used:
| PUBFFT
| BINTRAJ
| CUDA
| EMIL

| Largest sphere to fit in unit cell has radius =    25.573

| New format PARM file being parsed.
| Version =    1.000 Date = 11/14/17 Time = 21:40:14

| Note: 1-4 EEL scale factors are being read from the topology file.

| Note: 1-4 VDW scale factors are being read from the topology file.
| Duplicated    0 dihedrals

| Duplicated    0 dihedrals

--------------------------------------------------------------------------------
   1.  RESOURCE   USE: 
--------------------------------------------------------------------------------

 getting new box info from bottom of inpcrd
 NATOM  =   16335 NTYPES =      18 NBONH =   15379 MBONA  =     963
 NTHETH =    2359 MTHETA =    1293 NPHIH =    4500 MPHIA  =    3265
 NHPARM =       0 NPARM  =       0 NNB   =   30156 NRES   =    4896
 NBONA  =     963 NTHETA =    1293 NPHIA =    3265 NUMBND =      51
 NUMANG =     105 NPTRA  =      41 NATYP =      35 NPHB   =       1
 IFBOX  =       2 NMXRS  =      24 IFCAP =       0 NEXTRA =       0
 NCOPY  =       0

| Coordinate Index Table dimensions:    10   10   10
| Direct force subcell size =     6.2641    6.2641    6.2641

     BOX TYPE: TRUNCATED OCTAHEDRON

--------------------------------------------------------------------------------
   2.  CONTROL  DATA  FOR  THE  RUN
--------------------------------------------------------------------------------

default_name                                                                    

General flags:
     imin    =       0, nmropt  =       0

Nature and format of input:
     ntx     =       5, irest   =       1, ntrx    =       1

Nature and format of output:
     ntxo    =       1, ntpr    =     500, ntrx    =       1, ntwr    =     500
     iwrap   =       1, ntwx    =     500, ntwv    =       0, ntwe    =       0
     ioutfm  =       1, ntwprt  =       0, idecomp =       0, rbornstat=      0

Potential function:
     ntf     =       2, ntb     =       1, igb     =       0, nsnb    =      25
     ipol    =       0, gbsa    =       0, iesp    =       0
     dielc   =   1.00000, cut     =  10.00000, intdiel =   1.00000

Frozen or restrained atoms:
     ibelly  =       0, ntr     =       1
     restraint_wt =   8.00000

Molecular dynamics:
     nstlim  =     50000, nscm    =         0, nrespa  =         1
     t       =   0.00000, dt      =   0.00200, vlimit  =  -1.00000

Langevin dynamics temperature regulation:
     ig      =  291360
     temp0   = 300.00000, tempi   = 300.00000, gamma_ln=   5.00000

SHAKE:
     ntc     =       2, jfastw  =       0
     tol     =   0.00001

| Intermolecular bonds treatment:
|     no_intermolecular_bonds =       1

| Energy averages sample interval:
|     ene_avg_sampling =     500

Ewald parameters:
     verbose =       0, ew_type =       0, nbflag  =       1, use_pme =       1
     vdwmeth =       1, eedmeth =       1, netfrc  =       1
     Box X =   62.641   Box Y =   62.641   Box Z =   62.641
     Alpha =  109.471   Beta  =  109.471   Gamma =  109.471
     NFFT1 =   64       NFFT2 =   64       NFFT3 =   64
     Cutoff=   10.000   Tol   =0.100E-04
     Ewald Coefficient =  0.27511
     Interpolation order =    4

    LOADING THE CONSTRAINED ATOMS AS GROUPS


   5.  REFERENCE ATOM COORDINATES

  default_name                                                                    
     Mask :1-120@N,CA,C,O; matches   476 atoms

--------------------------------------------------------------------------------
   3.  ATOMIC COORDINATES AND VELOCITIES
--------------------------------------------------------------------------------

default_name                                                                    
 begin time read from input coords =   940.000 ps

 
 Number of triangulated 3-point waters found:     4775

     Sum of charges from parm topology file =  -0.00000006
     Forcing neutrality...

| Dynamic Memory, Types Used:
| Reals              619308
| Integers           586628

| Nonbonded Pairs Initial Allocation:     4940929

| GPU memory information (estimate):
| KB of GPU memory in use:    123232
| KB of CPU memory in use:     26926

--------------------------------------------------------------------------------
   4.  RESULTS
--------------------------------------------------------------------------------

 ---------------------------------------------------
 APPROXIMATING switch and d/dx switch using CUBIC SPLINE INTERPOLATION
 using   5000.0 points per unit in tabled values
 TESTING RELATIVE ERROR over r ranging from 0.0 to cutoff
| CHECK switch(x): max rel err =   0.2738E-14   at   2.422500
| CHECK d/dx switch(x): max rel err =   0.8314E-11   at   2.736960
 ---------------------------------------------------
|---------------------------------------------------
| APPROXIMATING direct energy using CUBIC SPLINE INTERPOLATION
|  with   50.0 points per unit in tabled values
| Relative Error Limit not exceeded for r .gt.   2.33
| APPROXIMATING direct force using CUBIC SPLINE INTERPOLATION
|  with   50.0 points per unit in tabled values
| Relative Error Limit not exceeded for r .gt.   2.80
|---------------------------------------------------
wrapping first mol.:       20.88048       29.52946       51.14652
wrapping first mol.:       20.88048       29.52946       51.14652

 NSTEP =      500   TIME(PS) =     941.000  TEMP(K) =   299.65  PRESS =     0.0
 Etot   =    -38117.4277  EKtot   =     10011.3672  EPtot      =    -48128.7948
 BOND   =       371.9194  ANGLE   =      1049.9101  DIHED      =      1381.8658
 1-4 NB =       456.0792  1-4 EEL =      6302.7566  VDWAALS    =      5297.8187
 EELEC  =    -63084.6037  EHBOND  =         0.0000  RESTRAINT  =        95.4591
 EAMBER (non-restraint)  =    -48224.2540
 ------------------------------------------------------------------------------

wrapping first mol.:       20.88048       29.52946       51.14652
wrapping first mol.:       20.88048       29.52946       51.14652

 NSTEP =     1000   TIME(PS) =     942.000  TEMP(K) =   300.75  PRESS =     0.0
 Etot   =    -38123.8983  EKtot   =     10048.3291  EPtot      =    -48172.2274
 BOND   =       331.2458  ANGLE   =      1062.8516  DIHED      =      1352.4383
 1-4 NB =       455.4735  1-4 EEL =      6327.9575  VDWAALS    =      5435.9082
 EELEC  =    -63235.2462  EHBOND  =         0.0000  RESTRAINT  =        97.1438
 EAMBER (non-restraint)  =    -48269.3712
 ------------------------------------------------------------------------------

wrapping first mol.:       20.88048       29.52946       51.14652
wrapping first mol.:       20.88048       29.52946       51.14652

 NSTEP =     1500   TIME(PS) =     943.000  TEMP(K) =   297.55  PRESS =     0.0
 Etot   =    -38126.0144  EKtot   =      9941.2988  EPtot      =    -48067.3132
 BOND   =       355.9636  ANGLE   =      1040.2084  DIHED      =      1355.6734
 1-4 NB =       452.2685  1-4 EEL =      6294.5406  VDWAALS    =      5381.6177
 EELEC  =    -63051.2958  EHBOND  =         0.0000  RESTRAINT  =       103.7103
 EAMBER (non-restraint)  =    -48171.0236
 ------------------------------------------------------------------------------

wrapping first mol.:       20.88048       29.52946       51.14652
wrapping first mol.:       20.88048       29.52946       51.14652

 NSTEP =     2000   TIME(PS) =     944.000  TEMP(K) =   299.95  PRESS =     0.0
 Etot   =    -37892.3161  EKtot   =     10021.6699  EPtot      =    -47913.9860
 BOND   =       372.2815  ANGLE   =      1051.1969  DIHED      =      1343.8910
 1-4 NB =       443.5501  1-4 EEL =      6317.8383  VDWAALS    =      5344.2999
 EELEC  =    -62894.4679  EHBOND  =         0.0000  RESTRAINT  =       107.4239
 EAMBER (non-restraint)  =    -48021.4099
 ------------------------------------------------------------------------------

wrapping first mol.:       20.88048       29.52946       51.14652
wrapping first mol.:       20.88048       29.52946       51.14652

 NSTEP =     2500   TIME(PS) =     945.000  TEMP(K) =   302.36  PRESS =     0.0
 Etot   =    -38002.1686  EKtot   =     10101.9580  EPtot      =    -48104.1266
 BOND   =       344.1505  ANGLE   =      1041.4989  DIHED      =      1361.8157
 1-4 NB =       441.8444  1-4 EEL =      6347.4414  VDWAALS    =      5660.0748
 EELEC  =    -63397.5496  EHBOND  =         0.0000  RESTRAINT  =        96.5972
 EAMBER (non-restraint)  =    -48200.7238
 ------------------------------------------------------------------------------

wrapping first mol.:       20.88048       29.52946       51.14652
wrapping first mol.:       20.88048       29.52946       51.14652

 NSTEP =     3000   TIME(PS) =     946.000  TEMP(K) =   300.02  PRESS =     0.0
 Etot   =    -38001.8861  EKtot   =     10023.8096  EPtot      =    -48025.6957
 BOND   =       336.8937  ANGLE   =      1066.4243  DIHED      =      1338.1782
 1-4 NB =       440.8185  1-4 EEL =      6351.1696  VDWAALS    =      5593.1066
 EELEC  =    -63256.9220  EHBOND  =         0.0000  RESTRAINT  =       104.6354
 EAMBER (non-restraint)  =    -48130.3310
 ------------------------------------------------------------------------------

wrapping first mol.:       20.88048       29.52946       51.14652
wrapping first mol.:       20.88048       29.52946       51.14652

 NSTEP =     3500   TIME(PS) =     947.000  TEMP(K) =   299.47  PRESS =     0.0
 Etot   =    -38205.2095  EKtot   =     10005.5186  EPtot      =    -48210.7281
 BOND   =       387.2076  ANGLE   =      1055.5442  DIHED      =      1346.5339
 1-4 NB =       438.4653  1-4 EEL =      6310.1057  VDWAALS    =      5234.9546
 EELEC  =    -63081.3117  EHBOND  =         0.0000  RESTRAINT  =        97.7723
 EAMBER (non-restraint)  =    -48308.5004
 ------------------------------------------------------------------------------

wrapping first mol.:       20.88048       29.52946       51.14652
wrapping first mol.:       20.88048       29.52946       51.14652

 NSTEP =     4000   TIME(PS) =     948.000  TEMP(K) =   300.56  PRESS =     0.0
 Etot   =    -38047.0161  EKtot   =     10042.0303  EPtot      =    -48089.0464
 BOND   =       364.2831  ANGLE   =      1064.4636  DIHED      =      1352.8168
 1-4 NB =       454.5252  1-4 EEL =      6297.2281  VDWAALS    =      5261.9859
 EELEC  =    -62987.9973  EHBOND  =         0.0000  RESTRAINT  =       103.6482
 EAMBER (non-restraint)  =    -48192.6946
 ------------------------------------------------------------------------------

wrapping first mol.:       20.88048       29.52946       51.14652
wrapping first mol.:       20.88048       29.52946       51.14652

 NSTEP =     4500   TIME(PS) =     949.000  TEMP(K) =   300.78  PRESS =     0.0
 Etot   =    -38025.8412  EKtot   =     10049.2539  EPtot      =    -48075.0951
 BOND   =       340.4075  ANGLE   =      1020.8095  DIHED      =      1375.3006
 1-4 NB =       450.8452  1-4 EEL =      6338.0091  VDWAALS    =      5463.0416
 EELEC  =    -63158.7898  EHBOND  =         0.0000  RESTRAINT  =        95.2812
 EAMBER (non-restraint)  =    -48170.3763
 ------------------------------------------------------------------------------

wrapping first mol.:       20.88048       29.52946       51.14652
wrapping first mol.:       20.88048       29.52946       51.14652

 NSTEP =     5000   TIME(PS) =     950.000  TEMP(K) =   304.42  PRESS =     0.0
 Etot   =    -38058.6321  EKtot   =     10170.9004  EPtot      =    -48229.5325
 BOND   =       331.5201  ANGLE   =      1076.6485  DIHED      =      1363.4123
 1-4 NB =       442.2284  1-4 EEL =      6319.3388  VDWAALS    =      5463.9967
 EELEC  =    -63325.2195  EHBOND  =         0.0000  RESTRAINT  =        98.5422
 EAMBER (non-restraint)  =    -48328.0747
 ------------------------------------------------------------------------------

wrapping first mol.:       20.88048       29.52946       51.14652
wrapping first mol.:       20.88048       29.52946       51.14652

 NSTEP =     5500   TIME(PS) =     951.000  TEMP(K) =   299.80  PRESS =     0.0
 Etot   =    -38103.6972  EKtot   =     10016.3848  EPtot      =    -48120.0819
 BOND   =       336.0833  ANGLE   =      1022.8785  DIHED      =      1349.4747
 1-4 NB =       448.2623  1-4 EEL =      6303.9674  VDWAALS    =      5515.4468
 EELEC  =    -63187.3872  EHBOND  =         0.0000  RESTRAINT  =        91.1923
 EAMBER (non-restraint)  =    -48211.2742
 ------------------------------------------------------------------------------

wrapping first mol.:       20.88048       29.52946       51.14652
wrapping first mol.:       20.88048       29.52946       51.14652

 NSTEP =     6000   TIME(PS) =     952.000  TEMP(K) =   302.97  PRESS =     0.0
 Etot   =    -37928.8720  EKtot   =     10122.2900  EPtot      =    -48051.1620
 BOND   =       350.4243  ANGLE   =      1066.4935  DIHED      =      1362.9930
 1-4 NB =       476.2479  1-4 EEL =      6334.6296  VDWAALS    =      5202.2920
 EELEC  =    -62944.4399  EHBOND  =         0.0000  RESTRAINT  =       100.1976
 EAMBER (non-restraint)  =    -48151.3596
 ------------------------------------------------------------------------------

wrapping first mol.:       20.88048       29.52946       51.14652
wrapping first mol.:       20.88048       29.52946       51.14652

 NSTEP =     6500   TIME(PS) =     953.000  TEMP(K) =   300.15  PRESS =     0.0
 Etot   =    -37813.2533  EKtot   =     10028.1963  EPtot      =    -47841.4496
 BOND   =       329.7502  ANGLE   =      1074.9482  DIHED      =      1324.0882
 1-4 NB =       457.8046  1-4 EEL =      6330.2666  VDWAALS    =      5367.4083
 EELEC  =    -62835.5751  EHBOND  =         0.0000  RESTRAINT  =       109.8593
 EAMBER (non-restraint)  =    -47951.3089
 ------------------------------------------------------------------------------

wrapping first mol.:       20.88048       29.52946       51.14652
wrapping first mol.:       20.88048       29.52946       51.14652

 NSTEP =     7000   TIME(PS) =     954.000  TEMP(K) =   299.82  PRESS =     0.0
 Etot   =    -37997.1482  EKtot   =     10017.3379  EPtot      =    -48014.4861
 BOND   =       338.1310  ANGLE   =      1059.1873  DIHED      =      1354.9818
 1-4 NB =       439.2023  1-4 EEL =      6297.4992  VDWAALS    =      5295.7340
 EELEC  =    -62892.2839  EHBOND  =         0.0000  RESTRAINT  =        93.0622
 EAMBER (non-restraint)  =    -48107.5483
 ------------------------------------------------------------------------------

wrapping first mol.:       20.88048       29.52946       51.14652
wrapping first mol.:       20.88048       29.52946       51.14652

 NSTEP =     7500   TIME(PS) =     955.000  TEMP(K) =   300.10  PRESS =     0.0
 Etot   =    -37878.2476  EKtot   =     10026.6279  EPtot      =    -47904.8755
 BOND   =       360.0085  ANGLE   =      1067.7865  DIHED      =      1362.4329
 1-4 NB =       450.2462  1-4 EEL =      6322.6788  VDWAALS    =      5175.6039
 EELEC  =    -62738.2464  EHBOND  =         0.0000  RESTRAINT  =        94.6140
 EAMBER (non-restraint)  =    -47999.4895
 ------------------------------------------------------------------------------

wrapping first mol.:       20.88048       29.52946       51.14652
wrapping first mol.:       20.88048       29.52946       51.14652

 NSTEP =     8000   TIME(PS) =     956.000  TEMP(K) =   299.25  PRESS =     0.0
 Etot   =    -38067.6269  EKtot   =      9998.2607  EPtot      =    -48065.8876
 BOND   =       352.0126  ANGLE   =      1061.6086  DIHED      =      1339.9758
 1-4 NB =       446.7073  1-4 EEL =      6291.5454  VDWAALS    =      5433.7281
 EELEC  =    -63090.4479  EHBOND  =         0.0000  RESTRAINT  =        98.9824
 EAMBER (non-restraint)  =    -48164.8700
 ------------------------------------------------------------------------------

wrapping first mol.:       20.88048       29.52946       51.14652
wrapping first mol.:       20.88048       29.52946       51.14652

 NSTEP =     8500   TIME(PS) =     957.000  TEMP(K) =   300.15  PRESS =     0.0
 Etot   =    -38024.8206  EKtot   =     10028.3350  EPtot      =    -48053.1556
 BOND   =       346.4512  ANGLE   =      1068.9487  DIHED      =      1362.7181
 1-4 NB =       459.6394  1-4 EEL =      6283.4887  VDWAALS    =      5475.1885
 EELEC  =    -63160.4533  EHBOND  =         0.0000  RESTRAINT  =       110.8632
 EAMBER (non-restraint)  =    -48164.0187
 ------------------------------------------------------------------------------

wrapping first mol.:       20.88048       29.52946       51.14652
wrapping first mol.:       20.88048       29.52946       51.14652

 NSTEP =     9000   TIME(PS) =     958.000  TEMP(K) =   296.76  PRESS =     0.0
 Etot   =    -38174.9649  EKtot   =      9914.8809  EPtot      =    -48089.8457
 BOND   =       333.2519  ANGLE   =      1018.6101  DIHED      =      1359.0252
 1-4 NB =       448.8026  1-4 EEL =      6359.5359  VDWAALS    =      5444.7455
 EELEC  =    -63153.9231  EHBOND  =         0.0000  RESTRAINT  =       100.1062
 EAMBER (non-restraint)  =    -48189.9520
 ------------------------------------------------------------------------------

wrapping first mol.:       20.88048       29.52946       51.14652
wrapping first mol.:       20.88048       29.52946       51.14652

 NSTEP =     9500   TIME(PS) =     959.000  TEMP(K) =   301.91  PRESS =     0.0
 Etot   =    -37696.6566  EKtot   =     10086.9971  EPtot      =    -47783.6537
 BOND   =       334.1188  ANGLE   =      1111.5905  DIHED      =      1358.4688
 1-4 NB =       453.5621  1-4 EEL =      6319.1599  VDWAALS    =      5227.4958
 EELEC  =    -62689.7907  EHBOND  =         0.0000  RESTRAINT  =       101.7410
 EAMBER (non-restraint)  =    -47885.3948
 ------------------------------------------------------------------------------

wrapping first mol.:       20.88048       29.52946       51.14652
wrapping first mol.:       20.88048       29.52946       51.14652

 NSTEP =    10000   TIME(PS) =     960.000  TEMP(K) =   301.75  PRESS =     0.0
 Etot   =    -37920.8314  EKtot   =     10081.7539  EPtot      =    -48002.5853
 BOND   =       387.8172  ANGLE   =      1062.9406  DIHED      =      1340.1820
 1-4 NB =       443.3761  1-4 EEL =      6290.4323  VDWAALS    =      5429.5818
 EELEC  =    -63051.5174  EHBOND  =         0.0000  RESTRAINT  =        94.6023
 EAMBER (non-restraint)  =    -48097.1876
 ------------------------------------------------------------------------------

wrapping first mol.:       20.88048       29.52946       51.14652
wrapping first mol.:       20.88048       29.52946       51.14652

 NSTEP =    10500   TIME(PS) =     961.000  TEMP(K) =   303.28  PRESS =     0.0
 Etot   =    -37899.3645  EKtot   =     10132.9004  EPtot      =    -48032.2649
 BOND   =       353.1055  ANGLE   =       991.8373  DIHED      =      1337.7923
 1-4 NB =       467.8925  1-4 EEL =      6335.9487  VDWAALS    =      5304.6150
 EELEC  =    -62928.2367  EHBOND  =         0.0000  RESTRAINT  =       104.7805
 EAMBER (non-restraint)  =    -48137.0454
 ------------------------------------------------------------------------------

wrapping first mol.:       20.88048       29.52946       51.14652
wrapping first mol.:       20.88048       29.52946       51.14652

 NSTEP =    11000   TIME(PS) =     962.000  TEMP(K) =   302.18  PRESS =     0.0
 Etot   =    -37922.0865  EKtot   =     10095.8770  EPtot      =    -48017.9634
 BOND   =       375.4143  ANGLE   =      1013.7399  DIHED      =      1357.4632
 1-4 NB =       453.3702  1-4 EEL =      6302.6730  VDWAALS    =      5507.5147
 EELEC  =    -63137.0624  EHBOND  =         0.0000  RESTRAINT  =       108.9237
 EAMBER (non-restraint)  =    -48126.8871
 ------------------------------------------------------------------------------

wrapping first mol.:       20.88048       29.52946       51.14652
wrapping first mol.:       20.88048       29.52946       51.14652

 NSTEP =    11500   TIME(PS) =     963.000  TEMP(K) =   299.72  PRESS =     0.0
 Etot   =    -38156.3433  EKtot   =     10013.8682  EPtot      =    -48170.2115
 BOND   =       328.5930  ANGLE   =      1034.9480  DIHED      =      1351.5744
 1-4 NB =       461.3281  1-4 EEL =      6336.0249  VDWAALS    =      5339.7939
 EELEC  =    -63116.4352  EHBOND  =         0.0000  RESTRAINT  =        93.9615
 EAMBER (non-restraint)  =    -48264.1729
 ------------------------------------------------------------------------------

wrapping first mol.:       20.88048       29.52946       51.14652
wrapping first mol.:       20.88048       29.52946       51.14652

 NSTEP =    12000   TIME(PS) =     964.000  TEMP(K) =   301.71  PRESS =     0.0
 Etot   =    -37898.1923  EKtot   =     10080.3652  EPtot      =    -47978.5575
 BOND   =       346.9519  ANGLE   =      1029.8880  DIHED      =      1367.1567
 1-4 NB =       460.8490  1-4 EEL =      6318.2903  VDWAALS    =      5396.0369
 EELEC  =    -63004.6356  EHBOND  =         0.0000  RESTRAINT  =       106.9053
 EAMBER (non-restraint)  =    -48085.4628
 ------------------------------------------------------------------------------

wrapping first mol.:       20.88048       29.52946       51.14652
wrapping first mol.:       20.88048       29.52946       51.14652

 NSTEP =    12500   TIME(PS) =     965.000  TEMP(K) =   299.22  PRESS =     0.0
 Etot   =    -37916.3687  EKtot   =      9997.1650  EPtot      =    -47913.5338
 BOND   =       364.1852  ANGLE   =      1041.9860  DIHED      =      1367.0849
 1-4 NB =       448.5704  1-4 EEL =      6302.2307  VDWAALS    =      5306.5683
 EELEC  =    -62843.5874  EHBOND  =         0.0000  RESTRAINT  =        99.4282
 EAMBER (non-restraint)  =    -48012.9619
 ------------------------------------------------------------------------------

wrapping first mol.:       20.88048       29.52946       51.14652
wrapping first mol.:       20.88048       29.52946       51.14652

 NSTEP =    13000   TIME(PS) =     966.000  TEMP(K) =   299.89  PRESS =     0.0
 Etot   =    -37898.8748  EKtot   =     10019.6270  EPtot      =    -47918.5018
 BOND   =       325.1924  ANGLE   =      1022.2942  DIHED      =      1348.2579
 1-4 NB =       452.1345  1-4 EEL =      6316.4632  VDWAALS    =      5116.2341
 EELEC  =    -62606.7623  EHBOND  =         0.0000  RESTRAINT  =       107.6842
 EAMBER (non-restraint)  =    -48026.1859
 ------------------------------------------------------------------------------

wrapping first mol.:       20.88048       29.52946       51.14652
wrapping first mol.:       20.88048       29.52946       51.14652

 NSTEP =    13500   TIME(PS) =     967.000  TEMP(K) =   298.90  PRESS =     0.0
 Etot   =    -37972.4574  EKtot   =      9986.5244  EPtot      =    -47958.9818
 BOND   =       366.1412  ANGLE   =      1030.7360  DIHED      =      1348.8167
 1-4 NB =       448.0702  1-4 EEL =      6270.7237  VDWAALS    =      5245.3823
 EELEC  =    -62770.4089  EHBOND  =         0.0000  RESTRAINT  =       101.5570
 EAMBER (non-restraint)  =    -48060.5388
 ------------------------------------------------------------------------------

wrapping first mol.:       20.88048       29.52946       51.14652
wrapping first mol.:       20.88048       29.52946       51.14652

 NSTEP =    14000   TIME(PS) =     968.000  TEMP(K) =   300.92  PRESS =     0.0
 Etot   =    -38083.0095  EKtot   =     10053.8779  EPtot      =    -48136.8874
 BOND   =       345.9905  ANGLE   =      1025.1229  DIHED      =      1365.0249
 1-4 NB =       446.4956  1-4 EEL =      6293.4160  VDWAALS    =      5417.6280
 EELEC  =    -63133.1344  EHBOND  =         0.0000  RESTRAINT  =       102.5691
 EAMBER (non-restraint)  =    -48239.4565
 ------------------------------------------------------------------------------

wrapping first mol.:       20.88048       29.52946       51.14652
wrapping first mol.:       20.88048       29.52946       51.14652

 NSTEP =    14500   TIME(PS) =     969.000  TEMP(K) =   298.20  PRESS =     0.0
 Etot   =    -38005.5520  EKtot   =      9962.9033  EPtot      =    -47968.4553
 BOND   =       337.4530  ANGLE   =      1093.8715  DIHED      =      1379.2079
 1-4 NB =       450.8386  1-4 EEL =      6260.7061  VDWAALS    =      5345.8880
 EELEC  =    -62941.4300  EHBOND  =         0.0000  RESTRAINT  =       105.0095
 EAMBER (non-restraint)  =    -48073.4648
 ------------------------------------------------------------------------------

wrapping first mol.:       20.88048       29.52946       51.14652
wrapping first mol.:       20.88048       29.52946       51.14652

 NSTEP =    15000   TIME(PS) =     970.000  TEMP(K) =   293.96  PRESS =     0.0
 Etot   =    -38174.8622  EKtot   =      9821.2871  EPtot      =    -47996.1493
 BOND   =       384.5024  ANGLE   =      1041.4530  DIHED      =      1377.2833
 1-4 NB =       447.3731  1-4 EEL =      6290.1252  VDWAALS    =      5404.0505
 EELEC  =    -63034.4205  EHBOND  =         0.0000  RESTRAINT  =        93.4838
 EAMBER (non-restraint)  =    -48089.6330
 ------------------------------------------------------------------------------

wrapping first mol.:       20.88048       29.52946       51.14652
wrapping first mol.:       20.88048       29.52946       51.14652

 NSTEP =    15500   TIME(PS) =     971.000  TEMP(K) =   299.27  PRESS =     0.0
 Etot   =    -38039.6707  EKtot   =      9998.7246  EPtot      =    -48038.3953
 BOND   =       350.1254  ANGLE   =      1043.5138  DIHED      =      1347.3337
 1-4 NB =       449.4355  1-4 EEL =      6258.1590  VDWAALS    =      5208.5029
 EELEC  =    -62797.7418  EHBOND  =         0.0000  RESTRAINT  =       102.2761
 EAMBER (non-restraint)  =    -48140.6714
 ------------------------------------------------------------------------------

wrapping first mol.:       20.88048       29.52946       51.14652
wrapping first mol.:       20.88048       29.52946       51.14652

 NSTEP =    16000   TIME(PS) =     972.000  TEMP(K) =   299.70  PRESS =     0.0
 Etot   =    -38296.9502  EKtot   =     10013.1055  EPtot      =    -48310.0557
 BOND   =       360.2585  ANGLE   =      1012.7776  DIHED      =      1322.5566
 1-4 NB =       443.0421  1-4 EEL =      6302.8872  VDWAALS    =      5216.3394
 EELEC  =    -63070.9439  EHBOND  =         0.0000  RESTRAINT  =       103.0268
 EAMBER (non-restraint)  =    -48413.0825
 ------------------------------------------------------------------------------

wrapping first mol.:       20.88048       29.52946       51.14652
wrapping first mol.:       20.88048       29.52946       51.14652

 NSTEP =    16500   TIME(PS) =     973.000  TEMP(K) =   301.74  PRESS =     0.0
 Etot   =    -37975.0876  EKtot   =     10081.4941  EPtot      =    -48056.5817
 BOND   =       344.7087  ANGLE   =      1083.1419  DIHED      =      1356.6941
 1-4 NB =       439.2128  1-4 EEL =      6306.3738  VDWAALS    =      5437.7809
 EELEC  =    -63139.2882  EHBOND  =         0.0000  RESTRAINT  =       114.7942
 EAMBER (non-restraint)  =    -48171.3759
 ------------------------------------------------------------------------------

wrapping first mol.:       20.88048       29.52946       51.14652
wrapping first mol.:       20.88048       29.52946       51.14652

 NSTEP =    17000   TIME(PS) =     974.000  TEMP(K) =   300.91  PRESS =     0.0
 Etot   =    -38009.6229  EKtot   =     10053.5732  EPtot      =    -48063.1961
 BOND   =       357.8153  ANGLE   =      1056.7955  DIHED      =      1362.1555
 1-4 NB =       450.9996  1-4 EEL =      6266.5838  VDWAALS    =      5489.1955
 EELEC  =    -63136.0119  EHBOND  =         0.0000  RESTRAINT  =        89.2706
 EAMBER (non-restraint)  =    -48152.4668
 ------------------------------------------------------------------------------

wrapping first mol.:       20.88048       29.52946       51.14652
wrapping first mol.:       20.88048       29.52946       51.14652

 NSTEP =    17500   TIME(PS) =     975.000  TEMP(K) =   297.28  PRESS =     0.0
 Etot   =    -38175.8526  EKtot   =      9932.2881  EPtot      =    -48108.1407
 BOND   =       358.8106  ANGLE   =      1088.2301  DIHED      =      1352.1316
 1-4 NB =       435.2454  1-4 EEL =      6271.6567  VDWAALS    =      5305.3942
 EELEC  =    -63019.9313  EHBOND  =         0.0000  RESTRAINT  =       100.3220
 EAMBER (non-restraint)  =    -48208.4627
 ------------------------------------------------------------------------------

wrapping first mol.:       20.88048       29.52946       51.14652
wrapping first mol.:       20.88048       29.52946       51.14652

 NSTEP =    18000   TIME(PS) =     976.000  TEMP(K) =   300.86  PRESS =     0.0
 Etot   =    -37845.9072  EKtot   =     10051.7998  EPtot      =    -47897.7070
 BOND   =       358.3130  ANGLE   =      1077.9817  DIHED      =      1374.7999
 1-4 NB =       458.3689  1-4 EEL =      6320.0111  VDWAALS    =      5235.0123
 EELEC  =    -62818.5672  EHBOND  =         0.0000  RESTRAINT  =        96.3733
 EAMBER (non-restraint)  =    -47994.0803
 ------------------------------------------------------------------------------

wrapping first mol.:       20.88048       29.52946       51.14652
wrapping first mol.:       20.88048       29.52946       51.14652

 NSTEP =    18500   TIME(PS) =     977.000  TEMP(K) =   300.52  PRESS =     0.0
 Etot   =    -37816.8750  EKtot   =     10040.5801  EPtot      =    -47857.4551
 BOND   =       348.4706  ANGLE   =      1004.4675  DIHED      =      1362.3142
 1-4 NB =       438.4789  1-4 EEL =      6313.9845  VDWAALS    =      5350.2016
 EELEC  =    -62772.7949  EHBOND  =         0.0000  RESTRAINT  =        97.4226
 EAMBER (non-restraint)  =    -47954.8776
 ------------------------------------------------------------------------------

wrapping first mol.:       20.88048       29.52946       51.14652
wrapping first mol.:       20.88048       29.52946       51.14652

 NSTEP =    19000   TIME(PS) =     978.000  TEMP(K) =   297.01  PRESS =     0.0
 Etot   =    -38236.9015  EKtot   =      9923.4111  EPtot      =    -48160.3126
 BOND   =       392.5359  ANGLE   =      1028.3641  DIHED      =      1359.6023
 1-4 NB =       462.7750  1-4 EEL =      6307.4665  VDWAALS    =      5418.5087
 EELEC  =    -63229.1166  EHBOND  =         0.0000  RESTRAINT  =        99.5517
 EAMBER (non-restraint)  =    -48259.8643
 ------------------------------------------------------------------------------

wrapping first mol.:       20.88048       29.52946       51.14652
wrapping first mol.:       20.88048       29.52946       51.14652

 NSTEP =    19500   TIME(PS) =     979.000  TEMP(K) =   297.90  PRESS =     0.0
 Etot   =    -38246.5865  EKtot   =      9953.0205  EPtot      =    -48199.6070
 BOND   =       353.8744  ANGLE   =      1051.3774  DIHED      =      1363.1351
 1-4 NB =       453.3913  1-4 EEL =      6293.4284  VDWAALS    =      5545.6775
 EELEC  =    -63363.0878  EHBOND  =         0.0000  RESTRAINT  =       102.5967
 EAMBER (non-restraint)  =    -48302.2038
 ------------------------------------------------------------------------------

wrapping first mol.:       20.88048       29.52946       51.14652
wrapping first mol.:       20.88048       29.52946       51.14652

 NSTEP =    20000   TIME(PS) =     980.000  TEMP(K) =   303.18  PRESS =     0.0
 Etot   =    -37844.7192  EKtot   =     10129.4053  EPtot      =    -47974.1245
 BOND   =       352.2510  ANGLE   =      1086.5025  DIHED      =      1362.5778
 1-4 NB =       458.0273  1-4 EEL =      6317.2939  VDWAALS    =      5571.9838
 EELEC  =    -63231.1430  EHBOND  =         0.0000  RESTRAINT  =       108.3820
 EAMBER (non-restraint)  =    -48082.5065
 ------------------------------------------------------------------------------

wrapping first mol.:       20.88048       29.52946       51.14652
wrapping first mol.:       20.88048       29.52946       51.14652

 NSTEP =    20500   TIME(PS) =     981.000  TEMP(K) =   303.64  PRESS =     0.0
 Etot   =    -37938.7066  EKtot   =     10144.9570  EPtot      =    -48083.6636
 BOND   =       319.5399  ANGLE   =      1049.0366  DIHED      =      1354.9517
 1-4 NB =       460.1940  1-4 EEL =      6331.2914  VDWAALS    =      5296.2065
 EELEC  =    -62988.9623  EHBOND  =         0.0000  RESTRAINT  =        94.0785
 EAMBER (non-restraint)  =    -48177.7421
 ------------------------------------------------------------------------------

wrapping first mol.:       20.88048       29.52946       51.14652
wrapping first mol.:       20.88048       29.52946       51.14652

 NSTEP =    21000   TIME(PS) =     982.000  TEMP(K) =   298.40  PRESS =     0.0
 Etot   =    -38058.5500  EKtot   =      9969.8906  EPtot      =    -48028.4406
 BOND   =       343.3204  ANGLE   =      1051.9147  DIHED      =      1346.7983
 1-4 NB =       437.5514  1-4 EEL =      6320.1680  VDWAALS    =      5321.5809
 EELEC  =    -62932.5830  EHBOND  =         0.0000  RESTRAINT  =        82.8088
 EAMBER (non-restraint)  =    -48111.2494
 ------------------------------------------------------------------------------

wrapping first mol.:       20.88048       29.52946       51.14652
wrapping first mol.:       20.88048       29.52946       51.14652

 NSTEP =    21500   TIME(PS) =     983.000  TEMP(K) =   299.55  PRESS =     0.0
 Etot   =    -38096.8871  EKtot   =     10008.1641  EPtot      =    -48105.0512
 BOND   =       344.4141  ANGLE   =      1029.3258  DIHED      =      1348.8180
 1-4 NB =       448.6082  1-4 EEL =      6297.3858  VDWAALS    =      5395.9330
 EELEC  =    -63067.9407  EHBOND  =         0.0000  RESTRAINT  =        98.4046
 EAMBER (non-restraint)  =    -48203.4558
 ------------------------------------------------------------------------------

wrapping first mol.:       20.88048       29.52946       51.14652
wrapping first mol.:       20.88048       29.52946       51.14652

 NSTEP =    22000   TIME(PS) =     984.000  TEMP(K) =   298.92  PRESS =     0.0
 Etot   =    -37956.7599  EKtot   =      9987.2559  EPtot      =    -47944.0158
 BOND   =       339.6214  ANGLE   =      1081.8590  DIHED      =      1355.1301
 1-4 NB =       435.0783  1-4 EEL =      6328.6674  VDWAALS    =      5376.3396
 EELEC  =    -62954.2489  EHBOND  =         0.0000  RESTRAINT  =        93.5375
 EAMBER (non-restraint)  =    -48037.5533
 ------------------------------------------------------------------------------

wrapping first mol.:       20.88048       29.52946       51.14652
wrapping first mol.:       20.88048       29.52946       51.14652

 NSTEP =    22500   TIME(PS) =     985.000  TEMP(K) =   301.51  PRESS =     0.0
 Etot   =    -37951.0588  EKtot   =     10073.7803  EPtot      =    -48024.8391
 BOND   =       360.0156  ANGLE   =      1032.7559  DIHED      =      1346.8336
 1-4 NB =       445.6532  1-4 EEL =      6313.8345  VDWAALS    =      5139.1958
 EELEC  =    -62766.8770  EHBOND  =         0.0000  RESTRAINT  =       103.7494
 EAMBER (non-restraint)  =    -48128.5885
 ------------------------------------------------------------------------------

wrapping first mol.:       20.88048       29.52946       51.14652
wrapping first mol.:       20.88048       29.52946       51.14652

 NSTEP =    23000   TIME(PS) =     986.000  TEMP(K) =   297.31  PRESS =     0.0
 Etot   =    -38053.5083  EKtot   =      9933.3193  EPtot      =    -47986.8276
 BOND   =       324.7320  ANGLE   =      1060.6230  DIHED      =      1340.9247
 1-4 NB =       451.0315  1-4 EEL =      6335.7886  VDWAALS    =      5401.9567
 EELEC  =    -63007.1173  EHBOND  =         0.0000  RESTRAINT  =       105.2332
 EAMBER (non-restraint)  =    -48092.0608
 ------------------------------------------------------------------------------

wrapping first mol.:       20.88048       29.52946       51.14652
wrapping first mol.:       20.88048       29.52946       51.14652

 NSTEP =    23500   TIME(PS) =     987.000  TEMP(K) =   301.71  PRESS =     0.0
 Etot   =    -37963.8964  EKtot   =     10080.3818  EPtot      =    -48044.2782
 BOND   =       342.9134  ANGLE   =      1035.1510  DIHED      =      1359.7923
 1-4 NB =       449.6198  1-4 EEL =      6332.4264  VDWAALS    =      5346.2347
 EELEC  =    -63007.9741  EHBOND  =         0.0000  RESTRAINT  =        97.5583
 EAMBER (non-restraint)  =    -48141.8366
 ------------------------------------------------------------------------------

wrapping first mol.:       20.88048       29.52946       51.14652
wrapping first mol.:       20.88048       29.52946       51.14652

 NSTEP =    24000   TIME(PS) =     988.000  TEMP(K) =   296.96  PRESS =     0.0
 Etot   =    -38032.3717  EKtot   =      9921.6289  EPtot      =    -47954.0006
 BOND   =       342.7335  ANGLE   =      1046.0041  DIHED      =      1331.5817
 1-4 NB =       453.1083  1-4 EEL =      6332.4297  VDWAALS    =      5415.2404
 EELEC  =    -62971.4947  EHBOND  =         0.0000  RESTRAINT  =        96.3964
 EAMBER (non-restraint)  =    -48050.3971
 ------------------------------------------------------------------------------

wrapping first mol.:       20.88048       29.52946       51.14652
wrapping first mol.:       20.88048       29.52946       51.14652

 NSTEP =    24500   TIME(PS) =     989.000  TEMP(K) =   298.36  PRESS =     0.0
 Etot   =    -38146.3721  EKtot   =      9968.2617  EPtot      =    -48114.6338
 BOND   =       333.8194  ANGLE   =      1035.8525  DIHED      =      1342.2547
 1-4 NB =       457.9456  1-4 EEL =      6327.4416  VDWAALS    =      5357.2388
 EELEC  =    -63085.2888  EHBOND  =         0.0000  RESTRAINT  =       116.1025
 EAMBER (non-restraint)  =    -48230.7363
 ------------------------------------------------------------------------------

wrapping first mol.:       20.88048       29.52946       51.14652
wrapping first mol.:       20.88048       29.52946       51.14652

 NSTEP =    25000   TIME(PS) =     990.000  TEMP(K) =   294.55  PRESS =     0.0
 Etot   =    -38102.6827  EKtot   =      9841.1582  EPtot      =    -47943.8409
 BOND   =       357.9840  ANGLE   =      1077.8837  DIHED      =      1346.1559
 1-4 NB =       436.2481  1-4 EEL =      6314.8850  VDWAALS    =      5277.2509
 EELEC  =    -62850.0604  EHBOND  =         0.0000  RESTRAINT  =        95.8121
 EAMBER (non-restraint)  =    -48039.6530
 ------------------------------------------------------------------------------

wrapping first mol.:       20.88048       29.52946       51.14652
wrapping first mol.:       20.88048       29.52946       51.14652

 NSTEP =    25500   TIME(PS) =     991.000  TEMP(K) =   303.09  PRESS =     0.0
 Etot   =    -37863.0013  EKtot   =     10126.3545  EPtot      =    -47989.3558
 BOND   =       362.8033  ANGLE   =      1068.1646  DIHED      =      1383.9895
 1-4 NB =       442.0729  1-4 EEL =      6298.4755  VDWAALS    =      5394.9839
 EELEC  =    -63048.2180  EHBOND  =         0.0000  RESTRAINT  =       108.3725
 EAMBER (non-restraint)  =    -48097.7283
 ------------------------------------------------------------------------------

wrapping first mol.:       20.88048       29.52946       51.14652
wrapping first mol.:       20.88048       29.52946       51.14652

 NSTEP =    26000   TIME(PS) =     992.000  TEMP(K) =   301.20  PRESS =     0.0
 Etot   =    -37941.7620  EKtot   =     10063.2725  EPtot      =    -48005.0345
 BOND   =       342.4279  ANGLE   =      1051.8259  DIHED      =      1338.6496
 1-4 NB =       447.3962  1-4 EEL =      6330.2160  VDWAALS    =      5297.8326
 EELEC  =    -62916.9555  EHBOND  =         0.0000  RESTRAINT  =       103.5729
 EAMBER (non-restraint)  =    -48108.6073
 ------------------------------------------------------------------------------

wrapping first mol.:       20.88048       29.52946       51.14652
wrapping first mol.:       20.88048       29.52946       51.14652

 NSTEP =    26500   TIME(PS) =     993.000  TEMP(K) =   299.67  PRESS =     0.0
 Etot   =    -38067.9582  EKtot   =     10012.1826  EPtot      =    -48080.1408
 BOND   =       343.1768  ANGLE   =      1067.3916  DIHED      =      1346.0194
 1-4 NB =       452.6282  1-4 EEL =      6318.0087  VDWAALS    =      5306.5012
 EELEC  =    -63006.3662  EHBOND  =         0.0000  RESTRAINT  =        92.4995
 EAMBER (non-restraint)  =    -48172.6403
 ------------------------------------------------------------------------------

wrapping first mol.:       20.88048       29.52946       51.14652
wrapping first mol.:       20.88048       29.52946       51.14652

 NSTEP =    27000   TIME(PS) =     994.000  TEMP(K) =   300.63  PRESS =     0.0
 Etot   =    -38078.8668  EKtot   =     10044.2373  EPtot      =    -48123.1041
 BOND   =       348.8937  ANGLE   =      1088.3815  DIHED      =      1365.2563
 1-4 NB =       446.0477  1-4 EEL =      6302.6348  VDWAALS    =      5509.9787
 EELEC  =    -63285.9024  EHBOND  =         0.0000  RESTRAINT  =       101.6056
 EAMBER (non-restraint)  =    -48224.7097
 ------------------------------------------------------------------------------

wrapping first mol.:       20.88048       29.52946       51.14652
wrapping first mol.:       20.88048       29.52946       51.14652

 NSTEP =    27500   TIME(PS) =     995.000  TEMP(K) =   300.10  PRESS =     0.0
 Etot   =    -38003.3230  EKtot   =     10026.4053  EPtot      =    -48029.7283
 BOND   =       361.5062  ANGLE   =      1113.2266  DIHED      =      1356.9990
 1-4 NB =       443.5410  1-4 EEL =      6312.3665  VDWAALS    =      5558.1170
 EELEC  =    -63276.1902  EHBOND  =         0.0000  RESTRAINT  =       100.7056
 EAMBER (non-restraint)  =    -48130.4339
 ------------------------------------------------------------------------------

wrapping first mol.:       20.88048       29.52946       51.14652
wrapping first mol.:       20.88048       29.52946       51.14652

 NSTEP =    28000   TIME(PS) =     996.000  TEMP(K) =   303.09  PRESS =     0.0
 Etot   =    -37793.8920  EKtot   =     10126.4697  EPtot      =    -47920.3617
 BOND   =       359.5079  ANGLE   =      1060.0194  DIHED      =      1359.1580
 1-4 NB =       463.7080  1-4 EEL =      6311.2474  VDWAALS    =      5281.3391
 EELEC  =    -62854.5122  EHBOND  =         0.0000  RESTRAINT  =        99.1704
 EAMBER (non-restraint)  =    -48019.5322
 ------------------------------------------------------------------------------

wrapping first mol.:       20.88048       29.52946       51.14652
wrapping first mol.:       20.88048       29.52946       51.14652

 NSTEP =    28500   TIME(PS) =     997.000  TEMP(K) =   301.68  PRESS =     0.0
 Etot   =    -38047.7429  EKtot   =     10079.1602  EPtot      =    -48126.9031
 BOND   =       341.4511  ANGLE   =      1058.7768  DIHED      =      1353.9039
 1-4 NB =       455.9179  1-4 EEL =      6311.2324  VDWAALS    =      5323.8990
 EELEC  =    -63066.3010  EHBOND  =         0.0000  RESTRAINT  =        94.2170
 EAMBER (non-restraint)  =    -48221.1201
 ------------------------------------------------------------------------------

wrapping first mol.:       20.88048       29.52946       51.14652
wrapping first mol.:       20.88048       29.52946       51.14652

 NSTEP =    29000   TIME(PS) =     998.000  TEMP(K) =   295.72  PRESS =     0.0
 Etot   =    -38148.4235  EKtot   =      9880.2188  EPtot      =    -48028.6422
 BOND   =       355.2617  ANGLE   =      1043.6907  DIHED      =      1342.5947
 1-4 NB =       473.4759  1-4 EEL =      6322.3428  VDWAALS    =      5384.1040
 EELEC  =    -63057.9754  EHBOND  =         0.0000  RESTRAINT  =       107.8633
 EAMBER (non-restraint)  =    -48136.5055
 ------------------------------------------------------------------------------

wrapping first mol.:       20.88048       29.52946       51.14652
wrapping first mol.:       20.88048       29.52946       51.14652

 NSTEP =    29500   TIME(PS) =     999.000  TEMP(K) =   300.32  PRESS =     0.0
 Etot   =    -38235.8540  EKtot   =     10033.7568  EPtot      =    -48269.6108
 BOND   =       348.0006  ANGLE   =      1032.5322  DIHED      =      1366.5085
 1-4 NB =       447.1599  1-4 EEL =      6276.6987  VDWAALS    =      5242.0162
 EELEC  =    -63084.1145  EHBOND  =         0.0000  RESTRAINT  =       101.5876
 EAMBER (non-restraint)  =    -48371.1984
 ------------------------------------------------------------------------------

wrapping first mol.:       20.88048       29.52946       51.14652
wrapping first mol.:       20.88048       29.52946       51.14652

 NSTEP =    30000   TIME(PS) =    1000.000  TEMP(K) =   295.79  PRESS =     0.0
 Etot   =    -38209.4639  EKtot   =      9882.4473  EPtot      =    -48091.9111
 BOND   =       358.1342  ANGLE   =      1046.2875  DIHED      =      1357.4242
 1-4 NB =       446.1274  1-4 EEL =      6313.0971  VDWAALS    =      5499.1808
 EELEC  =    -63221.3597  EHBOND  =         0.0000  RESTRAINT  =       109.1973
 EAMBER (non-restraint)  =    -48201.1084
 ------------------------------------------------------------------------------

wrapping first mol.:       20.88048       29.52946       51.14652
wrapping first mol.:       20.88048       29.52946       51.14652

 NSTEP =    30500   TIME(PS) =    1001.000  TEMP(K) =   299.44  PRESS =     0.0
 Etot   =    -38142.6562  EKtot   =     10004.3330  EPtot      =    -48146.9892
 BOND   =       339.8662  ANGLE   =      1064.4489  DIHED      =      1356.4923
 1-4 NB =       441.9487  1-4 EEL =      6311.4894  VDWAALS    =      5450.4157
 EELEC  =    -63216.7903  EHBOND  =         0.0000  RESTRAINT  =       105.1398
 EAMBER (non-restraint)  =    -48252.1290
 ------------------------------------------------------------------------------

wrapping first mol.:       20.88048       29.52946       51.14652
wrapping first mol.:       20.88048       29.52946       51.14652

 NSTEP =    31000   TIME(PS) =    1002.000  TEMP(K) =   299.89  PRESS =     0.0
 Etot   =    -38056.9950  EKtot   =     10019.4834  EPtot      =    -48076.4784
 BOND   =       356.3668  ANGLE   =      1028.7393  DIHED      =      1358.4839
 1-4 NB =       446.1566  1-4 EEL =      6311.9667  VDWAALS    =      5397.3825
 EELEC  =    -63086.6334  EHBOND  =         0.0000  RESTRAINT  =       111.0592
 EAMBER (non-restraint)  =    -48187.5377
 ------------------------------------------------------------------------------

wrapping first mol.:       20.88048       29.52946       51.14652
wrapping first mol.:       20.88048       29.52946       51.14652

 NSTEP =    31500   TIME(PS) =    1003.000  TEMP(K) =   299.43  PRESS =     0.0
 Etot   =    -38025.8860  EKtot   =     10004.0459  EPtot      =    -48029.9319
 BOND   =       339.4041  ANGLE   =      1059.2331  DIHED      =      1345.4979
 1-4 NB =       445.0204  1-4 EEL =      6320.4458  VDWAALS    =      5523.7364
 EELEC  =    -63174.3961  EHBOND  =         0.0000  RESTRAINT  =       111.1266
 EAMBER (non-restraint)  =    -48141.0585
 ------------------------------------------------------------------------------

wrapping first mol.:       20.88048       29.52946       51.14652
wrapping first mol.:       20.88048       29.52946       51.14652

 NSTEP =    32000   TIME(PS) =    1004.000  TEMP(K) =   299.20  PRESS =     0.0
 Etot   =    -38107.7990  EKtot   =      9996.6064  EPtot      =    -48104.4055
 BOND   =       339.4738  ANGLE   =      1066.6528  DIHED      =      1329.2854
 1-4 NB =       439.4310  1-4 EEL =      6273.7302  VDWAALS    =      5516.4427
 EELEC  =    -63179.1716  EHBOND  =         0.0000  RESTRAINT  =       109.7503
 EAMBER (non-restraint)  =    -48214.1558
 ------------------------------------------------------------------------------

wrapping first mol.:       20.88048       29.52946       51.14652
wrapping first mol.:       20.88048       29.52946       51.14652

 NSTEP =    32500   TIME(PS) =    1005.000  TEMP(K) =   300.36  PRESS =     0.0
 Etot   =    -38056.8111  EKtot   =     10035.3496  EPtot      =    -48092.1607
 BOND   =       356.0500  ANGLE   =      1066.8212  DIHED      =      1342.2026
 1-4 NB =       447.7754  1-4 EEL =      6291.2095  VDWAALS    =      5299.4154
 EELEC  =    -62986.6241  EHBOND  =         0.0000  RESTRAINT  =        90.9893
 EAMBER (non-restraint)  =    -48183.1500
 ------------------------------------------------------------------------------

wrapping first mol.:       20.88048       29.52946       51.14652
wrapping first mol.:       20.88048       29.52946       51.14652

 NSTEP =    33000   TIME(PS) =    1006.000  TEMP(K) =   299.32  PRESS =     0.0
 Etot   =    -38136.3065  EKtot   =     10000.5244  EPtot      =    -48136.8309
 BOND   =       331.6596  ANGLE   =      1067.9040  DIHED      =      1344.7707
 1-4 NB =       441.3209  1-4 EEL =      6305.3691  VDWAALS    =      5558.9086
 EELEC  =    -63287.2988  EHBOND  =         0.0000  RESTRAINT  =       100.5350
 EAMBER (non-restraint)  =    -48237.3659
 ------------------------------------------------------------------------------

wrapping first mol.:       20.88048       29.52946       51.14652
wrapping first mol.:       20.88048       29.52946       51.14652

 NSTEP =    33500   TIME(PS) =    1007.000  TEMP(K) =   300.44  PRESS =     0.0
 Etot   =    -38052.1915  EKtot   =     10037.8184  EPtot      =    -48090.0099
 BOND   =       331.7165  ANGLE   =      1053.3147  DIHED      =      1354.6098
 1-4 NB =       451.8864  1-4 EEL =      6287.1018  VDWAALS    =      5382.1138
 EELEC  =    -63051.4726  EHBOND  =         0.0000  RESTRAINT  =       100.7198
 EAMBER (non-restraint)  =    -48190.7297
 ------------------------------------------------------------------------------

wrapping first mol.:       20.88048       29.52946       51.14652
wrapping first mol.:       20.88048       29.52946       51.14652

 NSTEP =    34000   TIME(PS) =    1008.000  TEMP(K) =   300.23  PRESS =     0.0
 Etot   =    -37894.1275  EKtot   =     10030.8906  EPtot      =    -47925.0181
 BOND   =       352.3759  ANGLE   =      1059.9550  DIHED      =      1352.7831
 1-4 NB =       463.5824  1-4 EEL =      6289.7397  VDWAALS    =      5377.1839
 EELEC  =    -62921.6246  EHBOND  =         0.0000  RESTRAINT  =       100.9865
 EAMBER (non-restraint)  =    -48026.0046
 ------------------------------------------------------------------------------

wrapping first mol.:       20.88048       29.52946       51.14652
wrapping first mol.:       20.88048       29.52946       51.14652

 NSTEP =    34500   TIME(PS) =    1009.000  TEMP(K) =   297.06  PRESS =     0.0
 Etot   =    -37992.8223  EKtot   =      9924.9443  EPtot      =    -47917.7666
 BOND   =       354.9385  ANGLE   =      1057.5223  DIHED      =      1350.2050
 1-4 NB =       454.6813  1-4 EEL =      6301.6689  VDWAALS    =      5251.7880
 EELEC  =    -62787.1258  EHBOND  =         0.0000  RESTRAINT  =        98.5554
 EAMBER (non-restraint)  =    -48016.3220
 ------------------------------------------------------------------------------

wrapping first mol.:       20.88048       29.52946       51.14652
wrapping first mol.:       20.88048       29.52946       51.14652

 NSTEP =    35000   TIME(PS) =    1010.000  TEMP(K) =   301.73  PRESS =     0.0
 Etot   =    -38075.2586  EKtot   =     10081.1035  EPtot      =    -48156.3621
 BOND   =       351.5751  ANGLE   =      1011.2961  DIHED      =      1355.2254
 1-4 NB =       455.8279  1-4 EEL =      6319.7685  VDWAALS    =      5434.5714
 EELEC  =    -63191.7492  EHBOND  =         0.0000  RESTRAINT  =       107.1228
 EAMBER (non-restraint)  =    -48263.4850
 ------------------------------------------------------------------------------

wrapping first mol.:       20.88048       29.52946       51.14652
wrapping first mol.:       20.88048       29.52946       51.14652

 NSTEP =    35500   TIME(PS) =    1011.000  TEMP(K) =   302.15  PRESS =     0.0
 Etot   =    -38173.1033  EKtot   =     10095.1572  EPtot      =    -48268.2605
 BOND   =       332.3159  ANGLE   =      1051.4273  DIHED      =      1347.9346
 1-4 NB =       456.6079  1-4 EEL =      6309.2990  VDWAALS    =      5627.5381
 EELEC  =    -63496.3486  EHBOND  =         0.0000  RESTRAINT  =       102.9654
 EAMBER (non-restraint)  =    -48371.2259
 ------------------------------------------------------------------------------

wrapping first mol.:       20.88048       29.52946       51.14652
wrapping first mol.:       20.88048       29.52946       51.14652

 NSTEP =    36000   TIME(PS) =    1012.000  TEMP(K) =   300.22  PRESS =     0.0
 Etot   =    -38059.7364  EKtot   =     10030.3896  EPtot      =    -48090.1260
 BOND   =       329.8930  ANGLE   =      1073.0113  DIHED      =      1378.5535
 1-4 NB =       452.7513  1-4 EEL =      6330.7419  VDWAALS    =      5395.2570
 EELEC  =    -63151.2549  EHBOND  =         0.0000  RESTRAINT  =       100.9209
 EAMBER (non-restraint)  =    -48191.0469
 ------------------------------------------------------------------------------

wrapping first mol.:       20.88048       29.52946       51.14652
wrapping first mol.:       20.88048       29.52946       51.14652

 NSTEP =    36500   TIME(PS) =    1013.000  TEMP(K) =   295.79  PRESS =     0.0
 Etot   =    -38202.3275  EKtot   =      9882.4414  EPtot      =    -48084.7689
 BOND   =       347.2564  ANGLE   =      1038.3706  DIHED      =      1364.7225
 1-4 NB =       459.2186  1-4 EEL =      6338.3858  VDWAALS    =      5416.3263
 EELEC  =    -63155.3378  EHBOND  =         0.0000  RESTRAINT  =       106.2887
 EAMBER (non-restraint)  =    -48191.0576
 ------------------------------------------------------------------------------

wrapping first mol.:       20.88048       29.52946       51.14652
wrapping first mol.:       20.88048       29.52946       51.14652

 NSTEP =    37000   TIME(PS) =    1014.000  TEMP(K) =   301.17  PRESS =     0.0
 Etot   =    -38048.7796  EKtot   =     10062.1328  EPtot      =    -48110.9124
 BOND   =       368.7522  ANGLE   =      1020.2607  DIHED      =      1367.4738
 1-4 NB =       451.5563  1-4 EEL =      6281.6013  VDWAALS    =      5238.0172
 EELEC  =    -62942.9604  EHBOND  =         0.0000  RESTRAINT  =       104.3864
 EAMBER (non-restraint)  =    -48215.2988
 ------------------------------------------------------------------------------

wrapping first mol.:       20.88048       29.52946       51.14652
wrapping first mol.:       20.88048       29.52946       51.14652

 NSTEP =    37500   TIME(PS) =    1015.000  TEMP(K) =   296.09  PRESS =     0.0
 Etot   =    -38128.0648  EKtot   =      9892.4512  EPtot      =    -48020.5159
 BOND   =       335.5477  ANGLE   =      1077.6862  DIHED      =      1374.8771
 1-4 NB =       447.4275  1-4 EEL =      6321.6037  VDWAALS    =      5506.1673
 EELEC  =    -63193.9646  EHBOND  =         0.0000  RESTRAINT  =       110.1391
 EAMBER (non-restraint)  =    -48130.6550
 ------------------------------------------------------------------------------

wrapping first mol.:       20.88048       29.52946       51.14652
wrapping first mol.:       20.88048       29.52946       51.14652

 NSTEP =    38000   TIME(PS) =    1016.000  TEMP(K) =   303.15  PRESS =     0.0
 Etot   =    -38270.0472  EKtot   =     10128.5479  EPtot      =    -48398.5950
 BOND   =       344.6728  ANGLE   =      1044.4869  DIHED      =      1359.8524
 1-4 NB =       442.4030  1-4 EEL =      6265.0056  VDWAALS    =      5530.5955
 EELEC  =    -63501.4118  EHBOND  =         0.0000  RESTRAINT  =       115.8005
 EAMBER (non-restraint)  =    -48514.3955
 ------------------------------------------------------------------------------

wrapping first mol.:       20.88048       29.52946       51.14652
wrapping first mol.:       20.88048       29.52946       51.14652

 NSTEP =    38500   TIME(PS) =    1017.000  TEMP(K) =   299.79  PRESS =     0.0
 Etot   =    -38076.0737  EKtot   =     10016.1689  EPtot      =    -48092.2426
 BOND   =       334.3475  ANGLE   =      1057.2905  DIHED      =      1346.6932
 1-4 NB =       453.3061  1-4 EEL =      6303.5489  VDWAALS    =      5377.1710
 EELEC  =    -63063.0895  EHBOND  =         0.0000  RESTRAINT  =        98.4898
 EAMBER (non-restraint)  =    -48190.7325
 ------------------------------------------------------------------------------

wrapping first mol.:       20.88048       29.52946       51.14652
wrapping first mol.:       20.88048       29.52946       51.14652

 NSTEP =    39000   TIME(PS) =    1018.000  TEMP(K) =   297.65  PRESS =     0.0
 Etot   =    -38234.2203  EKtot   =      9944.6592  EPtot      =    -48178.8795
 BOND   =       354.6343  ANGLE   =      1054.6806  DIHED      =      1359.5485
 1-4 NB =       443.5911  1-4 EEL =      6316.5307  VDWAALS    =      5417.5284
 EELEC  =    -63223.2303  EHBOND  =         0.0000  RESTRAINT  =        97.8372
 EAMBER (non-restraint)  =    -48276.7167
 ------------------------------------------------------------------------------

wrapping first mol.:       20.88048       29.52946       51.14652
wrapping first mol.:       20.88048       29.52946       51.14652

 NSTEP =    39500   TIME(PS) =    1019.000  TEMP(K) =   303.03  PRESS =     0.0
 Etot   =    -38007.3593  EKtot   =     10124.5908  EPtot      =    -48131.9502
 BOND   =       368.5237  ANGLE   =      1047.2806  DIHED      =      1377.7778
 1-4 NB =       436.5362  1-4 EEL =      6290.4791  VDWAALS    =      5404.2905
 EELEC  =    -63167.7593  EHBOND  =         0.0000  RESTRAINT  =       110.9211
 EAMBER (non-restraint)  =    -48242.8713
 ------------------------------------------------------------------------------

wrapping first mol.:       20.88048       29.52946       51.14652
wrapping first mol.:       20.88048       29.52946       51.14652

 NSTEP =    40000   TIME(PS) =    1020.000  TEMP(K) =   299.09  PRESS =     0.0
 Etot   =    -37981.3523  EKtot   =      9992.8389  EPtot      =    -47974.1912
 BOND   =       351.0818  ANGLE   =      1053.2948  DIHED      =      1367.1472
 1-4 NB =       469.4483  1-4 EEL =      6300.6923  VDWAALS    =      5510.7779
 EELEC  =    -63134.6143  EHBOND  =         0.0000  RESTRAINT  =       107.9808
 EAMBER (non-restraint)  =    -48082.1720
 ------------------------------------------------------------------------------

wrapping first mol.:       20.88048       29.52946       51.14652
wrapping first mol.:       20.88048       29.52946       51.14652

 NSTEP =    40500   TIME(PS) =    1021.000  TEMP(K) =   300.86  PRESS =     0.0
 Etot   =    -37956.2603  EKtot   =     10051.8115  EPtot      =    -48008.0718
 BOND   =       361.9196  ANGLE   =      1027.7926  DIHED      =      1340.1582
 1-4 NB =       450.5329  1-4 EEL =      6298.7926  VDWAALS    =      5364.7219
 EELEC  =    -62955.9640  EHBOND  =         0.0000  RESTRAINT  =       103.9745
 EAMBER (non-restraint)  =    -48112.0463
 ------------------------------------------------------------------------------

wrapping first mol.:       20.88048       29.52946       51.14652
wrapping first mol.:       20.88048       29.52946       51.14652

 NSTEP =    41000   TIME(PS) =    1022.000  TEMP(K) =   300.38  PRESS =     0.0
 Etot   =    -38021.1039  EKtot   =     10035.7451  EPtot      =    -48056.8490
 BOND   =       371.9969  ANGLE   =      1069.6969  DIHED      =      1349.3249
 1-4 NB =       450.2740  1-4 EEL =      6270.9003  VDWAALS    =      5363.7666
 EELEC  =    -63034.1875  EHBOND  =         0.0000  RESTRAINT  =       101.3788
 EAMBER (non-restraint)  =    -48158.2278
 ------------------------------------------------------------------------------

wrapping first mol.:       20.88048       29.52946       51.14652
wrapping first mol.:       20.88048       29.52946       51.14652

 NSTEP =    41500   TIME(PS) =    1023.000  TEMP(K) =   296.56  PRESS =     0.0
 Etot   =    -38103.9667  EKtot   =      9908.1191  EPtot      =    -48012.0858
 BOND   =       363.4007  ANGLE   =      1060.3719  DIHED      =      1364.0190
 1-4 NB =       444.2974  1-4 EEL =      6306.8086  VDWAALS    =      5424.9800
 EELEC  =    -63077.6317  EHBOND  =         0.0000  RESTRAINT  =       101.6683
 EAMBER (non-restraint)  =    -48113.7541
 ------------------------------------------------------------------------------

wrapping first mol.:       20.88048       29.52946       51.14652
wrapping first mol.:       20.88048       29.52946       51.14652

 NSTEP =    42000   TIME(PS) =    1024.000  TEMP(K) =   301.52  PRESS =     0.0
 Etot   =    -37838.8750  EKtot   =     10074.0156  EPtot      =    -47912.8906
 BOND   =       363.4030  ANGLE   =      1074.5185  DIHED      =      1354.7242
 1-4 NB =       453.6895  1-4 EEL =      6271.8977  VDWAALS    =      5288.7485
 EELEC  =    -62820.8612  EHBOND  =         0.0000  RESTRAINT  =       100.9891
 EAMBER (non-restraint)  =    -48013.8797
 ------------------------------------------------------------------------------

wrapping first mol.:       20.88048       29.52946       51.14652
wrapping first mol.:       20.88048       29.52946       51.14652

 NSTEP =    42500   TIME(PS) =    1025.000  TEMP(K) =   297.43  PRESS =     0.0
 Etot   =    -38258.0289  EKtot   =      9937.4941  EPtot      =    -48195.5231
 BOND   =       365.5538  ANGLE   =      1025.9046  DIHED      =      1357.5591
 1-4 NB =       452.7814  1-4 EEL =      6297.6572  VDWAALS    =      5419.2769
 EELEC  =    -63216.2998  EHBOND  =         0.0000  RESTRAINT  =       102.0437
 EAMBER (non-restraint)  =    -48297.5668
 ------------------------------------------------------------------------------

wrapping first mol.:       20.88048       29.52946       51.14652
wrapping first mol.:       20.88048       29.52946       51.14652

 NSTEP =    43000   TIME(PS) =    1026.000  TEMP(K) =   300.25  PRESS =     0.0
 Etot   =    -38004.5259  EKtot   =     10031.4717  EPtot      =    -48035.9976
 BOND   =       351.6507  ANGLE   =      1038.7355  DIHED      =      1344.4245
 1-4 NB =       459.5554  1-4 EEL =      6304.6209  VDWAALS    =      5578.8023
 EELEC  =    -63212.1467  EHBOND  =         0.0000  RESTRAINT  =        98.3599
 EAMBER (non-restraint)  =    -48134.3575
 ------------------------------------------------------------------------------

wrapping first mol.:       20.88048       29.52946       51.14652
wrapping first mol.:       20.88048       29.52946       51.14652

 NSTEP =    43500   TIME(PS) =    1027.000  TEMP(K) =   300.60  PRESS =     0.0
 Etot   =    -38043.8532  EKtot   =     10043.2754  EPtot      =    -48087.1286
 BOND   =       353.6338  ANGLE   =      1081.8650  DIHED      =      1345.9525
 1-4 NB =       445.3983  1-4 EEL =      6292.5806  VDWAALS    =      5399.0416
 EELEC  =    -63118.0433  EHBOND  =         0.0000  RESTRAINT  =       112.4429
 EAMBER (non-restraint)  =    -48199.5715
 ------------------------------------------------------------------------------

wrapping first mol.:       20.88048       29.52946       51.14652
wrapping first mol.:       20.88048       29.52946       51.14652

 NSTEP =    44000   TIME(PS) =    1028.000  TEMP(K) =   300.54  PRESS =     0.0
 Etot   =    -38078.7188  EKtot   =     10041.2959  EPtot      =    -48120.0147
 BOND   =       356.1757  ANGLE   =      1003.2462  DIHED      =      1345.3417
 1-4 NB =       457.7515  1-4 EEL =      6284.2217  VDWAALS    =      5263.3260
 EELEC  =    -62939.8687  EHBOND  =         0.0000  RESTRAINT  =       109.7911
 EAMBER (non-restraint)  =    -48229.8058
 ------------------------------------------------------------------------------

wrapping first mol.:       20.88048       29.52946       51.14652
wrapping first mol.:       20.88048       29.52946       51.14652

 NSTEP =    44500   TIME(PS) =    1029.000  TEMP(K) =   301.50  PRESS =     0.0
 Etot   =    -37955.4361  EKtot   =     10073.3682  EPtot      =    -48028.8043
 BOND   =       360.9365  ANGLE   =      1039.1748  DIHED      =      1352.9135
 1-4 NB =       440.1499  1-4 EEL =      6299.2889  VDWAALS    =      5234.6224
 EELEC  =    -62850.8361  EHBOND  =         0.0000  RESTRAINT  =        94.9459
 EAMBER (non-restraint)  =    -48123.7501
 ------------------------------------------------------------------------------

wrapping first mol.:       20.88048       29.52946       51.14652
wrapping first mol.:       20.88048       29.52946       51.14652

 NSTEP =    45000   TIME(PS) =    1030.000  TEMP(K) =   301.13  PRESS =     0.0
 Etot   =    -38179.5984  EKtot   =     10060.7949  EPtot      =    -48240.3933
 BOND   =       343.8374  ANGLE   =      1061.7144  DIHED      =      1346.9268
 1-4 NB =       443.4720  1-4 EEL =      6309.3719  VDWAALS    =      5292.3220
 EELEC  =    -63137.7261  EHBOND  =         0.0000  RESTRAINT  =        99.6883
 EAMBER (non-restraint)  =    -48340.0817
 ------------------------------------------------------------------------------

wrapping first mol.:       20.88048       29.52946       51.14652
wrapping first mol.:       20.88048       29.52946       51.14652

 NSTEP =    45500   TIME(PS) =    1031.000  TEMP(K) =   303.07  PRESS =     0.0
 Etot   =    -38018.9240  EKtot   =     10125.7100  EPtot      =    -48144.6339
 BOND   =       345.1585  ANGLE   =      1068.1016  DIHED      =      1372.5830
 1-4 NB =       445.4726  1-4 EEL =      6266.3770  VDWAALS    =      5320.9384
 EELEC  =    -63076.1579  EHBOND  =         0.0000  RESTRAINT  =       112.8929
 EAMBER (non-restraint)  =    -48257.5268
 ------------------------------------------------------------------------------

wrapping first mol.:       20.88048       29.52946       51.14652
wrapping first mol.:       20.88048       29.52946       51.14652

 NSTEP =    46000   TIME(PS) =    1032.000  TEMP(K) =   299.79  PRESS =     0.0
 Etot   =    -37995.4373  EKtot   =     10016.0273  EPtot      =    -48011.4647
 BOND   =       353.3336  ANGLE   =      1057.2757  DIHED      =      1364.3880
 1-4 NB =       445.1800  1-4 EEL =      6302.6432  VDWAALS    =      5342.7356
 EELEC  =    -62983.8838  EHBOND  =         0.0000  RESTRAINT  =       106.8630
 EAMBER (non-restraint)  =    -48118.3277
 ------------------------------------------------------------------------------

wrapping first mol.:       20.88048       29.52946       51.14652
wrapping first mol.:       20.88048       29.52946       51.14652

 NSTEP =    46500   TIME(PS) =    1033.000  TEMP(K) =   298.56  PRESS =     0.0
 Etot   =    -38251.1891  EKtot   =      9975.0186  EPtot      =    -48226.2076
 BOND   =       360.1278  ANGLE   =      1004.3027  DIHED      =      1354.3942
 1-4 NB =       473.4609  1-4 EEL =      6300.0298  VDWAALS    =      5439.9594
 EELEC  =    -63254.8988  EHBOND  =         0.0000  RESTRAINT  =        96.4163
 EAMBER (non-restraint)  =    -48322.6239
 ------------------------------------------------------------------------------

wrapping first mol.:       20.88048       29.52946       51.14652
wrapping first mol.:       20.88048       29.52946       51.14652

 NSTEP =    47000   TIME(PS) =    1034.000  TEMP(K) =   298.79  PRESS =     0.0
 Etot   =    -38047.6559  EKtot   =      9982.6592  EPtot      =    -48030.3151
 BOND   =       357.6727  ANGLE   =      1073.7186  DIHED      =      1354.6405
 1-4 NB =       461.0121  1-4 EEL =      6276.0349  VDWAALS    =      5307.2563
 EELEC  =    -62968.7497  EHBOND  =         0.0000  RESTRAINT  =       108.0997
 EAMBER (non-restraint)  =    -48138.4147
 ------------------------------------------------------------------------------

wrapping first mol.:       20.88048       29.52946       51.14652
wrapping first mol.:       20.88048       29.52946       51.14652

 NSTEP =    47500   TIME(PS) =    1035.000  TEMP(K) =   300.05  PRESS =     0.0
 Etot   =    -37936.5821  EKtot   =     10024.7920  EPtot      =    -47961.3741
 BOND   =       339.3283  ANGLE   =      1035.7088  DIHED      =      1360.2733
 1-4 NB =       470.4410  1-4 EEL =      6315.7565  VDWAALS    =      5386.2742
 EELEC  =    -62978.6870  EHBOND  =         0.0000  RESTRAINT  =       109.5308
 EAMBER (non-restraint)  =    -48070.9049
 ------------------------------------------------------------------------------

wrapping first mol.:       20.88048       29.52946       51.14652
wrapping first mol.:       20.88048       29.52946       51.14652

 NSTEP =    48000   TIME(PS) =    1036.000  TEMP(K) =   298.86  PRESS =     0.0
 Etot   =    -37900.3262  EKtot   =      9985.0156  EPtot      =    -47885.3418
 BOND   =       317.4840  ANGLE   =      1081.3391  DIHED      =      1341.1702
 1-4 NB =       464.9185  1-4 EEL =      6294.9069  VDWAALS    =      5310.4757
 EELEC  =    -62797.9497  EHBOND  =         0.0000  RESTRAINT  =       102.3136
 EAMBER (non-restraint)  =    -47987.6554
 ------------------------------------------------------------------------------

wrapping first mol.:       20.88048       29.52946       51.14652
wrapping first mol.:       20.88048       29.52946       51.14652

 NSTEP =    48500   TIME(PS) =    1037.000  TEMP(K) =   298.56  PRESS =     0.0
 Etot   =    -38090.8174  EKtot   =      9975.2432  EPtot      =    -48066.0605
 BOND   =       347.9681  ANGLE   =       991.5048  DIHED      =      1345.2846
 1-4 NB =       459.1566  1-4 EEL =      6324.7013  VDWAALS    =      5272.7040
 EELEC  =    -62907.0522  EHBOND  =         0.0000  RESTRAINT  =        99.6723
 EAMBER (non-restraint)  =    -48165.7328
 ------------------------------------------------------------------------------

wrapping first mol.:       20.88048       29.52946       51.14652
wrapping first mol.:       20.88048       29.52946       51.14652

 NSTEP =    49000   TIME(PS) =    1038.000  TEMP(K) =   298.11  PRESS =     0.0
 Etot   =    -38129.6560  EKtot   =      9960.1611  EPtot      =    -48089.8171
 BOND   =       357.8760  ANGLE   =      1065.4160  DIHED      =      1342.0084
 1-4 NB =       451.9133  1-4 EEL =      6331.5334  VDWAALS    =      5330.6589
 EELEC  =    -63079.8046  EHBOND  =         0.0000  RESTRAINT  =       110.5814
 EAMBER (non-restraint)  =    -48200.3986
 ------------------------------------------------------------------------------

wrapping first mol.:       20.88048       29.52946       51.14652
wrapping first mol.:       20.88048       29.52946       51.14652

 NSTEP =    49500   TIME(PS) =    1039.000  TEMP(K) =   299.67  PRESS =     0.0
 Etot   =    -38005.6876  EKtot   =     10012.2959  EPtot      =    -48017.9835
 BOND   =       306.9993  ANGLE   =      1050.0952  DIHED      =      1354.9779
 1-4 NB =       470.4309  1-4 EEL =      6309.6251  VDWAALS    =      5246.0777
 EELEC  =    -62855.9782  EHBOND  =         0.0000  RESTRAINT  =        99.7887
 EAMBER (non-restraint)  =    -48117.7721
 ------------------------------------------------------------------------------

wrapping first mol.:       20.88048       29.52946       51.14652
wrapping first mol.:       20.88048       29.52946       51.14652

 NSTEP =    50000   TIME(PS) =    1040.000  TEMP(K) =   302.09  PRESS =     0.0
 Etot   =    -38004.8711  EKtot   =     10093.1709  EPtot      =    -48098.0420
 BOND   =       339.8830  ANGLE   =      1052.3455  DIHED      =      1345.2557
 1-4 NB =       449.6513  1-4 EEL =      6342.9361  VDWAALS    =      5491.4066
 EELEC  =    -63224.4767  EHBOND  =         0.0000  RESTRAINT  =       104.9564
 EAMBER (non-restraint)  =    -48202.9985
 ------------------------------------------------------------------------------


      A V E R A G E S   O V E R     100 S T E P S


 NSTEP =    50000   TIME(PS) =    1040.000  TEMP(K) =   299.90  PRESS =     0.0
 Etot   =    -38038.5633  EKtot   =     10019.9426  EPtot      =    -48058.5059
 BOND   =       349.7766  ANGLE   =      1051.5079  DIHED      =      1354.6343
 1-4 NB =       451.0898  1-4 EEL =      6307.2574  VDWAALS    =      5376.8519
 EELEC  =    -63051.6671  EHBOND  =         0.0000  RESTRAINT  =       102.0434
 EAMBER (non-restraint)  =    -48160.5493
 ------------------------------------------------------------------------------


      R M S  F L U C T U A T I O N S


 NSTEP =    50000   TIME(PS) =    1040.000  TEMP(K) =     2.04  PRESS =     0.0
 Etot   =       118.1919  EKtot   =        68.1527  EPtot      =       103.5225
 BOND   =        15.1472  ANGLE   =        23.7852  DIHED      =        12.0660
 1-4 NB =         9.0020  1-4 EEL =        21.0849  VDWAALS    =       109.5039
 EELEC  =       169.9241  EHBOND  =         0.0000  RESTRAINT  =         6.2514
 EAMBER (non-restraint)  =        97.2711
 ------------------------------------------------------------------------------

--------------------------------------------------------------------------------
   5.  TIMINGS
--------------------------------------------------------------------------------

|  NonSetup CPU Time in Major Routines:
|
|     Routine           Sec        %
|     ------------------------------
|     Nonbond          13.78   36.08
|     Bond              0.00    0.00
|     Angle             0.00    0.00
|     Dihedral          0.00    0.00
|     Shake             0.86    2.26
|     RunMD            23.48   61.47
|     Other             0.07    0.19
|     ------------------------------
|     Total            38.20

|  PME Nonbond Pairlist CPU Time:
|
|     Routine              Sec        %
|     ---------------------------------
|     Set Up Cit           0.00    0.00
|     Build List           0.00    0.00
|     ---------------------------------
|     Total                0.00    0.00

|  PME Direct Force CPU Time:
|
|     Routine              Sec        %
|     ---------------------------------
|     NonBonded Calc       0.00    0.00
|     Exclude Masked       0.00    0.00
|     Other                0.02    0.05
|     ---------------------------------
|     Total                0.02    0.05

|  PME Reciprocal Force CPU Time:
|
|     Routine              Sec        %
|     ---------------------------------
|     1D bspline           0.00    0.00
|     Grid Charges         0.00    0.00
|     Scalar Sum           0.00    0.00
|     Gradient Sum         0.00    0.00
|     FFT                  0.00    0.00
|     ---------------------------------
|     Total                0.00    0.00

|  Final Performance Info:
|     -----------------------------------------------------
|     Average timings for last   49500 steps:
|     Elapsed(s) =      37.77 Per Step(ms) =       0.76
|         ns/day =     226.46   seconds/ns =     381.53
|
|     Average timings for all steps:
|     Elapsed(s) =      38.20 Per Step(ms) =       0.76
|         ns/day =     226.16   seconds/ns =     382.02
|     -----------------------------------------------------

|  Setup CPU time:            2.26 seconds
|  NonSetup CPU time:        38.20 seconds
|  Total CPU time:           40.46 seconds     0.01 hours

|  Setup wall time:           3    seconds
|  NonSetup wall time:       38    seconds
|  Total wall time:          41    seconds     0.01 hours
